<?xml version="1.0" encoding="UTF-8"?>
<testsuites name="Test Suite Notepad" time="21.171" tests="1" failures="0" errors="0">
   <testsuite name="Test Suite Notepad" tests="1" failures="0" errors="0" time="21.171" skipped="0" timestamp="21-03-2024T10:14:24" hostname="0517 - Pierrot" id="Test Suites/Test Suite Notepad">
      <properties>
         <property name="deviceName"/>
         <property name="devicePlatform" value=""/>
         <property name="logFolder" value="C:\\Users\\0517\\git\\LatihanKatalon1\\Reports\\20240321_101412\\Test Suite Notepad\\20240321_101412"/>
         <property name="logFiles" value="C:\\Users\\0517\\git\\LatihanKatalon1\\Reports\\20240321_101412\\Test Suite Notepad\\20240321_101412\\execution0.log"/>
         <property name="attachments" value=""/>
         <property name="hostName" value="0517 - Pierrot"/>
         <property name="hostAddress" value="192.168.96.2"/>
         <property name="desiredCapabilities" value="{}"/>
         <property name="os" value="Windows 10 64bit"/>
         <property name="katalonVersion" value="9.3.0.212"/>
      </properties>
      <testcase name="Test Cases/tes simpan notepad 1" time="20.334" classname="Test Cases/tes simpan notepad 1" status="PASSED">
         <system-out><![CDATA[21-03-2024T10:14:25 - [TEST_CASE][PASSED] - Test Cases/tes simpan notepad 1: Test Cases/tes simpan notepad 1

21-03-2024T10:14:25 - [TEST_STEP][PASSED] - startApplicationWithTitle("C:\Windows\System32\notepad.exe", "notepadplusplus"): The application at location: C:\Windows\System32\notepad.exe started.

21-03-2024T10:14:26 - [MESSAGE][INFO] - Starting application C:\Windows\System32\notepad.exe on the local machine at address http://127.0.0.1:4723

21-03-2024T10:14:29 - [MESSAGE][PASSED] - The application at location: C:\Windows\System32\notepad.exe started.

21-03-2024T10:14:29 - [TEST_STEP][PASSED] - setText(findWindowsObject("Object Repository/desktop notepad/Edit"), "tes simpan notepad"): Text tes simpan notepad is set

21-03-2024T10:14:31 - [MESSAGE][PASSED] - Text tes simpan notepad is set

21-03-2024T10:14:31 - [TEST_STEP][PASSED] - closeApplication(): Fire Close event sucessfully.

21-03-2024T10:14:36 - [MESSAGE][PASSED] - Fire Close event sucessfully.

21-03-2024T10:14:36 - [TEST_STEP][PASSED] - click(findWindowsObject("Object Repository/desktop notepad/Button")): Click on element: Object Repository/desktop notepad/Button succesfully

21-03-2024T10:14:36 - [MESSAGE][INFO] - Clicking on element: Object Repository/desktop notepad/Button

21-03-2024T10:14:37 - [MESSAGE][PASSED] - Click on element: Object Repository/desktop notepad/Button succesfully

21-03-2024T10:14:37 - [TEST_STEP][PASSED] - setText(findWindowsObject("Object Repository/desktop notepad/Edit(1)"), "tes simpan notepad"): Text tes simpan notepad is set

21-03-2024T10:14:44 - [MESSAGE][PASSED] - Text tes simpan notepad is set

21-03-2024T10:14:44 - [TEST_STEP][PASSED] - click(findWindowsObject("Object Repository/desktop notepad/Button(1)")): Click on element: Object Repository/desktop notepad/Button(1) succesfully

21-03-2024T10:14:45 - [MESSAGE][INFO] - Clicking on element: Object Repository/desktop notepad/Button(1)

21-03-2024T10:14:45 - [MESSAGE][PASSED] - Click on element: Object Repository/desktop notepad/Button(1) succesfully]]></system-out>
         <system-err><![CDATA[]]></system-err>
      </testcase>
      <system-out><![CDATA[21-03-2024T10:14:24 - [TEST_SUITE][PASSED] - Test Suite Notepad: Test Cases/tes simpan notepad 1]]></system-out>
      <system-err><![CDATA[]]></system-err>
   </testsuite>
</testsuites>
