<?xml version="1.0" encoding="UTF-8"?>
<testsuites name="sun life" time="43.045" tests="3" failures="0" errors="0">
   <testsuite name="sun life" tests="3" failures="0" errors="0" time="43.045" skipped="0" timestamp="18-01-2024T15:42:06" hostname="0517 - Pierrot" id="Test Suites/sun life">
      <properties>
         <property name="deviceName" value=""/>
         <property name="devicePlatform" value=""/>
         <property name="logFolder" value="C:\\Users\\0517\\Katalon Studio\\poc bni\\Reports\\20240118_154155\\sun life\\20240118_154155"/>
         <property name="logFiles" value="C:\\Users\\0517\\Katalon Studio\\poc bni\\Reports\\20240118_154155\\sun life\\20240118_154155\\execution0.log"/>
         <property name="attachments" value=""/>
         <property name="hostName" value="0517 - Pierrot"/>
         <property name="os" value="Windows 10 64bit"/>
         <property name="katalonVersion" value="9.2.0.212"/>
         <property name="browser" value="Chrome 120.0.0.0"/>
         <property name="hostAddress" value="10.2.0.2"/>
         <property name="sessionId" value="d50d550e0799589ca016f3b6062d5913"/>
         <property name="seleniumVersion" value="3.141.59"/>
         <property name="proxyInformation" value="ProxyInformation { proxyOption=NO_PROXY, proxyServerType=HTTP, username=, password=********, proxyServerAddress=, proxyServerPort=0, executionList=&quot;&quot;, isApplyToDesiredCapabilities=true }"/>
         <property name="platform" value="Windows 10"/>
      </properties>
      <testcase name="Test Cases/login sunlife" time="21.783" classname="Test Cases/login sunlife" status="PASSED">
         <system-out><![CDATA[18-01-2024T15:42:07 - [TEST_CASE][PASSED] - Test Cases/login sunlife: Test Cases/login sunlife

18-01-2024T15:42:07 - [TEST_STEP][PASSED] - openBrowser(""): Browser is opened with url: ''

18-01-2024T15:42:08 - [MESSAGE][INFO] - Starting 'Chrome' driver

18-01-2024T15:42:08 - [MESSAGE][INFO] - Action delay is set to 0 milliseconds

18-01-2024T15:42:10 - [MESSAGE][PASSED] - Browser is opened with url: ''

18-01-2024T15:42:10 - [TEST_STEP][PASSED] - navigateToUrl("https://iglo-dev.ekreasi.com/msl/landing"): Navigate to 'https://iglo-dev.ekreasi.com/msl/landing' successfully

18-01-2024T15:42:13 - [MESSAGE][PASSED] - Navigate to 'https://iglo-dev.ekreasi.com/msl/landing' successfully

18-01-2024T15:42:13 - [TEST_STEP][PASSED] - click(findTestObject("Object Repository/Page Login Sun Life/Page_My Sun Life/button_Tidak")): Object: 'Object Repository/Page Login Sun Life/Page_My Sun Life/button_Tidak' is clicked on

18-01-2024T15:42:15 - [MESSAGE][PASSED] - Object: 'Object Repository/Page Login Sun Life/Page_My Sun Life/button_Tidak' is clicked on

18-01-2024T15:42:15 - [TEST_STEP][PASSED] - click(findTestObject("Object Repository/Page Login Sun Life/Page_My Sun Life/button_Log In")): Object: 'Object Repository/Page Login Sun Life/Page_My Sun Life/button_Log In' is clicked on

18-01-2024T15:42:16 - [MESSAGE][PASSED] - Object: 'Object Repository/Page Login Sun Life/Page_My Sun Life/button_Log In' is clicked on

18-01-2024T15:42:16 - [TEST_STEP][PASSED] - delay(10): Delayed 10 second(s)

18-01-2024T15:42:26 - [MESSAGE][PASSED] - Delayed 10 second(s)

18-01-2024T15:42:26 - [TEST_STEP][PASSED] - setText(findTestObject("Object Repository/Page Login Sun Life/Page_okta-dev-12789139 - Sign In/input_identifier"), "hari.sabintang@indocyber.id"): Text 'hari.sabintang@indocyber.id' is set on object 'Object Repository/Page Login Sun Life/Page_okta-dev-12789139 - Sign In/input_identifier'

18-01-2024T15:42:27 - [MESSAGE][PASSED] - Text 'hari.sabintang@indocyber.id' is set on object 'Object Repository/Page Login Sun Life/Page_okta-dev-12789139 - Sign In/input_identifier'

18-01-2024T15:42:27 - [TEST_STEP][PASSED] - setEncryptedText(findTestObject("Object Repository/Page Login Sun Life/Page_okta-dev-12789139 - Sign In/input_credentials.passcode"), "VpPqM6/QKln4pL8M9Th8UA=="): Text ****** has been set on object 'Object Repository/Page Login Sun Life/Page_okta-dev-12789139 - Sign In/input_credentials.passcode'

18-01-2024T15:42:28 - [MESSAGE][PASSED] - Text ****** has been set on object 'Object Repository/Page Login Sun Life/Page_okta-dev-12789139 - Sign In/input_credentials.passcode'

18-01-2024T15:42:28 - [TEST_STEP][PASSED] - click(findTestObject("Object Repository/Page Login Sun Life/Page_okta-dev-12789139 - Sign In/input_button button-primary")): Object: 'Object Repository/Page Login Sun Life/Page_okta-dev-12789139 - Sign In/input_button button-primary' is clicked on

18-01-2024T15:42:28 - [MESSAGE][PASSED] - Object: 'Object Repository/Page Login Sun Life/Page_okta-dev-12789139 - Sign In/input_button button-primary' is clicked on]]></system-out>
         <system-err><![CDATA[]]></system-err>
      </testcase>
      <testcase name="Test Cases/riwayat administrasi sunlife" time="18.131" classname="Test Cases/riwayat administrasi sunlife" status="PASSED">
         <system-out><![CDATA[18-01-2024T15:42:28 - [TEST_CASE][PASSED] - Test Cases/riwayat administrasi sunlife: Test Cases/riwayat administrasi sunlife

18-01-2024T15:42:29 - [TEST_STEP][PASSED] - delay(10): Delayed 10 second(s)

18-01-2024T15:42:39 - [MESSAGE][PASSED] - Delayed 10 second(s)

18-01-2024T15:42:39 - [TEST_STEP][PASSED] - click(findTestObject("Object Repository/Riwayat Administrasi Sun Life/Page_Beranda  My Sun Life/span_Semua Fitur")): Object: 'Object Repository/Riwayat Administrasi Sun Life/Page_Beranda  My Sun Life/span_Semua Fitur' is clicked on

18-01-2024T15:42:46 - [MESSAGE][PASSED] - Object: 'Object Repository/Riwayat Administrasi Sun Life/Page_Beranda  My Sun Life/span_Semua Fitur' is clicked on

18-01-2024T15:42:46 - [TEST_STEP][PASSED] - click(findTestObject("Object Repository/Riwayat Administrasi Sun Life/Page_Beranda  My Sun Life/div_Cek Riwayat Transaksi")): Object: 'Object Repository/Riwayat Administrasi Sun Life/Page_Beranda  My Sun Life/div_Cek Riwayat Transaksi' is clicked on

18-01-2024T15:42:46 - [MESSAGE][PASSED] - Object: 'Object Repository/Riwayat Administrasi Sun Life/Page_Beranda  My Sun Life/div_Cek Riwayat Transaksi' is clicked on

18-01-2024T15:42:46 - [TEST_STEP][PASSED] - click(findTestObject("Object Repository/Riwayat Administrasi Sun Life/Page_Cek Riwayat Transaksi  My Sun Life/a_Buka riwayat administrasi")): Object: 'Object Repository/Riwayat Administrasi Sun Life/Page_Cek Riwayat Transaksi  My Sun Life/a_Buka riwayat administrasi' is clicked on

18-01-2024T15:42:46 - [MESSAGE][PASSED] - Object: 'Object Repository/Riwayat Administrasi Sun Life/Page_Cek Riwayat Transaksi  My Sun Life/a_Buka riwayat administrasi' is clicked on]]></system-out>
         <system-err><![CDATA[]]></system-err>
      </testcase>
      <testcase name="Test Cases/riwayat klaim sunlife" time="2.774" classname="Test Cases/riwayat klaim sunlife" status="PASSED">
         <system-out><![CDATA[18-01-2024T15:42:46 - [TEST_CASE][PASSED] - Test Cases/riwayat klaim sunlife: Test Cases/riwayat klaim sunlife

18-01-2024T15:42:47 - [TEST_STEP][PASSED] - click(findTestObject("Object Repository/riwayat klaim sunlife/Page_Beranda  My Sun Life/span_Semua Fitur")): Object: 'Object Repository/riwayat klaim sunlife/Page_Beranda  My Sun Life/span_Semua Fitur' is clicked on

18-01-2024T15:42:48 - [MESSAGE][PASSED] - Object: 'Object Repository/riwayat klaim sunlife/Page_Beranda  My Sun Life/span_Semua Fitur' is clicked on

18-01-2024T15:42:48 - [TEST_STEP][PASSED] - click(findTestObject("Object Repository/riwayat klaim sunlife/Page_Beranda  My Sun Life/div_Cek Riwayat Transaksi")): Object: 'Object Repository/riwayat klaim sunlife/Page_Beranda  My Sun Life/div_Cek Riwayat Transaksi' is clicked on

18-01-2024T15:42:48 - [MESSAGE][PASSED] - Object: 'Object Repository/riwayat klaim sunlife/Page_Beranda  My Sun Life/div_Cek Riwayat Transaksi' is clicked on

18-01-2024T15:42:48 - [TEST_STEP][PASSED] - click(findTestObject("Object Repository/riwayat klaim sunlife/Page_Cek Riwayat Transaksi  My Sun Life/a_Buka riwayat klaim")): Object: 'Object Repository/riwayat klaim sunlife/Page_Cek Riwayat Transaksi  My Sun Life/a_Buka riwayat klaim' is clicked on

18-01-2024T15:42:49 - [MESSAGE][PASSED] - Object: 'Object Repository/riwayat klaim sunlife/Page_Cek Riwayat Transaksi  My Sun Life/a_Buka riwayat klaim' is clicked on

18-01-2024T15:42:49 - [TEST_STEP][PASSED] - closeBrowser(): Browser is closed

18-01-2024T15:42:49 - [MESSAGE][PASSED] - Browser is closed]]></system-out>
         <system-err><![CDATA[]]></system-err>
      </testcase>
      <system-out><![CDATA[18-01-2024T15:42:06 - [TEST_SUITE][PASSED] - sun life: Test Cases/riwayat klaim sunlife]]></system-out>
      <system-err><![CDATA[]]></system-err>
   </testsuite>
</testsuites>
