<?xml version="1.0" encoding="UTF-8"?>
<testsuites name="katalon demo" time="17.907" tests="2" failures="0" errors="0">
   <testsuite name="katalon demo" tests="2" failures="0" errors="0" time="17.907" skipped="0" timestamp="19-01-2024T16:11:58" hostname="0517 - Pierrot" id="Test Suites/katalon demo">
      <properties>
         <property name="deviceName" value=""/>
         <property name="devicePlatform" value=""/>
         <property name="logFolder" value="C:\\Users\\0517\\Katalon Studio\\poc bni\\Reports\\20240119_161148\\katalon demo\\20240119_161148"/>
         <property name="logFiles" value="C:\\Users\\0517\\Katalon Studio\\poc bni\\Reports\\20240119_161148\\katalon demo\\20240119_161148\\execution0.log"/>
         <property name="attachments" value=""/>
         <property name="hostName" value="0517 - Pierrot"/>
         <property name="os" value="Windows 10 64bit"/>
         <property name="katalonVersion" value="9.2.0.212"/>
         <property name="browser" value="Chrome 120.0.0.0"/>
         <property name="hostAddress" value="10.2.0.2"/>
         <property name="sessionId" value="74bf7d476d9a48af9b1a4df72a2a953c"/>
         <property name="seleniumVersion" value="3.141.59"/>
         <property name="proxyInformation" value="ProxyInformation { proxyOption=NO_PROXY, proxyServerType=HTTP, username=, password=********, proxyServerAddress=, proxyServerPort=0, executionList=&quot;&quot;, isApplyToDesiredCapabilities=true }"/>
         <property name="platform" value="Windows 10"/>
      </properties>
      <testcase name="Test Cases/Katalon Demo/login katalon demo" time="11.539" classname="Test Cases/Katalon Demo/login katalon demo" status="PASSED">
         <system-out><![CDATA[19-01-2024T16:11:58 - [TEST_CASE][PASSED] - Test Cases/Katalon Demo/login katalon demo: Test Cases/Katalon Demo/login katalon demo

19-01-2024T16:11:59 - [TEST_STEP][PASSED] - openBrowser(""): Browser is opened with url: ''

19-01-2024T16:11:59 - [MESSAGE][INFO] - Starting 'Chrome' driver

19-01-2024T16:11:59 - [MESSAGE][INFO] - Action delay is set to 0 milliseconds

19-01-2024T16:12:02 - [MESSAGE][PASSED] - Browser is opened with url: ''

19-01-2024T16:12:02 - [TEST_STEP][PASSED] - navigateToUrl("https://katalon-demo-cura.herokuapp.com/"): Navigate to 'https://katalon-demo-cura.herokuapp.com/' successfully

19-01-2024T16:12:03 - [MESSAGE][PASSED] - Navigate to 'https://katalon-demo-cura.herokuapp.com/' successfully

19-01-2024T16:12:03 - [TEST_STEP][PASSED] - click(findTestObject("Object Repository/katalon demo/Page_CURA Healthcare Service/amenu-toggle")): Object: 'Object Repository/katalon demo/Page_CURA Healthcare Service/amenu-toggle' is clicked on

19-01-2024T16:12:06 - [MESSAGE][PASSED] - Object: 'Object Repository/katalon demo/Page_CURA Healthcare Service/amenu-toggle' is clicked on

19-01-2024T16:12:06 - [TEST_STEP][PASSED] - click(findTestObject("Object Repository/katalon demo/Page_CURA Healthcare Service/a_Login")): Object: 'Object Repository/katalon demo/Page_CURA Healthcare Service/a_Login' is clicked on

19-01-2024T16:12:07 - [MESSAGE][PASSED] - Object: 'Object Repository/katalon demo/Page_CURA Healthcare Service/a_Login' is clicked on

19-01-2024T16:12:07 - [TEST_STEP][PASSED] - setText(findTestObject("Object Repository/katalon demo/Page_CURA Healthcare Service/input_username"), "John Doe"): Text 'John Doe' is set on object 'Object Repository/katalon demo/Page_CURA Healthcare Service/input_username'

19-01-2024T16:12:08 - [MESSAGE][PASSED] - Text 'John Doe' is set on object 'Object Repository/katalon demo/Page_CURA Healthcare Service/input_username'

19-01-2024T16:12:08 - [TEST_STEP][PASSED] - setEncryptedText(findTestObject("Object Repository/katalon demo/Page_CURA Healthcare Service/input_password"), "g3/DOGG74jC3Flrr3yH+3D/yKbOqqUNM"): Text ****** has been set on object 'Object Repository/katalon demo/Page_CURA Healthcare Service/input_password'

19-01-2024T16:12:09 - [MESSAGE][PASSED] - Text ****** has been set on object 'Object Repository/katalon demo/Page_CURA Healthcare Service/input_password'

19-01-2024T16:12:09 - [TEST_STEP][PASSED] - click(findTestObject("Object Repository/katalon demo/Page_CURA Healthcare Service/button_Login")): Object: 'Object Repository/katalon demo/Page_CURA Healthcare Service/button_Login' is clicked on

19-01-2024T16:12:10 - [MESSAGE][PASSED] - Object: 'Object Repository/katalon demo/Page_CURA Healthcare Service/button_Login' is clicked on]]></system-out>
         <system-err><![CDATA[]]></system-err>
      </testcase>
      <testcase name="Test Cases/Katalon Demo/make appointment katalon demo" time="6.025" classname="Test Cases/Katalon Demo/make appointment katalon demo" status="PASSED">
         <system-out><![CDATA[19-01-2024T16:12:10 - [TEST_CASE][PASSED] - Test Cases/Katalon Demo/make appointment katalon demo: Test Cases/Katalon Demo/make appointment katalon demo

19-01-2024T16:12:10 - [TEST_STEP][PASSED] - selectOptionByValue(findTestObject("Object Repository/katalon demo/Page_CURA Healthcare Service/select_Tokyo CURA Healthcare Center                            Hongkong CURA Healthcare Center                            Seoul CURA Healthcare Center"), "Hongkong CURA Healthcare Center", true): All options with value 'Hongkong CURA Healthcare Center' are selected in object 'Object Repository/katalon demo/Page_CURA Healthcare Service/select_Tokyo CURA Healthcare Center                            Hongkong CURA Healthcare Center                            Seoul CURA Healthcare Center'  using regular expression

19-01-2024T16:12:11 - [MESSAGE][PASSED] - All options with value 'Hongkong CURA Healthcare Center' are selected in object 'Object Repository/katalon demo/Page_CURA Healthcare Service/select_Tokyo CURA Healthcare Center                            Hongkong CURA Healthcare Center                            Seoul CURA Healthcare Center'  using regular expression

19-01-2024T16:12:11 - [TEST_STEP][PASSED] - click(findTestObject("Object Repository/katalon demo/Page_CURA Healthcare Service/label_Apply for hospital readmission")): Object: 'Object Repository/katalon demo/Page_CURA Healthcare Service/label_Apply for hospital readmission' is clicked on

19-01-2024T16:12:12 - [MESSAGE][PASSED] - Object: 'Object Repository/katalon demo/Page_CURA Healthcare Service/label_Apply for hospital readmission' is clicked on

19-01-2024T16:12:12 - [TEST_STEP][PASSED] - click(findTestObject("Object Repository/katalon demo/Page_CURA Healthcare Service/input_programs")): Object: 'Object Repository/katalon demo/Page_CURA Healthcare Service/input_programs' is clicked on

19-01-2024T16:12:12 - [MESSAGE][PASSED] - Object: 'Object Repository/katalon demo/Page_CURA Healthcare Service/input_programs' is clicked on

19-01-2024T16:12:12 - [TEST_STEP][PASSED] - click(findTestObject("Object Repository/katalon demo/Page_CURA Healthcare Service/span_glyphicon glyphicon-calendar")): Object: 'Object Repository/katalon demo/Page_CURA Healthcare Service/span_glyphicon glyphicon-calendar' is clicked on

19-01-2024T16:12:12 - [MESSAGE][PASSED] - Object: 'Object Repository/katalon demo/Page_CURA Healthcare Service/span_glyphicon glyphicon-calendar' is clicked on

19-01-2024T16:12:12 - [TEST_STEP][PASSED] - click(findTestObject("Object Repository/katalon demo/Page_CURA Healthcare Service/td_31")): Object: 'Object Repository/katalon demo/Page_CURA Healthcare Service/td_31' is clicked on

19-01-2024T16:12:13 - [MESSAGE][PASSED] - Object: 'Object Repository/katalon demo/Page_CURA Healthcare Service/td_31' is clicked on

19-01-2024T16:12:13 - [TEST_STEP][PASSED] - setText(findTestObject("Object Repository/katalon demo/Page_CURA Healthcare Service/textarea_comment"), "tes katalon demo"): Text 'tes katalon demo' is set on object 'Object Repository/katalon demo/Page_CURA Healthcare Service/textarea_comment'

19-01-2024T16:12:14 - [MESSAGE][PASSED] - Text 'tes katalon demo' is set on object 'Object Repository/katalon demo/Page_CURA Healthcare Service/textarea_comment'

19-01-2024T16:12:14 - [TEST_STEP][PASSED] - click(findTestObject("Object Repository/katalon demo/Page_CURA Healthcare Service/button_Book Appointment")): Object: 'Object Repository/katalon demo/Page_CURA Healthcare Service/button_Book Appointment' is clicked on

19-01-2024T16:12:14 - [MESSAGE][PASSED] - Object: 'Object Repository/katalon demo/Page_CURA Healthcare Service/button_Book Appointment' is clicked on

19-01-2024T16:12:14 - [TEST_STEP][PASSED] - click(findTestObject("Object Repository/katalon demo/Page_CURA Healthcare Service/a_Go to Homepage")): Object: 'Object Repository/katalon demo/Page_CURA Healthcare Service/a_Go to Homepage' is clicked on

19-01-2024T16:12:15 - [MESSAGE][PASSED] - Object: 'Object Repository/katalon demo/Page_CURA Healthcare Service/a_Go to Homepage' is clicked on

19-01-2024T16:12:15 - [TEST_STEP][PASSED] - verifyTextPresent("", false): Text '' is present on page 

19-01-2024T16:12:16 - [MESSAGE][PASSED] - Text '' is present on page]]></system-out>
         <system-err><![CDATA[]]></system-err>
      </testcase>
      <system-out><![CDATA[19-01-2024T16:11:58 - [TEST_SUITE][PASSED] - katalon demo: Test Cases/Katalon Demo/make appointment katalon demo]]></system-out>
      <system-err><![CDATA[]]></system-err>
   </testsuite>
</testsuites>
