<?xml version="1.0" encoding="UTF-8"?>
<testsuites name="New Test Suite" time="22.716" tests="2" failures="0" errors="0">
   <testsuite name="New Test Suite" tests="2" failures="0" errors="0" time="22.716" skipped="0" timestamp="15-01-2024T10:30:05" hostname="0517 - Pierrot" id="Test Suites/New Test Suite">
      <properties>
         <property name="deviceName" value=""/>
         <property name="devicePlatform" value=""/>
         <property name="logFolder" value="C:\\Users\\0517\\Katalon Studio\\poc bni\\Reports\\20240115_102956\\New Test Suite\\20240115_102956"/>
         <property name="logFiles" value="C:\\Users\\0517\\Katalon Studio\\poc bni\\Reports\\20240115_102956\\New Test Suite\\20240115_102956\\execution0.log"/>
         <property name="attachments" value=""/>
         <property name="hostName" value="0517 - Pierrot"/>
         <property name="os" value="Windows 10 64bit"/>
         <property name="katalonVersion" value="9.1.0.212"/>
         <property name="browser" value="Chrome 120.0.0.0"/>
         <property name="hostAddress" value="192.168.10.207"/>
         <property name="sessionId" value="4780cc9581e197f3781c0e95c0449c0d"/>
         <property name="seleniumVersion" value="3.141.59"/>
         <property name="proxyInformation" value="ProxyInformation { proxyOption=NO_PROXY, proxyServerType=HTTP, username=, password=********, proxyServerAddress=, proxyServerPort=0, executionList=&quot;&quot;, isApplyToDesiredCapabilities=true }"/>
         <property name="platform" value="Windows 10"/>
      </properties>
      <testcase name="Test Cases/login mma cms" time="7.985" classname="Test Cases/login mma cms" status="PASSED">
         <system-out><![CDATA[15-01-2024T10:30:06 - [TEST_CASE][PASSED] - Test Cases/login mma cms: Test Cases/login mma cms

15-01-2024T10:30:06 - [TEST_STEP][PASSED] - openBrowser(""): Browser is opened with url: ''

15-01-2024T10:30:07 - [MESSAGE][INFO] - Starting 'Chrome' driver

15-01-2024T10:30:07 - [MESSAGE][INFO] - Action delay is set to 0 milliseconds

15-01-2024T10:30:09 - [MESSAGE][PASSED] - Browser is opened with url: ''

15-01-2024T10:30:09 - [TEST_STEP][PASSED] - navigateToUrl("http://34.128.87.8:8082/login"): Navigate to 'http://34.128.87.8:8082/login' successfully

15-01-2024T10:30:12 - [MESSAGE][PASSED] - Navigate to 'http://34.128.87.8:8082/login' successfully

15-01-2024T10:30:12 - [TEST_STEP][PASSED] - setText(findTestObject("Object Repository/Page_Login  MMA CMS/input_email"), "admin@indocyber.com"): Text 'admin@indocyber.com' is set on object 'Object Repository/Page_Login  MMA CMS/input_email'

15-01-2024T10:30:13 - [MESSAGE][PASSED] - Text 'admin@indocyber.com' is set on object 'Object Repository/Page_Login  MMA CMS/input_email'

15-01-2024T10:30:13 - [TEST_STEP][PASSED] - setEncryptedText(findTestObject("Object Repository/Page_Login  MMA CMS/input_password"), "hUKwJTbofgPU9eVlw/CnDQ=="): Text ****** has been set on object 'Object Repository/Page_Login  MMA CMS/input_password'

15-01-2024T10:30:13 - [MESSAGE][PASSED] - Text ****** has been set on object 'Object Repository/Page_Login  MMA CMS/input_password'

15-01-2024T10:30:13 - [TEST_STEP][PASSED] - click(findTestObject("Object Repository/Page_Login  MMA CMS/button_Login")): Object: 'Object Repository/Page_Login  MMA CMS/button_Login' is clicked on

15-01-2024T10:30:14 - [MESSAGE][PASSED] - Object: 'Object Repository/Page_Login  MMA CMS/button_Login' is clicked on]]></system-out>
         <system-err><![CDATA[]]></system-err>
      </testcase>
      <testcase name="Test Cases/master news mma cms" time="14.387" classname="Test Cases/master news mma cms" status="PASSED">
         <system-out><![CDATA[15-01-2024T10:30:14 - [TEST_CASE][PASSED] - Test Cases/master news mma cms: Test Cases/master news mma cms

15-01-2024T10:30:14 - [TEST_STEP][PASSED] - click(findTestObject("Object Repository/Page_Master News  MMA CMS/a_Master News")): Object: 'Object Repository/Page_Master News  MMA CMS/a_Master News' is clicked on

15-01-2024T10:30:20 - [MESSAGE][PASSED] - Object: 'Object Repository/Page_Master News  MMA CMS/a_Master News' is clicked on

15-01-2024T10:30:20 - [TEST_STEP][PASSED] - click(findTestObject("Object Repository/Page_Master News  MMA CMS/button_Tambah                            News")): Object: 'Object Repository/Page_Master News  MMA CMS/button_Tambah                            News' is clicked on

15-01-2024T10:30:22 - [MESSAGE][PASSED] - Object: 'Object Repository/Page_Master News  MMA CMS/button_Tambah                            News' is clicked on

15-01-2024T10:30:22 - [TEST_STEP][PASSED] - selectOptionByValue(findTestObject("Object Repository/Page_Master News  MMA CMS/select_-- Choose category --        Calenda_e340c9"), "Calendar Event", true): All options with value 'Calendar Event' are selected in object 'Object Repository/Page_Master News  MMA CMS/select_-- Choose category --        Calenda_e340c9'  using regular expression

15-01-2024T10:30:24 - [MESSAGE][PASSED] - All options with value 'Calendar Event' are selected in object 'Object Repository/Page_Master News  MMA CMS/select_-- Choose category --        Calenda_e340c9'  using regular expression

15-01-2024T10:30:24 - [TEST_STEP][PASSED] - selectOptionByValue(findTestObject("Object Repository/Page_Master News  MMA CMS/select_-- Choose category --        Calenda_e340c9"), "Calendar Event", true): All options with value 'Calendar Event' are selected in object 'Object Repository/Page_Master News  MMA CMS/select_-- Choose category --        Calenda_e340c9'  using regular expression

15-01-2024T10:30:25 - [MESSAGE][PASSED] - All options with value 'Calendar Event' are selected in object 'Object Repository/Page_Master News  MMA CMS/select_-- Choose category --        Calenda_e340c9'  using regular expression

15-01-2024T10:30:25 - [TEST_STEP][PASSED] - setText(findTestObject("Object Repository/Page_Master News  MMA CMS/input_title"), "tes katalon"): Text 'tes katalon' is set on object 'Object Repository/Page_Master News  MMA CMS/input_title'

15-01-2024T10:30:25 - [MESSAGE][PASSED] - Text 'tes katalon' is set on object 'Object Repository/Page_Master News  MMA CMS/input_title'

15-01-2024T10:30:25 - [TEST_STEP][PASSED] - click(findTestObject("Object Repository/Page_Master News  MMA CMS/input_title")): Object: 'Object Repository/Page_Master News  MMA CMS/input_title' is clicked on

15-01-2024T10:30:26 - [MESSAGE][PASSED] - Object: 'Object Repository/Page_Master News  MMA CMS/input_title' is clicked on

15-01-2024T10:30:26 - [TEST_STEP][PASSED] - click(findTestObject("Object Repository/Page_Master News  MMA CMS/div_Tambah News                            _9766b0")): Object: 'Object Repository/Page_Master News  MMA CMS/div_Tambah News                            _9766b0' is clicked on

15-01-2024T10:30:26 - [MESSAGE][PASSED] - Object: 'Object Repository/Page_Master News  MMA CMS/div_Tambah News                            _9766b0' is clicked on

15-01-2024T10:30:26 - [TEST_STEP][PASSED] - setText(findTestObject("Object Repository/Page_Master News  MMA CMS/textarea_summary"), "tes katalon"): Text 'tes katalon' is set on object 'Object Repository/Page_Master News  MMA CMS/textarea_summary'

15-01-2024T10:30:27 - [MESSAGE][PASSED] - Text 'tes katalon' is set on object 'Object Repository/Page_Master News  MMA CMS/textarea_summary'

15-01-2024T10:30:27 - [TEST_STEP][PASSED] - click(findTestObject("Object Repository/Page_Master News  MMA CMS/p")): Object: 'Object Repository/Page_Master News  MMA CMS/p' is clicked on

15-01-2024T10:30:27 - [MESSAGE][PASSED] - Object: 'Object Repository/Page_Master News  MMA CMS/p' is clicked on

15-01-2024T10:30:27 - [TEST_STEP][PASSED] - click(findTestObject("Object Repository/Page_Master News  MMA CMS/input_isActive")): Object: 'Object Repository/Page_Master News  MMA CMS/input_isActive' is clicked on

15-01-2024T10:30:28 - [MESSAGE][PASSED] - Object: 'Object Repository/Page_Master News  MMA CMS/input_isActive' is clicked on

15-01-2024T10:30:28 - [TEST_STEP][PASSED] - click(findTestObject("Object Repository/Page_Master News  MMA CMS/button_Save")): Object: 'Object Repository/Page_Master News  MMA CMS/button_Save' is clicked on

15-01-2024T10:30:28 - [MESSAGE][PASSED] - Object: 'Object Repository/Page_Master News  MMA CMS/button_Save' is clicked on

15-01-2024T10:30:28 - [TEST_STEP][PASSED] - closeBrowser(): Browser is closed

15-01-2024T10:30:28 - [MESSAGE][PASSED] - Browser is closed]]></system-out>
         <system-err><![CDATA[]]></system-err>
      </testcase>
      <system-out><![CDATA[15-01-2024T10:30:05 - [TEST_SUITE][PASSED] - New Test Suite: Test Cases/master news mma cms]]></system-out>
      <system-err><![CDATA[]]></system-err>
   </testsuite>
</testsuites>
