<?xml version="1.0" encoding="UTF-8"?>
<testsuites name="New Test Suite Collection" time="2849.819" tests="160" failures="0" errors="0">
   <testsuite name="katalon demo" tests="8" failures="0" errors="0" time="144.28" skipped="0" timestamp="29-01-2024T22:22:34" hostname="0517 - Pierrot" id="Test Suites/katalon demo">
      <properties>
         <property name="deviceName" value=""/>
         <property name="devicePlatform" value=""/>
         <property name="logFolder" value="C:\\Users\\0517\\Katalon Studio\\poc bni\\Reports\\20240129_222034\\katalon demo\\20240129_222039"/>
         <property name="logFiles" value="C:\\Users\\0517\\Katalon Studio\\poc bni\\Reports\\20240129_222034\\katalon demo\\20240129_222039\\execution0.log"/>
         <property name="attachments" value="keyes\keyes-login katalon demo.png, keyes\keyes-appointment katalon demo.png, keyes\keyes-appointment 1 katalon demo.png, keyes\keyes-appointment 2 katalon demo.png, keyes\keyes-history katalon demo.png, keyes\keyes-profile katalon demo.png, keyes\keyes-logout katalon demo.png, keyes\keyes-negatif 1 login katalon demo.png, keyes\keyes-negatif 2 login katalon demo.png"/>
         <property name="hostName" value="0517 - Pierrot"/>
         <property name="os" value="Windows 10 64bit"/>
         <property name="katalonVersion" value="9.2.0.212"/>
         <property name="browser" value="Chrome 121.0.0.0"/>
         <property name="hostAddress" value="192.168.96.2"/>
         <property name="sessionId" value="f92d2aac314b437e59d35cce90ee5654"/>
         <property name="seleniumVersion" value="3.141.59"/>
         <property name="proxyInformation" value="ProxyInformation { proxyOption=NO_PROXY, proxyServerType=HTTP, username=, password=********, proxyServerAddress=, proxyServerPort=0, executionList=&quot;&quot;, isApplyToDesiredCapabilities=true }"/>
         <property name="platform" value="Windows 10"/>
      </properties>
      <testcase name="Test Cases/Katalon Demo/login katalon demo" time="24.62" classname="Test Cases/Katalon Demo/login katalon demo" status="PASSED">
         <system-out><![CDATA[29-01-2024T22:22:34 - [TEST_CASE][PASSED] - Test Cases/Katalon Demo/login katalon demo: Test Cases/Katalon Demo/login katalon demo

29-01-2024T22:22:35 - [TEST_STEP][PASSED] - openBrowser(""): Browser is opened with url: ''

29-01-2024T22:22:35 - [MESSAGE][INFO] - Starting 'Chrome' driver

29-01-2024T22:22:35 - [MESSAGE][INFO] - Action delay is set to 0 milliseconds

29-01-2024T22:22:37 - [MESSAGE][PASSED] - Browser is opened with url: ''

29-01-2024T22:22:37 - [TEST_STEP][PASSED] - navigateToUrl("https://katalon-demo-cura.herokuapp.com/"): Navigate to 'https://katalon-demo-cura.herokuapp.com/' successfully

29-01-2024T22:22:51 - [MESSAGE][PASSED] - Navigate to 'https://katalon-demo-cura.herokuapp.com/' successfully

29-01-2024T22:22:51 - [TEST_STEP][PASSED] - click(findTestObject("Object Repository/katalon demo/Page_CURA Healthcare Service/amenu-toggle")): Object: 'Object Repository/katalon demo/Page_CURA Healthcare Service/amenu-toggle' is clicked on

29-01-2024T22:22:51 - [MESSAGE][PASSED] - Object: 'Object Repository/katalon demo/Page_CURA Healthcare Service/amenu-toggle' is clicked on

29-01-2024T22:22:51 - [TEST_STEP][PASSED] - click(findTestObject("Object Repository/katalon demo/Page_CURA Healthcare Service/a_Login")): Object: 'Object Repository/katalon demo/Page_CURA Healthcare Service/a_Login' is clicked on

29-01-2024T22:22:54 - [MESSAGE][PASSED] - Object: 'Object Repository/katalon demo/Page_CURA Healthcare Service/a_Login' is clicked on

29-01-2024T22:22:54 - [TEST_STEP][PASSED] - setText(findTestObject("Object Repository/katalon demo/Page_CURA Healthcare Service/input_username"), "John Doe"): Text 'John Doe' is set on object 'Object Repository/katalon demo/Page_CURA Healthcare Service/input_username'

29-01-2024T22:22:55 - [MESSAGE][PASSED] - Text 'John Doe' is set on object 'Object Repository/katalon demo/Page_CURA Healthcare Service/input_username'

29-01-2024T22:22:55 - [TEST_STEP][PASSED] - setEncryptedText(findTestObject("Object Repository/katalon demo/Page_CURA Healthcare Service/input_password"), "g3/DOGG74jC3Flrr3yH+3D/yKbOqqUNM"): Text ****** has been set on object 'Object Repository/katalon demo/Page_CURA Healthcare Service/input_password'

29-01-2024T22:22:55 - [MESSAGE][PASSED] - Text ****** has been set on object 'Object Repository/katalon demo/Page_CURA Healthcare Service/input_password'

29-01-2024T22:22:55 - [TEST_STEP][PASSED] - takeScreenshotAsCheckpoint("login katalon demo", STOP_ON_FAILURE): Taking screenshot successfully

29-01-2024T22:22:56 - [MESSAGE][INFO] - 0 hidden object(s)

29-01-2024T22:22:56 - [MESSAGE][PASSED] - Taking screenshot successfully
[[ATTACHMENT|keyes\keyes-login katalon demo.png]]

29-01-2024T22:22:56 - [TEST_STEP][PASSED] - click(findTestObject("Object Repository/katalon demo/Page_CURA Healthcare Service/button_Login")): Object: 'Object Repository/katalon demo/Page_CURA Healthcare Service/button_Login' is clicked on

29-01-2024T22:22:59 - [MESSAGE][PASSED] - Object: 'Object Repository/katalon demo/Page_CURA Healthcare Service/button_Login' is clicked on]]></system-out>
         <system-err><![CDATA[]]></system-err>
      </testcase>
      <testcase name="Test Cases/Katalon Demo/make appointment katalon demo" time="6.743" classname="Test Cases/Katalon Demo/make appointment katalon demo" status="PASSED">
         <system-out><![CDATA[29-01-2024T22:22:59 - [TEST_CASE][PASSED] - Test Cases/Katalon Demo/make appointment katalon demo: Test Cases/Katalon Demo/make appointment katalon demo

29-01-2024T22:22:59 - [TEST_STEP][PASSED] - selectOptionByValue(findTestObject("Object Repository/katalon demo/Page_CURA Healthcare Service/select_Tokyo"), "Hongkong CURA Healthcare Center", true): All options with value 'Hongkong CURA Healthcare Center' are selected in object 'Object Repository/katalon demo/Page_CURA Healthcare Service/select_Tokyo'  using regular expression

29-01-2024T22:23:00 - [MESSAGE][PASSED] - All options with value 'Hongkong CURA Healthcare Center' are selected in object 'Object Repository/katalon demo/Page_CURA Healthcare Service/select_Tokyo'  using regular expression

29-01-2024T22:23:00 - [TEST_STEP][PASSED] - click(findTestObject("Object Repository/katalon demo/Page_CURA Healthcare Service/label_Apply for hospital readmission")): Object: 'Object Repository/katalon demo/Page_CURA Healthcare Service/label_Apply for hospital readmission' is clicked on

29-01-2024T22:23:01 - [MESSAGE][PASSED] - Object: 'Object Repository/katalon demo/Page_CURA Healthcare Service/label_Apply for hospital readmission' is clicked on

29-01-2024T22:23:01 - [TEST_STEP][PASSED] - click(findTestObject("Object Repository/katalon demo/Page_CURA Healthcare Service/input_programs")): Object: 'Object Repository/katalon demo/Page_CURA Healthcare Service/input_programs' is clicked on

29-01-2024T22:23:01 - [MESSAGE][PASSED] - Object: 'Object Repository/katalon demo/Page_CURA Healthcare Service/input_programs' is clicked on

29-01-2024T22:23:01 - [TEST_STEP][PASSED] - click(findTestObject("Object Repository/katalon demo/Page_CURA Healthcare Service/span_glyphicon glyphicon-calendar")): Object: 'Object Repository/katalon demo/Page_CURA Healthcare Service/span_glyphicon glyphicon-calendar' is clicked on

29-01-2024T22:23:01 - [MESSAGE][PASSED] - Object: 'Object Repository/katalon demo/Page_CURA Healthcare Service/span_glyphicon glyphicon-calendar' is clicked on

29-01-2024T22:23:01 - [TEST_STEP][PASSED] - click(findTestObject("Object Repository/katalon demo/Page_CURA Healthcare Service/td_31")): Object: 'Object Repository/katalon demo/Page_CURA Healthcare Service/td_31' is clicked on

29-01-2024T22:23:02 - [MESSAGE][PASSED] - Object: 'Object Repository/katalon demo/Page_CURA Healthcare Service/td_31' is clicked on

29-01-2024T22:23:02 - [TEST_STEP][PASSED] - setText(findTestObject("Object Repository/katalon demo/Page_CURA Healthcare Service/textarea_comment"), "tes katalon demo"): Text 'tes katalon demo' is set on object 'Object Repository/katalon demo/Page_CURA Healthcare Service/textarea_comment'

29-01-2024T22:23:03 - [MESSAGE][PASSED] - Text 'tes katalon demo' is set on object 'Object Repository/katalon demo/Page_CURA Healthcare Service/textarea_comment'

29-01-2024T22:23:03 - [TEST_STEP][PASSED] - click(findTestObject("Object Repository/katalon demo/Page_CURA Healthcare Service/button_Book Appointment")): Object: 'Object Repository/katalon demo/Page_CURA Healthcare Service/button_Book Appointment' is clicked on

29-01-2024T22:23:04 - [MESSAGE][PASSED] - Object: 'Object Repository/katalon demo/Page_CURA Healthcare Service/button_Book Appointment' is clicked on

29-01-2024T22:23:04 - [TEST_STEP][PASSED] - verifyTextPresent("Appointment Confirmation", false): Text 'Appointment Confirmation' is present on page 

29-01-2024T22:23:04 - [MESSAGE][PASSED] - Text 'Appointment Confirmation' is present on page 

29-01-2024T22:23:04 - [TEST_STEP][PASSED] - takeScreenshotAsCheckpoint("appointment katalon demo"): Taking screenshot successfully

29-01-2024T22:23:05 - [MESSAGE][INFO] - 0 hidden object(s)

29-01-2024T22:23:05 - [MESSAGE][PASSED] - Taking screenshot successfully
[[ATTACHMENT|keyes\keyes-appointment katalon demo.png]]

29-01-2024T22:23:05 - [TEST_STEP][PASSED] - click(findTestObject("Object Repository/katalon demo/Page_CURA Healthcare Service/a_Go to Homepage")): Object: 'Object Repository/katalon demo/Page_CURA Healthcare Service/a_Go to Homepage' is clicked on

29-01-2024T22:23:06 - [MESSAGE][PASSED] - Object: 'Object Repository/katalon demo/Page_CURA Healthcare Service/a_Go to Homepage' is clicked on]]></system-out>
         <system-err><![CDATA[]]></system-err>
      </testcase>
      <testcase name="Test Cases/Katalon Demo/make appointment katalon demo 1" time="7.611" classname="Test Cases/Katalon Demo/make appointment katalon demo 1" status="PASSED">
         <system-out><![CDATA[29-01-2024T22:23:06 - [TEST_CASE][PASSED] - Test Cases/Katalon Demo/make appointment katalon demo 1: Test Cases/Katalon Demo/make appointment katalon demo 1

29-01-2024T22:23:06 - [TEST_STEP][PASSED] - selectOptionByValue(findTestObject("Object Repository/katalon demo/Page_CURA Healthcare Service/select_Tokyo"), "Seoul CURA Healthcare Center", true): All options with value 'Seoul CURA Healthcare Center' are selected in object 'Object Repository/katalon demo/Page_CURA Healthcare Service/select_Tokyo'  using regular expression

29-01-2024T22:23:07 - [MESSAGE][PASSED] - All options with value 'Seoul CURA Healthcare Center' are selected in object 'Object Repository/katalon demo/Page_CURA Healthcare Service/select_Tokyo'  using regular expression

29-01-2024T22:23:07 - [TEST_STEP][PASSED] - click(findTestObject("Object Repository/katalon demo/Page_CURA Healthcare Service/input_hospital_readmission")): Object: 'Object Repository/katalon demo/Page_CURA Healthcare Service/input_hospital_readmission' is clicked on

29-01-2024T22:23:07 - [MESSAGE][PASSED] - Object: 'Object Repository/katalon demo/Page_CURA Healthcare Service/input_hospital_readmission' is clicked on

29-01-2024T22:23:07 - [TEST_STEP][PASSED] - click(findTestObject("Object Repository/katalon demo/Page_CURA Healthcare Service/input_programs")): Object: 'Object Repository/katalon demo/Page_CURA Healthcare Service/input_programs' is clicked on

29-01-2024T22:23:07 - [MESSAGE][PASSED] - Object: 'Object Repository/katalon demo/Page_CURA Healthcare Service/input_programs' is clicked on

29-01-2024T22:23:07 - [TEST_STEP][PASSED] - click(findTestObject("Object Repository/katalon demo/Page_CURA Healthcare Service/span_glyphicon glyphicon-calendar")): Object: 'Object Repository/katalon demo/Page_CURA Healthcare Service/span_glyphicon glyphicon-calendar' is clicked on

29-01-2024T22:23:08 - [MESSAGE][PASSED] - Object: 'Object Repository/katalon demo/Page_CURA Healthcare Service/span_glyphicon glyphicon-calendar' is clicked on

29-01-2024T22:23:08 - [TEST_STEP][PASSED] - click(findTestObject("Object Repository/katalon demo/Page_CURA Healthcare Service/td_30")): Object: 'Object Repository/katalon demo/Page_CURA Healthcare Service/td_30' is clicked on

29-01-2024T22:23:08 - [MESSAGE][PASSED] - Object: 'Object Repository/katalon demo/Page_CURA Healthcare Service/td_30' is clicked on

29-01-2024T22:23:08 - [TEST_STEP][PASSED] - setText(findTestObject("Object Repository/katalon demo/Page_CURA Healthcare Service/textarea_comment"), "tes katalon"): Text 'tes katalon' is set on object 'Object Repository/katalon demo/Page_CURA Healthcare Service/textarea_comment'

29-01-2024T22:23:09 - [MESSAGE][PASSED] - Text 'tes katalon' is set on object 'Object Repository/katalon demo/Page_CURA Healthcare Service/textarea_comment'

29-01-2024T22:23:09 - [TEST_STEP][PASSED] - click(findTestObject("Object Repository/katalon demo/Page_CURA Healthcare Service/button_Book Appointment")): Object: 'Object Repository/katalon demo/Page_CURA Healthcare Service/button_Book Appointment' is clicked on

29-01-2024T22:23:11 - [MESSAGE][PASSED] - Object: 'Object Repository/katalon demo/Page_CURA Healthcare Service/button_Book Appointment' is clicked on

29-01-2024T22:23:11 - [TEST_STEP][PASSED] - verifyTextPresent("Appointment Confirmation", false): Text 'Appointment Confirmation' is present on page 

29-01-2024T22:23:11 - [MESSAGE][PASSED] - Text 'Appointment Confirmation' is present on page 

29-01-2024T22:23:11 - [TEST_STEP][PASSED] - takeScreenshotAsCheckpoint("appointment 1 katalon demo"): Taking screenshot successfully

29-01-2024T22:23:11 - [MESSAGE][INFO] - 0 hidden object(s)

29-01-2024T22:23:11 - [MESSAGE][PASSED] - Taking screenshot successfully
[[ATTACHMENT|keyes\keyes-appointment 1 katalon demo.png]]

29-01-2024T22:23:11 - [TEST_STEP][PASSED] - click(findTestObject("Object Repository/katalon demo/Page_CURA Healthcare Service/a_Go to Homepage")): Object: 'Object Repository/katalon demo/Page_CURA Healthcare Service/a_Go to Homepage' is clicked on

29-01-2024T22:23:13 - [MESSAGE][PASSED] - Object: 'Object Repository/katalon demo/Page_CURA Healthcare Service/a_Go to Homepage' is clicked on]]></system-out>
         <system-err><![CDATA[]]></system-err>
      </testcase>
      <testcase name="Test Cases/Katalon Demo/make appointment katalon demo 2" time="7.318" classname="Test Cases/Katalon Demo/make appointment katalon demo 2" status="PASSED">
         <system-out><![CDATA[29-01-2024T22:23:13 - [TEST_CASE][PASSED] - Test Cases/Katalon Demo/make appointment katalon demo 2: Test Cases/Katalon Demo/make appointment katalon demo 2

29-01-2024T22:23:13 - [TEST_STEP][PASSED] - click(findTestObject("Object Repository/katalon demo/Page_CURA Healthcare Service/label_Apply for hospital readmission")): Object: 'Object Repository/katalon demo/Page_CURA Healthcare Service/label_Apply for hospital readmission' is clicked on

29-01-2024T22:23:14 - [MESSAGE][PASSED] - Object: 'Object Repository/katalon demo/Page_CURA Healthcare Service/label_Apply for hospital readmission' is clicked on

29-01-2024T22:23:14 - [TEST_STEP][PASSED] - click(findTestObject("Object Repository/katalon demo/Page_CURA Healthcare Service/input_programs")): Object: 'Object Repository/katalon demo/Page_CURA Healthcare Service/input_programs' is clicked on

29-01-2024T22:23:14 - [MESSAGE][PASSED] - Object: 'Object Repository/katalon demo/Page_CURA Healthcare Service/input_programs' is clicked on

29-01-2024T22:23:14 - [TEST_STEP][PASSED] - click(findTestObject("Object Repository/katalon demo/Page_CURA Healthcare Service/input_visit_date")): Object: 'Object Repository/katalon demo/Page_CURA Healthcare Service/input_visit_date' is clicked on

29-01-2024T22:23:14 - [MESSAGE][PASSED] - Object: 'Object Repository/katalon demo/Page_CURA Healthcare Service/input_visit_date' is clicked on

29-01-2024T22:23:14 - [TEST_STEP][PASSED] - click(findTestObject("Object Repository/katalon demo/Page_CURA Healthcare Service/th_")): Object: 'Object Repository/katalon demo/Page_CURA Healthcare Service/th_' is clicked on

29-01-2024T22:23:15 - [MESSAGE][PASSED] - Object: 'Object Repository/katalon demo/Page_CURA Healthcare Service/th_' is clicked on

29-01-2024T22:23:15 - [TEST_STEP][PASSED] - click(findTestObject("Object Repository/katalon demo/Page_CURA Healthcare Service/td_28")): Object: 'Object Repository/katalon demo/Page_CURA Healthcare Service/td_28' is clicked on

29-01-2024T22:23:15 - [MESSAGE][PASSED] - Object: 'Object Repository/katalon demo/Page_CURA Healthcare Service/td_28' is clicked on

29-01-2024T22:23:15 - [TEST_STEP][PASSED] - setText(findTestObject("Object Repository/katalon demo/Page_CURA Healthcare Service/textarea_comment"), "tes katalon"): Text 'tes katalon' is set on object 'Object Repository/katalon demo/Page_CURA Healthcare Service/textarea_comment'

29-01-2024T22:23:16 - [MESSAGE][PASSED] - Text 'tes katalon' is set on object 'Object Repository/katalon demo/Page_CURA Healthcare Service/textarea_comment'

29-01-2024T22:23:16 - [TEST_STEP][PASSED] - click(findTestObject("Object Repository/katalon demo/Page_CURA Healthcare Service/button_Book Appointment")): Object: 'Object Repository/katalon demo/Page_CURA Healthcare Service/button_Book Appointment' is clicked on

29-01-2024T22:23:19 - [MESSAGE][PASSED] - Object: 'Object Repository/katalon demo/Page_CURA Healthcare Service/button_Book Appointment' is clicked on

29-01-2024T22:23:19 - [TEST_STEP][PASSED] - verifyTextPresent("Appointment Confirmation", false): Text 'Appointment Confirmation' is present on page 

29-01-2024T22:23:19 - [MESSAGE][PASSED] - Text 'Appointment Confirmation' is present on page 

29-01-2024T22:23:19 - [TEST_STEP][PASSED] - takeScreenshotAsCheckpoint("appointment 2 katalon demo"): Taking screenshot successfully

29-01-2024T22:23:19 - [MESSAGE][INFO] - 0 hidden object(s)

29-01-2024T22:23:20 - [MESSAGE][PASSED] - Taking screenshot successfully
[[ATTACHMENT|keyes\keyes-appointment 2 katalon demo.png]]

29-01-2024T22:23:20 - [TEST_STEP][PASSED] - click(findTestObject("Object Repository/katalon demo/Page_CURA Healthcare Service/a_Go to Homepage")): Object: 'Object Repository/katalon demo/Page_CURA Healthcare Service/a_Go to Homepage' is clicked on

29-01-2024T22:23:20 - [MESSAGE][PASSED] - Object: 'Object Repository/katalon demo/Page_CURA Healthcare Service/a_Go to Homepage' is clicked on]]></system-out>
         <system-err><![CDATA[]]></system-err>
      </testcase>
      <testcase name="Test Cases/Katalon Demo/history katalon demo" time="66.303" classname="Test Cases/Katalon Demo/history katalon demo" status="PASSED">
         <system-out><![CDATA[29-01-2024T22:23:20 - [TEST_CASE][PASSED] - Test Cases/Katalon Demo/history katalon demo: Test Cases/Katalon Demo/history katalon demo

29-01-2024T22:23:21 - [TEST_STEP][PASSED] - click(findTestObject("Object Repository/katalon demo/Page_CURA Healthcare Service/amenu-toggle")): Object: 'Object Repository/katalon demo/Page_CURA Healthcare Service/amenu-toggle' is clicked on

29-01-2024T22:23:21 - [MESSAGE][PASSED] - Object: 'Object Repository/katalon demo/Page_CURA Healthcare Service/amenu-toggle' is clicked on

29-01-2024T22:23:21 - [TEST_STEP][PASSED] - click(findTestObject("Object Repository/katalon demo/Page_CURA Healthcare Service/a_History")): Object: 'Object Repository/katalon demo/Page_CURA Healthcare Service/a_History' is clicked on

29-01-2024T22:23:22 - [MESSAGE][PASSED] - Object: 'Object Repository/katalon demo/Page_CURA Healthcare Service/a_History' is clicked on

29-01-2024T22:23:22 - [TEST_STEP][PASSED] - takeScreenshotAsCheckpoint("history katalon demo"): Taking screenshot successfully

29-01-2024T22:23:23 - [MESSAGE][INFO] - 0 hidden object(s)

29-01-2024T22:23:23 - [MESSAGE][PASSED] - Taking screenshot successfully
[[ATTACHMENT|keyes\keyes-history katalon demo.png]]

29-01-2024T22:23:23 - [TEST_STEP][PASSED] - scrollToElement(findTestObject("katalon demo/Page_CURA Healthcare Service/a_Go to Homepage"), 3): Scroll to object 'Object Repository/katalon demo/Page_CURA Healthcare Service/a_Go to Homepage' successfully

29-01-2024T22:23:54 - [MESSAGE][INFO] - Unable to find the element located by 'By.xpath: //section[@id='summary']/div/div/div[7]/p/a'. Please recheck the objects properties to make sure the desired element is located. 

29-01-2024T22:23:54 - [MESSAGE][WARNING] - [SELF-HEALING] Failed to find element with id 'Object Repository/katalon demo/Page_CURA Healthcare Service/a_Go to Homepage'. Try using Self-healing.

29-01-2024T22:23:54 - [MESSAGE][WARNING] - [SELF-HEALING] The current locator of test object 'Object Repository/katalon demo/Page_CURA Healthcare Service/a_Go to Homepage' was broken. Propose an alternative one: '//a[contains(text(),'Go to Homepage')]'.

29-01-2024T22:23:54 - [MESSAGE][PASSED] - Scroll to object 'Object Repository/katalon demo/Page_CURA Healthcare Service/a_Go to Homepage' successfully

29-01-2024T22:23:54 - [TEST_STEP][PASSED] - click(findTestObject("Object Repository/katalon demo/Page_CURA Healthcare Service/a_Go to Homepage")): Object: 'Object Repository/katalon demo/Page_CURA Healthcare Service/a_Go to Homepage' is clicked on

29-01-2024T22:24:26 - [MESSAGE][INFO] - Unable to find the element located by 'By.xpath: //section[@id='summary']/div/div/div[7]/p/a'. Please recheck the objects properties to make sure the desired element is located. 

29-01-2024T22:24:26 - [MESSAGE][WARNING] - [SELF-HEALING] Failed to find element with id 'Object Repository/katalon demo/Page_CURA Healthcare Service/a_Go to Homepage'. Try using Self-healing.

29-01-2024T22:24:26 - [MESSAGE][WARNING] - [SELF-HEALING] The current locator of test object 'Object Repository/katalon demo/Page_CURA Healthcare Service/a_Go to Homepage' was broken. Propose an alternative one: '//a[contains(text(),'Go to Homepage')]'.

29-01-2024T22:24:27 - [MESSAGE][PASSED] - Object: 'Object Repository/katalon demo/Page_CURA Healthcare Service/a_Go to Homepage' is clicked on]]></system-out>
         <system-err><![CDATA[]]></system-err>
      </testcase>
      <testcase name="Test Cases/Katalon Demo/profile katalon demo" time="4.005" classname="Test Cases/Katalon Demo/profile katalon demo" status="PASSED">
         <system-out><![CDATA[29-01-2024T22:24:27 - [TEST_CASE][PASSED] - Test Cases/Katalon Demo/profile katalon demo: Test Cases/Katalon Demo/profile katalon demo

29-01-2024T22:24:27 - [TEST_STEP][PASSED] - click(findTestObject("Object Repository/katalon demo/Page_CURA Healthcare Service/i_fa fa-bars")): Object: 'Object Repository/katalon demo/Page_CURA Healthcare Service/i_fa fa-bars' is clicked on

29-01-2024T22:24:27 - [MESSAGE][PASSED] - Object: 'Object Repository/katalon demo/Page_CURA Healthcare Service/i_fa fa-bars' is clicked on

29-01-2024T22:24:27 - [TEST_STEP][PASSED] - click(findTestObject("Object Repository/katalon demo/Page_CURA Healthcare Service/a_Profile")): Object: 'Object Repository/katalon demo/Page_CURA Healthcare Service/a_Profile' is clicked on

29-01-2024T22:24:28 - [MESSAGE][PASSED] - Object: 'Object Repository/katalon demo/Page_CURA Healthcare Service/a_Profile' is clicked on

29-01-2024T22:24:28 - [TEST_STEP][PASSED] - takeScreenshotAsCheckpoint("profile katalon demo"): Taking screenshot successfully

29-01-2024T22:24:29 - [MESSAGE][INFO] - 0 hidden object(s)

29-01-2024T22:24:29 - [MESSAGE][PASSED] - Taking screenshot successfully
[[ATTACHMENT|keyes\keyes-profile katalon demo.png]]

29-01-2024T22:24:29 - [TEST_STEP][PASSED] - click(findTestObject("Object Repository/katalon demo/Page_CURA Healthcare Service/i_fa fa-bars")): Object: 'Object Repository/katalon demo/Page_CURA Healthcare Service/i_fa fa-bars' is clicked on

29-01-2024T22:24:29 - [MESSAGE][PASSED] - Object: 'Object Repository/katalon demo/Page_CURA Healthcare Service/i_fa fa-bars' is clicked on

29-01-2024T22:24:29 - [TEST_STEP][PASSED] - click(findTestObject("Object Repository/katalon demo/Page_CURA Healthcare Service/a_Home")): Object: 'Object Repository/katalon demo/Page_CURA Healthcare Service/a_Home' is clicked on

29-01-2024T22:24:31 - [MESSAGE][PASSED] - Object: 'Object Repository/katalon demo/Page_CURA Healthcare Service/a_Home' is clicked on]]></system-out>
         <system-err><![CDATA[]]></system-err>
      </testcase>
      <testcase name="Test Cases/Katalon Demo/logout katalon demo" time="2.637" classname="Test Cases/Katalon Demo/logout katalon demo" status="PASSED">
         <system-out><![CDATA[29-01-2024T22:24:31 - [TEST_CASE][PASSED] - Test Cases/Katalon Demo/logout katalon demo: Test Cases/Katalon Demo/logout katalon demo

29-01-2024T22:24:31 - [TEST_STEP][PASSED] - click(findTestObject("Object Repository/katalon demo/Page_CURA Healthcare Service/i_fa fa-bars")): Object: 'Object Repository/katalon demo/Page_CURA Healthcare Service/i_fa fa-bars' is clicked on

29-01-2024T22:24:31 - [MESSAGE][PASSED] - Object: 'Object Repository/katalon demo/Page_CURA Healthcare Service/i_fa fa-bars' is clicked on

29-01-2024T22:24:31 - [TEST_STEP][PASSED] - takeScreenshotAsCheckpoint("logout katalon demo"): Taking screenshot successfully

29-01-2024T22:24:32 - [MESSAGE][INFO] - 0 hidden object(s)

29-01-2024T22:24:32 - [MESSAGE][PASSED] - Taking screenshot successfully
[[ATTACHMENT|keyes\keyes-logout katalon demo.png]]

29-01-2024T22:24:32 - [TEST_STEP][PASSED] - click(findTestObject("Object Repository/katalon demo/Page_CURA Healthcare Service/a_Logout")): Object: 'Object Repository/katalon demo/Page_CURA Healthcare Service/a_Logout' is clicked on

29-01-2024T22:24:33 - [MESSAGE][PASSED] - Object: 'Object Repository/katalon demo/Page_CURA Healthcare Service/a_Logout' is clicked on

29-01-2024T22:24:33 - [TEST_STEP][PASSED] - closeBrowser(): Browser is closed

29-01-2024T22:24:33 - [MESSAGE][PASSED] - Browser is closed]]></system-out>
         <system-err><![CDATA[]]></system-err>
      </testcase>
      <testcase name="Test Cases/Katalon Demo/negatif login katalon demo" time="24.73" classname="Test Cases/Katalon Demo/negatif login katalon demo" status="PASSED">
         <system-out><![CDATA[29-01-2024T22:24:33 - [TEST_CASE][PASSED] - Test Cases/Katalon Demo/negatif login katalon demo: Test Cases/Katalon Demo/negatif login katalon demo

29-01-2024T22:24:34 - [TEST_STEP][PASSED] - openBrowser(""): Browser is opened with url: ''

29-01-2024T22:24:34 - [MESSAGE][INFO] - Starting 'Chrome' driver

29-01-2024T22:24:34 - [MESSAGE][INFO] - Action delay is set to 0 milliseconds

29-01-2024T22:24:35 - [MESSAGE][PASSED] - Browser is opened with url: ''

29-01-2024T22:24:35 - [TEST_STEP][PASSED] - navigateToUrl("https://katalon-demo-cura.herokuapp.com/"): Navigate to 'https://katalon-demo-cura.herokuapp.com/' successfully

29-01-2024T22:24:40 - [MESSAGE][PASSED] - Navigate to 'https://katalon-demo-cura.herokuapp.com/' successfully

29-01-2024T22:24:40 - [TEST_STEP][PASSED] - click(findTestObject("Object Repository/katalon demo/Page_CURA Healthcare Service/amenu-toggle")): Object: 'Object Repository/katalon demo/Page_CURA Healthcare Service/amenu-toggle' is clicked on

29-01-2024T22:24:41 - [MESSAGE][PASSED] - Object: 'Object Repository/katalon demo/Page_CURA Healthcare Service/amenu-toggle' is clicked on

29-01-2024T22:24:41 - [TEST_STEP][PASSED] - click(findTestObject("Object Repository/katalon demo/Page_CURA Healthcare Service/a_Login")): Object: 'Object Repository/katalon demo/Page_CURA Healthcare Service/a_Login' is clicked on

29-01-2024T22:24:42 - [MESSAGE][PASSED] - Object: 'Object Repository/katalon demo/Page_CURA Healthcare Service/a_Login' is clicked on

29-01-2024T22:24:42 - [TEST_STEP][PASSED] - setText(findTestObject("Object Repository/katalon demo/Page_CURA Healthcare Service/input_username"), username1): Text 'aaaaa' is set on object 'Object Repository/katalon demo/Page_CURA Healthcare Service/input_username'

29-01-2024T22:24:42 - [MESSAGE][PASSED] - Text 'aaaaa' is set on object 'Object Repository/katalon demo/Page_CURA Healthcare Service/input_username'

29-01-2024T22:24:42 - [TEST_STEP][PASSED] - setText(findTestObject("Object Repository/katalon demo/Page_CURA Healthcare Service/input_password"), password1): Text 'aaaaaaaa' is set on object 'Object Repository/katalon demo/Page_CURA Healthcare Service/input_password'

29-01-2024T22:24:43 - [MESSAGE][PASSED] - Text 'aaaaaaaa' is set on object 'Object Repository/katalon demo/Page_CURA Healthcare Service/input_password'

29-01-2024T22:24:43 - [TEST_STEP][PASSED] - click(findTestObject("katalon demo/Page_CURA Healthcare Service/button_Login")): Object: 'Object Repository/katalon demo/Page_CURA Healthcare Service/button_Login' is clicked on

29-01-2024T22:24:45 - [MESSAGE][PASSED] - Object: 'Object Repository/katalon demo/Page_CURA Healthcare Service/button_Login' is clicked on

29-01-2024T22:24:45 - [TEST_STEP][PASSED] - verifyTextPresent("Login failed!", false): Text 'Login failed!' is present on page 

29-01-2024T22:24:45 - [MESSAGE][PASSED] - Text 'Login failed!' is present on page 

29-01-2024T22:24:45 - [TEST_STEP][PASSED] - takeScreenshotAsCheckpoint("negatif 1 login katalon demo"): Taking screenshot successfully

29-01-2024T22:24:46 - [MESSAGE][INFO] - 0 hidden object(s)

29-01-2024T22:24:46 - [MESSAGE][PASSED] - Taking screenshot successfully
[[ATTACHMENT|keyes\keyes-negatif 1 login katalon demo.png]]

29-01-2024T22:24:46 - [TEST_STEP][PASSED] - click(findTestObject("Object Repository/katalon demo/Page_CURA Healthcare Service/button_Login")): Object: 'Object Repository/katalon demo/Page_CURA Healthcare Service/button_Login' is clicked on

29-01-2024T22:24:55 - [MESSAGE][PASSED] - Object: 'Object Repository/katalon demo/Page_CURA Healthcare Service/button_Login' is clicked on

29-01-2024T22:24:55 - [TEST_STEP][PASSED] - setText(findTestObject("katalon demo/Page_CURA Healthcare Service/input_username"), username2): Text 'bbbbb' is set on object 'Object Repository/katalon demo/Page_CURA Healthcare Service/input_username'

29-01-2024T22:24:56 - [MESSAGE][PASSED] - Text 'bbbbb' is set on object 'Object Repository/katalon demo/Page_CURA Healthcare Service/input_username'

29-01-2024T22:24:56 - [TEST_STEP][PASSED] - setText(findTestObject("katalon demo/Page_CURA Healthcare Service/input_password"), password2): Text 'bbbbbbbb' is set on object 'Object Repository/katalon demo/Page_CURA Healthcare Service/input_password'

29-01-2024T22:24:56 - [MESSAGE][PASSED] - Text 'bbbbbbbb' is set on object 'Object Repository/katalon demo/Page_CURA Healthcare Service/input_password'

29-01-2024T22:24:56 - [TEST_STEP][PASSED] - click(findTestObject("katalon demo/Page_CURA Healthcare Service/button_Login")): Object: 'Object Repository/katalon demo/Page_CURA Healthcare Service/button_Login' is clicked on

29-01-2024T22:24:57 - [MESSAGE][PASSED] - Object: 'Object Repository/katalon demo/Page_CURA Healthcare Service/button_Login' is clicked on

29-01-2024T22:24:57 - [TEST_STEP][PASSED] - verifyTextPresent("Login failed!", false): Text 'Login failed!' is present on page 

29-01-2024T22:24:58 - [MESSAGE][PASSED] - Text 'Login failed!' is present on page 

29-01-2024T22:24:58 - [TEST_STEP][PASSED] - takeScreenshotAsCheckpoint("negatif 2 login katalon demo"): Taking screenshot successfully

29-01-2024T22:24:58 - [MESSAGE][INFO] - 0 hidden object(s)

29-01-2024T22:24:58 - [MESSAGE][PASSED] - Taking screenshot successfully
[[ATTACHMENT|keyes\keyes-negatif 2 login katalon demo.png]]]]></system-out>
         <system-err><![CDATA[]]></system-err>
      </testcase>
      <system-out><![CDATA[29-01-2024T22:22:34 - [TEST_SUITE][PASSED] - katalon demo: Test Cases/Katalon Demo/negatif login katalon demo]]></system-out>
      <system-err><![CDATA[]]></system-err>
   </testsuite>
   <testsuite name="katalon demo" tests="8" failures="0" errors="0" time="148.774" skipped="0" timestamp="29-01-2024T22:25:05" hostname="0517 - Pierrot" id="Test Suites/katalon demo">
      <properties>
         <property name="deviceName" value=""/>
         <property name="devicePlatform" value=""/>
         <property name="logFolder" value="C:\\Users\\0517\\Katalon Studio\\poc bni\\Reports\\20240129_222034\\katalon demo\\20240129_222045"/>
         <property name="logFiles" value="C:\\Users\\0517\\Katalon Studio\\poc bni\\Reports\\20240129_222034\\katalon demo\\20240129_222045\\execution0.log"/>
         <property name="attachments" value="keyes\keyes-login katalon demo.png, keyes\keyes-appointment katalon demo.png, keyes\keyes-appointment 1 katalon demo.png, keyes\keyes-appointment 2 katalon demo.png, keyes\keyes-history katalon demo.png, keyes\keyes-profile katalon demo.png, keyes\keyes-logout katalon demo.png, keyes\keyes-negatif 1 login katalon demo.png, C:\\Users\\0517\\Katalon Studio\\poc bni\\Reports\\20240129_222034\\katalon demo\\20240129_222045\\1706542033148.png, keyes\keyes-negatif 1 login katalon demo.png, keyes\keyes-negatif 2 login katalon demo.png"/>
         <property name="hostName" value="0517 - Pierrot"/>
         <property name="os" value="Windows 10 64bit"/>
         <property name="katalonVersion" value="9.2.0.212"/>
         <property name="browser" value="Chrome 121.0.0.0"/>
         <property name="hostAddress" value="192.168.96.2"/>
         <property name="sessionId" value="c07f7c7739849b1f253f583d53b5633e"/>
         <property name="seleniumVersion" value="3.141.59"/>
         <property name="proxyInformation" value="ProxyInformation { proxyOption=NO_PROXY, proxyServerType=HTTP, username=, password=********, proxyServerAddress=, proxyServerPort=0, executionList=&quot;&quot;, isApplyToDesiredCapabilities=true }"/>
         <property name="platform" value="Windows 10"/>
      </properties>
      <testcase name="Test Cases/Katalon Demo/login katalon demo" time="13.588" classname="Test Cases/Katalon Demo/login katalon demo" status="PASSED">
         <system-out><![CDATA[29-01-2024T22:25:06 - [TEST_CASE][PASSED] - Test Cases/Katalon Demo/login katalon demo: Test Cases/Katalon Demo/login katalon demo

29-01-2024T22:25:06 - [TEST_STEP][PASSED] - openBrowser(""): Browser is opened with url: ''

29-01-2024T22:25:06 - [MESSAGE][INFO] - Starting 'Chrome' driver

29-01-2024T22:25:07 - [MESSAGE][INFO] - Action delay is set to 0 milliseconds

29-01-2024T22:25:09 - [MESSAGE][PASSED] - Browser is opened with url: ''

29-01-2024T22:25:09 - [TEST_STEP][PASSED] - navigateToUrl("https://katalon-demo-cura.herokuapp.com/"): Navigate to 'https://katalon-demo-cura.herokuapp.com/' successfully

29-01-2024T22:25:15 - [MESSAGE][PASSED] - Navigate to 'https://katalon-demo-cura.herokuapp.com/' successfully

29-01-2024T22:25:15 - [TEST_STEP][PASSED] - click(findTestObject("Object Repository/katalon demo/Page_CURA Healthcare Service/amenu-toggle")): Object: 'Object Repository/katalon demo/Page_CURA Healthcare Service/amenu-toggle' is clicked on

29-01-2024T22:25:15 - [MESSAGE][PASSED] - Object: 'Object Repository/katalon demo/Page_CURA Healthcare Service/amenu-toggle' is clicked on

29-01-2024T22:25:15 - [TEST_STEP][PASSED] - click(findTestObject("Object Repository/katalon demo/Page_CURA Healthcare Service/a_Login")): Object: 'Object Repository/katalon demo/Page_CURA Healthcare Service/a_Login' is clicked on

29-01-2024T22:25:16 - [MESSAGE][PASSED] - Object: 'Object Repository/katalon demo/Page_CURA Healthcare Service/a_Login' is clicked on

29-01-2024T22:25:16 - [TEST_STEP][PASSED] - setText(findTestObject("Object Repository/katalon demo/Page_CURA Healthcare Service/input_username"), "John Doe"): Text 'John Doe' is set on object 'Object Repository/katalon demo/Page_CURA Healthcare Service/input_username'

29-01-2024T22:25:17 - [MESSAGE][PASSED] - Text 'John Doe' is set on object 'Object Repository/katalon demo/Page_CURA Healthcare Service/input_username'

29-01-2024T22:25:17 - [TEST_STEP][PASSED] - setEncryptedText(findTestObject("Object Repository/katalon demo/Page_CURA Healthcare Service/input_password"), "g3/DOGG74jC3Flrr3yH+3D/yKbOqqUNM"): Text ****** has been set on object 'Object Repository/katalon demo/Page_CURA Healthcare Service/input_password'

29-01-2024T22:25:17 - [MESSAGE][PASSED] - Text ****** has been set on object 'Object Repository/katalon demo/Page_CURA Healthcare Service/input_password'

29-01-2024T22:25:17 - [TEST_STEP][PASSED] - takeScreenshotAsCheckpoint("login katalon demo", STOP_ON_FAILURE): Taking screenshot successfully

29-01-2024T22:25:18 - [MESSAGE][INFO] - 0 hidden object(s)

29-01-2024T22:25:18 - [MESSAGE][PASSED] - Taking screenshot successfully
[[ATTACHMENT|keyes\keyes-login katalon demo.png]]

29-01-2024T22:25:18 - [TEST_STEP][PASSED] - click(findTestObject("Object Repository/katalon demo/Page_CURA Healthcare Service/button_Login")): Object: 'Object Repository/katalon demo/Page_CURA Healthcare Service/button_Login' is clicked on

29-01-2024T22:25:19 - [MESSAGE][PASSED] - Object: 'Object Repository/katalon demo/Page_CURA Healthcare Service/button_Login' is clicked on]]></system-out>
         <system-err><![CDATA[]]></system-err>
      </testcase>
      <testcase name="Test Cases/Katalon Demo/make appointment katalon demo" time="8.458" classname="Test Cases/Katalon Demo/make appointment katalon demo" status="PASSED">
         <system-out><![CDATA[29-01-2024T22:25:19 - [TEST_CASE][PASSED] - Test Cases/Katalon Demo/make appointment katalon demo: Test Cases/Katalon Demo/make appointment katalon demo

29-01-2024T22:25:19 - [TEST_STEP][PASSED] - selectOptionByValue(findTestObject("Object Repository/katalon demo/Page_CURA Healthcare Service/select_Tokyo"), "Hongkong CURA Healthcare Center", true): All options with value 'Hongkong CURA Healthcare Center' are selected in object 'Object Repository/katalon demo/Page_CURA Healthcare Service/select_Tokyo'  using regular expression

29-01-2024T22:25:20 - [MESSAGE][PASSED] - All options with value 'Hongkong CURA Healthcare Center' are selected in object 'Object Repository/katalon demo/Page_CURA Healthcare Service/select_Tokyo'  using regular expression

29-01-2024T22:25:20 - [TEST_STEP][PASSED] - click(findTestObject("Object Repository/katalon demo/Page_CURA Healthcare Service/label_Apply for hospital readmission")): Object: 'Object Repository/katalon demo/Page_CURA Healthcare Service/label_Apply for hospital readmission' is clicked on

29-01-2024T22:25:21 - [MESSAGE][PASSED] - Object: 'Object Repository/katalon demo/Page_CURA Healthcare Service/label_Apply for hospital readmission' is clicked on

29-01-2024T22:25:21 - [TEST_STEP][PASSED] - click(findTestObject("Object Repository/katalon demo/Page_CURA Healthcare Service/input_programs")): Object: 'Object Repository/katalon demo/Page_CURA Healthcare Service/input_programs' is clicked on

29-01-2024T22:25:21 - [MESSAGE][PASSED] - Object: 'Object Repository/katalon demo/Page_CURA Healthcare Service/input_programs' is clicked on

29-01-2024T22:25:21 - [TEST_STEP][PASSED] - click(findTestObject("Object Repository/katalon demo/Page_CURA Healthcare Service/span_glyphicon glyphicon-calendar")): Object: 'Object Repository/katalon demo/Page_CURA Healthcare Service/span_glyphicon glyphicon-calendar' is clicked on

29-01-2024T22:25:22 - [MESSAGE][PASSED] - Object: 'Object Repository/katalon demo/Page_CURA Healthcare Service/span_glyphicon glyphicon-calendar' is clicked on

29-01-2024T22:25:22 - [TEST_STEP][PASSED] - click(findTestObject("Object Repository/katalon demo/Page_CURA Healthcare Service/td_31")): Object: 'Object Repository/katalon demo/Page_CURA Healthcare Service/td_31' is clicked on

29-01-2024T22:25:22 - [MESSAGE][PASSED] - Object: 'Object Repository/katalon demo/Page_CURA Healthcare Service/td_31' is clicked on

29-01-2024T22:25:22 - [TEST_STEP][PASSED] - setText(findTestObject("Object Repository/katalon demo/Page_CURA Healthcare Service/textarea_comment"), "tes katalon demo"): Text 'tes katalon demo' is set on object 'Object Repository/katalon demo/Page_CURA Healthcare Service/textarea_comment'

29-01-2024T22:25:23 - [MESSAGE][PASSED] - Text 'tes katalon demo' is set on object 'Object Repository/katalon demo/Page_CURA Healthcare Service/textarea_comment'

29-01-2024T22:25:23 - [TEST_STEP][PASSED] - click(findTestObject("Object Repository/katalon demo/Page_CURA Healthcare Service/button_Book Appointment")): Object: 'Object Repository/katalon demo/Page_CURA Healthcare Service/button_Book Appointment' is clicked on

29-01-2024T22:25:25 - [MESSAGE][PASSED] - Object: 'Object Repository/katalon demo/Page_CURA Healthcare Service/button_Book Appointment' is clicked on

29-01-2024T22:25:25 - [TEST_STEP][PASSED] - verifyTextPresent("Appointment Confirmation", false): Text 'Appointment Confirmation' is present on page 

29-01-2024T22:25:26 - [MESSAGE][PASSED] - Text 'Appointment Confirmation' is present on page 

29-01-2024T22:25:26 - [TEST_STEP][PASSED] - takeScreenshotAsCheckpoint("appointment katalon demo"): Taking screenshot successfully

29-01-2024T22:25:26 - [MESSAGE][INFO] - 0 hidden object(s)

29-01-2024T22:25:26 - [MESSAGE][PASSED] - Taking screenshot successfully
[[ATTACHMENT|keyes\keyes-appointment katalon demo.png]]

29-01-2024T22:25:26 - [TEST_STEP][PASSED] - click(findTestObject("Object Repository/katalon demo/Page_CURA Healthcare Service/a_Go to Homepage")): Object: 'Object Repository/katalon demo/Page_CURA Healthcare Service/a_Go to Homepage' is clicked on

29-01-2024T22:25:28 - [MESSAGE][PASSED] - Object: 'Object Repository/katalon demo/Page_CURA Healthcare Service/a_Go to Homepage' is clicked on]]></system-out>
         <system-err><![CDATA[]]></system-err>
      </testcase>
      <testcase name="Test Cases/Katalon Demo/make appointment katalon demo 1" time="5.983" classname="Test Cases/Katalon Demo/make appointment katalon demo 1" status="PASSED">
         <system-out><![CDATA[29-01-2024T22:25:28 - [TEST_CASE][PASSED] - Test Cases/Katalon Demo/make appointment katalon demo 1: Test Cases/Katalon Demo/make appointment katalon demo 1

29-01-2024T22:25:28 - [TEST_STEP][PASSED] - selectOptionByValue(findTestObject("Object Repository/katalon demo/Page_CURA Healthcare Service/select_Tokyo"), "Seoul CURA Healthcare Center", true): All options with value 'Seoul CURA Healthcare Center' are selected in object 'Object Repository/katalon demo/Page_CURA Healthcare Service/select_Tokyo'  using regular expression

29-01-2024T22:25:29 - [MESSAGE][PASSED] - All options with value 'Seoul CURA Healthcare Center' are selected in object 'Object Repository/katalon demo/Page_CURA Healthcare Service/select_Tokyo'  using regular expression

29-01-2024T22:25:29 - [TEST_STEP][PASSED] - click(findTestObject("Object Repository/katalon demo/Page_CURA Healthcare Service/input_hospital_readmission")): Object: 'Object Repository/katalon demo/Page_CURA Healthcare Service/input_hospital_readmission' is clicked on

29-01-2024T22:25:29 - [MESSAGE][PASSED] - Object: 'Object Repository/katalon demo/Page_CURA Healthcare Service/input_hospital_readmission' is clicked on

29-01-2024T22:25:29 - [TEST_STEP][PASSED] - click(findTestObject("Object Repository/katalon demo/Page_CURA Healthcare Service/input_programs")): Object: 'Object Repository/katalon demo/Page_CURA Healthcare Service/input_programs' is clicked on

29-01-2024T22:25:30 - [MESSAGE][PASSED] - Object: 'Object Repository/katalon demo/Page_CURA Healthcare Service/input_programs' is clicked on

29-01-2024T22:25:30 - [TEST_STEP][PASSED] - click(findTestObject("Object Repository/katalon demo/Page_CURA Healthcare Service/span_glyphicon glyphicon-calendar")): Object: 'Object Repository/katalon demo/Page_CURA Healthcare Service/span_glyphicon glyphicon-calendar' is clicked on

29-01-2024T22:25:30 - [MESSAGE][PASSED] - Object: 'Object Repository/katalon demo/Page_CURA Healthcare Service/span_glyphicon glyphicon-calendar' is clicked on

29-01-2024T22:25:30 - [TEST_STEP][PASSED] - click(findTestObject("Object Repository/katalon demo/Page_CURA Healthcare Service/td_30")): Object: 'Object Repository/katalon demo/Page_CURA Healthcare Service/td_30' is clicked on

29-01-2024T22:25:30 - [MESSAGE][PASSED] - Object: 'Object Repository/katalon demo/Page_CURA Healthcare Service/td_30' is clicked on

29-01-2024T22:25:30 - [TEST_STEP][PASSED] - setText(findTestObject("Object Repository/katalon demo/Page_CURA Healthcare Service/textarea_comment"), "tes katalon"): Text 'tes katalon' is set on object 'Object Repository/katalon demo/Page_CURA Healthcare Service/textarea_comment'

29-01-2024T22:25:31 - [MESSAGE][PASSED] - Text 'tes katalon' is set on object 'Object Repository/katalon demo/Page_CURA Healthcare Service/textarea_comment'

29-01-2024T22:25:31 - [TEST_STEP][PASSED] - click(findTestObject("Object Repository/katalon demo/Page_CURA Healthcare Service/button_Book Appointment")): Object: 'Object Repository/katalon demo/Page_CURA Healthcare Service/button_Book Appointment' is clicked on

29-01-2024T22:25:32 - [MESSAGE][PASSED] - Object: 'Object Repository/katalon demo/Page_CURA Healthcare Service/button_Book Appointment' is clicked on

29-01-2024T22:25:32 - [TEST_STEP][PASSED] - verifyTextPresent("Appointment Confirmation", false): Text 'Appointment Confirmation' is present on page 

29-01-2024T22:25:33 - [MESSAGE][PASSED] - Text 'Appointment Confirmation' is present on page 

29-01-2024T22:25:33 - [TEST_STEP][PASSED] - takeScreenshotAsCheckpoint("appointment 1 katalon demo"): Taking screenshot successfully

29-01-2024T22:25:33 - [MESSAGE][INFO] - 0 hidden object(s)

29-01-2024T22:25:33 - [MESSAGE][PASSED] - Taking screenshot successfully
[[ATTACHMENT|keyes\keyes-appointment 1 katalon demo.png]]

29-01-2024T22:25:33 - [TEST_STEP][PASSED] - click(findTestObject("Object Repository/katalon demo/Page_CURA Healthcare Service/a_Go to Homepage")): Object: 'Object Repository/katalon demo/Page_CURA Healthcare Service/a_Go to Homepage' is clicked on

29-01-2024T22:25:34 - [MESSAGE][PASSED] - Object: 'Object Repository/katalon demo/Page_CURA Healthcare Service/a_Go to Homepage' is clicked on]]></system-out>
         <system-err><![CDATA[]]></system-err>
      </testcase>
      <testcase name="Test Cases/Katalon Demo/make appointment katalon demo 2" time="5.356" classname="Test Cases/Katalon Demo/make appointment katalon demo 2" status="PASSED">
         <system-out><![CDATA[29-01-2024T22:25:34 - [TEST_CASE][PASSED] - Test Cases/Katalon Demo/make appointment katalon demo 2: Test Cases/Katalon Demo/make appointment katalon demo 2

29-01-2024T22:25:34 - [TEST_STEP][PASSED] - click(findTestObject("Object Repository/katalon demo/Page_CURA Healthcare Service/label_Apply for hospital readmission")): Object: 'Object Repository/katalon demo/Page_CURA Healthcare Service/label_Apply for hospital readmission' is clicked on

29-01-2024T22:25:34 - [MESSAGE][PASSED] - Object: 'Object Repository/katalon demo/Page_CURA Healthcare Service/label_Apply for hospital readmission' is clicked on

29-01-2024T22:25:34 - [TEST_STEP][PASSED] - click(findTestObject("Object Repository/katalon demo/Page_CURA Healthcare Service/input_programs")): Object: 'Object Repository/katalon demo/Page_CURA Healthcare Service/input_programs' is clicked on

29-01-2024T22:25:34 - [MESSAGE][PASSED] - Object: 'Object Repository/katalon demo/Page_CURA Healthcare Service/input_programs' is clicked on

29-01-2024T22:25:34 - [TEST_STEP][PASSED] - click(findTestObject("Object Repository/katalon demo/Page_CURA Healthcare Service/input_visit_date")): Object: 'Object Repository/katalon demo/Page_CURA Healthcare Service/input_visit_date' is clicked on

29-01-2024T22:25:35 - [MESSAGE][PASSED] - Object: 'Object Repository/katalon demo/Page_CURA Healthcare Service/input_visit_date' is clicked on

29-01-2024T22:25:35 - [TEST_STEP][PASSED] - click(findTestObject("Object Repository/katalon demo/Page_CURA Healthcare Service/th_")): Object: 'Object Repository/katalon demo/Page_CURA Healthcare Service/th_' is clicked on

29-01-2024T22:25:35 - [MESSAGE][PASSED] - Object: 'Object Repository/katalon demo/Page_CURA Healthcare Service/th_' is clicked on

29-01-2024T22:25:35 - [TEST_STEP][PASSED] - click(findTestObject("Object Repository/katalon demo/Page_CURA Healthcare Service/td_28")): Object: 'Object Repository/katalon demo/Page_CURA Healthcare Service/td_28' is clicked on

29-01-2024T22:25:36 - [MESSAGE][PASSED] - Object: 'Object Repository/katalon demo/Page_CURA Healthcare Service/td_28' is clicked on

29-01-2024T22:25:36 - [TEST_STEP][PASSED] - setText(findTestObject("Object Repository/katalon demo/Page_CURA Healthcare Service/textarea_comment"), "tes katalon"): Text 'tes katalon' is set on object 'Object Repository/katalon demo/Page_CURA Healthcare Service/textarea_comment'

29-01-2024T22:25:37 - [MESSAGE][PASSED] - Text 'tes katalon' is set on object 'Object Repository/katalon demo/Page_CURA Healthcare Service/textarea_comment'

29-01-2024T22:25:37 - [TEST_STEP][PASSED] - click(findTestObject("Object Repository/katalon demo/Page_CURA Healthcare Service/button_Book Appointment")): Object: 'Object Repository/katalon demo/Page_CURA Healthcare Service/button_Book Appointment' is clicked on

29-01-2024T22:25:38 - [MESSAGE][PASSED] - Object: 'Object Repository/katalon demo/Page_CURA Healthcare Service/button_Book Appointment' is clicked on

29-01-2024T22:25:38 - [TEST_STEP][PASSED] - verifyTextPresent("Appointment Confirmation", false): Text 'Appointment Confirmation' is present on page 

29-01-2024T22:25:38 - [MESSAGE][PASSED] - Text 'Appointment Confirmation' is present on page 

29-01-2024T22:25:38 - [TEST_STEP][PASSED] - takeScreenshotAsCheckpoint("appointment 2 katalon demo"): Taking screenshot successfully

29-01-2024T22:25:38 - [MESSAGE][INFO] - 0 hidden object(s)

29-01-2024T22:25:38 - [MESSAGE][PASSED] - Taking screenshot successfully
[[ATTACHMENT|keyes\keyes-appointment 2 katalon demo.png]]

29-01-2024T22:25:38 - [TEST_STEP][PASSED] - click(findTestObject("Object Repository/katalon demo/Page_CURA Healthcare Service/a_Go to Homepage")): Object: 'Object Repository/katalon demo/Page_CURA Healthcare Service/a_Go to Homepage' is clicked on

29-01-2024T22:25:39 - [MESSAGE][PASSED] - Object: 'Object Repository/katalon demo/Page_CURA Healthcare Service/a_Go to Homepage' is clicked on]]></system-out>
         <system-err><![CDATA[]]></system-err>
      </testcase>
      <testcase name="Test Cases/Katalon Demo/history katalon demo" time="66.138" classname="Test Cases/Katalon Demo/history katalon demo" status="PASSED">
         <system-out><![CDATA[29-01-2024T22:25:39 - [TEST_CASE][PASSED] - Test Cases/Katalon Demo/history katalon demo: Test Cases/Katalon Demo/history katalon demo

29-01-2024T22:25:39 - [TEST_STEP][PASSED] - click(findTestObject("Object Repository/katalon demo/Page_CURA Healthcare Service/amenu-toggle")): Object: 'Object Repository/katalon demo/Page_CURA Healthcare Service/amenu-toggle' is clicked on

29-01-2024T22:25:39 - [MESSAGE][PASSED] - Object: 'Object Repository/katalon demo/Page_CURA Healthcare Service/amenu-toggle' is clicked on

29-01-2024T22:25:39 - [TEST_STEP][PASSED] - click(findTestObject("Object Repository/katalon demo/Page_CURA Healthcare Service/a_History")): Object: 'Object Repository/katalon demo/Page_CURA Healthcare Service/a_History' is clicked on

29-01-2024T22:25:40 - [MESSAGE][PASSED] - Object: 'Object Repository/katalon demo/Page_CURA Healthcare Service/a_History' is clicked on

29-01-2024T22:25:40 - [TEST_STEP][PASSED] - takeScreenshotAsCheckpoint("history katalon demo"): Taking screenshot successfully

29-01-2024T22:25:41 - [MESSAGE][INFO] - 0 hidden object(s)

29-01-2024T22:25:41 - [MESSAGE][PASSED] - Taking screenshot successfully
[[ATTACHMENT|keyes\keyes-history katalon demo.png]]

29-01-2024T22:25:41 - [TEST_STEP][PASSED] - scrollToElement(findTestObject("katalon demo/Page_CURA Healthcare Service/a_Go to Homepage"), 3): Scroll to object 'Object Repository/katalon demo/Page_CURA Healthcare Service/a_Go to Homepage' successfully

29-01-2024T22:26:12 - [MESSAGE][INFO] - Unable to find the element located by 'By.xpath: //section[@id='summary']/div/div/div[7]/p/a'. Please recheck the objects properties to make sure the desired element is located. 

29-01-2024T22:26:12 - [MESSAGE][WARNING] - [SELF-HEALING] Failed to find element with id 'Object Repository/katalon demo/Page_CURA Healthcare Service/a_Go to Homepage'. Try using Self-healing.

29-01-2024T22:26:13 - [MESSAGE][WARNING] - [SELF-HEALING] The current locator of test object 'Object Repository/katalon demo/Page_CURA Healthcare Service/a_Go to Homepage' was broken. Propose an alternative one: '//a[contains(text(),'Go to Homepage')]'.

29-01-2024T22:26:13 - [MESSAGE][PASSED] - Scroll to object 'Object Repository/katalon demo/Page_CURA Healthcare Service/a_Go to Homepage' successfully

29-01-2024T22:26:13 - [TEST_STEP][PASSED] - click(findTestObject("Object Repository/katalon demo/Page_CURA Healthcare Service/a_Go to Homepage")): Object: 'Object Repository/katalon demo/Page_CURA Healthcare Service/a_Go to Homepage' is clicked on

29-01-2024T22:26:44 - [MESSAGE][INFO] - Unable to find the element located by 'By.xpath: //section[@id='summary']/div/div/div[7]/p/a'. Please recheck the objects properties to make sure the desired element is located. 

29-01-2024T22:26:44 - [MESSAGE][WARNING] - [SELF-HEALING] Failed to find element with id 'Object Repository/katalon demo/Page_CURA Healthcare Service/a_Go to Homepage'. Try using Self-healing.

29-01-2024T22:26:44 - [MESSAGE][WARNING] - [SELF-HEALING] The current locator of test object 'Object Repository/katalon demo/Page_CURA Healthcare Service/a_Go to Homepage' was broken. Propose an alternative one: '//a[contains(text(),'Go to Homepage')]'.

29-01-2024T22:26:45 - [MESSAGE][PASSED] - Object: 'Object Repository/katalon demo/Page_CURA Healthcare Service/a_Go to Homepage' is clicked on]]></system-out>
         <system-err><![CDATA[]]></system-err>
      </testcase>
      <testcase name="Test Cases/Katalon Demo/profile katalon demo" time="3.209" classname="Test Cases/Katalon Demo/profile katalon demo" status="PASSED">
         <system-out><![CDATA[29-01-2024T22:26:45 - [TEST_CASE][PASSED] - Test Cases/Katalon Demo/profile katalon demo: Test Cases/Katalon Demo/profile katalon demo

29-01-2024T22:26:45 - [TEST_STEP][PASSED] - click(findTestObject("Object Repository/katalon demo/Page_CURA Healthcare Service/i_fa fa-bars")): Object: 'Object Repository/katalon demo/Page_CURA Healthcare Service/i_fa fa-bars' is clicked on

29-01-2024T22:26:46 - [MESSAGE][PASSED] - Object: 'Object Repository/katalon demo/Page_CURA Healthcare Service/i_fa fa-bars' is clicked on

29-01-2024T22:26:46 - [TEST_STEP][PASSED] - click(findTestObject("Object Repository/katalon demo/Page_CURA Healthcare Service/a_Profile")): Object: 'Object Repository/katalon demo/Page_CURA Healthcare Service/a_Profile' is clicked on

29-01-2024T22:26:46 - [MESSAGE][PASSED] - Object: 'Object Repository/katalon demo/Page_CURA Healthcare Service/a_Profile' is clicked on

29-01-2024T22:26:46 - [TEST_STEP][PASSED] - takeScreenshotAsCheckpoint("profile katalon demo"): Taking screenshot successfully

29-01-2024T22:26:47 - [MESSAGE][INFO] - 0 hidden object(s)

29-01-2024T22:26:47 - [MESSAGE][PASSED] - Taking screenshot successfully
[[ATTACHMENT|keyes\keyes-profile katalon demo.png]]

29-01-2024T22:26:47 - [TEST_STEP][PASSED] - click(findTestObject("Object Repository/katalon demo/Page_CURA Healthcare Service/i_fa fa-bars")): Object: 'Object Repository/katalon demo/Page_CURA Healthcare Service/i_fa fa-bars' is clicked on

29-01-2024T22:26:47 - [MESSAGE][PASSED] - Object: 'Object Repository/katalon demo/Page_CURA Healthcare Service/i_fa fa-bars' is clicked on

29-01-2024T22:26:47 - [TEST_STEP][PASSED] - click(findTestObject("Object Repository/katalon demo/Page_CURA Healthcare Service/a_Home")): Object: 'Object Repository/katalon demo/Page_CURA Healthcare Service/a_Home' is clicked on

29-01-2024T22:26:48 - [MESSAGE][PASSED] - Object: 'Object Repository/katalon demo/Page_CURA Healthcare Service/a_Home' is clicked on]]></system-out>
         <system-err><![CDATA[]]></system-err>
      </testcase>
      <testcase name="Test Cases/Katalon Demo/logout katalon demo" time="2.637" classname="Test Cases/Katalon Demo/logout katalon demo" status="PASSED">
         <system-out><![CDATA[29-01-2024T22:26:48 - [TEST_CASE][PASSED] - Test Cases/Katalon Demo/logout katalon demo: Test Cases/Katalon Demo/logout katalon demo

29-01-2024T22:26:48 - [TEST_STEP][PASSED] - click(findTestObject("Object Repository/katalon demo/Page_CURA Healthcare Service/i_fa fa-bars")): Object: 'Object Repository/katalon demo/Page_CURA Healthcare Service/i_fa fa-bars' is clicked on

29-01-2024T22:26:49 - [MESSAGE][PASSED] - Object: 'Object Repository/katalon demo/Page_CURA Healthcare Service/i_fa fa-bars' is clicked on

29-01-2024T22:26:49 - [TEST_STEP][PASSED] - takeScreenshotAsCheckpoint("logout katalon demo"): Taking screenshot successfully

29-01-2024T22:26:50 - [MESSAGE][INFO] - 0 hidden object(s)

29-01-2024T22:26:50 - [MESSAGE][PASSED] - Taking screenshot successfully
[[ATTACHMENT|keyes\keyes-logout katalon demo.png]]

29-01-2024T22:26:50 - [TEST_STEP][PASSED] - click(findTestObject("Object Repository/katalon demo/Page_CURA Healthcare Service/a_Logout")): Object: 'Object Repository/katalon demo/Page_CURA Healthcare Service/a_Logout' is clicked on

29-01-2024T22:26:51 - [MESSAGE][PASSED] - Object: 'Object Repository/katalon demo/Page_CURA Healthcare Service/a_Logout' is clicked on

29-01-2024T22:26:51 - [TEST_STEP][PASSED] - closeBrowser(): Browser is closed

29-01-2024T22:26:51 - [MESSAGE][PASSED] - Browser is closed]]></system-out>
         <system-err><![CDATA[]]></system-err>
      </testcase>
      <testcase name="Test Cases/Katalon Demo/negatif login katalon demo" time="21.34" classname="Test Cases/Katalon Demo/negatif login katalon demo" status="PASSED">
         <system-out><![CDATA[29-01-2024T22:27:13 - [TEST_CASE][PASSED] - Test Cases/Katalon Demo/negatif login katalon demo: Test Cases/Katalon Demo/negatif login katalon demo

29-01-2024T22:27:13 - [TEST_STEP][PASSED] - openBrowser(""): Browser is opened with url: ''

29-01-2024T22:27:13 - [MESSAGE][WARNING] - A browser is already opened. Closing browser and opening a new one

29-01-2024T22:27:13 - [MESSAGE][INFO] - Starting 'Chrome' driver

29-01-2024T22:27:13 - [MESSAGE][INFO] - Action delay is set to 0 milliseconds

29-01-2024T22:27:14 - [MESSAGE][PASSED] - Browser is opened with url: ''

29-01-2024T22:27:14 - [TEST_STEP][PASSED] - navigateToUrl("https://katalon-demo-cura.herokuapp.com/"): Navigate to 'https://katalon-demo-cura.herokuapp.com/' successfully

29-01-2024T22:27:24 - [MESSAGE][PASSED] - Navigate to 'https://katalon-demo-cura.herokuapp.com/' successfully

29-01-2024T22:27:24 - [TEST_STEP][PASSED] - click(findTestObject("Object Repository/katalon demo/Page_CURA Healthcare Service/amenu-toggle")): Object: 'Object Repository/katalon demo/Page_CURA Healthcare Service/amenu-toggle' is clicked on

29-01-2024T22:27:24 - [MESSAGE][PASSED] - Object: 'Object Repository/katalon demo/Page_CURA Healthcare Service/amenu-toggle' is clicked on

29-01-2024T22:27:24 - [TEST_STEP][PASSED] - click(findTestObject("Object Repository/katalon demo/Page_CURA Healthcare Service/a_Login")): Object: 'Object Repository/katalon demo/Page_CURA Healthcare Service/a_Login' is clicked on

29-01-2024T22:27:25 - [MESSAGE][PASSED] - Object: 'Object Repository/katalon demo/Page_CURA Healthcare Service/a_Login' is clicked on

29-01-2024T22:27:25 - [TEST_STEP][PASSED] - setText(findTestObject("Object Repository/katalon demo/Page_CURA Healthcare Service/input_username"), username1): Text 'aaaaa' is set on object 'Object Repository/katalon demo/Page_CURA Healthcare Service/input_username'

29-01-2024T22:27:26 - [MESSAGE][PASSED] - Text 'aaaaa' is set on object 'Object Repository/katalon demo/Page_CURA Healthcare Service/input_username'

29-01-2024T22:27:26 - [TEST_STEP][PASSED] - setText(findTestObject("Object Repository/katalon demo/Page_CURA Healthcare Service/input_password"), password1): Text 'aaaaaaaa' is set on object 'Object Repository/katalon demo/Page_CURA Healthcare Service/input_password'

29-01-2024T22:27:27 - [MESSAGE][PASSED] - Text 'aaaaaaaa' is set on object 'Object Repository/katalon demo/Page_CURA Healthcare Service/input_password'

29-01-2024T22:27:27 - [TEST_STEP][PASSED] - click(findTestObject("katalon demo/Page_CURA Healthcare Service/button_Login")): Object: 'Object Repository/katalon demo/Page_CURA Healthcare Service/button_Login' is clicked on

29-01-2024T22:27:27 - [MESSAGE][PASSED] - Object: 'Object Repository/katalon demo/Page_CURA Healthcare Service/button_Login' is clicked on

29-01-2024T22:27:27 - [TEST_STEP][PASSED] - verifyTextPresent("Login failed!", false): Text 'Login failed!' is present on page 

29-01-2024T22:27:28 - [MESSAGE][PASSED] - Text 'Login failed!' is present on page 

29-01-2024T22:27:28 - [TEST_STEP][PASSED] - takeScreenshotAsCheckpoint("negatif 1 login katalon demo"): Taking screenshot successfully

29-01-2024T22:27:28 - [MESSAGE][INFO] - 0 hidden object(s)

29-01-2024T22:27:28 - [MESSAGE][PASSED] - Taking screenshot successfully
[[ATTACHMENT|keyes\keyes-negatif 1 login katalon demo.png]]

29-01-2024T22:27:28 - [TEST_STEP][PASSED] - click(findTestObject("Object Repository/katalon demo/Page_CURA Healthcare Service/button_Login")): Object: 'Object Repository/katalon demo/Page_CURA Healthcare Service/button_Login' is clicked on

29-01-2024T22:27:31 - [MESSAGE][PASSED] - Object: 'Object Repository/katalon demo/Page_CURA Healthcare Service/button_Login' is clicked on

29-01-2024T22:27:31 - [TEST_STEP][PASSED] - setText(findTestObject("katalon demo/Page_CURA Healthcare Service/input_username"), username2): Text 'bbbbb' is set on object 'Object Repository/katalon demo/Page_CURA Healthcare Service/input_username'

29-01-2024T22:27:31 - [MESSAGE][PASSED] - Text 'bbbbb' is set on object 'Object Repository/katalon demo/Page_CURA Healthcare Service/input_username'

29-01-2024T22:27:31 - [TEST_STEP][PASSED] - setText(findTestObject("katalon demo/Page_CURA Healthcare Service/input_password"), password2): Text 'bbbbbbbb' is set on object 'Object Repository/katalon demo/Page_CURA Healthcare Service/input_password'

29-01-2024T22:27:32 - [MESSAGE][PASSED] - Text 'bbbbbbbb' is set on object 'Object Repository/katalon demo/Page_CURA Healthcare Service/input_password'

29-01-2024T22:27:32 - [TEST_STEP][PASSED] - click(findTestObject("katalon demo/Page_CURA Healthcare Service/button_Login")): Object: 'Object Repository/katalon demo/Page_CURA Healthcare Service/button_Login' is clicked on

29-01-2024T22:27:33 - [MESSAGE][PASSED] - Object: 'Object Repository/katalon demo/Page_CURA Healthcare Service/button_Login' is clicked on

29-01-2024T22:27:33 - [TEST_STEP][PASSED] - verifyTextPresent("Login failed!", false): Text 'Login failed!' is present on page 

29-01-2024T22:27:34 - [MESSAGE][PASSED] - Text 'Login failed!' is present on page 

29-01-2024T22:27:34 - [TEST_STEP][PASSED] - takeScreenshotAsCheckpoint("negatif 2 login katalon demo"): Taking screenshot successfully

29-01-2024T22:27:34 - [MESSAGE][INFO] - 0 hidden object(s)

29-01-2024T22:27:34 - [MESSAGE][PASSED] - Taking screenshot successfully
[[ATTACHMENT|keyes\keyes-negatif 2 login katalon demo.png]]]]></system-out>
         <system-err><![CDATA[]]></system-err>
      </testcase>
      <system-out><![CDATA[29-01-2024T22:25:05 - [TEST_SUITE][FAILED] - katalon demo: Test Cases/Katalon Demo/negatif login katalon demo FAILED.
Reason:
com.kms.katalon.core.exception.StepFailedException: Unable to verify text 'Login failed!' is present 
	at com.kms.katalon.core.webui.keyword.internal.WebUIKeywordMain.stepFailed(WebUIKeywordMain.groovy:64)
	at com.kms.katalon.core.webui.keyword.internal.WebUIKeywordMain.runKeyword(WebUIKeywordMain.groovy:26)
	at com.kms.katalon.core.webui.keyword.builtin.VerifyTextPresentKeyword.verifyTextPresent(VerifyTextPresentKeyword.groovy:83)
	at com.kms.katalon.core.webui.keyword.builtin.VerifyTextPresentKeyword.execute(VerifyTextPresentKeyword.groovy:68)
	at com.kms.katalon.core.keyword.internal.KeywordExecutor.executeKeywordForPlatform(KeywordExecutor.groovy:74)
	at com.kms.katalon.core.webui.keyword.WebUiBuiltInKeywords.verifyTextPresent(WebUiBuiltInKeywords.groovy:1762)
	at negatif login katalon demo.run(negatif login katalon demo:46)
	at com.kms.katalon.core.main.ScriptEngine.run(ScriptEngine.java:194)
	at com.kms.katalon.core.main.ScriptEngine.runScriptAsRawText(ScriptEngine.java:119)
	at com.kms.katalon.core.main.TestCaseExecutor.runScript(TestCaseExecutor.java:448)
	at com.kms.katalon.core.main.TestCaseExecutor.doExecute(TestCaseExecutor.java:439)
	at com.kms.katalon.core.main.TestCaseExecutor.processExecutionPhase(TestCaseExecutor.java:418)
	at com.kms.katalon.core.main.TestCaseExecutor.accessMainPhase(TestCaseExecutor.java:410)
	at com.kms.katalon.core.main.TestCaseExecutor.execute(TestCaseExecutor.java:285)
	at com.kms.katalon.core.common.CommonExecutor.accessTestCaseMainPhase(CommonExecutor.java:65)
	at com.kms.katalon.core.main.TestSuiteExecutor.accessTestSuiteMainPhase(TestSuiteExecutor.java:148)
	at com.kms.katalon.core.main.TestSuiteExecutor.execute(TestSuiteExecutor.java:106)
	at com.kms.katalon.core.main.TestCaseMain.startTestSuite(TestCaseMain.java:180)
	at TempTestSuite1706541645039.run(TempTestSuite1706541645039.groovy:36)
	at java.base/jdk.internal.reflect.NativeMethodAccessorImpl.invoke0(Native Method)
	at java.base/jdk.internal.reflect.NativeMethodAccessorImpl.invoke(NativeMethodAccessorImpl.java:77)
	at java.base/jdk.internal.reflect.DelegatingMethodAccessorImpl.invoke(DelegatingMethodAccessorImpl.java:43)
Caused by: com.kms.katalon.core.exception.StepFailedException: Text 'Login failed!' is not present on page 
	at com.kms.katalon.core.webui.keyword.internal.WebUIKeywordMain.stepFailed(WebUIKeywordMain.groovy:64)
	at com.kms.katalon.core.webui.keyword.builtin.VerifyTextPresentKeyword$_verifyTextPresent_closure1.doCall(VerifyTextPresentKeyword.groovy:79)
	at com.kms.katalon.core.webui.keyword.builtin.VerifyTextPresentKeyword$_verifyTextPresent_closure1.call(VerifyTextPresentKeyword.groovy)
	at com.kms.katalon.core.webui.keyword.internal.WebUIKeywordMain.runKeyword(WebUIKeywordMain.groovy:20)
	... 20 more]]></system-out>
      <system-err><![CDATA[29-01-2024T22:25:05 - [TEST_SUITE][FAILED] - katalon demo: Test Cases/Katalon Demo/negatif login katalon demo FAILED.
Reason:
com.kms.katalon.core.exception.StepFailedException: Unable to verify text 'Login failed!' is present 
	at com.kms.katalon.core.webui.keyword.internal.WebUIKeywordMain.stepFailed(WebUIKeywordMain.groovy:64)
	at com.kms.katalon.core.webui.keyword.internal.WebUIKeywordMain.runKeyword(WebUIKeywordMain.groovy:26)
	at com.kms.katalon.core.webui.keyword.builtin.VerifyTextPresentKeyword.verifyTextPresent(VerifyTextPresentKeyword.groovy:83)
	at com.kms.katalon.core.webui.keyword.builtin.VerifyTextPresentKeyword.execute(VerifyTextPresentKeyword.groovy:68)
	at com.kms.katalon.core.keyword.internal.KeywordExecutor.executeKeywordForPlatform(KeywordExecutor.groovy:74)
	at com.kms.katalon.core.webui.keyword.WebUiBuiltInKeywords.verifyTextPresent(WebUiBuiltInKeywords.groovy:1762)
	at negatif login katalon demo.run(negatif login katalon demo:46)
	at com.kms.katalon.core.main.ScriptEngine.run(ScriptEngine.java:194)
	at com.kms.katalon.core.main.ScriptEngine.runScriptAsRawText(ScriptEngine.java:119)
	at com.kms.katalon.core.main.TestCaseExecutor.runScript(TestCaseExecutor.java:448)
	at com.kms.katalon.core.main.TestCaseExecutor.doExecute(TestCaseExecutor.java:439)
	at com.kms.katalon.core.main.TestCaseExecutor.processExecutionPhase(TestCaseExecutor.java:418)
	at com.kms.katalon.core.main.TestCaseExecutor.accessMainPhase(TestCaseExecutor.java:410)
	at com.kms.katalon.core.main.TestCaseExecutor.execute(TestCaseExecutor.java:285)
	at com.kms.katalon.core.common.CommonExecutor.accessTestCaseMainPhase(CommonExecutor.java:65)
	at com.kms.katalon.core.main.TestSuiteExecutor.accessTestSuiteMainPhase(TestSuiteExecutor.java:148)
	at com.kms.katalon.core.main.TestSuiteExecutor.execute(TestSuiteExecutor.java:106)
	at com.kms.katalon.core.main.TestCaseMain.startTestSuite(TestCaseMain.java:180)
	at TempTestSuite1706541645039.run(TempTestSuite1706541645039.groovy:36)
	at java.base/jdk.internal.reflect.NativeMethodAccessorImpl.invoke0(Native Method)
	at java.base/jdk.internal.reflect.NativeMethodAccessorImpl.invoke(NativeMethodAccessorImpl.java:77)
	at java.base/jdk.internal.reflect.DelegatingMethodAccessorImpl.invoke(DelegatingMethodAccessorImpl.java:43)
Caused by: com.kms.katalon.core.exception.StepFailedException: Text 'Login failed!' is not present on page 
	at com.kms.katalon.core.webui.keyword.internal.WebUIKeywordMain.stepFailed(WebUIKeywordMain.groovy:64)
	at com.kms.katalon.core.webui.keyword.builtin.VerifyTextPresentKeyword$_verifyTextPresent_closure1.doCall(VerifyTextPresentKeyword.groovy:79)
	at com.kms.katalon.core.webui.keyword.builtin.VerifyTextPresentKeyword$_verifyTextPresent_closure1.call(VerifyTextPresentKeyword.groovy)
	at com.kms.katalon.core.webui.keyword.internal.WebUIKeywordMain.runKeyword(WebUIKeywordMain.groovy:20)
	... 20 more]]></system-err>
   </testsuite>
   <testsuite name="katalon demo" tests="8" failures="0" errors="0" time="143.637" skipped="0" timestamp="29-01-2024T22:27:41" hostname="0517 - Pierrot" id="Test Suites/katalon demo">
      <properties>
         <property name="deviceName" value=""/>
         <property name="devicePlatform" value=""/>
         <property name="logFolder" value="C:\\Users\\0517\\Katalon Studio\\poc bni\\Reports\\20240129_222034\\katalon demo\\20240129_222050"/>
         <property name="logFiles" value="C:\\Users\\0517\\Katalon Studio\\poc bni\\Reports\\20240129_222034\\katalon demo\\20240129_222050\\execution0.log"/>
         <property name="attachments" value="keyes\keyes-login katalon demo.png, keyes\keyes-appointment katalon demo.png, keyes\keyes-appointment 1 katalon demo.png, keyes\keyes-appointment 2 katalon demo.png, keyes\keyes-history katalon demo.png, keyes\keyes-profile katalon demo.png, keyes\keyes-logout katalon demo.png, keyes\keyes-negatif 1 login katalon demo.png, keyes\keyes-negatif 2 login katalon demo.png"/>
         <property name="hostName" value="0517 - Pierrot"/>
         <property name="os" value="Windows 10 64bit"/>
         <property name="katalonVersion" value="9.2.0.212"/>
         <property name="browser" value="Chrome 121.0.0.0"/>
         <property name="hostAddress" value="192.168.96.2"/>
         <property name="sessionId" value="c7433312b3e26a47b539605ffc3f6cac"/>
         <property name="seleniumVersion" value="3.141.59"/>
         <property name="proxyInformation" value="ProxyInformation { proxyOption=NO_PROXY, proxyServerType=HTTP, username=, password=********, proxyServerAddress=, proxyServerPort=0, executionList=&quot;&quot;, isApplyToDesiredCapabilities=true }"/>
         <property name="platform" value="Windows 10"/>
      </properties>
      <testcase name="Test Cases/Katalon Demo/login katalon demo" time="13.463" classname="Test Cases/Katalon Demo/login katalon demo" status="PASSED">
         <system-out><![CDATA[29-01-2024T22:27:41 - [TEST_CASE][PASSED] - Test Cases/Katalon Demo/login katalon demo: Test Cases/Katalon Demo/login katalon demo

29-01-2024T22:27:42 - [TEST_STEP][PASSED] - openBrowser(""): Browser is opened with url: ''

29-01-2024T22:27:42 - [MESSAGE][INFO] - Starting 'Chrome' driver

29-01-2024T22:27:42 - [MESSAGE][INFO] - Action delay is set to 0 milliseconds

29-01-2024T22:27:44 - [MESSAGE][PASSED] - Browser is opened with url: ''

29-01-2024T22:27:44 - [TEST_STEP][PASSED] - navigateToUrl("https://katalon-demo-cura.herokuapp.com/"): Navigate to 'https://katalon-demo-cura.herokuapp.com/' successfully

29-01-2024T22:27:50 - [MESSAGE][PASSED] - Navigate to 'https://katalon-demo-cura.herokuapp.com/' successfully

29-01-2024T22:27:50 - [TEST_STEP][PASSED] - click(findTestObject("Object Repository/katalon demo/Page_CURA Healthcare Service/amenu-toggle")): Object: 'Object Repository/katalon demo/Page_CURA Healthcare Service/amenu-toggle' is clicked on

29-01-2024T22:27:51 - [MESSAGE][PASSED] - Object: 'Object Repository/katalon demo/Page_CURA Healthcare Service/amenu-toggle' is clicked on

29-01-2024T22:27:51 - [TEST_STEP][PASSED] - click(findTestObject("Object Repository/katalon demo/Page_CURA Healthcare Service/a_Login")): Object: 'Object Repository/katalon demo/Page_CURA Healthcare Service/a_Login' is clicked on

29-01-2024T22:27:52 - [MESSAGE][PASSED] - Object: 'Object Repository/katalon demo/Page_CURA Healthcare Service/a_Login' is clicked on

29-01-2024T22:27:52 - [TEST_STEP][PASSED] - setText(findTestObject("Object Repository/katalon demo/Page_CURA Healthcare Service/input_username"), "John Doe"): Text 'John Doe' is set on object 'Object Repository/katalon demo/Page_CURA Healthcare Service/input_username'

29-01-2024T22:27:52 - [MESSAGE][PASSED] - Text 'John Doe' is set on object 'Object Repository/katalon demo/Page_CURA Healthcare Service/input_username'

29-01-2024T22:27:52 - [TEST_STEP][PASSED] - setEncryptedText(findTestObject("Object Repository/katalon demo/Page_CURA Healthcare Service/input_password"), "g3/DOGG74jC3Flrr3yH+3D/yKbOqqUNM"): Text ****** has been set on object 'Object Repository/katalon demo/Page_CURA Healthcare Service/input_password'

29-01-2024T22:27:53 - [MESSAGE][PASSED] - Text ****** has been set on object 'Object Repository/katalon demo/Page_CURA Healthcare Service/input_password'

29-01-2024T22:27:53 - [TEST_STEP][PASSED] - takeScreenshotAsCheckpoint("login katalon demo", STOP_ON_FAILURE): Taking screenshot successfully

29-01-2024T22:27:54 - [MESSAGE][INFO] - 0 hidden object(s)

29-01-2024T22:27:54 - [MESSAGE][PASSED] - Taking screenshot successfully
[[ATTACHMENT|keyes\keyes-login katalon demo.png]]

29-01-2024T22:27:54 - [TEST_STEP][PASSED] - click(findTestObject("Object Repository/katalon demo/Page_CURA Healthcare Service/button_Login")): Object: 'Object Repository/katalon demo/Page_CURA Healthcare Service/button_Login' is clicked on

29-01-2024T22:27:55 - [MESSAGE][PASSED] - Object: 'Object Repository/katalon demo/Page_CURA Healthcare Service/button_Login' is clicked on]]></system-out>
         <system-err><![CDATA[]]></system-err>
      </testcase>
      <testcase name="Test Cases/Katalon Demo/make appointment katalon demo" time="8.591" classname="Test Cases/Katalon Demo/make appointment katalon demo" status="PASSED">
         <system-out><![CDATA[29-01-2024T22:27:55 - [TEST_CASE][PASSED] - Test Cases/Katalon Demo/make appointment katalon demo: Test Cases/Katalon Demo/make appointment katalon demo

29-01-2024T22:27:55 - [TEST_STEP][PASSED] - selectOptionByValue(findTestObject("Object Repository/katalon demo/Page_CURA Healthcare Service/select_Tokyo"), "Hongkong CURA Healthcare Center", true): All options with value 'Hongkong CURA Healthcare Center' are selected in object 'Object Repository/katalon demo/Page_CURA Healthcare Service/select_Tokyo'  using regular expression

29-01-2024T22:27:56 - [MESSAGE][PASSED] - All options with value 'Hongkong CURA Healthcare Center' are selected in object 'Object Repository/katalon demo/Page_CURA Healthcare Service/select_Tokyo'  using regular expression

29-01-2024T22:27:56 - [TEST_STEP][PASSED] - click(findTestObject("Object Repository/katalon demo/Page_CURA Healthcare Service/label_Apply for hospital readmission")): Object: 'Object Repository/katalon demo/Page_CURA Healthcare Service/label_Apply for hospital readmission' is clicked on

29-01-2024T22:27:56 - [MESSAGE][PASSED] - Object: 'Object Repository/katalon demo/Page_CURA Healthcare Service/label_Apply for hospital readmission' is clicked on

29-01-2024T22:27:56 - [TEST_STEP][PASSED] - click(findTestObject("Object Repository/katalon demo/Page_CURA Healthcare Service/input_programs")): Object: 'Object Repository/katalon demo/Page_CURA Healthcare Service/input_programs' is clicked on

29-01-2024T22:27:57 - [MESSAGE][PASSED] - Object: 'Object Repository/katalon demo/Page_CURA Healthcare Service/input_programs' is clicked on

29-01-2024T22:27:57 - [TEST_STEP][PASSED] - click(findTestObject("Object Repository/katalon demo/Page_CURA Healthcare Service/span_glyphicon glyphicon-calendar")): Object: 'Object Repository/katalon demo/Page_CURA Healthcare Service/span_glyphicon glyphicon-calendar' is clicked on

29-01-2024T22:27:57 - [MESSAGE][PASSED] - Object: 'Object Repository/katalon demo/Page_CURA Healthcare Service/span_glyphicon glyphicon-calendar' is clicked on

29-01-2024T22:27:57 - [TEST_STEP][PASSED] - click(findTestObject("Object Repository/katalon demo/Page_CURA Healthcare Service/td_31")): Object: 'Object Repository/katalon demo/Page_CURA Healthcare Service/td_31' is clicked on

29-01-2024T22:27:58 - [MESSAGE][PASSED] - Object: 'Object Repository/katalon demo/Page_CURA Healthcare Service/td_31' is clicked on

29-01-2024T22:27:58 - [TEST_STEP][PASSED] - setText(findTestObject("Object Repository/katalon demo/Page_CURA Healthcare Service/textarea_comment"), "tes katalon demo"): Text 'tes katalon demo' is set on object 'Object Repository/katalon demo/Page_CURA Healthcare Service/textarea_comment'

29-01-2024T22:27:58 - [MESSAGE][PASSED] - Text 'tes katalon demo' is set on object 'Object Repository/katalon demo/Page_CURA Healthcare Service/textarea_comment'

29-01-2024T22:27:58 - [TEST_STEP][PASSED] - click(findTestObject("Object Repository/katalon demo/Page_CURA Healthcare Service/button_Book Appointment")): Object: 'Object Repository/katalon demo/Page_CURA Healthcare Service/button_Book Appointment' is clicked on

29-01-2024T22:28:01 - [MESSAGE][PASSED] - Object: 'Object Repository/katalon demo/Page_CURA Healthcare Service/button_Book Appointment' is clicked on

29-01-2024T22:28:01 - [TEST_STEP][PASSED] - verifyTextPresent("Appointment Confirmation", false): Text 'Appointment Confirmation' is present on page 

29-01-2024T22:28:01 - [MESSAGE][PASSED] - Text 'Appointment Confirmation' is present on page 

29-01-2024T22:28:01 - [TEST_STEP][PASSED] - takeScreenshotAsCheckpoint("appointment katalon demo"): Taking screenshot successfully

29-01-2024T22:28:02 - [MESSAGE][INFO] - 0 hidden object(s)

29-01-2024T22:28:02 - [MESSAGE][PASSED] - Taking screenshot successfully
[[ATTACHMENT|keyes\keyes-appointment katalon demo.png]]

29-01-2024T22:28:02 - [TEST_STEP][PASSED] - click(findTestObject("Object Repository/katalon demo/Page_CURA Healthcare Service/a_Go to Homepage")): Object: 'Object Repository/katalon demo/Page_CURA Healthcare Service/a_Go to Homepage' is clicked on

29-01-2024T22:28:03 - [MESSAGE][PASSED] - Object: 'Object Repository/katalon demo/Page_CURA Healthcare Service/a_Go to Homepage' is clicked on]]></system-out>
         <system-err><![CDATA[]]></system-err>
      </testcase>
      <testcase name="Test Cases/Katalon Demo/make appointment katalon demo 1" time="6.285" classname="Test Cases/Katalon Demo/make appointment katalon demo 1" status="PASSED">
         <system-out><![CDATA[29-01-2024T22:28:03 - [TEST_CASE][PASSED] - Test Cases/Katalon Demo/make appointment katalon demo 1: Test Cases/Katalon Demo/make appointment katalon demo 1

29-01-2024T22:28:04 - [TEST_STEP][PASSED] - selectOptionByValue(findTestObject("Object Repository/katalon demo/Page_CURA Healthcare Service/select_Tokyo"), "Seoul CURA Healthcare Center", true): All options with value 'Seoul CURA Healthcare Center' are selected in object 'Object Repository/katalon demo/Page_CURA Healthcare Service/select_Tokyo'  using regular expression

29-01-2024T22:28:04 - [MESSAGE][PASSED] - All options with value 'Seoul CURA Healthcare Center' are selected in object 'Object Repository/katalon demo/Page_CURA Healthcare Service/select_Tokyo'  using regular expression

29-01-2024T22:28:04 - [TEST_STEP][PASSED] - click(findTestObject("Object Repository/katalon demo/Page_CURA Healthcare Service/input_hospital_readmission")): Object: 'Object Repository/katalon demo/Page_CURA Healthcare Service/input_hospital_readmission' is clicked on

29-01-2024T22:28:05 - [MESSAGE][PASSED] - Object: 'Object Repository/katalon demo/Page_CURA Healthcare Service/input_hospital_readmission' is clicked on

29-01-2024T22:28:05 - [TEST_STEP][PASSED] - click(findTestObject("Object Repository/katalon demo/Page_CURA Healthcare Service/input_programs")): Object: 'Object Repository/katalon demo/Page_CURA Healthcare Service/input_programs' is clicked on

29-01-2024T22:28:05 - [MESSAGE][PASSED] - Object: 'Object Repository/katalon demo/Page_CURA Healthcare Service/input_programs' is clicked on

29-01-2024T22:28:05 - [TEST_STEP][PASSED] - click(findTestObject("Object Repository/katalon demo/Page_CURA Healthcare Service/span_glyphicon glyphicon-calendar")): Object: 'Object Repository/katalon demo/Page_CURA Healthcare Service/span_glyphicon glyphicon-calendar' is clicked on

29-01-2024T22:28:06 - [MESSAGE][PASSED] - Object: 'Object Repository/katalon demo/Page_CURA Healthcare Service/span_glyphicon glyphicon-calendar' is clicked on

29-01-2024T22:28:06 - [TEST_STEP][PASSED] - click(findTestObject("Object Repository/katalon demo/Page_CURA Healthcare Service/td_30")): Object: 'Object Repository/katalon demo/Page_CURA Healthcare Service/td_30' is clicked on

29-01-2024T22:28:06 - [MESSAGE][PASSED] - Object: 'Object Repository/katalon demo/Page_CURA Healthcare Service/td_30' is clicked on

29-01-2024T22:28:06 - [TEST_STEP][PASSED] - setText(findTestObject("Object Repository/katalon demo/Page_CURA Healthcare Service/textarea_comment"), "tes katalon"): Text 'tes katalon' is set on object 'Object Repository/katalon demo/Page_CURA Healthcare Service/textarea_comment'

29-01-2024T22:28:07 - [MESSAGE][PASSED] - Text 'tes katalon' is set on object 'Object Repository/katalon demo/Page_CURA Healthcare Service/textarea_comment'

29-01-2024T22:28:07 - [TEST_STEP][PASSED] - click(findTestObject("Object Repository/katalon demo/Page_CURA Healthcare Service/button_Book Appointment")): Object: 'Object Repository/katalon demo/Page_CURA Healthcare Service/button_Book Appointment' is clicked on

29-01-2024T22:28:08 - [MESSAGE][PASSED] - Object: 'Object Repository/katalon demo/Page_CURA Healthcare Service/button_Book Appointment' is clicked on

29-01-2024T22:28:08 - [TEST_STEP][PASSED] - verifyTextPresent("Appointment Confirmation", false): Text 'Appointment Confirmation' is present on page 

29-01-2024T22:28:09 - [MESSAGE][PASSED] - Text 'Appointment Confirmation' is present on page 

29-01-2024T22:28:09 - [TEST_STEP][PASSED] - takeScreenshotAsCheckpoint("appointment 1 katalon demo"): Taking screenshot successfully

29-01-2024T22:28:09 - [MESSAGE][INFO] - 0 hidden object(s)

29-01-2024T22:28:09 - [MESSAGE][PASSED] - Taking screenshot successfully
[[ATTACHMENT|keyes\keyes-appointment 1 katalon demo.png]]

29-01-2024T22:28:09 - [TEST_STEP][PASSED] - click(findTestObject("Object Repository/katalon demo/Page_CURA Healthcare Service/a_Go to Homepage")): Object: 'Object Repository/katalon demo/Page_CURA Healthcare Service/a_Go to Homepage' is clicked on

29-01-2024T22:28:10 - [MESSAGE][PASSED] - Object: 'Object Repository/katalon demo/Page_CURA Healthcare Service/a_Go to Homepage' is clicked on]]></system-out>
         <system-err><![CDATA[]]></system-err>
      </testcase>
      <testcase name="Test Cases/Katalon Demo/make appointment katalon demo 2" time="6.817" classname="Test Cases/Katalon Demo/make appointment katalon demo 2" status="PASSED">
         <system-out><![CDATA[29-01-2024T22:28:10 - [TEST_CASE][PASSED] - Test Cases/Katalon Demo/make appointment katalon demo 2: Test Cases/Katalon Demo/make appointment katalon demo 2

29-01-2024T22:28:10 - [TEST_STEP][PASSED] - click(findTestObject("Object Repository/katalon demo/Page_CURA Healthcare Service/label_Apply for hospital readmission")): Object: 'Object Repository/katalon demo/Page_CURA Healthcare Service/label_Apply for hospital readmission' is clicked on

29-01-2024T22:28:10 - [MESSAGE][PASSED] - Object: 'Object Repository/katalon demo/Page_CURA Healthcare Service/label_Apply for hospital readmission' is clicked on

29-01-2024T22:28:10 - [TEST_STEP][PASSED] - click(findTestObject("Object Repository/katalon demo/Page_CURA Healthcare Service/input_programs")): Object: 'Object Repository/katalon demo/Page_CURA Healthcare Service/input_programs' is clicked on

29-01-2024T22:28:10 - [MESSAGE][PASSED] - Object: 'Object Repository/katalon demo/Page_CURA Healthcare Service/input_programs' is clicked on

29-01-2024T22:28:10 - [TEST_STEP][PASSED] - click(findTestObject("Object Repository/katalon demo/Page_CURA Healthcare Service/input_visit_date")): Object: 'Object Repository/katalon demo/Page_CURA Healthcare Service/input_visit_date' is clicked on

29-01-2024T22:28:11 - [MESSAGE][PASSED] - Object: 'Object Repository/katalon demo/Page_CURA Healthcare Service/input_visit_date' is clicked on

29-01-2024T22:28:11 - [TEST_STEP][PASSED] - click(findTestObject("Object Repository/katalon demo/Page_CURA Healthcare Service/th_")): Object: 'Object Repository/katalon demo/Page_CURA Healthcare Service/th_' is clicked on

29-01-2024T22:28:11 - [MESSAGE][PASSED] - Object: 'Object Repository/katalon demo/Page_CURA Healthcare Service/th_' is clicked on

29-01-2024T22:28:11 - [TEST_STEP][PASSED] - click(findTestObject("Object Repository/katalon demo/Page_CURA Healthcare Service/td_28")): Object: 'Object Repository/katalon demo/Page_CURA Healthcare Service/td_28' is clicked on

29-01-2024T22:28:12 - [MESSAGE][PASSED] - Object: 'Object Repository/katalon demo/Page_CURA Healthcare Service/td_28' is clicked on

29-01-2024T22:28:12 - [TEST_STEP][PASSED] - setText(findTestObject("Object Repository/katalon demo/Page_CURA Healthcare Service/textarea_comment"), "tes katalon"): Text 'tes katalon' is set on object 'Object Repository/katalon demo/Page_CURA Healthcare Service/textarea_comment'

29-01-2024T22:28:13 - [MESSAGE][PASSED] - Text 'tes katalon' is set on object 'Object Repository/katalon demo/Page_CURA Healthcare Service/textarea_comment'

29-01-2024T22:28:13 - [TEST_STEP][PASSED] - click(findTestObject("Object Repository/katalon demo/Page_CURA Healthcare Service/button_Book Appointment")): Object: 'Object Repository/katalon demo/Page_CURA Healthcare Service/button_Book Appointment' is clicked on

29-01-2024T22:28:15 - [MESSAGE][PASSED] - Object: 'Object Repository/katalon demo/Page_CURA Healthcare Service/button_Book Appointment' is clicked on

29-01-2024T22:28:15 - [TEST_STEP][PASSED] - verifyTextPresent("Appointment Confirmation", false): Text 'Appointment Confirmation' is present on page 

29-01-2024T22:28:15 - [MESSAGE][PASSED] - Text 'Appointment Confirmation' is present on page 

29-01-2024T22:28:15 - [TEST_STEP][PASSED] - takeScreenshotAsCheckpoint("appointment 2 katalon demo"): Taking screenshot successfully

29-01-2024T22:28:15 - [MESSAGE][INFO] - 0 hidden object(s)

29-01-2024T22:28:15 - [MESSAGE][PASSED] - Taking screenshot successfully
[[ATTACHMENT|keyes\keyes-appointment 2 katalon demo.png]]

29-01-2024T22:28:15 - [TEST_STEP][PASSED] - click(findTestObject("Object Repository/katalon demo/Page_CURA Healthcare Service/a_Go to Homepage")): Object: 'Object Repository/katalon demo/Page_CURA Healthcare Service/a_Go to Homepage' is clicked on

29-01-2024T22:28:16 - [MESSAGE][PASSED] - Object: 'Object Repository/katalon demo/Page_CURA Healthcare Service/a_Go to Homepage' is clicked on]]></system-out>
         <system-err><![CDATA[]]></system-err>
      </testcase>
      <testcase name="Test Cases/Katalon Demo/history katalon demo" time="66.088" classname="Test Cases/Katalon Demo/history katalon demo" status="PASSED">
         <system-out><![CDATA[29-01-2024T22:28:16 - [TEST_CASE][PASSED] - Test Cases/Katalon Demo/history katalon demo: Test Cases/Katalon Demo/history katalon demo

29-01-2024T22:28:17 - [TEST_STEP][PASSED] - click(findTestObject("Object Repository/katalon demo/Page_CURA Healthcare Service/amenu-toggle")): Object: 'Object Repository/katalon demo/Page_CURA Healthcare Service/amenu-toggle' is clicked on

29-01-2024T22:28:17 - [MESSAGE][PASSED] - Object: 'Object Repository/katalon demo/Page_CURA Healthcare Service/amenu-toggle' is clicked on

29-01-2024T22:28:17 - [TEST_STEP][PASSED] - click(findTestObject("Object Repository/katalon demo/Page_CURA Healthcare Service/a_History")): Object: 'Object Repository/katalon demo/Page_CURA Healthcare Service/a_History' is clicked on

29-01-2024T22:28:18 - [MESSAGE][PASSED] - Object: 'Object Repository/katalon demo/Page_CURA Healthcare Service/a_History' is clicked on

29-01-2024T22:28:18 - [TEST_STEP][PASSED] - takeScreenshotAsCheckpoint("history katalon demo"): Taking screenshot successfully

29-01-2024T22:28:18 - [MESSAGE][INFO] - 0 hidden object(s)

29-01-2024T22:28:18 - [MESSAGE][PASSED] - Taking screenshot successfully
[[ATTACHMENT|keyes\keyes-history katalon demo.png]]

29-01-2024T22:28:18 - [TEST_STEP][PASSED] - scrollToElement(findTestObject("katalon demo/Page_CURA Healthcare Service/a_Go to Homepage"), 3): Scroll to object 'Object Repository/katalon demo/Page_CURA Healthcare Service/a_Go to Homepage' successfully

29-01-2024T22:28:49 - [MESSAGE][INFO] - Unable to find the element located by 'By.xpath: //section[@id='summary']/div/div/div[7]/p/a'. Please recheck the objects properties to make sure the desired element is located. 

29-01-2024T22:28:49 - [MESSAGE][WARNING] - [SELF-HEALING] Failed to find element with id 'Object Repository/katalon demo/Page_CURA Healthcare Service/a_Go to Homepage'. Try using Self-healing.

29-01-2024T22:28:50 - [MESSAGE][WARNING] - [SELF-HEALING] The current locator of test object 'Object Repository/katalon demo/Page_CURA Healthcare Service/a_Go to Homepage' was broken. Propose an alternative one: '//a[contains(text(),'Go to Homepage')]'.

29-01-2024T22:28:50 - [MESSAGE][PASSED] - Scroll to object 'Object Repository/katalon demo/Page_CURA Healthcare Service/a_Go to Homepage' successfully

29-01-2024T22:28:50 - [TEST_STEP][PASSED] - click(findTestObject("Object Repository/katalon demo/Page_CURA Healthcare Service/a_Go to Homepage")): Object: 'Object Repository/katalon demo/Page_CURA Healthcare Service/a_Go to Homepage' is clicked on

29-01-2024T22:29:21 - [MESSAGE][INFO] - Unable to find the element located by 'By.xpath: //section[@id='summary']/div/div/div[7]/p/a'. Please recheck the objects properties to make sure the desired element is located. 

29-01-2024T22:29:21 - [MESSAGE][WARNING] - [SELF-HEALING] Failed to find element with id 'Object Repository/katalon demo/Page_CURA Healthcare Service/a_Go to Homepage'. Try using Self-healing.

29-01-2024T22:29:21 - [MESSAGE][WARNING] - [SELF-HEALING] The current locator of test object 'Object Repository/katalon demo/Page_CURA Healthcare Service/a_Go to Homepage' was broken. Propose an alternative one: '//a[contains(text(),'Go to Homepage')]'.

29-01-2024T22:29:23 - [MESSAGE][PASSED] - Object: 'Object Repository/katalon demo/Page_CURA Healthcare Service/a_Go to Homepage' is clicked on]]></system-out>
         <system-err><![CDATA[]]></system-err>
      </testcase>
      <testcase name="Test Cases/Katalon Demo/profile katalon demo" time="4.421" classname="Test Cases/Katalon Demo/profile katalon demo" status="PASSED">
         <system-out><![CDATA[29-01-2024T22:29:23 - [TEST_CASE][PASSED] - Test Cases/Katalon Demo/profile katalon demo: Test Cases/Katalon Demo/profile katalon demo

29-01-2024T22:29:23 - [TEST_STEP][PASSED] - click(findTestObject("Object Repository/katalon demo/Page_CURA Healthcare Service/i_fa fa-bars")): Object: 'Object Repository/katalon demo/Page_CURA Healthcare Service/i_fa fa-bars' is clicked on

29-01-2024T22:29:23 - [MESSAGE][PASSED] - Object: 'Object Repository/katalon demo/Page_CURA Healthcare Service/i_fa fa-bars' is clicked on

29-01-2024T22:29:23 - [TEST_STEP][PASSED] - click(findTestObject("Object Repository/katalon demo/Page_CURA Healthcare Service/a_Profile")): Object: 'Object Repository/katalon demo/Page_CURA Healthcare Service/a_Profile' is clicked on

29-01-2024T22:29:25 - [MESSAGE][PASSED] - Object: 'Object Repository/katalon demo/Page_CURA Healthcare Service/a_Profile' is clicked on

29-01-2024T22:29:25 - [TEST_STEP][PASSED] - takeScreenshotAsCheckpoint("profile katalon demo"): Taking screenshot successfully

29-01-2024T22:29:25 - [MESSAGE][INFO] - 0 hidden object(s)

29-01-2024T22:29:26 - [MESSAGE][PASSED] - Taking screenshot successfully
[[ATTACHMENT|keyes\keyes-profile katalon demo.png]]

29-01-2024T22:29:26 - [TEST_STEP][PASSED] - click(findTestObject("Object Repository/katalon demo/Page_CURA Healthcare Service/i_fa fa-bars")): Object: 'Object Repository/katalon demo/Page_CURA Healthcare Service/i_fa fa-bars' is clicked on

29-01-2024T22:29:26 - [MESSAGE][PASSED] - Object: 'Object Repository/katalon demo/Page_CURA Healthcare Service/i_fa fa-bars' is clicked on

29-01-2024T22:29:26 - [TEST_STEP][PASSED] - click(findTestObject("Object Repository/katalon demo/Page_CURA Healthcare Service/a_Home")): Object: 'Object Repository/katalon demo/Page_CURA Healthcare Service/a_Home' is clicked on

29-01-2024T22:29:27 - [MESSAGE][PASSED] - Object: 'Object Repository/katalon demo/Page_CURA Healthcare Service/a_Home' is clicked on]]></system-out>
         <system-err><![CDATA[]]></system-err>
      </testcase>
      <testcase name="Test Cases/Katalon Demo/logout katalon demo" time="2.725" classname="Test Cases/Katalon Demo/logout katalon demo" status="PASSED">
         <system-out><![CDATA[29-01-2024T22:29:27 - [TEST_CASE][PASSED] - Test Cases/Katalon Demo/logout katalon demo: Test Cases/Katalon Demo/logout katalon demo

29-01-2024T22:29:27 - [TEST_STEP][PASSED] - click(findTestObject("Object Repository/katalon demo/Page_CURA Healthcare Service/i_fa fa-bars")): Object: 'Object Repository/katalon demo/Page_CURA Healthcare Service/i_fa fa-bars' is clicked on

29-01-2024T22:29:27 - [MESSAGE][PASSED] - Object: 'Object Repository/katalon demo/Page_CURA Healthcare Service/i_fa fa-bars' is clicked on

29-01-2024T22:29:27 - [TEST_STEP][PASSED] - takeScreenshotAsCheckpoint("logout katalon demo"): Taking screenshot successfully

29-01-2024T22:29:28 - [MESSAGE][INFO] - 0 hidden object(s)

29-01-2024T22:29:28 - [MESSAGE][PASSED] - Taking screenshot successfully
[[ATTACHMENT|keyes\keyes-logout katalon demo.png]]

29-01-2024T22:29:28 - [TEST_STEP][PASSED] - click(findTestObject("Object Repository/katalon demo/Page_CURA Healthcare Service/a_Logout")): Object: 'Object Repository/katalon demo/Page_CURA Healthcare Service/a_Logout' is clicked on

29-01-2024T22:29:29 - [MESSAGE][PASSED] - Object: 'Object Repository/katalon demo/Page_CURA Healthcare Service/a_Logout' is clicked on

29-01-2024T22:29:29 - [TEST_STEP][PASSED] - closeBrowser(): Browser is closed

29-01-2024T22:29:30 - [MESSAGE][PASSED] - Browser is closed]]></system-out>
         <system-err><![CDATA[]]></system-err>
      </testcase>
      <testcase name="Test Cases/Katalon Demo/negatif login katalon demo" time="34.944" classname="Test Cases/Katalon Demo/negatif login katalon demo" status="PASSED">
         <system-out><![CDATA[29-01-2024T22:29:30 - [TEST_CASE][PASSED] - Test Cases/Katalon Demo/negatif login katalon demo: Test Cases/Katalon Demo/negatif login katalon demo

29-01-2024T22:29:30 - [TEST_STEP][PASSED] - openBrowser(""): Browser is opened with url: ''

29-01-2024T22:29:30 - [MESSAGE][INFO] - Starting 'Chrome' driver

29-01-2024T22:29:30 - [MESSAGE][INFO] - Action delay is set to 0 milliseconds

29-01-2024T22:29:31 - [MESSAGE][PASSED] - Browser is opened with url: ''

29-01-2024T22:29:31 - [TEST_STEP][PASSED] - navigateToUrl("https://katalon-demo-cura.herokuapp.com/"): Navigate to 'https://katalon-demo-cura.herokuapp.com/' successfully

29-01-2024T22:29:37 - [MESSAGE][PASSED] - Navigate to 'https://katalon-demo-cura.herokuapp.com/' successfully

29-01-2024T22:29:37 - [TEST_STEP][PASSED] - click(findTestObject("Object Repository/katalon demo/Page_CURA Healthcare Service/amenu-toggle")): Object: 'Object Repository/katalon demo/Page_CURA Healthcare Service/amenu-toggle' is clicked on

29-01-2024T22:29:38 - [MESSAGE][PASSED] - Object: 'Object Repository/katalon demo/Page_CURA Healthcare Service/amenu-toggle' is clicked on

29-01-2024T22:29:38 - [TEST_STEP][PASSED] - click(findTestObject("Object Repository/katalon demo/Page_CURA Healthcare Service/a_Login")): Object: 'Object Repository/katalon demo/Page_CURA Healthcare Service/a_Login' is clicked on

29-01-2024T22:29:38 - [MESSAGE][PASSED] - Object: 'Object Repository/katalon demo/Page_CURA Healthcare Service/a_Login' is clicked on

29-01-2024T22:29:38 - [TEST_STEP][PASSED] - setText(findTestObject("Object Repository/katalon demo/Page_CURA Healthcare Service/input_username"), username1): Text 'aaaaa' is set on object 'Object Repository/katalon demo/Page_CURA Healthcare Service/input_username'

29-01-2024T22:29:39 - [MESSAGE][PASSED] - Text 'aaaaa' is set on object 'Object Repository/katalon demo/Page_CURA Healthcare Service/input_username'

29-01-2024T22:29:39 - [TEST_STEP][PASSED] - setText(findTestObject("Object Repository/katalon demo/Page_CURA Healthcare Service/input_password"), password1): Text 'aaaaaaaa' is set on object 'Object Repository/katalon demo/Page_CURA Healthcare Service/input_password'

29-01-2024T22:29:40 - [MESSAGE][PASSED] - Text 'aaaaaaaa' is set on object 'Object Repository/katalon demo/Page_CURA Healthcare Service/input_password'

29-01-2024T22:29:40 - [TEST_STEP][PASSED] - click(findTestObject("katalon demo/Page_CURA Healthcare Service/button_Login")): Object: 'Object Repository/katalon demo/Page_CURA Healthcare Service/button_Login' is clicked on

29-01-2024T22:29:41 - [MESSAGE][PASSED] - Object: 'Object Repository/katalon demo/Page_CURA Healthcare Service/button_Login' is clicked on

29-01-2024T22:29:41 - [TEST_STEP][PASSED] - verifyTextPresent("Login failed!", false): Text 'Login failed!' is present on page 

29-01-2024T22:29:41 - [MESSAGE][PASSED] - Text 'Login failed!' is present on page 

29-01-2024T22:29:41 - [TEST_STEP][PASSED] - takeScreenshotAsCheckpoint("negatif 1 login katalon demo"): Taking screenshot successfully

29-01-2024T22:29:42 - [MESSAGE][INFO] - 0 hidden object(s)

29-01-2024T22:29:42 - [MESSAGE][PASSED] - Taking screenshot successfully
[[ATTACHMENT|keyes\keyes-negatif 1 login katalon demo.png]]

29-01-2024T22:29:42 - [TEST_STEP][PASSED] - click(findTestObject("Object Repository/katalon demo/Page_CURA Healthcare Service/button_Login")): Object: 'Object Repository/katalon demo/Page_CURA Healthcare Service/button_Login' is clicked on

29-01-2024T22:30:01 - [MESSAGE][PASSED] - Object: 'Object Repository/katalon demo/Page_CURA Healthcare Service/button_Login' is clicked on

29-01-2024T22:30:01 - [TEST_STEP][PASSED] - setText(findTestObject("katalon demo/Page_CURA Healthcare Service/input_username"), username2): Text 'bbbbb' is set on object 'Object Repository/katalon demo/Page_CURA Healthcare Service/input_username'

29-01-2024T22:30:02 - [MESSAGE][PASSED] - Text 'bbbbb' is set on object 'Object Repository/katalon demo/Page_CURA Healthcare Service/input_username'

29-01-2024T22:30:02 - [TEST_STEP][PASSED] - setText(findTestObject("katalon demo/Page_CURA Healthcare Service/input_password"), password2): Text 'bbbbbbbb' is set on object 'Object Repository/katalon demo/Page_CURA Healthcare Service/input_password'

29-01-2024T22:30:02 - [MESSAGE][PASSED] - Text 'bbbbbbbb' is set on object 'Object Repository/katalon demo/Page_CURA Healthcare Service/input_password'

29-01-2024T22:30:02 - [TEST_STEP][PASSED] - click(findTestObject("katalon demo/Page_CURA Healthcare Service/button_Login")): Object: 'Object Repository/katalon demo/Page_CURA Healthcare Service/button_Login' is clicked on

29-01-2024T22:30:04 - [MESSAGE][PASSED] - Object: 'Object Repository/katalon demo/Page_CURA Healthcare Service/button_Login' is clicked on

29-01-2024T22:30:04 - [TEST_STEP][PASSED] - verifyTextPresent("Login failed!", false): Text 'Login failed!' is present on page 

29-01-2024T22:30:04 - [MESSAGE][PASSED] - Text 'Login failed!' is present on page 

29-01-2024T22:30:04 - [TEST_STEP][PASSED] - takeScreenshotAsCheckpoint("negatif 2 login katalon demo"): Taking screenshot successfully

29-01-2024T22:30:05 - [MESSAGE][INFO] - 0 hidden object(s)

29-01-2024T22:30:05 - [MESSAGE][PASSED] - Taking screenshot successfully
[[ATTACHMENT|keyes\keyes-negatif 2 login katalon demo.png]]]]></system-out>
         <system-err><![CDATA[]]></system-err>
      </testcase>
      <system-out><![CDATA[29-01-2024T22:27:41 - [TEST_SUITE][PASSED] - katalon demo: Test Cases/Katalon Demo/negatif login katalon demo]]></system-out>
      <system-err><![CDATA[]]></system-err>
   </testsuite>
   <testsuite name="katalon demo" tests="8" failures="0" errors="0" time="134.099" skipped="0" timestamp="29-01-2024T22:30:12" hostname="0517 - Pierrot" id="Test Suites/katalon demo">
      <properties>
         <property name="deviceName" value=""/>
         <property name="devicePlatform" value=""/>
         <property name="logFolder" value="C:\\Users\\0517\\Katalon Studio\\poc bni\\Reports\\20240129_222034\\katalon demo\\20240129_222055"/>
         <property name="logFiles" value="C:\\Users\\0517\\Katalon Studio\\poc bni\\Reports\\20240129_222034\\katalon demo\\20240129_222055\\execution0.log"/>
         <property name="attachments" value="keyes\keyes-login katalon demo.png, keyes\keyes-appointment katalon demo.png, keyes\keyes-appointment 1 katalon demo.png, keyes\keyes-appointment 2 katalon demo.png, keyes\keyes-history katalon demo.png, keyes\keyes-profile katalon demo.png, keyes\keyes-logout katalon demo.png, keyes\keyes-negatif 1 login katalon demo.png, keyes\keyes-negatif 2 login katalon demo.png"/>
         <property name="hostName" value="0517 - Pierrot"/>
         <property name="os" value="Windows 10 64bit"/>
         <property name="katalonVersion" value="9.2.0.212"/>
         <property name="browser" value="Chrome 121.0.0.0"/>
         <property name="hostAddress" value="192.168.96.2"/>
         <property name="sessionId" value="922430d2d72f6334d320767d902500ad"/>
         <property name="seleniumVersion" value="3.141.59"/>
         <property name="proxyInformation" value="ProxyInformation { proxyOption=NO_PROXY, proxyServerType=HTTP, username=, password=********, proxyServerAddress=, proxyServerPort=0, executionList=&quot;&quot;, isApplyToDesiredCapabilities=true }"/>
         <property name="platform" value="Windows 10"/>
      </properties>
      <testcase name="Test Cases/Katalon Demo/login katalon demo" time="18.031" classname="Test Cases/Katalon Demo/login katalon demo" status="PASSED">
         <system-out><![CDATA[29-01-2024T22:30:12 - [TEST_CASE][PASSED] - Test Cases/Katalon Demo/login katalon demo: Test Cases/Katalon Demo/login katalon demo

29-01-2024T22:30:12 - [TEST_STEP][PASSED] - openBrowser(""): Browser is opened with url: ''

29-01-2024T22:30:13 - [MESSAGE][INFO] - Starting 'Chrome' driver

29-01-2024T22:30:13 - [MESSAGE][INFO] - Action delay is set to 0 milliseconds

29-01-2024T22:30:15 - [MESSAGE][PASSED] - Browser is opened with url: ''

29-01-2024T22:30:15 - [TEST_STEP][PASSED] - navigateToUrl("https://katalon-demo-cura.herokuapp.com/"): Navigate to 'https://katalon-demo-cura.herokuapp.com/' successfully

29-01-2024T22:30:26 - [MESSAGE][PASSED] - Navigate to 'https://katalon-demo-cura.herokuapp.com/' successfully

29-01-2024T22:30:26 - [TEST_STEP][PASSED] - click(findTestObject("Object Repository/katalon demo/Page_CURA Healthcare Service/amenu-toggle")): Object: 'Object Repository/katalon demo/Page_CURA Healthcare Service/amenu-toggle' is clicked on

29-01-2024T22:30:26 - [MESSAGE][PASSED] - Object: 'Object Repository/katalon demo/Page_CURA Healthcare Service/amenu-toggle' is clicked on

29-01-2024T22:30:26 - [TEST_STEP][PASSED] - click(findTestObject("Object Repository/katalon demo/Page_CURA Healthcare Service/a_Login")): Object: 'Object Repository/katalon demo/Page_CURA Healthcare Service/a_Login' is clicked on

29-01-2024T22:30:27 - [MESSAGE][PASSED] - Object: 'Object Repository/katalon demo/Page_CURA Healthcare Service/a_Login' is clicked on

29-01-2024T22:30:27 - [TEST_STEP][PASSED] - setText(findTestObject("Object Repository/katalon demo/Page_CURA Healthcare Service/input_username"), "John Doe"): Text 'John Doe' is set on object 'Object Repository/katalon demo/Page_CURA Healthcare Service/input_username'

29-01-2024T22:30:28 - [MESSAGE][PASSED] - Text 'John Doe' is set on object 'Object Repository/katalon demo/Page_CURA Healthcare Service/input_username'

29-01-2024T22:30:28 - [TEST_STEP][PASSED] - setEncryptedText(findTestObject("Object Repository/katalon demo/Page_CURA Healthcare Service/input_password"), "g3/DOGG74jC3Flrr3yH+3D/yKbOqqUNM"): Text ****** has been set on object 'Object Repository/katalon demo/Page_CURA Healthcare Service/input_password'

29-01-2024T22:30:28 - [MESSAGE][PASSED] - Text ****** has been set on object 'Object Repository/katalon demo/Page_CURA Healthcare Service/input_password'

29-01-2024T22:30:28 - [TEST_STEP][PASSED] - takeScreenshotAsCheckpoint("login katalon demo", STOP_ON_FAILURE): Taking screenshot successfully

29-01-2024T22:30:29 - [MESSAGE][INFO] - 0 hidden object(s)

29-01-2024T22:30:29 - [MESSAGE][PASSED] - Taking screenshot successfully
[[ATTACHMENT|keyes\keyes-login katalon demo.png]]

29-01-2024T22:30:29 - [TEST_STEP][PASSED] - click(findTestObject("Object Repository/katalon demo/Page_CURA Healthcare Service/button_Login")): Object: 'Object Repository/katalon demo/Page_CURA Healthcare Service/button_Login' is clicked on

29-01-2024T22:30:30 - [MESSAGE][PASSED] - Object: 'Object Repository/katalon demo/Page_CURA Healthcare Service/button_Login' is clicked on]]></system-out>
         <system-err><![CDATA[]]></system-err>
      </testcase>
      <testcase name="Test Cases/Katalon Demo/make appointment katalon demo" time="6.216" classname="Test Cases/Katalon Demo/make appointment katalon demo" status="PASSED">
         <system-out><![CDATA[29-01-2024T22:30:30 - [TEST_CASE][PASSED] - Test Cases/Katalon Demo/make appointment katalon demo: Test Cases/Katalon Demo/make appointment katalon demo

29-01-2024T22:30:30 - [TEST_STEP][PASSED] - selectOptionByValue(findTestObject("Object Repository/katalon demo/Page_CURA Healthcare Service/select_Tokyo"), "Hongkong CURA Healthcare Center", true): All options with value 'Hongkong CURA Healthcare Center' are selected in object 'Object Repository/katalon demo/Page_CURA Healthcare Service/select_Tokyo'  using regular expression

29-01-2024T22:30:31 - [MESSAGE][PASSED] - All options with value 'Hongkong CURA Healthcare Center' are selected in object 'Object Repository/katalon demo/Page_CURA Healthcare Service/select_Tokyo'  using regular expression

29-01-2024T22:30:31 - [TEST_STEP][PASSED] - click(findTestObject("Object Repository/katalon demo/Page_CURA Healthcare Service/label_Apply for hospital readmission")): Object: 'Object Repository/katalon demo/Page_CURA Healthcare Service/label_Apply for hospital readmission' is clicked on

29-01-2024T22:30:32 - [MESSAGE][PASSED] - Object: 'Object Repository/katalon demo/Page_CURA Healthcare Service/label_Apply for hospital readmission' is clicked on

29-01-2024T22:30:32 - [TEST_STEP][PASSED] - click(findTestObject("Object Repository/katalon demo/Page_CURA Healthcare Service/input_programs")): Object: 'Object Repository/katalon demo/Page_CURA Healthcare Service/input_programs' is clicked on

29-01-2024T22:30:32 - [MESSAGE][PASSED] - Object: 'Object Repository/katalon demo/Page_CURA Healthcare Service/input_programs' is clicked on

29-01-2024T22:30:32 - [TEST_STEP][PASSED] - click(findTestObject("Object Repository/katalon demo/Page_CURA Healthcare Service/span_glyphicon glyphicon-calendar")): Object: 'Object Repository/katalon demo/Page_CURA Healthcare Service/span_glyphicon glyphicon-calendar' is clicked on

29-01-2024T22:30:33 - [MESSAGE][PASSED] - Object: 'Object Repository/katalon demo/Page_CURA Healthcare Service/span_glyphicon glyphicon-calendar' is clicked on

29-01-2024T22:30:33 - [TEST_STEP][PASSED] - click(findTestObject("Object Repository/katalon demo/Page_CURA Healthcare Service/td_31")): Object: 'Object Repository/katalon demo/Page_CURA Healthcare Service/td_31' is clicked on

29-01-2024T22:30:33 - [MESSAGE][PASSED] - Object: 'Object Repository/katalon demo/Page_CURA Healthcare Service/td_31' is clicked on

29-01-2024T22:30:33 - [TEST_STEP][PASSED] - setText(findTestObject("Object Repository/katalon demo/Page_CURA Healthcare Service/textarea_comment"), "tes katalon demo"): Text 'tes katalon demo' is set on object 'Object Repository/katalon demo/Page_CURA Healthcare Service/textarea_comment'

29-01-2024T22:30:34 - [MESSAGE][PASSED] - Text 'tes katalon demo' is set on object 'Object Repository/katalon demo/Page_CURA Healthcare Service/textarea_comment'

29-01-2024T22:30:34 - [TEST_STEP][PASSED] - click(findTestObject("Object Repository/katalon demo/Page_CURA Healthcare Service/button_Book Appointment")): Object: 'Object Repository/katalon demo/Page_CURA Healthcare Service/button_Book Appointment' is clicked on

29-01-2024T22:30:35 - [MESSAGE][PASSED] - Object: 'Object Repository/katalon demo/Page_CURA Healthcare Service/button_Book Appointment' is clicked on

29-01-2024T22:30:35 - [TEST_STEP][PASSED] - verifyTextPresent("Appointment Confirmation", false): Text 'Appointment Confirmation' is present on page 

29-01-2024T22:30:35 - [MESSAGE][PASSED] - Text 'Appointment Confirmation' is present on page 

29-01-2024T22:30:35 - [TEST_STEP][PASSED] - takeScreenshotAsCheckpoint("appointment katalon demo"): Taking screenshot successfully

29-01-2024T22:30:36 - [MESSAGE][INFO] - 0 hidden object(s)

29-01-2024T22:30:36 - [MESSAGE][PASSED] - Taking screenshot successfully
[[ATTACHMENT|keyes\keyes-appointment katalon demo.png]]

29-01-2024T22:30:36 - [TEST_STEP][PASSED] - click(findTestObject("Object Repository/katalon demo/Page_CURA Healthcare Service/a_Go to Homepage")): Object: 'Object Repository/katalon demo/Page_CURA Healthcare Service/a_Go to Homepage' is clicked on

29-01-2024T22:30:36 - [MESSAGE][PASSED] - Object: 'Object Repository/katalon demo/Page_CURA Healthcare Service/a_Go to Homepage' is clicked on]]></system-out>
         <system-err><![CDATA[]]></system-err>
      </testcase>
      <testcase name="Test Cases/Katalon Demo/make appointment katalon demo 1" time="5.877" classname="Test Cases/Katalon Demo/make appointment katalon demo 1" status="PASSED">
         <system-out><![CDATA[29-01-2024T22:30:36 - [TEST_CASE][PASSED] - Test Cases/Katalon Demo/make appointment katalon demo 1: Test Cases/Katalon Demo/make appointment katalon demo 1

29-01-2024T22:30:36 - [TEST_STEP][PASSED] - selectOptionByValue(findTestObject("Object Repository/katalon demo/Page_CURA Healthcare Service/select_Tokyo"), "Seoul CURA Healthcare Center", true): All options with value 'Seoul CURA Healthcare Center' are selected in object 'Object Repository/katalon demo/Page_CURA Healthcare Service/select_Tokyo'  using regular expression

29-01-2024T22:30:37 - [MESSAGE][PASSED] - All options with value 'Seoul CURA Healthcare Center' are selected in object 'Object Repository/katalon demo/Page_CURA Healthcare Service/select_Tokyo'  using regular expression

29-01-2024T22:30:37 - [TEST_STEP][PASSED] - click(findTestObject("Object Repository/katalon demo/Page_CURA Healthcare Service/input_hospital_readmission")): Object: 'Object Repository/katalon demo/Page_CURA Healthcare Service/input_hospital_readmission' is clicked on

29-01-2024T22:30:38 - [MESSAGE][PASSED] - Object: 'Object Repository/katalon demo/Page_CURA Healthcare Service/input_hospital_readmission' is clicked on

29-01-2024T22:30:38 - [TEST_STEP][PASSED] - click(findTestObject("Object Repository/katalon demo/Page_CURA Healthcare Service/input_programs")): Object: 'Object Repository/katalon demo/Page_CURA Healthcare Service/input_programs' is clicked on

29-01-2024T22:30:38 - [MESSAGE][PASSED] - Object: 'Object Repository/katalon demo/Page_CURA Healthcare Service/input_programs' is clicked on

29-01-2024T22:30:38 - [TEST_STEP][PASSED] - click(findTestObject("Object Repository/katalon demo/Page_CURA Healthcare Service/span_glyphicon glyphicon-calendar")): Object: 'Object Repository/katalon demo/Page_CURA Healthcare Service/span_glyphicon glyphicon-calendar' is clicked on

29-01-2024T22:30:39 - [MESSAGE][PASSED] - Object: 'Object Repository/katalon demo/Page_CURA Healthcare Service/span_glyphicon glyphicon-calendar' is clicked on

29-01-2024T22:30:39 - [TEST_STEP][PASSED] - click(findTestObject("Object Repository/katalon demo/Page_CURA Healthcare Service/td_30")): Object: 'Object Repository/katalon demo/Page_CURA Healthcare Service/td_30' is clicked on

29-01-2024T22:30:39 - [MESSAGE][PASSED] - Object: 'Object Repository/katalon demo/Page_CURA Healthcare Service/td_30' is clicked on

29-01-2024T22:30:39 - [TEST_STEP][PASSED] - setText(findTestObject("Object Repository/katalon demo/Page_CURA Healthcare Service/textarea_comment"), "tes katalon"): Text 'tes katalon' is set on object 'Object Repository/katalon demo/Page_CURA Healthcare Service/textarea_comment'

29-01-2024T22:30:40 - [MESSAGE][PASSED] - Text 'tes katalon' is set on object 'Object Repository/katalon demo/Page_CURA Healthcare Service/textarea_comment'

29-01-2024T22:30:40 - [TEST_STEP][PASSED] - click(findTestObject("Object Repository/katalon demo/Page_CURA Healthcare Service/button_Book Appointment")): Object: 'Object Repository/katalon demo/Page_CURA Healthcare Service/button_Book Appointment' is clicked on

29-01-2024T22:30:41 - [MESSAGE][PASSED] - Object: 'Object Repository/katalon demo/Page_CURA Healthcare Service/button_Book Appointment' is clicked on

29-01-2024T22:30:41 - [TEST_STEP][PASSED] - verifyTextPresent("Appointment Confirmation", false): Text 'Appointment Confirmation' is present on page 

29-01-2024T22:30:41 - [MESSAGE][PASSED] - Text 'Appointment Confirmation' is present on page 

29-01-2024T22:30:41 - [TEST_STEP][PASSED] - takeScreenshotAsCheckpoint("appointment 1 katalon demo"): Taking screenshot successfully

29-01-2024T22:30:41 - [MESSAGE][INFO] - 0 hidden object(s)

29-01-2024T22:30:42 - [MESSAGE][PASSED] - Taking screenshot successfully
[[ATTACHMENT|keyes\keyes-appointment 1 katalon demo.png]]

29-01-2024T22:30:42 - [TEST_STEP][PASSED] - click(findTestObject("Object Repository/katalon demo/Page_CURA Healthcare Service/a_Go to Homepage")): Object: 'Object Repository/katalon demo/Page_CURA Healthcare Service/a_Go to Homepage' is clicked on

29-01-2024T22:30:42 - [MESSAGE][PASSED] - Object: 'Object Repository/katalon demo/Page_CURA Healthcare Service/a_Go to Homepage' is clicked on]]></system-out>
         <system-err><![CDATA[]]></system-err>
      </testcase>
      <testcase name="Test Cases/Katalon Demo/make appointment katalon demo 2" time="5.437" classname="Test Cases/Katalon Demo/make appointment katalon demo 2" status="PASSED">
         <system-out><![CDATA[29-01-2024T22:30:42 - [TEST_CASE][PASSED] - Test Cases/Katalon Demo/make appointment katalon demo 2: Test Cases/Katalon Demo/make appointment katalon demo 2

29-01-2024T22:30:42 - [TEST_STEP][PASSED] - click(findTestObject("Object Repository/katalon demo/Page_CURA Healthcare Service/label_Apply for hospital readmission")): Object: 'Object Repository/katalon demo/Page_CURA Healthcare Service/label_Apply for hospital readmission' is clicked on

29-01-2024T22:30:43 - [MESSAGE][PASSED] - Object: 'Object Repository/katalon demo/Page_CURA Healthcare Service/label_Apply for hospital readmission' is clicked on

29-01-2024T22:30:43 - [TEST_STEP][PASSED] - click(findTestObject("Object Repository/katalon demo/Page_CURA Healthcare Service/input_programs")): Object: 'Object Repository/katalon demo/Page_CURA Healthcare Service/input_programs' is clicked on

29-01-2024T22:30:43 - [MESSAGE][PASSED] - Object: 'Object Repository/katalon demo/Page_CURA Healthcare Service/input_programs' is clicked on

29-01-2024T22:30:43 - [TEST_STEP][PASSED] - click(findTestObject("Object Repository/katalon demo/Page_CURA Healthcare Service/input_visit_date")): Object: 'Object Repository/katalon demo/Page_CURA Healthcare Service/input_visit_date' is clicked on

29-01-2024T22:30:43 - [MESSAGE][PASSED] - Object: 'Object Repository/katalon demo/Page_CURA Healthcare Service/input_visit_date' is clicked on

29-01-2024T22:30:43 - [TEST_STEP][PASSED] - click(findTestObject("Object Repository/katalon demo/Page_CURA Healthcare Service/th_")): Object: 'Object Repository/katalon demo/Page_CURA Healthcare Service/th_' is clicked on

29-01-2024T22:30:44 - [MESSAGE][PASSED] - Object: 'Object Repository/katalon demo/Page_CURA Healthcare Service/th_' is clicked on

29-01-2024T22:30:44 - [TEST_STEP][PASSED] - click(findTestObject("Object Repository/katalon demo/Page_CURA Healthcare Service/td_28")): Object: 'Object Repository/katalon demo/Page_CURA Healthcare Service/td_28' is clicked on

29-01-2024T22:30:44 - [MESSAGE][PASSED] - Object: 'Object Repository/katalon demo/Page_CURA Healthcare Service/td_28' is clicked on

29-01-2024T22:30:44 - [TEST_STEP][PASSED] - setText(findTestObject("Object Repository/katalon demo/Page_CURA Healthcare Service/textarea_comment"), "tes katalon"): Text 'tes katalon' is set on object 'Object Repository/katalon demo/Page_CURA Healthcare Service/textarea_comment'

29-01-2024T22:30:45 - [MESSAGE][PASSED] - Text 'tes katalon' is set on object 'Object Repository/katalon demo/Page_CURA Healthcare Service/textarea_comment'

29-01-2024T22:30:45 - [TEST_STEP][PASSED] - click(findTestObject("Object Repository/katalon demo/Page_CURA Healthcare Service/button_Book Appointment")): Object: 'Object Repository/katalon demo/Page_CURA Healthcare Service/button_Book Appointment' is clicked on

29-01-2024T22:30:46 - [MESSAGE][PASSED] - Object: 'Object Repository/katalon demo/Page_CURA Healthcare Service/button_Book Appointment' is clicked on

29-01-2024T22:30:46 - [TEST_STEP][PASSED] - verifyTextPresent("Appointment Confirmation", false): Text 'Appointment Confirmation' is present on page 

29-01-2024T22:30:47 - [MESSAGE][PASSED] - Text 'Appointment Confirmation' is present on page 

29-01-2024T22:30:47 - [TEST_STEP][PASSED] - takeScreenshotAsCheckpoint("appointment 2 katalon demo"): Taking screenshot successfully

29-01-2024T22:30:47 - [MESSAGE][INFO] - 0 hidden object(s)

29-01-2024T22:30:47 - [MESSAGE][PASSED] - Taking screenshot successfully
[[ATTACHMENT|keyes\keyes-appointment 2 katalon demo.png]]

29-01-2024T22:30:47 - [TEST_STEP][PASSED] - click(findTestObject("Object Repository/katalon demo/Page_CURA Healthcare Service/a_Go to Homepage")): Object: 'Object Repository/katalon demo/Page_CURA Healthcare Service/a_Go to Homepage' is clicked on

29-01-2024T22:30:48 - [MESSAGE][PASSED] - Object: 'Object Repository/katalon demo/Page_CURA Healthcare Service/a_Go to Homepage' is clicked on]]></system-out>
         <system-err><![CDATA[]]></system-err>
      </testcase>
      <testcase name="Test Cases/Katalon Demo/history katalon demo" time="69.186" classname="Test Cases/Katalon Demo/history katalon demo" status="PASSED">
         <system-out><![CDATA[29-01-2024T22:30:48 - [TEST_CASE][PASSED] - Test Cases/Katalon Demo/history katalon demo: Test Cases/Katalon Demo/history katalon demo

29-01-2024T22:30:48 - [TEST_STEP][PASSED] - click(findTestObject("Object Repository/katalon demo/Page_CURA Healthcare Service/amenu-toggle")): Object: 'Object Repository/katalon demo/Page_CURA Healthcare Service/amenu-toggle' is clicked on

29-01-2024T22:30:48 - [MESSAGE][PASSED] - Object: 'Object Repository/katalon demo/Page_CURA Healthcare Service/amenu-toggle' is clicked on

29-01-2024T22:30:48 - [TEST_STEP][PASSED] - click(findTestObject("Object Repository/katalon demo/Page_CURA Healthcare Service/a_History")): Object: 'Object Repository/katalon demo/Page_CURA Healthcare Service/a_History' is clicked on

29-01-2024T22:30:49 - [MESSAGE][PASSED] - Object: 'Object Repository/katalon demo/Page_CURA Healthcare Service/a_History' is clicked on

29-01-2024T22:30:49 - [TEST_STEP][PASSED] - takeScreenshotAsCheckpoint("history katalon demo"): Taking screenshot successfully

29-01-2024T22:30:50 - [MESSAGE][INFO] - 0 hidden object(s)

29-01-2024T22:30:50 - [MESSAGE][PASSED] - Taking screenshot successfully
[[ATTACHMENT|keyes\keyes-history katalon demo.png]]

29-01-2024T22:30:50 - [TEST_STEP][PASSED] - scrollToElement(findTestObject("katalon demo/Page_CURA Healthcare Service/a_Go to Homepage"), 3): Scroll to object 'Object Repository/katalon demo/Page_CURA Healthcare Service/a_Go to Homepage' successfully

29-01-2024T22:31:21 - [MESSAGE][INFO] - Unable to find the element located by 'By.xpath: //section[@id='summary']/div/div/div[7]/p/a'. Please recheck the objects properties to make sure the desired element is located. 

29-01-2024T22:31:21 - [MESSAGE][WARNING] - [SELF-HEALING] Failed to find element with id 'Object Repository/katalon demo/Page_CURA Healthcare Service/a_Go to Homepage'. Try using Self-healing.

29-01-2024T22:31:21 - [MESSAGE][WARNING] - [SELF-HEALING] The current locator of test object 'Object Repository/katalon demo/Page_CURA Healthcare Service/a_Go to Homepage' was broken. Propose an alternative one: '//a[contains(text(),'Go to Homepage')]'.

29-01-2024T22:31:21 - [MESSAGE][PASSED] - Scroll to object 'Object Repository/katalon demo/Page_CURA Healthcare Service/a_Go to Homepage' successfully

29-01-2024T22:31:21 - [TEST_STEP][PASSED] - click(findTestObject("Object Repository/katalon demo/Page_CURA Healthcare Service/a_Go to Homepage")): Object: 'Object Repository/katalon demo/Page_CURA Healthcare Service/a_Go to Homepage' is clicked on

29-01-2024T22:31:53 - [MESSAGE][INFO] - Unable to find the element located by 'By.xpath: //section[@id='summary']/div/div/div[7]/p/a'. Please recheck the objects properties to make sure the desired element is located. 

29-01-2024T22:31:53 - [MESSAGE][WARNING] - [SELF-HEALING] Failed to find element with id 'Object Repository/katalon demo/Page_CURA Healthcare Service/a_Go to Homepage'. Try using Self-healing.

29-01-2024T22:31:53 - [MESSAGE][WARNING] - [SELF-HEALING] The current locator of test object 'Object Repository/katalon demo/Page_CURA Healthcare Service/a_Go to Homepage' was broken. Propose an alternative one: '//a[contains(text(),'Go to Homepage')]'.

29-01-2024T22:31:57 - [MESSAGE][PASSED] - Object: 'Object Repository/katalon demo/Page_CURA Healthcare Service/a_Go to Homepage' is clicked on]]></system-out>
         <system-err><![CDATA[]]></system-err>
      </testcase>
      <testcase name="Test Cases/Katalon Demo/profile katalon demo" time="6.418" classname="Test Cases/Katalon Demo/profile katalon demo" status="PASSED">
         <system-out><![CDATA[29-01-2024T22:31:57 - [TEST_CASE][PASSED] - Test Cases/Katalon Demo/profile katalon demo: Test Cases/Katalon Demo/profile katalon demo

29-01-2024T22:31:57 - [TEST_STEP][PASSED] - click(findTestObject("Object Repository/katalon demo/Page_CURA Healthcare Service/i_fa fa-bars")): Object: 'Object Repository/katalon demo/Page_CURA Healthcare Service/i_fa fa-bars' is clicked on

29-01-2024T22:31:57 - [MESSAGE][PASSED] - Object: 'Object Repository/katalon demo/Page_CURA Healthcare Service/i_fa fa-bars' is clicked on

29-01-2024T22:31:57 - [TEST_STEP][PASSED] - click(findTestObject("Object Repository/katalon demo/Page_CURA Healthcare Service/a_Profile")): Object: 'Object Repository/katalon demo/Page_CURA Healthcare Service/a_Profile' is clicked on

29-01-2024T22:32:01 - [MESSAGE][PASSED] - Object: 'Object Repository/katalon demo/Page_CURA Healthcare Service/a_Profile' is clicked on

29-01-2024T22:32:01 - [TEST_STEP][PASSED] - takeScreenshotAsCheckpoint("profile katalon demo"): Taking screenshot successfully

29-01-2024T22:32:02 - [MESSAGE][INFO] - 0 hidden object(s)

29-01-2024T22:32:02 - [MESSAGE][PASSED] - Taking screenshot successfully
[[ATTACHMENT|keyes\keyes-profile katalon demo.png]]

29-01-2024T22:32:02 - [TEST_STEP][PASSED] - click(findTestObject("Object Repository/katalon demo/Page_CURA Healthcare Service/i_fa fa-bars")): Object: 'Object Repository/katalon demo/Page_CURA Healthcare Service/i_fa fa-bars' is clicked on

29-01-2024T22:32:02 - [MESSAGE][PASSED] - Object: 'Object Repository/katalon demo/Page_CURA Healthcare Service/i_fa fa-bars' is clicked on

29-01-2024T22:32:02 - [TEST_STEP][PASSED] - click(findTestObject("Object Repository/katalon demo/Page_CURA Healthcare Service/a_Home")): Object: 'Object Repository/katalon demo/Page_CURA Healthcare Service/a_Home' is clicked on

29-01-2024T22:32:03 - [MESSAGE][PASSED] - Object: 'Object Repository/katalon demo/Page_CURA Healthcare Service/a_Home' is clicked on]]></system-out>
         <system-err><![CDATA[]]></system-err>
      </testcase>
      <testcase name="Test Cases/Katalon Demo/logout katalon demo" time="2.793" classname="Test Cases/Katalon Demo/logout katalon demo" status="PASSED">
         <system-out><![CDATA[29-01-2024T22:32:03 - [TEST_CASE][PASSED] - Test Cases/Katalon Demo/logout katalon demo: Test Cases/Katalon Demo/logout katalon demo

29-01-2024T22:32:03 - [TEST_STEP][PASSED] - click(findTestObject("Object Repository/katalon demo/Page_CURA Healthcare Service/i_fa fa-bars")): Object: 'Object Repository/katalon demo/Page_CURA Healthcare Service/i_fa fa-bars' is clicked on

29-01-2024T22:32:04 - [MESSAGE][PASSED] - Object: 'Object Repository/katalon demo/Page_CURA Healthcare Service/i_fa fa-bars' is clicked on

29-01-2024T22:32:04 - [TEST_STEP][PASSED] - takeScreenshotAsCheckpoint("logout katalon demo"): Taking screenshot successfully

29-01-2024T22:32:05 - [MESSAGE][INFO] - 0 hidden object(s)

29-01-2024T22:32:05 - [MESSAGE][PASSED] - Taking screenshot successfully
[[ATTACHMENT|keyes\keyes-logout katalon demo.png]]

29-01-2024T22:32:05 - [TEST_STEP][PASSED] - click(findTestObject("Object Repository/katalon demo/Page_CURA Healthcare Service/a_Logout")): Object: 'Object Repository/katalon demo/Page_CURA Healthcare Service/a_Logout' is clicked on

29-01-2024T22:32:06 - [MESSAGE][PASSED] - Object: 'Object Repository/katalon demo/Page_CURA Healthcare Service/a_Logout' is clicked on

29-01-2024T22:32:06 - [TEST_STEP][PASSED] - closeBrowser(): Browser is closed

29-01-2024T22:32:06 - [MESSAGE][PASSED] - Browser is closed]]></system-out>
         <system-err><![CDATA[]]></system-err>
      </testcase>
      <testcase name="Test Cases/Katalon Demo/negatif login katalon demo" time="19.832" classname="Test Cases/Katalon Demo/negatif login katalon demo" status="PASSED">
         <system-out><![CDATA[29-01-2024T22:32:06 - [TEST_CASE][PASSED] - Test Cases/Katalon Demo/negatif login katalon demo: Test Cases/Katalon Demo/negatif login katalon demo

29-01-2024T22:32:06 - [TEST_STEP][PASSED] - openBrowser(""): Browser is opened with url: ''

29-01-2024T22:32:06 - [MESSAGE][INFO] - Starting 'Chrome' driver

29-01-2024T22:32:06 - [MESSAGE][INFO] - Action delay is set to 0 milliseconds

29-01-2024T22:32:07 - [MESSAGE][PASSED] - Browser is opened with url: ''

29-01-2024T22:32:07 - [TEST_STEP][PASSED] - navigateToUrl("https://katalon-demo-cura.herokuapp.com/"): Navigate to 'https://katalon-demo-cura.herokuapp.com/' successfully

29-01-2024T22:32:17 - [MESSAGE][PASSED] - Navigate to 'https://katalon-demo-cura.herokuapp.com/' successfully

29-01-2024T22:32:17 - [TEST_STEP][PASSED] - click(findTestObject("Object Repository/katalon demo/Page_CURA Healthcare Service/amenu-toggle")): Object: 'Object Repository/katalon demo/Page_CURA Healthcare Service/amenu-toggle' is clicked on

29-01-2024T22:32:17 - [MESSAGE][PASSED] - Object: 'Object Repository/katalon demo/Page_CURA Healthcare Service/amenu-toggle' is clicked on

29-01-2024T22:32:17 - [TEST_STEP][PASSED] - click(findTestObject("Object Repository/katalon demo/Page_CURA Healthcare Service/a_Login")): Object: 'Object Repository/katalon demo/Page_CURA Healthcare Service/a_Login' is clicked on

29-01-2024T22:32:18 - [MESSAGE][PASSED] - Object: 'Object Repository/katalon demo/Page_CURA Healthcare Service/a_Login' is clicked on

29-01-2024T22:32:18 - [TEST_STEP][PASSED] - setText(findTestObject("Object Repository/katalon demo/Page_CURA Healthcare Service/input_username"), username1): Text 'aaaaa' is set on object 'Object Repository/katalon demo/Page_CURA Healthcare Service/input_username'

29-01-2024T22:32:19 - [MESSAGE][PASSED] - Text 'aaaaa' is set on object 'Object Repository/katalon demo/Page_CURA Healthcare Service/input_username'

29-01-2024T22:32:19 - [TEST_STEP][PASSED] - setText(findTestObject("Object Repository/katalon demo/Page_CURA Healthcare Service/input_password"), password1): Text 'aaaaaaaa' is set on object 'Object Repository/katalon demo/Page_CURA Healthcare Service/input_password'

29-01-2024T22:32:20 - [MESSAGE][PASSED] - Text 'aaaaaaaa' is set on object 'Object Repository/katalon demo/Page_CURA Healthcare Service/input_password'

29-01-2024T22:32:20 - [TEST_STEP][PASSED] - click(findTestObject("katalon demo/Page_CURA Healthcare Service/button_Login")): Object: 'Object Repository/katalon demo/Page_CURA Healthcare Service/button_Login' is clicked on

29-01-2024T22:32:20 - [MESSAGE][PASSED] - Object: 'Object Repository/katalon demo/Page_CURA Healthcare Service/button_Login' is clicked on

29-01-2024T22:32:20 - [TEST_STEP][PASSED] - verifyTextPresent("Login failed!", false): Text 'Login failed!' is present on page 

29-01-2024T22:32:21 - [MESSAGE][PASSED] - Text 'Login failed!' is present on page 

29-01-2024T22:32:21 - [TEST_STEP][PASSED] - takeScreenshotAsCheckpoint("negatif 1 login katalon demo"): Taking screenshot successfully

29-01-2024T22:32:21 - [MESSAGE][INFO] - 0 hidden object(s)

29-01-2024T22:32:21 - [MESSAGE][PASSED] - Taking screenshot successfully
[[ATTACHMENT|keyes\keyes-negatif 1 login katalon demo.png]]

29-01-2024T22:32:21 - [TEST_STEP][PASSED] - click(findTestObject("Object Repository/katalon demo/Page_CURA Healthcare Service/button_Login")): Object: 'Object Repository/katalon demo/Page_CURA Healthcare Service/button_Login' is clicked on

29-01-2024T22:32:22 - [MESSAGE][PASSED] - Object: 'Object Repository/katalon demo/Page_CURA Healthcare Service/button_Login' is clicked on

29-01-2024T22:32:22 - [TEST_STEP][PASSED] - setText(findTestObject("katalon demo/Page_CURA Healthcare Service/input_username"), username2): Text 'bbbbb' is set on object 'Object Repository/katalon demo/Page_CURA Healthcare Service/input_username'

29-01-2024T22:32:23 - [MESSAGE][PASSED] - Text 'bbbbb' is set on object 'Object Repository/katalon demo/Page_CURA Healthcare Service/input_username'

29-01-2024T22:32:23 - [TEST_STEP][PASSED] - setText(findTestObject("katalon demo/Page_CURA Healthcare Service/input_password"), password2): Text 'bbbbbbbb' is set on object 'Object Repository/katalon demo/Page_CURA Healthcare Service/input_password'

29-01-2024T22:32:24 - [MESSAGE][PASSED] - Text 'bbbbbbbb' is set on object 'Object Repository/katalon demo/Page_CURA Healthcare Service/input_password'

29-01-2024T22:32:24 - [TEST_STEP][PASSED] - click(findTestObject("katalon demo/Page_CURA Healthcare Service/button_Login")): Object: 'Object Repository/katalon demo/Page_CURA Healthcare Service/button_Login' is clicked on

29-01-2024T22:32:25 - [MESSAGE][PASSED] - Object: 'Object Repository/katalon demo/Page_CURA Healthcare Service/button_Login' is clicked on

29-01-2024T22:32:25 - [TEST_STEP][PASSED] - verifyTextPresent("Login failed!", false): Text 'Login failed!' is present on page 

29-01-2024T22:32:25 - [MESSAGE][PASSED] - Text 'Login failed!' is present on page 

29-01-2024T22:32:25 - [TEST_STEP][PASSED] - takeScreenshotAsCheckpoint("negatif 2 login katalon demo"): Taking screenshot successfully

29-01-2024T22:32:26 - [MESSAGE][INFO] - 0 hidden object(s)

29-01-2024T22:32:26 - [MESSAGE][PASSED] - Taking screenshot successfully
[[ATTACHMENT|keyes\keyes-negatif 2 login katalon demo.png]]]]></system-out>
         <system-err><![CDATA[]]></system-err>
      </testcase>
      <system-out><![CDATA[29-01-2024T22:30:12 - [TEST_SUITE][PASSED] - katalon demo: Test Cases/Katalon Demo/negatif login katalon demo]]></system-out>
      <system-err><![CDATA[]]></system-err>
   </testsuite>
   <testsuite name="katalon demo" tests="8" failures="0" errors="0" time="119.348" skipped="0" timestamp="29-01-2024T22:32:33" hostname="0517 - Pierrot" id="Test Suites/katalon demo">
      <properties>
         <property name="deviceName" value=""/>
         <property name="devicePlatform" value=""/>
         <property name="logFolder" value="C:\\Users\\0517\\Katalon Studio\\poc bni\\Reports\\20240129_222034\\katalon demo\\20240129_222101"/>
         <property name="logFiles" value="C:\\Users\\0517\\Katalon Studio\\poc bni\\Reports\\20240129_222034\\katalon demo\\20240129_222101\\execution0.log"/>
         <property name="attachments" value="keyes\keyes-login katalon demo.png, keyes\keyes-appointment katalon demo.png, keyes\keyes-appointment 1 katalon demo.png, keyes\keyes-appointment 2 katalon demo.png, keyes\keyes-history katalon demo.png, keyes\keyes-profile katalon demo.png, keyes\keyes-logout katalon demo.png, keyes\keyes-negatif 1 login katalon demo.png, keyes\keyes-negatif 2 login katalon demo.png"/>
         <property name="hostName" value="0517 - Pierrot"/>
         <property name="os" value="Windows 10 64bit"/>
         <property name="katalonVersion" value="9.2.0.212"/>
         <property name="browser" value="Chrome 121.0.0.0"/>
         <property name="hostAddress" value="192.168.96.2"/>
         <property name="sessionId" value="d43b416f7a3cc2d7cd36c2da88a6adf2"/>
         <property name="seleniumVersion" value="3.141.59"/>
         <property name="proxyInformation" value="ProxyInformation { proxyOption=NO_PROXY, proxyServerType=HTTP, username=, password=********, proxyServerAddress=, proxyServerPort=0, executionList=&quot;&quot;, isApplyToDesiredCapabilities=true }"/>
         <property name="platform" value="Windows 10"/>
      </properties>
      <testcase name="Test Cases/Katalon Demo/login katalon demo" time="10.783" classname="Test Cases/Katalon Demo/login katalon demo" status="PASSED">
         <system-out><![CDATA[29-01-2024T22:32:33 - [TEST_CASE][PASSED] - Test Cases/Katalon Demo/login katalon demo: Test Cases/Katalon Demo/login katalon demo

29-01-2024T22:32:33 - [TEST_STEP][PASSED] - openBrowser(""): Browser is opened with url: ''

29-01-2024T22:32:34 - [MESSAGE][INFO] - Starting 'Chrome' driver

29-01-2024T22:32:34 - [MESSAGE][INFO] - Action delay is set to 0 milliseconds

29-01-2024T22:32:36 - [MESSAGE][PASSED] - Browser is opened with url: ''

29-01-2024T22:32:36 - [TEST_STEP][PASSED] - navigateToUrl("https://katalon-demo-cura.herokuapp.com/"): Navigate to 'https://katalon-demo-cura.herokuapp.com/' successfully

29-01-2024T22:32:39 - [MESSAGE][PASSED] - Navigate to 'https://katalon-demo-cura.herokuapp.com/' successfully

29-01-2024T22:32:39 - [TEST_STEP][PASSED] - click(findTestObject("Object Repository/katalon demo/Page_CURA Healthcare Service/amenu-toggle")): Object: 'Object Repository/katalon demo/Page_CURA Healthcare Service/amenu-toggle' is clicked on

29-01-2024T22:32:40 - [MESSAGE][PASSED] - Object: 'Object Repository/katalon demo/Page_CURA Healthcare Service/amenu-toggle' is clicked on

29-01-2024T22:32:40 - [TEST_STEP][PASSED] - click(findTestObject("Object Repository/katalon demo/Page_CURA Healthcare Service/a_Login")): Object: 'Object Repository/katalon demo/Page_CURA Healthcare Service/a_Login' is clicked on

29-01-2024T22:32:40 - [MESSAGE][PASSED] - Object: 'Object Repository/katalon demo/Page_CURA Healthcare Service/a_Login' is clicked on

29-01-2024T22:32:40 - [TEST_STEP][PASSED] - setText(findTestObject("Object Repository/katalon demo/Page_CURA Healthcare Service/input_username"), "John Doe"): Text 'John Doe' is set on object 'Object Repository/katalon demo/Page_CURA Healthcare Service/input_username'

29-01-2024T22:32:41 - [MESSAGE][PASSED] - Text 'John Doe' is set on object 'Object Repository/katalon demo/Page_CURA Healthcare Service/input_username'

29-01-2024T22:32:41 - [TEST_STEP][PASSED] - setEncryptedText(findTestObject("Object Repository/katalon demo/Page_CURA Healthcare Service/input_password"), "g3/DOGG74jC3Flrr3yH+3D/yKbOqqUNM"): Text ****** has been set on object 'Object Repository/katalon demo/Page_CURA Healthcare Service/input_password'

29-01-2024T22:32:42 - [MESSAGE][PASSED] - Text ****** has been set on object 'Object Repository/katalon demo/Page_CURA Healthcare Service/input_password'

29-01-2024T22:32:42 - [TEST_STEP][PASSED] - takeScreenshotAsCheckpoint("login katalon demo", STOP_ON_FAILURE): Taking screenshot successfully

29-01-2024T22:32:42 - [MESSAGE][INFO] - 0 hidden object(s)

29-01-2024T22:32:43 - [MESSAGE][PASSED] - Taking screenshot successfully
[[ATTACHMENT|keyes\keyes-login katalon demo.png]]

29-01-2024T22:32:43 - [TEST_STEP][PASSED] - click(findTestObject("Object Repository/katalon demo/Page_CURA Healthcare Service/button_Login")): Object: 'Object Repository/katalon demo/Page_CURA Healthcare Service/button_Login' is clicked on

29-01-2024T22:32:44 - [MESSAGE][PASSED] - Object: 'Object Repository/katalon demo/Page_CURA Healthcare Service/button_Login' is clicked on]]></system-out>
         <system-err><![CDATA[]]></system-err>
      </testcase>
      <testcase name="Test Cases/Katalon Demo/make appointment katalon demo" time="8.142" classname="Test Cases/Katalon Demo/make appointment katalon demo" status="PASSED">
         <system-out><![CDATA[29-01-2024T22:32:44 - [TEST_CASE][PASSED] - Test Cases/Katalon Demo/make appointment katalon demo: Test Cases/Katalon Demo/make appointment katalon demo

29-01-2024T22:32:44 - [TEST_STEP][PASSED] - selectOptionByValue(findTestObject("Object Repository/katalon demo/Page_CURA Healthcare Service/select_Tokyo"), "Hongkong CURA Healthcare Center", true): All options with value 'Hongkong CURA Healthcare Center' are selected in object 'Object Repository/katalon demo/Page_CURA Healthcare Service/select_Tokyo'  using regular expression

29-01-2024T22:32:45 - [MESSAGE][PASSED] - All options with value 'Hongkong CURA Healthcare Center' are selected in object 'Object Repository/katalon demo/Page_CURA Healthcare Service/select_Tokyo'  using regular expression

29-01-2024T22:32:45 - [TEST_STEP][PASSED] - click(findTestObject("Object Repository/katalon demo/Page_CURA Healthcare Service/label_Apply for hospital readmission")): Object: 'Object Repository/katalon demo/Page_CURA Healthcare Service/label_Apply for hospital readmission' is clicked on

29-01-2024T22:32:45 - [MESSAGE][PASSED] - Object: 'Object Repository/katalon demo/Page_CURA Healthcare Service/label_Apply for hospital readmission' is clicked on

29-01-2024T22:32:45 - [TEST_STEP][PASSED] - click(findTestObject("Object Repository/katalon demo/Page_CURA Healthcare Service/input_programs")): Object: 'Object Repository/katalon demo/Page_CURA Healthcare Service/input_programs' is clicked on

29-01-2024T22:32:45 - [MESSAGE][PASSED] - Object: 'Object Repository/katalon demo/Page_CURA Healthcare Service/input_programs' is clicked on

29-01-2024T22:32:45 - [TEST_STEP][PASSED] - click(findTestObject("Object Repository/katalon demo/Page_CURA Healthcare Service/span_glyphicon glyphicon-calendar")): Object: 'Object Repository/katalon demo/Page_CURA Healthcare Service/span_glyphicon glyphicon-calendar' is clicked on

29-01-2024T22:32:46 - [MESSAGE][PASSED] - Object: 'Object Repository/katalon demo/Page_CURA Healthcare Service/span_glyphicon glyphicon-calendar' is clicked on

29-01-2024T22:32:46 - [TEST_STEP][PASSED] - click(findTestObject("Object Repository/katalon demo/Page_CURA Healthcare Service/td_31")): Object: 'Object Repository/katalon demo/Page_CURA Healthcare Service/td_31' is clicked on

29-01-2024T22:32:46 - [MESSAGE][PASSED] - Object: 'Object Repository/katalon demo/Page_CURA Healthcare Service/td_31' is clicked on

29-01-2024T22:32:46 - [TEST_STEP][PASSED] - setText(findTestObject("Object Repository/katalon demo/Page_CURA Healthcare Service/textarea_comment"), "tes katalon demo"): Text 'tes katalon demo' is set on object 'Object Repository/katalon demo/Page_CURA Healthcare Service/textarea_comment'

29-01-2024T22:32:47 - [MESSAGE][PASSED] - Text 'tes katalon demo' is set on object 'Object Repository/katalon demo/Page_CURA Healthcare Service/textarea_comment'

29-01-2024T22:32:47 - [TEST_STEP][PASSED] - click(findTestObject("Object Repository/katalon demo/Page_CURA Healthcare Service/button_Book Appointment")): Object: 'Object Repository/katalon demo/Page_CURA Healthcare Service/button_Book Appointment' is clicked on

29-01-2024T22:32:50 - [MESSAGE][PASSED] - Object: 'Object Repository/katalon demo/Page_CURA Healthcare Service/button_Book Appointment' is clicked on

29-01-2024T22:32:50 - [TEST_STEP][PASSED] - verifyTextPresent("Appointment Confirmation", false): Text 'Appointment Confirmation' is present on page 

29-01-2024T22:32:50 - [MESSAGE][PASSED] - Text 'Appointment Confirmation' is present on page 

29-01-2024T22:32:50 - [TEST_STEP][PASSED] - takeScreenshotAsCheckpoint("appointment katalon demo"): Taking screenshot successfully

29-01-2024T22:32:51 - [MESSAGE][INFO] - 0 hidden object(s)

29-01-2024T22:32:51 - [MESSAGE][PASSED] - Taking screenshot successfully
[[ATTACHMENT|keyes\keyes-appointment katalon demo.png]]

29-01-2024T22:32:51 - [TEST_STEP][PASSED] - click(findTestObject("Object Repository/katalon demo/Page_CURA Healthcare Service/a_Go to Homepage")): Object: 'Object Repository/katalon demo/Page_CURA Healthcare Service/a_Go to Homepage' is clicked on

29-01-2024T22:32:52 - [MESSAGE][PASSED] - Object: 'Object Repository/katalon demo/Page_CURA Healthcare Service/a_Go to Homepage' is clicked on]]></system-out>
         <system-err><![CDATA[]]></system-err>
      </testcase>
      <testcase name="Test Cases/Katalon Demo/make appointment katalon demo 1" time="5.703" classname="Test Cases/Katalon Demo/make appointment katalon demo 1" status="PASSED">
         <system-out><![CDATA[29-01-2024T22:32:52 - [TEST_CASE][PASSED] - Test Cases/Katalon Demo/make appointment katalon demo 1: Test Cases/Katalon Demo/make appointment katalon demo 1

29-01-2024T22:32:52 - [TEST_STEP][PASSED] - selectOptionByValue(findTestObject("Object Repository/katalon demo/Page_CURA Healthcare Service/select_Tokyo"), "Seoul CURA Healthcare Center", true): All options with value 'Seoul CURA Healthcare Center' are selected in object 'Object Repository/katalon demo/Page_CURA Healthcare Service/select_Tokyo'  using regular expression

29-01-2024T22:32:53 - [MESSAGE][PASSED] - All options with value 'Seoul CURA Healthcare Center' are selected in object 'Object Repository/katalon demo/Page_CURA Healthcare Service/select_Tokyo'  using regular expression

29-01-2024T22:32:53 - [TEST_STEP][PASSED] - click(findTestObject("Object Repository/katalon demo/Page_CURA Healthcare Service/input_hospital_readmission")): Object: 'Object Repository/katalon demo/Page_CURA Healthcare Service/input_hospital_readmission' is clicked on

29-01-2024T22:32:53 - [MESSAGE][PASSED] - Object: 'Object Repository/katalon demo/Page_CURA Healthcare Service/input_hospital_readmission' is clicked on

29-01-2024T22:32:53 - [TEST_STEP][PASSED] - click(findTestObject("Object Repository/katalon demo/Page_CURA Healthcare Service/input_programs")): Object: 'Object Repository/katalon demo/Page_CURA Healthcare Service/input_programs' is clicked on

29-01-2024T22:32:54 - [MESSAGE][PASSED] - Object: 'Object Repository/katalon demo/Page_CURA Healthcare Service/input_programs' is clicked on

29-01-2024T22:32:54 - [TEST_STEP][PASSED] - click(findTestObject("Object Repository/katalon demo/Page_CURA Healthcare Service/span_glyphicon glyphicon-calendar")): Object: 'Object Repository/katalon demo/Page_CURA Healthcare Service/span_glyphicon glyphicon-calendar' is clicked on

29-01-2024T22:32:54 - [MESSAGE][PASSED] - Object: 'Object Repository/katalon demo/Page_CURA Healthcare Service/span_glyphicon glyphicon-calendar' is clicked on

29-01-2024T22:32:54 - [TEST_STEP][PASSED] - click(findTestObject("Object Repository/katalon demo/Page_CURA Healthcare Service/td_30")): Object: 'Object Repository/katalon demo/Page_CURA Healthcare Service/td_30' is clicked on

29-01-2024T22:32:55 - [MESSAGE][PASSED] - Object: 'Object Repository/katalon demo/Page_CURA Healthcare Service/td_30' is clicked on

29-01-2024T22:32:55 - [TEST_STEP][PASSED] - setText(findTestObject("Object Repository/katalon demo/Page_CURA Healthcare Service/textarea_comment"), "tes katalon"): Text 'tes katalon' is set on object 'Object Repository/katalon demo/Page_CURA Healthcare Service/textarea_comment'

29-01-2024T22:32:55 - [MESSAGE][PASSED] - Text 'tes katalon' is set on object 'Object Repository/katalon demo/Page_CURA Healthcare Service/textarea_comment'

29-01-2024T22:32:55 - [TEST_STEP][PASSED] - click(findTestObject("Object Repository/katalon demo/Page_CURA Healthcare Service/button_Book Appointment")): Object: 'Object Repository/katalon demo/Page_CURA Healthcare Service/button_Book Appointment' is clicked on

29-01-2024T22:32:56 - [MESSAGE][PASSED] - Object: 'Object Repository/katalon demo/Page_CURA Healthcare Service/button_Book Appointment' is clicked on

29-01-2024T22:32:56 - [TEST_STEP][PASSED] - verifyTextPresent("Appointment Confirmation", false): Text 'Appointment Confirmation' is present on page 

29-01-2024T22:32:56 - [MESSAGE][PASSED] - Text 'Appointment Confirmation' is present on page 

29-01-2024T22:32:56 - [TEST_STEP][PASSED] - takeScreenshotAsCheckpoint("appointment 1 katalon demo"): Taking screenshot successfully

29-01-2024T22:32:57 - [MESSAGE][INFO] - 0 hidden object(s)

29-01-2024T22:32:57 - [MESSAGE][PASSED] - Taking screenshot successfully
[[ATTACHMENT|keyes\keyes-appointment 1 katalon demo.png]]

29-01-2024T22:32:57 - [TEST_STEP][PASSED] - click(findTestObject("Object Repository/katalon demo/Page_CURA Healthcare Service/a_Go to Homepage")): Object: 'Object Repository/katalon demo/Page_CURA Healthcare Service/a_Go to Homepage' is clicked on

29-01-2024T22:32:57 - [MESSAGE][PASSED] - Object: 'Object Repository/katalon demo/Page_CURA Healthcare Service/a_Go to Homepage' is clicked on]]></system-out>
         <system-err><![CDATA[]]></system-err>
      </testcase>
      <testcase name="Test Cases/Katalon Demo/make appointment katalon demo 2" time="5.779" classname="Test Cases/Katalon Demo/make appointment katalon demo 2" status="PASSED">
         <system-out><![CDATA[29-01-2024T22:32:57 - [TEST_CASE][PASSED] - Test Cases/Katalon Demo/make appointment katalon demo 2: Test Cases/Katalon Demo/make appointment katalon demo 2

29-01-2024T22:32:58 - [TEST_STEP][PASSED] - click(findTestObject("Object Repository/katalon demo/Page_CURA Healthcare Service/label_Apply for hospital readmission")): Object: 'Object Repository/katalon demo/Page_CURA Healthcare Service/label_Apply for hospital readmission' is clicked on

29-01-2024T22:32:58 - [MESSAGE][PASSED] - Object: 'Object Repository/katalon demo/Page_CURA Healthcare Service/label_Apply for hospital readmission' is clicked on

29-01-2024T22:32:58 - [TEST_STEP][PASSED] - click(findTestObject("Object Repository/katalon demo/Page_CURA Healthcare Service/input_programs")): Object: 'Object Repository/katalon demo/Page_CURA Healthcare Service/input_programs' is clicked on

29-01-2024T22:32:58 - [MESSAGE][PASSED] - Object: 'Object Repository/katalon demo/Page_CURA Healthcare Service/input_programs' is clicked on

29-01-2024T22:32:58 - [TEST_STEP][PASSED] - click(findTestObject("Object Repository/katalon demo/Page_CURA Healthcare Service/input_visit_date")): Object: 'Object Repository/katalon demo/Page_CURA Healthcare Service/input_visit_date' is clicked on

29-01-2024T22:32:59 - [MESSAGE][PASSED] - Object: 'Object Repository/katalon demo/Page_CURA Healthcare Service/input_visit_date' is clicked on

29-01-2024T22:32:59 - [TEST_STEP][PASSED] - click(findTestObject("Object Repository/katalon demo/Page_CURA Healthcare Service/th_")): Object: 'Object Repository/katalon demo/Page_CURA Healthcare Service/th_' is clicked on

29-01-2024T22:32:59 - [MESSAGE][PASSED] - Object: 'Object Repository/katalon demo/Page_CURA Healthcare Service/th_' is clicked on

29-01-2024T22:32:59 - [TEST_STEP][PASSED] - click(findTestObject("Object Repository/katalon demo/Page_CURA Healthcare Service/td_28")): Object: 'Object Repository/katalon demo/Page_CURA Healthcare Service/td_28' is clicked on

29-01-2024T22:33:00 - [MESSAGE][PASSED] - Object: 'Object Repository/katalon demo/Page_CURA Healthcare Service/td_28' is clicked on

29-01-2024T22:33:00 - [TEST_STEP][PASSED] - setText(findTestObject("Object Repository/katalon demo/Page_CURA Healthcare Service/textarea_comment"), "tes katalon"): Text 'tes katalon' is set on object 'Object Repository/katalon demo/Page_CURA Healthcare Service/textarea_comment'

29-01-2024T22:33:01 - [MESSAGE][PASSED] - Text 'tes katalon' is set on object 'Object Repository/katalon demo/Page_CURA Healthcare Service/textarea_comment'

29-01-2024T22:33:01 - [TEST_STEP][PASSED] - click(findTestObject("Object Repository/katalon demo/Page_CURA Healthcare Service/button_Book Appointment")): Object: 'Object Repository/katalon demo/Page_CURA Healthcare Service/button_Book Appointment' is clicked on

29-01-2024T22:33:02 - [MESSAGE][PASSED] - Object: 'Object Repository/katalon demo/Page_CURA Healthcare Service/button_Book Appointment' is clicked on

29-01-2024T22:33:02 - [TEST_STEP][PASSED] - verifyTextPresent("Appointment Confirmation", false): Text 'Appointment Confirmation' is present on page 

29-01-2024T22:33:02 - [MESSAGE][PASSED] - Text 'Appointment Confirmation' is present on page 

29-01-2024T22:33:02 - [TEST_STEP][PASSED] - takeScreenshotAsCheckpoint("appointment 2 katalon demo"): Taking screenshot successfully

29-01-2024T22:33:02 - [MESSAGE][INFO] - 0 hidden object(s)

29-01-2024T22:33:03 - [MESSAGE][PASSED] - Taking screenshot successfully
[[ATTACHMENT|keyes\keyes-appointment 2 katalon demo.png]]

29-01-2024T22:33:03 - [TEST_STEP][PASSED] - click(findTestObject("Object Repository/katalon demo/Page_CURA Healthcare Service/a_Go to Homepage")): Object: 'Object Repository/katalon demo/Page_CURA Healthcare Service/a_Go to Homepage' is clicked on

29-01-2024T22:33:03 - [MESSAGE][PASSED] - Object: 'Object Repository/katalon demo/Page_CURA Healthcare Service/a_Go to Homepage' is clicked on]]></system-out>
         <system-err><![CDATA[]]></system-err>
      </testcase>
      <testcase name="Test Cases/Katalon Demo/history katalon demo" time="65.79" classname="Test Cases/Katalon Demo/history katalon demo" status="PASSED">
         <system-out><![CDATA[29-01-2024T22:33:03 - [TEST_CASE][PASSED] - Test Cases/Katalon Demo/history katalon demo: Test Cases/Katalon Demo/history katalon demo

29-01-2024T22:33:03 - [TEST_STEP][PASSED] - click(findTestObject("Object Repository/katalon demo/Page_CURA Healthcare Service/amenu-toggle")): Object: 'Object Repository/katalon demo/Page_CURA Healthcare Service/amenu-toggle' is clicked on

29-01-2024T22:33:04 - [MESSAGE][PASSED] - Object: 'Object Repository/katalon demo/Page_CURA Healthcare Service/amenu-toggle' is clicked on

29-01-2024T22:33:04 - [TEST_STEP][PASSED] - click(findTestObject("Object Repository/katalon demo/Page_CURA Healthcare Service/a_History")): Object: 'Object Repository/katalon demo/Page_CURA Healthcare Service/a_History' is clicked on

29-01-2024T22:33:05 - [MESSAGE][PASSED] - Object: 'Object Repository/katalon demo/Page_CURA Healthcare Service/a_History' is clicked on

29-01-2024T22:33:05 - [TEST_STEP][PASSED] - takeScreenshotAsCheckpoint("history katalon demo"): Taking screenshot successfully

29-01-2024T22:33:05 - [MESSAGE][INFO] - 0 hidden object(s)

29-01-2024T22:33:05 - [MESSAGE][PASSED] - Taking screenshot successfully
[[ATTACHMENT|keyes\keyes-history katalon demo.png]]

29-01-2024T22:33:05 - [TEST_STEP][PASSED] - scrollToElement(findTestObject("katalon demo/Page_CURA Healthcare Service/a_Go to Homepage"), 3): Scroll to object 'Object Repository/katalon demo/Page_CURA Healthcare Service/a_Go to Homepage' successfully

29-01-2024T22:33:36 - [MESSAGE][INFO] - Unable to find the element located by 'By.xpath: //section[@id='summary']/div/div/div[7]/p/a'. Please recheck the objects properties to make sure the desired element is located. 

29-01-2024T22:33:36 - [MESSAGE][WARNING] - [SELF-HEALING] Failed to find element with id 'Object Repository/katalon demo/Page_CURA Healthcare Service/a_Go to Homepage'. Try using Self-healing.

29-01-2024T22:33:36 - [MESSAGE][WARNING] - [SELF-HEALING] The current locator of test object 'Object Repository/katalon demo/Page_CURA Healthcare Service/a_Go to Homepage' was broken. Propose an alternative one: '//a[contains(text(),'Go to Homepage')]'.

29-01-2024T22:33:36 - [MESSAGE][PASSED] - Scroll to object 'Object Repository/katalon demo/Page_CURA Healthcare Service/a_Go to Homepage' successfully

29-01-2024T22:33:36 - [TEST_STEP][PASSED] - click(findTestObject("Object Repository/katalon demo/Page_CURA Healthcare Service/a_Go to Homepage")): Object: 'Object Repository/katalon demo/Page_CURA Healthcare Service/a_Go to Homepage' is clicked on

29-01-2024T22:34:08 - [MESSAGE][INFO] - Unable to find the element located by 'By.xpath: //section[@id='summary']/div/div/div[7]/p/a'. Please recheck the objects properties to make sure the desired element is located. 

29-01-2024T22:34:08 - [MESSAGE][WARNING] - [SELF-HEALING] Failed to find element with id 'Object Repository/katalon demo/Page_CURA Healthcare Service/a_Go to Homepage'. Try using Self-healing.

29-01-2024T22:34:08 - [MESSAGE][WARNING] - [SELF-HEALING] The current locator of test object 'Object Repository/katalon demo/Page_CURA Healthcare Service/a_Go to Homepage' was broken. Propose an alternative one: '//a[contains(text(),'Go to Homepage')]'.

29-01-2024T22:34:09 - [MESSAGE][PASSED] - Object: 'Object Repository/katalon demo/Page_CURA Healthcare Service/a_Go to Homepage' is clicked on]]></system-out>
         <system-err><![CDATA[]]></system-err>
      </testcase>
      <testcase name="Test Cases/Katalon Demo/profile katalon demo" time="4.297" classname="Test Cases/Katalon Demo/profile katalon demo" status="PASSED">
         <system-out><![CDATA[29-01-2024T22:34:09 - [TEST_CASE][PASSED] - Test Cases/Katalon Demo/profile katalon demo: Test Cases/Katalon Demo/profile katalon demo

29-01-2024T22:34:09 - [TEST_STEP][PASSED] - click(findTestObject("Object Repository/katalon demo/Page_CURA Healthcare Service/i_fa fa-bars")): Object: 'Object Repository/katalon demo/Page_CURA Healthcare Service/i_fa fa-bars' is clicked on

29-01-2024T22:34:09 - [MESSAGE][PASSED] - Object: 'Object Repository/katalon demo/Page_CURA Healthcare Service/i_fa fa-bars' is clicked on

29-01-2024T22:34:09 - [TEST_STEP][PASSED] - click(findTestObject("Object Repository/katalon demo/Page_CURA Healthcare Service/a_Profile")): Object: 'Object Repository/katalon demo/Page_CURA Healthcare Service/a_Profile' is clicked on

29-01-2024T22:34:10 - [MESSAGE][PASSED] - Object: 'Object Repository/katalon demo/Page_CURA Healthcare Service/a_Profile' is clicked on

29-01-2024T22:34:10 - [TEST_STEP][PASSED] - takeScreenshotAsCheckpoint("profile katalon demo"): Taking screenshot successfully

29-01-2024T22:34:11 - [MESSAGE][INFO] - 0 hidden object(s)

29-01-2024T22:34:11 - [MESSAGE][PASSED] - Taking screenshot successfully
[[ATTACHMENT|keyes\keyes-profile katalon demo.png]]

29-01-2024T22:34:11 - [TEST_STEP][PASSED] - click(findTestObject("Object Repository/katalon demo/Page_CURA Healthcare Service/i_fa fa-bars")): Object: 'Object Repository/katalon demo/Page_CURA Healthcare Service/i_fa fa-bars' is clicked on

29-01-2024T22:34:11 - [MESSAGE][PASSED] - Object: 'Object Repository/katalon demo/Page_CURA Healthcare Service/i_fa fa-bars' is clicked on

29-01-2024T22:34:11 - [TEST_STEP][PASSED] - click(findTestObject("Object Repository/katalon demo/Page_CURA Healthcare Service/a_Home")): Object: 'Object Repository/katalon demo/Page_CURA Healthcare Service/a_Home' is clicked on

29-01-2024T22:34:13 - [MESSAGE][PASSED] - Object: 'Object Repository/katalon demo/Page_CURA Healthcare Service/a_Home' is clicked on]]></system-out>
         <system-err><![CDATA[]]></system-err>
      </testcase>
      <testcase name="Test Cases/Katalon Demo/logout katalon demo" time="2.66" classname="Test Cases/Katalon Demo/logout katalon demo" status="PASSED">
         <system-out><![CDATA[29-01-2024T22:34:13 - [TEST_CASE][PASSED] - Test Cases/Katalon Demo/logout katalon demo: Test Cases/Katalon Demo/logout katalon demo

29-01-2024T22:34:13 - [TEST_STEP][PASSED] - click(findTestObject("Object Repository/katalon demo/Page_CURA Healthcare Service/i_fa fa-bars")): Object: 'Object Repository/katalon demo/Page_CURA Healthcare Service/i_fa fa-bars' is clicked on

29-01-2024T22:34:14 - [MESSAGE][PASSED] - Object: 'Object Repository/katalon demo/Page_CURA Healthcare Service/i_fa fa-bars' is clicked on

29-01-2024T22:34:14 - [TEST_STEP][PASSED] - takeScreenshotAsCheckpoint("logout katalon demo"): Taking screenshot successfully

29-01-2024T22:34:15 - [MESSAGE][INFO] - 0 hidden object(s)

29-01-2024T22:34:15 - [MESSAGE][PASSED] - Taking screenshot successfully
[[ATTACHMENT|keyes\keyes-logout katalon demo.png]]

29-01-2024T22:34:15 - [TEST_STEP][PASSED] - click(findTestObject("Object Repository/katalon demo/Page_CURA Healthcare Service/a_Logout")): Object: 'Object Repository/katalon demo/Page_CURA Healthcare Service/a_Logout' is clicked on

29-01-2024T22:34:16 - [MESSAGE][PASSED] - Object: 'Object Repository/katalon demo/Page_CURA Healthcare Service/a_Logout' is clicked on

29-01-2024T22:34:16 - [TEST_STEP][PASSED] - closeBrowser(): Browser is closed

29-01-2024T22:34:16 - [MESSAGE][PASSED] - Browser is closed]]></system-out>
         <system-err><![CDATA[]]></system-err>
      </testcase>
      <testcase name="Test Cases/Katalon Demo/negatif login katalon demo" time="15.887" classname="Test Cases/Katalon Demo/negatif login katalon demo" status="PASSED">
         <system-out><![CDATA[29-01-2024T22:34:16 - [TEST_CASE][PASSED] - Test Cases/Katalon Demo/negatif login katalon demo: Test Cases/Katalon Demo/negatif login katalon demo

29-01-2024T22:34:16 - [TEST_STEP][PASSED] - openBrowser(""): Browser is opened with url: ''

29-01-2024T22:34:16 - [MESSAGE][INFO] - Starting 'Chrome' driver

29-01-2024T22:34:16 - [MESSAGE][INFO] - Action delay is set to 0 milliseconds

29-01-2024T22:34:17 - [MESSAGE][PASSED] - Browser is opened with url: ''

29-01-2024T22:34:17 - [TEST_STEP][PASSED] - navigateToUrl("https://katalon-demo-cura.herokuapp.com/"): Navigate to 'https://katalon-demo-cura.herokuapp.com/' successfully

29-01-2024T22:34:23 - [MESSAGE][PASSED] - Navigate to 'https://katalon-demo-cura.herokuapp.com/' successfully

29-01-2024T22:34:23 - [TEST_STEP][PASSED] - click(findTestObject("Object Repository/katalon demo/Page_CURA Healthcare Service/amenu-toggle")): Object: 'Object Repository/katalon demo/Page_CURA Healthcare Service/amenu-toggle' is clicked on

29-01-2024T22:34:23 - [MESSAGE][PASSED] - Object: 'Object Repository/katalon demo/Page_CURA Healthcare Service/amenu-toggle' is clicked on

29-01-2024T22:34:23 - [TEST_STEP][PASSED] - click(findTestObject("Object Repository/katalon demo/Page_CURA Healthcare Service/a_Login")): Object: 'Object Repository/katalon demo/Page_CURA Healthcare Service/a_Login' is clicked on

29-01-2024T22:34:24 - [MESSAGE][PASSED] - Object: 'Object Repository/katalon demo/Page_CURA Healthcare Service/a_Login' is clicked on

29-01-2024T22:34:24 - [TEST_STEP][PASSED] - setText(findTestObject("Object Repository/katalon demo/Page_CURA Healthcare Service/input_username"), username1): Text 'aaaaa' is set on object 'Object Repository/katalon demo/Page_CURA Healthcare Service/input_username'

29-01-2024T22:34:25 - [MESSAGE][PASSED] - Text 'aaaaa' is set on object 'Object Repository/katalon demo/Page_CURA Healthcare Service/input_username'

29-01-2024T22:34:25 - [TEST_STEP][PASSED] - setText(findTestObject("Object Repository/katalon demo/Page_CURA Healthcare Service/input_password"), password1): Text 'aaaaaaaa' is set on object 'Object Repository/katalon demo/Page_CURA Healthcare Service/input_password'

29-01-2024T22:34:26 - [MESSAGE][PASSED] - Text 'aaaaaaaa' is set on object 'Object Repository/katalon demo/Page_CURA Healthcare Service/input_password'

29-01-2024T22:34:26 - [TEST_STEP][PASSED] - click(findTestObject("katalon demo/Page_CURA Healthcare Service/button_Login")): Object: 'Object Repository/katalon demo/Page_CURA Healthcare Service/button_Login' is clicked on

29-01-2024T22:34:27 - [MESSAGE][PASSED] - Object: 'Object Repository/katalon demo/Page_CURA Healthcare Service/button_Login' is clicked on

29-01-2024T22:34:27 - [TEST_STEP][PASSED] - verifyTextPresent("Login failed!", false): Text 'Login failed!' is present on page 

29-01-2024T22:34:27 - [MESSAGE][PASSED] - Text 'Login failed!' is present on page 

29-01-2024T22:34:27 - [TEST_STEP][PASSED] - takeScreenshotAsCheckpoint("negatif 1 login katalon demo"): Taking screenshot successfully

29-01-2024T22:34:27 - [MESSAGE][INFO] - 0 hidden object(s)

29-01-2024T22:34:27 - [MESSAGE][PASSED] - Taking screenshot successfully
[[ATTACHMENT|keyes\keyes-negatif 1 login katalon demo.png]]

29-01-2024T22:34:27 - [TEST_STEP][PASSED] - click(findTestObject("Object Repository/katalon demo/Page_CURA Healthcare Service/button_Login")): Object: 'Object Repository/katalon demo/Page_CURA Healthcare Service/button_Login' is clicked on

29-01-2024T22:34:28 - [MESSAGE][PASSED] - Object: 'Object Repository/katalon demo/Page_CURA Healthcare Service/button_Login' is clicked on

29-01-2024T22:34:28 - [TEST_STEP][PASSED] - setText(findTestObject("katalon demo/Page_CURA Healthcare Service/input_username"), username2): Text 'bbbbb' is set on object 'Object Repository/katalon demo/Page_CURA Healthcare Service/input_username'

29-01-2024T22:34:29 - [MESSAGE][PASSED] - Text 'bbbbb' is set on object 'Object Repository/katalon demo/Page_CURA Healthcare Service/input_username'

29-01-2024T22:34:29 - [TEST_STEP][PASSED] - setText(findTestObject("katalon demo/Page_CURA Healthcare Service/input_password"), password2): Text 'bbbbbbbb' is set on object 'Object Repository/katalon demo/Page_CURA Healthcare Service/input_password'

29-01-2024T22:34:30 - [MESSAGE][PASSED] - Text 'bbbbbbbb' is set on object 'Object Repository/katalon demo/Page_CURA Healthcare Service/input_password'

29-01-2024T22:34:30 - [TEST_STEP][PASSED] - click(findTestObject("katalon demo/Page_CURA Healthcare Service/button_Login")): Object: 'Object Repository/katalon demo/Page_CURA Healthcare Service/button_Login' is clicked on

29-01-2024T22:34:31 - [MESSAGE][PASSED] - Object: 'Object Repository/katalon demo/Page_CURA Healthcare Service/button_Login' is clicked on

29-01-2024T22:34:31 - [TEST_STEP][PASSED] - verifyTextPresent("Login failed!", false): Text 'Login failed!' is present on page 

29-01-2024T22:34:31 - [MESSAGE][PASSED] - Text 'Login failed!' is present on page 

29-01-2024T22:34:31 - [TEST_STEP][PASSED] - takeScreenshotAsCheckpoint("negatif 2 login katalon demo"): Taking screenshot successfully

29-01-2024T22:34:32 - [MESSAGE][INFO] - 0 hidden object(s)

29-01-2024T22:34:32 - [MESSAGE][PASSED] - Taking screenshot successfully
[[ATTACHMENT|keyes\keyes-negatif 2 login katalon demo.png]]]]></system-out>
         <system-err><![CDATA[]]></system-err>
      </testcase>
      <system-out><![CDATA[29-01-2024T22:32:33 - [TEST_SUITE][PASSED] - katalon demo: Test Cases/Katalon Demo/negatif login katalon demo]]></system-out>
      <system-err><![CDATA[]]></system-err>
   </testsuite>
   <testsuite name="katalon demo" tests="8" failures="0" errors="0" time="133.071" skipped="0" timestamp="29-01-2024T22:34:39" hostname="0517 - Pierrot" id="Test Suites/katalon demo">
      <properties>
         <property name="deviceName" value=""/>
         <property name="devicePlatform" value=""/>
         <property name="logFolder" value="C:\\Users\\0517\\Katalon Studio\\poc bni\\Reports\\20240129_222034\\katalon demo\\20240129_222106"/>
         <property name="logFiles" value="C:\\Users\\0517\\Katalon Studio\\poc bni\\Reports\\20240129_222034\\katalon demo\\20240129_222106\\execution0.log"/>
         <property name="attachments" value="keyes\keyes-login katalon demo.png, keyes\keyes-appointment katalon demo.png, keyes\keyes-appointment 1 katalon demo.png, keyes\keyes-appointment 2 katalon demo.png, keyes\keyes-history katalon demo.png, keyes\keyes-profile katalon demo.png, keyes\keyes-logout katalon demo.png, keyes\keyes-negatif 1 login katalon demo.png, keyes\keyes-negatif 2 login katalon demo.png"/>
         <property name="hostName" value="0517 - Pierrot"/>
         <property name="os" value="Windows 10 64bit"/>
         <property name="katalonVersion" value="9.2.0.212"/>
         <property name="browser" value="Chrome 121.0.0.0"/>
         <property name="hostAddress" value="192.168.96.2"/>
         <property name="sessionId" value="b0b24468b236f3f46ee40da5cc6fbc7d"/>
         <property name="seleniumVersion" value="3.141.59"/>
         <property name="proxyInformation" value="ProxyInformation { proxyOption=NO_PROXY, proxyServerType=HTTP, username=, password=********, proxyServerAddress=, proxyServerPort=0, executionList=&quot;&quot;, isApplyToDesiredCapabilities=true }"/>
         <property name="platform" value="Windows 10"/>
      </properties>
      <testcase name="Test Cases/Katalon Demo/login katalon demo" time="13.331" classname="Test Cases/Katalon Demo/login katalon demo" status="PASSED">
         <system-out><![CDATA[29-01-2024T22:34:39 - [TEST_CASE][PASSED] - Test Cases/Katalon Demo/login katalon demo: Test Cases/Katalon Demo/login katalon demo

29-01-2024T22:34:39 - [TEST_STEP][PASSED] - openBrowser(""): Browser is opened with url: ''

29-01-2024T22:34:40 - [MESSAGE][INFO] - Starting 'Chrome' driver

29-01-2024T22:34:40 - [MESSAGE][INFO] - Action delay is set to 0 milliseconds

29-01-2024T22:34:42 - [MESSAGE][PASSED] - Browser is opened with url: ''

29-01-2024T22:34:42 - [TEST_STEP][PASSED] - navigateToUrl("https://katalon-demo-cura.herokuapp.com/"): Navigate to 'https://katalon-demo-cura.herokuapp.com/' successfully

29-01-2024T22:34:48 - [MESSAGE][PASSED] - Navigate to 'https://katalon-demo-cura.herokuapp.com/' successfully

29-01-2024T22:34:48 - [TEST_STEP][PASSED] - click(findTestObject("Object Repository/katalon demo/Page_CURA Healthcare Service/amenu-toggle")): Object: 'Object Repository/katalon demo/Page_CURA Healthcare Service/amenu-toggle' is clicked on

29-01-2024T22:34:48 - [MESSAGE][PASSED] - Object: 'Object Repository/katalon demo/Page_CURA Healthcare Service/amenu-toggle' is clicked on

29-01-2024T22:34:48 - [TEST_STEP][PASSED] - click(findTestObject("Object Repository/katalon demo/Page_CURA Healthcare Service/a_Login")): Object: 'Object Repository/katalon demo/Page_CURA Healthcare Service/a_Login' is clicked on

29-01-2024T22:34:49 - [MESSAGE][PASSED] - Object: 'Object Repository/katalon demo/Page_CURA Healthcare Service/a_Login' is clicked on

29-01-2024T22:34:49 - [TEST_STEP][PASSED] - setText(findTestObject("Object Repository/katalon demo/Page_CURA Healthcare Service/input_username"), "John Doe"): Text 'John Doe' is set on object 'Object Repository/katalon demo/Page_CURA Healthcare Service/input_username'

29-01-2024T22:34:50 - [MESSAGE][PASSED] - Text 'John Doe' is set on object 'Object Repository/katalon demo/Page_CURA Healthcare Service/input_username'

29-01-2024T22:34:50 - [TEST_STEP][PASSED] - setEncryptedText(findTestObject("Object Repository/katalon demo/Page_CURA Healthcare Service/input_password"), "g3/DOGG74jC3Flrr3yH+3D/yKbOqqUNM"): Text ****** has been set on object 'Object Repository/katalon demo/Page_CURA Healthcare Service/input_password'

29-01-2024T22:34:51 - [MESSAGE][PASSED] - Text ****** has been set on object 'Object Repository/katalon demo/Page_CURA Healthcare Service/input_password'

29-01-2024T22:34:51 - [TEST_STEP][PASSED] - takeScreenshotAsCheckpoint("login katalon demo", STOP_ON_FAILURE): Taking screenshot successfully

29-01-2024T22:34:51 - [MESSAGE][INFO] - 0 hidden object(s)

29-01-2024T22:34:51 - [MESSAGE][PASSED] - Taking screenshot successfully
[[ATTACHMENT|keyes\keyes-login katalon demo.png]]

29-01-2024T22:34:51 - [TEST_STEP][PASSED] - click(findTestObject("Object Repository/katalon demo/Page_CURA Healthcare Service/button_Login")): Object: 'Object Repository/katalon demo/Page_CURA Healthcare Service/button_Login' is clicked on

29-01-2024T22:34:52 - [MESSAGE][PASSED] - Object: 'Object Repository/katalon demo/Page_CURA Healthcare Service/button_Login' is clicked on]]></system-out>
         <system-err><![CDATA[]]></system-err>
      </testcase>
      <testcase name="Test Cases/Katalon Demo/make appointment katalon demo" time="15.987" classname="Test Cases/Katalon Demo/make appointment katalon demo" status="PASSED">
         <system-out><![CDATA[29-01-2024T22:34:52 - [TEST_CASE][PASSED] - Test Cases/Katalon Demo/make appointment katalon demo: Test Cases/Katalon Demo/make appointment katalon demo

29-01-2024T22:34:53 - [TEST_STEP][PASSED] - selectOptionByValue(findTestObject("Object Repository/katalon demo/Page_CURA Healthcare Service/select_Tokyo"), "Hongkong CURA Healthcare Center", true): All options with value 'Hongkong CURA Healthcare Center' are selected in object 'Object Repository/katalon demo/Page_CURA Healthcare Service/select_Tokyo'  using regular expression

29-01-2024T22:34:54 - [MESSAGE][PASSED] - All options with value 'Hongkong CURA Healthcare Center' are selected in object 'Object Repository/katalon demo/Page_CURA Healthcare Service/select_Tokyo'  using regular expression

29-01-2024T22:34:54 - [TEST_STEP][PASSED] - click(findTestObject("Object Repository/katalon demo/Page_CURA Healthcare Service/label_Apply for hospital readmission")): Object: 'Object Repository/katalon demo/Page_CURA Healthcare Service/label_Apply for hospital readmission' is clicked on

29-01-2024T22:34:54 - [MESSAGE][PASSED] - Object: 'Object Repository/katalon demo/Page_CURA Healthcare Service/label_Apply for hospital readmission' is clicked on

29-01-2024T22:34:54 - [TEST_STEP][PASSED] - click(findTestObject("Object Repository/katalon demo/Page_CURA Healthcare Service/input_programs")): Object: 'Object Repository/katalon demo/Page_CURA Healthcare Service/input_programs' is clicked on

29-01-2024T22:34:55 - [MESSAGE][PASSED] - Object: 'Object Repository/katalon demo/Page_CURA Healthcare Service/input_programs' is clicked on

29-01-2024T22:34:55 - [TEST_STEP][PASSED] - click(findTestObject("Object Repository/katalon demo/Page_CURA Healthcare Service/span_glyphicon glyphicon-calendar")): Object: 'Object Repository/katalon demo/Page_CURA Healthcare Service/span_glyphicon glyphicon-calendar' is clicked on

29-01-2024T22:34:55 - [MESSAGE][PASSED] - Object: 'Object Repository/katalon demo/Page_CURA Healthcare Service/span_glyphicon glyphicon-calendar' is clicked on

29-01-2024T22:34:55 - [TEST_STEP][PASSED] - click(findTestObject("Object Repository/katalon demo/Page_CURA Healthcare Service/td_31")): Object: 'Object Repository/katalon demo/Page_CURA Healthcare Service/td_31' is clicked on

29-01-2024T22:34:55 - [MESSAGE][PASSED] - Object: 'Object Repository/katalon demo/Page_CURA Healthcare Service/td_31' is clicked on

29-01-2024T22:34:55 - [TEST_STEP][PASSED] - setText(findTestObject("Object Repository/katalon demo/Page_CURA Healthcare Service/textarea_comment"), "tes katalon demo"): Text 'tes katalon demo' is set on object 'Object Repository/katalon demo/Page_CURA Healthcare Service/textarea_comment'

29-01-2024T22:34:56 - [MESSAGE][PASSED] - Text 'tes katalon demo' is set on object 'Object Repository/katalon demo/Page_CURA Healthcare Service/textarea_comment'

29-01-2024T22:34:56 - [TEST_STEP][PASSED] - click(findTestObject("Object Repository/katalon demo/Page_CURA Healthcare Service/button_Book Appointment")): Object: 'Object Repository/katalon demo/Page_CURA Healthcare Service/button_Book Appointment' is clicked on

29-01-2024T22:35:02 - [MESSAGE][PASSED] - Object: 'Object Repository/katalon demo/Page_CURA Healthcare Service/button_Book Appointment' is clicked on

29-01-2024T22:35:02 - [TEST_STEP][PASSED] - verifyTextPresent("Appointment Confirmation", false): Text 'Appointment Confirmation' is present on page 

29-01-2024T22:35:02 - [MESSAGE][PASSED] - Text 'Appointment Confirmation' is present on page 

29-01-2024T22:35:02 - [TEST_STEP][PASSED] - takeScreenshotAsCheckpoint("appointment katalon demo"): Taking screenshot successfully

29-01-2024T22:35:02 - [MESSAGE][INFO] - 0 hidden object(s)

29-01-2024T22:35:02 - [MESSAGE][PASSED] - Taking screenshot successfully
[[ATTACHMENT|keyes\keyes-appointment katalon demo.png]]

29-01-2024T22:35:02 - [TEST_STEP][PASSED] - click(findTestObject("Object Repository/katalon demo/Page_CURA Healthcare Service/a_Go to Homepage")): Object: 'Object Repository/katalon demo/Page_CURA Healthcare Service/a_Go to Homepage' is clicked on

29-01-2024T22:35:08 - [MESSAGE][PASSED] - Object: 'Object Repository/katalon demo/Page_CURA Healthcare Service/a_Go to Homepage' is clicked on]]></system-out>
         <system-err><![CDATA[]]></system-err>
      </testcase>
      <testcase name="Test Cases/Katalon Demo/make appointment katalon demo 1" time="6.467" classname="Test Cases/Katalon Demo/make appointment katalon demo 1" status="PASSED">
         <system-out><![CDATA[29-01-2024T22:35:08 - [TEST_CASE][PASSED] - Test Cases/Katalon Demo/make appointment katalon demo 1: Test Cases/Katalon Demo/make appointment katalon demo 1

29-01-2024T22:35:08 - [TEST_STEP][PASSED] - selectOptionByValue(findTestObject("Object Repository/katalon demo/Page_CURA Healthcare Service/select_Tokyo"), "Seoul CURA Healthcare Center", true): All options with value 'Seoul CURA Healthcare Center' are selected in object 'Object Repository/katalon demo/Page_CURA Healthcare Service/select_Tokyo'  using regular expression

29-01-2024T22:35:09 - [MESSAGE][PASSED] - All options with value 'Seoul CURA Healthcare Center' are selected in object 'Object Repository/katalon demo/Page_CURA Healthcare Service/select_Tokyo'  using regular expression

29-01-2024T22:35:09 - [TEST_STEP][PASSED] - click(findTestObject("Object Repository/katalon demo/Page_CURA Healthcare Service/input_hospital_readmission")): Object: 'Object Repository/katalon demo/Page_CURA Healthcare Service/input_hospital_readmission' is clicked on

29-01-2024T22:35:10 - [MESSAGE][PASSED] - Object: 'Object Repository/katalon demo/Page_CURA Healthcare Service/input_hospital_readmission' is clicked on

29-01-2024T22:35:10 - [TEST_STEP][PASSED] - click(findTestObject("Object Repository/katalon demo/Page_CURA Healthcare Service/input_programs")): Object: 'Object Repository/katalon demo/Page_CURA Healthcare Service/input_programs' is clicked on

29-01-2024T22:35:10 - [MESSAGE][PASSED] - Object: 'Object Repository/katalon demo/Page_CURA Healthcare Service/input_programs' is clicked on

29-01-2024T22:35:10 - [TEST_STEP][PASSED] - click(findTestObject("Object Repository/katalon demo/Page_CURA Healthcare Service/span_glyphicon glyphicon-calendar")): Object: 'Object Repository/katalon demo/Page_CURA Healthcare Service/span_glyphicon glyphicon-calendar' is clicked on

29-01-2024T22:35:11 - [MESSAGE][PASSED] - Object: 'Object Repository/katalon demo/Page_CURA Healthcare Service/span_glyphicon glyphicon-calendar' is clicked on

29-01-2024T22:35:11 - [TEST_STEP][PASSED] - click(findTestObject("Object Repository/katalon demo/Page_CURA Healthcare Service/td_30")): Object: 'Object Repository/katalon demo/Page_CURA Healthcare Service/td_30' is clicked on

29-01-2024T22:35:11 - [MESSAGE][PASSED] - Object: 'Object Repository/katalon demo/Page_CURA Healthcare Service/td_30' is clicked on

29-01-2024T22:35:11 - [TEST_STEP][PASSED] - setText(findTestObject("Object Repository/katalon demo/Page_CURA Healthcare Service/textarea_comment"), "tes katalon"): Text 'tes katalon' is set on object 'Object Repository/katalon demo/Page_CURA Healthcare Service/textarea_comment'

29-01-2024T22:35:12 - [MESSAGE][PASSED] - Text 'tes katalon' is set on object 'Object Repository/katalon demo/Page_CURA Healthcare Service/textarea_comment'

29-01-2024T22:35:12 - [TEST_STEP][PASSED] - click(findTestObject("Object Repository/katalon demo/Page_CURA Healthcare Service/button_Book Appointment")): Object: 'Object Repository/katalon demo/Page_CURA Healthcare Service/button_Book Appointment' is clicked on

29-01-2024T22:35:13 - [MESSAGE][PASSED] - Object: 'Object Repository/katalon demo/Page_CURA Healthcare Service/button_Book Appointment' is clicked on

29-01-2024T22:35:13 - [TEST_STEP][PASSED] - verifyTextPresent("Appointment Confirmation", false): Text 'Appointment Confirmation' is present on page 

29-01-2024T22:35:13 - [MESSAGE][PASSED] - Text 'Appointment Confirmation' is present on page 

29-01-2024T22:35:13 - [TEST_STEP][PASSED] - takeScreenshotAsCheckpoint("appointment 1 katalon demo"): Taking screenshot successfully

29-01-2024T22:35:14 - [MESSAGE][INFO] - 0 hidden object(s)

29-01-2024T22:35:14 - [MESSAGE][PASSED] - Taking screenshot successfully
[[ATTACHMENT|keyes\keyes-appointment 1 katalon demo.png]]

29-01-2024T22:35:14 - [TEST_STEP][PASSED] - click(findTestObject("Object Repository/katalon demo/Page_CURA Healthcare Service/a_Go to Homepage")): Object: 'Object Repository/katalon demo/Page_CURA Healthcare Service/a_Go to Homepage' is clicked on

29-01-2024T22:35:15 - [MESSAGE][PASSED] - Object: 'Object Repository/katalon demo/Page_CURA Healthcare Service/a_Go to Homepage' is clicked on]]></system-out>
         <system-err><![CDATA[]]></system-err>
      </testcase>
      <testcase name="Test Cases/Katalon Demo/make appointment katalon demo 2" time="5.882" classname="Test Cases/Katalon Demo/make appointment katalon demo 2" status="PASSED">
         <system-out><![CDATA[29-01-2024T22:35:15 - [TEST_CASE][PASSED] - Test Cases/Katalon Demo/make appointment katalon demo 2: Test Cases/Katalon Demo/make appointment katalon demo 2

29-01-2024T22:35:15 - [TEST_STEP][PASSED] - click(findTestObject("Object Repository/katalon demo/Page_CURA Healthcare Service/label_Apply for hospital readmission")): Object: 'Object Repository/katalon demo/Page_CURA Healthcare Service/label_Apply for hospital readmission' is clicked on

29-01-2024T22:35:15 - [MESSAGE][PASSED] - Object: 'Object Repository/katalon demo/Page_CURA Healthcare Service/label_Apply for hospital readmission' is clicked on

29-01-2024T22:35:15 - [TEST_STEP][PASSED] - click(findTestObject("Object Repository/katalon demo/Page_CURA Healthcare Service/input_programs")): Object: 'Object Repository/katalon demo/Page_CURA Healthcare Service/input_programs' is clicked on

29-01-2024T22:35:16 - [MESSAGE][PASSED] - Object: 'Object Repository/katalon demo/Page_CURA Healthcare Service/input_programs' is clicked on

29-01-2024T22:35:16 - [TEST_STEP][PASSED] - click(findTestObject("Object Repository/katalon demo/Page_CURA Healthcare Service/input_visit_date")): Object: 'Object Repository/katalon demo/Page_CURA Healthcare Service/input_visit_date' is clicked on

29-01-2024T22:35:16 - [MESSAGE][PASSED] - Object: 'Object Repository/katalon demo/Page_CURA Healthcare Service/input_visit_date' is clicked on

29-01-2024T22:35:16 - [TEST_STEP][PASSED] - click(findTestObject("Object Repository/katalon demo/Page_CURA Healthcare Service/th_")): Object: 'Object Repository/katalon demo/Page_CURA Healthcare Service/th_' is clicked on

29-01-2024T22:35:16 - [MESSAGE][PASSED] - Object: 'Object Repository/katalon demo/Page_CURA Healthcare Service/th_' is clicked on

29-01-2024T22:35:16 - [TEST_STEP][PASSED] - click(findTestObject("Object Repository/katalon demo/Page_CURA Healthcare Service/td_28")): Object: 'Object Repository/katalon demo/Page_CURA Healthcare Service/td_28' is clicked on

29-01-2024T22:35:17 - [MESSAGE][PASSED] - Object: 'Object Repository/katalon demo/Page_CURA Healthcare Service/td_28' is clicked on

29-01-2024T22:35:17 - [TEST_STEP][PASSED] - setText(findTestObject("Object Repository/katalon demo/Page_CURA Healthcare Service/textarea_comment"), "tes katalon"): Text 'tes katalon' is set on object 'Object Repository/katalon demo/Page_CURA Healthcare Service/textarea_comment'

29-01-2024T22:35:18 - [MESSAGE][PASSED] - Text 'tes katalon' is set on object 'Object Repository/katalon demo/Page_CURA Healthcare Service/textarea_comment'

29-01-2024T22:35:18 - [TEST_STEP][PASSED] - click(findTestObject("Object Repository/katalon demo/Page_CURA Healthcare Service/button_Book Appointment")): Object: 'Object Repository/katalon demo/Page_CURA Healthcare Service/button_Book Appointment' is clicked on

29-01-2024T22:35:19 - [MESSAGE][PASSED] - Object: 'Object Repository/katalon demo/Page_CURA Healthcare Service/button_Book Appointment' is clicked on

29-01-2024T22:35:19 - [TEST_STEP][PASSED] - verifyTextPresent("Appointment Confirmation", false): Text 'Appointment Confirmation' is present on page 

29-01-2024T22:35:19 - [MESSAGE][PASSED] - Text 'Appointment Confirmation' is present on page 

29-01-2024T22:35:19 - [TEST_STEP][PASSED] - takeScreenshotAsCheckpoint("appointment 2 katalon demo"): Taking screenshot successfully

29-01-2024T22:35:20 - [MESSAGE][INFO] - 0 hidden object(s)

29-01-2024T22:35:20 - [MESSAGE][PASSED] - Taking screenshot successfully
[[ATTACHMENT|keyes\keyes-appointment 2 katalon demo.png]]

29-01-2024T22:35:20 - [TEST_STEP][PASSED] - click(findTestObject("Object Repository/katalon demo/Page_CURA Healthcare Service/a_Go to Homepage")): Object: 'Object Repository/katalon demo/Page_CURA Healthcare Service/a_Go to Homepage' is clicked on

29-01-2024T22:35:21 - [MESSAGE][PASSED] - Object: 'Object Repository/katalon demo/Page_CURA Healthcare Service/a_Go to Homepage' is clicked on]]></system-out>
         <system-err><![CDATA[]]></system-err>
      </testcase>
      <testcase name="Test Cases/Katalon Demo/history katalon demo" time="66.098" classname="Test Cases/Katalon Demo/history katalon demo" status="PASSED">
         <system-out><![CDATA[29-01-2024T22:35:21 - [TEST_CASE][PASSED] - Test Cases/Katalon Demo/history katalon demo: Test Cases/Katalon Demo/history katalon demo

29-01-2024T22:35:21 - [TEST_STEP][PASSED] - click(findTestObject("Object Repository/katalon demo/Page_CURA Healthcare Service/amenu-toggle")): Object: 'Object Repository/katalon demo/Page_CURA Healthcare Service/amenu-toggle' is clicked on

29-01-2024T22:35:21 - [MESSAGE][PASSED] - Object: 'Object Repository/katalon demo/Page_CURA Healthcare Service/amenu-toggle' is clicked on

29-01-2024T22:35:21 - [TEST_STEP][PASSED] - click(findTestObject("Object Repository/katalon demo/Page_CURA Healthcare Service/a_History")): Object: 'Object Repository/katalon demo/Page_CURA Healthcare Service/a_History' is clicked on

29-01-2024T22:35:22 - [MESSAGE][PASSED] - Object: 'Object Repository/katalon demo/Page_CURA Healthcare Service/a_History' is clicked on

29-01-2024T22:35:22 - [TEST_STEP][PASSED] - takeScreenshotAsCheckpoint("history katalon demo"): Taking screenshot successfully

29-01-2024T22:35:23 - [MESSAGE][INFO] - 0 hidden object(s)

29-01-2024T22:35:23 - [MESSAGE][PASSED] - Taking screenshot successfully
[[ATTACHMENT|keyes\keyes-history katalon demo.png]]

29-01-2024T22:35:23 - [TEST_STEP][PASSED] - scrollToElement(findTestObject("katalon demo/Page_CURA Healthcare Service/a_Go to Homepage"), 3): Scroll to object 'Object Repository/katalon demo/Page_CURA Healthcare Service/a_Go to Homepage' successfully

29-01-2024T22:35:54 - [MESSAGE][INFO] - Unable to find the element located by 'By.xpath: //section[@id='summary']/div/div/div[7]/p/a'. Please recheck the objects properties to make sure the desired element is located. 

29-01-2024T22:35:54 - [MESSAGE][WARNING] - [SELF-HEALING] Failed to find element with id 'Object Repository/katalon demo/Page_CURA Healthcare Service/a_Go to Homepage'. Try using Self-healing.

29-01-2024T22:35:54 - [MESSAGE][WARNING] - [SELF-HEALING] The current locator of test object 'Object Repository/katalon demo/Page_CURA Healthcare Service/a_Go to Homepage' was broken. Propose an alternative one: '//a[contains(text(),'Go to Homepage')]'.

29-01-2024T22:35:55 - [MESSAGE][PASSED] - Scroll to object 'Object Repository/katalon demo/Page_CURA Healthcare Service/a_Go to Homepage' successfully

29-01-2024T22:35:55 - [TEST_STEP][PASSED] - click(findTestObject("Object Repository/katalon demo/Page_CURA Healthcare Service/a_Go to Homepage")): Object: 'Object Repository/katalon demo/Page_CURA Healthcare Service/a_Go to Homepage' is clicked on

29-01-2024T22:36:26 - [MESSAGE][INFO] - Unable to find the element located by 'By.xpath: //section[@id='summary']/div/div/div[7]/p/a'. Please recheck the objects properties to make sure the desired element is located. 

29-01-2024T22:36:26 - [MESSAGE][WARNING] - [SELF-HEALING] Failed to find element with id 'Object Repository/katalon demo/Page_CURA Healthcare Service/a_Go to Homepage'. Try using Self-healing.

29-01-2024T22:36:26 - [MESSAGE][WARNING] - [SELF-HEALING] The current locator of test object 'Object Repository/katalon demo/Page_CURA Healthcare Service/a_Go to Homepage' was broken. Propose an alternative one: '//a[contains(text(),'Go to Homepage')]'.

29-01-2024T22:36:27 - [MESSAGE][PASSED] - Object: 'Object Repository/katalon demo/Page_CURA Healthcare Service/a_Go to Homepage' is clicked on]]></system-out>
         <system-err><![CDATA[]]></system-err>
      </testcase>
      <testcase name="Test Cases/Katalon Demo/profile katalon demo" time="3.167" classname="Test Cases/Katalon Demo/profile katalon demo" status="PASSED">
         <system-out><![CDATA[29-01-2024T22:36:27 - [TEST_CASE][PASSED] - Test Cases/Katalon Demo/profile katalon demo: Test Cases/Katalon Demo/profile katalon demo

29-01-2024T22:36:27 - [TEST_STEP][PASSED] - click(findTestObject("Object Repository/katalon demo/Page_CURA Healthcare Service/i_fa fa-bars")): Object: 'Object Repository/katalon demo/Page_CURA Healthcare Service/i_fa fa-bars' is clicked on

29-01-2024T22:36:27 - [MESSAGE][PASSED] - Object: 'Object Repository/katalon demo/Page_CURA Healthcare Service/i_fa fa-bars' is clicked on

29-01-2024T22:36:27 - [TEST_STEP][PASSED] - click(findTestObject("Object Repository/katalon demo/Page_CURA Healthcare Service/a_Profile")): Object: 'Object Repository/katalon demo/Page_CURA Healthcare Service/a_Profile' is clicked on

29-01-2024T22:36:28 - [MESSAGE][PASSED] - Object: 'Object Repository/katalon demo/Page_CURA Healthcare Service/a_Profile' is clicked on

29-01-2024T22:36:28 - [TEST_STEP][PASSED] - takeScreenshotAsCheckpoint("profile katalon demo"): Taking screenshot successfully

29-01-2024T22:36:29 - [MESSAGE][INFO] - 0 hidden object(s)

29-01-2024T22:36:29 - [MESSAGE][PASSED] - Taking screenshot successfully
[[ATTACHMENT|keyes\keyes-profile katalon demo.png]]

29-01-2024T22:36:29 - [TEST_STEP][PASSED] - click(findTestObject("Object Repository/katalon demo/Page_CURA Healthcare Service/i_fa fa-bars")): Object: 'Object Repository/katalon demo/Page_CURA Healthcare Service/i_fa fa-bars' is clicked on

29-01-2024T22:36:29 - [MESSAGE][PASSED] - Object: 'Object Repository/katalon demo/Page_CURA Healthcare Service/i_fa fa-bars' is clicked on

29-01-2024T22:36:29 - [TEST_STEP][PASSED] - click(findTestObject("Object Repository/katalon demo/Page_CURA Healthcare Service/a_Home")): Object: 'Object Repository/katalon demo/Page_CURA Healthcare Service/a_Home' is clicked on

29-01-2024T22:36:30 - [MESSAGE][PASSED] - Object: 'Object Repository/katalon demo/Page_CURA Healthcare Service/a_Home' is clicked on]]></system-out>
         <system-err><![CDATA[]]></system-err>
      </testcase>
      <testcase name="Test Cases/Katalon Demo/logout katalon demo" time="2.643" classname="Test Cases/Katalon Demo/logout katalon demo" status="PASSED">
         <system-out><![CDATA[29-01-2024T22:36:30 - [TEST_CASE][PASSED] - Test Cases/Katalon Demo/logout katalon demo: Test Cases/Katalon Demo/logout katalon demo

29-01-2024T22:36:30 - [TEST_STEP][PASSED] - click(findTestObject("Object Repository/katalon demo/Page_CURA Healthcare Service/i_fa fa-bars")): Object: 'Object Repository/katalon demo/Page_CURA Healthcare Service/i_fa fa-bars' is clicked on

29-01-2024T22:36:30 - [MESSAGE][PASSED] - Object: 'Object Repository/katalon demo/Page_CURA Healthcare Service/i_fa fa-bars' is clicked on

29-01-2024T22:36:30 - [TEST_STEP][PASSED] - takeScreenshotAsCheckpoint("logout katalon demo"): Taking screenshot successfully

29-01-2024T22:36:31 - [MESSAGE][INFO] - 0 hidden object(s)

29-01-2024T22:36:31 - [MESSAGE][PASSED] - Taking screenshot successfully
[[ATTACHMENT|keyes\keyes-logout katalon demo.png]]

29-01-2024T22:36:31 - [TEST_STEP][PASSED] - click(findTestObject("Object Repository/katalon demo/Page_CURA Healthcare Service/a_Logout")): Object: 'Object Repository/katalon demo/Page_CURA Healthcare Service/a_Logout' is clicked on

29-01-2024T22:36:32 - [MESSAGE][PASSED] - Object: 'Object Repository/katalon demo/Page_CURA Healthcare Service/a_Logout' is clicked on

29-01-2024T22:36:32 - [TEST_STEP][PASSED] - closeBrowser(): Browser is closed

29-01-2024T22:36:33 - [MESSAGE][PASSED] - Browser is closed]]></system-out>
         <system-err><![CDATA[]]></system-err>
      </testcase>
      <testcase name="Test Cases/Katalon Demo/negatif login katalon demo" time="19.192" classname="Test Cases/Katalon Demo/negatif login katalon demo" status="PASSED">
         <system-out><![CDATA[29-01-2024T22:36:33 - [TEST_CASE][PASSED] - Test Cases/Katalon Demo/negatif login katalon demo: Test Cases/Katalon Demo/negatif login katalon demo

29-01-2024T22:36:33 - [TEST_STEP][PASSED] - openBrowser(""): Browser is opened with url: ''

29-01-2024T22:36:33 - [MESSAGE][INFO] - Starting 'Chrome' driver

29-01-2024T22:36:33 - [MESSAGE][INFO] - Action delay is set to 0 milliseconds

29-01-2024T22:36:34 - [MESSAGE][PASSED] - Browser is opened with url: ''

29-01-2024T22:36:34 - [TEST_STEP][PASSED] - navigateToUrl("https://katalon-demo-cura.herokuapp.com/"): Navigate to 'https://katalon-demo-cura.herokuapp.com/' successfully

29-01-2024T22:36:43 - [MESSAGE][PASSED] - Navigate to 'https://katalon-demo-cura.herokuapp.com/' successfully

29-01-2024T22:36:43 - [TEST_STEP][PASSED] - click(findTestObject("Object Repository/katalon demo/Page_CURA Healthcare Service/amenu-toggle")): Object: 'Object Repository/katalon demo/Page_CURA Healthcare Service/amenu-toggle' is clicked on

29-01-2024T22:36:43 - [MESSAGE][PASSED] - Object: 'Object Repository/katalon demo/Page_CURA Healthcare Service/amenu-toggle' is clicked on

29-01-2024T22:36:43 - [TEST_STEP][PASSED] - click(findTestObject("Object Repository/katalon demo/Page_CURA Healthcare Service/a_Login")): Object: 'Object Repository/katalon demo/Page_CURA Healthcare Service/a_Login' is clicked on

29-01-2024T22:36:44 - [MESSAGE][PASSED] - Object: 'Object Repository/katalon demo/Page_CURA Healthcare Service/a_Login' is clicked on

29-01-2024T22:36:44 - [TEST_STEP][PASSED] - setText(findTestObject("Object Repository/katalon demo/Page_CURA Healthcare Service/input_username"), username1): Text 'aaaaa' is set on object 'Object Repository/katalon demo/Page_CURA Healthcare Service/input_username'

29-01-2024T22:36:45 - [MESSAGE][PASSED] - Text 'aaaaa' is set on object 'Object Repository/katalon demo/Page_CURA Healthcare Service/input_username'

29-01-2024T22:36:45 - [TEST_STEP][PASSED] - setText(findTestObject("Object Repository/katalon demo/Page_CURA Healthcare Service/input_password"), password1): Text 'aaaaaaaa' is set on object 'Object Repository/katalon demo/Page_CURA Healthcare Service/input_password'

29-01-2024T22:36:45 - [MESSAGE][PASSED] - Text 'aaaaaaaa' is set on object 'Object Repository/katalon demo/Page_CURA Healthcare Service/input_password'

29-01-2024T22:36:45 - [TEST_STEP][PASSED] - click(findTestObject("katalon demo/Page_CURA Healthcare Service/button_Login")): Object: 'Object Repository/katalon demo/Page_CURA Healthcare Service/button_Login' is clicked on

29-01-2024T22:36:46 - [MESSAGE][PASSED] - Object: 'Object Repository/katalon demo/Page_CURA Healthcare Service/button_Login' is clicked on

29-01-2024T22:36:46 - [TEST_STEP][PASSED] - verifyTextPresent("Login failed!", false): Text 'Login failed!' is present on page 

29-01-2024T22:36:47 - [MESSAGE][PASSED] - Text 'Login failed!' is present on page 

29-01-2024T22:36:47 - [TEST_STEP][PASSED] - takeScreenshotAsCheckpoint("negatif 1 login katalon demo"): Taking screenshot successfully

29-01-2024T22:36:47 - [MESSAGE][INFO] - 0 hidden object(s)

29-01-2024T22:36:47 - [MESSAGE][PASSED] - Taking screenshot successfully
[[ATTACHMENT|keyes\keyes-negatif 1 login katalon demo.png]]

29-01-2024T22:36:47 - [TEST_STEP][PASSED] - click(findTestObject("Object Repository/katalon demo/Page_CURA Healthcare Service/button_Login")): Object: 'Object Repository/katalon demo/Page_CURA Healthcare Service/button_Login' is clicked on

29-01-2024T22:36:48 - [MESSAGE][PASSED] - Object: 'Object Repository/katalon demo/Page_CURA Healthcare Service/button_Login' is clicked on

29-01-2024T22:36:48 - [TEST_STEP][PASSED] - setText(findTestObject("katalon demo/Page_CURA Healthcare Service/input_username"), username2): Text 'bbbbb' is set on object 'Object Repository/katalon demo/Page_CURA Healthcare Service/input_username'

29-01-2024T22:36:49 - [MESSAGE][PASSED] - Text 'bbbbb' is set on object 'Object Repository/katalon demo/Page_CURA Healthcare Service/input_username'

29-01-2024T22:36:49 - [TEST_STEP][PASSED] - setText(findTestObject("katalon demo/Page_CURA Healthcare Service/input_password"), password2): Text 'bbbbbbbb' is set on object 'Object Repository/katalon demo/Page_CURA Healthcare Service/input_password'

29-01-2024T22:36:50 - [MESSAGE][PASSED] - Text 'bbbbbbbb' is set on object 'Object Repository/katalon demo/Page_CURA Healthcare Service/input_password'

29-01-2024T22:36:50 - [TEST_STEP][PASSED] - click(findTestObject("katalon demo/Page_CURA Healthcare Service/button_Login")): Object: 'Object Repository/katalon demo/Page_CURA Healthcare Service/button_Login' is clicked on

29-01-2024T22:36:51 - [MESSAGE][PASSED] - Object: 'Object Repository/katalon demo/Page_CURA Healthcare Service/button_Login' is clicked on

29-01-2024T22:36:51 - [TEST_STEP][PASSED] - verifyTextPresent("Login failed!", false): Text 'Login failed!' is present on page 

29-01-2024T22:36:51 - [MESSAGE][PASSED] - Text 'Login failed!' is present on page 

29-01-2024T22:36:51 - [TEST_STEP][PASSED] - takeScreenshotAsCheckpoint("negatif 2 login katalon demo"): Taking screenshot successfully

29-01-2024T22:36:52 - [MESSAGE][INFO] - 0 hidden object(s)

29-01-2024T22:36:52 - [MESSAGE][PASSED] - Taking screenshot successfully
[[ATTACHMENT|keyes\keyes-negatif 2 login katalon demo.png]]]]></system-out>
         <system-err><![CDATA[]]></system-err>
      </testcase>
      <system-out><![CDATA[29-01-2024T22:34:39 - [TEST_SUITE][PASSED] - katalon demo: Test Cases/Katalon Demo/negatif login katalon demo]]></system-out>
      <system-err><![CDATA[]]></system-err>
   </testsuite>
   <testsuite name="katalon demo" tests="8" failures="0" errors="0" time="120.97" skipped="0" timestamp="29-01-2024T22:36:59" hostname="0517 - Pierrot" id="Test Suites/katalon demo">
      <properties>
         <property name="deviceName" value=""/>
         <property name="devicePlatform" value=""/>
         <property name="logFolder" value="C:\\Users\\0517\\Katalon Studio\\poc bni\\Reports\\20240129_222034\\katalon demo\\20240129_222111"/>
         <property name="logFiles" value="C:\\Users\\0517\\Katalon Studio\\poc bni\\Reports\\20240129_222034\\katalon demo\\20240129_222111\\execution0.log"/>
         <property name="attachments" value="keyes\keyes-login katalon demo.png, keyes\keyes-appointment katalon demo.png, keyes\keyes-appointment 1 katalon demo.png, keyes\keyes-appointment 2 katalon demo.png, keyes\keyes-history katalon demo.png, keyes\keyes-profile katalon demo.png, keyes\keyes-logout katalon demo.png, keyes\keyes-negatif 1 login katalon demo.png, keyes\keyes-negatif 2 login katalon demo.png"/>
         <property name="hostName" value="0517 - Pierrot"/>
         <property name="os" value="Windows 10 64bit"/>
         <property name="katalonVersion" value="9.2.0.212"/>
         <property name="browser" value="Chrome 121.0.0.0"/>
         <property name="hostAddress" value="192.168.96.2"/>
         <property name="sessionId" value="41648e92f77c15e05c66d09c1c37e0f7"/>
         <property name="seleniumVersion" value="3.141.59"/>
         <property name="proxyInformation" value="ProxyInformation { proxyOption=NO_PROXY, proxyServerType=HTTP, username=, password=********, proxyServerAddress=, proxyServerPort=0, executionList=&quot;&quot;, isApplyToDesiredCapabilities=true }"/>
         <property name="platform" value="Windows 10"/>
      </properties>
      <testcase name="Test Cases/Katalon Demo/login katalon demo" time="15.162" classname="Test Cases/Katalon Demo/login katalon demo" status="PASSED">
         <system-out><![CDATA[29-01-2024T22:36:59 - [TEST_CASE][PASSED] - Test Cases/Katalon Demo/login katalon demo: Test Cases/Katalon Demo/login katalon demo

29-01-2024T22:37:00 - [TEST_STEP][PASSED] - openBrowser(""): Browser is opened with url: ''

29-01-2024T22:37:00 - [MESSAGE][INFO] - Starting 'Chrome' driver

29-01-2024T22:37:00 - [MESSAGE][INFO] - Action delay is set to 0 milliseconds

29-01-2024T22:37:02 - [MESSAGE][PASSED] - Browser is opened with url: ''

29-01-2024T22:37:02 - [TEST_STEP][PASSED] - navigateToUrl("https://katalon-demo-cura.herokuapp.com/"): Navigate to 'https://katalon-demo-cura.herokuapp.com/' successfully

29-01-2024T22:37:10 - [MESSAGE][PASSED] - Navigate to 'https://katalon-demo-cura.herokuapp.com/' successfully

29-01-2024T22:37:10 - [TEST_STEP][PASSED] - click(findTestObject("Object Repository/katalon demo/Page_CURA Healthcare Service/amenu-toggle")): Object: 'Object Repository/katalon demo/Page_CURA Healthcare Service/amenu-toggle' is clicked on

29-01-2024T22:37:11 - [MESSAGE][PASSED] - Object: 'Object Repository/katalon demo/Page_CURA Healthcare Service/amenu-toggle' is clicked on

29-01-2024T22:37:11 - [TEST_STEP][PASSED] - click(findTestObject("Object Repository/katalon demo/Page_CURA Healthcare Service/a_Login")): Object: 'Object Repository/katalon demo/Page_CURA Healthcare Service/a_Login' is clicked on

29-01-2024T22:37:11 - [MESSAGE][PASSED] - Object: 'Object Repository/katalon demo/Page_CURA Healthcare Service/a_Login' is clicked on

29-01-2024T22:37:11 - [TEST_STEP][PASSED] - setText(findTestObject("Object Repository/katalon demo/Page_CURA Healthcare Service/input_username"), "John Doe"): Text 'John Doe' is set on object 'Object Repository/katalon demo/Page_CURA Healthcare Service/input_username'

29-01-2024T22:37:12 - [MESSAGE][PASSED] - Text 'John Doe' is set on object 'Object Repository/katalon demo/Page_CURA Healthcare Service/input_username'

29-01-2024T22:37:12 - [TEST_STEP][PASSED] - setEncryptedText(findTestObject("Object Repository/katalon demo/Page_CURA Healthcare Service/input_password"), "g3/DOGG74jC3Flrr3yH+3D/yKbOqqUNM"): Text ****** has been set on object 'Object Repository/katalon demo/Page_CURA Healthcare Service/input_password'

29-01-2024T22:37:13 - [MESSAGE][PASSED] - Text ****** has been set on object 'Object Repository/katalon demo/Page_CURA Healthcare Service/input_password'

29-01-2024T22:37:13 - [TEST_STEP][PASSED] - takeScreenshotAsCheckpoint("login katalon demo", STOP_ON_FAILURE): Taking screenshot successfully

29-01-2024T22:37:13 - [MESSAGE][INFO] - 0 hidden object(s)

29-01-2024T22:37:13 - [MESSAGE][PASSED] - Taking screenshot successfully
[[ATTACHMENT|keyes\keyes-login katalon demo.png]]

29-01-2024T22:37:13 - [TEST_STEP][PASSED] - click(findTestObject("Object Repository/katalon demo/Page_CURA Healthcare Service/button_Login")): Object: 'Object Repository/katalon demo/Page_CURA Healthcare Service/button_Login' is clicked on

29-01-2024T22:37:14 - [MESSAGE][PASSED] - Object: 'Object Repository/katalon demo/Page_CURA Healthcare Service/button_Login' is clicked on]]></system-out>
         <system-err><![CDATA[]]></system-err>
      </testcase>
      <testcase name="Test Cases/Katalon Demo/make appointment katalon demo" time="6.245" classname="Test Cases/Katalon Demo/make appointment katalon demo" status="PASSED">
         <system-out><![CDATA[29-01-2024T22:37:14 - [TEST_CASE][PASSED] - Test Cases/Katalon Demo/make appointment katalon demo: Test Cases/Katalon Demo/make appointment katalon demo

29-01-2024T22:37:15 - [TEST_STEP][PASSED] - selectOptionByValue(findTestObject("Object Repository/katalon demo/Page_CURA Healthcare Service/select_Tokyo"), "Hongkong CURA Healthcare Center", true): All options with value 'Hongkong CURA Healthcare Center' are selected in object 'Object Repository/katalon demo/Page_CURA Healthcare Service/select_Tokyo'  using regular expression

29-01-2024T22:37:16 - [MESSAGE][PASSED] - All options with value 'Hongkong CURA Healthcare Center' are selected in object 'Object Repository/katalon demo/Page_CURA Healthcare Service/select_Tokyo'  using regular expression

29-01-2024T22:37:16 - [TEST_STEP][PASSED] - click(findTestObject("Object Repository/katalon demo/Page_CURA Healthcare Service/label_Apply for hospital readmission")): Object: 'Object Repository/katalon demo/Page_CURA Healthcare Service/label_Apply for hospital readmission' is clicked on

29-01-2024T22:37:16 - [MESSAGE][PASSED] - Object: 'Object Repository/katalon demo/Page_CURA Healthcare Service/label_Apply for hospital readmission' is clicked on

29-01-2024T22:37:16 - [TEST_STEP][PASSED] - click(findTestObject("Object Repository/katalon demo/Page_CURA Healthcare Service/input_programs")): Object: 'Object Repository/katalon demo/Page_CURA Healthcare Service/input_programs' is clicked on

29-01-2024T22:37:16 - [MESSAGE][PASSED] - Object: 'Object Repository/katalon demo/Page_CURA Healthcare Service/input_programs' is clicked on

29-01-2024T22:37:16 - [TEST_STEP][PASSED] - click(findTestObject("Object Repository/katalon demo/Page_CURA Healthcare Service/span_glyphicon glyphicon-calendar")): Object: 'Object Repository/katalon demo/Page_CURA Healthcare Service/span_glyphicon glyphicon-calendar' is clicked on

29-01-2024T22:37:17 - [MESSAGE][PASSED] - Object: 'Object Repository/katalon demo/Page_CURA Healthcare Service/span_glyphicon glyphicon-calendar' is clicked on

29-01-2024T22:37:17 - [TEST_STEP][PASSED] - click(findTestObject("Object Repository/katalon demo/Page_CURA Healthcare Service/td_31")): Object: 'Object Repository/katalon demo/Page_CURA Healthcare Service/td_31' is clicked on

29-01-2024T22:37:17 - [MESSAGE][PASSED] - Object: 'Object Repository/katalon demo/Page_CURA Healthcare Service/td_31' is clicked on

29-01-2024T22:37:17 - [TEST_STEP][PASSED] - setText(findTestObject("Object Repository/katalon demo/Page_CURA Healthcare Service/textarea_comment"), "tes katalon demo"): Text 'tes katalon demo' is set on object 'Object Repository/katalon demo/Page_CURA Healthcare Service/textarea_comment'

29-01-2024T22:37:18 - [MESSAGE][PASSED] - Text 'tes katalon demo' is set on object 'Object Repository/katalon demo/Page_CURA Healthcare Service/textarea_comment'

29-01-2024T22:37:18 - [TEST_STEP][PASSED] - click(findTestObject("Object Repository/katalon demo/Page_CURA Healthcare Service/button_Book Appointment")): Object: 'Object Repository/katalon demo/Page_CURA Healthcare Service/button_Book Appointment' is clicked on

29-01-2024T22:37:19 - [MESSAGE][PASSED] - Object: 'Object Repository/katalon demo/Page_CURA Healthcare Service/button_Book Appointment' is clicked on

29-01-2024T22:37:19 - [TEST_STEP][PASSED] - verifyTextPresent("Appointment Confirmation", false): Text 'Appointment Confirmation' is present on page 

29-01-2024T22:37:20 - [MESSAGE][PASSED] - Text 'Appointment Confirmation' is present on page 

29-01-2024T22:37:20 - [TEST_STEP][PASSED] - takeScreenshotAsCheckpoint("appointment katalon demo"): Taking screenshot successfully

29-01-2024T22:37:20 - [MESSAGE][INFO] - 0 hidden object(s)

29-01-2024T22:37:20 - [MESSAGE][PASSED] - Taking screenshot successfully
[[ATTACHMENT|keyes\keyes-appointment katalon demo.png]]

29-01-2024T22:37:20 - [TEST_STEP][PASSED] - click(findTestObject("Object Repository/katalon demo/Page_CURA Healthcare Service/a_Go to Homepage")): Object: 'Object Repository/katalon demo/Page_CURA Healthcare Service/a_Go to Homepage' is clicked on

29-01-2024T22:37:21 - [MESSAGE][PASSED] - Object: 'Object Repository/katalon demo/Page_CURA Healthcare Service/a_Go to Homepage' is clicked on]]></system-out>
         <system-err><![CDATA[]]></system-err>
      </testcase>
      <testcase name="Test Cases/Katalon Demo/make appointment katalon demo 1" time="5.851" classname="Test Cases/Katalon Demo/make appointment katalon demo 1" status="PASSED">
         <system-out><![CDATA[29-01-2024T22:37:21 - [TEST_CASE][PASSED] - Test Cases/Katalon Demo/make appointment katalon demo 1: Test Cases/Katalon Demo/make appointment katalon demo 1

29-01-2024T22:37:21 - [TEST_STEP][PASSED] - selectOptionByValue(findTestObject("Object Repository/katalon demo/Page_CURA Healthcare Service/select_Tokyo"), "Seoul CURA Healthcare Center", true): All options with value 'Seoul CURA Healthcare Center' are selected in object 'Object Repository/katalon demo/Page_CURA Healthcare Service/select_Tokyo'  using regular expression

29-01-2024T22:37:22 - [MESSAGE][PASSED] - All options with value 'Seoul CURA Healthcare Center' are selected in object 'Object Repository/katalon demo/Page_CURA Healthcare Service/select_Tokyo'  using regular expression

29-01-2024T22:37:22 - [TEST_STEP][PASSED] - click(findTestObject("Object Repository/katalon demo/Page_CURA Healthcare Service/input_hospital_readmission")): Object: 'Object Repository/katalon demo/Page_CURA Healthcare Service/input_hospital_readmission' is clicked on

29-01-2024T22:37:22 - [MESSAGE][PASSED] - Object: 'Object Repository/katalon demo/Page_CURA Healthcare Service/input_hospital_readmission' is clicked on

29-01-2024T22:37:22 - [TEST_STEP][PASSED] - click(findTestObject("Object Repository/katalon demo/Page_CURA Healthcare Service/input_programs")): Object: 'Object Repository/katalon demo/Page_CURA Healthcare Service/input_programs' is clicked on

29-01-2024T22:37:23 - [MESSAGE][PASSED] - Object: 'Object Repository/katalon demo/Page_CURA Healthcare Service/input_programs' is clicked on

29-01-2024T22:37:23 - [TEST_STEP][PASSED] - click(findTestObject("Object Repository/katalon demo/Page_CURA Healthcare Service/span_glyphicon glyphicon-calendar")): Object: 'Object Repository/katalon demo/Page_CURA Healthcare Service/span_glyphicon glyphicon-calendar' is clicked on

29-01-2024T22:37:23 - [MESSAGE][PASSED] - Object: 'Object Repository/katalon demo/Page_CURA Healthcare Service/span_glyphicon glyphicon-calendar' is clicked on

29-01-2024T22:37:23 - [TEST_STEP][PASSED] - click(findTestObject("Object Repository/katalon demo/Page_CURA Healthcare Service/td_30")): Object: 'Object Repository/katalon demo/Page_CURA Healthcare Service/td_30' is clicked on

29-01-2024T22:37:23 - [MESSAGE][PASSED] - Object: 'Object Repository/katalon demo/Page_CURA Healthcare Service/td_30' is clicked on

29-01-2024T22:37:23 - [TEST_STEP][PASSED] - setText(findTestObject("Object Repository/katalon demo/Page_CURA Healthcare Service/textarea_comment"), "tes katalon"): Text 'tes katalon' is set on object 'Object Repository/katalon demo/Page_CURA Healthcare Service/textarea_comment'

29-01-2024T22:37:24 - [MESSAGE][PASSED] - Text 'tes katalon' is set on object 'Object Repository/katalon demo/Page_CURA Healthcare Service/textarea_comment'

29-01-2024T22:37:24 - [TEST_STEP][PASSED] - click(findTestObject("Object Repository/katalon demo/Page_CURA Healthcare Service/button_Book Appointment")): Object: 'Object Repository/katalon demo/Page_CURA Healthcare Service/button_Book Appointment' is clicked on

29-01-2024T22:37:25 - [MESSAGE][PASSED] - Object: 'Object Repository/katalon demo/Page_CURA Healthcare Service/button_Book Appointment' is clicked on

29-01-2024T22:37:25 - [TEST_STEP][PASSED] - verifyTextPresent("Appointment Confirmation", false): Text 'Appointment Confirmation' is present on page 

29-01-2024T22:37:25 - [MESSAGE][PASSED] - Text 'Appointment Confirmation' is present on page 

29-01-2024T22:37:25 - [TEST_STEP][PASSED] - takeScreenshotAsCheckpoint("appointment 1 katalon demo"): Taking screenshot successfully

29-01-2024T22:37:26 - [MESSAGE][INFO] - 0 hidden object(s)

29-01-2024T22:37:26 - [MESSAGE][PASSED] - Taking screenshot successfully
[[ATTACHMENT|keyes\keyes-appointment 1 katalon demo.png]]

29-01-2024T22:37:26 - [TEST_STEP][PASSED] - click(findTestObject("Object Repository/katalon demo/Page_CURA Healthcare Service/a_Go to Homepage")): Object: 'Object Repository/katalon demo/Page_CURA Healthcare Service/a_Go to Homepage' is clicked on

29-01-2024T22:37:27 - [MESSAGE][PASSED] - Object: 'Object Repository/katalon demo/Page_CURA Healthcare Service/a_Go to Homepage' is clicked on]]></system-out>
         <system-err><![CDATA[]]></system-err>
      </testcase>
      <testcase name="Test Cases/Katalon Demo/make appointment katalon demo 2" time="5.203" classname="Test Cases/Katalon Demo/make appointment katalon demo 2" status="PASSED">
         <system-out><![CDATA[29-01-2024T22:37:27 - [TEST_CASE][PASSED] - Test Cases/Katalon Demo/make appointment katalon demo 2: Test Cases/Katalon Demo/make appointment katalon demo 2

29-01-2024T22:37:27 - [TEST_STEP][PASSED] - click(findTestObject("Object Repository/katalon demo/Page_CURA Healthcare Service/label_Apply for hospital readmission")): Object: 'Object Repository/katalon demo/Page_CURA Healthcare Service/label_Apply for hospital readmission' is clicked on

29-01-2024T22:37:27 - [MESSAGE][PASSED] - Object: 'Object Repository/katalon demo/Page_CURA Healthcare Service/label_Apply for hospital readmission' is clicked on

29-01-2024T22:37:27 - [TEST_STEP][PASSED] - click(findTestObject("Object Repository/katalon demo/Page_CURA Healthcare Service/input_programs")): Object: 'Object Repository/katalon demo/Page_CURA Healthcare Service/input_programs' is clicked on

29-01-2024T22:37:27 - [MESSAGE][PASSED] - Object: 'Object Repository/katalon demo/Page_CURA Healthcare Service/input_programs' is clicked on

29-01-2024T22:37:27 - [TEST_STEP][PASSED] - click(findTestObject("Object Repository/katalon demo/Page_CURA Healthcare Service/input_visit_date")): Object: 'Object Repository/katalon demo/Page_CURA Healthcare Service/input_visit_date' is clicked on

29-01-2024T22:37:28 - [MESSAGE][PASSED] - Object: 'Object Repository/katalon demo/Page_CURA Healthcare Service/input_visit_date' is clicked on

29-01-2024T22:37:28 - [TEST_STEP][PASSED] - click(findTestObject("Object Repository/katalon demo/Page_CURA Healthcare Service/th_")): Object: 'Object Repository/katalon demo/Page_CURA Healthcare Service/th_' is clicked on

29-01-2024T22:37:28 - [MESSAGE][PASSED] - Object: 'Object Repository/katalon demo/Page_CURA Healthcare Service/th_' is clicked on

29-01-2024T22:37:28 - [TEST_STEP][PASSED] - click(findTestObject("Object Repository/katalon demo/Page_CURA Healthcare Service/td_28")): Object: 'Object Repository/katalon demo/Page_CURA Healthcare Service/td_28' is clicked on

29-01-2024T22:37:29 - [MESSAGE][PASSED] - Object: 'Object Repository/katalon demo/Page_CURA Healthcare Service/td_28' is clicked on

29-01-2024T22:37:29 - [TEST_STEP][PASSED] - setText(findTestObject("Object Repository/katalon demo/Page_CURA Healthcare Service/textarea_comment"), "tes katalon"): Text 'tes katalon' is set on object 'Object Repository/katalon demo/Page_CURA Healthcare Service/textarea_comment'

29-01-2024T22:37:30 - [MESSAGE][PASSED] - Text 'tes katalon' is set on object 'Object Repository/katalon demo/Page_CURA Healthcare Service/textarea_comment'

29-01-2024T22:37:30 - [TEST_STEP][PASSED] - click(findTestObject("Object Repository/katalon demo/Page_CURA Healthcare Service/button_Book Appointment")): Object: 'Object Repository/katalon demo/Page_CURA Healthcare Service/button_Book Appointment' is clicked on

29-01-2024T22:37:30 - [MESSAGE][PASSED] - Object: 'Object Repository/katalon demo/Page_CURA Healthcare Service/button_Book Appointment' is clicked on

29-01-2024T22:37:30 - [TEST_STEP][PASSED] - verifyTextPresent("Appointment Confirmation", false): Text 'Appointment Confirmation' is present on page 

29-01-2024T22:37:31 - [MESSAGE][PASSED] - Text 'Appointment Confirmation' is present on page 

29-01-2024T22:37:31 - [TEST_STEP][PASSED] - takeScreenshotAsCheckpoint("appointment 2 katalon demo"): Taking screenshot successfully

29-01-2024T22:37:31 - [MESSAGE][INFO] - 0 hidden object(s)

29-01-2024T22:37:31 - [MESSAGE][PASSED] - Taking screenshot successfully
[[ATTACHMENT|keyes\keyes-appointment 2 katalon demo.png]]

29-01-2024T22:37:31 - [TEST_STEP][PASSED] - click(findTestObject("Object Repository/katalon demo/Page_CURA Healthcare Service/a_Go to Homepage")): Object: 'Object Repository/katalon demo/Page_CURA Healthcare Service/a_Go to Homepage' is clicked on

29-01-2024T22:37:32 - [MESSAGE][PASSED] - Object: 'Object Repository/katalon demo/Page_CURA Healthcare Service/a_Go to Homepage' is clicked on]]></system-out>
         <system-err><![CDATA[]]></system-err>
      </testcase>
      <testcase name="Test Cases/Katalon Demo/history katalon demo" time="65.515" classname="Test Cases/Katalon Demo/history katalon demo" status="PASSED">
         <system-out><![CDATA[29-01-2024T22:37:32 - [TEST_CASE][PASSED] - Test Cases/Katalon Demo/history katalon demo: Test Cases/Katalon Demo/history katalon demo

29-01-2024T22:37:32 - [TEST_STEP][PASSED] - click(findTestObject("Object Repository/katalon demo/Page_CURA Healthcare Service/amenu-toggle")): Object: 'Object Repository/katalon demo/Page_CURA Healthcare Service/amenu-toggle' is clicked on

29-01-2024T22:37:32 - [MESSAGE][PASSED] - Object: 'Object Repository/katalon demo/Page_CURA Healthcare Service/amenu-toggle' is clicked on

29-01-2024T22:37:32 - [TEST_STEP][PASSED] - click(findTestObject("Object Repository/katalon demo/Page_CURA Healthcare Service/a_History")): Object: 'Object Repository/katalon demo/Page_CURA Healthcare Service/a_History' is clicked on

29-01-2024T22:37:33 - [MESSAGE][PASSED] - Object: 'Object Repository/katalon demo/Page_CURA Healthcare Service/a_History' is clicked on

29-01-2024T22:37:33 - [TEST_STEP][PASSED] - takeScreenshotAsCheckpoint("history katalon demo"): Taking screenshot successfully

29-01-2024T22:37:34 - [MESSAGE][INFO] - 0 hidden object(s)

29-01-2024T22:37:34 - [MESSAGE][PASSED] - Taking screenshot successfully
[[ATTACHMENT|keyes\keyes-history katalon demo.png]]

29-01-2024T22:37:34 - [TEST_STEP][PASSED] - scrollToElement(findTestObject("katalon demo/Page_CURA Healthcare Service/a_Go to Homepage"), 3): Scroll to object 'Object Repository/katalon demo/Page_CURA Healthcare Service/a_Go to Homepage' successfully

29-01-2024T22:38:05 - [MESSAGE][INFO] - Unable to find the element located by 'By.xpath: //section[@id='summary']/div/div/div[7]/p/a'. Please recheck the objects properties to make sure the desired element is located. 

29-01-2024T22:38:05 - [MESSAGE][WARNING] - [SELF-HEALING] Failed to find element with id 'Object Repository/katalon demo/Page_CURA Healthcare Service/a_Go to Homepage'. Try using Self-healing.

29-01-2024T22:38:05 - [MESSAGE][WARNING] - [SELF-HEALING] The current locator of test object 'Object Repository/katalon demo/Page_CURA Healthcare Service/a_Go to Homepage' was broken. Propose an alternative one: '//a[contains(text(),'Go to Homepage')]'.

29-01-2024T22:38:05 - [MESSAGE][PASSED] - Scroll to object 'Object Repository/katalon demo/Page_CURA Healthcare Service/a_Go to Homepage' successfully

29-01-2024T22:38:05 - [TEST_STEP][PASSED] - click(findTestObject("Object Repository/katalon demo/Page_CURA Healthcare Service/a_Go to Homepage")): Object: 'Object Repository/katalon demo/Page_CURA Healthcare Service/a_Go to Homepage' is clicked on

29-01-2024T22:38:36 - [MESSAGE][INFO] - Unable to find the element located by 'By.xpath: //section[@id='summary']/div/div/div[7]/p/a'. Please recheck the objects properties to make sure the desired element is located. 

29-01-2024T22:38:36 - [MESSAGE][WARNING] - [SELF-HEALING] Failed to find element with id 'Object Repository/katalon demo/Page_CURA Healthcare Service/a_Go to Homepage'. Try using Self-healing.

29-01-2024T22:38:36 - [MESSAGE][WARNING] - [SELF-HEALING] The current locator of test object 'Object Repository/katalon demo/Page_CURA Healthcare Service/a_Go to Homepage' was broken. Propose an alternative one: '//a[contains(text(),'Go to Homepage')]'.

29-01-2024T22:38:37 - [MESSAGE][PASSED] - Object: 'Object Repository/katalon demo/Page_CURA Healthcare Service/a_Go to Homepage' is clicked on]]></system-out>
         <system-err><![CDATA[]]></system-err>
      </testcase>
      <testcase name="Test Cases/Katalon Demo/profile katalon demo" time="3.104" classname="Test Cases/Katalon Demo/profile katalon demo" status="PASSED">
         <system-out><![CDATA[29-01-2024T22:38:37 - [TEST_CASE][PASSED] - Test Cases/Katalon Demo/profile katalon demo: Test Cases/Katalon Demo/profile katalon demo

29-01-2024T22:38:37 - [TEST_STEP][PASSED] - click(findTestObject("Object Repository/katalon demo/Page_CURA Healthcare Service/i_fa fa-bars")): Object: 'Object Repository/katalon demo/Page_CURA Healthcare Service/i_fa fa-bars' is clicked on

29-01-2024T22:38:38 - [MESSAGE][PASSED] - Object: 'Object Repository/katalon demo/Page_CURA Healthcare Service/i_fa fa-bars' is clicked on

29-01-2024T22:38:38 - [TEST_STEP][PASSED] - click(findTestObject("Object Repository/katalon demo/Page_CURA Healthcare Service/a_Profile")): Object: 'Object Repository/katalon demo/Page_CURA Healthcare Service/a_Profile' is clicked on

29-01-2024T22:38:39 - [MESSAGE][PASSED] - Object: 'Object Repository/katalon demo/Page_CURA Healthcare Service/a_Profile' is clicked on

29-01-2024T22:38:39 - [TEST_STEP][PASSED] - takeScreenshotAsCheckpoint("profile katalon demo"): Taking screenshot successfully

29-01-2024T22:38:39 - [MESSAGE][INFO] - 0 hidden object(s)

29-01-2024T22:38:39 - [MESSAGE][PASSED] - Taking screenshot successfully
[[ATTACHMENT|keyes\keyes-profile katalon demo.png]]

29-01-2024T22:38:39 - [TEST_STEP][PASSED] - click(findTestObject("Object Repository/katalon demo/Page_CURA Healthcare Service/i_fa fa-bars")): Object: 'Object Repository/katalon demo/Page_CURA Healthcare Service/i_fa fa-bars' is clicked on

29-01-2024T22:38:39 - [MESSAGE][PASSED] - Object: 'Object Repository/katalon demo/Page_CURA Healthcare Service/i_fa fa-bars' is clicked on

29-01-2024T22:38:39 - [TEST_STEP][PASSED] - click(findTestObject("Object Repository/katalon demo/Page_CURA Healthcare Service/a_Home")): Object: 'Object Repository/katalon demo/Page_CURA Healthcare Service/a_Home' is clicked on

29-01-2024T22:38:40 - [MESSAGE][PASSED] - Object: 'Object Repository/katalon demo/Page_CURA Healthcare Service/a_Home' is clicked on]]></system-out>
         <system-err><![CDATA[]]></system-err>
      </testcase>
      <testcase name="Test Cases/Katalon Demo/logout katalon demo" time="2.75" classname="Test Cases/Katalon Demo/logout katalon demo" status="PASSED">
         <system-out><![CDATA[29-01-2024T22:38:40 - [TEST_CASE][PASSED] - Test Cases/Katalon Demo/logout katalon demo: Test Cases/Katalon Demo/logout katalon demo

29-01-2024T22:38:41 - [TEST_STEP][PASSED] - click(findTestObject("Object Repository/katalon demo/Page_CURA Healthcare Service/i_fa fa-bars")): Object: 'Object Repository/katalon demo/Page_CURA Healthcare Service/i_fa fa-bars' is clicked on

29-01-2024T22:38:41 - [MESSAGE][PASSED] - Object: 'Object Repository/katalon demo/Page_CURA Healthcare Service/i_fa fa-bars' is clicked on

29-01-2024T22:38:41 - [TEST_STEP][PASSED] - takeScreenshotAsCheckpoint("logout katalon demo"): Taking screenshot successfully

29-01-2024T22:38:42 - [MESSAGE][INFO] - 0 hidden object(s)

29-01-2024T22:38:42 - [MESSAGE][PASSED] - Taking screenshot successfully
[[ATTACHMENT|keyes\keyes-logout katalon demo.png]]

29-01-2024T22:38:42 - [TEST_STEP][PASSED] - click(findTestObject("Object Repository/katalon demo/Page_CURA Healthcare Service/a_Logout")): Object: 'Object Repository/katalon demo/Page_CURA Healthcare Service/a_Logout' is clicked on

29-01-2024T22:38:43 - [MESSAGE][PASSED] - Object: 'Object Repository/katalon demo/Page_CURA Healthcare Service/a_Logout' is clicked on

29-01-2024T22:38:43 - [TEST_STEP][PASSED] - closeBrowser(): Browser is closed

29-01-2024T22:38:43 - [MESSAGE][PASSED] - Browser is closed]]></system-out>
         <system-err><![CDATA[]]></system-err>
      </testcase>
      <testcase name="Test Cases/Katalon Demo/negatif login katalon demo" time="16.853" classname="Test Cases/Katalon Demo/negatif login katalon demo" status="PASSED">
         <system-out><![CDATA[29-01-2024T22:38:43 - [TEST_CASE][PASSED] - Test Cases/Katalon Demo/negatif login katalon demo: Test Cases/Katalon Demo/negatif login katalon demo

29-01-2024T22:38:43 - [TEST_STEP][PASSED] - openBrowser(""): Browser is opened with url: ''

29-01-2024T22:38:43 - [MESSAGE][INFO] - Starting 'Chrome' driver

29-01-2024T22:38:43 - [MESSAGE][INFO] - Action delay is set to 0 milliseconds

29-01-2024T22:38:44 - [MESSAGE][PASSED] - Browser is opened with url: ''

29-01-2024T22:38:44 - [TEST_STEP][PASSED] - navigateToUrl("https://katalon-demo-cura.herokuapp.com/"): Navigate to 'https://katalon-demo-cura.herokuapp.com/' successfully

29-01-2024T22:38:49 - [MESSAGE][PASSED] - Navigate to 'https://katalon-demo-cura.herokuapp.com/' successfully

29-01-2024T22:38:49 - [TEST_STEP][PASSED] - click(findTestObject("Object Repository/katalon demo/Page_CURA Healthcare Service/amenu-toggle")): Object: 'Object Repository/katalon demo/Page_CURA Healthcare Service/amenu-toggle' is clicked on

29-01-2024T22:38:50 - [MESSAGE][PASSED] - Object: 'Object Repository/katalon demo/Page_CURA Healthcare Service/amenu-toggle' is clicked on

29-01-2024T22:38:50 - [TEST_STEP][PASSED] - click(findTestObject("Object Repository/katalon demo/Page_CURA Healthcare Service/a_Login")): Object: 'Object Repository/katalon demo/Page_CURA Healthcare Service/a_Login' is clicked on

29-01-2024T22:38:51 - [MESSAGE][PASSED] - Object: 'Object Repository/katalon demo/Page_CURA Healthcare Service/a_Login' is clicked on

29-01-2024T22:38:51 - [TEST_STEP][PASSED] - setText(findTestObject("Object Repository/katalon demo/Page_CURA Healthcare Service/input_username"), username1): Text 'aaaaa' is set on object 'Object Repository/katalon demo/Page_CURA Healthcare Service/input_username'

29-01-2024T22:38:52 - [MESSAGE][PASSED] - Text 'aaaaa' is set on object 'Object Repository/katalon demo/Page_CURA Healthcare Service/input_username'

29-01-2024T22:38:52 - [TEST_STEP][PASSED] - setText(findTestObject("Object Repository/katalon demo/Page_CURA Healthcare Service/input_password"), password1): Text 'aaaaaaaa' is set on object 'Object Repository/katalon demo/Page_CURA Healthcare Service/input_password'

29-01-2024T22:38:52 - [MESSAGE][PASSED] - Text 'aaaaaaaa' is set on object 'Object Repository/katalon demo/Page_CURA Healthcare Service/input_password'

29-01-2024T22:38:52 - [TEST_STEP][PASSED] - click(findTestObject("katalon demo/Page_CURA Healthcare Service/button_Login")): Object: 'Object Repository/katalon demo/Page_CURA Healthcare Service/button_Login' is clicked on

29-01-2024T22:38:53 - [MESSAGE][PASSED] - Object: 'Object Repository/katalon demo/Page_CURA Healthcare Service/button_Login' is clicked on

29-01-2024T22:38:53 - [TEST_STEP][PASSED] - verifyTextPresent("Login failed!", false): Text 'Login failed!' is present on page 

29-01-2024T22:38:54 - [MESSAGE][PASSED] - Text 'Login failed!' is present on page 

29-01-2024T22:38:54 - [TEST_STEP][PASSED] - takeScreenshotAsCheckpoint("negatif 1 login katalon demo"): Taking screenshot successfully

29-01-2024T22:38:54 - [MESSAGE][INFO] - 0 hidden object(s)

29-01-2024T22:38:54 - [MESSAGE][PASSED] - Taking screenshot successfully
[[ATTACHMENT|keyes\keyes-negatif 1 login katalon demo.png]]

29-01-2024T22:38:54 - [TEST_STEP][PASSED] - click(findTestObject("Object Repository/katalon demo/Page_CURA Healthcare Service/button_Login")): Object: 'Object Repository/katalon demo/Page_CURA Healthcare Service/button_Login' is clicked on

29-01-2024T22:38:55 - [MESSAGE][PASSED] - Object: 'Object Repository/katalon demo/Page_CURA Healthcare Service/button_Login' is clicked on

29-01-2024T22:38:55 - [TEST_STEP][PASSED] - setText(findTestObject("katalon demo/Page_CURA Healthcare Service/input_username"), username2): Text 'bbbbb' is set on object 'Object Repository/katalon demo/Page_CURA Healthcare Service/input_username'

29-01-2024T22:38:56 - [MESSAGE][PASSED] - Text 'bbbbb' is set on object 'Object Repository/katalon demo/Page_CURA Healthcare Service/input_username'

29-01-2024T22:38:56 - [TEST_STEP][PASSED] - setText(findTestObject("katalon demo/Page_CURA Healthcare Service/input_password"), password2): Text 'bbbbbbbb' is set on object 'Object Repository/katalon demo/Page_CURA Healthcare Service/input_password'

29-01-2024T22:38:57 - [MESSAGE][PASSED] - Text 'bbbbbbbb' is set on object 'Object Repository/katalon demo/Page_CURA Healthcare Service/input_password'

29-01-2024T22:38:57 - [TEST_STEP][PASSED] - click(findTestObject("katalon demo/Page_CURA Healthcare Service/button_Login")): Object: 'Object Repository/katalon demo/Page_CURA Healthcare Service/button_Login' is clicked on

29-01-2024T22:38:59 - [MESSAGE][PASSED] - Object: 'Object Repository/katalon demo/Page_CURA Healthcare Service/button_Login' is clicked on

29-01-2024T22:38:59 - [TEST_STEP][PASSED] - verifyTextPresent("Login failed!", false): Text 'Login failed!' is present on page 

29-01-2024T22:39:00 - [MESSAGE][PASSED] - Text 'Login failed!' is present on page 

29-01-2024T22:39:00 - [TEST_STEP][PASSED] - takeScreenshotAsCheckpoint("negatif 2 login katalon demo"): Taking screenshot successfully

29-01-2024T22:39:00 - [MESSAGE][INFO] - 0 hidden object(s)

29-01-2024T22:39:00 - [MESSAGE][PASSED] - Taking screenshot successfully
[[ATTACHMENT|keyes\keyes-negatif 2 login katalon demo.png]]]]></system-out>
         <system-err><![CDATA[]]></system-err>
      </testcase>
      <system-out><![CDATA[29-01-2024T22:36:59 - [TEST_SUITE][PASSED] - katalon demo: Test Cases/Katalon Demo/negatif login katalon demo]]></system-out>
      <system-err><![CDATA[]]></system-err>
   </testsuite>
   <testsuite name="katalon demo" tests="8" failures="0" errors="0" time="120.365" skipped="0" timestamp="29-01-2024T22:39:08" hostname="0517 - Pierrot" id="Test Suites/katalon demo">
      <properties>
         <property name="deviceName" value=""/>
         <property name="devicePlatform" value=""/>
         <property name="logFolder" value="C:\\Users\\0517\\Katalon Studio\\poc bni\\Reports\\20240129_222034\\katalon demo\\20240129_222117"/>
         <property name="logFiles" value="C:\\Users\\0517\\Katalon Studio\\poc bni\\Reports\\20240129_222034\\katalon demo\\20240129_222117\\execution0.log"/>
         <property name="attachments" value="keyes\keyes-login katalon demo.png, keyes\keyes-appointment katalon demo.png, keyes\keyes-appointment 1 katalon demo.png, keyes\keyes-appointment 2 katalon demo.png, keyes\keyes-history katalon demo.png, keyes\keyes-profile katalon demo.png, keyes\keyes-logout katalon demo.png, keyes\keyes-negatif 1 login katalon demo.png, keyes\keyes-negatif 2 login katalon demo.png"/>
         <property name="hostName" value="0517 - Pierrot"/>
         <property name="os" value="Windows 10 64bit"/>
         <property name="katalonVersion" value="9.2.0.212"/>
         <property name="browser" value="Chrome 121.0.0.0"/>
         <property name="hostAddress" value="192.168.96.2"/>
         <property name="sessionId" value="44c9f9aafcc87cde8700d7bcc2b3a5cb"/>
         <property name="seleniumVersion" value="3.141.59"/>
         <property name="proxyInformation" value="ProxyInformation { proxyOption=NO_PROXY, proxyServerType=HTTP, username=, password=********, proxyServerAddress=, proxyServerPort=0, executionList=&quot;&quot;, isApplyToDesiredCapabilities=true }"/>
         <property name="platform" value="Windows 10"/>
      </properties>
      <testcase name="Test Cases/Katalon Demo/login katalon demo" time="17.237" classname="Test Cases/Katalon Demo/login katalon demo" status="PASSED">
         <system-out><![CDATA[29-01-2024T22:39:08 - [TEST_CASE][PASSED] - Test Cases/Katalon Demo/login katalon demo: Test Cases/Katalon Demo/login katalon demo

29-01-2024T22:39:08 - [TEST_STEP][PASSED] - openBrowser(""): Browser is opened with url: ''

29-01-2024T22:39:09 - [MESSAGE][INFO] - Starting 'Chrome' driver

29-01-2024T22:39:09 - [MESSAGE][INFO] - Action delay is set to 0 milliseconds

29-01-2024T22:39:11 - [MESSAGE][PASSED] - Browser is opened with url: ''

29-01-2024T22:39:11 - [TEST_STEP][PASSED] - navigateToUrl("https://katalon-demo-cura.herokuapp.com/"): Navigate to 'https://katalon-demo-cura.herokuapp.com/' successfully

29-01-2024T22:39:21 - [MESSAGE][PASSED] - Navigate to 'https://katalon-demo-cura.herokuapp.com/' successfully

29-01-2024T22:39:21 - [TEST_STEP][PASSED] - click(findTestObject("Object Repository/katalon demo/Page_CURA Healthcare Service/amenu-toggle")): Object: 'Object Repository/katalon demo/Page_CURA Healthcare Service/amenu-toggle' is clicked on

29-01-2024T22:39:21 - [MESSAGE][PASSED] - Object: 'Object Repository/katalon demo/Page_CURA Healthcare Service/amenu-toggle' is clicked on

29-01-2024T22:39:21 - [TEST_STEP][PASSED] - click(findTestObject("Object Repository/katalon demo/Page_CURA Healthcare Service/a_Login")): Object: 'Object Repository/katalon demo/Page_CURA Healthcare Service/a_Login' is clicked on

29-01-2024T22:39:22 - [MESSAGE][PASSED] - Object: 'Object Repository/katalon demo/Page_CURA Healthcare Service/a_Login' is clicked on

29-01-2024T22:39:22 - [TEST_STEP][PASSED] - setText(findTestObject("Object Repository/katalon demo/Page_CURA Healthcare Service/input_username"), "John Doe"): Text 'John Doe' is set on object 'Object Repository/katalon demo/Page_CURA Healthcare Service/input_username'

29-01-2024T22:39:23 - [MESSAGE][PASSED] - Text 'John Doe' is set on object 'Object Repository/katalon demo/Page_CURA Healthcare Service/input_username'

29-01-2024T22:39:23 - [TEST_STEP][PASSED] - setEncryptedText(findTestObject("Object Repository/katalon demo/Page_CURA Healthcare Service/input_password"), "g3/DOGG74jC3Flrr3yH+3D/yKbOqqUNM"): Text ****** has been set on object 'Object Repository/katalon demo/Page_CURA Healthcare Service/input_password'

29-01-2024T22:39:23 - [MESSAGE][PASSED] - Text ****** has been set on object 'Object Repository/katalon demo/Page_CURA Healthcare Service/input_password'

29-01-2024T22:39:23 - [TEST_STEP][PASSED] - takeScreenshotAsCheckpoint("login katalon demo", STOP_ON_FAILURE): Taking screenshot successfully

29-01-2024T22:39:24 - [MESSAGE][INFO] - 0 hidden object(s)

29-01-2024T22:39:24 - [MESSAGE][PASSED] - Taking screenshot successfully
[[ATTACHMENT|keyes\keyes-login katalon demo.png]]

29-01-2024T22:39:24 - [TEST_STEP][PASSED] - click(findTestObject("Object Repository/katalon demo/Page_CURA Healthcare Service/button_Login")): Object: 'Object Repository/katalon demo/Page_CURA Healthcare Service/button_Login' is clicked on

29-01-2024T22:39:25 - [MESSAGE][PASSED] - Object: 'Object Repository/katalon demo/Page_CURA Healthcare Service/button_Login' is clicked on]]></system-out>
         <system-err><![CDATA[]]></system-err>
      </testcase>
      <testcase name="Test Cases/Katalon Demo/make appointment katalon demo" time="6.103" classname="Test Cases/Katalon Demo/make appointment katalon demo" status="PASSED">
         <system-out><![CDATA[29-01-2024T22:39:25 - [TEST_CASE][PASSED] - Test Cases/Katalon Demo/make appointment katalon demo: Test Cases/Katalon Demo/make appointment katalon demo

29-01-2024T22:39:25 - [TEST_STEP][PASSED] - selectOptionByValue(findTestObject("Object Repository/katalon demo/Page_CURA Healthcare Service/select_Tokyo"), "Hongkong CURA Healthcare Center", true): All options with value 'Hongkong CURA Healthcare Center' are selected in object 'Object Repository/katalon demo/Page_CURA Healthcare Service/select_Tokyo'  using regular expression

29-01-2024T22:39:26 - [MESSAGE][PASSED] - All options with value 'Hongkong CURA Healthcare Center' are selected in object 'Object Repository/katalon demo/Page_CURA Healthcare Service/select_Tokyo'  using regular expression

29-01-2024T22:39:26 - [TEST_STEP][PASSED] - click(findTestObject("Object Repository/katalon demo/Page_CURA Healthcare Service/label_Apply for hospital readmission")): Object: 'Object Repository/katalon demo/Page_CURA Healthcare Service/label_Apply for hospital readmission' is clicked on

29-01-2024T22:39:27 - [MESSAGE][PASSED] - Object: 'Object Repository/katalon demo/Page_CURA Healthcare Service/label_Apply for hospital readmission' is clicked on

29-01-2024T22:39:27 - [TEST_STEP][PASSED] - click(findTestObject("Object Repository/katalon demo/Page_CURA Healthcare Service/input_programs")): Object: 'Object Repository/katalon demo/Page_CURA Healthcare Service/input_programs' is clicked on

29-01-2024T22:39:27 - [MESSAGE][PASSED] - Object: 'Object Repository/katalon demo/Page_CURA Healthcare Service/input_programs' is clicked on

29-01-2024T22:39:27 - [TEST_STEP][PASSED] - click(findTestObject("Object Repository/katalon demo/Page_CURA Healthcare Service/span_glyphicon glyphicon-calendar")): Object: 'Object Repository/katalon demo/Page_CURA Healthcare Service/span_glyphicon glyphicon-calendar' is clicked on

29-01-2024T22:39:28 - [MESSAGE][PASSED] - Object: 'Object Repository/katalon demo/Page_CURA Healthcare Service/span_glyphicon glyphicon-calendar' is clicked on

29-01-2024T22:39:28 - [TEST_STEP][PASSED] - click(findTestObject("Object Repository/katalon demo/Page_CURA Healthcare Service/td_31")): Object: 'Object Repository/katalon demo/Page_CURA Healthcare Service/td_31' is clicked on

29-01-2024T22:39:28 - [MESSAGE][PASSED] - Object: 'Object Repository/katalon demo/Page_CURA Healthcare Service/td_31' is clicked on

29-01-2024T22:39:28 - [TEST_STEP][PASSED] - setText(findTestObject("Object Repository/katalon demo/Page_CURA Healthcare Service/textarea_comment"), "tes katalon demo"): Text 'tes katalon demo' is set on object 'Object Repository/katalon demo/Page_CURA Healthcare Service/textarea_comment'

29-01-2024T22:39:29 - [MESSAGE][PASSED] - Text 'tes katalon demo' is set on object 'Object Repository/katalon demo/Page_CURA Healthcare Service/textarea_comment'

29-01-2024T22:39:29 - [TEST_STEP][PASSED] - click(findTestObject("Object Repository/katalon demo/Page_CURA Healthcare Service/button_Book Appointment")): Object: 'Object Repository/katalon demo/Page_CURA Healthcare Service/button_Book Appointment' is clicked on

29-01-2024T22:39:30 - [MESSAGE][PASSED] - Object: 'Object Repository/katalon demo/Page_CURA Healthcare Service/button_Book Appointment' is clicked on

29-01-2024T22:39:30 - [TEST_STEP][PASSED] - verifyTextPresent("Appointment Confirmation", false): Text 'Appointment Confirmation' is present on page 

29-01-2024T22:39:30 - [MESSAGE][PASSED] - Text 'Appointment Confirmation' is present on page 

29-01-2024T22:39:30 - [TEST_STEP][PASSED] - takeScreenshotAsCheckpoint("appointment katalon demo"): Taking screenshot successfully

29-01-2024T22:39:31 - [MESSAGE][INFO] - 0 hidden object(s)

29-01-2024T22:39:31 - [MESSAGE][PASSED] - Taking screenshot successfully
[[ATTACHMENT|keyes\keyes-appointment katalon demo.png]]

29-01-2024T22:39:31 - [TEST_STEP][PASSED] - click(findTestObject("Object Repository/katalon demo/Page_CURA Healthcare Service/a_Go to Homepage")): Object: 'Object Repository/katalon demo/Page_CURA Healthcare Service/a_Go to Homepage' is clicked on

29-01-2024T22:39:31 - [MESSAGE][PASSED] - Object: 'Object Repository/katalon demo/Page_CURA Healthcare Service/a_Go to Homepage' is clicked on]]></system-out>
         <system-err><![CDATA[]]></system-err>
      </testcase>
      <testcase name="Test Cases/Katalon Demo/make appointment katalon demo 1" time="5.684" classname="Test Cases/Katalon Demo/make appointment katalon demo 1" status="PASSED">
         <system-out><![CDATA[29-01-2024T22:39:31 - [TEST_CASE][PASSED] - Test Cases/Katalon Demo/make appointment katalon demo 1: Test Cases/Katalon Demo/make appointment katalon demo 1

29-01-2024T22:39:31 - [TEST_STEP][PASSED] - selectOptionByValue(findTestObject("Object Repository/katalon demo/Page_CURA Healthcare Service/select_Tokyo"), "Seoul CURA Healthcare Center", true): All options with value 'Seoul CURA Healthcare Center' are selected in object 'Object Repository/katalon demo/Page_CURA Healthcare Service/select_Tokyo'  using regular expression

29-01-2024T22:39:32 - [MESSAGE][PASSED] - All options with value 'Seoul CURA Healthcare Center' are selected in object 'Object Repository/katalon demo/Page_CURA Healthcare Service/select_Tokyo'  using regular expression

29-01-2024T22:39:32 - [TEST_STEP][PASSED] - click(findTestObject("Object Repository/katalon demo/Page_CURA Healthcare Service/input_hospital_readmission")): Object: 'Object Repository/katalon demo/Page_CURA Healthcare Service/input_hospital_readmission' is clicked on

29-01-2024T22:39:33 - [MESSAGE][PASSED] - Object: 'Object Repository/katalon demo/Page_CURA Healthcare Service/input_hospital_readmission' is clicked on

29-01-2024T22:39:33 - [TEST_STEP][PASSED] - click(findTestObject("Object Repository/katalon demo/Page_CURA Healthcare Service/input_programs")): Object: 'Object Repository/katalon demo/Page_CURA Healthcare Service/input_programs' is clicked on

29-01-2024T22:39:33 - [MESSAGE][PASSED] - Object: 'Object Repository/katalon demo/Page_CURA Healthcare Service/input_programs' is clicked on

29-01-2024T22:39:33 - [TEST_STEP][PASSED] - click(findTestObject("Object Repository/katalon demo/Page_CURA Healthcare Service/span_glyphicon glyphicon-calendar")): Object: 'Object Repository/katalon demo/Page_CURA Healthcare Service/span_glyphicon glyphicon-calendar' is clicked on

29-01-2024T22:39:34 - [MESSAGE][PASSED] - Object: 'Object Repository/katalon demo/Page_CURA Healthcare Service/span_glyphicon glyphicon-calendar' is clicked on

29-01-2024T22:39:34 - [TEST_STEP][PASSED] - click(findTestObject("Object Repository/katalon demo/Page_CURA Healthcare Service/td_30")): Object: 'Object Repository/katalon demo/Page_CURA Healthcare Service/td_30' is clicked on

29-01-2024T22:39:34 - [MESSAGE][PASSED] - Object: 'Object Repository/katalon demo/Page_CURA Healthcare Service/td_30' is clicked on

29-01-2024T22:39:34 - [TEST_STEP][PASSED] - setText(findTestObject("Object Repository/katalon demo/Page_CURA Healthcare Service/textarea_comment"), "tes katalon"): Text 'tes katalon' is set on object 'Object Repository/katalon demo/Page_CURA Healthcare Service/textarea_comment'

29-01-2024T22:39:35 - [MESSAGE][PASSED] - Text 'tes katalon' is set on object 'Object Repository/katalon demo/Page_CURA Healthcare Service/textarea_comment'

29-01-2024T22:39:35 - [TEST_STEP][PASSED] - click(findTestObject("Object Repository/katalon demo/Page_CURA Healthcare Service/button_Book Appointment")): Object: 'Object Repository/katalon demo/Page_CURA Healthcare Service/button_Book Appointment' is clicked on

29-01-2024T22:39:35 - [MESSAGE][PASSED] - Object: 'Object Repository/katalon demo/Page_CURA Healthcare Service/button_Book Appointment' is clicked on

29-01-2024T22:39:35 - [TEST_STEP][PASSED] - verifyTextPresent("Appointment Confirmation", false): Text 'Appointment Confirmation' is present on page 

29-01-2024T22:39:36 - [MESSAGE][PASSED] - Text 'Appointment Confirmation' is present on page 

29-01-2024T22:39:36 - [TEST_STEP][PASSED] - takeScreenshotAsCheckpoint("appointment 1 katalon demo"): Taking screenshot successfully

29-01-2024T22:39:36 - [MESSAGE][INFO] - 0 hidden object(s)

29-01-2024T22:39:36 - [MESSAGE][PASSED] - Taking screenshot successfully
[[ATTACHMENT|keyes\keyes-appointment 1 katalon demo.png]]

29-01-2024T22:39:36 - [TEST_STEP][PASSED] - click(findTestObject("Object Repository/katalon demo/Page_CURA Healthcare Service/a_Go to Homepage")): Object: 'Object Repository/katalon demo/Page_CURA Healthcare Service/a_Go to Homepage' is clicked on

29-01-2024T22:39:37 - [MESSAGE][PASSED] - Object: 'Object Repository/katalon demo/Page_CURA Healthcare Service/a_Go to Homepage' is clicked on]]></system-out>
         <system-err><![CDATA[]]></system-err>
      </testcase>
      <testcase name="Test Cases/Katalon Demo/make appointment katalon demo 2" time="5.238" classname="Test Cases/Katalon Demo/make appointment katalon demo 2" status="PASSED">
         <system-out><![CDATA[29-01-2024T22:39:37 - [TEST_CASE][PASSED] - Test Cases/Katalon Demo/make appointment katalon demo 2: Test Cases/Katalon Demo/make appointment katalon demo 2

29-01-2024T22:39:37 - [TEST_STEP][PASSED] - click(findTestObject("Object Repository/katalon demo/Page_CURA Healthcare Service/label_Apply for hospital readmission")): Object: 'Object Repository/katalon demo/Page_CURA Healthcare Service/label_Apply for hospital readmission' is clicked on

29-01-2024T22:39:37 - [MESSAGE][PASSED] - Object: 'Object Repository/katalon demo/Page_CURA Healthcare Service/label_Apply for hospital readmission' is clicked on

29-01-2024T22:39:37 - [TEST_STEP][PASSED] - click(findTestObject("Object Repository/katalon demo/Page_CURA Healthcare Service/input_programs")): Object: 'Object Repository/katalon demo/Page_CURA Healthcare Service/input_programs' is clicked on

29-01-2024T22:39:38 - [MESSAGE][PASSED] - Object: 'Object Repository/katalon demo/Page_CURA Healthcare Service/input_programs' is clicked on

29-01-2024T22:39:38 - [TEST_STEP][PASSED] - click(findTestObject("Object Repository/katalon demo/Page_CURA Healthcare Service/input_visit_date")): Object: 'Object Repository/katalon demo/Page_CURA Healthcare Service/input_visit_date' is clicked on

29-01-2024T22:39:38 - [MESSAGE][PASSED] - Object: 'Object Repository/katalon demo/Page_CURA Healthcare Service/input_visit_date' is clicked on

29-01-2024T22:39:38 - [TEST_STEP][PASSED] - click(findTestObject("Object Repository/katalon demo/Page_CURA Healthcare Service/th_")): Object: 'Object Repository/katalon demo/Page_CURA Healthcare Service/th_' is clicked on

29-01-2024T22:39:39 - [MESSAGE][PASSED] - Object: 'Object Repository/katalon demo/Page_CURA Healthcare Service/th_' is clicked on

29-01-2024T22:39:39 - [TEST_STEP][PASSED] - click(findTestObject("Object Repository/katalon demo/Page_CURA Healthcare Service/td_28")): Object: 'Object Repository/katalon demo/Page_CURA Healthcare Service/td_28' is clicked on

29-01-2024T22:39:39 - [MESSAGE][PASSED] - Object: 'Object Repository/katalon demo/Page_CURA Healthcare Service/td_28' is clicked on

29-01-2024T22:39:39 - [TEST_STEP][PASSED] - setText(findTestObject("Object Repository/katalon demo/Page_CURA Healthcare Service/textarea_comment"), "tes katalon"): Text 'tes katalon' is set on object 'Object Repository/katalon demo/Page_CURA Healthcare Service/textarea_comment'

29-01-2024T22:39:40 - [MESSAGE][PASSED] - Text 'tes katalon' is set on object 'Object Repository/katalon demo/Page_CURA Healthcare Service/textarea_comment'

29-01-2024T22:39:40 - [TEST_STEP][PASSED] - click(findTestObject("Object Repository/katalon demo/Page_CURA Healthcare Service/button_Book Appointment")): Object: 'Object Repository/katalon demo/Page_CURA Healthcare Service/button_Book Appointment' is clicked on

29-01-2024T22:39:41 - [MESSAGE][PASSED] - Object: 'Object Repository/katalon demo/Page_CURA Healthcare Service/button_Book Appointment' is clicked on

29-01-2024T22:39:41 - [TEST_STEP][PASSED] - verifyTextPresent("Appointment Confirmation", false): Text 'Appointment Confirmation' is present on page 

29-01-2024T22:39:41 - [MESSAGE][PASSED] - Text 'Appointment Confirmation' is present on page 

29-01-2024T22:39:41 - [TEST_STEP][PASSED] - takeScreenshotAsCheckpoint("appointment 2 katalon demo"): Taking screenshot successfully

29-01-2024T22:39:41 - [MESSAGE][INFO] - 0 hidden object(s)

29-01-2024T22:39:42 - [MESSAGE][PASSED] - Taking screenshot successfully
[[ATTACHMENT|keyes\keyes-appointment 2 katalon demo.png]]

29-01-2024T22:39:42 - [TEST_STEP][PASSED] - click(findTestObject("Object Repository/katalon demo/Page_CURA Healthcare Service/a_Go to Homepage")): Object: 'Object Repository/katalon demo/Page_CURA Healthcare Service/a_Go to Homepage' is clicked on

29-01-2024T22:39:42 - [MESSAGE][PASSED] - Object: 'Object Repository/katalon demo/Page_CURA Healthcare Service/a_Go to Homepage' is clicked on]]></system-out>
         <system-err><![CDATA[]]></system-err>
      </testcase>
      <testcase name="Test Cases/Katalon Demo/history katalon demo" time="66.065" classname="Test Cases/Katalon Demo/history katalon demo" status="PASSED">
         <system-out><![CDATA[29-01-2024T22:39:42 - [TEST_CASE][PASSED] - Test Cases/Katalon Demo/history katalon demo: Test Cases/Katalon Demo/history katalon demo

29-01-2024T22:39:42 - [TEST_STEP][PASSED] - click(findTestObject("Object Repository/katalon demo/Page_CURA Healthcare Service/amenu-toggle")): Object: 'Object Repository/katalon demo/Page_CURA Healthcare Service/amenu-toggle' is clicked on

29-01-2024T22:39:43 - [MESSAGE][PASSED] - Object: 'Object Repository/katalon demo/Page_CURA Healthcare Service/amenu-toggle' is clicked on

29-01-2024T22:39:43 - [TEST_STEP][PASSED] - click(findTestObject("Object Repository/katalon demo/Page_CURA Healthcare Service/a_History")): Object: 'Object Repository/katalon demo/Page_CURA Healthcare Service/a_History' is clicked on

29-01-2024T22:39:44 - [MESSAGE][PASSED] - Object: 'Object Repository/katalon demo/Page_CURA Healthcare Service/a_History' is clicked on

29-01-2024T22:39:44 - [TEST_STEP][PASSED] - takeScreenshotAsCheckpoint("history katalon demo"): Taking screenshot successfully

29-01-2024T22:39:44 - [MESSAGE][INFO] - 0 hidden object(s)

29-01-2024T22:39:44 - [MESSAGE][PASSED] - Taking screenshot successfully
[[ATTACHMENT|keyes\keyes-history katalon demo.png]]

29-01-2024T22:39:44 - [TEST_STEP][PASSED] - scrollToElement(findTestObject("katalon demo/Page_CURA Healthcare Service/a_Go to Homepage"), 3): Scroll to object 'Object Repository/katalon demo/Page_CURA Healthcare Service/a_Go to Homepage' successfully

29-01-2024T22:40:15 - [MESSAGE][INFO] - Unable to find the element located by 'By.xpath: //section[@id='summary']/div/div/div[7]/p/a'. Please recheck the objects properties to make sure the desired element is located. 

29-01-2024T22:40:15 - [MESSAGE][WARNING] - [SELF-HEALING] Failed to find element with id 'Object Repository/katalon demo/Page_CURA Healthcare Service/a_Go to Homepage'. Try using Self-healing.

29-01-2024T22:40:16 - [MESSAGE][WARNING] - [SELF-HEALING] The current locator of test object 'Object Repository/katalon demo/Page_CURA Healthcare Service/a_Go to Homepage' was broken. Propose an alternative one: '//a[contains(text(),'Go to Homepage')]'.

29-01-2024T22:40:16 - [MESSAGE][PASSED] - Scroll to object 'Object Repository/katalon demo/Page_CURA Healthcare Service/a_Go to Homepage' successfully

29-01-2024T22:40:16 - [TEST_STEP][PASSED] - click(findTestObject("Object Repository/katalon demo/Page_CURA Healthcare Service/a_Go to Homepage")): Object: 'Object Repository/katalon demo/Page_CURA Healthcare Service/a_Go to Homepage' is clicked on

29-01-2024T22:40:47 - [MESSAGE][INFO] - Unable to find the element located by 'By.xpath: //section[@id='summary']/div/div/div[7]/p/a'. Please recheck the objects properties to make sure the desired element is located. 

29-01-2024T22:40:47 - [MESSAGE][WARNING] - [SELF-HEALING] Failed to find element with id 'Object Repository/katalon demo/Page_CURA Healthcare Service/a_Go to Homepage'. Try using Self-healing.

29-01-2024T22:40:47 - [MESSAGE][WARNING] - [SELF-HEALING] The current locator of test object 'Object Repository/katalon demo/Page_CURA Healthcare Service/a_Go to Homepage' was broken. Propose an alternative one: '//a[contains(text(),'Go to Homepage')]'.

29-01-2024T22:40:48 - [MESSAGE][PASSED] - Object: 'Object Repository/katalon demo/Page_CURA Healthcare Service/a_Go to Homepage' is clicked on]]></system-out>
         <system-err><![CDATA[]]></system-err>
      </testcase>
      <testcase name="Test Cases/Katalon Demo/profile katalon demo" time="3.063" classname="Test Cases/Katalon Demo/profile katalon demo" status="PASSED">
         <system-out><![CDATA[29-01-2024T22:40:48 - [TEST_CASE][PASSED] - Test Cases/Katalon Demo/profile katalon demo: Test Cases/Katalon Demo/profile katalon demo

29-01-2024T22:40:48 - [TEST_STEP][PASSED] - click(findTestObject("Object Repository/katalon demo/Page_CURA Healthcare Service/i_fa fa-bars")): Object: 'Object Repository/katalon demo/Page_CURA Healthcare Service/i_fa fa-bars' is clicked on

29-01-2024T22:40:49 - [MESSAGE][PASSED] - Object: 'Object Repository/katalon demo/Page_CURA Healthcare Service/i_fa fa-bars' is clicked on

29-01-2024T22:40:49 - [TEST_STEP][PASSED] - click(findTestObject("Object Repository/katalon demo/Page_CURA Healthcare Service/a_Profile")): Object: 'Object Repository/katalon demo/Page_CURA Healthcare Service/a_Profile' is clicked on

29-01-2024T22:40:50 - [MESSAGE][PASSED] - Object: 'Object Repository/katalon demo/Page_CURA Healthcare Service/a_Profile' is clicked on

29-01-2024T22:40:50 - [TEST_STEP][PASSED] - takeScreenshotAsCheckpoint("profile katalon demo"): Taking screenshot successfully

29-01-2024T22:40:50 - [MESSAGE][INFO] - 0 hidden object(s)

29-01-2024T22:40:50 - [MESSAGE][PASSED] - Taking screenshot successfully
[[ATTACHMENT|keyes\keyes-profile katalon demo.png]]

29-01-2024T22:40:50 - [TEST_STEP][PASSED] - click(findTestObject("Object Repository/katalon demo/Page_CURA Healthcare Service/i_fa fa-bars")): Object: 'Object Repository/katalon demo/Page_CURA Healthcare Service/i_fa fa-bars' is clicked on

29-01-2024T22:40:50 - [MESSAGE][PASSED] - Object: 'Object Repository/katalon demo/Page_CURA Healthcare Service/i_fa fa-bars' is clicked on

29-01-2024T22:40:50 - [TEST_STEP][PASSED] - click(findTestObject("Object Repository/katalon demo/Page_CURA Healthcare Service/a_Home")): Object: 'Object Repository/katalon demo/Page_CURA Healthcare Service/a_Home' is clicked on

29-01-2024T22:40:51 - [MESSAGE][PASSED] - Object: 'Object Repository/katalon demo/Page_CURA Healthcare Service/a_Home' is clicked on]]></system-out>
         <system-err><![CDATA[]]></system-err>
      </testcase>
      <testcase name="Test Cases/Katalon Demo/logout katalon demo" time="3.073" classname="Test Cases/Katalon Demo/logout katalon demo" status="PASSED">
         <system-out><![CDATA[29-01-2024T22:40:51 - [TEST_CASE][PASSED] - Test Cases/Katalon Demo/logout katalon demo: Test Cases/Katalon Demo/logout katalon demo

29-01-2024T22:40:51 - [TEST_STEP][PASSED] - click(findTestObject("Object Repository/katalon demo/Page_CURA Healthcare Service/i_fa fa-bars")): Object: 'Object Repository/katalon demo/Page_CURA Healthcare Service/i_fa fa-bars' is clicked on

29-01-2024T22:40:52 - [MESSAGE][PASSED] - Object: 'Object Repository/katalon demo/Page_CURA Healthcare Service/i_fa fa-bars' is clicked on

29-01-2024T22:40:52 - [TEST_STEP][PASSED] - takeScreenshotAsCheckpoint("logout katalon demo"): Taking screenshot successfully

29-01-2024T22:40:53 - [MESSAGE][INFO] - 0 hidden object(s)

29-01-2024T22:40:53 - [MESSAGE][PASSED] - Taking screenshot successfully
[[ATTACHMENT|keyes\keyes-logout katalon demo.png]]

29-01-2024T22:40:53 - [TEST_STEP][PASSED] - click(findTestObject("Object Repository/katalon demo/Page_CURA Healthcare Service/a_Logout")): Object: 'Object Repository/katalon demo/Page_CURA Healthcare Service/a_Logout' is clicked on

29-01-2024T22:40:54 - [MESSAGE][PASSED] - Object: 'Object Repository/katalon demo/Page_CURA Healthcare Service/a_Logout' is clicked on

29-01-2024T22:40:54 - [TEST_STEP][PASSED] - closeBrowser(): Browser is closed

29-01-2024T22:40:54 - [MESSAGE][PASSED] - Browser is closed]]></system-out>
         <system-err><![CDATA[]]></system-err>
      </testcase>
      <testcase name="Test Cases/Katalon Demo/negatif login katalon demo" time="13.601" classname="Test Cases/Katalon Demo/negatif login katalon demo" status="PASSED">
         <system-out><![CDATA[29-01-2024T22:40:54 - [TEST_CASE][PASSED] - Test Cases/Katalon Demo/negatif login katalon demo: Test Cases/Katalon Demo/negatif login katalon demo

29-01-2024T22:40:55 - [TEST_STEP][PASSED] - openBrowser(""): Browser is opened with url: ''

29-01-2024T22:40:55 - [MESSAGE][INFO] - Starting 'Chrome' driver

29-01-2024T22:40:55 - [MESSAGE][INFO] - Action delay is set to 0 milliseconds

29-01-2024T22:40:55 - [MESSAGE][PASSED] - Browser is opened with url: ''

29-01-2024T22:40:55 - [TEST_STEP][PASSED] - navigateToUrl("https://katalon-demo-cura.herokuapp.com/"): Navigate to 'https://katalon-demo-cura.herokuapp.com/' successfully

29-01-2024T22:40:59 - [MESSAGE][PASSED] - Navigate to 'https://katalon-demo-cura.herokuapp.com/' successfully

29-01-2024T22:40:59 - [TEST_STEP][PASSED] - click(findTestObject("Object Repository/katalon demo/Page_CURA Healthcare Service/amenu-toggle")): Object: 'Object Repository/katalon demo/Page_CURA Healthcare Service/amenu-toggle' is clicked on

29-01-2024T22:41:00 - [MESSAGE][PASSED] - Object: 'Object Repository/katalon demo/Page_CURA Healthcare Service/amenu-toggle' is clicked on

29-01-2024T22:41:00 - [TEST_STEP][PASSED] - click(findTestObject("Object Repository/katalon demo/Page_CURA Healthcare Service/a_Login")): Object: 'Object Repository/katalon demo/Page_CURA Healthcare Service/a_Login' is clicked on

29-01-2024T22:41:01 - [MESSAGE][PASSED] - Object: 'Object Repository/katalon demo/Page_CURA Healthcare Service/a_Login' is clicked on

29-01-2024T22:41:01 - [TEST_STEP][PASSED] - setText(findTestObject("Object Repository/katalon demo/Page_CURA Healthcare Service/input_username"), username1): Text 'aaaaa' is set on object 'Object Repository/katalon demo/Page_CURA Healthcare Service/input_username'

29-01-2024T22:41:02 - [MESSAGE][PASSED] - Text 'aaaaa' is set on object 'Object Repository/katalon demo/Page_CURA Healthcare Service/input_username'

29-01-2024T22:41:02 - [TEST_STEP][PASSED] - setText(findTestObject("Object Repository/katalon demo/Page_CURA Healthcare Service/input_password"), password1): Text 'aaaaaaaa' is set on object 'Object Repository/katalon demo/Page_CURA Healthcare Service/input_password'

29-01-2024T22:41:02 - [MESSAGE][PASSED] - Text 'aaaaaaaa' is set on object 'Object Repository/katalon demo/Page_CURA Healthcare Service/input_password'

29-01-2024T22:41:02 - [TEST_STEP][PASSED] - click(findTestObject("katalon demo/Page_CURA Healthcare Service/button_Login")): Object: 'Object Repository/katalon demo/Page_CURA Healthcare Service/button_Login' is clicked on

29-01-2024T22:41:03 - [MESSAGE][PASSED] - Object: 'Object Repository/katalon demo/Page_CURA Healthcare Service/button_Login' is clicked on

29-01-2024T22:41:03 - [TEST_STEP][PASSED] - verifyTextPresent("Login failed!", false): Text 'Login failed!' is present on page 

29-01-2024T22:41:04 - [MESSAGE][PASSED] - Text 'Login failed!' is present on page 

29-01-2024T22:41:04 - [TEST_STEP][PASSED] - takeScreenshotAsCheckpoint("negatif 1 login katalon demo"): Taking screenshot successfully

29-01-2024T22:41:04 - [MESSAGE][INFO] - 0 hidden object(s)

29-01-2024T22:41:04 - [MESSAGE][PASSED] - Taking screenshot successfully
[[ATTACHMENT|keyes\keyes-negatif 1 login katalon demo.png]]

29-01-2024T22:41:04 - [TEST_STEP][PASSED] - click(findTestObject("Object Repository/katalon demo/Page_CURA Healthcare Service/button_Login")): Object: 'Object Repository/katalon demo/Page_CURA Healthcare Service/button_Login' is clicked on

29-01-2024T22:41:05 - [MESSAGE][PASSED] - Object: 'Object Repository/katalon demo/Page_CURA Healthcare Service/button_Login' is clicked on

29-01-2024T22:41:05 - [TEST_STEP][PASSED] - setText(findTestObject("katalon demo/Page_CURA Healthcare Service/input_username"), username2): Text 'bbbbb' is set on object 'Object Repository/katalon demo/Page_CURA Healthcare Service/input_username'

29-01-2024T22:41:06 - [MESSAGE][PASSED] - Text 'bbbbb' is set on object 'Object Repository/katalon demo/Page_CURA Healthcare Service/input_username'

29-01-2024T22:41:06 - [TEST_STEP][PASSED] - setText(findTestObject("katalon demo/Page_CURA Healthcare Service/input_password"), password2): Text 'bbbbbbbb' is set on object 'Object Repository/katalon demo/Page_CURA Healthcare Service/input_password'

29-01-2024T22:41:06 - [MESSAGE][PASSED] - Text 'bbbbbbbb' is set on object 'Object Repository/katalon demo/Page_CURA Healthcare Service/input_password'

29-01-2024T22:41:06 - [TEST_STEP][PASSED] - click(findTestObject("katalon demo/Page_CURA Healthcare Service/button_Login")): Object: 'Object Repository/katalon demo/Page_CURA Healthcare Service/button_Login' is clicked on

29-01-2024T22:41:07 - [MESSAGE][PASSED] - Object: 'Object Repository/katalon demo/Page_CURA Healthcare Service/button_Login' is clicked on

29-01-2024T22:41:07 - [TEST_STEP][PASSED] - verifyTextPresent("Login failed!", false): Text 'Login failed!' is present on page 

29-01-2024T22:41:08 - [MESSAGE][PASSED] - Text 'Login failed!' is present on page 

29-01-2024T22:41:08 - [TEST_STEP][PASSED] - takeScreenshotAsCheckpoint("negatif 2 login katalon demo"): Taking screenshot successfully

29-01-2024T22:41:08 - [MESSAGE][INFO] - 0 hidden object(s)

29-01-2024T22:41:08 - [MESSAGE][PASSED] - Taking screenshot successfully
[[ATTACHMENT|keyes\keyes-negatif 2 login katalon demo.png]]]]></system-out>
         <system-err><![CDATA[]]></system-err>
      </testcase>
      <system-out><![CDATA[29-01-2024T22:39:08 - [TEST_SUITE][PASSED] - katalon demo: Test Cases/Katalon Demo/negatif login katalon demo]]></system-out>
      <system-err><![CDATA[]]></system-err>
   </testsuite>
   <testsuite name="katalon demo" tests="8" failures="0" errors="0" time="122.955" skipped="0" timestamp="29-01-2024T22:41:15" hostname="0517 - Pierrot" id="Test Suites/katalon demo">
      <properties>
         <property name="deviceName" value=""/>
         <property name="devicePlatform" value=""/>
         <property name="logFolder" value="C:\\Users\\0517\\Katalon Studio\\poc bni\\Reports\\20240129_222034\\katalon demo\\20240129_222122"/>
         <property name="logFiles" value="C:\\Users\\0517\\Katalon Studio\\poc bni\\Reports\\20240129_222034\\katalon demo\\20240129_222122\\execution0.log"/>
         <property name="attachments" value="keyes\keyes-login katalon demo.png, keyes\keyes-appointment katalon demo.png, keyes\keyes-appointment 1 katalon demo.png, keyes\keyes-appointment 2 katalon demo.png, keyes\keyes-history katalon demo.png, keyes\keyes-profile katalon demo.png, keyes\keyes-logout katalon demo.png, keyes\keyes-negatif 1 login katalon demo.png, keyes\keyes-negatif 2 login katalon demo.png"/>
         <property name="hostName" value="0517 - Pierrot"/>
         <property name="os" value="Windows 10 64bit"/>
         <property name="katalonVersion" value="9.2.0.212"/>
         <property name="browser" value="Chrome 121.0.0.0"/>
         <property name="hostAddress" value="192.168.96.2"/>
         <property name="sessionId" value="f96a5d62ef1ee1793f8c0d126f8d78f8"/>
         <property name="seleniumVersion" value="3.141.59"/>
         <property name="proxyInformation" value="ProxyInformation { proxyOption=NO_PROXY, proxyServerType=HTTP, username=, password=********, proxyServerAddress=, proxyServerPort=0, executionList=&quot;&quot;, isApplyToDesiredCapabilities=true }"/>
         <property name="platform" value="Windows 10"/>
      </properties>
      <testcase name="Test Cases/Katalon Demo/login katalon demo" time="11.014" classname="Test Cases/Katalon Demo/login katalon demo" status="PASSED">
         <system-out><![CDATA[29-01-2024T22:41:15 - [TEST_CASE][PASSED] - Test Cases/Katalon Demo/login katalon demo: Test Cases/Katalon Demo/login katalon demo

29-01-2024T22:41:16 - [TEST_STEP][PASSED] - openBrowser(""): Browser is opened with url: ''

29-01-2024T22:41:16 - [MESSAGE][INFO] - Starting 'Chrome' driver

29-01-2024T22:41:16 - [MESSAGE][INFO] - Action delay is set to 0 milliseconds

29-01-2024T22:41:18 - [MESSAGE][PASSED] - Browser is opened with url: ''

29-01-2024T22:41:18 - [TEST_STEP][PASSED] - navigateToUrl("https://katalon-demo-cura.herokuapp.com/"): Navigate to 'https://katalon-demo-cura.herokuapp.com/' successfully

29-01-2024T22:41:22 - [MESSAGE][PASSED] - Navigate to 'https://katalon-demo-cura.herokuapp.com/' successfully

29-01-2024T22:41:22 - [TEST_STEP][PASSED] - click(findTestObject("Object Repository/katalon demo/Page_CURA Healthcare Service/amenu-toggle")): Object: 'Object Repository/katalon demo/Page_CURA Healthcare Service/amenu-toggle' is clicked on

29-01-2024T22:41:22 - [MESSAGE][PASSED] - Object: 'Object Repository/katalon demo/Page_CURA Healthcare Service/amenu-toggle' is clicked on

29-01-2024T22:41:22 - [TEST_STEP][PASSED] - click(findTestObject("Object Repository/katalon demo/Page_CURA Healthcare Service/a_Login")): Object: 'Object Repository/katalon demo/Page_CURA Healthcare Service/a_Login' is clicked on

29-01-2024T22:41:23 - [MESSAGE][PASSED] - Object: 'Object Repository/katalon demo/Page_CURA Healthcare Service/a_Login' is clicked on

29-01-2024T22:41:23 - [TEST_STEP][PASSED] - setText(findTestObject("Object Repository/katalon demo/Page_CURA Healthcare Service/input_username"), "John Doe"): Text 'John Doe' is set on object 'Object Repository/katalon demo/Page_CURA Healthcare Service/input_username'

29-01-2024T22:41:24 - [MESSAGE][PASSED] - Text 'John Doe' is set on object 'Object Repository/katalon demo/Page_CURA Healthcare Service/input_username'

29-01-2024T22:41:24 - [TEST_STEP][PASSED] - setEncryptedText(findTestObject("Object Repository/katalon demo/Page_CURA Healthcare Service/input_password"), "g3/DOGG74jC3Flrr3yH+3D/yKbOqqUNM"): Text ****** has been set on object 'Object Repository/katalon demo/Page_CURA Healthcare Service/input_password'

29-01-2024T22:41:24 - [MESSAGE][PASSED] - Text ****** has been set on object 'Object Repository/katalon demo/Page_CURA Healthcare Service/input_password'

29-01-2024T22:41:24 - [TEST_STEP][PASSED] - takeScreenshotAsCheckpoint("login katalon demo", STOP_ON_FAILURE): Taking screenshot successfully

29-01-2024T22:41:25 - [MESSAGE][INFO] - 0 hidden object(s)

29-01-2024T22:41:25 - [MESSAGE][PASSED] - Taking screenshot successfully
[[ATTACHMENT|keyes\keyes-login katalon demo.png]]

29-01-2024T22:41:25 - [TEST_STEP][PASSED] - click(findTestObject("Object Repository/katalon demo/Page_CURA Healthcare Service/button_Login")): Object: 'Object Repository/katalon demo/Page_CURA Healthcare Service/button_Login' is clicked on

29-01-2024T22:41:26 - [MESSAGE][PASSED] - Object: 'Object Repository/katalon demo/Page_CURA Healthcare Service/button_Login' is clicked on]]></system-out>
         <system-err><![CDATA[]]></system-err>
      </testcase>
      <testcase name="Test Cases/Katalon Demo/make appointment katalon demo" time="13.853" classname="Test Cases/Katalon Demo/make appointment katalon demo" status="PASSED">
         <system-out><![CDATA[29-01-2024T22:41:26 - [TEST_CASE][PASSED] - Test Cases/Katalon Demo/make appointment katalon demo: Test Cases/Katalon Demo/make appointment katalon demo

29-01-2024T22:41:27 - [TEST_STEP][PASSED] - selectOptionByValue(findTestObject("Object Repository/katalon demo/Page_CURA Healthcare Service/select_Tokyo"), "Hongkong CURA Healthcare Center", true): All options with value 'Hongkong CURA Healthcare Center' are selected in object 'Object Repository/katalon demo/Page_CURA Healthcare Service/select_Tokyo'  using regular expression

29-01-2024T22:41:28 - [MESSAGE][PASSED] - All options with value 'Hongkong CURA Healthcare Center' are selected in object 'Object Repository/katalon demo/Page_CURA Healthcare Service/select_Tokyo'  using regular expression

29-01-2024T22:41:28 - [TEST_STEP][PASSED] - click(findTestObject("Object Repository/katalon demo/Page_CURA Healthcare Service/label_Apply for hospital readmission")): Object: 'Object Repository/katalon demo/Page_CURA Healthcare Service/label_Apply for hospital readmission' is clicked on

29-01-2024T22:41:28 - [MESSAGE][PASSED] - Object: 'Object Repository/katalon demo/Page_CURA Healthcare Service/label_Apply for hospital readmission' is clicked on

29-01-2024T22:41:28 - [TEST_STEP][PASSED] - click(findTestObject("Object Repository/katalon demo/Page_CURA Healthcare Service/input_programs")): Object: 'Object Repository/katalon demo/Page_CURA Healthcare Service/input_programs' is clicked on

29-01-2024T22:41:28 - [MESSAGE][PASSED] - Object: 'Object Repository/katalon demo/Page_CURA Healthcare Service/input_programs' is clicked on

29-01-2024T22:41:28 - [TEST_STEP][PASSED] - click(findTestObject("Object Repository/katalon demo/Page_CURA Healthcare Service/span_glyphicon glyphicon-calendar")): Object: 'Object Repository/katalon demo/Page_CURA Healthcare Service/span_glyphicon glyphicon-calendar' is clicked on

29-01-2024T22:41:29 - [MESSAGE][PASSED] - Object: 'Object Repository/katalon demo/Page_CURA Healthcare Service/span_glyphicon glyphicon-calendar' is clicked on

29-01-2024T22:41:29 - [TEST_STEP][PASSED] - click(findTestObject("Object Repository/katalon demo/Page_CURA Healthcare Service/td_31")): Object: 'Object Repository/katalon demo/Page_CURA Healthcare Service/td_31' is clicked on

29-01-2024T22:41:29 - [MESSAGE][PASSED] - Object: 'Object Repository/katalon demo/Page_CURA Healthcare Service/td_31' is clicked on

29-01-2024T22:41:29 - [TEST_STEP][PASSED] - setText(findTestObject("Object Repository/katalon demo/Page_CURA Healthcare Service/textarea_comment"), "tes katalon demo"): Text 'tes katalon demo' is set on object 'Object Repository/katalon demo/Page_CURA Healthcare Service/textarea_comment'

29-01-2024T22:41:30 - [MESSAGE][PASSED] - Text 'tes katalon demo' is set on object 'Object Repository/katalon demo/Page_CURA Healthcare Service/textarea_comment'

29-01-2024T22:41:30 - [TEST_STEP][PASSED] - click(findTestObject("Object Repository/katalon demo/Page_CURA Healthcare Service/button_Book Appointment")): Object: 'Object Repository/katalon demo/Page_CURA Healthcare Service/button_Book Appointment' is clicked on

29-01-2024T22:41:38 - [MESSAGE][PASSED] - Object: 'Object Repository/katalon demo/Page_CURA Healthcare Service/button_Book Appointment' is clicked on

29-01-2024T22:41:38 - [TEST_STEP][PASSED] - verifyTextPresent("Appointment Confirmation", false): Text 'Appointment Confirmation' is present on page 

29-01-2024T22:41:39 - [MESSAGE][PASSED] - Text 'Appointment Confirmation' is present on page 

29-01-2024T22:41:39 - [TEST_STEP][PASSED] - takeScreenshotAsCheckpoint("appointment katalon demo"): Taking screenshot successfully

29-01-2024T22:41:39 - [MESSAGE][INFO] - 0 hidden object(s)

29-01-2024T22:41:39 - [MESSAGE][PASSED] - Taking screenshot successfully
[[ATTACHMENT|keyes\keyes-appointment katalon demo.png]]

29-01-2024T22:41:39 - [TEST_STEP][PASSED] - click(findTestObject("Object Repository/katalon demo/Page_CURA Healthcare Service/a_Go to Homepage")): Object: 'Object Repository/katalon demo/Page_CURA Healthcare Service/a_Go to Homepage' is clicked on

29-01-2024T22:41:40 - [MESSAGE][PASSED] - Object: 'Object Repository/katalon demo/Page_CURA Healthcare Service/a_Go to Homepage' is clicked on]]></system-out>
         <system-err><![CDATA[]]></system-err>
      </testcase>
      <testcase name="Test Cases/Katalon Demo/make appointment katalon demo 1" time="6.385" classname="Test Cases/Katalon Demo/make appointment katalon demo 1" status="PASSED">
         <system-out><![CDATA[29-01-2024T22:41:40 - [TEST_CASE][PASSED] - Test Cases/Katalon Demo/make appointment katalon demo 1: Test Cases/Katalon Demo/make appointment katalon demo 1

29-01-2024T22:41:40 - [TEST_STEP][PASSED] - selectOptionByValue(findTestObject("Object Repository/katalon demo/Page_CURA Healthcare Service/select_Tokyo"), "Seoul CURA Healthcare Center", true): All options with value 'Seoul CURA Healthcare Center' are selected in object 'Object Repository/katalon demo/Page_CURA Healthcare Service/select_Tokyo'  using regular expression

29-01-2024T22:41:41 - [MESSAGE][PASSED] - All options with value 'Seoul CURA Healthcare Center' are selected in object 'Object Repository/katalon demo/Page_CURA Healthcare Service/select_Tokyo'  using regular expression

29-01-2024T22:41:41 - [TEST_STEP][PASSED] - click(findTestObject("Object Repository/katalon demo/Page_CURA Healthcare Service/input_hospital_readmission")): Object: 'Object Repository/katalon demo/Page_CURA Healthcare Service/input_hospital_readmission' is clicked on

29-01-2024T22:41:42 - [MESSAGE][PASSED] - Object: 'Object Repository/katalon demo/Page_CURA Healthcare Service/input_hospital_readmission' is clicked on

29-01-2024T22:41:42 - [TEST_STEP][PASSED] - click(findTestObject("Object Repository/katalon demo/Page_CURA Healthcare Service/input_programs")): Object: 'Object Repository/katalon demo/Page_CURA Healthcare Service/input_programs' is clicked on

29-01-2024T22:41:42 - [MESSAGE][PASSED] - Object: 'Object Repository/katalon demo/Page_CURA Healthcare Service/input_programs' is clicked on

29-01-2024T22:41:42 - [TEST_STEP][PASSED] - click(findTestObject("Object Repository/katalon demo/Page_CURA Healthcare Service/span_glyphicon glyphicon-calendar")): Object: 'Object Repository/katalon demo/Page_CURA Healthcare Service/span_glyphicon glyphicon-calendar' is clicked on

29-01-2024T22:41:42 - [MESSAGE][PASSED] - Object: 'Object Repository/katalon demo/Page_CURA Healthcare Service/span_glyphicon glyphicon-calendar' is clicked on

29-01-2024T22:41:42 - [TEST_STEP][PASSED] - click(findTestObject("Object Repository/katalon demo/Page_CURA Healthcare Service/td_30")): Object: 'Object Repository/katalon demo/Page_CURA Healthcare Service/td_30' is clicked on

29-01-2024T22:41:43 - [MESSAGE][PASSED] - Object: 'Object Repository/katalon demo/Page_CURA Healthcare Service/td_30' is clicked on

29-01-2024T22:41:43 - [TEST_STEP][PASSED] - setText(findTestObject("Object Repository/katalon demo/Page_CURA Healthcare Service/textarea_comment"), "tes katalon"): Text 'tes katalon' is set on object 'Object Repository/katalon demo/Page_CURA Healthcare Service/textarea_comment'

29-01-2024T22:41:44 - [MESSAGE][PASSED] - Text 'tes katalon' is set on object 'Object Repository/katalon demo/Page_CURA Healthcare Service/textarea_comment'

29-01-2024T22:41:44 - [TEST_STEP][PASSED] - click(findTestObject("Object Repository/katalon demo/Page_CURA Healthcare Service/button_Book Appointment")): Object: 'Object Repository/katalon demo/Page_CURA Healthcare Service/button_Book Appointment' is clicked on

29-01-2024T22:41:45 - [MESSAGE][PASSED] - Object: 'Object Repository/katalon demo/Page_CURA Healthcare Service/button_Book Appointment' is clicked on

29-01-2024T22:41:45 - [TEST_STEP][PASSED] - verifyTextPresent("Appointment Confirmation", false): Text 'Appointment Confirmation' is present on page 

29-01-2024T22:41:45 - [MESSAGE][PASSED] - Text 'Appointment Confirmation' is present on page 

29-01-2024T22:41:45 - [TEST_STEP][PASSED] - takeScreenshotAsCheckpoint("appointment 1 katalon demo"): Taking screenshot successfully

29-01-2024T22:41:46 - [MESSAGE][INFO] - 0 hidden object(s)

29-01-2024T22:41:46 - [MESSAGE][PASSED] - Taking screenshot successfully
[[ATTACHMENT|keyes\keyes-appointment 1 katalon demo.png]]

29-01-2024T22:41:46 - [TEST_STEP][PASSED] - click(findTestObject("Object Repository/katalon demo/Page_CURA Healthcare Service/a_Go to Homepage")): Object: 'Object Repository/katalon demo/Page_CURA Healthcare Service/a_Go to Homepage' is clicked on

29-01-2024T22:41:47 - [MESSAGE][PASSED] - Object: 'Object Repository/katalon demo/Page_CURA Healthcare Service/a_Go to Homepage' is clicked on]]></system-out>
         <system-err><![CDATA[]]></system-err>
      </testcase>
      <testcase name="Test Cases/Katalon Demo/make appointment katalon demo 2" time="5.257" classname="Test Cases/Katalon Demo/make appointment katalon demo 2" status="PASSED">
         <system-out><![CDATA[29-01-2024T22:41:47 - [TEST_CASE][PASSED] - Test Cases/Katalon Demo/make appointment katalon demo 2: Test Cases/Katalon Demo/make appointment katalon demo 2

29-01-2024T22:41:47 - [TEST_STEP][PASSED] - click(findTestObject("Object Repository/katalon demo/Page_CURA Healthcare Service/label_Apply for hospital readmission")): Object: 'Object Repository/katalon demo/Page_CURA Healthcare Service/label_Apply for hospital readmission' is clicked on

29-01-2024T22:41:47 - [MESSAGE][PASSED] - Object: 'Object Repository/katalon demo/Page_CURA Healthcare Service/label_Apply for hospital readmission' is clicked on

29-01-2024T22:41:47 - [TEST_STEP][PASSED] - click(findTestObject("Object Repository/katalon demo/Page_CURA Healthcare Service/input_programs")): Object: 'Object Repository/katalon demo/Page_CURA Healthcare Service/input_programs' is clicked on

29-01-2024T22:41:47 - [MESSAGE][PASSED] - Object: 'Object Repository/katalon demo/Page_CURA Healthcare Service/input_programs' is clicked on

29-01-2024T22:41:47 - [TEST_STEP][PASSED] - click(findTestObject("Object Repository/katalon demo/Page_CURA Healthcare Service/input_visit_date")): Object: 'Object Repository/katalon demo/Page_CURA Healthcare Service/input_visit_date' is clicked on

29-01-2024T22:41:48 - [MESSAGE][PASSED] - Object: 'Object Repository/katalon demo/Page_CURA Healthcare Service/input_visit_date' is clicked on

29-01-2024T22:41:48 - [TEST_STEP][PASSED] - click(findTestObject("Object Repository/katalon demo/Page_CURA Healthcare Service/th_")): Object: 'Object Repository/katalon demo/Page_CURA Healthcare Service/th_' is clicked on

29-01-2024T22:41:48 - [MESSAGE][PASSED] - Object: 'Object Repository/katalon demo/Page_CURA Healthcare Service/th_' is clicked on

29-01-2024T22:41:48 - [TEST_STEP][PASSED] - click(findTestObject("Object Repository/katalon demo/Page_CURA Healthcare Service/td_28")): Object: 'Object Repository/katalon demo/Page_CURA Healthcare Service/td_28' is clicked on

29-01-2024T22:41:49 - [MESSAGE][PASSED] - Object: 'Object Repository/katalon demo/Page_CURA Healthcare Service/td_28' is clicked on

29-01-2024T22:41:49 - [TEST_STEP][PASSED] - setText(findTestObject("Object Repository/katalon demo/Page_CURA Healthcare Service/textarea_comment"), "tes katalon"): Text 'tes katalon' is set on object 'Object Repository/katalon demo/Page_CURA Healthcare Service/textarea_comment'

29-01-2024T22:41:50 - [MESSAGE][PASSED] - Text 'tes katalon' is set on object 'Object Repository/katalon demo/Page_CURA Healthcare Service/textarea_comment'

29-01-2024T22:41:50 - [TEST_STEP][PASSED] - click(findTestObject("Object Repository/katalon demo/Page_CURA Healthcare Service/button_Book Appointment")): Object: 'Object Repository/katalon demo/Page_CURA Healthcare Service/button_Book Appointment' is clicked on

29-01-2024T22:41:50 - [MESSAGE][PASSED] - Object: 'Object Repository/katalon demo/Page_CURA Healthcare Service/button_Book Appointment' is clicked on

29-01-2024T22:41:50 - [TEST_STEP][PASSED] - verifyTextPresent("Appointment Confirmation", false): Text 'Appointment Confirmation' is present on page 

29-01-2024T22:41:51 - [MESSAGE][PASSED] - Text 'Appointment Confirmation' is present on page 

29-01-2024T22:41:51 - [TEST_STEP][PASSED] - takeScreenshotAsCheckpoint("appointment 2 katalon demo"): Taking screenshot successfully

29-01-2024T22:41:51 - [MESSAGE][INFO] - 0 hidden object(s)

29-01-2024T22:41:51 - [MESSAGE][PASSED] - Taking screenshot successfully
[[ATTACHMENT|keyes\keyes-appointment 2 katalon demo.png]]

29-01-2024T22:41:51 - [TEST_STEP][PASSED] - click(findTestObject("Object Repository/katalon demo/Page_CURA Healthcare Service/a_Go to Homepage")): Object: 'Object Repository/katalon demo/Page_CURA Healthcare Service/a_Go to Homepage' is clicked on

29-01-2024T22:41:52 - [MESSAGE][PASSED] - Object: 'Object Repository/katalon demo/Page_CURA Healthcare Service/a_Go to Homepage' is clicked on]]></system-out>
         <system-err><![CDATA[]]></system-err>
      </testcase>
      <testcase name="Test Cases/Katalon Demo/history katalon demo" time="66.263" classname="Test Cases/Katalon Demo/history katalon demo" status="PASSED">
         <system-out><![CDATA[29-01-2024T22:41:52 - [TEST_CASE][PASSED] - Test Cases/Katalon Demo/history katalon demo: Test Cases/Katalon Demo/history katalon demo

29-01-2024T22:41:52 - [TEST_STEP][PASSED] - click(findTestObject("Object Repository/katalon demo/Page_CURA Healthcare Service/amenu-toggle")): Object: 'Object Repository/katalon demo/Page_CURA Healthcare Service/amenu-toggle' is clicked on

29-01-2024T22:41:52 - [MESSAGE][PASSED] - Object: 'Object Repository/katalon demo/Page_CURA Healthcare Service/amenu-toggle' is clicked on

29-01-2024T22:41:52 - [TEST_STEP][PASSED] - click(findTestObject("Object Repository/katalon demo/Page_CURA Healthcare Service/a_History")): Object: 'Object Repository/katalon demo/Page_CURA Healthcare Service/a_History' is clicked on

29-01-2024T22:41:53 - [MESSAGE][PASSED] - Object: 'Object Repository/katalon demo/Page_CURA Healthcare Service/a_History' is clicked on

29-01-2024T22:41:53 - [TEST_STEP][PASSED] - takeScreenshotAsCheckpoint("history katalon demo"): Taking screenshot successfully

29-01-2024T22:41:54 - [MESSAGE][INFO] - 0 hidden object(s)

29-01-2024T22:41:54 - [MESSAGE][PASSED] - Taking screenshot successfully
[[ATTACHMENT|keyes\keyes-history katalon demo.png]]

29-01-2024T22:41:54 - [TEST_STEP][PASSED] - scrollToElement(findTestObject("katalon demo/Page_CURA Healthcare Service/a_Go to Homepage"), 3): Scroll to object 'Object Repository/katalon demo/Page_CURA Healthcare Service/a_Go to Homepage' successfully

29-01-2024T22:42:25 - [MESSAGE][INFO] - Unable to find the element located by 'By.xpath: //section[@id='summary']/div/div/div[7]/p/a'. Please recheck the objects properties to make sure the desired element is located. 

29-01-2024T22:42:25 - [MESSAGE][WARNING] - [SELF-HEALING] Failed to find element with id 'Object Repository/katalon demo/Page_CURA Healthcare Service/a_Go to Homepage'. Try using Self-healing.

29-01-2024T22:42:25 - [MESSAGE][WARNING] - [SELF-HEALING] The current locator of test object 'Object Repository/katalon demo/Page_CURA Healthcare Service/a_Go to Homepage' was broken. Propose an alternative one: '//a[contains(text(),'Go to Homepage')]'.

29-01-2024T22:42:25 - [MESSAGE][PASSED] - Scroll to object 'Object Repository/katalon demo/Page_CURA Healthcare Service/a_Go to Homepage' successfully

29-01-2024T22:42:26 - [TEST_STEP][PASSED] - click(findTestObject("Object Repository/katalon demo/Page_CURA Healthcare Service/a_Go to Homepage")): Object: 'Object Repository/katalon demo/Page_CURA Healthcare Service/a_Go to Homepage' is clicked on

29-01-2024T22:42:57 - [MESSAGE][INFO] - Unable to find the element located by 'By.xpath: //section[@id='summary']/div/div/div[7]/p/a'. Please recheck the objects properties to make sure the desired element is located. 

29-01-2024T22:42:57 - [MESSAGE][WARNING] - [SELF-HEALING] Failed to find element with id 'Object Repository/katalon demo/Page_CURA Healthcare Service/a_Go to Homepage'. Try using Self-healing.

29-01-2024T22:42:57 - [MESSAGE][WARNING] - [SELF-HEALING] The current locator of test object 'Object Repository/katalon demo/Page_CURA Healthcare Service/a_Go to Homepage' was broken. Propose an alternative one: '//a[contains(text(),'Go to Homepage')]'.

29-01-2024T22:42:58 - [MESSAGE][PASSED] - Object: 'Object Repository/katalon demo/Page_CURA Healthcare Service/a_Go to Homepage' is clicked on]]></system-out>
         <system-err><![CDATA[]]></system-err>
      </testcase>
      <testcase name="Test Cases/Katalon Demo/profile katalon demo" time="3.086" classname="Test Cases/Katalon Demo/profile katalon demo" status="PASSED">
         <system-out><![CDATA[29-01-2024T22:42:58 - [TEST_CASE][PASSED] - Test Cases/Katalon Demo/profile katalon demo: Test Cases/Katalon Demo/profile katalon demo

29-01-2024T22:42:58 - [TEST_STEP][PASSED] - click(findTestObject("Object Repository/katalon demo/Page_CURA Healthcare Service/i_fa fa-bars")): Object: 'Object Repository/katalon demo/Page_CURA Healthcare Service/i_fa fa-bars' is clicked on

29-01-2024T22:42:58 - [MESSAGE][PASSED] - Object: 'Object Repository/katalon demo/Page_CURA Healthcare Service/i_fa fa-bars' is clicked on

29-01-2024T22:42:58 - [TEST_STEP][PASSED] - click(findTestObject("Object Repository/katalon demo/Page_CURA Healthcare Service/a_Profile")): Object: 'Object Repository/katalon demo/Page_CURA Healthcare Service/a_Profile' is clicked on

29-01-2024T22:42:59 - [MESSAGE][PASSED] - Object: 'Object Repository/katalon demo/Page_CURA Healthcare Service/a_Profile' is clicked on

29-01-2024T22:42:59 - [TEST_STEP][PASSED] - takeScreenshotAsCheckpoint("profile katalon demo"): Taking screenshot successfully

29-01-2024T22:43:00 - [MESSAGE][INFO] - 0 hidden object(s)

29-01-2024T22:43:00 - [MESSAGE][PASSED] - Taking screenshot successfully
[[ATTACHMENT|keyes\keyes-profile katalon demo.png]]

29-01-2024T22:43:00 - [TEST_STEP][PASSED] - click(findTestObject("Object Repository/katalon demo/Page_CURA Healthcare Service/i_fa fa-bars")): Object: 'Object Repository/katalon demo/Page_CURA Healthcare Service/i_fa fa-bars' is clicked on

29-01-2024T22:43:00 - [MESSAGE][PASSED] - Object: 'Object Repository/katalon demo/Page_CURA Healthcare Service/i_fa fa-bars' is clicked on

29-01-2024T22:43:00 - [TEST_STEP][PASSED] - click(findTestObject("Object Repository/katalon demo/Page_CURA Healthcare Service/a_Home")): Object: 'Object Repository/katalon demo/Page_CURA Healthcare Service/a_Home' is clicked on

29-01-2024T22:43:01 - [MESSAGE][PASSED] - Object: 'Object Repository/katalon demo/Page_CURA Healthcare Service/a_Home' is clicked on]]></system-out>
         <system-err><![CDATA[]]></system-err>
      </testcase>
      <testcase name="Test Cases/Katalon Demo/logout katalon demo" time="2.7" classname="Test Cases/Katalon Demo/logout katalon demo" status="PASSED">
         <system-out><![CDATA[29-01-2024T22:43:01 - [TEST_CASE][PASSED] - Test Cases/Katalon Demo/logout katalon demo: Test Cases/Katalon Demo/logout katalon demo

29-01-2024T22:43:01 - [TEST_STEP][PASSED] - click(findTestObject("Object Repository/katalon demo/Page_CURA Healthcare Service/i_fa fa-bars")): Object: 'Object Repository/katalon demo/Page_CURA Healthcare Service/i_fa fa-bars' is clicked on

29-01-2024T22:43:02 - [MESSAGE][PASSED] - Object: 'Object Repository/katalon demo/Page_CURA Healthcare Service/i_fa fa-bars' is clicked on

29-01-2024T22:43:02 - [TEST_STEP][PASSED] - takeScreenshotAsCheckpoint("logout katalon demo"): Taking screenshot successfully

29-01-2024T22:43:03 - [MESSAGE][INFO] - 0 hidden object(s)

29-01-2024T22:43:03 - [MESSAGE][PASSED] - Taking screenshot successfully
[[ATTACHMENT|keyes\keyes-logout katalon demo.png]]

29-01-2024T22:43:03 - [TEST_STEP][PASSED] - click(findTestObject("Object Repository/katalon demo/Page_CURA Healthcare Service/a_Logout")): Object: 'Object Repository/katalon demo/Page_CURA Healthcare Service/a_Logout' is clicked on

29-01-2024T22:43:04 - [MESSAGE][PASSED] - Object: 'Object Repository/katalon demo/Page_CURA Healthcare Service/a_Logout' is clicked on

29-01-2024T22:43:04 - [TEST_STEP][PASSED] - closeBrowser(): Browser is closed

29-01-2024T22:43:04 - [MESSAGE][PASSED] - Browser is closed]]></system-out>
         <system-err><![CDATA[]]></system-err>
      </testcase>
      <testcase name="Test Cases/Katalon Demo/negatif login katalon demo" time="14.078" classname="Test Cases/Katalon Demo/negatif login katalon demo" status="PASSED">
         <system-out><![CDATA[29-01-2024T22:43:04 - [TEST_CASE][PASSED] - Test Cases/Katalon Demo/negatif login katalon demo: Test Cases/Katalon Demo/negatif login katalon demo

29-01-2024T22:43:04 - [TEST_STEP][PASSED] - openBrowser(""): Browser is opened with url: ''

29-01-2024T22:43:04 - [MESSAGE][INFO] - Starting 'Chrome' driver

29-01-2024T22:43:04 - [MESSAGE][INFO] - Action delay is set to 0 milliseconds

29-01-2024T22:43:05 - [MESSAGE][PASSED] - Browser is opened with url: ''

29-01-2024T22:43:05 - [TEST_STEP][PASSED] - navigateToUrl("https://katalon-demo-cura.herokuapp.com/"): Navigate to 'https://katalon-demo-cura.herokuapp.com/' successfully

29-01-2024T22:43:09 - [MESSAGE][PASSED] - Navigate to 'https://katalon-demo-cura.herokuapp.com/' successfully

29-01-2024T22:43:09 - [TEST_STEP][PASSED] - click(findTestObject("Object Repository/katalon demo/Page_CURA Healthcare Service/amenu-toggle")): Object: 'Object Repository/katalon demo/Page_CURA Healthcare Service/amenu-toggle' is clicked on

29-01-2024T22:43:09 - [MESSAGE][PASSED] - Object: 'Object Repository/katalon demo/Page_CURA Healthcare Service/amenu-toggle' is clicked on

29-01-2024T22:43:09 - [TEST_STEP][PASSED] - click(findTestObject("Object Repository/katalon demo/Page_CURA Healthcare Service/a_Login")): Object: 'Object Repository/katalon demo/Page_CURA Healthcare Service/a_Login' is clicked on

29-01-2024T22:43:10 - [MESSAGE][PASSED] - Object: 'Object Repository/katalon demo/Page_CURA Healthcare Service/a_Login' is clicked on

29-01-2024T22:43:10 - [TEST_STEP][PASSED] - setText(findTestObject("Object Repository/katalon demo/Page_CURA Healthcare Service/input_username"), username1): Text 'aaaaa' is set on object 'Object Repository/katalon demo/Page_CURA Healthcare Service/input_username'

29-01-2024T22:43:11 - [MESSAGE][PASSED] - Text 'aaaaa' is set on object 'Object Repository/katalon demo/Page_CURA Healthcare Service/input_username'

29-01-2024T22:43:11 - [TEST_STEP][PASSED] - setText(findTestObject("Object Repository/katalon demo/Page_CURA Healthcare Service/input_password"), password1): Text 'aaaaaaaa' is set on object 'Object Repository/katalon demo/Page_CURA Healthcare Service/input_password'

29-01-2024T22:43:11 - [MESSAGE][PASSED] - Text 'aaaaaaaa' is set on object 'Object Repository/katalon demo/Page_CURA Healthcare Service/input_password'

29-01-2024T22:43:11 - [TEST_STEP][PASSED] - click(findTestObject("katalon demo/Page_CURA Healthcare Service/button_Login")): Object: 'Object Repository/katalon demo/Page_CURA Healthcare Service/button_Login' is clicked on

29-01-2024T22:43:12 - [MESSAGE][PASSED] - Object: 'Object Repository/katalon demo/Page_CURA Healthcare Service/button_Login' is clicked on

29-01-2024T22:43:12 - [TEST_STEP][PASSED] - verifyTextPresent("Login failed!", false): Text 'Login failed!' is present on page 

29-01-2024T22:43:13 - [MESSAGE][PASSED] - Text 'Login failed!' is present on page 

29-01-2024T22:43:13 - [TEST_STEP][PASSED] - takeScreenshotAsCheckpoint("negatif 1 login katalon demo"): Taking screenshot successfully

29-01-2024T22:43:13 - [MESSAGE][INFO] - 0 hidden object(s)

29-01-2024T22:43:13 - [MESSAGE][PASSED] - Taking screenshot successfully
[[ATTACHMENT|keyes\keyes-negatif 1 login katalon demo.png]]

29-01-2024T22:43:13 - [TEST_STEP][PASSED] - click(findTestObject("Object Repository/katalon demo/Page_CURA Healthcare Service/button_Login")): Object: 'Object Repository/katalon demo/Page_CURA Healthcare Service/button_Login' is clicked on

29-01-2024T22:43:14 - [MESSAGE][PASSED] - Object: 'Object Repository/katalon demo/Page_CURA Healthcare Service/button_Login' is clicked on

29-01-2024T22:43:14 - [TEST_STEP][PASSED] - setText(findTestObject("katalon demo/Page_CURA Healthcare Service/input_username"), username2): Text 'bbbbb' is set on object 'Object Repository/katalon demo/Page_CURA Healthcare Service/input_username'

29-01-2024T22:43:15 - [MESSAGE][PASSED] - Text 'bbbbb' is set on object 'Object Repository/katalon demo/Page_CURA Healthcare Service/input_username'

29-01-2024T22:43:15 - [TEST_STEP][PASSED] - setText(findTestObject("katalon demo/Page_CURA Healthcare Service/input_password"), password2): Text 'bbbbbbbb' is set on object 'Object Repository/katalon demo/Page_CURA Healthcare Service/input_password'

29-01-2024T22:43:16 - [MESSAGE][PASSED] - Text 'bbbbbbbb' is set on object 'Object Repository/katalon demo/Page_CURA Healthcare Service/input_password'

29-01-2024T22:43:16 - [TEST_STEP][PASSED] - click(findTestObject("katalon demo/Page_CURA Healthcare Service/button_Login")): Object: 'Object Repository/katalon demo/Page_CURA Healthcare Service/button_Login' is clicked on

29-01-2024T22:43:17 - [MESSAGE][PASSED] - Object: 'Object Repository/katalon demo/Page_CURA Healthcare Service/button_Login' is clicked on

29-01-2024T22:43:17 - [TEST_STEP][PASSED] - verifyTextPresent("Login failed!", false): Text 'Login failed!' is present on page 

29-01-2024T22:43:18 - [MESSAGE][PASSED] - Text 'Login failed!' is present on page 

29-01-2024T22:43:18 - [TEST_STEP][PASSED] - takeScreenshotAsCheckpoint("negatif 2 login katalon demo"): Taking screenshot successfully

29-01-2024T22:43:18 - [MESSAGE][INFO] - 0 hidden object(s)

29-01-2024T22:43:18 - [MESSAGE][PASSED] - Taking screenshot successfully
[[ATTACHMENT|keyes\keyes-negatif 2 login katalon demo.png]]]]></system-out>
         <system-err><![CDATA[]]></system-err>
      </testcase>
      <system-out><![CDATA[29-01-2024T22:41:15 - [TEST_SUITE][PASSED] - katalon demo: Test Cases/Katalon Demo/negatif login katalon demo]]></system-out>
      <system-err><![CDATA[]]></system-err>
   </testsuite>
   <testsuite name="katalon demo" tests="8" failures="0" errors="0" time="126.747" skipped="0" timestamp="29-01-2024T22:43:25" hostname="0517 - Pierrot" id="Test Suites/katalon demo">
      <properties>
         <property name="deviceName" value=""/>
         <property name="devicePlatform" value=""/>
         <property name="logFolder" value="C:\\Users\\0517\\Katalon Studio\\poc bni\\Reports\\20240129_222034\\katalon demo\\20240129_222128"/>
         <property name="logFiles" value="C:\\Users\\0517\\Katalon Studio\\poc bni\\Reports\\20240129_222034\\katalon demo\\20240129_222128\\execution0.log"/>
         <property name="attachments" value="keyes\keyes-login katalon demo.png, keyes\keyes-appointment katalon demo.png, keyes\keyes-appointment 1 katalon demo.png, keyes\keyes-appointment 2 katalon demo.png, keyes\keyes-history katalon demo.png, keyes\keyes-profile katalon demo.png, keyes\keyes-logout katalon demo.png, keyes\keyes-negatif 1 login katalon demo.png, keyes\keyes-negatif 2 login katalon demo.png"/>
         <property name="hostName" value="0517 - Pierrot"/>
         <property name="os" value="Windows 10 64bit"/>
         <property name="katalonVersion" value="9.2.0.212"/>
         <property name="browser" value="Chrome 121.0.0.0"/>
         <property name="hostAddress" value="192.168.96.2"/>
         <property name="sessionId" value="f8e4d53afac681c8111bcb175e7cb21f"/>
         <property name="seleniumVersion" value="3.141.59"/>
         <property name="proxyInformation" value="ProxyInformation { proxyOption=NO_PROXY, proxyServerType=HTTP, username=, password=********, proxyServerAddress=, proxyServerPort=0, executionList=&quot;&quot;, isApplyToDesiredCapabilities=true }"/>
         <property name="platform" value="Windows 10"/>
      </properties>
      <testcase name="Test Cases/Katalon Demo/login katalon demo" time="18.525" classname="Test Cases/Katalon Demo/login katalon demo" status="PASSED">
         <system-out><![CDATA[29-01-2024T22:43:25 - [TEST_CASE][PASSED] - Test Cases/Katalon Demo/login katalon demo: Test Cases/Katalon Demo/login katalon demo

29-01-2024T22:43:26 - [TEST_STEP][PASSED] - openBrowser(""): Browser is opened with url: ''

29-01-2024T22:43:26 - [MESSAGE][INFO] - Starting 'Chrome' driver

29-01-2024T22:43:26 - [MESSAGE][INFO] - Action delay is set to 0 milliseconds

29-01-2024T22:43:28 - [MESSAGE][PASSED] - Browser is opened with url: ''

29-01-2024T22:43:28 - [TEST_STEP][PASSED] - navigateToUrl("https://katalon-demo-cura.herokuapp.com/"): Navigate to 'https://katalon-demo-cura.herokuapp.com/' successfully

29-01-2024T22:43:39 - [MESSAGE][PASSED] - Navigate to 'https://katalon-demo-cura.herokuapp.com/' successfully

29-01-2024T22:43:39 - [TEST_STEP][PASSED] - click(findTestObject("Object Repository/katalon demo/Page_CURA Healthcare Service/amenu-toggle")): Object: 'Object Repository/katalon demo/Page_CURA Healthcare Service/amenu-toggle' is clicked on

29-01-2024T22:43:39 - [MESSAGE][PASSED] - Object: 'Object Repository/katalon demo/Page_CURA Healthcare Service/amenu-toggle' is clicked on

29-01-2024T22:43:39 - [TEST_STEP][PASSED] - click(findTestObject("Object Repository/katalon demo/Page_CURA Healthcare Service/a_Login")): Object: 'Object Repository/katalon demo/Page_CURA Healthcare Service/a_Login' is clicked on

29-01-2024T22:43:40 - [MESSAGE][PASSED] - Object: 'Object Repository/katalon demo/Page_CURA Healthcare Service/a_Login' is clicked on

29-01-2024T22:43:40 - [TEST_STEP][PASSED] - setText(findTestObject("Object Repository/katalon demo/Page_CURA Healthcare Service/input_username"), "John Doe"): Text 'John Doe' is set on object 'Object Repository/katalon demo/Page_CURA Healthcare Service/input_username'

29-01-2024T22:43:41 - [MESSAGE][PASSED] - Text 'John Doe' is set on object 'Object Repository/katalon demo/Page_CURA Healthcare Service/input_username'

29-01-2024T22:43:41 - [TEST_STEP][PASSED] - setEncryptedText(findTestObject("Object Repository/katalon demo/Page_CURA Healthcare Service/input_password"), "g3/DOGG74jC3Flrr3yH+3D/yKbOqqUNM"): Text ****** has been set on object 'Object Repository/katalon demo/Page_CURA Healthcare Service/input_password'

29-01-2024T22:43:41 - [MESSAGE][PASSED] - Text ****** has been set on object 'Object Repository/katalon demo/Page_CURA Healthcare Service/input_password'

29-01-2024T22:43:41 - [TEST_STEP][PASSED] - takeScreenshotAsCheckpoint("login katalon demo", STOP_ON_FAILURE): Taking screenshot successfully

29-01-2024T22:43:42 - [MESSAGE][INFO] - 0 hidden object(s)

29-01-2024T22:43:42 - [MESSAGE][PASSED] - Taking screenshot successfully
[[ATTACHMENT|keyes\keyes-login katalon demo.png]]

29-01-2024T22:43:42 - [TEST_STEP][PASSED] - click(findTestObject("Object Repository/katalon demo/Page_CURA Healthcare Service/button_Login")): Object: 'Object Repository/katalon demo/Page_CURA Healthcare Service/button_Login' is clicked on

29-01-2024T22:43:44 - [MESSAGE][PASSED] - Object: 'Object Repository/katalon demo/Page_CURA Healthcare Service/button_Login' is clicked on]]></system-out>
         <system-err><![CDATA[]]></system-err>
      </testcase>
      <testcase name="Test Cases/Katalon Demo/make appointment katalon demo" time="6.612" classname="Test Cases/Katalon Demo/make appointment katalon demo" status="PASSED">
         <system-out><![CDATA[29-01-2024T22:43:44 - [TEST_CASE][PASSED] - Test Cases/Katalon Demo/make appointment katalon demo: Test Cases/Katalon Demo/make appointment katalon demo

29-01-2024T22:43:44 - [TEST_STEP][PASSED] - selectOptionByValue(findTestObject("Object Repository/katalon demo/Page_CURA Healthcare Service/select_Tokyo"), "Hongkong CURA Healthcare Center", true): All options with value 'Hongkong CURA Healthcare Center' are selected in object 'Object Repository/katalon demo/Page_CURA Healthcare Service/select_Tokyo'  using regular expression

29-01-2024T22:43:45 - [MESSAGE][PASSED] - All options with value 'Hongkong CURA Healthcare Center' are selected in object 'Object Repository/katalon demo/Page_CURA Healthcare Service/select_Tokyo'  using regular expression

29-01-2024T22:43:45 - [TEST_STEP][PASSED] - click(findTestObject("Object Repository/katalon demo/Page_CURA Healthcare Service/label_Apply for hospital readmission")): Object: 'Object Repository/katalon demo/Page_CURA Healthcare Service/label_Apply for hospital readmission' is clicked on

29-01-2024T22:43:46 - [MESSAGE][PASSED] - Object: 'Object Repository/katalon demo/Page_CURA Healthcare Service/label_Apply for hospital readmission' is clicked on

29-01-2024T22:43:46 - [TEST_STEP][PASSED] - click(findTestObject("Object Repository/katalon demo/Page_CURA Healthcare Service/input_programs")): Object: 'Object Repository/katalon demo/Page_CURA Healthcare Service/input_programs' is clicked on

29-01-2024T22:43:46 - [MESSAGE][PASSED] - Object: 'Object Repository/katalon demo/Page_CURA Healthcare Service/input_programs' is clicked on

29-01-2024T22:43:46 - [TEST_STEP][PASSED] - click(findTestObject("Object Repository/katalon demo/Page_CURA Healthcare Service/span_glyphicon glyphicon-calendar")): Object: 'Object Repository/katalon demo/Page_CURA Healthcare Service/span_glyphicon glyphicon-calendar' is clicked on

29-01-2024T22:43:47 - [MESSAGE][PASSED] - Object: 'Object Repository/katalon demo/Page_CURA Healthcare Service/span_glyphicon glyphicon-calendar' is clicked on

29-01-2024T22:43:47 - [TEST_STEP][PASSED] - click(findTestObject("Object Repository/katalon demo/Page_CURA Healthcare Service/td_31")): Object: 'Object Repository/katalon demo/Page_CURA Healthcare Service/td_31' is clicked on

29-01-2024T22:43:47 - [MESSAGE][PASSED] - Object: 'Object Repository/katalon demo/Page_CURA Healthcare Service/td_31' is clicked on

29-01-2024T22:43:47 - [TEST_STEP][PASSED] - setText(findTestObject("Object Repository/katalon demo/Page_CURA Healthcare Service/textarea_comment"), "tes katalon demo"): Text 'tes katalon demo' is set on object 'Object Repository/katalon demo/Page_CURA Healthcare Service/textarea_comment'

29-01-2024T22:43:48 - [MESSAGE][PASSED] - Text 'tes katalon demo' is set on object 'Object Repository/katalon demo/Page_CURA Healthcare Service/textarea_comment'

29-01-2024T22:43:48 - [TEST_STEP][PASSED] - click(findTestObject("Object Repository/katalon demo/Page_CURA Healthcare Service/button_Book Appointment")): Object: 'Object Repository/katalon demo/Page_CURA Healthcare Service/button_Book Appointment' is clicked on

29-01-2024T22:43:49 - [MESSAGE][PASSED] - Object: 'Object Repository/katalon demo/Page_CURA Healthcare Service/button_Book Appointment' is clicked on

29-01-2024T22:43:49 - [TEST_STEP][PASSED] - verifyTextPresent("Appointment Confirmation", false): Text 'Appointment Confirmation' is present on page 

29-01-2024T22:43:49 - [MESSAGE][PASSED] - Text 'Appointment Confirmation' is present on page 

29-01-2024T22:43:49 - [TEST_STEP][PASSED] - takeScreenshotAsCheckpoint("appointment katalon demo"): Taking screenshot successfully

29-01-2024T22:43:50 - [MESSAGE][INFO] - 0 hidden object(s)

29-01-2024T22:43:50 - [MESSAGE][PASSED] - Taking screenshot successfully
[[ATTACHMENT|keyes\keyes-appointment katalon demo.png]]

29-01-2024T22:43:50 - [TEST_STEP][PASSED] - click(findTestObject("Object Repository/katalon demo/Page_CURA Healthcare Service/a_Go to Homepage")): Object: 'Object Repository/katalon demo/Page_CURA Healthcare Service/a_Go to Homepage' is clicked on

29-01-2024T22:43:51 - [MESSAGE][PASSED] - Object: 'Object Repository/katalon demo/Page_CURA Healthcare Service/a_Go to Homepage' is clicked on]]></system-out>
         <system-err><![CDATA[]]></system-err>
      </testcase>
      <testcase name="Test Cases/Katalon Demo/make appointment katalon demo 1" time="5.809" classname="Test Cases/Katalon Demo/make appointment katalon demo 1" status="PASSED">
         <system-out><![CDATA[29-01-2024T22:43:51 - [TEST_CASE][PASSED] - Test Cases/Katalon Demo/make appointment katalon demo 1: Test Cases/Katalon Demo/make appointment katalon demo 1

29-01-2024T22:43:51 - [TEST_STEP][PASSED] - selectOptionByValue(findTestObject("Object Repository/katalon demo/Page_CURA Healthcare Service/select_Tokyo"), "Seoul CURA Healthcare Center", true): All options with value 'Seoul CURA Healthcare Center' are selected in object 'Object Repository/katalon demo/Page_CURA Healthcare Service/select_Tokyo'  using regular expression

29-01-2024T22:43:52 - [MESSAGE][PASSED] - All options with value 'Seoul CURA Healthcare Center' are selected in object 'Object Repository/katalon demo/Page_CURA Healthcare Service/select_Tokyo'  using regular expression

29-01-2024T22:43:52 - [TEST_STEP][PASSED] - click(findTestObject("Object Repository/katalon demo/Page_CURA Healthcare Service/input_hospital_readmission")): Object: 'Object Repository/katalon demo/Page_CURA Healthcare Service/input_hospital_readmission' is clicked on

29-01-2024T22:43:52 - [MESSAGE][PASSED] - Object: 'Object Repository/katalon demo/Page_CURA Healthcare Service/input_hospital_readmission' is clicked on

29-01-2024T22:43:52 - [TEST_STEP][PASSED] - click(findTestObject("Object Repository/katalon demo/Page_CURA Healthcare Service/input_programs")): Object: 'Object Repository/katalon demo/Page_CURA Healthcare Service/input_programs' is clicked on

29-01-2024T22:43:53 - [MESSAGE][PASSED] - Object: 'Object Repository/katalon demo/Page_CURA Healthcare Service/input_programs' is clicked on

29-01-2024T22:43:53 - [TEST_STEP][PASSED] - click(findTestObject("Object Repository/katalon demo/Page_CURA Healthcare Service/span_glyphicon glyphicon-calendar")): Object: 'Object Repository/katalon demo/Page_CURA Healthcare Service/span_glyphicon glyphicon-calendar' is clicked on

29-01-2024T22:43:53 - [MESSAGE][PASSED] - Object: 'Object Repository/katalon demo/Page_CURA Healthcare Service/span_glyphicon glyphicon-calendar' is clicked on

29-01-2024T22:43:53 - [TEST_STEP][PASSED] - click(findTestObject("Object Repository/katalon demo/Page_CURA Healthcare Service/td_30")): Object: 'Object Repository/katalon demo/Page_CURA Healthcare Service/td_30' is clicked on

29-01-2024T22:43:53 - [MESSAGE][PASSED] - Object: 'Object Repository/katalon demo/Page_CURA Healthcare Service/td_30' is clicked on

29-01-2024T22:43:53 - [TEST_STEP][PASSED] - setText(findTestObject("Object Repository/katalon demo/Page_CURA Healthcare Service/textarea_comment"), "tes katalon"): Text 'tes katalon' is set on object 'Object Repository/katalon demo/Page_CURA Healthcare Service/textarea_comment'

29-01-2024T22:43:54 - [MESSAGE][PASSED] - Text 'tes katalon' is set on object 'Object Repository/katalon demo/Page_CURA Healthcare Service/textarea_comment'

29-01-2024T22:43:54 - [TEST_STEP][PASSED] - click(findTestObject("Object Repository/katalon demo/Page_CURA Healthcare Service/button_Book Appointment")): Object: 'Object Repository/katalon demo/Page_CURA Healthcare Service/button_Book Appointment' is clicked on

29-01-2024T22:43:55 - [MESSAGE][PASSED] - Object: 'Object Repository/katalon demo/Page_CURA Healthcare Service/button_Book Appointment' is clicked on

29-01-2024T22:43:55 - [TEST_STEP][PASSED] - verifyTextPresent("Appointment Confirmation", false): Text 'Appointment Confirmation' is present on page 

29-01-2024T22:43:55 - [MESSAGE][PASSED] - Text 'Appointment Confirmation' is present on page 

29-01-2024T22:43:55 - [TEST_STEP][PASSED] - takeScreenshotAsCheckpoint("appointment 1 katalon demo"): Taking screenshot successfully

29-01-2024T22:43:56 - [MESSAGE][INFO] - 0 hidden object(s)

29-01-2024T22:43:56 - [MESSAGE][PASSED] - Taking screenshot successfully
[[ATTACHMENT|keyes\keyes-appointment 1 katalon demo.png]]

29-01-2024T22:43:56 - [TEST_STEP][PASSED] - click(findTestObject("Object Repository/katalon demo/Page_CURA Healthcare Service/a_Go to Homepage")): Object: 'Object Repository/katalon demo/Page_CURA Healthcare Service/a_Go to Homepage' is clicked on

29-01-2024T22:43:56 - [MESSAGE][PASSED] - Object: 'Object Repository/katalon demo/Page_CURA Healthcare Service/a_Go to Homepage' is clicked on]]></system-out>
         <system-err><![CDATA[]]></system-err>
      </testcase>
      <testcase name="Test Cases/Katalon Demo/make appointment katalon demo 2" time="5.617" classname="Test Cases/Katalon Demo/make appointment katalon demo 2" status="PASSED">
         <system-out><![CDATA[29-01-2024T22:43:56 - [TEST_CASE][PASSED] - Test Cases/Katalon Demo/make appointment katalon demo 2: Test Cases/Katalon Demo/make appointment katalon demo 2

29-01-2024T22:43:57 - [TEST_STEP][PASSED] - click(findTestObject("Object Repository/katalon demo/Page_CURA Healthcare Service/label_Apply for hospital readmission")): Object: 'Object Repository/katalon demo/Page_CURA Healthcare Service/label_Apply for hospital readmission' is clicked on

29-01-2024T22:43:57 - [MESSAGE][PASSED] - Object: 'Object Repository/katalon demo/Page_CURA Healthcare Service/label_Apply for hospital readmission' is clicked on

29-01-2024T22:43:57 - [TEST_STEP][PASSED] - click(findTestObject("Object Repository/katalon demo/Page_CURA Healthcare Service/input_programs")): Object: 'Object Repository/katalon demo/Page_CURA Healthcare Service/input_programs' is clicked on

29-01-2024T22:43:57 - [MESSAGE][PASSED] - Object: 'Object Repository/katalon demo/Page_CURA Healthcare Service/input_programs' is clicked on

29-01-2024T22:43:57 - [TEST_STEP][PASSED] - click(findTestObject("Object Repository/katalon demo/Page_CURA Healthcare Service/input_visit_date")): Object: 'Object Repository/katalon demo/Page_CURA Healthcare Service/input_visit_date' is clicked on

29-01-2024T22:43:58 - [MESSAGE][PASSED] - Object: 'Object Repository/katalon demo/Page_CURA Healthcare Service/input_visit_date' is clicked on

29-01-2024T22:43:58 - [TEST_STEP][PASSED] - click(findTestObject("Object Repository/katalon demo/Page_CURA Healthcare Service/th_")): Object: 'Object Repository/katalon demo/Page_CURA Healthcare Service/th_' is clicked on

29-01-2024T22:43:58 - [MESSAGE][PASSED] - Object: 'Object Repository/katalon demo/Page_CURA Healthcare Service/th_' is clicked on

29-01-2024T22:43:58 - [TEST_STEP][PASSED] - click(findTestObject("Object Repository/katalon demo/Page_CURA Healthcare Service/td_28")): Object: 'Object Repository/katalon demo/Page_CURA Healthcare Service/td_28' is clicked on

29-01-2024T22:43:59 - [MESSAGE][PASSED] - Object: 'Object Repository/katalon demo/Page_CURA Healthcare Service/td_28' is clicked on

29-01-2024T22:43:59 - [TEST_STEP][PASSED] - setText(findTestObject("Object Repository/katalon demo/Page_CURA Healthcare Service/textarea_comment"), "tes katalon"): Text 'tes katalon' is set on object 'Object Repository/katalon demo/Page_CURA Healthcare Service/textarea_comment'

29-01-2024T22:43:59 - [MESSAGE][PASSED] - Text 'tes katalon' is set on object 'Object Repository/katalon demo/Page_CURA Healthcare Service/textarea_comment'

29-01-2024T22:43:59 - [TEST_STEP][PASSED] - click(findTestObject("Object Repository/katalon demo/Page_CURA Healthcare Service/button_Book Appointment")): Object: 'Object Repository/katalon demo/Page_CURA Healthcare Service/button_Book Appointment' is clicked on

29-01-2024T22:44:00 - [MESSAGE][PASSED] - Object: 'Object Repository/katalon demo/Page_CURA Healthcare Service/button_Book Appointment' is clicked on

29-01-2024T22:44:00 - [TEST_STEP][PASSED] - verifyTextPresent("Appointment Confirmation", false): Text 'Appointment Confirmation' is present on page 

29-01-2024T22:44:01 - [MESSAGE][PASSED] - Text 'Appointment Confirmation' is present on page 

29-01-2024T22:44:01 - [TEST_STEP][PASSED] - takeScreenshotAsCheckpoint("appointment 2 katalon demo"): Taking screenshot successfully

29-01-2024T22:44:01 - [MESSAGE][INFO] - 0 hidden object(s)

29-01-2024T22:44:01 - [MESSAGE][PASSED] - Taking screenshot successfully
[[ATTACHMENT|keyes\keyes-appointment 2 katalon demo.png]]

29-01-2024T22:44:01 - [TEST_STEP][PASSED] - click(findTestObject("Object Repository/katalon demo/Page_CURA Healthcare Service/a_Go to Homepage")): Object: 'Object Repository/katalon demo/Page_CURA Healthcare Service/a_Go to Homepage' is clicked on

29-01-2024T22:44:02 - [MESSAGE][PASSED] - Object: 'Object Repository/katalon demo/Page_CURA Healthcare Service/a_Go to Homepage' is clicked on]]></system-out>
         <system-err><![CDATA[]]></system-err>
      </testcase>
      <testcase name="Test Cases/Katalon Demo/history katalon demo" time="66.926" classname="Test Cases/Katalon Demo/history katalon demo" status="PASSED">
         <system-out><![CDATA[29-01-2024T22:44:02 - [TEST_CASE][PASSED] - Test Cases/Katalon Demo/history katalon demo: Test Cases/Katalon Demo/history katalon demo

29-01-2024T22:44:02 - [TEST_STEP][PASSED] - click(findTestObject("Object Repository/katalon demo/Page_CURA Healthcare Service/amenu-toggle")): Object: 'Object Repository/katalon demo/Page_CURA Healthcare Service/amenu-toggle' is clicked on

29-01-2024T22:44:02 - [MESSAGE][PASSED] - Object: 'Object Repository/katalon demo/Page_CURA Healthcare Service/amenu-toggle' is clicked on

29-01-2024T22:44:02 - [TEST_STEP][PASSED] - click(findTestObject("Object Repository/katalon demo/Page_CURA Healthcare Service/a_History")): Object: 'Object Repository/katalon demo/Page_CURA Healthcare Service/a_History' is clicked on

29-01-2024T22:44:04 - [MESSAGE][PASSED] - Object: 'Object Repository/katalon demo/Page_CURA Healthcare Service/a_History' is clicked on

29-01-2024T22:44:04 - [TEST_STEP][PASSED] - takeScreenshotAsCheckpoint("history katalon demo"): Taking screenshot successfully

29-01-2024T22:44:05 - [MESSAGE][INFO] - 0 hidden object(s)

29-01-2024T22:44:05 - [MESSAGE][PASSED] - Taking screenshot successfully
[[ATTACHMENT|keyes\keyes-history katalon demo.png]]

29-01-2024T22:44:05 - [TEST_STEP][PASSED] - scrollToElement(findTestObject("katalon demo/Page_CURA Healthcare Service/a_Go to Homepage"), 3): Scroll to object 'Object Repository/katalon demo/Page_CURA Healthcare Service/a_Go to Homepage' successfully

29-01-2024T22:44:36 - [MESSAGE][INFO] - Unable to find the element located by 'By.xpath: //section[@id='summary']/div/div/div[7]/p/a'. Please recheck the objects properties to make sure the desired element is located. 

29-01-2024T22:44:36 - [MESSAGE][WARNING] - [SELF-HEALING] Failed to find element with id 'Object Repository/katalon demo/Page_CURA Healthcare Service/a_Go to Homepage'. Try using Self-healing.

29-01-2024T22:44:36 - [MESSAGE][WARNING] - [SELF-HEALING] The current locator of test object 'Object Repository/katalon demo/Page_CURA Healthcare Service/a_Go to Homepage' was broken. Propose an alternative one: '//a[contains(text(),'Go to Homepage')]'.

29-01-2024T22:44:36 - [MESSAGE][PASSED] - Scroll to object 'Object Repository/katalon demo/Page_CURA Healthcare Service/a_Go to Homepage' successfully

29-01-2024T22:44:36 - [TEST_STEP][PASSED] - click(findTestObject("Object Repository/katalon demo/Page_CURA Healthcare Service/a_Go to Homepage")): Object: 'Object Repository/katalon demo/Page_CURA Healthcare Service/a_Go to Homepage' is clicked on

29-01-2024T22:45:08 - [MESSAGE][INFO] - Unable to find the element located by 'By.xpath: //section[@id='summary']/div/div/div[7]/p/a'. Please recheck the objects properties to make sure the desired element is located. 

29-01-2024T22:45:08 - [MESSAGE][WARNING] - [SELF-HEALING] Failed to find element with id 'Object Repository/katalon demo/Page_CURA Healthcare Service/a_Go to Homepage'. Try using Self-healing.

29-01-2024T22:45:08 - [MESSAGE][WARNING] - [SELF-HEALING] The current locator of test object 'Object Repository/katalon demo/Page_CURA Healthcare Service/a_Go to Homepage' was broken. Propose an alternative one: '//a[contains(text(),'Go to Homepage')]'.

29-01-2024T22:45:09 - [MESSAGE][PASSED] - Object: 'Object Repository/katalon demo/Page_CURA Healthcare Service/a_Go to Homepage' is clicked on]]></system-out>
         <system-err><![CDATA[]]></system-err>
      </testcase>
      <testcase name="Test Cases/Katalon Demo/profile katalon demo" time="3.183" classname="Test Cases/Katalon Demo/profile katalon demo" status="PASSED">
         <system-out><![CDATA[29-01-2024T22:45:09 - [TEST_CASE][PASSED] - Test Cases/Katalon Demo/profile katalon demo: Test Cases/Katalon Demo/profile katalon demo

29-01-2024T22:45:09 - [TEST_STEP][PASSED] - click(findTestObject("Object Repository/katalon demo/Page_CURA Healthcare Service/i_fa fa-bars")): Object: 'Object Repository/katalon demo/Page_CURA Healthcare Service/i_fa fa-bars' is clicked on

29-01-2024T22:45:09 - [MESSAGE][PASSED] - Object: 'Object Repository/katalon demo/Page_CURA Healthcare Service/i_fa fa-bars' is clicked on

29-01-2024T22:45:09 - [TEST_STEP][PASSED] - click(findTestObject("Object Repository/katalon demo/Page_CURA Healthcare Service/a_Profile")): Object: 'Object Repository/katalon demo/Page_CURA Healthcare Service/a_Profile' is clicked on

29-01-2024T22:45:10 - [MESSAGE][PASSED] - Object: 'Object Repository/katalon demo/Page_CURA Healthcare Service/a_Profile' is clicked on

29-01-2024T22:45:10 - [TEST_STEP][PASSED] - takeScreenshotAsCheckpoint("profile katalon demo"): Taking screenshot successfully

29-01-2024T22:45:11 - [MESSAGE][INFO] - 0 hidden object(s)

29-01-2024T22:45:11 - [MESSAGE][PASSED] - Taking screenshot successfully
[[ATTACHMENT|keyes\keyes-profile katalon demo.png]]

29-01-2024T22:45:11 - [TEST_STEP][PASSED] - click(findTestObject("Object Repository/katalon demo/Page_CURA Healthcare Service/i_fa fa-bars")): Object: 'Object Repository/katalon demo/Page_CURA Healthcare Service/i_fa fa-bars' is clicked on

29-01-2024T22:45:11 - [MESSAGE][PASSED] - Object: 'Object Repository/katalon demo/Page_CURA Healthcare Service/i_fa fa-bars' is clicked on

29-01-2024T22:45:11 - [TEST_STEP][PASSED] - click(findTestObject("Object Repository/katalon demo/Page_CURA Healthcare Service/a_Home")): Object: 'Object Repository/katalon demo/Page_CURA Healthcare Service/a_Home' is clicked on

29-01-2024T22:45:12 - [MESSAGE][PASSED] - Object: 'Object Repository/katalon demo/Page_CURA Healthcare Service/a_Home' is clicked on]]></system-out>
         <system-err><![CDATA[]]></system-err>
      </testcase>
      <testcase name="Test Cases/Katalon Demo/logout katalon demo" time="2.701" classname="Test Cases/Katalon Demo/logout katalon demo" status="PASSED">
         <system-out><![CDATA[29-01-2024T22:45:12 - [TEST_CASE][PASSED] - Test Cases/Katalon Demo/logout katalon demo: Test Cases/Katalon Demo/logout katalon demo

29-01-2024T22:45:12 - [TEST_STEP][PASSED] - click(findTestObject("Object Repository/katalon demo/Page_CURA Healthcare Service/i_fa fa-bars")): Object: 'Object Repository/katalon demo/Page_CURA Healthcare Service/i_fa fa-bars' is clicked on

29-01-2024T22:45:13 - [MESSAGE][PASSED] - Object: 'Object Repository/katalon demo/Page_CURA Healthcare Service/i_fa fa-bars' is clicked on

29-01-2024T22:45:13 - [TEST_STEP][PASSED] - takeScreenshotAsCheckpoint("logout katalon demo"): Taking screenshot successfully

29-01-2024T22:45:13 - [MESSAGE][INFO] - 0 hidden object(s)

29-01-2024T22:45:14 - [MESSAGE][PASSED] - Taking screenshot successfully
[[ATTACHMENT|keyes\keyes-logout katalon demo.png]]

29-01-2024T22:45:14 - [TEST_STEP][PASSED] - click(findTestObject("Object Repository/katalon demo/Page_CURA Healthcare Service/a_Logout")): Object: 'Object Repository/katalon demo/Page_CURA Healthcare Service/a_Logout' is clicked on

29-01-2024T22:45:15 - [MESSAGE][PASSED] - Object: 'Object Repository/katalon demo/Page_CURA Healthcare Service/a_Logout' is clicked on

29-01-2024T22:45:15 - [TEST_STEP][PASSED] - closeBrowser(): Browser is closed

29-01-2024T22:45:15 - [MESSAGE][PASSED] - Browser is closed]]></system-out>
         <system-err><![CDATA[]]></system-err>
      </testcase>
      <testcase name="Test Cases/Katalon Demo/negatif login katalon demo" time="17.07" classname="Test Cases/Katalon Demo/negatif login katalon demo" status="PASSED">
         <system-out><![CDATA[29-01-2024T22:45:15 - [TEST_CASE][PASSED] - Test Cases/Katalon Demo/negatif login katalon demo: Test Cases/Katalon Demo/negatif login katalon demo

29-01-2024T22:45:15 - [TEST_STEP][PASSED] - openBrowser(""): Browser is opened with url: ''

29-01-2024T22:45:15 - [MESSAGE][INFO] - Starting 'Chrome' driver

29-01-2024T22:45:15 - [MESSAGE][INFO] - Action delay is set to 0 milliseconds

29-01-2024T22:45:16 - [MESSAGE][PASSED] - Browser is opened with url: ''

29-01-2024T22:45:16 - [TEST_STEP][PASSED] - navigateToUrl("https://katalon-demo-cura.herokuapp.com/"): Navigate to 'https://katalon-demo-cura.herokuapp.com/' successfully

29-01-2024T22:45:23 - [MESSAGE][PASSED] - Navigate to 'https://katalon-demo-cura.herokuapp.com/' successfully

29-01-2024T22:45:23 - [TEST_STEP][PASSED] - click(findTestObject("Object Repository/katalon demo/Page_CURA Healthcare Service/amenu-toggle")): Object: 'Object Repository/katalon demo/Page_CURA Healthcare Service/amenu-toggle' is clicked on

29-01-2024T22:45:23 - [MESSAGE][PASSED] - Object: 'Object Repository/katalon demo/Page_CURA Healthcare Service/amenu-toggle' is clicked on

29-01-2024T22:45:23 - [TEST_STEP][PASSED] - click(findTestObject("Object Repository/katalon demo/Page_CURA Healthcare Service/a_Login")): Object: 'Object Repository/katalon demo/Page_CURA Healthcare Service/a_Login' is clicked on

29-01-2024T22:45:24 - [MESSAGE][PASSED] - Object: 'Object Repository/katalon demo/Page_CURA Healthcare Service/a_Login' is clicked on

29-01-2024T22:45:24 - [TEST_STEP][PASSED] - setText(findTestObject("Object Repository/katalon demo/Page_CURA Healthcare Service/input_username"), username1): Text 'aaaaa' is set on object 'Object Repository/katalon demo/Page_CURA Healthcare Service/input_username'

29-01-2024T22:45:25 - [MESSAGE][PASSED] - Text 'aaaaa' is set on object 'Object Repository/katalon demo/Page_CURA Healthcare Service/input_username'

29-01-2024T22:45:25 - [TEST_STEP][PASSED] - setText(findTestObject("Object Repository/katalon demo/Page_CURA Healthcare Service/input_password"), password1): Text 'aaaaaaaa' is set on object 'Object Repository/katalon demo/Page_CURA Healthcare Service/input_password'

29-01-2024T22:45:26 - [MESSAGE][PASSED] - Text 'aaaaaaaa' is set on object 'Object Repository/katalon demo/Page_CURA Healthcare Service/input_password'

29-01-2024T22:45:26 - [TEST_STEP][PASSED] - click(findTestObject("katalon demo/Page_CURA Healthcare Service/button_Login")): Object: 'Object Repository/katalon demo/Page_CURA Healthcare Service/button_Login' is clicked on

29-01-2024T22:45:27 - [MESSAGE][PASSED] - Object: 'Object Repository/katalon demo/Page_CURA Healthcare Service/button_Login' is clicked on

29-01-2024T22:45:27 - [TEST_STEP][PASSED] - verifyTextPresent("Login failed!", false): Text 'Login failed!' is present on page 

29-01-2024T22:45:27 - [MESSAGE][PASSED] - Text 'Login failed!' is present on page 

29-01-2024T22:45:27 - [TEST_STEP][PASSED] - takeScreenshotAsCheckpoint("negatif 1 login katalon demo"): Taking screenshot successfully

29-01-2024T22:45:28 - [MESSAGE][INFO] - 0 hidden object(s)

29-01-2024T22:45:28 - [MESSAGE][PASSED] - Taking screenshot successfully
[[ATTACHMENT|keyes\keyes-negatif 1 login katalon demo.png]]

29-01-2024T22:45:28 - [TEST_STEP][PASSED] - click(findTestObject("Object Repository/katalon demo/Page_CURA Healthcare Service/button_Login")): Object: 'Object Repository/katalon demo/Page_CURA Healthcare Service/button_Login' is clicked on

29-01-2024T22:45:29 - [MESSAGE][PASSED] - Object: 'Object Repository/katalon demo/Page_CURA Healthcare Service/button_Login' is clicked on

29-01-2024T22:45:29 - [TEST_STEP][PASSED] - setText(findTestObject("katalon demo/Page_CURA Healthcare Service/input_username"), username2): Text 'bbbbb' is set on object 'Object Repository/katalon demo/Page_CURA Healthcare Service/input_username'

29-01-2024T22:45:29 - [MESSAGE][PASSED] - Text 'bbbbb' is set on object 'Object Repository/katalon demo/Page_CURA Healthcare Service/input_username'

29-01-2024T22:45:29 - [TEST_STEP][PASSED] - setText(findTestObject("katalon demo/Page_CURA Healthcare Service/input_password"), password2): Text 'bbbbbbbb' is set on object 'Object Repository/katalon demo/Page_CURA Healthcare Service/input_password'

29-01-2024T22:45:30 - [MESSAGE][PASSED] - Text 'bbbbbbbb' is set on object 'Object Repository/katalon demo/Page_CURA Healthcare Service/input_password'

29-01-2024T22:45:30 - [TEST_STEP][PASSED] - click(findTestObject("katalon demo/Page_CURA Healthcare Service/button_Login")): Object: 'Object Repository/katalon demo/Page_CURA Healthcare Service/button_Login' is clicked on

29-01-2024T22:45:31 - [MESSAGE][PASSED] - Object: 'Object Repository/katalon demo/Page_CURA Healthcare Service/button_Login' is clicked on

29-01-2024T22:45:31 - [TEST_STEP][PASSED] - verifyTextPresent("Login failed!", false): Text 'Login failed!' is present on page 

29-01-2024T22:45:32 - [MESSAGE][PASSED] - Text 'Login failed!' is present on page 

29-01-2024T22:45:32 - [TEST_STEP][PASSED] - takeScreenshotAsCheckpoint("negatif 2 login katalon demo"): Taking screenshot successfully

29-01-2024T22:45:32 - [MESSAGE][INFO] - 0 hidden object(s)

29-01-2024T22:45:32 - [MESSAGE][PASSED] - Taking screenshot successfully
[[ATTACHMENT|keyes\keyes-negatif 2 login katalon demo.png]]]]></system-out>
         <system-err><![CDATA[]]></system-err>
      </testcase>
      <system-out><![CDATA[29-01-2024T22:43:25 - [TEST_SUITE][PASSED] - katalon demo: Test Cases/Katalon Demo/negatif login katalon demo]]></system-out>
      <system-err><![CDATA[]]></system-err>
   </testsuite>
   <testsuite name="katalon demo" tests="8" failures="0" errors="0" time="134.011" skipped="0" timestamp="29-01-2024T22:45:39" hostname="0517 - Pierrot" id="Test Suites/katalon demo">
      <properties>
         <property name="deviceName" value=""/>
         <property name="devicePlatform" value=""/>
         <property name="logFolder" value="C:\\Users\\0517\\Katalon Studio\\poc bni\\Reports\\20240129_222034\\katalon demo\\20240129_222133"/>
         <property name="logFiles" value="C:\\Users\\0517\\Katalon Studio\\poc bni\\Reports\\20240129_222034\\katalon demo\\20240129_222133\\execution0.log"/>
         <property name="attachments" value="keyes\keyes-login katalon demo.png, keyes\keyes-appointment katalon demo.png, keyes\keyes-appointment 1 katalon demo.png, keyes\keyes-appointment 2 katalon demo.png, keyes\keyes-history katalon demo.png, keyes\keyes-profile katalon demo.png, keyes\keyes-logout katalon demo.png, keyes\keyes-negatif 1 login katalon demo.png, keyes\keyes-negatif 2 login katalon demo.png"/>
         <property name="hostName" value="0517 - Pierrot"/>
         <property name="os" value="Windows 10 64bit"/>
         <property name="katalonVersion" value="9.2.0.212"/>
         <property name="browser" value="Chrome 121.0.0.0"/>
         <property name="hostAddress" value="192.168.96.2"/>
         <property name="sessionId" value="2c1330184e6de44cba6dd57d036cbe19"/>
         <property name="seleniumVersion" value="3.141.59"/>
         <property name="proxyInformation" value="ProxyInformation { proxyOption=NO_PROXY, proxyServerType=HTTP, username=, password=********, proxyServerAddress=, proxyServerPort=0, executionList=&quot;&quot;, isApplyToDesiredCapabilities=true }"/>
         <property name="platform" value="Windows 10"/>
      </properties>
      <testcase name="Test Cases/Katalon Demo/login katalon demo" time="15.288" classname="Test Cases/Katalon Demo/login katalon demo" status="PASSED">
         <system-out><![CDATA[29-01-2024T22:45:39 - [TEST_CASE][PASSED] - Test Cases/Katalon Demo/login katalon demo: Test Cases/Katalon Demo/login katalon demo

29-01-2024T22:45:40 - [TEST_STEP][PASSED] - openBrowser(""): Browser is opened with url: ''

29-01-2024T22:45:40 - [MESSAGE][INFO] - Starting 'Chrome' driver

29-01-2024T22:45:40 - [MESSAGE][INFO] - Action delay is set to 0 milliseconds

29-01-2024T22:45:42 - [MESSAGE][PASSED] - Browser is opened with url: ''

29-01-2024T22:45:42 - [TEST_STEP][PASSED] - navigateToUrl("https://katalon-demo-cura.herokuapp.com/"): Navigate to 'https://katalon-demo-cura.herokuapp.com/' successfully

29-01-2024T22:45:49 - [MESSAGE][PASSED] - Navigate to 'https://katalon-demo-cura.herokuapp.com/' successfully

29-01-2024T22:45:49 - [TEST_STEP][PASSED] - click(findTestObject("Object Repository/katalon demo/Page_CURA Healthcare Service/amenu-toggle")): Object: 'Object Repository/katalon demo/Page_CURA Healthcare Service/amenu-toggle' is clicked on

29-01-2024T22:45:50 - [MESSAGE][PASSED] - Object: 'Object Repository/katalon demo/Page_CURA Healthcare Service/amenu-toggle' is clicked on

29-01-2024T22:45:50 - [TEST_STEP][PASSED] - click(findTestObject("Object Repository/katalon demo/Page_CURA Healthcare Service/a_Login")): Object: 'Object Repository/katalon demo/Page_CURA Healthcare Service/a_Login' is clicked on

29-01-2024T22:45:51 - [MESSAGE][PASSED] - Object: 'Object Repository/katalon demo/Page_CURA Healthcare Service/a_Login' is clicked on

29-01-2024T22:45:51 - [TEST_STEP][PASSED] - setText(findTestObject("Object Repository/katalon demo/Page_CURA Healthcare Service/input_username"), "John Doe"): Text 'John Doe' is set on object 'Object Repository/katalon demo/Page_CURA Healthcare Service/input_username'

29-01-2024T22:45:52 - [MESSAGE][PASSED] - Text 'John Doe' is set on object 'Object Repository/katalon demo/Page_CURA Healthcare Service/input_username'

29-01-2024T22:45:52 - [TEST_STEP][PASSED] - setEncryptedText(findTestObject("Object Repository/katalon demo/Page_CURA Healthcare Service/input_password"), "g3/DOGG74jC3Flrr3yH+3D/yKbOqqUNM"): Text ****** has been set on object 'Object Repository/katalon demo/Page_CURA Healthcare Service/input_password'

29-01-2024T22:45:52 - [MESSAGE][PASSED] - Text ****** has been set on object 'Object Repository/katalon demo/Page_CURA Healthcare Service/input_password'

29-01-2024T22:45:52 - [TEST_STEP][PASSED] - takeScreenshotAsCheckpoint("login katalon demo", STOP_ON_FAILURE): Taking screenshot successfully

29-01-2024T22:45:53 - [MESSAGE][INFO] - 0 hidden object(s)

29-01-2024T22:45:53 - [MESSAGE][PASSED] - Taking screenshot successfully
[[ATTACHMENT|keyes\keyes-login katalon demo.png]]

29-01-2024T22:45:53 - [TEST_STEP][PASSED] - click(findTestObject("Object Repository/katalon demo/Page_CURA Healthcare Service/button_Login")): Object: 'Object Repository/katalon demo/Page_CURA Healthcare Service/button_Login' is clicked on

29-01-2024T22:45:55 - [MESSAGE][PASSED] - Object: 'Object Repository/katalon demo/Page_CURA Healthcare Service/button_Login' is clicked on]]></system-out>
         <system-err><![CDATA[]]></system-err>
      </testcase>
      <testcase name="Test Cases/Katalon Demo/make appointment katalon demo" time="6.35" classname="Test Cases/Katalon Demo/make appointment katalon demo" status="PASSED">
         <system-out><![CDATA[29-01-2024T22:45:55 - [TEST_CASE][PASSED] - Test Cases/Katalon Demo/make appointment katalon demo: Test Cases/Katalon Demo/make appointment katalon demo

29-01-2024T22:45:55 - [TEST_STEP][PASSED] - selectOptionByValue(findTestObject("Object Repository/katalon demo/Page_CURA Healthcare Service/select_Tokyo"), "Hongkong CURA Healthcare Center", true): All options with value 'Hongkong CURA Healthcare Center' are selected in object 'Object Repository/katalon demo/Page_CURA Healthcare Service/select_Tokyo'  using regular expression

29-01-2024T22:45:56 - [MESSAGE][PASSED] - All options with value 'Hongkong CURA Healthcare Center' are selected in object 'Object Repository/katalon demo/Page_CURA Healthcare Service/select_Tokyo'  using regular expression

29-01-2024T22:45:56 - [TEST_STEP][PASSED] - click(findTestObject("Object Repository/katalon demo/Page_CURA Healthcare Service/label_Apply for hospital readmission")): Object: 'Object Repository/katalon demo/Page_CURA Healthcare Service/label_Apply for hospital readmission' is clicked on

29-01-2024T22:45:57 - [MESSAGE][PASSED] - Object: 'Object Repository/katalon demo/Page_CURA Healthcare Service/label_Apply for hospital readmission' is clicked on

29-01-2024T22:45:57 - [TEST_STEP][PASSED] - click(findTestObject("Object Repository/katalon demo/Page_CURA Healthcare Service/input_programs")): Object: 'Object Repository/katalon demo/Page_CURA Healthcare Service/input_programs' is clicked on

29-01-2024T22:45:57 - [MESSAGE][PASSED] - Object: 'Object Repository/katalon demo/Page_CURA Healthcare Service/input_programs' is clicked on

29-01-2024T22:45:57 - [TEST_STEP][PASSED] - click(findTestObject("Object Repository/katalon demo/Page_CURA Healthcare Service/span_glyphicon glyphicon-calendar")): Object: 'Object Repository/katalon demo/Page_CURA Healthcare Service/span_glyphicon glyphicon-calendar' is clicked on

29-01-2024T22:45:57 - [MESSAGE][PASSED] - Object: 'Object Repository/katalon demo/Page_CURA Healthcare Service/span_glyphicon glyphicon-calendar' is clicked on

29-01-2024T22:45:57 - [TEST_STEP][PASSED] - click(findTestObject("Object Repository/katalon demo/Page_CURA Healthcare Service/td_31")): Object: 'Object Repository/katalon demo/Page_CURA Healthcare Service/td_31' is clicked on

29-01-2024T22:45:58 - [MESSAGE][PASSED] - Object: 'Object Repository/katalon demo/Page_CURA Healthcare Service/td_31' is clicked on

29-01-2024T22:45:58 - [TEST_STEP][PASSED] - setText(findTestObject("Object Repository/katalon demo/Page_CURA Healthcare Service/textarea_comment"), "tes katalon demo"): Text 'tes katalon demo' is set on object 'Object Repository/katalon demo/Page_CURA Healthcare Service/textarea_comment'

29-01-2024T22:45:59 - [MESSAGE][PASSED] - Text 'tes katalon demo' is set on object 'Object Repository/katalon demo/Page_CURA Healthcare Service/textarea_comment'

29-01-2024T22:45:59 - [TEST_STEP][PASSED] - click(findTestObject("Object Repository/katalon demo/Page_CURA Healthcare Service/button_Book Appointment")): Object: 'Object Repository/katalon demo/Page_CURA Healthcare Service/button_Book Appointment' is clicked on

29-01-2024T22:46:00 - [MESSAGE][PASSED] - Object: 'Object Repository/katalon demo/Page_CURA Healthcare Service/button_Book Appointment' is clicked on

29-01-2024T22:46:00 - [TEST_STEP][PASSED] - verifyTextPresent("Appointment Confirmation", false): Text 'Appointment Confirmation' is present on page 

29-01-2024T22:46:00 - [MESSAGE][PASSED] - Text 'Appointment Confirmation' is present on page 

29-01-2024T22:46:00 - [TEST_STEP][PASSED] - takeScreenshotAsCheckpoint("appointment katalon demo"): Taking screenshot successfully

29-01-2024T22:46:00 - [MESSAGE][INFO] - 0 hidden object(s)

29-01-2024T22:46:00 - [MESSAGE][PASSED] - Taking screenshot successfully
[[ATTACHMENT|keyes\keyes-appointment katalon demo.png]]

29-01-2024T22:46:00 - [TEST_STEP][PASSED] - click(findTestObject("Object Repository/katalon demo/Page_CURA Healthcare Service/a_Go to Homepage")): Object: 'Object Repository/katalon demo/Page_CURA Healthcare Service/a_Go to Homepage' is clicked on

29-01-2024T22:46:01 - [MESSAGE][PASSED] - Object: 'Object Repository/katalon demo/Page_CURA Healthcare Service/a_Go to Homepage' is clicked on]]></system-out>
         <system-err><![CDATA[]]></system-err>
      </testcase>
      <testcase name="Test Cases/Katalon Demo/make appointment katalon demo 1" time="5.928" classname="Test Cases/Katalon Demo/make appointment katalon demo 1" status="PASSED">
         <system-out><![CDATA[29-01-2024T22:46:01 - [TEST_CASE][PASSED] - Test Cases/Katalon Demo/make appointment katalon demo 1: Test Cases/Katalon Demo/make appointment katalon demo 1

29-01-2024T22:46:01 - [TEST_STEP][PASSED] - selectOptionByValue(findTestObject("Object Repository/katalon demo/Page_CURA Healthcare Service/select_Tokyo"), "Seoul CURA Healthcare Center", true): All options with value 'Seoul CURA Healthcare Center' are selected in object 'Object Repository/katalon demo/Page_CURA Healthcare Service/select_Tokyo'  using regular expression

29-01-2024T22:46:02 - [MESSAGE][PASSED] - All options with value 'Seoul CURA Healthcare Center' are selected in object 'Object Repository/katalon demo/Page_CURA Healthcare Service/select_Tokyo'  using regular expression

29-01-2024T22:46:02 - [TEST_STEP][PASSED] - click(findTestObject("Object Repository/katalon demo/Page_CURA Healthcare Service/input_hospital_readmission")): Object: 'Object Repository/katalon demo/Page_CURA Healthcare Service/input_hospital_readmission' is clicked on

29-01-2024T22:46:03 - [MESSAGE][PASSED] - Object: 'Object Repository/katalon demo/Page_CURA Healthcare Service/input_hospital_readmission' is clicked on

29-01-2024T22:46:03 - [TEST_STEP][PASSED] - click(findTestObject("Object Repository/katalon demo/Page_CURA Healthcare Service/input_programs")): Object: 'Object Repository/katalon demo/Page_CURA Healthcare Service/input_programs' is clicked on

29-01-2024T22:46:03 - [MESSAGE][PASSED] - Object: 'Object Repository/katalon demo/Page_CURA Healthcare Service/input_programs' is clicked on

29-01-2024T22:46:03 - [TEST_STEP][PASSED] - click(findTestObject("Object Repository/katalon demo/Page_CURA Healthcare Service/span_glyphicon glyphicon-calendar")): Object: 'Object Repository/katalon demo/Page_CURA Healthcare Service/span_glyphicon glyphicon-calendar' is clicked on

29-01-2024T22:46:03 - [MESSAGE][PASSED] - Object: 'Object Repository/katalon demo/Page_CURA Healthcare Service/span_glyphicon glyphicon-calendar' is clicked on

29-01-2024T22:46:03 - [TEST_STEP][PASSED] - click(findTestObject("Object Repository/katalon demo/Page_CURA Healthcare Service/td_30")): Object: 'Object Repository/katalon demo/Page_CURA Healthcare Service/td_30' is clicked on

29-01-2024T22:46:04 - [MESSAGE][PASSED] - Object: 'Object Repository/katalon demo/Page_CURA Healthcare Service/td_30' is clicked on

29-01-2024T22:46:04 - [TEST_STEP][PASSED] - setText(findTestObject("Object Repository/katalon demo/Page_CURA Healthcare Service/textarea_comment"), "tes katalon"): Text 'tes katalon' is set on object 'Object Repository/katalon demo/Page_CURA Healthcare Service/textarea_comment'

29-01-2024T22:46:05 - [MESSAGE][PASSED] - Text 'tes katalon' is set on object 'Object Repository/katalon demo/Page_CURA Healthcare Service/textarea_comment'

29-01-2024T22:46:05 - [TEST_STEP][PASSED] - click(findTestObject("Object Repository/katalon demo/Page_CURA Healthcare Service/button_Book Appointment")): Object: 'Object Repository/katalon demo/Page_CURA Healthcare Service/button_Book Appointment' is clicked on

29-01-2024T22:46:05 - [MESSAGE][PASSED] - Object: 'Object Repository/katalon demo/Page_CURA Healthcare Service/button_Book Appointment' is clicked on

29-01-2024T22:46:05 - [TEST_STEP][PASSED] - verifyTextPresent("Appointment Confirmation", false): Text 'Appointment Confirmation' is present on page 

29-01-2024T22:46:06 - [MESSAGE][PASSED] - Text 'Appointment Confirmation' is present on page 

29-01-2024T22:46:06 - [TEST_STEP][PASSED] - takeScreenshotAsCheckpoint("appointment 1 katalon demo"): Taking screenshot successfully

29-01-2024T22:46:06 - [MESSAGE][INFO] - 0 hidden object(s)

29-01-2024T22:46:06 - [MESSAGE][PASSED] - Taking screenshot successfully
[[ATTACHMENT|keyes\keyes-appointment 1 katalon demo.png]]

29-01-2024T22:46:06 - [TEST_STEP][PASSED] - click(findTestObject("Object Repository/katalon demo/Page_CURA Healthcare Service/a_Go to Homepage")): Object: 'Object Repository/katalon demo/Page_CURA Healthcare Service/a_Go to Homepage' is clicked on

29-01-2024T22:46:07 - [MESSAGE][PASSED] - Object: 'Object Repository/katalon demo/Page_CURA Healthcare Service/a_Go to Homepage' is clicked on]]></system-out>
         <system-err><![CDATA[]]></system-err>
      </testcase>
      <testcase name="Test Cases/Katalon Demo/make appointment katalon demo 2" time="5.239" classname="Test Cases/Katalon Demo/make appointment katalon demo 2" status="PASSED">
         <system-out><![CDATA[29-01-2024T22:46:07 - [TEST_CASE][PASSED] - Test Cases/Katalon Demo/make appointment katalon demo 2: Test Cases/Katalon Demo/make appointment katalon demo 2

29-01-2024T22:46:07 - [TEST_STEP][PASSED] - click(findTestObject("Object Repository/katalon demo/Page_CURA Healthcare Service/label_Apply for hospital readmission")): Object: 'Object Repository/katalon demo/Page_CURA Healthcare Service/label_Apply for hospital readmission' is clicked on

29-01-2024T22:46:07 - [MESSAGE][PASSED] - Object: 'Object Repository/katalon demo/Page_CURA Healthcare Service/label_Apply for hospital readmission' is clicked on

29-01-2024T22:46:07 - [TEST_STEP][PASSED] - click(findTestObject("Object Repository/katalon demo/Page_CURA Healthcare Service/input_programs")): Object: 'Object Repository/katalon demo/Page_CURA Healthcare Service/input_programs' is clicked on

29-01-2024T22:46:08 - [MESSAGE][PASSED] - Object: 'Object Repository/katalon demo/Page_CURA Healthcare Service/input_programs' is clicked on

29-01-2024T22:46:08 - [TEST_STEP][PASSED] - click(findTestObject("Object Repository/katalon demo/Page_CURA Healthcare Service/input_visit_date")): Object: 'Object Repository/katalon demo/Page_CURA Healthcare Service/input_visit_date' is clicked on

29-01-2024T22:46:08 - [MESSAGE][PASSED] - Object: 'Object Repository/katalon demo/Page_CURA Healthcare Service/input_visit_date' is clicked on

29-01-2024T22:46:08 - [TEST_STEP][PASSED] - click(findTestObject("Object Repository/katalon demo/Page_CURA Healthcare Service/th_")): Object: 'Object Repository/katalon demo/Page_CURA Healthcare Service/th_' is clicked on

29-01-2024T22:46:09 - [MESSAGE][PASSED] - Object: 'Object Repository/katalon demo/Page_CURA Healthcare Service/th_' is clicked on

29-01-2024T22:46:09 - [TEST_STEP][PASSED] - click(findTestObject("Object Repository/katalon demo/Page_CURA Healthcare Service/td_28")): Object: 'Object Repository/katalon demo/Page_CURA Healthcare Service/td_28' is clicked on

29-01-2024T22:46:09 - [MESSAGE][PASSED] - Object: 'Object Repository/katalon demo/Page_CURA Healthcare Service/td_28' is clicked on

29-01-2024T22:46:09 - [TEST_STEP][PASSED] - setText(findTestObject("Object Repository/katalon demo/Page_CURA Healthcare Service/textarea_comment"), "tes katalon"): Text 'tes katalon' is set on object 'Object Repository/katalon demo/Page_CURA Healthcare Service/textarea_comment'

29-01-2024T22:46:10 - [MESSAGE][PASSED] - Text 'tes katalon' is set on object 'Object Repository/katalon demo/Page_CURA Healthcare Service/textarea_comment'

29-01-2024T22:46:10 - [TEST_STEP][PASSED] - click(findTestObject("Object Repository/katalon demo/Page_CURA Healthcare Service/button_Book Appointment")): Object: 'Object Repository/katalon demo/Page_CURA Healthcare Service/button_Book Appointment' is clicked on

29-01-2024T22:46:11 - [MESSAGE][PASSED] - Object: 'Object Repository/katalon demo/Page_CURA Healthcare Service/button_Book Appointment' is clicked on

29-01-2024T22:46:11 - [TEST_STEP][PASSED] - verifyTextPresent("Appointment Confirmation", false): Text 'Appointment Confirmation' is present on page 

29-01-2024T22:46:11 - [MESSAGE][PASSED] - Text 'Appointment Confirmation' is present on page 

29-01-2024T22:46:11 - [TEST_STEP][PASSED] - takeScreenshotAsCheckpoint("appointment 2 katalon demo"): Taking screenshot successfully

29-01-2024T22:46:11 - [MESSAGE][INFO] - 0 hidden object(s)

29-01-2024T22:46:12 - [MESSAGE][PASSED] - Taking screenshot successfully
[[ATTACHMENT|keyes\keyes-appointment 2 katalon demo.png]]

29-01-2024T22:46:12 - [TEST_STEP][PASSED] - click(findTestObject("Object Repository/katalon demo/Page_CURA Healthcare Service/a_Go to Homepage")): Object: 'Object Repository/katalon demo/Page_CURA Healthcare Service/a_Go to Homepage' is clicked on

29-01-2024T22:46:12 - [MESSAGE][PASSED] - Object: 'Object Repository/katalon demo/Page_CURA Healthcare Service/a_Go to Homepage' is clicked on]]></system-out>
         <system-err><![CDATA[]]></system-err>
      </testcase>
      <testcase name="Test Cases/Katalon Demo/history katalon demo" time="66.022" classname="Test Cases/Katalon Demo/history katalon demo" status="PASSED">
         <system-out><![CDATA[29-01-2024T22:46:12 - [TEST_CASE][PASSED] - Test Cases/Katalon Demo/history katalon demo: Test Cases/Katalon Demo/history katalon demo

29-01-2024T22:46:12 - [TEST_STEP][PASSED] - click(findTestObject("Object Repository/katalon demo/Page_CURA Healthcare Service/amenu-toggle")): Object: 'Object Repository/katalon demo/Page_CURA Healthcare Service/amenu-toggle' is clicked on

29-01-2024T22:46:13 - [MESSAGE][PASSED] - Object: 'Object Repository/katalon demo/Page_CURA Healthcare Service/amenu-toggle' is clicked on

29-01-2024T22:46:13 - [TEST_STEP][PASSED] - click(findTestObject("Object Repository/katalon demo/Page_CURA Healthcare Service/a_History")): Object: 'Object Repository/katalon demo/Page_CURA Healthcare Service/a_History' is clicked on

29-01-2024T22:46:13 - [MESSAGE][PASSED] - Object: 'Object Repository/katalon demo/Page_CURA Healthcare Service/a_History' is clicked on

29-01-2024T22:46:13 - [TEST_STEP][PASSED] - takeScreenshotAsCheckpoint("history katalon demo"): Taking screenshot successfully

29-01-2024T22:46:14 - [MESSAGE][INFO] - 0 hidden object(s)

29-01-2024T22:46:14 - [MESSAGE][PASSED] - Taking screenshot successfully
[[ATTACHMENT|keyes\keyes-history katalon demo.png]]

29-01-2024T22:46:14 - [TEST_STEP][PASSED] - scrollToElement(findTestObject("katalon demo/Page_CURA Healthcare Service/a_Go to Homepage"), 3): Scroll to object 'Object Repository/katalon demo/Page_CURA Healthcare Service/a_Go to Homepage' successfully

29-01-2024T22:46:45 - [MESSAGE][INFO] - Unable to find the element located by 'By.xpath: //section[@id='summary']/div/div/div[7]/p/a'. Please recheck the objects properties to make sure the desired element is located. 

29-01-2024T22:46:45 - [MESSAGE][WARNING] - [SELF-HEALING] Failed to find element with id 'Object Repository/katalon demo/Page_CURA Healthcare Service/a_Go to Homepage'. Try using Self-healing.

29-01-2024T22:46:46 - [MESSAGE][WARNING] - [SELF-HEALING] The current locator of test object 'Object Repository/katalon demo/Page_CURA Healthcare Service/a_Go to Homepage' was broken. Propose an alternative one: '//a[contains(text(),'Go to Homepage')]'.

29-01-2024T22:46:46 - [MESSAGE][PASSED] - Scroll to object 'Object Repository/katalon demo/Page_CURA Healthcare Service/a_Go to Homepage' successfully

29-01-2024T22:46:46 - [TEST_STEP][PASSED] - click(findTestObject("Object Repository/katalon demo/Page_CURA Healthcare Service/a_Go to Homepage")): Object: 'Object Repository/katalon demo/Page_CURA Healthcare Service/a_Go to Homepage' is clicked on

29-01-2024T22:47:17 - [MESSAGE][INFO] - Unable to find the element located by 'By.xpath: //section[@id='summary']/div/div/div[7]/p/a'. Please recheck the objects properties to make sure the desired element is located. 

29-01-2024T22:47:17 - [MESSAGE][WARNING] - [SELF-HEALING] Failed to find element with id 'Object Repository/katalon demo/Page_CURA Healthcare Service/a_Go to Homepage'. Try using Self-healing.

29-01-2024T22:47:17 - [MESSAGE][WARNING] - [SELF-HEALING] The current locator of test object 'Object Repository/katalon demo/Page_CURA Healthcare Service/a_Go to Homepage' was broken. Propose an alternative one: '//a[contains(text(),'Go to Homepage')]'.

29-01-2024T22:47:18 - [MESSAGE][PASSED] - Object: 'Object Repository/katalon demo/Page_CURA Healthcare Service/a_Go to Homepage' is clicked on]]></system-out>
         <system-err><![CDATA[]]></system-err>
      </testcase>
      <testcase name="Test Cases/Katalon Demo/profile katalon demo" time="9.338" classname="Test Cases/Katalon Demo/profile katalon demo" status="PASSED">
         <system-out><![CDATA[29-01-2024T22:47:18 - [TEST_CASE][PASSED] - Test Cases/Katalon Demo/profile katalon demo: Test Cases/Katalon Demo/profile katalon demo

29-01-2024T22:47:18 - [TEST_STEP][PASSED] - click(findTestObject("Object Repository/katalon demo/Page_CURA Healthcare Service/i_fa fa-bars")): Object: 'Object Repository/katalon demo/Page_CURA Healthcare Service/i_fa fa-bars' is clicked on

29-01-2024T22:47:19 - [MESSAGE][PASSED] - Object: 'Object Repository/katalon demo/Page_CURA Healthcare Service/i_fa fa-bars' is clicked on

29-01-2024T22:47:19 - [TEST_STEP][PASSED] - click(findTestObject("Object Repository/katalon demo/Page_CURA Healthcare Service/a_Profile")): Object: 'Object Repository/katalon demo/Page_CURA Healthcare Service/a_Profile' is clicked on

29-01-2024T22:47:22 - [MESSAGE][PASSED] - Object: 'Object Repository/katalon demo/Page_CURA Healthcare Service/a_Profile' is clicked on

29-01-2024T22:47:22 - [TEST_STEP][PASSED] - takeScreenshotAsCheckpoint("profile katalon demo"): Taking screenshot successfully

29-01-2024T22:47:23 - [MESSAGE][INFO] - 0 hidden object(s)

29-01-2024T22:47:23 - [MESSAGE][PASSED] - Taking screenshot successfully
[[ATTACHMENT|keyes\keyes-profile katalon demo.png]]

29-01-2024T22:47:23 - [TEST_STEP][PASSED] - click(findTestObject("Object Repository/katalon demo/Page_CURA Healthcare Service/i_fa fa-bars")): Object: 'Object Repository/katalon demo/Page_CURA Healthcare Service/i_fa fa-bars' is clicked on

29-01-2024T22:47:23 - [MESSAGE][PASSED] - Object: 'Object Repository/katalon demo/Page_CURA Healthcare Service/i_fa fa-bars' is clicked on

29-01-2024T22:47:23 - [TEST_STEP][PASSED] - click(findTestObject("Object Repository/katalon demo/Page_CURA Healthcare Service/a_Home")): Object: 'Object Repository/katalon demo/Page_CURA Healthcare Service/a_Home' is clicked on

29-01-2024T22:47:28 - [MESSAGE][PASSED] - Object: 'Object Repository/katalon demo/Page_CURA Healthcare Service/a_Home' is clicked on]]></system-out>
         <system-err><![CDATA[]]></system-err>
      </testcase>
      <testcase name="Test Cases/Katalon Demo/logout katalon demo" time="2.665" classname="Test Cases/Katalon Demo/logout katalon demo" status="PASSED">
         <system-out><![CDATA[29-01-2024T22:47:28 - [TEST_CASE][PASSED] - Test Cases/Katalon Demo/logout katalon demo: Test Cases/Katalon Demo/logout katalon demo

29-01-2024T22:47:28 - [TEST_STEP][PASSED] - click(findTestObject("Object Repository/katalon demo/Page_CURA Healthcare Service/i_fa fa-bars")): Object: 'Object Repository/katalon demo/Page_CURA Healthcare Service/i_fa fa-bars' is clicked on

29-01-2024T22:47:28 - [MESSAGE][PASSED] - Object: 'Object Repository/katalon demo/Page_CURA Healthcare Service/i_fa fa-bars' is clicked on

29-01-2024T22:47:28 - [TEST_STEP][PASSED] - takeScreenshotAsCheckpoint("logout katalon demo"): Taking screenshot successfully

29-01-2024T22:47:29 - [MESSAGE][INFO] - 0 hidden object(s)

29-01-2024T22:47:29 - [MESSAGE][PASSED] - Taking screenshot successfully
[[ATTACHMENT|keyes\keyes-logout katalon demo.png]]

29-01-2024T22:47:29 - [TEST_STEP][PASSED] - click(findTestObject("Object Repository/katalon demo/Page_CURA Healthcare Service/a_Logout")): Object: 'Object Repository/katalon demo/Page_CURA Healthcare Service/a_Logout' is clicked on

29-01-2024T22:47:30 - [MESSAGE][PASSED] - Object: 'Object Repository/katalon demo/Page_CURA Healthcare Service/a_Logout' is clicked on

29-01-2024T22:47:30 - [TEST_STEP][PASSED] - closeBrowser(): Browser is closed

29-01-2024T22:47:30 - [MESSAGE][PASSED] - Browser is closed]]></system-out>
         <system-err><![CDATA[]]></system-err>
      </testcase>
      <testcase name="Test Cases/Katalon Demo/negatif login katalon demo" time="22.856" classname="Test Cases/Katalon Demo/negatif login katalon demo" status="PASSED">
         <system-out><![CDATA[29-01-2024T22:47:30 - [TEST_CASE][PASSED] - Test Cases/Katalon Demo/negatif login katalon demo: Test Cases/Katalon Demo/negatif login katalon demo

29-01-2024T22:47:30 - [TEST_STEP][PASSED] - openBrowser(""): Browser is opened with url: ''

29-01-2024T22:47:30 - [MESSAGE][INFO] - Starting 'Chrome' driver

29-01-2024T22:47:30 - [MESSAGE][INFO] - Action delay is set to 0 milliseconds

29-01-2024T22:47:31 - [MESSAGE][PASSED] - Browser is opened with url: ''

29-01-2024T22:47:31 - [TEST_STEP][PASSED] - navigateToUrl("https://katalon-demo-cura.herokuapp.com/"): Navigate to 'https://katalon-demo-cura.herokuapp.com/' successfully

29-01-2024T22:47:44 - [MESSAGE][PASSED] - Navigate to 'https://katalon-demo-cura.herokuapp.com/' successfully

29-01-2024T22:47:44 - [TEST_STEP][PASSED] - click(findTestObject("Object Repository/katalon demo/Page_CURA Healthcare Service/amenu-toggle")): Object: 'Object Repository/katalon demo/Page_CURA Healthcare Service/amenu-toggle' is clicked on

29-01-2024T22:47:44 - [MESSAGE][PASSED] - Object: 'Object Repository/katalon demo/Page_CURA Healthcare Service/amenu-toggle' is clicked on

29-01-2024T22:47:44 - [TEST_STEP][PASSED] - click(findTestObject("Object Repository/katalon demo/Page_CURA Healthcare Service/a_Login")): Object: 'Object Repository/katalon demo/Page_CURA Healthcare Service/a_Login' is clicked on

29-01-2024T22:47:45 - [MESSAGE][PASSED] - Object: 'Object Repository/katalon demo/Page_CURA Healthcare Service/a_Login' is clicked on

29-01-2024T22:47:45 - [TEST_STEP][PASSED] - setText(findTestObject("Object Repository/katalon demo/Page_CURA Healthcare Service/input_username"), username1): Text 'aaaaa' is set on object 'Object Repository/katalon demo/Page_CURA Healthcare Service/input_username'

29-01-2024T22:47:46 - [MESSAGE][PASSED] - Text 'aaaaa' is set on object 'Object Repository/katalon demo/Page_CURA Healthcare Service/input_username'

29-01-2024T22:47:46 - [TEST_STEP][PASSED] - setText(findTestObject("Object Repository/katalon demo/Page_CURA Healthcare Service/input_password"), password1): Text 'aaaaaaaa' is set on object 'Object Repository/katalon demo/Page_CURA Healthcare Service/input_password'

29-01-2024T22:47:47 - [MESSAGE][PASSED] - Text 'aaaaaaaa' is set on object 'Object Repository/katalon demo/Page_CURA Healthcare Service/input_password'

29-01-2024T22:47:47 - [TEST_STEP][PASSED] - click(findTestObject("katalon demo/Page_CURA Healthcare Service/button_Login")): Object: 'Object Repository/katalon demo/Page_CURA Healthcare Service/button_Login' is clicked on

29-01-2024T22:47:48 - [MESSAGE][PASSED] - Object: 'Object Repository/katalon demo/Page_CURA Healthcare Service/button_Login' is clicked on

29-01-2024T22:47:48 - [TEST_STEP][PASSED] - verifyTextPresent("Login failed!", false): Text 'Login failed!' is present on page 

29-01-2024T22:47:48 - [MESSAGE][PASSED] - Text 'Login failed!' is present on page 

29-01-2024T22:47:48 - [TEST_STEP][PASSED] - takeScreenshotAsCheckpoint("negatif 1 login katalon demo"): Taking screenshot successfully

29-01-2024T22:47:49 - [MESSAGE][INFO] - 0 hidden object(s)

29-01-2024T22:47:49 - [MESSAGE][PASSED] - Taking screenshot successfully
[[ATTACHMENT|keyes\keyes-negatif 1 login katalon demo.png]]

29-01-2024T22:47:49 - [TEST_STEP][PASSED] - click(findTestObject("Object Repository/katalon demo/Page_CURA Healthcare Service/button_Login")): Object: 'Object Repository/katalon demo/Page_CURA Healthcare Service/button_Login' is clicked on

29-01-2024T22:47:50 - [MESSAGE][PASSED] - Object: 'Object Repository/katalon demo/Page_CURA Healthcare Service/button_Login' is clicked on

29-01-2024T22:47:50 - [TEST_STEP][PASSED] - setText(findTestObject("katalon demo/Page_CURA Healthcare Service/input_username"), username2): Text 'bbbbb' is set on object 'Object Repository/katalon demo/Page_CURA Healthcare Service/input_username'

29-01-2024T22:47:50 - [MESSAGE][PASSED] - Text 'bbbbb' is set on object 'Object Repository/katalon demo/Page_CURA Healthcare Service/input_username'

29-01-2024T22:47:50 - [TEST_STEP][PASSED] - setText(findTestObject("katalon demo/Page_CURA Healthcare Service/input_password"), password2): Text 'bbbbbbbb' is set on object 'Object Repository/katalon demo/Page_CURA Healthcare Service/input_password'

29-01-2024T22:47:51 - [MESSAGE][PASSED] - Text 'bbbbbbbb' is set on object 'Object Repository/katalon demo/Page_CURA Healthcare Service/input_password'

29-01-2024T22:47:51 - [TEST_STEP][PASSED] - click(findTestObject("katalon demo/Page_CURA Healthcare Service/button_Login")): Object: 'Object Repository/katalon demo/Page_CURA Healthcare Service/button_Login' is clicked on

29-01-2024T22:47:52 - [MESSAGE][PASSED] - Object: 'Object Repository/katalon demo/Page_CURA Healthcare Service/button_Login' is clicked on

29-01-2024T22:47:52 - [TEST_STEP][PASSED] - verifyTextPresent("Login failed!", false): Text 'Login failed!' is present on page 

29-01-2024T22:47:53 - [MESSAGE][PASSED] - Text 'Login failed!' is present on page 

29-01-2024T22:47:53 - [TEST_STEP][PASSED] - takeScreenshotAsCheckpoint("negatif 2 login katalon demo"): Taking screenshot successfully

29-01-2024T22:47:53 - [MESSAGE][INFO] - 0 hidden object(s)

29-01-2024T22:47:53 - [MESSAGE][PASSED] - Taking screenshot successfully
[[ATTACHMENT|keyes\keyes-negatif 2 login katalon demo.png]]]]></system-out>
         <system-err><![CDATA[]]></system-err>
      </testcase>
      <system-out><![CDATA[29-01-2024T22:45:39 - [TEST_SUITE][PASSED] - katalon demo: Test Cases/Katalon Demo/negatif login katalon demo]]></system-out>
      <system-err><![CDATA[]]></system-err>
   </testsuite>
   <testsuite name="katalon demo" tests="8" failures="0" errors="0" time="122.149" skipped="0" timestamp="29-01-2024T22:48:00" hostname="0517 - Pierrot" id="Test Suites/katalon demo">
      <properties>
         <property name="deviceName" value=""/>
         <property name="devicePlatform" value=""/>
         <property name="logFolder" value="C:\\Users\\0517\\Katalon Studio\\poc bni\\Reports\\20240129_222034\\katalon demo\\20240129_222138"/>
         <property name="logFiles" value="C:\\Users\\0517\\Katalon Studio\\poc bni\\Reports\\20240129_222034\\katalon demo\\20240129_222138\\execution0.log"/>
         <property name="attachments" value="keyes\keyes-login katalon demo.png, keyes\keyes-appointment katalon demo.png, keyes\keyes-appointment 1 katalon demo.png, keyes\keyes-appointment 2 katalon demo.png, keyes\keyes-history katalon demo.png, keyes\keyes-profile katalon demo.png, keyes\keyes-logout katalon demo.png, keyes\keyes-negatif 1 login katalon demo.png, keyes\keyes-negatif 2 login katalon demo.png"/>
         <property name="hostName" value="0517 - Pierrot"/>
         <property name="os" value="Windows 10 64bit"/>
         <property name="katalonVersion" value="9.2.0.212"/>
         <property name="browser" value="Chrome 121.0.0.0"/>
         <property name="hostAddress" value="192.168.96.2"/>
         <property name="sessionId" value="6182c9b28ae35ab04ddc9653b1df6d7a"/>
         <property name="seleniumVersion" value="3.141.59"/>
         <property name="proxyInformation" value="ProxyInformation { proxyOption=NO_PROXY, proxyServerType=HTTP, username=, password=********, proxyServerAddress=, proxyServerPort=0, executionList=&quot;&quot;, isApplyToDesiredCapabilities=true }"/>
         <property name="platform" value="Windows 10"/>
      </properties>
      <testcase name="Test Cases/Katalon Demo/login katalon demo" time="14.17" classname="Test Cases/Katalon Demo/login katalon demo" status="PASSED">
         <system-out><![CDATA[29-01-2024T22:48:01 - [TEST_CASE][PASSED] - Test Cases/Katalon Demo/login katalon demo: Test Cases/Katalon Demo/login katalon demo

29-01-2024T22:48:01 - [TEST_STEP][PASSED] - openBrowser(""): Browser is opened with url: ''

29-01-2024T22:48:02 - [MESSAGE][INFO] - Starting 'Chrome' driver

29-01-2024T22:48:02 - [MESSAGE][INFO] - Action delay is set to 0 milliseconds

29-01-2024T22:48:03 - [MESSAGE][PASSED] - Browser is opened with url: ''

29-01-2024T22:48:04 - [TEST_STEP][PASSED] - navigateToUrl("https://katalon-demo-cura.herokuapp.com/"): Navigate to 'https://katalon-demo-cura.herokuapp.com/' successfully

29-01-2024T22:48:10 - [MESSAGE][PASSED] - Navigate to 'https://katalon-demo-cura.herokuapp.com/' successfully

29-01-2024T22:48:10 - [TEST_STEP][PASSED] - click(findTestObject("Object Repository/katalon demo/Page_CURA Healthcare Service/amenu-toggle")): Object: 'Object Repository/katalon demo/Page_CURA Healthcare Service/amenu-toggle' is clicked on

29-01-2024T22:48:11 - [MESSAGE][PASSED] - Object: 'Object Repository/katalon demo/Page_CURA Healthcare Service/amenu-toggle' is clicked on

29-01-2024T22:48:11 - [TEST_STEP][PASSED] - click(findTestObject("Object Repository/katalon demo/Page_CURA Healthcare Service/a_Login")): Object: 'Object Repository/katalon demo/Page_CURA Healthcare Service/a_Login' is clicked on

29-01-2024T22:48:12 - [MESSAGE][PASSED] - Object: 'Object Repository/katalon demo/Page_CURA Healthcare Service/a_Login' is clicked on

29-01-2024T22:48:12 - [TEST_STEP][PASSED] - setText(findTestObject("Object Repository/katalon demo/Page_CURA Healthcare Service/input_username"), "John Doe"): Text 'John Doe' is set on object 'Object Repository/katalon demo/Page_CURA Healthcare Service/input_username'

29-01-2024T22:48:13 - [MESSAGE][PASSED] - Text 'John Doe' is set on object 'Object Repository/katalon demo/Page_CURA Healthcare Service/input_username'

29-01-2024T22:48:13 - [TEST_STEP][PASSED] - setEncryptedText(findTestObject("Object Repository/katalon demo/Page_CURA Healthcare Service/input_password"), "g3/DOGG74jC3Flrr3yH+3D/yKbOqqUNM"): Text ****** has been set on object 'Object Repository/katalon demo/Page_CURA Healthcare Service/input_password'

29-01-2024T22:48:13 - [MESSAGE][PASSED] - Text ****** has been set on object 'Object Repository/katalon demo/Page_CURA Healthcare Service/input_password'

29-01-2024T22:48:13 - [TEST_STEP][PASSED] - takeScreenshotAsCheckpoint("login katalon demo", STOP_ON_FAILURE): Taking screenshot successfully

29-01-2024T22:48:14 - [MESSAGE][INFO] - 0 hidden object(s)

29-01-2024T22:48:14 - [MESSAGE][PASSED] - Taking screenshot successfully
[[ATTACHMENT|keyes\keyes-login katalon demo.png]]

29-01-2024T22:48:14 - [TEST_STEP][PASSED] - click(findTestObject("Object Repository/katalon demo/Page_CURA Healthcare Service/button_Login")): Object: 'Object Repository/katalon demo/Page_CURA Healthcare Service/button_Login' is clicked on

29-01-2024T22:48:15 - [MESSAGE][PASSED] - Object: 'Object Repository/katalon demo/Page_CURA Healthcare Service/button_Login' is clicked on]]></system-out>
         <system-err><![CDATA[]]></system-err>
      </testcase>
      <testcase name="Test Cases/Katalon Demo/make appointment katalon demo" time="6.133" classname="Test Cases/Katalon Demo/make appointment katalon demo" status="PASSED">
         <system-out><![CDATA[29-01-2024T22:48:15 - [TEST_CASE][PASSED] - Test Cases/Katalon Demo/make appointment katalon demo: Test Cases/Katalon Demo/make appointment katalon demo

29-01-2024T22:48:15 - [TEST_STEP][PASSED] - selectOptionByValue(findTestObject("Object Repository/katalon demo/Page_CURA Healthcare Service/select_Tokyo"), "Hongkong CURA Healthcare Center", true): All options with value 'Hongkong CURA Healthcare Center' are selected in object 'Object Repository/katalon demo/Page_CURA Healthcare Service/select_Tokyo'  using regular expression

29-01-2024T22:48:16 - [MESSAGE][PASSED] - All options with value 'Hongkong CURA Healthcare Center' are selected in object 'Object Repository/katalon demo/Page_CURA Healthcare Service/select_Tokyo'  using regular expression

29-01-2024T22:48:16 - [TEST_STEP][PASSED] - click(findTestObject("Object Repository/katalon demo/Page_CURA Healthcare Service/label_Apply for hospital readmission")): Object: 'Object Repository/katalon demo/Page_CURA Healthcare Service/label_Apply for hospital readmission' is clicked on

29-01-2024T22:48:17 - [MESSAGE][PASSED] - Object: 'Object Repository/katalon demo/Page_CURA Healthcare Service/label_Apply for hospital readmission' is clicked on

29-01-2024T22:48:17 - [TEST_STEP][PASSED] - click(findTestObject("Object Repository/katalon demo/Page_CURA Healthcare Service/input_programs")): Object: 'Object Repository/katalon demo/Page_CURA Healthcare Service/input_programs' is clicked on

29-01-2024T22:48:17 - [MESSAGE][PASSED] - Object: 'Object Repository/katalon demo/Page_CURA Healthcare Service/input_programs' is clicked on

29-01-2024T22:48:17 - [TEST_STEP][PASSED] - click(findTestObject("Object Repository/katalon demo/Page_CURA Healthcare Service/span_glyphicon glyphicon-calendar")): Object: 'Object Repository/katalon demo/Page_CURA Healthcare Service/span_glyphicon glyphicon-calendar' is clicked on

29-01-2024T22:48:17 - [MESSAGE][PASSED] - Object: 'Object Repository/katalon demo/Page_CURA Healthcare Service/span_glyphicon glyphicon-calendar' is clicked on

29-01-2024T22:48:17 - [TEST_STEP][PASSED] - click(findTestObject("Object Repository/katalon demo/Page_CURA Healthcare Service/td_31")): Object: 'Object Repository/katalon demo/Page_CURA Healthcare Service/td_31' is clicked on

29-01-2024T22:48:18 - [MESSAGE][PASSED] - Object: 'Object Repository/katalon demo/Page_CURA Healthcare Service/td_31' is clicked on

29-01-2024T22:48:18 - [TEST_STEP][PASSED] - setText(findTestObject("Object Repository/katalon demo/Page_CURA Healthcare Service/textarea_comment"), "tes katalon demo"): Text 'tes katalon demo' is set on object 'Object Repository/katalon demo/Page_CURA Healthcare Service/textarea_comment'

29-01-2024T22:48:19 - [MESSAGE][PASSED] - Text 'tes katalon demo' is set on object 'Object Repository/katalon demo/Page_CURA Healthcare Service/textarea_comment'

29-01-2024T22:48:19 - [TEST_STEP][PASSED] - click(findTestObject("Object Repository/katalon demo/Page_CURA Healthcare Service/button_Book Appointment")): Object: 'Object Repository/katalon demo/Page_CURA Healthcare Service/button_Book Appointment' is clicked on

29-01-2024T22:48:19 - [MESSAGE][PASSED] - Object: 'Object Repository/katalon demo/Page_CURA Healthcare Service/button_Book Appointment' is clicked on

29-01-2024T22:48:19 - [TEST_STEP][PASSED] - verifyTextPresent("Appointment Confirmation", false): Text 'Appointment Confirmation' is present on page 

29-01-2024T22:48:20 - [MESSAGE][PASSED] - Text 'Appointment Confirmation' is present on page 

29-01-2024T22:48:20 - [TEST_STEP][PASSED] - takeScreenshotAsCheckpoint("appointment katalon demo"): Taking screenshot successfully

29-01-2024T22:48:20 - [MESSAGE][INFO] - 0 hidden object(s)

29-01-2024T22:48:20 - [MESSAGE][PASSED] - Taking screenshot successfully
[[ATTACHMENT|keyes\keyes-appointment katalon demo.png]]

29-01-2024T22:48:20 - [TEST_STEP][PASSED] - click(findTestObject("Object Repository/katalon demo/Page_CURA Healthcare Service/a_Go to Homepage")): Object: 'Object Repository/katalon demo/Page_CURA Healthcare Service/a_Go to Homepage' is clicked on

29-01-2024T22:48:21 - [MESSAGE][PASSED] - Object: 'Object Repository/katalon demo/Page_CURA Healthcare Service/a_Go to Homepage' is clicked on]]></system-out>
         <system-err><![CDATA[]]></system-err>
      </testcase>
      <testcase name="Test Cases/Katalon Demo/make appointment katalon demo 1" time="5.789" classname="Test Cases/Katalon Demo/make appointment katalon demo 1" status="PASSED">
         <system-out><![CDATA[29-01-2024T22:48:21 - [TEST_CASE][PASSED] - Test Cases/Katalon Demo/make appointment katalon demo 1: Test Cases/Katalon Demo/make appointment katalon demo 1

29-01-2024T22:48:21 - [TEST_STEP][PASSED] - selectOptionByValue(findTestObject("Object Repository/katalon demo/Page_CURA Healthcare Service/select_Tokyo"), "Seoul CURA Healthcare Center", true): All options with value 'Seoul CURA Healthcare Center' are selected in object 'Object Repository/katalon demo/Page_CURA Healthcare Service/select_Tokyo'  using regular expression

29-01-2024T22:48:22 - [MESSAGE][PASSED] - All options with value 'Seoul CURA Healthcare Center' are selected in object 'Object Repository/katalon demo/Page_CURA Healthcare Service/select_Tokyo'  using regular expression

29-01-2024T22:48:22 - [TEST_STEP][PASSED] - click(findTestObject("Object Repository/katalon demo/Page_CURA Healthcare Service/input_hospital_readmission")): Object: 'Object Repository/katalon demo/Page_CURA Healthcare Service/input_hospital_readmission' is clicked on

29-01-2024T22:48:23 - [MESSAGE][PASSED] - Object: 'Object Repository/katalon demo/Page_CURA Healthcare Service/input_hospital_readmission' is clicked on

29-01-2024T22:48:23 - [TEST_STEP][PASSED] - click(findTestObject("Object Repository/katalon demo/Page_CURA Healthcare Service/input_programs")): Object: 'Object Repository/katalon demo/Page_CURA Healthcare Service/input_programs' is clicked on

29-01-2024T22:48:23 - [MESSAGE][PASSED] - Object: 'Object Repository/katalon demo/Page_CURA Healthcare Service/input_programs' is clicked on

29-01-2024T22:48:23 - [TEST_STEP][PASSED] - click(findTestObject("Object Repository/katalon demo/Page_CURA Healthcare Service/span_glyphicon glyphicon-calendar")): Object: 'Object Repository/katalon demo/Page_CURA Healthcare Service/span_glyphicon glyphicon-calendar' is clicked on

29-01-2024T22:48:23 - [MESSAGE][PASSED] - Object: 'Object Repository/katalon demo/Page_CURA Healthcare Service/span_glyphicon glyphicon-calendar' is clicked on

29-01-2024T22:48:23 - [TEST_STEP][PASSED] - click(findTestObject("Object Repository/katalon demo/Page_CURA Healthcare Service/td_30")): Object: 'Object Repository/katalon demo/Page_CURA Healthcare Service/td_30' is clicked on

29-01-2024T22:48:24 - [MESSAGE][PASSED] - Object: 'Object Repository/katalon demo/Page_CURA Healthcare Service/td_30' is clicked on

29-01-2024T22:48:24 - [TEST_STEP][PASSED] - setText(findTestObject("Object Repository/katalon demo/Page_CURA Healthcare Service/textarea_comment"), "tes katalon"): Text 'tes katalon' is set on object 'Object Repository/katalon demo/Page_CURA Healthcare Service/textarea_comment'

29-01-2024T22:48:25 - [MESSAGE][PASSED] - Text 'tes katalon' is set on object 'Object Repository/katalon demo/Page_CURA Healthcare Service/textarea_comment'

29-01-2024T22:48:25 - [TEST_STEP][PASSED] - click(findTestObject("Object Repository/katalon demo/Page_CURA Healthcare Service/button_Book Appointment")): Object: 'Object Repository/katalon demo/Page_CURA Healthcare Service/button_Book Appointment' is clicked on

29-01-2024T22:48:25 - [MESSAGE][PASSED] - Object: 'Object Repository/katalon demo/Page_CURA Healthcare Service/button_Book Appointment' is clicked on

29-01-2024T22:48:25 - [TEST_STEP][PASSED] - verifyTextPresent("Appointment Confirmation", false): Text 'Appointment Confirmation' is present on page 

29-01-2024T22:48:26 - [MESSAGE][PASSED] - Text 'Appointment Confirmation' is present on page 

29-01-2024T22:48:26 - [TEST_STEP][PASSED] - takeScreenshotAsCheckpoint("appointment 1 katalon demo"): Taking screenshot successfully

29-01-2024T22:48:26 - [MESSAGE][INFO] - 0 hidden object(s)

29-01-2024T22:48:26 - [MESSAGE][PASSED] - Taking screenshot successfully
[[ATTACHMENT|keyes\keyes-appointment 1 katalon demo.png]]

29-01-2024T22:48:26 - [TEST_STEP][PASSED] - click(findTestObject("Object Repository/katalon demo/Page_CURA Healthcare Service/a_Go to Homepage")): Object: 'Object Repository/katalon demo/Page_CURA Healthcare Service/a_Go to Homepage' is clicked on

29-01-2024T22:48:27 - [MESSAGE][PASSED] - Object: 'Object Repository/katalon demo/Page_CURA Healthcare Service/a_Go to Homepage' is clicked on]]></system-out>
         <system-err><![CDATA[]]></system-err>
      </testcase>
      <testcase name="Test Cases/Katalon Demo/make appointment katalon demo 2" time="5.29" classname="Test Cases/Katalon Demo/make appointment katalon demo 2" status="PASSED">
         <system-out><![CDATA[29-01-2024T22:48:27 - [TEST_CASE][PASSED] - Test Cases/Katalon Demo/make appointment katalon demo 2: Test Cases/Katalon Demo/make appointment katalon demo 2

29-01-2024T22:48:27 - [TEST_STEP][PASSED] - click(findTestObject("Object Repository/katalon demo/Page_CURA Healthcare Service/label_Apply for hospital readmission")): Object: 'Object Repository/katalon demo/Page_CURA Healthcare Service/label_Apply for hospital readmission' is clicked on

29-01-2024T22:48:27 - [MESSAGE][PASSED] - Object: 'Object Repository/katalon demo/Page_CURA Healthcare Service/label_Apply for hospital readmission' is clicked on

29-01-2024T22:48:27 - [TEST_STEP][PASSED] - click(findTestObject("Object Repository/katalon demo/Page_CURA Healthcare Service/input_programs")): Object: 'Object Repository/katalon demo/Page_CURA Healthcare Service/input_programs' is clicked on

29-01-2024T22:48:28 - [MESSAGE][PASSED] - Object: 'Object Repository/katalon demo/Page_CURA Healthcare Service/input_programs' is clicked on

29-01-2024T22:48:28 - [TEST_STEP][PASSED] - click(findTestObject("Object Repository/katalon demo/Page_CURA Healthcare Service/input_visit_date")): Object: 'Object Repository/katalon demo/Page_CURA Healthcare Service/input_visit_date' is clicked on

29-01-2024T22:48:28 - [MESSAGE][PASSED] - Object: 'Object Repository/katalon demo/Page_CURA Healthcare Service/input_visit_date' is clicked on

29-01-2024T22:48:28 - [TEST_STEP][PASSED] - click(findTestObject("Object Repository/katalon demo/Page_CURA Healthcare Service/th_")): Object: 'Object Repository/katalon demo/Page_CURA Healthcare Service/th_' is clicked on

29-01-2024T22:48:28 - [MESSAGE][PASSED] - Object: 'Object Repository/katalon demo/Page_CURA Healthcare Service/th_' is clicked on

29-01-2024T22:48:28 - [TEST_STEP][PASSED] - click(findTestObject("Object Repository/katalon demo/Page_CURA Healthcare Service/td_28")): Object: 'Object Repository/katalon demo/Page_CURA Healthcare Service/td_28' is clicked on

29-01-2024T22:48:29 - [MESSAGE][PASSED] - Object: 'Object Repository/katalon demo/Page_CURA Healthcare Service/td_28' is clicked on

29-01-2024T22:48:29 - [TEST_STEP][PASSED] - setText(findTestObject("Object Repository/katalon demo/Page_CURA Healthcare Service/textarea_comment"), "tes katalon"): Text 'tes katalon' is set on object 'Object Repository/katalon demo/Page_CURA Healthcare Service/textarea_comment'

29-01-2024T22:48:30 - [MESSAGE][PASSED] - Text 'tes katalon' is set on object 'Object Repository/katalon demo/Page_CURA Healthcare Service/textarea_comment'

29-01-2024T22:48:30 - [TEST_STEP][PASSED] - click(findTestObject("Object Repository/katalon demo/Page_CURA Healthcare Service/button_Book Appointment")): Object: 'Object Repository/katalon demo/Page_CURA Healthcare Service/button_Book Appointment' is clicked on

29-01-2024T22:48:31 - [MESSAGE][PASSED] - Object: 'Object Repository/katalon demo/Page_CURA Healthcare Service/button_Book Appointment' is clicked on

29-01-2024T22:48:31 - [TEST_STEP][PASSED] - verifyTextPresent("Appointment Confirmation", false): Text 'Appointment Confirmation' is present on page 

29-01-2024T22:48:31 - [MESSAGE][PASSED] - Text 'Appointment Confirmation' is present on page 

29-01-2024T22:48:31 - [TEST_STEP][PASSED] - takeScreenshotAsCheckpoint("appointment 2 katalon demo"): Taking screenshot successfully

29-01-2024T22:48:31 - [MESSAGE][INFO] - 0 hidden object(s)

29-01-2024T22:48:31 - [MESSAGE][PASSED] - Taking screenshot successfully
[[ATTACHMENT|keyes\keyes-appointment 2 katalon demo.png]]

29-01-2024T22:48:31 - [TEST_STEP][PASSED] - click(findTestObject("Object Repository/katalon demo/Page_CURA Healthcare Service/a_Go to Homepage")): Object: 'Object Repository/katalon demo/Page_CURA Healthcare Service/a_Go to Homepage' is clicked on

29-01-2024T22:48:32 - [MESSAGE][PASSED] - Object: 'Object Repository/katalon demo/Page_CURA Healthcare Service/a_Go to Homepage' is clicked on]]></system-out>
         <system-err><![CDATA[]]></system-err>
      </testcase>
      <testcase name="Test Cases/Katalon Demo/history katalon demo" time="67.167" classname="Test Cases/Katalon Demo/history katalon demo" status="PASSED">
         <system-out><![CDATA[29-01-2024T22:48:32 - [TEST_CASE][PASSED] - Test Cases/Katalon Demo/history katalon demo: Test Cases/Katalon Demo/history katalon demo

29-01-2024T22:48:32 - [TEST_STEP][PASSED] - click(findTestObject("Object Repository/katalon demo/Page_CURA Healthcare Service/amenu-toggle")): Object: 'Object Repository/katalon demo/Page_CURA Healthcare Service/amenu-toggle' is clicked on

29-01-2024T22:48:32 - [MESSAGE][PASSED] - Object: 'Object Repository/katalon demo/Page_CURA Healthcare Service/amenu-toggle' is clicked on

29-01-2024T22:48:32 - [TEST_STEP][PASSED] - click(findTestObject("Object Repository/katalon demo/Page_CURA Healthcare Service/a_History")): Object: 'Object Repository/katalon demo/Page_CURA Healthcare Service/a_History' is clicked on

29-01-2024T22:48:34 - [MESSAGE][PASSED] - Object: 'Object Repository/katalon demo/Page_CURA Healthcare Service/a_History' is clicked on

29-01-2024T22:48:34 - [TEST_STEP][PASSED] - takeScreenshotAsCheckpoint("history katalon demo"): Taking screenshot successfully

29-01-2024T22:48:35 - [MESSAGE][INFO] - 0 hidden object(s)

29-01-2024T22:48:35 - [MESSAGE][PASSED] - Taking screenshot successfully
[[ATTACHMENT|keyes\keyes-history katalon demo.png]]

29-01-2024T22:48:35 - [TEST_STEP][PASSED] - scrollToElement(findTestObject("katalon demo/Page_CURA Healthcare Service/a_Go to Homepage"), 3): Scroll to object 'Object Repository/katalon demo/Page_CURA Healthcare Service/a_Go to Homepage' successfully

29-01-2024T22:49:06 - [MESSAGE][INFO] - Unable to find the element located by 'By.xpath: //section[@id='summary']/div/div/div[7]/p/a'. Please recheck the objects properties to make sure the desired element is located. 

29-01-2024T22:49:06 - [MESSAGE][WARNING] - [SELF-HEALING] Failed to find element with id 'Object Repository/katalon demo/Page_CURA Healthcare Service/a_Go to Homepage'. Try using Self-healing.

29-01-2024T22:49:07 - [MESSAGE][WARNING] - [SELF-HEALING] The current locator of test object 'Object Repository/katalon demo/Page_CURA Healthcare Service/a_Go to Homepage' was broken. Propose an alternative one: '//a[contains(text(),'Go to Homepage')]'.

29-01-2024T22:49:07 - [MESSAGE][PASSED] - Scroll to object 'Object Repository/katalon demo/Page_CURA Healthcare Service/a_Go to Homepage' successfully

29-01-2024T22:49:07 - [TEST_STEP][PASSED] - click(findTestObject("Object Repository/katalon demo/Page_CURA Healthcare Service/a_Go to Homepage")): Object: 'Object Repository/katalon demo/Page_CURA Healthcare Service/a_Go to Homepage' is clicked on

29-01-2024T22:49:38 - [MESSAGE][INFO] - Unable to find the element located by 'By.xpath: //section[@id='summary']/div/div/div[7]/p/a'. Please recheck the objects properties to make sure the desired element is located. 

29-01-2024T22:49:38 - [MESSAGE][WARNING] - [SELF-HEALING] Failed to find element with id 'Object Repository/katalon demo/Page_CURA Healthcare Service/a_Go to Homepage'. Try using Self-healing.

29-01-2024T22:49:38 - [MESSAGE][WARNING] - [SELF-HEALING] The current locator of test object 'Object Repository/katalon demo/Page_CURA Healthcare Service/a_Go to Homepage' was broken. Propose an alternative one: '//a[contains(text(),'Go to Homepage')]'.

29-01-2024T22:49:39 - [MESSAGE][PASSED] - Object: 'Object Repository/katalon demo/Page_CURA Healthcare Service/a_Go to Homepage' is clicked on]]></system-out>
         <system-err><![CDATA[]]></system-err>
      </testcase>
      <testcase name="Test Cases/Katalon Demo/profile katalon demo" time="3.655" classname="Test Cases/Katalon Demo/profile katalon demo" status="PASSED">
         <system-out><![CDATA[29-01-2024T22:49:39 - [TEST_CASE][PASSED] - Test Cases/Katalon Demo/profile katalon demo: Test Cases/Katalon Demo/profile katalon demo

29-01-2024T22:49:39 - [TEST_STEP][PASSED] - click(findTestObject("Object Repository/katalon demo/Page_CURA Healthcare Service/i_fa fa-bars")): Object: 'Object Repository/katalon demo/Page_CURA Healthcare Service/i_fa fa-bars' is clicked on

29-01-2024T22:49:40 - [MESSAGE][PASSED] - Object: 'Object Repository/katalon demo/Page_CURA Healthcare Service/i_fa fa-bars' is clicked on

29-01-2024T22:49:40 - [TEST_STEP][PASSED] - click(findTestObject("Object Repository/katalon demo/Page_CURA Healthcare Service/a_Profile")): Object: 'Object Repository/katalon demo/Page_CURA Healthcare Service/a_Profile' is clicked on

29-01-2024T22:49:41 - [MESSAGE][PASSED] - Object: 'Object Repository/katalon demo/Page_CURA Healthcare Service/a_Profile' is clicked on

29-01-2024T22:49:41 - [TEST_STEP][PASSED] - takeScreenshotAsCheckpoint("profile katalon demo"): Taking screenshot successfully

29-01-2024T22:49:41 - [MESSAGE][INFO] - 0 hidden object(s)

29-01-2024T22:49:41 - [MESSAGE][PASSED] - Taking screenshot successfully
[[ATTACHMENT|keyes\keyes-profile katalon demo.png]]

29-01-2024T22:49:41 - [TEST_STEP][PASSED] - click(findTestObject("Object Repository/katalon demo/Page_CURA Healthcare Service/i_fa fa-bars")): Object: 'Object Repository/katalon demo/Page_CURA Healthcare Service/i_fa fa-bars' is clicked on

29-01-2024T22:49:42 - [MESSAGE][PASSED] - Object: 'Object Repository/katalon demo/Page_CURA Healthcare Service/i_fa fa-bars' is clicked on

29-01-2024T22:49:42 - [TEST_STEP][PASSED] - click(findTestObject("Object Repository/katalon demo/Page_CURA Healthcare Service/a_Home")): Object: 'Object Repository/katalon demo/Page_CURA Healthcare Service/a_Home' is clicked on

29-01-2024T22:49:43 - [MESSAGE][PASSED] - Object: 'Object Repository/katalon demo/Page_CURA Healthcare Service/a_Home' is clicked on]]></system-out>
         <system-err><![CDATA[]]></system-err>
      </testcase>
      <testcase name="Test Cases/Katalon Demo/logout katalon demo" time="5.722" classname="Test Cases/Katalon Demo/logout katalon demo" status="PASSED">
         <system-out><![CDATA[29-01-2024T22:49:43 - [TEST_CASE][PASSED] - Test Cases/Katalon Demo/logout katalon demo: Test Cases/Katalon Demo/logout katalon demo

29-01-2024T22:49:43 - [TEST_STEP][PASSED] - click(findTestObject("Object Repository/katalon demo/Page_CURA Healthcare Service/i_fa fa-bars")): Object: 'Object Repository/katalon demo/Page_CURA Healthcare Service/i_fa fa-bars' is clicked on

29-01-2024T22:49:43 - [MESSAGE][PASSED] - Object: 'Object Repository/katalon demo/Page_CURA Healthcare Service/i_fa fa-bars' is clicked on

29-01-2024T22:49:43 - [TEST_STEP][PASSED] - takeScreenshotAsCheckpoint("logout katalon demo"): Taking screenshot successfully

29-01-2024T22:49:44 - [MESSAGE][INFO] - 0 hidden object(s)

29-01-2024T22:49:45 - [MESSAGE][PASSED] - Taking screenshot successfully
[[ATTACHMENT|keyes\keyes-logout katalon demo.png]]

29-01-2024T22:49:45 - [TEST_STEP][PASSED] - click(findTestObject("Object Repository/katalon demo/Page_CURA Healthcare Service/a_Logout")): Object: 'Object Repository/katalon demo/Page_CURA Healthcare Service/a_Logout' is clicked on

29-01-2024T22:49:46 - [MESSAGE][PASSED] - Object: 'Object Repository/katalon demo/Page_CURA Healthcare Service/a_Logout' is clicked on

29-01-2024T22:49:46 - [TEST_STEP][PASSED] - closeBrowser(): Browser is closed

29-01-2024T22:49:49 - [MESSAGE][PASSED] - Browser is closed]]></system-out>
         <system-err><![CDATA[]]></system-err>
      </testcase>
      <testcase name="Test Cases/Katalon Demo/negatif login katalon demo" time="13.913" classname="Test Cases/Katalon Demo/negatif login katalon demo" status="PASSED">
         <system-out><![CDATA[29-01-2024T22:49:49 - [TEST_CASE][PASSED] - Test Cases/Katalon Demo/negatif login katalon demo: Test Cases/Katalon Demo/negatif login katalon demo

29-01-2024T22:49:49 - [TEST_STEP][PASSED] - openBrowser(""): Browser is opened with url: ''

29-01-2024T22:49:49 - [MESSAGE][INFO] - Starting 'Chrome' driver

29-01-2024T22:49:49 - [MESSAGE][INFO] - Action delay is set to 0 milliseconds

29-01-2024T22:49:50 - [MESSAGE][PASSED] - Browser is opened with url: ''

29-01-2024T22:49:50 - [TEST_STEP][PASSED] - navigateToUrl("https://katalon-demo-cura.herokuapp.com/"): Navigate to 'https://katalon-demo-cura.herokuapp.com/' successfully

29-01-2024T22:49:54 - [MESSAGE][PASSED] - Navigate to 'https://katalon-demo-cura.herokuapp.com/' successfully

29-01-2024T22:49:54 - [TEST_STEP][PASSED] - click(findTestObject("Object Repository/katalon demo/Page_CURA Healthcare Service/amenu-toggle")): Object: 'Object Repository/katalon demo/Page_CURA Healthcare Service/amenu-toggle' is clicked on

29-01-2024T22:49:54 - [MESSAGE][PASSED] - Object: 'Object Repository/katalon demo/Page_CURA Healthcare Service/amenu-toggle' is clicked on

29-01-2024T22:49:54 - [TEST_STEP][PASSED] - click(findTestObject("Object Repository/katalon demo/Page_CURA Healthcare Service/a_Login")): Object: 'Object Repository/katalon demo/Page_CURA Healthcare Service/a_Login' is clicked on

29-01-2024T22:49:55 - [MESSAGE][PASSED] - Object: 'Object Repository/katalon demo/Page_CURA Healthcare Service/a_Login' is clicked on

29-01-2024T22:49:55 - [TEST_STEP][PASSED] - setText(findTestObject("Object Repository/katalon demo/Page_CURA Healthcare Service/input_username"), username1): Text 'aaaaa' is set on object 'Object Repository/katalon demo/Page_CURA Healthcare Service/input_username'

29-01-2024T22:49:56 - [MESSAGE][PASSED] - Text 'aaaaa' is set on object 'Object Repository/katalon demo/Page_CURA Healthcare Service/input_username'

29-01-2024T22:49:56 - [TEST_STEP][PASSED] - setText(findTestObject("Object Repository/katalon demo/Page_CURA Healthcare Service/input_password"), password1): Text 'aaaaaaaa' is set on object 'Object Repository/katalon demo/Page_CURA Healthcare Service/input_password'

29-01-2024T22:49:56 - [MESSAGE][PASSED] - Text 'aaaaaaaa' is set on object 'Object Repository/katalon demo/Page_CURA Healthcare Service/input_password'

29-01-2024T22:49:56 - [TEST_STEP][PASSED] - click(findTestObject("katalon demo/Page_CURA Healthcare Service/button_Login")): Object: 'Object Repository/katalon demo/Page_CURA Healthcare Service/button_Login' is clicked on

29-01-2024T22:49:57 - [MESSAGE][PASSED] - Object: 'Object Repository/katalon demo/Page_CURA Healthcare Service/button_Login' is clicked on

29-01-2024T22:49:57 - [TEST_STEP][PASSED] - verifyTextPresent("Login failed!", false): Text 'Login failed!' is present on page 

29-01-2024T22:49:58 - [MESSAGE][PASSED] - Text 'Login failed!' is present on page 

29-01-2024T22:49:58 - [TEST_STEP][PASSED] - takeScreenshotAsCheckpoint("negatif 1 login katalon demo"): Taking screenshot successfully

29-01-2024T22:49:58 - [MESSAGE][INFO] - 0 hidden object(s)

29-01-2024T22:49:58 - [MESSAGE][PASSED] - Taking screenshot successfully
[[ATTACHMENT|keyes\keyes-negatif 1 login katalon demo.png]]

29-01-2024T22:49:58 - [TEST_STEP][PASSED] - click(findTestObject("Object Repository/katalon demo/Page_CURA Healthcare Service/button_Login")): Object: 'Object Repository/katalon demo/Page_CURA Healthcare Service/button_Login' is clicked on

29-01-2024T22:49:59 - [MESSAGE][PASSED] - Object: 'Object Repository/katalon demo/Page_CURA Healthcare Service/button_Login' is clicked on

29-01-2024T22:49:59 - [TEST_STEP][PASSED] - setText(findTestObject("katalon demo/Page_CURA Healthcare Service/input_username"), username2): Text 'bbbbb' is set on object 'Object Repository/katalon demo/Page_CURA Healthcare Service/input_username'

29-01-2024T22:50:00 - [MESSAGE][PASSED] - Text 'bbbbb' is set on object 'Object Repository/katalon demo/Page_CURA Healthcare Service/input_username'

29-01-2024T22:50:00 - [TEST_STEP][PASSED] - setText(findTestObject("katalon demo/Page_CURA Healthcare Service/input_password"), password2): Text 'bbbbbbbb' is set on object 'Object Repository/katalon demo/Page_CURA Healthcare Service/input_password'

29-01-2024T22:50:01 - [MESSAGE][PASSED] - Text 'bbbbbbbb' is set on object 'Object Repository/katalon demo/Page_CURA Healthcare Service/input_password'

29-01-2024T22:50:01 - [TEST_STEP][PASSED] - click(findTestObject("katalon demo/Page_CURA Healthcare Service/button_Login")): Object: 'Object Repository/katalon demo/Page_CURA Healthcare Service/button_Login' is clicked on

29-01-2024T22:50:02 - [MESSAGE][PASSED] - Object: 'Object Repository/katalon demo/Page_CURA Healthcare Service/button_Login' is clicked on

29-01-2024T22:50:02 - [TEST_STEP][PASSED] - verifyTextPresent("Login failed!", false): Text 'Login failed!' is present on page 

29-01-2024T22:50:02 - [MESSAGE][PASSED] - Text 'Login failed!' is present on page 

29-01-2024T22:50:02 - [TEST_STEP][PASSED] - takeScreenshotAsCheckpoint("negatif 2 login katalon demo"): Taking screenshot successfully

29-01-2024T22:50:02 - [MESSAGE][INFO] - 0 hidden object(s)

29-01-2024T22:50:03 - [MESSAGE][PASSED] - Taking screenshot successfully
[[ATTACHMENT|keyes\keyes-negatif 2 login katalon demo.png]]]]></system-out>
         <system-err><![CDATA[]]></system-err>
      </testcase>
      <system-out><![CDATA[29-01-2024T22:48:00 - [TEST_SUITE][PASSED] - katalon demo: Test Cases/Katalon Demo/negatif login katalon demo]]></system-out>
      <system-err><![CDATA[]]></system-err>
   </testsuite>
   <testsuite name="katalon demo" tests="8" failures="0" errors="0" time="145.85" skipped="0" timestamp="29-01-2024T22:50:10" hostname="0517 - Pierrot" id="Test Suites/katalon demo">
      <properties>
         <property name="deviceName" value=""/>
         <property name="devicePlatform" value=""/>
         <property name="logFolder" value="C:\\Users\\0517\\Katalon Studio\\poc bni\\Reports\\20240129_222034\\katalon demo\\20240129_222144"/>
         <property name="logFiles" value="C:\\Users\\0517\\Katalon Studio\\poc bni\\Reports\\20240129_222034\\katalon demo\\20240129_222144\\execution0.log"/>
         <property name="attachments" value="keyes\keyes-login katalon demo.png, keyes\keyes-appointment katalon demo.png, keyes\keyes-appointment 1 katalon demo.png, keyes\keyes-appointment 2 katalon demo.png, keyes\keyes-history katalon demo.png, keyes\keyes-profile katalon demo.png, keyes\keyes-logout katalon demo.png, keyes\keyes-negatif 1 login katalon demo.png, keyes\keyes-negatif 2 login katalon demo.png"/>
         <property name="hostName" value="0517 - Pierrot"/>
         <property name="os" value="Windows 10 64bit"/>
         <property name="katalonVersion" value="9.2.0.212"/>
         <property name="browser" value="Chrome 121.0.0.0"/>
         <property name="hostAddress" value="192.168.96.2"/>
         <property name="sessionId" value="0cf9c08a737f8164b70ba596c91835f7"/>
         <property name="seleniumVersion" value="3.141.59"/>
         <property name="proxyInformation" value="ProxyInformation { proxyOption=NO_PROXY, proxyServerType=HTTP, username=, password=********, proxyServerAddress=, proxyServerPort=0, executionList=&quot;&quot;, isApplyToDesiredCapabilities=true }"/>
         <property name="platform" value="Windows 10"/>
      </properties>
      <testcase name="Test Cases/Katalon Demo/login katalon demo" time="11.789" classname="Test Cases/Katalon Demo/login katalon demo" status="PASSED">
         <system-out><![CDATA[29-01-2024T22:50:10 - [TEST_CASE][PASSED] - Test Cases/Katalon Demo/login katalon demo: Test Cases/Katalon Demo/login katalon demo

29-01-2024T22:50:10 - [TEST_STEP][PASSED] - openBrowser(""): Browser is opened with url: ''

29-01-2024T22:50:11 - [MESSAGE][INFO] - Starting 'Chrome' driver

29-01-2024T22:50:11 - [MESSAGE][INFO] - Action delay is set to 0 milliseconds

29-01-2024T22:50:13 - [MESSAGE][PASSED] - Browser is opened with url: ''

29-01-2024T22:50:13 - [TEST_STEP][PASSED] - navigateToUrl("https://katalon-demo-cura.herokuapp.com/"): Navigate to 'https://katalon-demo-cura.herokuapp.com/' successfully

29-01-2024T22:50:17 - [MESSAGE][PASSED] - Navigate to 'https://katalon-demo-cura.herokuapp.com/' successfully

29-01-2024T22:50:17 - [TEST_STEP][PASSED] - click(findTestObject("Object Repository/katalon demo/Page_CURA Healthcare Service/amenu-toggle")): Object: 'Object Repository/katalon demo/Page_CURA Healthcare Service/amenu-toggle' is clicked on

29-01-2024T22:50:18 - [MESSAGE][PASSED] - Object: 'Object Repository/katalon demo/Page_CURA Healthcare Service/amenu-toggle' is clicked on

29-01-2024T22:50:18 - [TEST_STEP][PASSED] - click(findTestObject("Object Repository/katalon demo/Page_CURA Healthcare Service/a_Login")): Object: 'Object Repository/katalon demo/Page_CURA Healthcare Service/a_Login' is clicked on

29-01-2024T22:50:18 - [MESSAGE][PASSED] - Object: 'Object Repository/katalon demo/Page_CURA Healthcare Service/a_Login' is clicked on

29-01-2024T22:50:18 - [TEST_STEP][PASSED] - setText(findTestObject("Object Repository/katalon demo/Page_CURA Healthcare Service/input_username"), "John Doe"): Text 'John Doe' is set on object 'Object Repository/katalon demo/Page_CURA Healthcare Service/input_username'

29-01-2024T22:50:19 - [MESSAGE][PASSED] - Text 'John Doe' is set on object 'Object Repository/katalon demo/Page_CURA Healthcare Service/input_username'

29-01-2024T22:50:19 - [TEST_STEP][PASSED] - setEncryptedText(findTestObject("Object Repository/katalon demo/Page_CURA Healthcare Service/input_password"), "g3/DOGG74jC3Flrr3yH+3D/yKbOqqUNM"): Text ****** has been set on object 'Object Repository/katalon demo/Page_CURA Healthcare Service/input_password'

29-01-2024T22:50:20 - [MESSAGE][PASSED] - Text ****** has been set on object 'Object Repository/katalon demo/Page_CURA Healthcare Service/input_password'

29-01-2024T22:50:20 - [TEST_STEP][PASSED] - takeScreenshotAsCheckpoint("login katalon demo", STOP_ON_FAILURE): Taking screenshot successfully

29-01-2024T22:50:20 - [MESSAGE][INFO] - 0 hidden object(s)

29-01-2024T22:50:21 - [MESSAGE][PASSED] - Taking screenshot successfully
[[ATTACHMENT|keyes\keyes-login katalon demo.png]]

29-01-2024T22:50:21 - [TEST_STEP][PASSED] - click(findTestObject("Object Repository/katalon demo/Page_CURA Healthcare Service/button_Login")): Object: 'Object Repository/katalon demo/Page_CURA Healthcare Service/button_Login' is clicked on

29-01-2024T22:50:22 - [MESSAGE][PASSED] - Object: 'Object Repository/katalon demo/Page_CURA Healthcare Service/button_Login' is clicked on]]></system-out>
         <system-err><![CDATA[]]></system-err>
      </testcase>
      <testcase name="Test Cases/Katalon Demo/make appointment katalon demo" time="15.608" classname="Test Cases/Katalon Demo/make appointment katalon demo" status="PASSED">
         <system-out><![CDATA[29-01-2024T22:50:22 - [TEST_CASE][PASSED] - Test Cases/Katalon Demo/make appointment katalon demo: Test Cases/Katalon Demo/make appointment katalon demo

29-01-2024T22:50:22 - [TEST_STEP][PASSED] - selectOptionByValue(findTestObject("Object Repository/katalon demo/Page_CURA Healthcare Service/select_Tokyo"), "Hongkong CURA Healthcare Center", true): All options with value 'Hongkong CURA Healthcare Center' are selected in object 'Object Repository/katalon demo/Page_CURA Healthcare Service/select_Tokyo'  using regular expression

29-01-2024T22:50:23 - [MESSAGE][PASSED] - All options with value 'Hongkong CURA Healthcare Center' are selected in object 'Object Repository/katalon demo/Page_CURA Healthcare Service/select_Tokyo'  using regular expression

29-01-2024T22:50:23 - [TEST_STEP][PASSED] - click(findTestObject("Object Repository/katalon demo/Page_CURA Healthcare Service/label_Apply for hospital readmission")): Object: 'Object Repository/katalon demo/Page_CURA Healthcare Service/label_Apply for hospital readmission' is clicked on

29-01-2024T22:50:23 - [MESSAGE][PASSED] - Object: 'Object Repository/katalon demo/Page_CURA Healthcare Service/label_Apply for hospital readmission' is clicked on

29-01-2024T22:50:23 - [TEST_STEP][PASSED] - click(findTestObject("Object Repository/katalon demo/Page_CURA Healthcare Service/input_programs")): Object: 'Object Repository/katalon demo/Page_CURA Healthcare Service/input_programs' is clicked on

29-01-2024T22:50:24 - [MESSAGE][PASSED] - Object: 'Object Repository/katalon demo/Page_CURA Healthcare Service/input_programs' is clicked on

29-01-2024T22:50:24 - [TEST_STEP][PASSED] - click(findTestObject("Object Repository/katalon demo/Page_CURA Healthcare Service/span_glyphicon glyphicon-calendar")): Object: 'Object Repository/katalon demo/Page_CURA Healthcare Service/span_glyphicon glyphicon-calendar' is clicked on

29-01-2024T22:50:24 - [MESSAGE][PASSED] - Object: 'Object Repository/katalon demo/Page_CURA Healthcare Service/span_glyphicon glyphicon-calendar' is clicked on

29-01-2024T22:50:24 - [TEST_STEP][PASSED] - click(findTestObject("Object Repository/katalon demo/Page_CURA Healthcare Service/td_31")): Object: 'Object Repository/katalon demo/Page_CURA Healthcare Service/td_31' is clicked on

29-01-2024T22:50:24 - [MESSAGE][PASSED] - Object: 'Object Repository/katalon demo/Page_CURA Healthcare Service/td_31' is clicked on

29-01-2024T22:50:24 - [TEST_STEP][PASSED] - setText(findTestObject("Object Repository/katalon demo/Page_CURA Healthcare Service/textarea_comment"), "tes katalon demo"): Text 'tes katalon demo' is set on object 'Object Repository/katalon demo/Page_CURA Healthcare Service/textarea_comment'

29-01-2024T22:50:25 - [MESSAGE][PASSED] - Text 'tes katalon demo' is set on object 'Object Repository/katalon demo/Page_CURA Healthcare Service/textarea_comment'

29-01-2024T22:50:25 - [TEST_STEP][PASSED] - click(findTestObject("Object Repository/katalon demo/Page_CURA Healthcare Service/button_Book Appointment")): Object: 'Object Repository/katalon demo/Page_CURA Healthcare Service/button_Book Appointment' is clicked on

29-01-2024T22:50:27 - [MESSAGE][PASSED] - Object: 'Object Repository/katalon demo/Page_CURA Healthcare Service/button_Book Appointment' is clicked on

29-01-2024T22:50:27 - [TEST_STEP][PASSED] - verifyTextPresent("Appointment Confirmation", false): Text 'Appointment Confirmation' is present on page 

29-01-2024T22:50:27 - [MESSAGE][PASSED] - Text 'Appointment Confirmation' is present on page 

29-01-2024T22:50:27 - [TEST_STEP][PASSED] - takeScreenshotAsCheckpoint("appointment katalon demo"): Taking screenshot successfully

29-01-2024T22:50:27 - [MESSAGE][INFO] - 0 hidden object(s)

29-01-2024T22:50:27 - [MESSAGE][PASSED] - Taking screenshot successfully
[[ATTACHMENT|keyes\keyes-appointment katalon demo.png]]

29-01-2024T22:50:27 - [TEST_STEP][PASSED] - click(findTestObject("Object Repository/katalon demo/Page_CURA Healthcare Service/a_Go to Homepage")): Object: 'Object Repository/katalon demo/Page_CURA Healthcare Service/a_Go to Homepage' is clicked on

29-01-2024T22:50:37 - [MESSAGE][PASSED] - Object: 'Object Repository/katalon demo/Page_CURA Healthcare Service/a_Go to Homepage' is clicked on]]></system-out>
         <system-err><![CDATA[]]></system-err>
      </testcase>
      <testcase name="Test Cases/Katalon Demo/make appointment katalon demo 1" time="6.723" classname="Test Cases/Katalon Demo/make appointment katalon demo 1" status="PASSED">
         <system-out><![CDATA[29-01-2024T22:50:37 - [TEST_CASE][PASSED] - Test Cases/Katalon Demo/make appointment katalon demo 1: Test Cases/Katalon Demo/make appointment katalon demo 1

29-01-2024T22:50:37 - [TEST_STEP][PASSED] - selectOptionByValue(findTestObject("Object Repository/katalon demo/Page_CURA Healthcare Service/select_Tokyo"), "Seoul CURA Healthcare Center", true): All options with value 'Seoul CURA Healthcare Center' are selected in object 'Object Repository/katalon demo/Page_CURA Healthcare Service/select_Tokyo'  using regular expression

29-01-2024T22:50:38 - [MESSAGE][PASSED] - All options with value 'Seoul CURA Healthcare Center' are selected in object 'Object Repository/katalon demo/Page_CURA Healthcare Service/select_Tokyo'  using regular expression

29-01-2024T22:50:38 - [TEST_STEP][PASSED] - click(findTestObject("Object Repository/katalon demo/Page_CURA Healthcare Service/input_hospital_readmission")): Object: 'Object Repository/katalon demo/Page_CURA Healthcare Service/input_hospital_readmission' is clicked on

29-01-2024T22:50:39 - [MESSAGE][PASSED] - Object: 'Object Repository/katalon demo/Page_CURA Healthcare Service/input_hospital_readmission' is clicked on

29-01-2024T22:50:39 - [TEST_STEP][PASSED] - click(findTestObject("Object Repository/katalon demo/Page_CURA Healthcare Service/input_programs")): Object: 'Object Repository/katalon demo/Page_CURA Healthcare Service/input_programs' is clicked on

29-01-2024T22:50:39 - [MESSAGE][PASSED] - Object: 'Object Repository/katalon demo/Page_CURA Healthcare Service/input_programs' is clicked on

29-01-2024T22:50:39 - [TEST_STEP][PASSED] - click(findTestObject("Object Repository/katalon demo/Page_CURA Healthcare Service/span_glyphicon glyphicon-calendar")): Object: 'Object Repository/katalon demo/Page_CURA Healthcare Service/span_glyphicon glyphicon-calendar' is clicked on

29-01-2024T22:50:39 - [MESSAGE][PASSED] - Object: 'Object Repository/katalon demo/Page_CURA Healthcare Service/span_glyphicon glyphicon-calendar' is clicked on

29-01-2024T22:50:39 - [TEST_STEP][PASSED] - click(findTestObject("Object Repository/katalon demo/Page_CURA Healthcare Service/td_30")): Object: 'Object Repository/katalon demo/Page_CURA Healthcare Service/td_30' is clicked on

29-01-2024T22:50:40 - [MESSAGE][PASSED] - Object: 'Object Repository/katalon demo/Page_CURA Healthcare Service/td_30' is clicked on

29-01-2024T22:50:40 - [TEST_STEP][PASSED] - setText(findTestObject("Object Repository/katalon demo/Page_CURA Healthcare Service/textarea_comment"), "tes katalon"): Text 'tes katalon' is set on object 'Object Repository/katalon demo/Page_CURA Healthcare Service/textarea_comment'

29-01-2024T22:50:41 - [MESSAGE][PASSED] - Text 'tes katalon' is set on object 'Object Repository/katalon demo/Page_CURA Healthcare Service/textarea_comment'

29-01-2024T22:50:41 - [TEST_STEP][PASSED] - click(findTestObject("Object Repository/katalon demo/Page_CURA Healthcare Service/button_Book Appointment")): Object: 'Object Repository/katalon demo/Page_CURA Healthcare Service/button_Book Appointment' is clicked on

29-01-2024T22:50:42 - [MESSAGE][PASSED] - Object: 'Object Repository/katalon demo/Page_CURA Healthcare Service/button_Book Appointment' is clicked on

29-01-2024T22:50:42 - [TEST_STEP][PASSED] - verifyTextPresent("Appointment Confirmation", false): Text 'Appointment Confirmation' is present on page 

29-01-2024T22:50:42 - [MESSAGE][PASSED] - Text 'Appointment Confirmation' is present on page 

29-01-2024T22:50:42 - [TEST_STEP][PASSED] - takeScreenshotAsCheckpoint("appointment 1 katalon demo"): Taking screenshot successfully

29-01-2024T22:50:42 - [MESSAGE][INFO] - 0 hidden object(s)

29-01-2024T22:50:43 - [MESSAGE][PASSED] - Taking screenshot successfully
[[ATTACHMENT|keyes\keyes-appointment 1 katalon demo.png]]

29-01-2024T22:50:43 - [TEST_STEP][PASSED] - click(findTestObject("Object Repository/katalon demo/Page_CURA Healthcare Service/a_Go to Homepage")): Object: 'Object Repository/katalon demo/Page_CURA Healthcare Service/a_Go to Homepage' is clicked on

29-01-2024T22:50:44 - [MESSAGE][PASSED] - Object: 'Object Repository/katalon demo/Page_CURA Healthcare Service/a_Go to Homepage' is clicked on]]></system-out>
         <system-err><![CDATA[]]></system-err>
      </testcase>
      <testcase name="Test Cases/Katalon Demo/make appointment katalon demo 2" time="6.763" classname="Test Cases/Katalon Demo/make appointment katalon demo 2" status="PASSED">
         <system-out><![CDATA[29-01-2024T22:50:44 - [TEST_CASE][PASSED] - Test Cases/Katalon Demo/make appointment katalon demo 2: Test Cases/Katalon Demo/make appointment katalon demo 2

29-01-2024T22:50:44 - [TEST_STEP][PASSED] - click(findTestObject("Object Repository/katalon demo/Page_CURA Healthcare Service/label_Apply for hospital readmission")): Object: 'Object Repository/katalon demo/Page_CURA Healthcare Service/label_Apply for hospital readmission' is clicked on

29-01-2024T22:50:44 - [MESSAGE][PASSED] - Object: 'Object Repository/katalon demo/Page_CURA Healthcare Service/label_Apply for hospital readmission' is clicked on

29-01-2024T22:50:44 - [TEST_STEP][PASSED] - click(findTestObject("Object Repository/katalon demo/Page_CURA Healthcare Service/input_programs")): Object: 'Object Repository/katalon demo/Page_CURA Healthcare Service/input_programs' is clicked on

29-01-2024T22:50:45 - [MESSAGE][PASSED] - Object: 'Object Repository/katalon demo/Page_CURA Healthcare Service/input_programs' is clicked on

29-01-2024T22:50:45 - [TEST_STEP][PASSED] - click(findTestObject("Object Repository/katalon demo/Page_CURA Healthcare Service/input_visit_date")): Object: 'Object Repository/katalon demo/Page_CURA Healthcare Service/input_visit_date' is clicked on

29-01-2024T22:50:45 - [MESSAGE][PASSED] - Object: 'Object Repository/katalon demo/Page_CURA Healthcare Service/input_visit_date' is clicked on

29-01-2024T22:50:45 - [TEST_STEP][PASSED] - click(findTestObject("Object Repository/katalon demo/Page_CURA Healthcare Service/th_")): Object: 'Object Repository/katalon demo/Page_CURA Healthcare Service/th_' is clicked on

29-01-2024T22:50:46 - [MESSAGE][PASSED] - Object: 'Object Repository/katalon demo/Page_CURA Healthcare Service/th_' is clicked on

29-01-2024T22:50:46 - [TEST_STEP][PASSED] - click(findTestObject("Object Repository/katalon demo/Page_CURA Healthcare Service/td_28")): Object: 'Object Repository/katalon demo/Page_CURA Healthcare Service/td_28' is clicked on

29-01-2024T22:50:46 - [MESSAGE][PASSED] - Object: 'Object Repository/katalon demo/Page_CURA Healthcare Service/td_28' is clicked on

29-01-2024T22:50:46 - [TEST_STEP][PASSED] - setText(findTestObject("Object Repository/katalon demo/Page_CURA Healthcare Service/textarea_comment"), "tes katalon"): Text 'tes katalon' is set on object 'Object Repository/katalon demo/Page_CURA Healthcare Service/textarea_comment'

29-01-2024T22:50:47 - [MESSAGE][PASSED] - Text 'tes katalon' is set on object 'Object Repository/katalon demo/Page_CURA Healthcare Service/textarea_comment'

29-01-2024T22:50:47 - [TEST_STEP][PASSED] - click(findTestObject("Object Repository/katalon demo/Page_CURA Healthcare Service/button_Book Appointment")): Object: 'Object Repository/katalon demo/Page_CURA Healthcare Service/button_Book Appointment' is clicked on

29-01-2024T22:50:48 - [MESSAGE][PASSED] - Object: 'Object Repository/katalon demo/Page_CURA Healthcare Service/button_Book Appointment' is clicked on

29-01-2024T22:50:48 - [TEST_STEP][PASSED] - verifyTextPresent("Appointment Confirmation", false): Text 'Appointment Confirmation' is present on page 

29-01-2024T22:50:49 - [MESSAGE][PASSED] - Text 'Appointment Confirmation' is present on page 

29-01-2024T22:50:49 - [TEST_STEP][PASSED] - takeScreenshotAsCheckpoint("appointment 2 katalon demo"): Taking screenshot successfully

29-01-2024T22:50:49 - [MESSAGE][INFO] - 0 hidden object(s)

29-01-2024T22:50:49 - [MESSAGE][PASSED] - Taking screenshot successfully
[[ATTACHMENT|keyes\keyes-appointment 2 katalon demo.png]]

29-01-2024T22:50:49 - [TEST_STEP][PASSED] - click(findTestObject("Object Repository/katalon demo/Page_CURA Healthcare Service/a_Go to Homepage")): Object: 'Object Repository/katalon demo/Page_CURA Healthcare Service/a_Go to Homepage' is clicked on

29-01-2024T22:50:51 - [MESSAGE][PASSED] - Object: 'Object Repository/katalon demo/Page_CURA Healthcare Service/a_Go to Homepage' is clicked on]]></system-out>
         <system-err><![CDATA[]]></system-err>
      </testcase>
      <testcase name="Test Cases/Katalon Demo/history katalon demo" time="67.198" classname="Test Cases/Katalon Demo/history katalon demo" status="PASSED">
         <system-out><![CDATA[29-01-2024T22:50:51 - [TEST_CASE][PASSED] - Test Cases/Katalon Demo/history katalon demo: Test Cases/Katalon Demo/history katalon demo

29-01-2024T22:50:51 - [TEST_STEP][PASSED] - click(findTestObject("Object Repository/katalon demo/Page_CURA Healthcare Service/amenu-toggle")): Object: 'Object Repository/katalon demo/Page_CURA Healthcare Service/amenu-toggle' is clicked on

29-01-2024T22:50:51 - [MESSAGE][PASSED] - Object: 'Object Repository/katalon demo/Page_CURA Healthcare Service/amenu-toggle' is clicked on

29-01-2024T22:50:51 - [TEST_STEP][PASSED] - click(findTestObject("Object Repository/katalon demo/Page_CURA Healthcare Service/a_History")): Object: 'Object Repository/katalon demo/Page_CURA Healthcare Service/a_History' is clicked on

29-01-2024T22:50:52 - [MESSAGE][PASSED] - Object: 'Object Repository/katalon demo/Page_CURA Healthcare Service/a_History' is clicked on

29-01-2024T22:50:52 - [TEST_STEP][PASSED] - takeScreenshotAsCheckpoint("history katalon demo"): Taking screenshot successfully

29-01-2024T22:50:53 - [MESSAGE][INFO] - 0 hidden object(s)

29-01-2024T22:50:53 - [MESSAGE][PASSED] - Taking screenshot successfully
[[ATTACHMENT|keyes\keyes-history katalon demo.png]]

29-01-2024T22:50:53 - [TEST_STEP][PASSED] - scrollToElement(findTestObject("katalon demo/Page_CURA Healthcare Service/a_Go to Homepage"), 3): Scroll to object 'Object Repository/katalon demo/Page_CURA Healthcare Service/a_Go to Homepage' successfully

29-01-2024T22:51:24 - [MESSAGE][INFO] - Unable to find the element located by 'By.xpath: //section[@id='summary']/div/div/div[7]/p/a'. Please recheck the objects properties to make sure the desired element is located. 

29-01-2024T22:51:24 - [MESSAGE][WARNING] - [SELF-HEALING] Failed to find element with id 'Object Repository/katalon demo/Page_CURA Healthcare Service/a_Go to Homepage'. Try using Self-healing.

29-01-2024T22:51:24 - [MESSAGE][WARNING] - [SELF-HEALING] The current locator of test object 'Object Repository/katalon demo/Page_CURA Healthcare Service/a_Go to Homepage' was broken. Propose an alternative one: '//a[contains(text(),'Go to Homepage')]'.

29-01-2024T22:51:24 - [MESSAGE][PASSED] - Scroll to object 'Object Repository/katalon demo/Page_CURA Healthcare Service/a_Go to Homepage' successfully

29-01-2024T22:51:24 - [TEST_STEP][PASSED] - click(findTestObject("Object Repository/katalon demo/Page_CURA Healthcare Service/a_Go to Homepage")): Object: 'Object Repository/katalon demo/Page_CURA Healthcare Service/a_Go to Homepage' is clicked on

29-01-2024T22:51:56 - [MESSAGE][INFO] - Unable to find the element located by 'By.xpath: //section[@id='summary']/div/div/div[7]/p/a'. Please recheck the objects properties to make sure the desired element is located. 

29-01-2024T22:51:56 - [MESSAGE][WARNING] - [SELF-HEALING] Failed to find element with id 'Object Repository/katalon demo/Page_CURA Healthcare Service/a_Go to Homepage'. Try using Self-healing.

29-01-2024T22:51:56 - [MESSAGE][WARNING] - [SELF-HEALING] The current locator of test object 'Object Repository/katalon demo/Page_CURA Healthcare Service/a_Go to Homepage' was broken. Propose an alternative one: '//a[contains(text(),'Go to Homepage')]'.

29-01-2024T22:51:58 - [MESSAGE][PASSED] - Object: 'Object Repository/katalon demo/Page_CURA Healthcare Service/a_Go to Homepage' is clicked on]]></system-out>
         <system-err><![CDATA[]]></system-err>
      </testcase>
      <testcase name="Test Cases/Katalon Demo/profile katalon demo" time="3.317" classname="Test Cases/Katalon Demo/profile katalon demo" status="PASSED">
         <system-out><![CDATA[29-01-2024T22:51:58 - [TEST_CASE][PASSED] - Test Cases/Katalon Demo/profile katalon demo: Test Cases/Katalon Demo/profile katalon demo

29-01-2024T22:51:58 - [TEST_STEP][PASSED] - click(findTestObject("Object Repository/katalon demo/Page_CURA Healthcare Service/i_fa fa-bars")): Object: 'Object Repository/katalon demo/Page_CURA Healthcare Service/i_fa fa-bars' is clicked on

29-01-2024T22:51:58 - [MESSAGE][PASSED] - Object: 'Object Repository/katalon demo/Page_CURA Healthcare Service/i_fa fa-bars' is clicked on

29-01-2024T22:51:58 - [TEST_STEP][PASSED] - click(findTestObject("Object Repository/katalon demo/Page_CURA Healthcare Service/a_Profile")): Object: 'Object Repository/katalon demo/Page_CURA Healthcare Service/a_Profile' is clicked on

29-01-2024T22:51:59 - [MESSAGE][PASSED] - Object: 'Object Repository/katalon demo/Page_CURA Healthcare Service/a_Profile' is clicked on

29-01-2024T22:51:59 - [TEST_STEP][PASSED] - takeScreenshotAsCheckpoint("profile katalon demo"): Taking screenshot successfully

29-01-2024T22:52:00 - [MESSAGE][INFO] - 0 hidden object(s)

29-01-2024T22:52:00 - [MESSAGE][PASSED] - Taking screenshot successfully
[[ATTACHMENT|keyes\keyes-profile katalon demo.png]]

29-01-2024T22:52:00 - [TEST_STEP][PASSED] - click(findTestObject("Object Repository/katalon demo/Page_CURA Healthcare Service/i_fa fa-bars")): Object: 'Object Repository/katalon demo/Page_CURA Healthcare Service/i_fa fa-bars' is clicked on

29-01-2024T22:52:00 - [MESSAGE][PASSED] - Object: 'Object Repository/katalon demo/Page_CURA Healthcare Service/i_fa fa-bars' is clicked on

29-01-2024T22:52:00 - [TEST_STEP][PASSED] - click(findTestObject("Object Repository/katalon demo/Page_CURA Healthcare Service/a_Home")): Object: 'Object Repository/katalon demo/Page_CURA Healthcare Service/a_Home' is clicked on

29-01-2024T22:52:01 - [MESSAGE][PASSED] - Object: 'Object Repository/katalon demo/Page_CURA Healthcare Service/a_Home' is clicked on]]></system-out>
         <system-err><![CDATA[]]></system-err>
      </testcase>
      <testcase name="Test Cases/Katalon Demo/logout katalon demo" time="3.514" classname="Test Cases/Katalon Demo/logout katalon demo" status="PASSED">
         <system-out><![CDATA[29-01-2024T22:52:01 - [TEST_CASE][PASSED] - Test Cases/Katalon Demo/logout katalon demo: Test Cases/Katalon Demo/logout katalon demo

29-01-2024T22:52:01 - [TEST_STEP][PASSED] - click(findTestObject("Object Repository/katalon demo/Page_CURA Healthcare Service/i_fa fa-bars")): Object: 'Object Repository/katalon demo/Page_CURA Healthcare Service/i_fa fa-bars' is clicked on

29-01-2024T22:52:02 - [MESSAGE][PASSED] - Object: 'Object Repository/katalon demo/Page_CURA Healthcare Service/i_fa fa-bars' is clicked on

29-01-2024T22:52:02 - [TEST_STEP][PASSED] - takeScreenshotAsCheckpoint("logout katalon demo"): Taking screenshot successfully

29-01-2024T22:52:03 - [MESSAGE][INFO] - 0 hidden object(s)

29-01-2024T22:52:03 - [MESSAGE][PASSED] - Taking screenshot successfully
[[ATTACHMENT|keyes\keyes-logout katalon demo.png]]

29-01-2024T22:52:03 - [TEST_STEP][PASSED] - click(findTestObject("Object Repository/katalon demo/Page_CURA Healthcare Service/a_Logout")): Object: 'Object Repository/katalon demo/Page_CURA Healthcare Service/a_Logout' is clicked on

29-01-2024T22:52:04 - [MESSAGE][PASSED] - Object: 'Object Repository/katalon demo/Page_CURA Healthcare Service/a_Logout' is clicked on

29-01-2024T22:52:05 - [TEST_STEP][PASSED] - closeBrowser(): Browser is closed

29-01-2024T22:52:05 - [MESSAGE][PASSED] - Browser is closed]]></system-out>
         <system-err><![CDATA[]]></system-err>
      </testcase>
      <testcase name="Test Cases/Katalon Demo/negatif login katalon demo" time="30.632" classname="Test Cases/Katalon Demo/negatif login katalon demo" status="PASSED">
         <system-out><![CDATA[29-01-2024T22:52:05 - [TEST_CASE][PASSED] - Test Cases/Katalon Demo/negatif login katalon demo: Test Cases/Katalon Demo/negatif login katalon demo

29-01-2024T22:52:05 - [TEST_STEP][PASSED] - openBrowser(""): Browser is opened with url: ''

29-01-2024T22:52:05 - [MESSAGE][INFO] - Starting 'Chrome' driver

29-01-2024T22:52:05 - [MESSAGE][INFO] - Action delay is set to 0 milliseconds

29-01-2024T22:52:06 - [MESSAGE][PASSED] - Browser is opened with url: ''

29-01-2024T22:52:06 - [TEST_STEP][PASSED] - navigateToUrl("https://katalon-demo-cura.herokuapp.com/"): Navigate to 'https://katalon-demo-cura.herokuapp.com/' successfully

29-01-2024T22:52:09 - [MESSAGE][PASSED] - Navigate to 'https://katalon-demo-cura.herokuapp.com/' successfully

29-01-2024T22:52:09 - [TEST_STEP][PASSED] - click(findTestObject("Object Repository/katalon demo/Page_CURA Healthcare Service/amenu-toggle")): Object: 'Object Repository/katalon demo/Page_CURA Healthcare Service/amenu-toggle' is clicked on

29-01-2024T22:52:10 - [MESSAGE][PASSED] - Object: 'Object Repository/katalon demo/Page_CURA Healthcare Service/amenu-toggle' is clicked on

29-01-2024T22:52:10 - [TEST_STEP][PASSED] - click(findTestObject("Object Repository/katalon demo/Page_CURA Healthcare Service/a_Login")): Object: 'Object Repository/katalon demo/Page_CURA Healthcare Service/a_Login' is clicked on

29-01-2024T22:52:11 - [MESSAGE][PASSED] - Object: 'Object Repository/katalon demo/Page_CURA Healthcare Service/a_Login' is clicked on

29-01-2024T22:52:11 - [TEST_STEP][PASSED] - setText(findTestObject("Object Repository/katalon demo/Page_CURA Healthcare Service/input_username"), username1): Text 'aaaaa' is set on object 'Object Repository/katalon demo/Page_CURA Healthcare Service/input_username'

29-01-2024T22:52:11 - [MESSAGE][PASSED] - Text 'aaaaa' is set on object 'Object Repository/katalon demo/Page_CURA Healthcare Service/input_username'

29-01-2024T22:52:11 - [TEST_STEP][PASSED] - setText(findTestObject("Object Repository/katalon demo/Page_CURA Healthcare Service/input_password"), password1): Text 'aaaaaaaa' is set on object 'Object Repository/katalon demo/Page_CURA Healthcare Service/input_password'

29-01-2024T22:52:12 - [MESSAGE][PASSED] - Text 'aaaaaaaa' is set on object 'Object Repository/katalon demo/Page_CURA Healthcare Service/input_password'

29-01-2024T22:52:12 - [TEST_STEP][PASSED] - click(findTestObject("katalon demo/Page_CURA Healthcare Service/button_Login")): Object: 'Object Repository/katalon demo/Page_CURA Healthcare Service/button_Login' is clicked on

29-01-2024T22:52:13 - [MESSAGE][PASSED] - Object: 'Object Repository/katalon demo/Page_CURA Healthcare Service/button_Login' is clicked on

29-01-2024T22:52:13 - [TEST_STEP][PASSED] - verifyTextPresent("Login failed!", false): Text 'Login failed!' is present on page 

29-01-2024T22:52:13 - [MESSAGE][PASSED] - Text 'Login failed!' is present on page 

29-01-2024T22:52:13 - [TEST_STEP][PASSED] - takeScreenshotAsCheckpoint("negatif 1 login katalon demo"): Taking screenshot successfully

29-01-2024T22:52:14 - [MESSAGE][INFO] - 0 hidden object(s)

29-01-2024T22:52:14 - [MESSAGE][PASSED] - Taking screenshot successfully
[[ATTACHMENT|keyes\keyes-negatif 1 login katalon demo.png]]

29-01-2024T22:52:14 - [TEST_STEP][PASSED] - click(findTestObject("Object Repository/katalon demo/Page_CURA Healthcare Service/button_Login")): Object: 'Object Repository/katalon demo/Page_CURA Healthcare Service/button_Login' is clicked on

29-01-2024T22:52:15 - [MESSAGE][PASSED] - Object: 'Object Repository/katalon demo/Page_CURA Healthcare Service/button_Login' is clicked on

29-01-2024T22:52:15 - [TEST_STEP][PASSED] - setText(findTestObject("katalon demo/Page_CURA Healthcare Service/input_username"), username2): Text 'bbbbb' is set on object 'Object Repository/katalon demo/Page_CURA Healthcare Service/input_username'

29-01-2024T22:52:16 - [MESSAGE][PASSED] - Text 'bbbbb' is set on object 'Object Repository/katalon demo/Page_CURA Healthcare Service/input_username'

29-01-2024T22:52:16 - [TEST_STEP][PASSED] - setText(findTestObject("katalon demo/Page_CURA Healthcare Service/input_password"), password2): Text 'bbbbbbbb' is set on object 'Object Repository/katalon demo/Page_CURA Healthcare Service/input_password'

29-01-2024T22:52:16 - [MESSAGE][PASSED] - Text 'bbbbbbbb' is set on object 'Object Repository/katalon demo/Page_CURA Healthcare Service/input_password'

29-01-2024T22:52:16 - [TEST_STEP][PASSED] - click(findTestObject("katalon demo/Page_CURA Healthcare Service/button_Login")): Object: 'Object Repository/katalon demo/Page_CURA Healthcare Service/button_Login' is clicked on

29-01-2024T22:52:35 - [MESSAGE][PASSED] - Object: 'Object Repository/katalon demo/Page_CURA Healthcare Service/button_Login' is clicked on

29-01-2024T22:52:35 - [TEST_STEP][PASSED] - verifyTextPresent("Login failed!", false): Text 'Login failed!' is present on page 

29-01-2024T22:52:35 - [MESSAGE][PASSED] - Text 'Login failed!' is present on page 

29-01-2024T22:52:35 - [TEST_STEP][PASSED] - takeScreenshotAsCheckpoint("negatif 2 login katalon demo"): Taking screenshot successfully

29-01-2024T22:52:35 - [MESSAGE][INFO] - 0 hidden object(s)

29-01-2024T22:52:35 - [MESSAGE][PASSED] - Taking screenshot successfully
[[ATTACHMENT|keyes\keyes-negatif 2 login katalon demo.png]]]]></system-out>
         <system-err><![CDATA[]]></system-err>
      </testcase>
      <system-out><![CDATA[29-01-2024T22:50:10 - [TEST_SUITE][PASSED] - katalon demo: Test Cases/Katalon Demo/negatif login katalon demo]]></system-out>
      <system-err><![CDATA[]]></system-err>
   </testsuite>
   <testsuite name="katalon demo" tests="8" failures="0" errors="0" time="132.427" skipped="0" timestamp="29-01-2024T22:52:43" hostname="0517 - Pierrot" id="Test Suites/katalon demo">
      <properties>
         <property name="deviceName" value=""/>
         <property name="devicePlatform" value=""/>
         <property name="logFolder" value="C:\\Users\\0517\\Katalon Studio\\poc bni\\Reports\\20240129_222034\\katalon demo\\20240129_222149"/>
         <property name="logFiles" value="C:\\Users\\0517\\Katalon Studio\\poc bni\\Reports\\20240129_222034\\katalon demo\\20240129_222149\\execution0.log"/>
         <property name="attachments" value="keyes\keyes-login katalon demo.png, keyes\keyes-appointment katalon demo.png, keyes\keyes-appointment 1 katalon demo.png, keyes\keyes-appointment 2 katalon demo.png, keyes\keyes-history katalon demo.png, keyes\keyes-profile katalon demo.png, keyes\keyes-logout katalon demo.png, keyes\keyes-negatif 1 login katalon demo.png, keyes\keyes-negatif 2 login katalon demo.png"/>
         <property name="hostName" value="0517 - Pierrot"/>
         <property name="os" value="Windows 10 64bit"/>
         <property name="katalonVersion" value="9.2.0.212"/>
         <property name="browser" value="Chrome 121.0.0.0"/>
         <property name="hostAddress" value="192.168.96.2"/>
         <property name="sessionId" value="b7f8ac3c98c6372e6a3b32e849c84ee1"/>
         <property name="seleniumVersion" value="3.141.59"/>
         <property name="proxyInformation" value="ProxyInformation { proxyOption=NO_PROXY, proxyServerType=HTTP, username=, password=********, proxyServerAddress=, proxyServerPort=0, executionList=&quot;&quot;, isApplyToDesiredCapabilities=true }"/>
         <property name="platform" value="Windows 10"/>
      </properties>
      <testcase name="Test Cases/Katalon Demo/login katalon demo" time="22.079" classname="Test Cases/Katalon Demo/login katalon demo" status="PASSED">
         <system-out><![CDATA[29-01-2024T22:52:43 - [TEST_CASE][PASSED] - Test Cases/Katalon Demo/login katalon demo: Test Cases/Katalon Demo/login katalon demo

29-01-2024T22:52:43 - [TEST_STEP][PASSED] - openBrowser(""): Browser is opened with url: ''

29-01-2024T22:52:44 - [MESSAGE][INFO] - Starting 'Chrome' driver

29-01-2024T22:52:44 - [MESSAGE][INFO] - Action delay is set to 0 milliseconds

29-01-2024T22:52:46 - [MESSAGE][PASSED] - Browser is opened with url: ''

29-01-2024T22:52:46 - [TEST_STEP][PASSED] - navigateToUrl("https://katalon-demo-cura.herokuapp.com/"): Navigate to 'https://katalon-demo-cura.herokuapp.com/' successfully

29-01-2024T22:52:58 - [MESSAGE][PASSED] - Navigate to 'https://katalon-demo-cura.herokuapp.com/' successfully

29-01-2024T22:52:58 - [TEST_STEP][PASSED] - click(findTestObject("Object Repository/katalon demo/Page_CURA Healthcare Service/amenu-toggle")): Object: 'Object Repository/katalon demo/Page_CURA Healthcare Service/amenu-toggle' is clicked on

29-01-2024T22:52:59 - [MESSAGE][PASSED] - Object: 'Object Repository/katalon demo/Page_CURA Healthcare Service/amenu-toggle' is clicked on

29-01-2024T22:52:59 - [TEST_STEP][PASSED] - click(findTestObject("Object Repository/katalon demo/Page_CURA Healthcare Service/a_Login")): Object: 'Object Repository/katalon demo/Page_CURA Healthcare Service/a_Login' is clicked on

29-01-2024T22:53:00 - [MESSAGE][PASSED] - Object: 'Object Repository/katalon demo/Page_CURA Healthcare Service/a_Login' is clicked on

29-01-2024T22:53:00 - [TEST_STEP][PASSED] - setText(findTestObject("Object Repository/katalon demo/Page_CURA Healthcare Service/input_username"), "John Doe"): Text 'John Doe' is set on object 'Object Repository/katalon demo/Page_CURA Healthcare Service/input_username'

29-01-2024T22:53:01 - [MESSAGE][PASSED] - Text 'John Doe' is set on object 'Object Repository/katalon demo/Page_CURA Healthcare Service/input_username'

29-01-2024T22:53:01 - [TEST_STEP][PASSED] - setEncryptedText(findTestObject("Object Repository/katalon demo/Page_CURA Healthcare Service/input_password"), "g3/DOGG74jC3Flrr3yH+3D/yKbOqqUNM"): Text ****** has been set on object 'Object Repository/katalon demo/Page_CURA Healthcare Service/input_password'

29-01-2024T22:53:01 - [MESSAGE][PASSED] - Text ****** has been set on object 'Object Repository/katalon demo/Page_CURA Healthcare Service/input_password'

29-01-2024T22:53:01 - [TEST_STEP][PASSED] - takeScreenshotAsCheckpoint("login katalon demo", STOP_ON_FAILURE): Taking screenshot successfully

29-01-2024T22:53:02 - [MESSAGE][INFO] - 0 hidden object(s)

29-01-2024T22:53:02 - [MESSAGE][PASSED] - Taking screenshot successfully
[[ATTACHMENT|keyes\keyes-login katalon demo.png]]

29-01-2024T22:53:02 - [TEST_STEP][PASSED] - click(findTestObject("Object Repository/katalon demo/Page_CURA Healthcare Service/button_Login")): Object: 'Object Repository/katalon demo/Page_CURA Healthcare Service/button_Login' is clicked on

29-01-2024T22:53:05 - [MESSAGE][PASSED] - Object: 'Object Repository/katalon demo/Page_CURA Healthcare Service/button_Login' is clicked on]]></system-out>
         <system-err><![CDATA[]]></system-err>
      </testcase>
      <testcase name="Test Cases/Katalon Demo/make appointment katalon demo" time="6.67" classname="Test Cases/Katalon Demo/make appointment katalon demo" status="PASSED">
         <system-out><![CDATA[29-01-2024T22:53:05 - [TEST_CASE][PASSED] - Test Cases/Katalon Demo/make appointment katalon demo: Test Cases/Katalon Demo/make appointment katalon demo

29-01-2024T22:53:05 - [TEST_STEP][PASSED] - selectOptionByValue(findTestObject("Object Repository/katalon demo/Page_CURA Healthcare Service/select_Tokyo"), "Hongkong CURA Healthcare Center", true): All options with value 'Hongkong CURA Healthcare Center' are selected in object 'Object Repository/katalon demo/Page_CURA Healthcare Service/select_Tokyo'  using regular expression

29-01-2024T22:53:06 - [MESSAGE][PASSED] - All options with value 'Hongkong CURA Healthcare Center' are selected in object 'Object Repository/katalon demo/Page_CURA Healthcare Service/select_Tokyo'  using regular expression

29-01-2024T22:53:06 - [TEST_STEP][PASSED] - click(findTestObject("Object Repository/katalon demo/Page_CURA Healthcare Service/label_Apply for hospital readmission")): Object: 'Object Repository/katalon demo/Page_CURA Healthcare Service/label_Apply for hospital readmission' is clicked on

29-01-2024T22:53:07 - [MESSAGE][PASSED] - Object: 'Object Repository/katalon demo/Page_CURA Healthcare Service/label_Apply for hospital readmission' is clicked on

29-01-2024T22:53:07 - [TEST_STEP][PASSED] - click(findTestObject("Object Repository/katalon demo/Page_CURA Healthcare Service/input_programs")): Object: 'Object Repository/katalon demo/Page_CURA Healthcare Service/input_programs' is clicked on

29-01-2024T22:53:07 - [MESSAGE][PASSED] - Object: 'Object Repository/katalon demo/Page_CURA Healthcare Service/input_programs' is clicked on

29-01-2024T22:53:07 - [TEST_STEP][PASSED] - click(findTestObject("Object Repository/katalon demo/Page_CURA Healthcare Service/span_glyphicon glyphicon-calendar")): Object: 'Object Repository/katalon demo/Page_CURA Healthcare Service/span_glyphicon glyphicon-calendar' is clicked on

29-01-2024T22:53:08 - [MESSAGE][PASSED] - Object: 'Object Repository/katalon demo/Page_CURA Healthcare Service/span_glyphicon glyphicon-calendar' is clicked on

29-01-2024T22:53:08 - [TEST_STEP][PASSED] - click(findTestObject("Object Repository/katalon demo/Page_CURA Healthcare Service/td_31")): Object: 'Object Repository/katalon demo/Page_CURA Healthcare Service/td_31' is clicked on

29-01-2024T22:53:08 - [MESSAGE][PASSED] - Object: 'Object Repository/katalon demo/Page_CURA Healthcare Service/td_31' is clicked on

29-01-2024T22:53:08 - [TEST_STEP][PASSED] - setText(findTestObject("Object Repository/katalon demo/Page_CURA Healthcare Service/textarea_comment"), "tes katalon demo"): Text 'tes katalon demo' is set on object 'Object Repository/katalon demo/Page_CURA Healthcare Service/textarea_comment'

29-01-2024T22:53:09 - [MESSAGE][PASSED] - Text 'tes katalon demo' is set on object 'Object Repository/katalon demo/Page_CURA Healthcare Service/textarea_comment'

29-01-2024T22:53:09 - [TEST_STEP][PASSED] - click(findTestObject("Object Repository/katalon demo/Page_CURA Healthcare Service/button_Book Appointment")): Object: 'Object Repository/katalon demo/Page_CURA Healthcare Service/button_Book Appointment' is clicked on

29-01-2024T22:53:10 - [MESSAGE][PASSED] - Object: 'Object Repository/katalon demo/Page_CURA Healthcare Service/button_Book Appointment' is clicked on

29-01-2024T22:53:10 - [TEST_STEP][PASSED] - verifyTextPresent("Appointment Confirmation", false): Text 'Appointment Confirmation' is present on page 

29-01-2024T22:53:10 - [MESSAGE][PASSED] - Text 'Appointment Confirmation' is present on page 

29-01-2024T22:53:10 - [TEST_STEP][PASSED] - takeScreenshotAsCheckpoint("appointment katalon demo"): Taking screenshot successfully

29-01-2024T22:53:11 - [MESSAGE][INFO] - 0 hidden object(s)

29-01-2024T22:53:11 - [MESSAGE][PASSED] - Taking screenshot successfully
[[ATTACHMENT|keyes\keyes-appointment katalon demo.png]]

29-01-2024T22:53:11 - [TEST_STEP][PASSED] - click(findTestObject("Object Repository/katalon demo/Page_CURA Healthcare Service/a_Go to Homepage")): Object: 'Object Repository/katalon demo/Page_CURA Healthcare Service/a_Go to Homepage' is clicked on

29-01-2024T22:53:12 - [MESSAGE][PASSED] - Object: 'Object Repository/katalon demo/Page_CURA Healthcare Service/a_Go to Homepage' is clicked on]]></system-out>
         <system-err><![CDATA[]]></system-err>
      </testcase>
      <testcase name="Test Cases/Katalon Demo/make appointment katalon demo 1" time="5.706" classname="Test Cases/Katalon Demo/make appointment katalon demo 1" status="PASSED">
         <system-out><![CDATA[29-01-2024T22:53:12 - [TEST_CASE][PASSED] - Test Cases/Katalon Demo/make appointment katalon demo 1: Test Cases/Katalon Demo/make appointment katalon demo 1

29-01-2024T22:53:12 - [TEST_STEP][PASSED] - selectOptionByValue(findTestObject("Object Repository/katalon demo/Page_CURA Healthcare Service/select_Tokyo"), "Seoul CURA Healthcare Center", true): All options with value 'Seoul CURA Healthcare Center' are selected in object 'Object Repository/katalon demo/Page_CURA Healthcare Service/select_Tokyo'  using regular expression

29-01-2024T22:53:13 - [MESSAGE][PASSED] - All options with value 'Seoul CURA Healthcare Center' are selected in object 'Object Repository/katalon demo/Page_CURA Healthcare Service/select_Tokyo'  using regular expression

29-01-2024T22:53:13 - [TEST_STEP][PASSED] - click(findTestObject("Object Repository/katalon demo/Page_CURA Healthcare Service/input_hospital_readmission")): Object: 'Object Repository/katalon demo/Page_CURA Healthcare Service/input_hospital_readmission' is clicked on

29-01-2024T22:53:13 - [MESSAGE][PASSED] - Object: 'Object Repository/katalon demo/Page_CURA Healthcare Service/input_hospital_readmission' is clicked on

29-01-2024T22:53:13 - [TEST_STEP][PASSED] - click(findTestObject("Object Repository/katalon demo/Page_CURA Healthcare Service/input_programs")): Object: 'Object Repository/katalon demo/Page_CURA Healthcare Service/input_programs' is clicked on

29-01-2024T22:53:13 - [MESSAGE][PASSED] - Object: 'Object Repository/katalon demo/Page_CURA Healthcare Service/input_programs' is clicked on

29-01-2024T22:53:13 - [TEST_STEP][PASSED] - click(findTestObject("Object Repository/katalon demo/Page_CURA Healthcare Service/span_glyphicon glyphicon-calendar")): Object: 'Object Repository/katalon demo/Page_CURA Healthcare Service/span_glyphicon glyphicon-calendar' is clicked on

29-01-2024T22:53:14 - [MESSAGE][PASSED] - Object: 'Object Repository/katalon demo/Page_CURA Healthcare Service/span_glyphicon glyphicon-calendar' is clicked on

29-01-2024T22:53:14 - [TEST_STEP][PASSED] - click(findTestObject("Object Repository/katalon demo/Page_CURA Healthcare Service/td_30")): Object: 'Object Repository/katalon demo/Page_CURA Healthcare Service/td_30' is clicked on

29-01-2024T22:53:14 - [MESSAGE][PASSED] - Object: 'Object Repository/katalon demo/Page_CURA Healthcare Service/td_30' is clicked on

29-01-2024T22:53:14 - [TEST_STEP][PASSED] - setText(findTestObject("Object Repository/katalon demo/Page_CURA Healthcare Service/textarea_comment"), "tes katalon"): Text 'tes katalon' is set on object 'Object Repository/katalon demo/Page_CURA Healthcare Service/textarea_comment'

29-01-2024T22:53:15 - [MESSAGE][PASSED] - Text 'tes katalon' is set on object 'Object Repository/katalon demo/Page_CURA Healthcare Service/textarea_comment'

29-01-2024T22:53:15 - [TEST_STEP][PASSED] - click(findTestObject("Object Repository/katalon demo/Page_CURA Healthcare Service/button_Book Appointment")): Object: 'Object Repository/katalon demo/Page_CURA Healthcare Service/button_Book Appointment' is clicked on

29-01-2024T22:53:16 - [MESSAGE][PASSED] - Object: 'Object Repository/katalon demo/Page_CURA Healthcare Service/button_Book Appointment' is clicked on

29-01-2024T22:53:16 - [TEST_STEP][PASSED] - verifyTextPresent("Appointment Confirmation", false): Text 'Appointment Confirmation' is present on page 

29-01-2024T22:53:16 - [MESSAGE][PASSED] - Text 'Appointment Confirmation' is present on page 

29-01-2024T22:53:16 - [TEST_STEP][PASSED] - takeScreenshotAsCheckpoint("appointment 1 katalon demo"): Taking screenshot successfully

29-01-2024T22:53:17 - [MESSAGE][INFO] - 0 hidden object(s)

29-01-2024T22:53:17 - [MESSAGE][PASSED] - Taking screenshot successfully
[[ATTACHMENT|keyes\keyes-appointment 1 katalon demo.png]]

29-01-2024T22:53:17 - [TEST_STEP][PASSED] - click(findTestObject("Object Repository/katalon demo/Page_CURA Healthcare Service/a_Go to Homepage")): Object: 'Object Repository/katalon demo/Page_CURA Healthcare Service/a_Go to Homepage' is clicked on

29-01-2024T22:53:17 - [MESSAGE][PASSED] - Object: 'Object Repository/katalon demo/Page_CURA Healthcare Service/a_Go to Homepage' is clicked on]]></system-out>
         <system-err><![CDATA[]]></system-err>
      </testcase>
      <testcase name="Test Cases/Katalon Demo/make appointment katalon demo 2" time="5.477" classname="Test Cases/Katalon Demo/make appointment katalon demo 2" status="PASSED">
         <system-out><![CDATA[29-01-2024T22:53:17 - [TEST_CASE][PASSED] - Test Cases/Katalon Demo/make appointment katalon demo 2: Test Cases/Katalon Demo/make appointment katalon demo 2

29-01-2024T22:53:17 - [TEST_STEP][PASSED] - click(findTestObject("Object Repository/katalon demo/Page_CURA Healthcare Service/label_Apply for hospital readmission")): Object: 'Object Repository/katalon demo/Page_CURA Healthcare Service/label_Apply for hospital readmission' is clicked on

29-01-2024T22:53:18 - [MESSAGE][PASSED] - Object: 'Object Repository/katalon demo/Page_CURA Healthcare Service/label_Apply for hospital readmission' is clicked on

29-01-2024T22:53:18 - [TEST_STEP][PASSED] - click(findTestObject("Object Repository/katalon demo/Page_CURA Healthcare Service/input_programs")): Object: 'Object Repository/katalon demo/Page_CURA Healthcare Service/input_programs' is clicked on

29-01-2024T22:53:18 - [MESSAGE][PASSED] - Object: 'Object Repository/katalon demo/Page_CURA Healthcare Service/input_programs' is clicked on

29-01-2024T22:53:18 - [TEST_STEP][PASSED] - click(findTestObject("Object Repository/katalon demo/Page_CURA Healthcare Service/input_visit_date")): Object: 'Object Repository/katalon demo/Page_CURA Healthcare Service/input_visit_date' is clicked on

29-01-2024T22:53:18 - [MESSAGE][PASSED] - Object: 'Object Repository/katalon demo/Page_CURA Healthcare Service/input_visit_date' is clicked on

29-01-2024T22:53:18 - [TEST_STEP][PASSED] - click(findTestObject("Object Repository/katalon demo/Page_CURA Healthcare Service/th_")): Object: 'Object Repository/katalon demo/Page_CURA Healthcare Service/th_' is clicked on

29-01-2024T22:53:19 - [MESSAGE][PASSED] - Object: 'Object Repository/katalon demo/Page_CURA Healthcare Service/th_' is clicked on

29-01-2024T22:53:19 - [TEST_STEP][PASSED] - click(findTestObject("Object Repository/katalon demo/Page_CURA Healthcare Service/td_28")): Object: 'Object Repository/katalon demo/Page_CURA Healthcare Service/td_28' is clicked on

29-01-2024T22:53:20 - [MESSAGE][PASSED] - Object: 'Object Repository/katalon demo/Page_CURA Healthcare Service/td_28' is clicked on

29-01-2024T22:53:20 - [TEST_STEP][PASSED] - setText(findTestObject("Object Repository/katalon demo/Page_CURA Healthcare Service/textarea_comment"), "tes katalon"): Text 'tes katalon' is set on object 'Object Repository/katalon demo/Page_CURA Healthcare Service/textarea_comment'

29-01-2024T22:53:20 - [MESSAGE][PASSED] - Text 'tes katalon' is set on object 'Object Repository/katalon demo/Page_CURA Healthcare Service/textarea_comment'

29-01-2024T22:53:20 - [TEST_STEP][PASSED] - click(findTestObject("Object Repository/katalon demo/Page_CURA Healthcare Service/button_Book Appointment")): Object: 'Object Repository/katalon demo/Page_CURA Healthcare Service/button_Book Appointment' is clicked on

29-01-2024T22:53:21 - [MESSAGE][PASSED] - Object: 'Object Repository/katalon demo/Page_CURA Healthcare Service/button_Book Appointment' is clicked on

29-01-2024T22:53:21 - [TEST_STEP][PASSED] - verifyTextPresent("Appointment Confirmation", false): Text 'Appointment Confirmation' is present on page 

29-01-2024T22:53:22 - [MESSAGE][PASSED] - Text 'Appointment Confirmation' is present on page 

29-01-2024T22:53:22 - [TEST_STEP][PASSED] - takeScreenshotAsCheckpoint("appointment 2 katalon demo"): Taking screenshot successfully

29-01-2024T22:53:22 - [MESSAGE][INFO] - 0 hidden object(s)

29-01-2024T22:53:22 - [MESSAGE][PASSED] - Taking screenshot successfully
[[ATTACHMENT|keyes\keyes-appointment 2 katalon demo.png]]

29-01-2024T22:53:22 - [TEST_STEP][PASSED] - click(findTestObject("Object Repository/katalon demo/Page_CURA Healthcare Service/a_Go to Homepage")): Object: 'Object Repository/katalon demo/Page_CURA Healthcare Service/a_Go to Homepage' is clicked on

29-01-2024T22:53:23 - [MESSAGE][PASSED] - Object: 'Object Repository/katalon demo/Page_CURA Healthcare Service/a_Go to Homepage' is clicked on]]></system-out>
         <system-err><![CDATA[]]></system-err>
      </testcase>
      <testcase name="Test Cases/Katalon Demo/history katalon demo" time="66.956" classname="Test Cases/Katalon Demo/history katalon demo" status="PASSED">
         <system-out><![CDATA[29-01-2024T22:53:23 - [TEST_CASE][PASSED] - Test Cases/Katalon Demo/history katalon demo: Test Cases/Katalon Demo/history katalon demo

29-01-2024T22:53:23 - [TEST_STEP][PASSED] - click(findTestObject("Object Repository/katalon demo/Page_CURA Healthcare Service/amenu-toggle")): Object: 'Object Repository/katalon demo/Page_CURA Healthcare Service/amenu-toggle' is clicked on

29-01-2024T22:53:23 - [MESSAGE][PASSED] - Object: 'Object Repository/katalon demo/Page_CURA Healthcare Service/amenu-toggle' is clicked on

29-01-2024T22:53:23 - [TEST_STEP][PASSED] - click(findTestObject("Object Repository/katalon demo/Page_CURA Healthcare Service/a_History")): Object: 'Object Repository/katalon demo/Page_CURA Healthcare Service/a_History' is clicked on

29-01-2024T22:53:24 - [MESSAGE][PASSED] - Object: 'Object Repository/katalon demo/Page_CURA Healthcare Service/a_History' is clicked on

29-01-2024T22:53:24 - [TEST_STEP][PASSED] - takeScreenshotAsCheckpoint("history katalon demo"): Taking screenshot successfully

29-01-2024T22:53:25 - [MESSAGE][INFO] - 0 hidden object(s)

29-01-2024T22:53:25 - [MESSAGE][PASSED] - Taking screenshot successfully
[[ATTACHMENT|keyes\keyes-history katalon demo.png]]

29-01-2024T22:53:25 - [TEST_STEP][PASSED] - scrollToElement(findTestObject("katalon demo/Page_CURA Healthcare Service/a_Go to Homepage"), 3): Scroll to object 'Object Repository/katalon demo/Page_CURA Healthcare Service/a_Go to Homepage' successfully

29-01-2024T22:53:56 - [MESSAGE][INFO] - Unable to find the element located by 'By.xpath: //section[@id='summary']/div/div/div[7]/p/a'. Please recheck the objects properties to make sure the desired element is located. 

29-01-2024T22:53:56 - [MESSAGE][WARNING] - [SELF-HEALING] Failed to find element with id 'Object Repository/katalon demo/Page_CURA Healthcare Service/a_Go to Homepage'. Try using Self-healing.

29-01-2024T22:53:56 - [MESSAGE][WARNING] - [SELF-HEALING] The current locator of test object 'Object Repository/katalon demo/Page_CURA Healthcare Service/a_Go to Homepage' was broken. Propose an alternative one: '//a[contains(text(),'Go to Homepage')]'.

29-01-2024T22:53:56 - [MESSAGE][PASSED] - Scroll to object 'Object Repository/katalon demo/Page_CURA Healthcare Service/a_Go to Homepage' successfully

29-01-2024T22:53:56 - [TEST_STEP][PASSED] - click(findTestObject("Object Repository/katalon demo/Page_CURA Healthcare Service/a_Go to Homepage")): Object: 'Object Repository/katalon demo/Page_CURA Healthcare Service/a_Go to Homepage' is clicked on

29-01-2024T22:54:27 - [MESSAGE][INFO] - Unable to find the element located by 'By.xpath: //section[@id='summary']/div/div/div[7]/p/a'. Please recheck the objects properties to make sure the desired element is located. 

29-01-2024T22:54:27 - [MESSAGE][WARNING] - [SELF-HEALING] Failed to find element with id 'Object Repository/katalon demo/Page_CURA Healthcare Service/a_Go to Homepage'. Try using Self-healing.

29-01-2024T22:54:28 - [MESSAGE][WARNING] - [SELF-HEALING] The current locator of test object 'Object Repository/katalon demo/Page_CURA Healthcare Service/a_Go to Homepage' was broken. Propose an alternative one: '//a[contains(text(),'Go to Homepage')]'.

29-01-2024T22:54:30 - [MESSAGE][PASSED] - Object: 'Object Repository/katalon demo/Page_CURA Healthcare Service/a_Go to Homepage' is clicked on]]></system-out>
         <system-err><![CDATA[]]></system-err>
      </testcase>
      <testcase name="Test Cases/Katalon Demo/profile katalon demo" time="3.157" classname="Test Cases/Katalon Demo/profile katalon demo" status="PASSED">
         <system-out><![CDATA[29-01-2024T22:54:30 - [TEST_CASE][PASSED] - Test Cases/Katalon Demo/profile katalon demo: Test Cases/Katalon Demo/profile katalon demo

29-01-2024T22:54:30 - [TEST_STEP][PASSED] - click(findTestObject("Object Repository/katalon demo/Page_CURA Healthcare Service/i_fa fa-bars")): Object: 'Object Repository/katalon demo/Page_CURA Healthcare Service/i_fa fa-bars' is clicked on

29-01-2024T22:54:30 - [MESSAGE][PASSED] - Object: 'Object Repository/katalon demo/Page_CURA Healthcare Service/i_fa fa-bars' is clicked on

29-01-2024T22:54:30 - [TEST_STEP][PASSED] - click(findTestObject("Object Repository/katalon demo/Page_CURA Healthcare Service/a_Profile")): Object: 'Object Repository/katalon demo/Page_CURA Healthcare Service/a_Profile' is clicked on

29-01-2024T22:54:31 - [MESSAGE][PASSED] - Object: 'Object Repository/katalon demo/Page_CURA Healthcare Service/a_Profile' is clicked on

29-01-2024T22:54:31 - [TEST_STEP][PASSED] - takeScreenshotAsCheckpoint("profile katalon demo"): Taking screenshot successfully

29-01-2024T22:54:32 - [MESSAGE][INFO] - 0 hidden object(s)

29-01-2024T22:54:32 - [MESSAGE][PASSED] - Taking screenshot successfully
[[ATTACHMENT|keyes\keyes-profile katalon demo.png]]

29-01-2024T22:54:32 - [TEST_STEP][PASSED] - click(findTestObject("Object Repository/katalon demo/Page_CURA Healthcare Service/i_fa fa-bars")): Object: 'Object Repository/katalon demo/Page_CURA Healthcare Service/i_fa fa-bars' is clicked on

29-01-2024T22:54:32 - [MESSAGE][PASSED] - Object: 'Object Repository/katalon demo/Page_CURA Healthcare Service/i_fa fa-bars' is clicked on

29-01-2024T22:54:32 - [TEST_STEP][PASSED] - click(findTestObject("Object Repository/katalon demo/Page_CURA Healthcare Service/a_Home")): Object: 'Object Repository/katalon demo/Page_CURA Healthcare Service/a_Home' is clicked on

29-01-2024T22:54:33 - [MESSAGE][PASSED] - Object: 'Object Repository/katalon demo/Page_CURA Healthcare Service/a_Home' is clicked on]]></system-out>
         <system-err><![CDATA[]]></system-err>
      </testcase>
      <testcase name="Test Cases/Katalon Demo/logout katalon demo" time="2.65" classname="Test Cases/Katalon Demo/logout katalon demo" status="PASSED">
         <system-out><![CDATA[29-01-2024T22:54:33 - [TEST_CASE][PASSED] - Test Cases/Katalon Demo/logout katalon demo: Test Cases/Katalon Demo/logout katalon demo

29-01-2024T22:54:33 - [TEST_STEP][PASSED] - click(findTestObject("Object Repository/katalon demo/Page_CURA Healthcare Service/i_fa fa-bars")): Object: 'Object Repository/katalon demo/Page_CURA Healthcare Service/i_fa fa-bars' is clicked on

29-01-2024T22:54:33 - [MESSAGE][PASSED] - Object: 'Object Repository/katalon demo/Page_CURA Healthcare Service/i_fa fa-bars' is clicked on

29-01-2024T22:54:33 - [TEST_STEP][PASSED] - takeScreenshotAsCheckpoint("logout katalon demo"): Taking screenshot successfully

29-01-2024T22:54:34 - [MESSAGE][INFO] - 0 hidden object(s)

29-01-2024T22:54:34 - [MESSAGE][PASSED] - Taking screenshot successfully
[[ATTACHMENT|keyes\keyes-logout katalon demo.png]]

29-01-2024T22:54:34 - [TEST_STEP][PASSED] - click(findTestObject("Object Repository/katalon demo/Page_CURA Healthcare Service/a_Logout")): Object: 'Object Repository/katalon demo/Page_CURA Healthcare Service/a_Logout' is clicked on

29-01-2024T22:54:35 - [MESSAGE][PASSED] - Object: 'Object Repository/katalon demo/Page_CURA Healthcare Service/a_Logout' is clicked on

29-01-2024T22:54:35 - [TEST_STEP][PASSED] - closeBrowser(): Browser is closed

29-01-2024T22:54:36 - [MESSAGE][PASSED] - Browser is closed]]></system-out>
         <system-err><![CDATA[]]></system-err>
      </testcase>
      <testcase name="Test Cases/Katalon Demo/negatif login katalon demo" time="19.409" classname="Test Cases/Katalon Demo/negatif login katalon demo" status="PASSED">
         <system-out><![CDATA[29-01-2024T22:54:36 - [TEST_CASE][PASSED] - Test Cases/Katalon Demo/negatif login katalon demo: Test Cases/Katalon Demo/negatif login katalon demo

29-01-2024T22:54:36 - [TEST_STEP][PASSED] - openBrowser(""): Browser is opened with url: ''

29-01-2024T22:54:36 - [MESSAGE][INFO] - Starting 'Chrome' driver

29-01-2024T22:54:36 - [MESSAGE][INFO] - Action delay is set to 0 milliseconds

29-01-2024T22:54:37 - [MESSAGE][PASSED] - Browser is opened with url: ''

29-01-2024T22:54:37 - [TEST_STEP][PASSED] - navigateToUrl("https://katalon-demo-cura.herokuapp.com/"): Navigate to 'https://katalon-demo-cura.herokuapp.com/' successfully

29-01-2024T22:54:46 - [MESSAGE][PASSED] - Navigate to 'https://katalon-demo-cura.herokuapp.com/' successfully

29-01-2024T22:54:46 - [TEST_STEP][PASSED] - click(findTestObject("Object Repository/katalon demo/Page_CURA Healthcare Service/amenu-toggle")): Object: 'Object Repository/katalon demo/Page_CURA Healthcare Service/amenu-toggle' is clicked on

29-01-2024T22:54:46 - [MESSAGE][PASSED] - Object: 'Object Repository/katalon demo/Page_CURA Healthcare Service/amenu-toggle' is clicked on

29-01-2024T22:54:46 - [TEST_STEP][PASSED] - click(findTestObject("Object Repository/katalon demo/Page_CURA Healthcare Service/a_Login")): Object: 'Object Repository/katalon demo/Page_CURA Healthcare Service/a_Login' is clicked on

29-01-2024T22:54:47 - [MESSAGE][PASSED] - Object: 'Object Repository/katalon demo/Page_CURA Healthcare Service/a_Login' is clicked on

29-01-2024T22:54:47 - [TEST_STEP][PASSED] - setText(findTestObject("Object Repository/katalon demo/Page_CURA Healthcare Service/input_username"), username1): Text 'aaaaa' is set on object 'Object Repository/katalon demo/Page_CURA Healthcare Service/input_username'

29-01-2024T22:54:48 - [MESSAGE][PASSED] - Text 'aaaaa' is set on object 'Object Repository/katalon demo/Page_CURA Healthcare Service/input_username'

29-01-2024T22:54:48 - [TEST_STEP][PASSED] - setText(findTestObject("Object Repository/katalon demo/Page_CURA Healthcare Service/input_password"), password1): Text 'aaaaaaaa' is set on object 'Object Repository/katalon demo/Page_CURA Healthcare Service/input_password'

29-01-2024T22:54:49 - [MESSAGE][PASSED] - Text 'aaaaaaaa' is set on object 'Object Repository/katalon demo/Page_CURA Healthcare Service/input_password'

29-01-2024T22:54:49 - [TEST_STEP][PASSED] - click(findTestObject("katalon demo/Page_CURA Healthcare Service/button_Login")): Object: 'Object Repository/katalon demo/Page_CURA Healthcare Service/button_Login' is clicked on

29-01-2024T22:54:50 - [MESSAGE][PASSED] - Object: 'Object Repository/katalon demo/Page_CURA Healthcare Service/button_Login' is clicked on

29-01-2024T22:54:50 - [TEST_STEP][PASSED] - verifyTextPresent("Login failed!", false): Text 'Login failed!' is present on page 

29-01-2024T22:54:50 - [MESSAGE][PASSED] - Text 'Login failed!' is present on page 

29-01-2024T22:54:50 - [TEST_STEP][PASSED] - takeScreenshotAsCheckpoint("negatif 1 login katalon demo"): Taking screenshot successfully

29-01-2024T22:54:51 - [MESSAGE][INFO] - 0 hidden object(s)

29-01-2024T22:54:51 - [MESSAGE][PASSED] - Taking screenshot successfully
[[ATTACHMENT|keyes\keyes-negatif 1 login katalon demo.png]]

29-01-2024T22:54:51 - [TEST_STEP][PASSED] - click(findTestObject("Object Repository/katalon demo/Page_CURA Healthcare Service/button_Login")): Object: 'Object Repository/katalon demo/Page_CURA Healthcare Service/button_Login' is clicked on

29-01-2024T22:54:52 - [MESSAGE][PASSED] - Object: 'Object Repository/katalon demo/Page_CURA Healthcare Service/button_Login' is clicked on

29-01-2024T22:54:52 - [TEST_STEP][PASSED] - setText(findTestObject("katalon demo/Page_CURA Healthcare Service/input_username"), username2): Text 'bbbbb' is set on object 'Object Repository/katalon demo/Page_CURA Healthcare Service/input_username'

29-01-2024T22:54:53 - [MESSAGE][PASSED] - Text 'bbbbb' is set on object 'Object Repository/katalon demo/Page_CURA Healthcare Service/input_username'

29-01-2024T22:54:53 - [TEST_STEP][PASSED] - setText(findTestObject("katalon demo/Page_CURA Healthcare Service/input_password"), password2): Text 'bbbbbbbb' is set on object 'Object Repository/katalon demo/Page_CURA Healthcare Service/input_password'

29-01-2024T22:54:53 - [MESSAGE][PASSED] - Text 'bbbbbbbb' is set on object 'Object Repository/katalon demo/Page_CURA Healthcare Service/input_password'

29-01-2024T22:54:53 - [TEST_STEP][PASSED] - click(findTestObject("katalon demo/Page_CURA Healthcare Service/button_Login")): Object: 'Object Repository/katalon demo/Page_CURA Healthcare Service/button_Login' is clicked on

29-01-2024T22:54:54 - [MESSAGE][PASSED] - Object: 'Object Repository/katalon demo/Page_CURA Healthcare Service/button_Login' is clicked on

29-01-2024T22:54:54 - [TEST_STEP][PASSED] - verifyTextPresent("Login failed!", false): Text 'Login failed!' is present on page 

29-01-2024T22:54:55 - [MESSAGE][PASSED] - Text 'Login failed!' is present on page 

29-01-2024T22:54:55 - [TEST_STEP][PASSED] - takeScreenshotAsCheckpoint("negatif 2 login katalon demo"): Taking screenshot successfully

29-01-2024T22:54:55 - [MESSAGE][INFO] - 0 hidden object(s)

29-01-2024T22:54:55 - [MESSAGE][PASSED] - Taking screenshot successfully
[[ATTACHMENT|keyes\keyes-negatif 2 login katalon demo.png]]]]></system-out>
         <system-err><![CDATA[]]></system-err>
      </testcase>
      <system-out><![CDATA[29-01-2024T22:52:43 - [TEST_SUITE][PASSED] - katalon demo: Test Cases/Katalon Demo/negatif login katalon demo]]></system-out>
      <system-err><![CDATA[]]></system-err>
   </testsuite>
   <testsuite name="katalon demo" tests="8" failures="0" errors="0" time="126.799" skipped="0" timestamp="29-01-2024T22:55:03" hostname="0517 - Pierrot" id="Test Suites/katalon demo">
      <properties>
         <property name="deviceName" value=""/>
         <property name="devicePlatform" value=""/>
         <property name="logFolder" value="C:\\Users\\0517\\Katalon Studio\\poc bni\\Reports\\20240129_222034\\katalon demo\\20240129_222155"/>
         <property name="logFiles" value="C:\\Users\\0517\\Katalon Studio\\poc bni\\Reports\\20240129_222034\\katalon demo\\20240129_222155\\execution0.log"/>
         <property name="attachments" value="keyes\keyes-login katalon demo.png, keyes\keyes-appointment katalon demo.png, keyes\keyes-appointment 1 katalon demo.png, keyes\keyes-appointment 2 katalon demo.png, keyes\keyes-history katalon demo.png, keyes\keyes-profile katalon demo.png, keyes\keyes-logout katalon demo.png, keyes\keyes-negatif 1 login katalon demo.png, keyes\keyes-negatif 2 login katalon demo.png"/>
         <property name="hostName" value="0517 - Pierrot"/>
         <property name="os" value="Windows 10 64bit"/>
         <property name="katalonVersion" value="9.2.0.212"/>
         <property name="browser" value="Chrome 121.0.0.0"/>
         <property name="hostAddress" value="192.168.96.2"/>
         <property name="sessionId" value="e4aeb9c4175ded8d11bc59b2b8d21631"/>
         <property name="seleniumVersion" value="3.141.59"/>
         <property name="proxyInformation" value="ProxyInformation { proxyOption=NO_PROXY, proxyServerType=HTTP, username=, password=********, proxyServerAddress=, proxyServerPort=0, executionList=&quot;&quot;, isApplyToDesiredCapabilities=true }"/>
         <property name="platform" value="Windows 10"/>
      </properties>
      <testcase name="Test Cases/Katalon Demo/login katalon demo" time="15.187" classname="Test Cases/Katalon Demo/login katalon demo" status="PASSED">
         <system-out><![CDATA[29-01-2024T22:55:03 - [TEST_CASE][PASSED] - Test Cases/Katalon Demo/login katalon demo: Test Cases/Katalon Demo/login katalon demo

29-01-2024T22:55:03 - [TEST_STEP][PASSED] - openBrowser(""): Browser is opened with url: ''

29-01-2024T22:55:04 - [MESSAGE][INFO] - Starting 'Chrome' driver

29-01-2024T22:55:04 - [MESSAGE][INFO] - Action delay is set to 0 milliseconds

29-01-2024T22:55:06 - [MESSAGE][PASSED] - Browser is opened with url: ''

29-01-2024T22:55:06 - [TEST_STEP][PASSED] - navigateToUrl("https://katalon-demo-cura.herokuapp.com/"): Navigate to 'https://katalon-demo-cura.herokuapp.com/' successfully

29-01-2024T22:55:13 - [MESSAGE][PASSED] - Navigate to 'https://katalon-demo-cura.herokuapp.com/' successfully

29-01-2024T22:55:13 - [TEST_STEP][PASSED] - click(findTestObject("Object Repository/katalon demo/Page_CURA Healthcare Service/amenu-toggle")): Object: 'Object Repository/katalon demo/Page_CURA Healthcare Service/amenu-toggle' is clicked on

29-01-2024T22:55:13 - [MESSAGE][PASSED] - Object: 'Object Repository/katalon demo/Page_CURA Healthcare Service/amenu-toggle' is clicked on

29-01-2024T22:55:13 - [TEST_STEP][PASSED] - click(findTestObject("Object Repository/katalon demo/Page_CURA Healthcare Service/a_Login")): Object: 'Object Repository/katalon demo/Page_CURA Healthcare Service/a_Login' is clicked on

29-01-2024T22:55:15 - [MESSAGE][PASSED] - Object: 'Object Repository/katalon demo/Page_CURA Healthcare Service/a_Login' is clicked on

29-01-2024T22:55:15 - [TEST_STEP][PASSED] - setText(findTestObject("Object Repository/katalon demo/Page_CURA Healthcare Service/input_username"), "John Doe"): Text 'John Doe' is set on object 'Object Repository/katalon demo/Page_CURA Healthcare Service/input_username'

29-01-2024T22:55:16 - [MESSAGE][PASSED] - Text 'John Doe' is set on object 'Object Repository/katalon demo/Page_CURA Healthcare Service/input_username'

29-01-2024T22:55:16 - [TEST_STEP][PASSED] - setEncryptedText(findTestObject("Object Repository/katalon demo/Page_CURA Healthcare Service/input_password"), "g3/DOGG74jC3Flrr3yH+3D/yKbOqqUNM"): Text ****** has been set on object 'Object Repository/katalon demo/Page_CURA Healthcare Service/input_password'

29-01-2024T22:55:16 - [MESSAGE][PASSED] - Text ****** has been set on object 'Object Repository/katalon demo/Page_CURA Healthcare Service/input_password'

29-01-2024T22:55:16 - [TEST_STEP][PASSED] - takeScreenshotAsCheckpoint("login katalon demo", STOP_ON_FAILURE): Taking screenshot successfully

29-01-2024T22:55:17 - [MESSAGE][INFO] - 0 hidden object(s)

29-01-2024T22:55:17 - [MESSAGE][PASSED] - Taking screenshot successfully
[[ATTACHMENT|keyes\keyes-login katalon demo.png]]

29-01-2024T22:55:17 - [TEST_STEP][PASSED] - click(findTestObject("Object Repository/katalon demo/Page_CURA Healthcare Service/button_Login")): Object: 'Object Repository/katalon demo/Page_CURA Healthcare Service/button_Login' is clicked on

29-01-2024T22:55:18 - [MESSAGE][PASSED] - Object: 'Object Repository/katalon demo/Page_CURA Healthcare Service/button_Login' is clicked on]]></system-out>
         <system-err><![CDATA[]]></system-err>
      </testcase>
      <testcase name="Test Cases/Katalon Demo/make appointment katalon demo" time="6.112" classname="Test Cases/Katalon Demo/make appointment katalon demo" status="PASSED">
         <system-out><![CDATA[29-01-2024T22:55:18 - [TEST_CASE][PASSED] - Test Cases/Katalon Demo/make appointment katalon demo: Test Cases/Katalon Demo/make appointment katalon demo

29-01-2024T22:55:18 - [TEST_STEP][PASSED] - selectOptionByValue(findTestObject("Object Repository/katalon demo/Page_CURA Healthcare Service/select_Tokyo"), "Hongkong CURA Healthcare Center", true): All options with value 'Hongkong CURA Healthcare Center' are selected in object 'Object Repository/katalon demo/Page_CURA Healthcare Service/select_Tokyo'  using regular expression

29-01-2024T22:55:19 - [MESSAGE][PASSED] - All options with value 'Hongkong CURA Healthcare Center' are selected in object 'Object Repository/katalon demo/Page_CURA Healthcare Service/select_Tokyo'  using regular expression

29-01-2024T22:55:19 - [TEST_STEP][PASSED] - click(findTestObject("Object Repository/katalon demo/Page_CURA Healthcare Service/label_Apply for hospital readmission")): Object: 'Object Repository/katalon demo/Page_CURA Healthcare Service/label_Apply for hospital readmission' is clicked on

29-01-2024T22:55:20 - [MESSAGE][PASSED] - Object: 'Object Repository/katalon demo/Page_CURA Healthcare Service/label_Apply for hospital readmission' is clicked on

29-01-2024T22:55:20 - [TEST_STEP][PASSED] - click(findTestObject("Object Repository/katalon demo/Page_CURA Healthcare Service/input_programs")): Object: 'Object Repository/katalon demo/Page_CURA Healthcare Service/input_programs' is clicked on

29-01-2024T22:55:20 - [MESSAGE][PASSED] - Object: 'Object Repository/katalon demo/Page_CURA Healthcare Service/input_programs' is clicked on

29-01-2024T22:55:20 - [TEST_STEP][PASSED] - click(findTestObject("Object Repository/katalon demo/Page_CURA Healthcare Service/span_glyphicon glyphicon-calendar")): Object: 'Object Repository/katalon demo/Page_CURA Healthcare Service/span_glyphicon glyphicon-calendar' is clicked on

29-01-2024T22:55:20 - [MESSAGE][PASSED] - Object: 'Object Repository/katalon demo/Page_CURA Healthcare Service/span_glyphicon glyphicon-calendar' is clicked on

29-01-2024T22:55:20 - [TEST_STEP][PASSED] - click(findTestObject("Object Repository/katalon demo/Page_CURA Healthcare Service/td_31")): Object: 'Object Repository/katalon demo/Page_CURA Healthcare Service/td_31' is clicked on

29-01-2024T22:55:21 - [MESSAGE][PASSED] - Object: 'Object Repository/katalon demo/Page_CURA Healthcare Service/td_31' is clicked on

29-01-2024T22:55:21 - [TEST_STEP][PASSED] - setText(findTestObject("Object Repository/katalon demo/Page_CURA Healthcare Service/textarea_comment"), "tes katalon demo"): Text 'tes katalon demo' is set on object 'Object Repository/katalon demo/Page_CURA Healthcare Service/textarea_comment'

29-01-2024T22:55:22 - [MESSAGE][PASSED] - Text 'tes katalon demo' is set on object 'Object Repository/katalon demo/Page_CURA Healthcare Service/textarea_comment'

29-01-2024T22:55:22 - [TEST_STEP][PASSED] - click(findTestObject("Object Repository/katalon demo/Page_CURA Healthcare Service/button_Book Appointment")): Object: 'Object Repository/katalon demo/Page_CURA Healthcare Service/button_Book Appointment' is clicked on

29-01-2024T22:55:23 - [MESSAGE][PASSED] - Object: 'Object Repository/katalon demo/Page_CURA Healthcare Service/button_Book Appointment' is clicked on

29-01-2024T22:55:23 - [TEST_STEP][PASSED] - verifyTextPresent("Appointment Confirmation", false): Text 'Appointment Confirmation' is present on page 

29-01-2024T22:55:23 - [MESSAGE][PASSED] - Text 'Appointment Confirmation' is present on page 

29-01-2024T22:55:23 - [TEST_STEP][PASSED] - takeScreenshotAsCheckpoint("appointment katalon demo"): Taking screenshot successfully

29-01-2024T22:55:23 - [MESSAGE][INFO] - 0 hidden object(s)

29-01-2024T22:55:23 - [MESSAGE][PASSED] - Taking screenshot successfully
[[ATTACHMENT|keyes\keyes-appointment katalon demo.png]]

29-01-2024T22:55:23 - [TEST_STEP][PASSED] - click(findTestObject("Object Repository/katalon demo/Page_CURA Healthcare Service/a_Go to Homepage")): Object: 'Object Repository/katalon demo/Page_CURA Healthcare Service/a_Go to Homepage' is clicked on

29-01-2024T22:55:24 - [MESSAGE][PASSED] - Object: 'Object Repository/katalon demo/Page_CURA Healthcare Service/a_Go to Homepage' is clicked on]]></system-out>
         <system-err><![CDATA[]]></system-err>
      </testcase>
      <testcase name="Test Cases/Katalon Demo/make appointment katalon demo 1" time="6.69" classname="Test Cases/Katalon Demo/make appointment katalon demo 1" status="PASSED">
         <system-out><![CDATA[29-01-2024T22:55:24 - [TEST_CASE][PASSED] - Test Cases/Katalon Demo/make appointment katalon demo 1: Test Cases/Katalon Demo/make appointment katalon demo 1

29-01-2024T22:55:24 - [TEST_STEP][PASSED] - selectOptionByValue(findTestObject("Object Repository/katalon demo/Page_CURA Healthcare Service/select_Tokyo"), "Seoul CURA Healthcare Center", true): All options with value 'Seoul CURA Healthcare Center' are selected in object 'Object Repository/katalon demo/Page_CURA Healthcare Service/select_Tokyo'  using regular expression

29-01-2024T22:55:25 - [MESSAGE][PASSED] - All options with value 'Seoul CURA Healthcare Center' are selected in object 'Object Repository/katalon demo/Page_CURA Healthcare Service/select_Tokyo'  using regular expression

29-01-2024T22:55:25 - [TEST_STEP][PASSED] - click(findTestObject("Object Repository/katalon demo/Page_CURA Healthcare Service/input_hospital_readmission")): Object: 'Object Repository/katalon demo/Page_CURA Healthcare Service/input_hospital_readmission' is clicked on

29-01-2024T22:55:26 - [MESSAGE][PASSED] - Object: 'Object Repository/katalon demo/Page_CURA Healthcare Service/input_hospital_readmission' is clicked on

29-01-2024T22:55:26 - [TEST_STEP][PASSED] - click(findTestObject("Object Repository/katalon demo/Page_CURA Healthcare Service/input_programs")): Object: 'Object Repository/katalon demo/Page_CURA Healthcare Service/input_programs' is clicked on

29-01-2024T22:55:26 - [MESSAGE][PASSED] - Object: 'Object Repository/katalon demo/Page_CURA Healthcare Service/input_programs' is clicked on

29-01-2024T22:55:26 - [TEST_STEP][PASSED] - click(findTestObject("Object Repository/katalon demo/Page_CURA Healthcare Service/span_glyphicon glyphicon-calendar")): Object: 'Object Repository/katalon demo/Page_CURA Healthcare Service/span_glyphicon glyphicon-calendar' is clicked on

29-01-2024T22:55:26 - [MESSAGE][PASSED] - Object: 'Object Repository/katalon demo/Page_CURA Healthcare Service/span_glyphicon glyphicon-calendar' is clicked on

29-01-2024T22:55:26 - [TEST_STEP][PASSED] - click(findTestObject("Object Repository/katalon demo/Page_CURA Healthcare Service/td_30")): Object: 'Object Repository/katalon demo/Page_CURA Healthcare Service/td_30' is clicked on

29-01-2024T22:55:27 - [MESSAGE][PASSED] - Object: 'Object Repository/katalon demo/Page_CURA Healthcare Service/td_30' is clicked on

29-01-2024T22:55:27 - [TEST_STEP][PASSED] - setText(findTestObject("Object Repository/katalon demo/Page_CURA Healthcare Service/textarea_comment"), "tes katalon"): Text 'tes katalon' is set on object 'Object Repository/katalon demo/Page_CURA Healthcare Service/textarea_comment'

29-01-2024T22:55:28 - [MESSAGE][PASSED] - Text 'tes katalon' is set on object 'Object Repository/katalon demo/Page_CURA Healthcare Service/textarea_comment'

29-01-2024T22:55:28 - [TEST_STEP][PASSED] - click(findTestObject("Object Repository/katalon demo/Page_CURA Healthcare Service/button_Book Appointment")): Object: 'Object Repository/katalon demo/Page_CURA Healthcare Service/button_Book Appointment' is clicked on

29-01-2024T22:55:29 - [MESSAGE][PASSED] - Object: 'Object Repository/katalon demo/Page_CURA Healthcare Service/button_Book Appointment' is clicked on

29-01-2024T22:55:29 - [TEST_STEP][PASSED] - verifyTextPresent("Appointment Confirmation", false): Text 'Appointment Confirmation' is present on page 

29-01-2024T22:55:29 - [MESSAGE][PASSED] - Text 'Appointment Confirmation' is present on page 

29-01-2024T22:55:29 - [TEST_STEP][PASSED] - takeScreenshotAsCheckpoint("appointment 1 katalon demo"): Taking screenshot successfully

29-01-2024T22:55:30 - [MESSAGE][INFO] - 0 hidden object(s)

29-01-2024T22:55:30 - [MESSAGE][PASSED] - Taking screenshot successfully
[[ATTACHMENT|keyes\keyes-appointment 1 katalon demo.png]]

29-01-2024T22:55:30 - [TEST_STEP][PASSED] - click(findTestObject("Object Repository/katalon demo/Page_CURA Healthcare Service/a_Go to Homepage")): Object: 'Object Repository/katalon demo/Page_CURA Healthcare Service/a_Go to Homepage' is clicked on

29-01-2024T22:55:31 - [MESSAGE][PASSED] - Object: 'Object Repository/katalon demo/Page_CURA Healthcare Service/a_Go to Homepage' is clicked on]]></system-out>
         <system-err><![CDATA[]]></system-err>
      </testcase>
      <testcase name="Test Cases/Katalon Demo/make appointment katalon demo 2" time="5.428" classname="Test Cases/Katalon Demo/make appointment katalon demo 2" status="PASSED">
         <system-out><![CDATA[29-01-2024T22:55:31 - [TEST_CASE][PASSED] - Test Cases/Katalon Demo/make appointment katalon demo 2: Test Cases/Katalon Demo/make appointment katalon demo 2

29-01-2024T22:55:31 - [TEST_STEP][PASSED] - click(findTestObject("Object Repository/katalon demo/Page_CURA Healthcare Service/label_Apply for hospital readmission")): Object: 'Object Repository/katalon demo/Page_CURA Healthcare Service/label_Apply for hospital readmission' is clicked on

29-01-2024T22:55:31 - [MESSAGE][PASSED] - Object: 'Object Repository/katalon demo/Page_CURA Healthcare Service/label_Apply for hospital readmission' is clicked on

29-01-2024T22:55:31 - [TEST_STEP][PASSED] - click(findTestObject("Object Repository/katalon demo/Page_CURA Healthcare Service/input_programs")): Object: 'Object Repository/katalon demo/Page_CURA Healthcare Service/input_programs' is clicked on

29-01-2024T22:55:32 - [MESSAGE][PASSED] - Object: 'Object Repository/katalon demo/Page_CURA Healthcare Service/input_programs' is clicked on

29-01-2024T22:55:32 - [TEST_STEP][PASSED] - click(findTestObject("Object Repository/katalon demo/Page_CURA Healthcare Service/input_visit_date")): Object: 'Object Repository/katalon demo/Page_CURA Healthcare Service/input_visit_date' is clicked on

29-01-2024T22:55:32 - [MESSAGE][PASSED] - Object: 'Object Repository/katalon demo/Page_CURA Healthcare Service/input_visit_date' is clicked on

29-01-2024T22:55:32 - [TEST_STEP][PASSED] - click(findTestObject("Object Repository/katalon demo/Page_CURA Healthcare Service/th_")): Object: 'Object Repository/katalon demo/Page_CURA Healthcare Service/th_' is clicked on

29-01-2024T22:55:33 - [MESSAGE][PASSED] - Object: 'Object Repository/katalon demo/Page_CURA Healthcare Service/th_' is clicked on

29-01-2024T22:55:33 - [TEST_STEP][PASSED] - click(findTestObject("Object Repository/katalon demo/Page_CURA Healthcare Service/td_28")): Object: 'Object Repository/katalon demo/Page_CURA Healthcare Service/td_28' is clicked on

29-01-2024T22:55:33 - [MESSAGE][PASSED] - Object: 'Object Repository/katalon demo/Page_CURA Healthcare Service/td_28' is clicked on

29-01-2024T22:55:33 - [TEST_STEP][PASSED] - setText(findTestObject("Object Repository/katalon demo/Page_CURA Healthcare Service/textarea_comment"), "tes katalon"): Text 'tes katalon' is set on object 'Object Repository/katalon demo/Page_CURA Healthcare Service/textarea_comment'

29-01-2024T22:55:34 - [MESSAGE][PASSED] - Text 'tes katalon' is set on object 'Object Repository/katalon demo/Page_CURA Healthcare Service/textarea_comment'

29-01-2024T22:55:34 - [TEST_STEP][PASSED] - click(findTestObject("Object Repository/katalon demo/Page_CURA Healthcare Service/button_Book Appointment")): Object: 'Object Repository/katalon demo/Page_CURA Healthcare Service/button_Book Appointment' is clicked on

29-01-2024T22:55:35 - [MESSAGE][PASSED] - Object: 'Object Repository/katalon demo/Page_CURA Healthcare Service/button_Book Appointment' is clicked on

29-01-2024T22:55:35 - [TEST_STEP][PASSED] - verifyTextPresent("Appointment Confirmation", false): Text 'Appointment Confirmation' is present on page 

29-01-2024T22:55:35 - [MESSAGE][PASSED] - Text 'Appointment Confirmation' is present on page 

29-01-2024T22:55:35 - [TEST_STEP][PASSED] - takeScreenshotAsCheckpoint("appointment 2 katalon demo"): Taking screenshot successfully

29-01-2024T22:55:36 - [MESSAGE][INFO] - 0 hidden object(s)

29-01-2024T22:55:36 - [MESSAGE][PASSED] - Taking screenshot successfully
[[ATTACHMENT|keyes\keyes-appointment 2 katalon demo.png]]

29-01-2024T22:55:36 - [TEST_STEP][PASSED] - click(findTestObject("Object Repository/katalon demo/Page_CURA Healthcare Service/a_Go to Homepage")): Object: 'Object Repository/katalon demo/Page_CURA Healthcare Service/a_Go to Homepage' is clicked on

29-01-2024T22:55:36 - [MESSAGE][PASSED] - Object: 'Object Repository/katalon demo/Page_CURA Healthcare Service/a_Go to Homepage' is clicked on]]></system-out>
         <system-err><![CDATA[]]></system-err>
      </testcase>
      <testcase name="Test Cases/Katalon Demo/history katalon demo" time="65.762" classname="Test Cases/Katalon Demo/history katalon demo" status="PASSED">
         <system-out><![CDATA[29-01-2024T22:55:36 - [TEST_CASE][PASSED] - Test Cases/Katalon Demo/history katalon demo: Test Cases/Katalon Demo/history katalon demo

29-01-2024T22:55:36 - [TEST_STEP][PASSED] - click(findTestObject("Object Repository/katalon demo/Page_CURA Healthcare Service/amenu-toggle")): Object: 'Object Repository/katalon demo/Page_CURA Healthcare Service/amenu-toggle' is clicked on

29-01-2024T22:55:37 - [MESSAGE][PASSED] - Object: 'Object Repository/katalon demo/Page_CURA Healthcare Service/amenu-toggle' is clicked on

29-01-2024T22:55:37 - [TEST_STEP][PASSED] - click(findTestObject("Object Repository/katalon demo/Page_CURA Healthcare Service/a_History")): Object: 'Object Repository/katalon demo/Page_CURA Healthcare Service/a_History' is clicked on

29-01-2024T22:55:38 - [MESSAGE][PASSED] - Object: 'Object Repository/katalon demo/Page_CURA Healthcare Service/a_History' is clicked on

29-01-2024T22:55:38 - [TEST_STEP][PASSED] - takeScreenshotAsCheckpoint("history katalon demo"): Taking screenshot successfully

29-01-2024T22:55:38 - [MESSAGE][INFO] - 0 hidden object(s)

29-01-2024T22:55:38 - [MESSAGE][PASSED] - Taking screenshot successfully
[[ATTACHMENT|keyes\keyes-history katalon demo.png]]

29-01-2024T22:55:38 - [TEST_STEP][PASSED] - scrollToElement(findTestObject("katalon demo/Page_CURA Healthcare Service/a_Go to Homepage"), 3): Scroll to object 'Object Repository/katalon demo/Page_CURA Healthcare Service/a_Go to Homepage' successfully

29-01-2024T22:56:09 - [MESSAGE][INFO] - Unable to find the element located by 'By.xpath: //section[@id='summary']/div/div/div[7]/p/a'. Please recheck the objects properties to make sure the desired element is located. 

29-01-2024T22:56:09 - [MESSAGE][WARNING] - [SELF-HEALING] Failed to find element with id 'Object Repository/katalon demo/Page_CURA Healthcare Service/a_Go to Homepage'. Try using Self-healing.

29-01-2024T22:56:10 - [MESSAGE][WARNING] - [SELF-HEALING] The current locator of test object 'Object Repository/katalon demo/Page_CURA Healthcare Service/a_Go to Homepage' was broken. Propose an alternative one: '//a[contains(text(),'Go to Homepage')]'.

29-01-2024T22:56:10 - [MESSAGE][PASSED] - Scroll to object 'Object Repository/katalon demo/Page_CURA Healthcare Service/a_Go to Homepage' successfully

29-01-2024T22:56:10 - [TEST_STEP][PASSED] - click(findTestObject("Object Repository/katalon demo/Page_CURA Healthcare Service/a_Go to Homepage")): Object: 'Object Repository/katalon demo/Page_CURA Healthcare Service/a_Go to Homepage' is clicked on

29-01-2024T22:56:41 - [MESSAGE][INFO] - Unable to find the element located by 'By.xpath: //section[@id='summary']/div/div/div[7]/p/a'. Please recheck the objects properties to make sure the desired element is located. 

29-01-2024T22:56:41 - [MESSAGE][WARNING] - [SELF-HEALING] Failed to find element with id 'Object Repository/katalon demo/Page_CURA Healthcare Service/a_Go to Homepage'. Try using Self-healing.

29-01-2024T22:56:41 - [MESSAGE][WARNING] - [SELF-HEALING] The current locator of test object 'Object Repository/katalon demo/Page_CURA Healthcare Service/a_Go to Homepage' was broken. Propose an alternative one: '//a[contains(text(),'Go to Homepage')]'.

29-01-2024T22:56:42 - [MESSAGE][PASSED] - Object: 'Object Repository/katalon demo/Page_CURA Healthcare Service/a_Go to Homepage' is clicked on]]></system-out>
         <system-err><![CDATA[]]></system-err>
      </testcase>
      <testcase name="Test Cases/Katalon Demo/profile katalon demo" time="3.218" classname="Test Cases/Katalon Demo/profile katalon demo" status="PASSED">
         <system-out><![CDATA[29-01-2024T22:56:42 - [TEST_CASE][PASSED] - Test Cases/Katalon Demo/profile katalon demo: Test Cases/Katalon Demo/profile katalon demo

29-01-2024T22:56:42 - [TEST_STEP][PASSED] - click(findTestObject("Object Repository/katalon demo/Page_CURA Healthcare Service/i_fa fa-bars")): Object: 'Object Repository/katalon demo/Page_CURA Healthcare Service/i_fa fa-bars' is clicked on

29-01-2024T22:56:42 - [MESSAGE][PASSED] - Object: 'Object Repository/katalon demo/Page_CURA Healthcare Service/i_fa fa-bars' is clicked on

29-01-2024T22:56:42 - [TEST_STEP][PASSED] - click(findTestObject("Object Repository/katalon demo/Page_CURA Healthcare Service/a_Profile")): Object: 'Object Repository/katalon demo/Page_CURA Healthcare Service/a_Profile' is clicked on

29-01-2024T22:56:43 - [MESSAGE][PASSED] - Object: 'Object Repository/katalon demo/Page_CURA Healthcare Service/a_Profile' is clicked on

29-01-2024T22:56:43 - [TEST_STEP][PASSED] - takeScreenshotAsCheckpoint("profile katalon demo"): Taking screenshot successfully

29-01-2024T22:56:44 - [MESSAGE][INFO] - 0 hidden object(s)

29-01-2024T22:56:44 - [MESSAGE][PASSED] - Taking screenshot successfully
[[ATTACHMENT|keyes\keyes-profile katalon demo.png]]

29-01-2024T22:56:44 - [TEST_STEP][PASSED] - click(findTestObject("Object Repository/katalon demo/Page_CURA Healthcare Service/i_fa fa-bars")): Object: 'Object Repository/katalon demo/Page_CURA Healthcare Service/i_fa fa-bars' is clicked on

29-01-2024T22:56:44 - [MESSAGE][PASSED] - Object: 'Object Repository/katalon demo/Page_CURA Healthcare Service/i_fa fa-bars' is clicked on

29-01-2024T22:56:44 - [TEST_STEP][PASSED] - click(findTestObject("Object Repository/katalon demo/Page_CURA Healthcare Service/a_Home")): Object: 'Object Repository/katalon demo/Page_CURA Healthcare Service/a_Home' is clicked on

29-01-2024T22:56:45 - [MESSAGE][PASSED] - Object: 'Object Repository/katalon demo/Page_CURA Healthcare Service/a_Home' is clicked on]]></system-out>
         <system-err><![CDATA[]]></system-err>
      </testcase>
      <testcase name="Test Cases/Katalon Demo/logout katalon demo" time="2.694" classname="Test Cases/Katalon Demo/logout katalon demo" status="PASSED">
         <system-out><![CDATA[29-01-2024T22:56:45 - [TEST_CASE][PASSED] - Test Cases/Katalon Demo/logout katalon demo: Test Cases/Katalon Demo/logout katalon demo

29-01-2024T22:56:45 - [TEST_STEP][PASSED] - click(findTestObject("Object Repository/katalon demo/Page_CURA Healthcare Service/i_fa fa-bars")): Object: 'Object Repository/katalon demo/Page_CURA Healthcare Service/i_fa fa-bars' is clicked on

29-01-2024T22:56:46 - [MESSAGE][PASSED] - Object: 'Object Repository/katalon demo/Page_CURA Healthcare Service/i_fa fa-bars' is clicked on

29-01-2024T22:56:46 - [TEST_STEP][PASSED] - takeScreenshotAsCheckpoint("logout katalon demo"): Taking screenshot successfully

29-01-2024T22:56:47 - [MESSAGE][INFO] - 0 hidden object(s)

29-01-2024T22:56:47 - [MESSAGE][PASSED] - Taking screenshot successfully
[[ATTACHMENT|keyes\keyes-logout katalon demo.png]]

29-01-2024T22:56:47 - [TEST_STEP][PASSED] - click(findTestObject("Object Repository/katalon demo/Page_CURA Healthcare Service/a_Logout")): Object: 'Object Repository/katalon demo/Page_CURA Healthcare Service/a_Logout' is clicked on

29-01-2024T22:56:48 - [MESSAGE][PASSED] - Object: 'Object Repository/katalon demo/Page_CURA Healthcare Service/a_Logout' is clicked on

29-01-2024T22:56:48 - [TEST_STEP][PASSED] - closeBrowser(): Browser is closed

29-01-2024T22:56:48 - [MESSAGE][PASSED] - Browser is closed]]></system-out>
         <system-err><![CDATA[]]></system-err>
      </testcase>
      <testcase name="Test Cases/Katalon Demo/negatif login katalon demo" time="21.379" classname="Test Cases/Katalon Demo/negatif login katalon demo" status="PASSED">
         <system-out><![CDATA[29-01-2024T22:56:48 - [TEST_CASE][PASSED] - Test Cases/Katalon Demo/negatif login katalon demo: Test Cases/Katalon Demo/negatif login katalon demo

29-01-2024T22:56:48 - [TEST_STEP][PASSED] - openBrowser(""): Browser is opened with url: ''

29-01-2024T22:56:48 - [MESSAGE][INFO] - Starting 'Chrome' driver

29-01-2024T22:56:48 - [MESSAGE][INFO] - Action delay is set to 0 milliseconds

29-01-2024T22:56:49 - [MESSAGE][PASSED] - Browser is opened with url: ''

29-01-2024T22:56:49 - [TEST_STEP][PASSED] - navigateToUrl("https://katalon-demo-cura.herokuapp.com/"): Navigate to 'https://katalon-demo-cura.herokuapp.com/' successfully

29-01-2024T22:56:54 - [MESSAGE][PASSED] - Navigate to 'https://katalon-demo-cura.herokuapp.com/' successfully

29-01-2024T22:56:54 - [TEST_STEP][PASSED] - click(findTestObject("Object Repository/katalon demo/Page_CURA Healthcare Service/amenu-toggle")): Object: 'Object Repository/katalon demo/Page_CURA Healthcare Service/amenu-toggle' is clicked on

29-01-2024T22:56:55 - [MESSAGE][PASSED] - Object: 'Object Repository/katalon demo/Page_CURA Healthcare Service/amenu-toggle' is clicked on

29-01-2024T22:56:55 - [TEST_STEP][PASSED] - click(findTestObject("Object Repository/katalon demo/Page_CURA Healthcare Service/a_Login")): Object: 'Object Repository/katalon demo/Page_CURA Healthcare Service/a_Login' is clicked on

29-01-2024T22:56:56 - [MESSAGE][PASSED] - Object: 'Object Repository/katalon demo/Page_CURA Healthcare Service/a_Login' is clicked on

29-01-2024T22:56:56 - [TEST_STEP][PASSED] - setText(findTestObject("Object Repository/katalon demo/Page_CURA Healthcare Service/input_username"), username1): Text 'aaaaa' is set on object 'Object Repository/katalon demo/Page_CURA Healthcare Service/input_username'

29-01-2024T22:56:56 - [MESSAGE][PASSED] - Text 'aaaaa' is set on object 'Object Repository/katalon demo/Page_CURA Healthcare Service/input_username'

29-01-2024T22:56:56 - [TEST_STEP][PASSED] - setText(findTestObject("Object Repository/katalon demo/Page_CURA Healthcare Service/input_password"), password1): Text 'aaaaaaaa' is set on object 'Object Repository/katalon demo/Page_CURA Healthcare Service/input_password'

29-01-2024T22:56:57 - [MESSAGE][PASSED] - Text 'aaaaaaaa' is set on object 'Object Repository/katalon demo/Page_CURA Healthcare Service/input_password'

29-01-2024T22:56:57 - [TEST_STEP][PASSED] - click(findTestObject("katalon demo/Page_CURA Healthcare Service/button_Login")): Object: 'Object Repository/katalon demo/Page_CURA Healthcare Service/button_Login' is clicked on

29-01-2024T22:56:58 - [MESSAGE][PASSED] - Object: 'Object Repository/katalon demo/Page_CURA Healthcare Service/button_Login' is clicked on

29-01-2024T22:56:58 - [TEST_STEP][PASSED] - verifyTextPresent("Login failed!", false): Text 'Login failed!' is present on page 

29-01-2024T22:56:59 - [MESSAGE][PASSED] - Text 'Login failed!' is present on page 

29-01-2024T22:56:59 - [TEST_STEP][PASSED] - takeScreenshotAsCheckpoint("negatif 1 login katalon demo"): Taking screenshot successfully

29-01-2024T22:56:59 - [MESSAGE][INFO] - 0 hidden object(s)

29-01-2024T22:56:59 - [MESSAGE][PASSED] - Taking screenshot successfully
[[ATTACHMENT|keyes\keyes-negatif 1 login katalon demo.png]]

29-01-2024T22:56:59 - [TEST_STEP][PASSED] - click(findTestObject("Object Repository/katalon demo/Page_CURA Healthcare Service/button_Login")): Object: 'Object Repository/katalon demo/Page_CURA Healthcare Service/button_Login' is clicked on

29-01-2024T22:57:02 - [MESSAGE][PASSED] - Object: 'Object Repository/katalon demo/Page_CURA Healthcare Service/button_Login' is clicked on

29-01-2024T22:57:02 - [TEST_STEP][PASSED] - setText(findTestObject("katalon demo/Page_CURA Healthcare Service/input_username"), username2): Text 'bbbbb' is set on object 'Object Repository/katalon demo/Page_CURA Healthcare Service/input_username'

29-01-2024T22:57:03 - [MESSAGE][PASSED] - Text 'bbbbb' is set on object 'Object Repository/katalon demo/Page_CURA Healthcare Service/input_username'

29-01-2024T22:57:03 - [TEST_STEP][PASSED] - setText(findTestObject("katalon demo/Page_CURA Healthcare Service/input_password"), password2): Text 'bbbbbbbb' is set on object 'Object Repository/katalon demo/Page_CURA Healthcare Service/input_password'

29-01-2024T22:57:03 - [MESSAGE][PASSED] - Text 'bbbbbbbb' is set on object 'Object Repository/katalon demo/Page_CURA Healthcare Service/input_password'

29-01-2024T22:57:03 - [TEST_STEP][PASSED] - click(findTestObject("katalon demo/Page_CURA Healthcare Service/button_Login")): Object: 'Object Repository/katalon demo/Page_CURA Healthcare Service/button_Login' is clicked on

29-01-2024T22:57:08 - [MESSAGE][PASSED] - Object: 'Object Repository/katalon demo/Page_CURA Healthcare Service/button_Login' is clicked on

29-01-2024T22:57:08 - [TEST_STEP][PASSED] - verifyTextPresent("Login failed!", false): Text 'Login failed!' is present on page 

29-01-2024T22:57:09 - [MESSAGE][PASSED] - Text 'Login failed!' is present on page 

29-01-2024T22:57:09 - [TEST_STEP][PASSED] - takeScreenshotAsCheckpoint("negatif 2 login katalon demo"): Taking screenshot successfully

29-01-2024T22:57:09 - [MESSAGE][INFO] - 0 hidden object(s)

29-01-2024T22:57:09 - [MESSAGE][PASSED] - Taking screenshot successfully
[[ATTACHMENT|keyes\keyes-negatif 2 login katalon demo.png]]]]></system-out>
         <system-err><![CDATA[]]></system-err>
      </testcase>
      <system-out><![CDATA[29-01-2024T22:55:03 - [TEST_SUITE][PASSED] - katalon demo: Test Cases/Katalon Demo/negatif login katalon demo]]></system-out>
      <system-err><![CDATA[]]></system-err>
   </testsuite>
   <testsuite name="katalon demo" tests="8" failures="0" errors="0" time="126.485" skipped="0" timestamp="29-01-2024T22:57:16" hostname="0517 - Pierrot" id="Test Suites/katalon demo">
      <properties>
         <property name="deviceName" value=""/>
         <property name="devicePlatform" value=""/>
         <property name="logFolder" value="C:\\Users\\0517\\Katalon Studio\\poc bni\\Reports\\20240129_222034\\katalon demo\\20240129_222201"/>
         <property name="logFiles" value="C:\\Users\\0517\\Katalon Studio\\poc bni\\Reports\\20240129_222034\\katalon demo\\20240129_222201\\execution0.log"/>
         <property name="attachments" value="keyes\keyes-login katalon demo.png, keyes\keyes-appointment katalon demo.png, keyes\keyes-appointment 1 katalon demo.png, keyes\keyes-appointment 2 katalon demo.png, keyes\keyes-history katalon demo.png, keyes\keyes-profile katalon demo.png, keyes\keyes-logout katalon demo.png, keyes\keyes-negatif 1 login katalon demo.png, keyes\keyes-negatif 2 login katalon demo.png"/>
         <property name="hostName" value="0517 - Pierrot"/>
         <property name="os" value="Windows 10 64bit"/>
         <property name="katalonVersion" value="9.2.0.212"/>
         <property name="browser" value="Chrome 121.0.0.0"/>
         <property name="hostAddress" value="192.168.96.2"/>
         <property name="sessionId" value="2def16250e818ab418b248d0ddd704ca"/>
         <property name="seleniumVersion" value="3.141.59"/>
         <property name="proxyInformation" value="ProxyInformation { proxyOption=NO_PROXY, proxyServerType=HTTP, username=, password=********, proxyServerAddress=, proxyServerPort=0, executionList=&quot;&quot;, isApplyToDesiredCapabilities=true }"/>
         <property name="platform" value="Windows 10"/>
      </properties>
      <testcase name="Test Cases/Katalon Demo/login katalon demo" time="18.136" classname="Test Cases/Katalon Demo/login katalon demo" status="PASSED">
         <system-out><![CDATA[29-01-2024T22:57:17 - [TEST_CASE][PASSED] - Test Cases/Katalon Demo/login katalon demo: Test Cases/Katalon Demo/login katalon demo

29-01-2024T22:57:17 - [TEST_STEP][PASSED] - openBrowser(""): Browser is opened with url: ''

29-01-2024T22:57:18 - [MESSAGE][INFO] - Starting 'Chrome' driver

29-01-2024T22:57:18 - [MESSAGE][INFO] - Action delay is set to 0 milliseconds

29-01-2024T22:57:20 - [MESSAGE][PASSED] - Browser is opened with url: ''

29-01-2024T22:57:20 - [TEST_STEP][PASSED] - navigateToUrl("https://katalon-demo-cura.herokuapp.com/"): Navigate to 'https://katalon-demo-cura.herokuapp.com/' successfully

29-01-2024T22:57:30 - [MESSAGE][PASSED] - Navigate to 'https://katalon-demo-cura.herokuapp.com/' successfully

29-01-2024T22:57:30 - [TEST_STEP][PASSED] - click(findTestObject("Object Repository/katalon demo/Page_CURA Healthcare Service/amenu-toggle")): Object: 'Object Repository/katalon demo/Page_CURA Healthcare Service/amenu-toggle' is clicked on

29-01-2024T22:57:31 - [MESSAGE][PASSED] - Object: 'Object Repository/katalon demo/Page_CURA Healthcare Service/amenu-toggle' is clicked on

29-01-2024T22:57:31 - [TEST_STEP][PASSED] - click(findTestObject("Object Repository/katalon demo/Page_CURA Healthcare Service/a_Login")): Object: 'Object Repository/katalon demo/Page_CURA Healthcare Service/a_Login' is clicked on

29-01-2024T22:57:32 - [MESSAGE][PASSED] - Object: 'Object Repository/katalon demo/Page_CURA Healthcare Service/a_Login' is clicked on

29-01-2024T22:57:32 - [TEST_STEP][PASSED] - setText(findTestObject("Object Repository/katalon demo/Page_CURA Healthcare Service/input_username"), "John Doe"): Text 'John Doe' is set on object 'Object Repository/katalon demo/Page_CURA Healthcare Service/input_username'

29-01-2024T22:57:33 - [MESSAGE][PASSED] - Text 'John Doe' is set on object 'Object Repository/katalon demo/Page_CURA Healthcare Service/input_username'

29-01-2024T22:57:33 - [TEST_STEP][PASSED] - setEncryptedText(findTestObject("Object Repository/katalon demo/Page_CURA Healthcare Service/input_password"), "g3/DOGG74jC3Flrr3yH+3D/yKbOqqUNM"): Text ****** has been set on object 'Object Repository/katalon demo/Page_CURA Healthcare Service/input_password'

29-01-2024T22:57:33 - [MESSAGE][PASSED] - Text ****** has been set on object 'Object Repository/katalon demo/Page_CURA Healthcare Service/input_password'

29-01-2024T22:57:33 - [TEST_STEP][PASSED] - takeScreenshotAsCheckpoint("login katalon demo", STOP_ON_FAILURE): Taking screenshot successfully

29-01-2024T22:57:34 - [MESSAGE][INFO] - 0 hidden object(s)

29-01-2024T22:57:34 - [MESSAGE][PASSED] - Taking screenshot successfully
[[ATTACHMENT|keyes\keyes-login katalon demo.png]]

29-01-2024T22:57:34 - [TEST_STEP][PASSED] - click(findTestObject("Object Repository/katalon demo/Page_CURA Healthcare Service/button_Login")): Object: 'Object Repository/katalon demo/Page_CURA Healthcare Service/button_Login' is clicked on

29-01-2024T22:57:35 - [MESSAGE][PASSED] - Object: 'Object Repository/katalon demo/Page_CURA Healthcare Service/button_Login' is clicked on]]></system-out>
         <system-err><![CDATA[]]></system-err>
      </testcase>
      <testcase name="Test Cases/Katalon Demo/make appointment katalon demo" time="6.504" classname="Test Cases/Katalon Demo/make appointment katalon demo" status="PASSED">
         <system-out><![CDATA[29-01-2024T22:57:35 - [TEST_CASE][PASSED] - Test Cases/Katalon Demo/make appointment katalon demo: Test Cases/Katalon Demo/make appointment katalon demo

29-01-2024T22:57:35 - [TEST_STEP][PASSED] - selectOptionByValue(findTestObject("Object Repository/katalon demo/Page_CURA Healthcare Service/select_Tokyo"), "Hongkong CURA Healthcare Center", true): All options with value 'Hongkong CURA Healthcare Center' are selected in object 'Object Repository/katalon demo/Page_CURA Healthcare Service/select_Tokyo'  using regular expression

29-01-2024T22:57:36 - [MESSAGE][PASSED] - All options with value 'Hongkong CURA Healthcare Center' are selected in object 'Object Repository/katalon demo/Page_CURA Healthcare Service/select_Tokyo'  using regular expression

29-01-2024T22:57:36 - [TEST_STEP][PASSED] - click(findTestObject("Object Repository/katalon demo/Page_CURA Healthcare Service/label_Apply for hospital readmission")): Object: 'Object Repository/katalon demo/Page_CURA Healthcare Service/label_Apply for hospital readmission' is clicked on

29-01-2024T22:57:37 - [MESSAGE][PASSED] - Object: 'Object Repository/katalon demo/Page_CURA Healthcare Service/label_Apply for hospital readmission' is clicked on

29-01-2024T22:57:37 - [TEST_STEP][PASSED] - click(findTestObject("Object Repository/katalon demo/Page_CURA Healthcare Service/input_programs")): Object: 'Object Repository/katalon demo/Page_CURA Healthcare Service/input_programs' is clicked on

29-01-2024T22:57:37 - [MESSAGE][PASSED] - Object: 'Object Repository/katalon demo/Page_CURA Healthcare Service/input_programs' is clicked on

29-01-2024T22:57:37 - [TEST_STEP][PASSED] - click(findTestObject("Object Repository/katalon demo/Page_CURA Healthcare Service/span_glyphicon glyphicon-calendar")): Object: 'Object Repository/katalon demo/Page_CURA Healthcare Service/span_glyphicon glyphicon-calendar' is clicked on

29-01-2024T22:57:37 - [MESSAGE][PASSED] - Object: 'Object Repository/katalon demo/Page_CURA Healthcare Service/span_glyphicon glyphicon-calendar' is clicked on

29-01-2024T22:57:37 - [TEST_STEP][PASSED] - click(findTestObject("Object Repository/katalon demo/Page_CURA Healthcare Service/td_31")): Object: 'Object Repository/katalon demo/Page_CURA Healthcare Service/td_31' is clicked on

29-01-2024T22:57:38 - [MESSAGE][PASSED] - Object: 'Object Repository/katalon demo/Page_CURA Healthcare Service/td_31' is clicked on

29-01-2024T22:57:38 - [TEST_STEP][PASSED] - setText(findTestObject("Object Repository/katalon demo/Page_CURA Healthcare Service/textarea_comment"), "tes katalon demo"): Text 'tes katalon demo' is set on object 'Object Repository/katalon demo/Page_CURA Healthcare Service/textarea_comment'

29-01-2024T22:57:39 - [MESSAGE][PASSED] - Text 'tes katalon demo' is set on object 'Object Repository/katalon demo/Page_CURA Healthcare Service/textarea_comment'

29-01-2024T22:57:39 - [TEST_STEP][PASSED] - click(findTestObject("Object Repository/katalon demo/Page_CURA Healthcare Service/button_Book Appointment")): Object: 'Object Repository/katalon demo/Page_CURA Healthcare Service/button_Book Appointment' is clicked on

29-01-2024T22:57:39 - [MESSAGE][PASSED] - Object: 'Object Repository/katalon demo/Page_CURA Healthcare Service/button_Book Appointment' is clicked on

29-01-2024T22:57:39 - [TEST_STEP][PASSED] - verifyTextPresent("Appointment Confirmation", false): Text 'Appointment Confirmation' is present on page 

29-01-2024T22:57:40 - [MESSAGE][PASSED] - Text 'Appointment Confirmation' is present on page 

29-01-2024T22:57:40 - [TEST_STEP][PASSED] - takeScreenshotAsCheckpoint("appointment katalon demo"): Taking screenshot successfully

29-01-2024T22:57:40 - [MESSAGE][INFO] - 0 hidden object(s)

29-01-2024T22:57:41 - [MESSAGE][PASSED] - Taking screenshot successfully
[[ATTACHMENT|keyes\keyes-appointment katalon demo.png]]

29-01-2024T22:57:41 - [TEST_STEP][PASSED] - click(findTestObject("Object Repository/katalon demo/Page_CURA Healthcare Service/a_Go to Homepage")): Object: 'Object Repository/katalon demo/Page_CURA Healthcare Service/a_Go to Homepage' is clicked on

29-01-2024T22:57:41 - [MESSAGE][PASSED] - Object: 'Object Repository/katalon demo/Page_CURA Healthcare Service/a_Go to Homepage' is clicked on]]></system-out>
         <system-err><![CDATA[]]></system-err>
      </testcase>
      <testcase name="Test Cases/Katalon Demo/make appointment katalon demo 1" time="5.95" classname="Test Cases/Katalon Demo/make appointment katalon demo 1" status="PASSED">
         <system-out><![CDATA[29-01-2024T22:57:41 - [TEST_CASE][PASSED] - Test Cases/Katalon Demo/make appointment katalon demo 1: Test Cases/Katalon Demo/make appointment katalon demo 1

29-01-2024T22:57:42 - [TEST_STEP][PASSED] - selectOptionByValue(findTestObject("Object Repository/katalon demo/Page_CURA Healthcare Service/select_Tokyo"), "Seoul CURA Healthcare Center", true): All options with value 'Seoul CURA Healthcare Center' are selected in object 'Object Repository/katalon demo/Page_CURA Healthcare Service/select_Tokyo'  using regular expression

29-01-2024T22:57:42 - [MESSAGE][PASSED] - All options with value 'Seoul CURA Healthcare Center' are selected in object 'Object Repository/katalon demo/Page_CURA Healthcare Service/select_Tokyo'  using regular expression

29-01-2024T22:57:42 - [TEST_STEP][PASSED] - click(findTestObject("Object Repository/katalon demo/Page_CURA Healthcare Service/input_hospital_readmission")): Object: 'Object Repository/katalon demo/Page_CURA Healthcare Service/input_hospital_readmission' is clicked on

29-01-2024T22:57:43 - [MESSAGE][PASSED] - Object: 'Object Repository/katalon demo/Page_CURA Healthcare Service/input_hospital_readmission' is clicked on

29-01-2024T22:57:43 - [TEST_STEP][PASSED] - click(findTestObject("Object Repository/katalon demo/Page_CURA Healthcare Service/input_programs")): Object: 'Object Repository/katalon demo/Page_CURA Healthcare Service/input_programs' is clicked on

29-01-2024T22:57:43 - [MESSAGE][PASSED] - Object: 'Object Repository/katalon demo/Page_CURA Healthcare Service/input_programs' is clicked on

29-01-2024T22:57:43 - [TEST_STEP][PASSED] - click(findTestObject("Object Repository/katalon demo/Page_CURA Healthcare Service/span_glyphicon glyphicon-calendar")): Object: 'Object Repository/katalon demo/Page_CURA Healthcare Service/span_glyphicon glyphicon-calendar' is clicked on

29-01-2024T22:57:44 - [MESSAGE][PASSED] - Object: 'Object Repository/katalon demo/Page_CURA Healthcare Service/span_glyphicon glyphicon-calendar' is clicked on

29-01-2024T22:57:44 - [TEST_STEP][PASSED] - click(findTestObject("Object Repository/katalon demo/Page_CURA Healthcare Service/td_30")): Object: 'Object Repository/katalon demo/Page_CURA Healthcare Service/td_30' is clicked on

29-01-2024T22:57:44 - [MESSAGE][PASSED] - Object: 'Object Repository/katalon demo/Page_CURA Healthcare Service/td_30' is clicked on

29-01-2024T22:57:44 - [TEST_STEP][PASSED] - setText(findTestObject("Object Repository/katalon demo/Page_CURA Healthcare Service/textarea_comment"), "tes katalon"): Text 'tes katalon' is set on object 'Object Repository/katalon demo/Page_CURA Healthcare Service/textarea_comment'

29-01-2024T22:57:45 - [MESSAGE][PASSED] - Text 'tes katalon' is set on object 'Object Repository/katalon demo/Page_CURA Healthcare Service/textarea_comment'

29-01-2024T22:57:45 - [TEST_STEP][PASSED] - click(findTestObject("Object Repository/katalon demo/Page_CURA Healthcare Service/button_Book Appointment")): Object: 'Object Repository/katalon demo/Page_CURA Healthcare Service/button_Book Appointment' is clicked on

29-01-2024T22:57:46 - [MESSAGE][PASSED] - Object: 'Object Repository/katalon demo/Page_CURA Healthcare Service/button_Book Appointment' is clicked on

29-01-2024T22:57:46 - [TEST_STEP][PASSED] - verifyTextPresent("Appointment Confirmation", false): Text 'Appointment Confirmation' is present on page 

29-01-2024T22:57:46 - [MESSAGE][PASSED] - Text 'Appointment Confirmation' is present on page 

29-01-2024T22:57:46 - [TEST_STEP][PASSED] - takeScreenshotAsCheckpoint("appointment 1 katalon demo"): Taking screenshot successfully

29-01-2024T22:57:46 - [MESSAGE][INFO] - 0 hidden object(s)

29-01-2024T22:57:46 - [MESSAGE][PASSED] - Taking screenshot successfully
[[ATTACHMENT|keyes\keyes-appointment 1 katalon demo.png]]

29-01-2024T22:57:46 - [TEST_STEP][PASSED] - click(findTestObject("Object Repository/katalon demo/Page_CURA Healthcare Service/a_Go to Homepage")): Object: 'Object Repository/katalon demo/Page_CURA Healthcare Service/a_Go to Homepage' is clicked on

29-01-2024T22:57:47 - [MESSAGE][PASSED] - Object: 'Object Repository/katalon demo/Page_CURA Healthcare Service/a_Go to Homepage' is clicked on]]></system-out>
         <system-err><![CDATA[]]></system-err>
      </testcase>
      <testcase name="Test Cases/Katalon Demo/make appointment katalon demo 2" time="5.834" classname="Test Cases/Katalon Demo/make appointment katalon demo 2" status="PASSED">
         <system-out><![CDATA[29-01-2024T22:57:47 - [TEST_CASE][PASSED] - Test Cases/Katalon Demo/make appointment katalon demo 2: Test Cases/Katalon Demo/make appointment katalon demo 2

29-01-2024T22:57:47 - [TEST_STEP][PASSED] - click(findTestObject("Object Repository/katalon demo/Page_CURA Healthcare Service/label_Apply for hospital readmission")): Object: 'Object Repository/katalon demo/Page_CURA Healthcare Service/label_Apply for hospital readmission' is clicked on

29-01-2024T22:57:48 - [MESSAGE][PASSED] - Object: 'Object Repository/katalon demo/Page_CURA Healthcare Service/label_Apply for hospital readmission' is clicked on

29-01-2024T22:57:48 - [TEST_STEP][PASSED] - click(findTestObject("Object Repository/katalon demo/Page_CURA Healthcare Service/input_programs")): Object: 'Object Repository/katalon demo/Page_CURA Healthcare Service/input_programs' is clicked on

29-01-2024T22:57:48 - [MESSAGE][PASSED] - Object: 'Object Repository/katalon demo/Page_CURA Healthcare Service/input_programs' is clicked on

29-01-2024T22:57:48 - [TEST_STEP][PASSED] - click(findTestObject("Object Repository/katalon demo/Page_CURA Healthcare Service/input_visit_date")): Object: 'Object Repository/katalon demo/Page_CURA Healthcare Service/input_visit_date' is clicked on

29-01-2024T22:57:48 - [MESSAGE][PASSED] - Object: 'Object Repository/katalon demo/Page_CURA Healthcare Service/input_visit_date' is clicked on

29-01-2024T22:57:48 - [TEST_STEP][PASSED] - click(findTestObject("Object Repository/katalon demo/Page_CURA Healthcare Service/th_")): Object: 'Object Repository/katalon demo/Page_CURA Healthcare Service/th_' is clicked on

29-01-2024T22:57:49 - [MESSAGE][PASSED] - Object: 'Object Repository/katalon demo/Page_CURA Healthcare Service/th_' is clicked on

29-01-2024T22:57:49 - [TEST_STEP][PASSED] - click(findTestObject("Object Repository/katalon demo/Page_CURA Healthcare Service/td_28")): Object: 'Object Repository/katalon demo/Page_CURA Healthcare Service/td_28' is clicked on

29-01-2024T22:57:50 - [MESSAGE][PASSED] - Object: 'Object Repository/katalon demo/Page_CURA Healthcare Service/td_28' is clicked on

29-01-2024T22:57:50 - [TEST_STEP][PASSED] - setText(findTestObject("Object Repository/katalon demo/Page_CURA Healthcare Service/textarea_comment"), "tes katalon"): Text 'tes katalon' is set on object 'Object Repository/katalon demo/Page_CURA Healthcare Service/textarea_comment'

29-01-2024T22:57:50 - [MESSAGE][PASSED] - Text 'tes katalon' is set on object 'Object Repository/katalon demo/Page_CURA Healthcare Service/textarea_comment'

29-01-2024T22:57:50 - [TEST_STEP][PASSED] - click(findTestObject("Object Repository/katalon demo/Page_CURA Healthcare Service/button_Book Appointment")): Object: 'Object Repository/katalon demo/Page_CURA Healthcare Service/button_Book Appointment' is clicked on

29-01-2024T22:57:52 - [MESSAGE][PASSED] - Object: 'Object Repository/katalon demo/Page_CURA Healthcare Service/button_Book Appointment' is clicked on

29-01-2024T22:57:52 - [TEST_STEP][PASSED] - verifyTextPresent("Appointment Confirmation", false): Text 'Appointment Confirmation' is present on page 

29-01-2024T22:57:52 - [MESSAGE][PASSED] - Text 'Appointment Confirmation' is present on page 

29-01-2024T22:57:52 - [TEST_STEP][PASSED] - takeScreenshotAsCheckpoint("appointment 2 katalon demo"): Taking screenshot successfully

29-01-2024T22:57:52 - [MESSAGE][INFO] - 0 hidden object(s)

29-01-2024T22:57:52 - [MESSAGE][PASSED] - Taking screenshot successfully
[[ATTACHMENT|keyes\keyes-appointment 2 katalon demo.png]]

29-01-2024T22:57:52 - [TEST_STEP][PASSED] - click(findTestObject("Object Repository/katalon demo/Page_CURA Healthcare Service/a_Go to Homepage")): Object: 'Object Repository/katalon demo/Page_CURA Healthcare Service/a_Go to Homepage' is clicked on

29-01-2024T22:57:53 - [MESSAGE][PASSED] - Object: 'Object Repository/katalon demo/Page_CURA Healthcare Service/a_Go to Homepage' is clicked on]]></system-out>
         <system-err><![CDATA[]]></system-err>
      </testcase>
      <testcase name="Test Cases/Katalon Demo/history katalon demo" time="66.021" classname="Test Cases/Katalon Demo/history katalon demo" status="PASSED">
         <system-out><![CDATA[29-01-2024T22:57:53 - [TEST_CASE][PASSED] - Test Cases/Katalon Demo/history katalon demo: Test Cases/Katalon Demo/history katalon demo

29-01-2024T22:57:53 - [TEST_STEP][PASSED] - click(findTestObject("Object Repository/katalon demo/Page_CURA Healthcare Service/amenu-toggle")): Object: 'Object Repository/katalon demo/Page_CURA Healthcare Service/amenu-toggle' is clicked on

29-01-2024T22:57:54 - [MESSAGE][PASSED] - Object: 'Object Repository/katalon demo/Page_CURA Healthcare Service/amenu-toggle' is clicked on

29-01-2024T22:57:54 - [TEST_STEP][PASSED] - click(findTestObject("Object Repository/katalon demo/Page_CURA Healthcare Service/a_History")): Object: 'Object Repository/katalon demo/Page_CURA Healthcare Service/a_History' is clicked on

29-01-2024T22:57:55 - [MESSAGE][PASSED] - Object: 'Object Repository/katalon demo/Page_CURA Healthcare Service/a_History' is clicked on

29-01-2024T22:57:55 - [TEST_STEP][PASSED] - takeScreenshotAsCheckpoint("history katalon demo"): Taking screenshot successfully

29-01-2024T22:57:55 - [MESSAGE][INFO] - 0 hidden object(s)

29-01-2024T22:57:55 - [MESSAGE][PASSED] - Taking screenshot successfully
[[ATTACHMENT|keyes\keyes-history katalon demo.png]]

29-01-2024T22:57:55 - [TEST_STEP][PASSED] - scrollToElement(findTestObject("katalon demo/Page_CURA Healthcare Service/a_Go to Homepage"), 3): Scroll to object 'Object Repository/katalon demo/Page_CURA Healthcare Service/a_Go to Homepage' successfully

29-01-2024T22:58:26 - [MESSAGE][INFO] - Unable to find the element located by 'By.xpath: //section[@id='summary']/div/div/div[7]/p/a'. Please recheck the objects properties to make sure the desired element is located. 

29-01-2024T22:58:26 - [MESSAGE][WARNING] - [SELF-HEALING] Failed to find element with id 'Object Repository/katalon demo/Page_CURA Healthcare Service/a_Go to Homepage'. Try using Self-healing.

29-01-2024T22:58:27 - [MESSAGE][WARNING] - [SELF-HEALING] The current locator of test object 'Object Repository/katalon demo/Page_CURA Healthcare Service/a_Go to Homepage' was broken. Propose an alternative one: '//a[contains(text(),'Go to Homepage')]'.

29-01-2024T22:58:27 - [MESSAGE][PASSED] - Scroll to object 'Object Repository/katalon demo/Page_CURA Healthcare Service/a_Go to Homepage' successfully

29-01-2024T22:58:27 - [TEST_STEP][PASSED] - click(findTestObject("Object Repository/katalon demo/Page_CURA Healthcare Service/a_Go to Homepage")): Object: 'Object Repository/katalon demo/Page_CURA Healthcare Service/a_Go to Homepage' is clicked on

29-01-2024T22:58:58 - [MESSAGE][INFO] - Unable to find the element located by 'By.xpath: //section[@id='summary']/div/div/div[7]/p/a'. Please recheck the objects properties to make sure the desired element is located. 

29-01-2024T22:58:58 - [MESSAGE][WARNING] - [SELF-HEALING] Failed to find element with id 'Object Repository/katalon demo/Page_CURA Healthcare Service/a_Go to Homepage'. Try using Self-healing.

29-01-2024T22:58:58 - [MESSAGE][WARNING] - [SELF-HEALING] The current locator of test object 'Object Repository/katalon demo/Page_CURA Healthcare Service/a_Go to Homepage' was broken. Propose an alternative one: '//a[contains(text(),'Go to Homepage')]'.

29-01-2024T22:58:59 - [MESSAGE][PASSED] - Object: 'Object Repository/katalon demo/Page_CURA Healthcare Service/a_Go to Homepage' is clicked on]]></system-out>
         <system-err><![CDATA[]]></system-err>
      </testcase>
      <testcase name="Test Cases/Katalon Demo/profile katalon demo" time="3.078" classname="Test Cases/Katalon Demo/profile katalon demo" status="PASSED">
         <system-out><![CDATA[29-01-2024T22:58:59 - [TEST_CASE][PASSED] - Test Cases/Katalon Demo/profile katalon demo: Test Cases/Katalon Demo/profile katalon demo

29-01-2024T22:58:59 - [TEST_STEP][PASSED] - click(findTestObject("Object Repository/katalon demo/Page_CURA Healthcare Service/i_fa fa-bars")): Object: 'Object Repository/katalon demo/Page_CURA Healthcare Service/i_fa fa-bars' is clicked on

29-01-2024T22:59:00 - [MESSAGE][PASSED] - Object: 'Object Repository/katalon demo/Page_CURA Healthcare Service/i_fa fa-bars' is clicked on

29-01-2024T22:59:00 - [TEST_STEP][PASSED] - click(findTestObject("Object Repository/katalon demo/Page_CURA Healthcare Service/a_Profile")): Object: 'Object Repository/katalon demo/Page_CURA Healthcare Service/a_Profile' is clicked on

29-01-2024T22:59:01 - [MESSAGE][PASSED] - Object: 'Object Repository/katalon demo/Page_CURA Healthcare Service/a_Profile' is clicked on

29-01-2024T22:59:01 - [TEST_STEP][PASSED] - takeScreenshotAsCheckpoint("profile katalon demo"): Taking screenshot successfully

29-01-2024T22:59:01 - [MESSAGE][INFO] - 0 hidden object(s)

29-01-2024T22:59:01 - [MESSAGE][PASSED] - Taking screenshot successfully
[[ATTACHMENT|keyes\keyes-profile katalon demo.png]]

29-01-2024T22:59:01 - [TEST_STEP][PASSED] - click(findTestObject("Object Repository/katalon demo/Page_CURA Healthcare Service/i_fa fa-bars")): Object: 'Object Repository/katalon demo/Page_CURA Healthcare Service/i_fa fa-bars' is clicked on

29-01-2024T22:59:01 - [MESSAGE][PASSED] - Object: 'Object Repository/katalon demo/Page_CURA Healthcare Service/i_fa fa-bars' is clicked on

29-01-2024T22:59:01 - [TEST_STEP][PASSED] - click(findTestObject("Object Repository/katalon demo/Page_CURA Healthcare Service/a_Home")): Object: 'Object Repository/katalon demo/Page_CURA Healthcare Service/a_Home' is clicked on

29-01-2024T22:59:02 - [MESSAGE][PASSED] - Object: 'Object Repository/katalon demo/Page_CURA Healthcare Service/a_Home' is clicked on]]></system-out>
         <system-err><![CDATA[]]></system-err>
      </testcase>
      <testcase name="Test Cases/Katalon Demo/logout katalon demo" time="2.675" classname="Test Cases/Katalon Demo/logout katalon demo" status="PASSED">
         <system-out><![CDATA[29-01-2024T22:59:02 - [TEST_CASE][PASSED] - Test Cases/Katalon Demo/logout katalon demo: Test Cases/Katalon Demo/logout katalon demo

29-01-2024T22:59:02 - [TEST_STEP][PASSED] - click(findTestObject("Object Repository/katalon demo/Page_CURA Healthcare Service/i_fa fa-bars")): Object: 'Object Repository/katalon demo/Page_CURA Healthcare Service/i_fa fa-bars' is clicked on

29-01-2024T22:59:03 - [MESSAGE][PASSED] - Object: 'Object Repository/katalon demo/Page_CURA Healthcare Service/i_fa fa-bars' is clicked on

29-01-2024T22:59:03 - [TEST_STEP][PASSED] - takeScreenshotAsCheckpoint("logout katalon demo"): Taking screenshot successfully

29-01-2024T22:59:04 - [MESSAGE][INFO] - 0 hidden object(s)

29-01-2024T22:59:04 - [MESSAGE][PASSED] - Taking screenshot successfully
[[ATTACHMENT|keyes\keyes-logout katalon demo.png]]

29-01-2024T22:59:04 - [TEST_STEP][PASSED] - click(findTestObject("Object Repository/katalon demo/Page_CURA Healthcare Service/a_Logout")): Object: 'Object Repository/katalon demo/Page_CURA Healthcare Service/a_Logout' is clicked on

29-01-2024T22:59:05 - [MESSAGE][PASSED] - Object: 'Object Repository/katalon demo/Page_CURA Healthcare Service/a_Logout' is clicked on

29-01-2024T22:59:05 - [TEST_STEP][PASSED] - closeBrowser(): Browser is closed

29-01-2024T22:59:05 - [MESSAGE][PASSED] - Browser is closed]]></system-out>
         <system-err><![CDATA[]]></system-err>
      </testcase>
      <testcase name="Test Cases/Katalon Demo/negatif login katalon demo" time="17.946" classname="Test Cases/Katalon Demo/negatif login katalon demo" status="PASSED">
         <system-out><![CDATA[29-01-2024T22:59:05 - [TEST_CASE][PASSED] - Test Cases/Katalon Demo/negatif login katalon demo: Test Cases/Katalon Demo/negatif login katalon demo

29-01-2024T22:59:05 - [TEST_STEP][PASSED] - openBrowser(""): Browser is opened with url: ''

29-01-2024T22:59:05 - [MESSAGE][INFO] - Starting 'Chrome' driver

29-01-2024T22:59:05 - [MESSAGE][INFO] - Action delay is set to 0 milliseconds

29-01-2024T22:59:06 - [MESSAGE][PASSED] - Browser is opened with url: ''

29-01-2024T22:59:06 - [TEST_STEP][PASSED] - navigateToUrl("https://katalon-demo-cura.herokuapp.com/"): Navigate to 'https://katalon-demo-cura.herokuapp.com/' successfully

29-01-2024T22:59:14 - [MESSAGE][PASSED] - Navigate to 'https://katalon-demo-cura.herokuapp.com/' successfully

29-01-2024T22:59:14 - [TEST_STEP][PASSED] - click(findTestObject("Object Repository/katalon demo/Page_CURA Healthcare Service/amenu-toggle")): Object: 'Object Repository/katalon demo/Page_CURA Healthcare Service/amenu-toggle' is clicked on

29-01-2024T22:59:15 - [MESSAGE][PASSED] - Object: 'Object Repository/katalon demo/Page_CURA Healthcare Service/amenu-toggle' is clicked on

29-01-2024T22:59:15 - [TEST_STEP][PASSED] - click(findTestObject("Object Repository/katalon demo/Page_CURA Healthcare Service/a_Login")): Object: 'Object Repository/katalon demo/Page_CURA Healthcare Service/a_Login' is clicked on

29-01-2024T22:59:16 - [MESSAGE][PASSED] - Object: 'Object Repository/katalon demo/Page_CURA Healthcare Service/a_Login' is clicked on

29-01-2024T22:59:16 - [TEST_STEP][PASSED] - setText(findTestObject("Object Repository/katalon demo/Page_CURA Healthcare Service/input_username"), username1): Text 'aaaaa' is set on object 'Object Repository/katalon demo/Page_CURA Healthcare Service/input_username'

29-01-2024T22:59:16 - [MESSAGE][PASSED] - Text 'aaaaa' is set on object 'Object Repository/katalon demo/Page_CURA Healthcare Service/input_username'

29-01-2024T22:59:16 - [TEST_STEP][PASSED] - setText(findTestObject("Object Repository/katalon demo/Page_CURA Healthcare Service/input_password"), password1): Text 'aaaaaaaa' is set on object 'Object Repository/katalon demo/Page_CURA Healthcare Service/input_password'

29-01-2024T22:59:17 - [MESSAGE][PASSED] - Text 'aaaaaaaa' is set on object 'Object Repository/katalon demo/Page_CURA Healthcare Service/input_password'

29-01-2024T22:59:17 - [TEST_STEP][PASSED] - click(findTestObject("katalon demo/Page_CURA Healthcare Service/button_Login")): Object: 'Object Repository/katalon demo/Page_CURA Healthcare Service/button_Login' is clicked on

29-01-2024T22:59:18 - [MESSAGE][PASSED] - Object: 'Object Repository/katalon demo/Page_CURA Healthcare Service/button_Login' is clicked on

29-01-2024T22:59:18 - [TEST_STEP][PASSED] - verifyTextPresent("Login failed!", false): Text 'Login failed!' is present on page 

29-01-2024T22:59:18 - [MESSAGE][PASSED] - Text 'Login failed!' is present on page 

29-01-2024T22:59:18 - [TEST_STEP][PASSED] - takeScreenshotAsCheckpoint("negatif 1 login katalon demo"): Taking screenshot successfully

29-01-2024T22:59:19 - [MESSAGE][INFO] - 0 hidden object(s)

29-01-2024T22:59:19 - [MESSAGE][PASSED] - Taking screenshot successfully
[[ATTACHMENT|keyes\keyes-negatif 1 login katalon demo.png]]

29-01-2024T22:59:19 - [TEST_STEP][PASSED] - click(findTestObject("Object Repository/katalon demo/Page_CURA Healthcare Service/button_Login")): Object: 'Object Repository/katalon demo/Page_CURA Healthcare Service/button_Login' is clicked on

29-01-2024T22:59:20 - [MESSAGE][PASSED] - Object: 'Object Repository/katalon demo/Page_CURA Healthcare Service/button_Login' is clicked on

29-01-2024T22:59:20 - [TEST_STEP][PASSED] - setText(findTestObject("katalon demo/Page_CURA Healthcare Service/input_username"), username2): Text 'bbbbb' is set on object 'Object Repository/katalon demo/Page_CURA Healthcare Service/input_username'

29-01-2024T22:59:20 - [MESSAGE][PASSED] - Text 'bbbbb' is set on object 'Object Repository/katalon demo/Page_CURA Healthcare Service/input_username'

29-01-2024T22:59:20 - [TEST_STEP][PASSED] - setText(findTestObject("katalon demo/Page_CURA Healthcare Service/input_password"), password2): Text 'bbbbbbbb' is set on object 'Object Repository/katalon demo/Page_CURA Healthcare Service/input_password'

29-01-2024T22:59:21 - [MESSAGE][PASSED] - Text 'bbbbbbbb' is set on object 'Object Repository/katalon demo/Page_CURA Healthcare Service/input_password'

29-01-2024T22:59:21 - [TEST_STEP][PASSED] - click(findTestObject("katalon demo/Page_CURA Healthcare Service/button_Login")): Object: 'Object Repository/katalon demo/Page_CURA Healthcare Service/button_Login' is clicked on

29-01-2024T22:59:22 - [MESSAGE][PASSED] - Object: 'Object Repository/katalon demo/Page_CURA Healthcare Service/button_Login' is clicked on

29-01-2024T22:59:22 - [TEST_STEP][PASSED] - verifyTextPresent("Login failed!", false): Text 'Login failed!' is present on page 

29-01-2024T22:59:23 - [MESSAGE][PASSED] - Text 'Login failed!' is present on page 

29-01-2024T22:59:23 - [TEST_STEP][PASSED] - takeScreenshotAsCheckpoint("negatif 2 login katalon demo"): Taking screenshot successfully

29-01-2024T22:59:23 - [MESSAGE][INFO] - 0 hidden object(s)

29-01-2024T22:59:23 - [MESSAGE][PASSED] - Taking screenshot successfully
[[ATTACHMENT|keyes\keyes-negatif 2 login katalon demo.png]]]]></system-out>
         <system-err><![CDATA[]]></system-err>
      </testcase>
      <system-out><![CDATA[29-01-2024T22:57:16 - [TEST_SUITE][PASSED] - katalon demo: Test Cases/Katalon Demo/negatif login katalon demo]]></system-out>
      <system-err><![CDATA[]]></system-err>
   </testsuite>
   <testsuite name="katalon demo" tests="8" failures="0" errors="0" time="124.924" skipped="0" timestamp="29-01-2024T22:59:30" hostname="0517 - Pierrot" id="Test Suites/katalon demo">
      <properties>
         <property name="deviceName" value=""/>
         <property name="devicePlatform" value=""/>
         <property name="logFolder" value="C:\\Users\\0517\\Katalon Studio\\poc bni\\Reports\\20240129_222034\\katalon demo\\20240129_222206"/>
         <property name="logFiles" value="C:\\Users\\0517\\Katalon Studio\\poc bni\\Reports\\20240129_222034\\katalon demo\\20240129_222206\\execution0.log"/>
         <property name="attachments" value="keyes\keyes-login katalon demo.png, keyes\keyes-appointment katalon demo.png, keyes\keyes-appointment 1 katalon demo.png, keyes\keyes-appointment 2 katalon demo.png, keyes\keyes-history katalon demo.png, keyes\keyes-profile katalon demo.png, keyes\keyes-logout katalon demo.png, keyes\keyes-negatif 1 login katalon demo.png, keyes\keyes-negatif 2 login katalon demo.png"/>
         <property name="hostName" value="0517 - Pierrot"/>
         <property name="os" value="Windows 10 64bit"/>
         <property name="katalonVersion" value="9.2.0.212"/>
         <property name="browser" value="Chrome 121.0.0.0"/>
         <property name="hostAddress" value="192.168.96.2"/>
         <property name="sessionId" value="b908704a7936a8f8d7acbc4171ab21b8"/>
         <property name="seleniumVersion" value="3.141.59"/>
         <property name="proxyInformation" value="ProxyInformation { proxyOption=NO_PROXY, proxyServerType=HTTP, username=, password=********, proxyServerAddress=, proxyServerPort=0, executionList=&quot;&quot;, isApplyToDesiredCapabilities=true }"/>
         <property name="platform" value="Windows 10"/>
      </properties>
      <testcase name="Test Cases/Katalon Demo/login katalon demo" time="12.869" classname="Test Cases/Katalon Demo/login katalon demo" status="PASSED">
         <system-out><![CDATA[29-01-2024T22:59:30 - [TEST_CASE][PASSED] - Test Cases/Katalon Demo/login katalon demo: Test Cases/Katalon Demo/login katalon demo

29-01-2024T22:59:31 - [TEST_STEP][PASSED] - openBrowser(""): Browser is opened with url: ''

29-01-2024T22:59:31 - [MESSAGE][INFO] - Starting 'Chrome' driver

29-01-2024T22:59:31 - [MESSAGE][INFO] - Action delay is set to 0 milliseconds

29-01-2024T22:59:33 - [MESSAGE][PASSED] - Browser is opened with url: ''

29-01-2024T22:59:33 - [TEST_STEP][PASSED] - navigateToUrl("https://katalon-demo-cura.herokuapp.com/"): Navigate to 'https://katalon-demo-cura.herokuapp.com/' successfully

29-01-2024T22:59:39 - [MESSAGE][PASSED] - Navigate to 'https://katalon-demo-cura.herokuapp.com/' successfully

29-01-2024T22:59:39 - [TEST_STEP][PASSED] - click(findTestObject("Object Repository/katalon demo/Page_CURA Healthcare Service/amenu-toggle")): Object: 'Object Repository/katalon demo/Page_CURA Healthcare Service/amenu-toggle' is clicked on

29-01-2024T22:59:39 - [MESSAGE][PASSED] - Object: 'Object Repository/katalon demo/Page_CURA Healthcare Service/amenu-toggle' is clicked on

29-01-2024T22:59:39 - [TEST_STEP][PASSED] - click(findTestObject("Object Repository/katalon demo/Page_CURA Healthcare Service/a_Login")): Object: 'Object Repository/katalon demo/Page_CURA Healthcare Service/a_Login' is clicked on

29-01-2024T22:59:40 - [MESSAGE][PASSED] - Object: 'Object Repository/katalon demo/Page_CURA Healthcare Service/a_Login' is clicked on

29-01-2024T22:59:40 - [TEST_STEP][PASSED] - setText(findTestObject("Object Repository/katalon demo/Page_CURA Healthcare Service/input_username"), "John Doe"): Text 'John Doe' is set on object 'Object Repository/katalon demo/Page_CURA Healthcare Service/input_username'

29-01-2024T22:59:41 - [MESSAGE][PASSED] - Text 'John Doe' is set on object 'Object Repository/katalon demo/Page_CURA Healthcare Service/input_username'

29-01-2024T22:59:41 - [TEST_STEP][PASSED] - setEncryptedText(findTestObject("Object Repository/katalon demo/Page_CURA Healthcare Service/input_password"), "g3/DOGG74jC3Flrr3yH+3D/yKbOqqUNM"): Text ****** has been set on object 'Object Repository/katalon demo/Page_CURA Healthcare Service/input_password'

29-01-2024T22:59:42 - [MESSAGE][PASSED] - Text ****** has been set on object 'Object Repository/katalon demo/Page_CURA Healthcare Service/input_password'

29-01-2024T22:59:42 - [TEST_STEP][PASSED] - takeScreenshotAsCheckpoint("login katalon demo", STOP_ON_FAILURE): Taking screenshot successfully

29-01-2024T22:59:42 - [MESSAGE][INFO] - 0 hidden object(s)

29-01-2024T22:59:42 - [MESSAGE][PASSED] - Taking screenshot successfully
[[ATTACHMENT|keyes\keyes-login katalon demo.png]]

29-01-2024T22:59:42 - [TEST_STEP][PASSED] - click(findTestObject("Object Repository/katalon demo/Page_CURA Healthcare Service/button_Login")): Object: 'Object Repository/katalon demo/Page_CURA Healthcare Service/button_Login' is clicked on

29-01-2024T22:59:43 - [MESSAGE][PASSED] - Object: 'Object Repository/katalon demo/Page_CURA Healthcare Service/button_Login' is clicked on]]></system-out>
         <system-err><![CDATA[]]></system-err>
      </testcase>
      <testcase name="Test Cases/Katalon Demo/make appointment katalon demo" time="9.458" classname="Test Cases/Katalon Demo/make appointment katalon demo" status="PASSED">
         <system-out><![CDATA[29-01-2024T22:59:43 - [TEST_CASE][PASSED] - Test Cases/Katalon Demo/make appointment katalon demo: Test Cases/Katalon Demo/make appointment katalon demo

29-01-2024T22:59:44 - [TEST_STEP][PASSED] - selectOptionByValue(findTestObject("Object Repository/katalon demo/Page_CURA Healthcare Service/select_Tokyo"), "Hongkong CURA Healthcare Center", true): All options with value 'Hongkong CURA Healthcare Center' are selected in object 'Object Repository/katalon demo/Page_CURA Healthcare Service/select_Tokyo'  using regular expression

29-01-2024T22:59:45 - [MESSAGE][PASSED] - All options with value 'Hongkong CURA Healthcare Center' are selected in object 'Object Repository/katalon demo/Page_CURA Healthcare Service/select_Tokyo'  using regular expression

29-01-2024T22:59:45 - [TEST_STEP][PASSED] - click(findTestObject("Object Repository/katalon demo/Page_CURA Healthcare Service/label_Apply for hospital readmission")): Object: 'Object Repository/katalon demo/Page_CURA Healthcare Service/label_Apply for hospital readmission' is clicked on

29-01-2024T22:59:45 - [MESSAGE][PASSED] - Object: 'Object Repository/katalon demo/Page_CURA Healthcare Service/label_Apply for hospital readmission' is clicked on

29-01-2024T22:59:45 - [TEST_STEP][PASSED] - click(findTestObject("Object Repository/katalon demo/Page_CURA Healthcare Service/input_programs")): Object: 'Object Repository/katalon demo/Page_CURA Healthcare Service/input_programs' is clicked on

29-01-2024T22:59:45 - [MESSAGE][PASSED] - Object: 'Object Repository/katalon demo/Page_CURA Healthcare Service/input_programs' is clicked on

29-01-2024T22:59:45 - [TEST_STEP][PASSED] - click(findTestObject("Object Repository/katalon demo/Page_CURA Healthcare Service/span_glyphicon glyphicon-calendar")): Object: 'Object Repository/katalon demo/Page_CURA Healthcare Service/span_glyphicon glyphicon-calendar' is clicked on

29-01-2024T22:59:46 - [MESSAGE][PASSED] - Object: 'Object Repository/katalon demo/Page_CURA Healthcare Service/span_glyphicon glyphicon-calendar' is clicked on

29-01-2024T22:59:46 - [TEST_STEP][PASSED] - click(findTestObject("Object Repository/katalon demo/Page_CURA Healthcare Service/td_31")): Object: 'Object Repository/katalon demo/Page_CURA Healthcare Service/td_31' is clicked on

29-01-2024T22:59:46 - [MESSAGE][PASSED] - Object: 'Object Repository/katalon demo/Page_CURA Healthcare Service/td_31' is clicked on

29-01-2024T22:59:46 - [TEST_STEP][PASSED] - setText(findTestObject("Object Repository/katalon demo/Page_CURA Healthcare Service/textarea_comment"), "tes katalon demo"): Text 'tes katalon demo' is set on object 'Object Repository/katalon demo/Page_CURA Healthcare Service/textarea_comment'

29-01-2024T22:59:47 - [MESSAGE][PASSED] - Text 'tes katalon demo' is set on object 'Object Repository/katalon demo/Page_CURA Healthcare Service/textarea_comment'

29-01-2024T22:59:47 - [TEST_STEP][PASSED] - click(findTestObject("Object Repository/katalon demo/Page_CURA Healthcare Service/button_Book Appointment")): Object: 'Object Repository/katalon demo/Page_CURA Healthcare Service/button_Book Appointment' is clicked on

29-01-2024T22:59:50 - [MESSAGE][PASSED] - Object: 'Object Repository/katalon demo/Page_CURA Healthcare Service/button_Book Appointment' is clicked on

29-01-2024T22:59:50 - [TEST_STEP][PASSED] - verifyTextPresent("Appointment Confirmation", false): Text 'Appointment Confirmation' is present on page 

29-01-2024T22:59:50 - [MESSAGE][PASSED] - Text 'Appointment Confirmation' is present on page 

29-01-2024T22:59:50 - [TEST_STEP][PASSED] - takeScreenshotAsCheckpoint("appointment katalon demo"): Taking screenshot successfully

29-01-2024T22:59:51 - [MESSAGE][INFO] - 0 hidden object(s)

29-01-2024T22:59:51 - [MESSAGE][PASSED] - Taking screenshot successfully
[[ATTACHMENT|keyes\keyes-appointment katalon demo.png]]

29-01-2024T22:59:51 - [TEST_STEP][PASSED] - click(findTestObject("Object Repository/katalon demo/Page_CURA Healthcare Service/a_Go to Homepage")): Object: 'Object Repository/katalon demo/Page_CURA Healthcare Service/a_Go to Homepage' is clicked on

29-01-2024T22:59:53 - [MESSAGE][PASSED] - Object: 'Object Repository/katalon demo/Page_CURA Healthcare Service/a_Go to Homepage' is clicked on]]></system-out>
         <system-err><![CDATA[]]></system-err>
      </testcase>
      <testcase name="Test Cases/Katalon Demo/make appointment katalon demo 1" time="6.488" classname="Test Cases/Katalon Demo/make appointment katalon demo 1" status="PASSED">
         <system-out><![CDATA[29-01-2024T22:59:53 - [TEST_CASE][PASSED] - Test Cases/Katalon Demo/make appointment katalon demo 1: Test Cases/Katalon Demo/make appointment katalon demo 1

29-01-2024T22:59:53 - [TEST_STEP][PASSED] - selectOptionByValue(findTestObject("Object Repository/katalon demo/Page_CURA Healthcare Service/select_Tokyo"), "Seoul CURA Healthcare Center", true): All options with value 'Seoul CURA Healthcare Center' are selected in object 'Object Repository/katalon demo/Page_CURA Healthcare Service/select_Tokyo'  using regular expression

29-01-2024T22:59:54 - [MESSAGE][PASSED] - All options with value 'Seoul CURA Healthcare Center' are selected in object 'Object Repository/katalon demo/Page_CURA Healthcare Service/select_Tokyo'  using regular expression

29-01-2024T22:59:54 - [TEST_STEP][PASSED] - click(findTestObject("Object Repository/katalon demo/Page_CURA Healthcare Service/input_hospital_readmission")): Object: 'Object Repository/katalon demo/Page_CURA Healthcare Service/input_hospital_readmission' is clicked on

29-01-2024T22:59:54 - [MESSAGE][PASSED] - Object: 'Object Repository/katalon demo/Page_CURA Healthcare Service/input_hospital_readmission' is clicked on

29-01-2024T22:59:54 - [TEST_STEP][PASSED] - click(findTestObject("Object Repository/katalon demo/Page_CURA Healthcare Service/input_programs")): Object: 'Object Repository/katalon demo/Page_CURA Healthcare Service/input_programs' is clicked on

29-01-2024T22:59:55 - [MESSAGE][PASSED] - Object: 'Object Repository/katalon demo/Page_CURA Healthcare Service/input_programs' is clicked on

29-01-2024T22:59:55 - [TEST_STEP][PASSED] - click(findTestObject("Object Repository/katalon demo/Page_CURA Healthcare Service/span_glyphicon glyphicon-calendar")): Object: 'Object Repository/katalon demo/Page_CURA Healthcare Service/span_glyphicon glyphicon-calendar' is clicked on

29-01-2024T22:59:55 - [MESSAGE][PASSED] - Object: 'Object Repository/katalon demo/Page_CURA Healthcare Service/span_glyphicon glyphicon-calendar' is clicked on

29-01-2024T22:59:55 - [TEST_STEP][PASSED] - click(findTestObject("Object Repository/katalon demo/Page_CURA Healthcare Service/td_30")): Object: 'Object Repository/katalon demo/Page_CURA Healthcare Service/td_30' is clicked on

29-01-2024T22:59:56 - [MESSAGE][PASSED] - Object: 'Object Repository/katalon demo/Page_CURA Healthcare Service/td_30' is clicked on

29-01-2024T22:59:56 - [TEST_STEP][PASSED] - setText(findTestObject("Object Repository/katalon demo/Page_CURA Healthcare Service/textarea_comment"), "tes katalon"): Text 'tes katalon' is set on object 'Object Repository/katalon demo/Page_CURA Healthcare Service/textarea_comment'

29-01-2024T22:59:56 - [MESSAGE][PASSED] - Text 'tes katalon' is set on object 'Object Repository/katalon demo/Page_CURA Healthcare Service/textarea_comment'

29-01-2024T22:59:56 - [TEST_STEP][PASSED] - click(findTestObject("Object Repository/katalon demo/Page_CURA Healthcare Service/button_Book Appointment")): Object: 'Object Repository/katalon demo/Page_CURA Healthcare Service/button_Book Appointment' is clicked on

29-01-2024T22:59:57 - [MESSAGE][PASSED] - Object: 'Object Repository/katalon demo/Page_CURA Healthcare Service/button_Book Appointment' is clicked on

29-01-2024T22:59:57 - [TEST_STEP][PASSED] - verifyTextPresent("Appointment Confirmation", false): Text 'Appointment Confirmation' is present on page 

29-01-2024T22:59:58 - [MESSAGE][PASSED] - Text 'Appointment Confirmation' is present on page 

29-01-2024T22:59:58 - [TEST_STEP][PASSED] - takeScreenshotAsCheckpoint("appointment 1 katalon demo"): Taking screenshot successfully

29-01-2024T22:59:58 - [MESSAGE][INFO] - 0 hidden object(s)

29-01-2024T22:59:58 - [MESSAGE][PASSED] - Taking screenshot successfully
[[ATTACHMENT|keyes\keyes-appointment 1 katalon demo.png]]

29-01-2024T22:59:58 - [TEST_STEP][PASSED] - click(findTestObject("Object Repository/katalon demo/Page_CURA Healthcare Service/a_Go to Homepage")): Object: 'Object Repository/katalon demo/Page_CURA Healthcare Service/a_Go to Homepage' is clicked on

29-01-2024T22:59:59 - [MESSAGE][PASSED] - Object: 'Object Repository/katalon demo/Page_CURA Healthcare Service/a_Go to Homepage' is clicked on]]></system-out>
         <system-err><![CDATA[]]></system-err>
      </testcase>
      <testcase name="Test Cases/Katalon Demo/make appointment katalon demo 2" time="5.073" classname="Test Cases/Katalon Demo/make appointment katalon demo 2" status="PASSED">
         <system-out><![CDATA[29-01-2024T22:59:59 - [TEST_CASE][PASSED] - Test Cases/Katalon Demo/make appointment katalon demo 2: Test Cases/Katalon Demo/make appointment katalon demo 2

29-01-2024T22:59:59 - [TEST_STEP][PASSED] - click(findTestObject("Object Repository/katalon demo/Page_CURA Healthcare Service/label_Apply for hospital readmission")): Object: 'Object Repository/katalon demo/Page_CURA Healthcare Service/label_Apply for hospital readmission' is clicked on

29-01-2024T23:00:00 - [MESSAGE][PASSED] - Object: 'Object Repository/katalon demo/Page_CURA Healthcare Service/label_Apply for hospital readmission' is clicked on

29-01-2024T23:00:00 - [TEST_STEP][PASSED] - click(findTestObject("Object Repository/katalon demo/Page_CURA Healthcare Service/input_programs")): Object: 'Object Repository/katalon demo/Page_CURA Healthcare Service/input_programs' is clicked on

29-01-2024T23:00:00 - [MESSAGE][PASSED] - Object: 'Object Repository/katalon demo/Page_CURA Healthcare Service/input_programs' is clicked on

29-01-2024T23:00:00 - [TEST_STEP][PASSED] - click(findTestObject("Object Repository/katalon demo/Page_CURA Healthcare Service/input_visit_date")): Object: 'Object Repository/katalon demo/Page_CURA Healthcare Service/input_visit_date' is clicked on

29-01-2024T23:00:00 - [MESSAGE][PASSED] - Object: 'Object Repository/katalon demo/Page_CURA Healthcare Service/input_visit_date' is clicked on

29-01-2024T23:00:00 - [TEST_STEP][PASSED] - click(findTestObject("Object Repository/katalon demo/Page_CURA Healthcare Service/th_")): Object: 'Object Repository/katalon demo/Page_CURA Healthcare Service/th_' is clicked on

29-01-2024T23:00:01 - [MESSAGE][PASSED] - Object: 'Object Repository/katalon demo/Page_CURA Healthcare Service/th_' is clicked on

29-01-2024T23:00:01 - [TEST_STEP][PASSED] - click(findTestObject("Object Repository/katalon demo/Page_CURA Healthcare Service/td_28")): Object: 'Object Repository/katalon demo/Page_CURA Healthcare Service/td_28' is clicked on

29-01-2024T23:00:01 - [MESSAGE][PASSED] - Object: 'Object Repository/katalon demo/Page_CURA Healthcare Service/td_28' is clicked on

29-01-2024T23:00:01 - [TEST_STEP][PASSED] - setText(findTestObject("Object Repository/katalon demo/Page_CURA Healthcare Service/textarea_comment"), "tes katalon"): Text 'tes katalon' is set on object 'Object Repository/katalon demo/Page_CURA Healthcare Service/textarea_comment'

29-01-2024T23:00:02 - [MESSAGE][PASSED] - Text 'tes katalon' is set on object 'Object Repository/katalon demo/Page_CURA Healthcare Service/textarea_comment'

29-01-2024T23:00:02 - [TEST_STEP][PASSED] - click(findTestObject("Object Repository/katalon demo/Page_CURA Healthcare Service/button_Book Appointment")): Object: 'Object Repository/katalon demo/Page_CURA Healthcare Service/button_Book Appointment' is clicked on

29-01-2024T23:00:03 - [MESSAGE][PASSED] - Object: 'Object Repository/katalon demo/Page_CURA Healthcare Service/button_Book Appointment' is clicked on

29-01-2024T23:00:03 - [TEST_STEP][PASSED] - verifyTextPresent("Appointment Confirmation", false): Text 'Appointment Confirmation' is present on page 

29-01-2024T23:00:03 - [MESSAGE][PASSED] - Text 'Appointment Confirmation' is present on page 

29-01-2024T23:00:03 - [TEST_STEP][PASSED] - takeScreenshotAsCheckpoint("appointment 2 katalon demo"): Taking screenshot successfully

29-01-2024T23:00:04 - [MESSAGE][INFO] - 0 hidden object(s)

29-01-2024T23:00:04 - [MESSAGE][PASSED] - Taking screenshot successfully
[[ATTACHMENT|keyes\keyes-appointment 2 katalon demo.png]]

29-01-2024T23:00:04 - [TEST_STEP][PASSED] - click(findTestObject("Object Repository/katalon demo/Page_CURA Healthcare Service/a_Go to Homepage")): Object: 'Object Repository/katalon demo/Page_CURA Healthcare Service/a_Go to Homepage' is clicked on

29-01-2024T23:00:04 - [MESSAGE][PASSED] - Object: 'Object Repository/katalon demo/Page_CURA Healthcare Service/a_Go to Homepage' is clicked on]]></system-out>
         <system-err><![CDATA[]]></system-err>
      </testcase>
      <testcase name="Test Cases/Katalon Demo/history katalon demo" time="67.553" classname="Test Cases/Katalon Demo/history katalon demo" status="PASSED">
         <system-out><![CDATA[29-01-2024T23:00:04 - [TEST_CASE][PASSED] - Test Cases/Katalon Demo/history katalon demo: Test Cases/Katalon Demo/history katalon demo

29-01-2024T23:00:05 - [TEST_STEP][PASSED] - click(findTestObject("Object Repository/katalon demo/Page_CURA Healthcare Service/amenu-toggle")): Object: 'Object Repository/katalon demo/Page_CURA Healthcare Service/amenu-toggle' is clicked on

29-01-2024T23:00:05 - [MESSAGE][PASSED] - Object: 'Object Repository/katalon demo/Page_CURA Healthcare Service/amenu-toggle' is clicked on

29-01-2024T23:00:05 - [TEST_STEP][PASSED] - click(findTestObject("Object Repository/katalon demo/Page_CURA Healthcare Service/a_History")): Object: 'Object Repository/katalon demo/Page_CURA Healthcare Service/a_History' is clicked on

29-01-2024T23:00:06 - [MESSAGE][PASSED] - Object: 'Object Repository/katalon demo/Page_CURA Healthcare Service/a_History' is clicked on

29-01-2024T23:00:06 - [TEST_STEP][PASSED] - takeScreenshotAsCheckpoint("history katalon demo"): Taking screenshot successfully

29-01-2024T23:00:07 - [MESSAGE][INFO] - 0 hidden object(s)

29-01-2024T23:00:07 - [MESSAGE][PASSED] - Taking screenshot successfully
[[ATTACHMENT|keyes\keyes-history katalon demo.png]]

29-01-2024T23:00:07 - [TEST_STEP][PASSED] - scrollToElement(findTestObject("katalon demo/Page_CURA Healthcare Service/a_Go to Homepage"), 3): Scroll to object 'Object Repository/katalon demo/Page_CURA Healthcare Service/a_Go to Homepage' successfully

29-01-2024T23:00:38 - [MESSAGE][INFO] - Unable to find the element located by 'By.xpath: //section[@id='summary']/div/div/div[7]/p/a'. Please recheck the objects properties to make sure the desired element is located. 

29-01-2024T23:00:38 - [MESSAGE][WARNING] - [SELF-HEALING] Failed to find element with id 'Object Repository/katalon demo/Page_CURA Healthcare Service/a_Go to Homepage'. Try using Self-healing.

29-01-2024T23:00:38 - [MESSAGE][WARNING] - [SELF-HEALING] The current locator of test object 'Object Repository/katalon demo/Page_CURA Healthcare Service/a_Go to Homepage' was broken. Propose an alternative one: '//a[contains(text(),'Go to Homepage')]'.

29-01-2024T23:00:38 - [MESSAGE][PASSED] - Scroll to object 'Object Repository/katalon demo/Page_CURA Healthcare Service/a_Go to Homepage' successfully

29-01-2024T23:00:38 - [TEST_STEP][PASSED] - click(findTestObject("Object Repository/katalon demo/Page_CURA Healthcare Service/a_Go to Homepage")): Object: 'Object Repository/katalon demo/Page_CURA Healthcare Service/a_Go to Homepage' is clicked on

29-01-2024T23:01:09 - [MESSAGE][INFO] - Unable to find the element located by 'By.xpath: //section[@id='summary']/div/div/div[7]/p/a'. Please recheck the objects properties to make sure the desired element is located. 

29-01-2024T23:01:09 - [MESSAGE][WARNING] - [SELF-HEALING] Failed to find element with id 'Object Repository/katalon demo/Page_CURA Healthcare Service/a_Go to Homepage'. Try using Self-healing.

29-01-2024T23:01:10 - [MESSAGE][WARNING] - [SELF-HEALING] The current locator of test object 'Object Repository/katalon demo/Page_CURA Healthcare Service/a_Go to Homepage' was broken. Propose an alternative one: '//a[contains(text(),'Go to Homepage')]'.

29-01-2024T23:01:12 - [MESSAGE][PASSED] - Object: 'Object Repository/katalon demo/Page_CURA Healthcare Service/a_Go to Homepage' is clicked on]]></system-out>
         <system-err><![CDATA[]]></system-err>
      </testcase>
      <testcase name="Test Cases/Katalon Demo/profile katalon demo" time="3.361" classname="Test Cases/Katalon Demo/profile katalon demo" status="PASSED">
         <system-out><![CDATA[29-01-2024T23:01:12 - [TEST_CASE][PASSED] - Test Cases/Katalon Demo/profile katalon demo: Test Cases/Katalon Demo/profile katalon demo

29-01-2024T23:01:12 - [TEST_STEP][PASSED] - click(findTestObject("Object Repository/katalon demo/Page_CURA Healthcare Service/i_fa fa-bars")): Object: 'Object Repository/katalon demo/Page_CURA Healthcare Service/i_fa fa-bars' is clicked on

29-01-2024T23:01:12 - [MESSAGE][PASSED] - Object: 'Object Repository/katalon demo/Page_CURA Healthcare Service/i_fa fa-bars' is clicked on

29-01-2024T23:01:12 - [TEST_STEP][PASSED] - click(findTestObject("Object Repository/katalon demo/Page_CURA Healthcare Service/a_Profile")): Object: 'Object Repository/katalon demo/Page_CURA Healthcare Service/a_Profile' is clicked on

29-01-2024T23:01:13 - [MESSAGE][PASSED] - Object: 'Object Repository/katalon demo/Page_CURA Healthcare Service/a_Profile' is clicked on

29-01-2024T23:01:13 - [TEST_STEP][PASSED] - takeScreenshotAsCheckpoint("profile katalon demo"): Taking screenshot successfully

29-01-2024T23:01:14 - [MESSAGE][INFO] - 0 hidden object(s)

29-01-2024T23:01:14 - [MESSAGE][PASSED] - Taking screenshot successfully
[[ATTACHMENT|keyes\keyes-profile katalon demo.png]]

29-01-2024T23:01:14 - [TEST_STEP][PASSED] - click(findTestObject("Object Repository/katalon demo/Page_CURA Healthcare Service/i_fa fa-bars")): Object: 'Object Repository/katalon demo/Page_CURA Healthcare Service/i_fa fa-bars' is clicked on

29-01-2024T23:01:14 - [MESSAGE][PASSED] - Object: 'Object Repository/katalon demo/Page_CURA Healthcare Service/i_fa fa-bars' is clicked on

29-01-2024T23:01:14 - [TEST_STEP][PASSED] - click(findTestObject("Object Repository/katalon demo/Page_CURA Healthcare Service/a_Home")): Object: 'Object Repository/katalon demo/Page_CURA Healthcare Service/a_Home' is clicked on

29-01-2024T23:01:15 - [MESSAGE][PASSED] - Object: 'Object Repository/katalon demo/Page_CURA Healthcare Service/a_Home' is clicked on]]></system-out>
         <system-err><![CDATA[]]></system-err>
      </testcase>
      <testcase name="Test Cases/Katalon Demo/logout katalon demo" time="2.721" classname="Test Cases/Katalon Demo/logout katalon demo" status="PASSED">
         <system-out><![CDATA[29-01-2024T23:01:15 - [TEST_CASE][PASSED] - Test Cases/Katalon Demo/logout katalon demo: Test Cases/Katalon Demo/logout katalon demo

29-01-2024T23:01:15 - [TEST_STEP][PASSED] - click(findTestObject("Object Repository/katalon demo/Page_CURA Healthcare Service/i_fa fa-bars")): Object: 'Object Repository/katalon demo/Page_CURA Healthcare Service/i_fa fa-bars' is clicked on

29-01-2024T23:01:16 - [MESSAGE][PASSED] - Object: 'Object Repository/katalon demo/Page_CURA Healthcare Service/i_fa fa-bars' is clicked on

29-01-2024T23:01:16 - [TEST_STEP][PASSED] - takeScreenshotAsCheckpoint("logout katalon demo"): Taking screenshot successfully

29-01-2024T23:01:17 - [MESSAGE][INFO] - 0 hidden object(s)

29-01-2024T23:01:17 - [MESSAGE][PASSED] - Taking screenshot successfully
[[ATTACHMENT|keyes\keyes-logout katalon demo.png]]

29-01-2024T23:01:17 - [TEST_STEP][PASSED] - click(findTestObject("Object Repository/katalon demo/Page_CURA Healthcare Service/a_Logout")): Object: 'Object Repository/katalon demo/Page_CURA Healthcare Service/a_Logout' is clicked on

29-01-2024T23:01:18 - [MESSAGE][PASSED] - Object: 'Object Repository/katalon demo/Page_CURA Healthcare Service/a_Logout' is clicked on

29-01-2024T23:01:18 - [TEST_STEP][PASSED] - closeBrowser(): Browser is closed

29-01-2024T23:01:18 - [MESSAGE][PASSED] - Browser is closed]]></system-out>
         <system-err><![CDATA[]]></system-err>
      </testcase>
      <testcase name="Test Cases/Katalon Demo/negatif login katalon demo" time="17.093" classname="Test Cases/Katalon Demo/negatif login katalon demo" status="PASSED">
         <system-out><![CDATA[29-01-2024T23:01:18 - [TEST_CASE][PASSED] - Test Cases/Katalon Demo/negatif login katalon demo: Test Cases/Katalon Demo/negatif login katalon demo

29-01-2024T23:01:18 - [TEST_STEP][PASSED] - openBrowser(""): Browser is opened with url: ''

29-01-2024T23:01:18 - [MESSAGE][INFO] - Starting 'Chrome' driver

29-01-2024T23:01:18 - [MESSAGE][INFO] - Action delay is set to 0 milliseconds

29-01-2024T23:01:19 - [MESSAGE][PASSED] - Browser is opened with url: ''

29-01-2024T23:01:19 - [TEST_STEP][PASSED] - navigateToUrl("https://katalon-demo-cura.herokuapp.com/"): Navigate to 'https://katalon-demo-cura.herokuapp.com/' successfully

29-01-2024T23:01:26 - [MESSAGE][PASSED] - Navigate to 'https://katalon-demo-cura.herokuapp.com/' successfully

29-01-2024T23:01:26 - [TEST_STEP][PASSED] - click(findTestObject("Object Repository/katalon demo/Page_CURA Healthcare Service/amenu-toggle")): Object: 'Object Repository/katalon demo/Page_CURA Healthcare Service/amenu-toggle' is clicked on

29-01-2024T23:01:27 - [MESSAGE][PASSED] - Object: 'Object Repository/katalon demo/Page_CURA Healthcare Service/amenu-toggle' is clicked on

29-01-2024T23:01:27 - [TEST_STEP][PASSED] - click(findTestObject("Object Repository/katalon demo/Page_CURA Healthcare Service/a_Login")): Object: 'Object Repository/katalon demo/Page_CURA Healthcare Service/a_Login' is clicked on

29-01-2024T23:01:28 - [MESSAGE][PASSED] - Object: 'Object Repository/katalon demo/Page_CURA Healthcare Service/a_Login' is clicked on

29-01-2024T23:01:28 - [TEST_STEP][PASSED] - setText(findTestObject("Object Repository/katalon demo/Page_CURA Healthcare Service/input_username"), username1): Text 'aaaaa' is set on object 'Object Repository/katalon demo/Page_CURA Healthcare Service/input_username'

29-01-2024T23:01:28 - [MESSAGE][PASSED] - Text 'aaaaa' is set on object 'Object Repository/katalon demo/Page_CURA Healthcare Service/input_username'

29-01-2024T23:01:28 - [TEST_STEP][PASSED] - setText(findTestObject("Object Repository/katalon demo/Page_CURA Healthcare Service/input_password"), password1): Text 'aaaaaaaa' is set on object 'Object Repository/katalon demo/Page_CURA Healthcare Service/input_password'

29-01-2024T23:01:29 - [MESSAGE][PASSED] - Text 'aaaaaaaa' is set on object 'Object Repository/katalon demo/Page_CURA Healthcare Service/input_password'

29-01-2024T23:01:29 - [TEST_STEP][PASSED] - click(findTestObject("katalon demo/Page_CURA Healthcare Service/button_Login")): Object: 'Object Repository/katalon demo/Page_CURA Healthcare Service/button_Login' is clicked on

29-01-2024T23:01:30 - [MESSAGE][PASSED] - Object: 'Object Repository/katalon demo/Page_CURA Healthcare Service/button_Login' is clicked on

29-01-2024T23:01:30 - [TEST_STEP][PASSED] - verifyTextPresent("Login failed!", false): Text 'Login failed!' is present on page 

29-01-2024T23:01:30 - [MESSAGE][PASSED] - Text 'Login failed!' is present on page 

29-01-2024T23:01:30 - [TEST_STEP][PASSED] - takeScreenshotAsCheckpoint("negatif 1 login katalon demo"): Taking screenshot successfully

29-01-2024T23:01:31 - [MESSAGE][INFO] - 0 hidden object(s)

29-01-2024T23:01:31 - [MESSAGE][PASSED] - Taking screenshot successfully
[[ATTACHMENT|keyes\keyes-negatif 1 login katalon demo.png]]

29-01-2024T23:01:31 - [TEST_STEP][PASSED] - click(findTestObject("Object Repository/katalon demo/Page_CURA Healthcare Service/button_Login")): Object: 'Object Repository/katalon demo/Page_CURA Healthcare Service/button_Login' is clicked on

29-01-2024T23:01:32 - [MESSAGE][PASSED] - Object: 'Object Repository/katalon demo/Page_CURA Healthcare Service/button_Login' is clicked on

29-01-2024T23:01:32 - [TEST_STEP][PASSED] - setText(findTestObject("katalon demo/Page_CURA Healthcare Service/input_username"), username2): Text 'bbbbb' is set on object 'Object Repository/katalon demo/Page_CURA Healthcare Service/input_username'

29-01-2024T23:01:33 - [MESSAGE][PASSED] - Text 'bbbbb' is set on object 'Object Repository/katalon demo/Page_CURA Healthcare Service/input_username'

29-01-2024T23:01:33 - [TEST_STEP][PASSED] - setText(findTestObject("katalon demo/Page_CURA Healthcare Service/input_password"), password2): Text 'bbbbbbbb' is set on object 'Object Repository/katalon demo/Page_CURA Healthcare Service/input_password'

29-01-2024T23:01:33 - [MESSAGE][PASSED] - Text 'bbbbbbbb' is set on object 'Object Repository/katalon demo/Page_CURA Healthcare Service/input_password'

29-01-2024T23:01:33 - [TEST_STEP][PASSED] - click(findTestObject("katalon demo/Page_CURA Healthcare Service/button_Login")): Object: 'Object Repository/katalon demo/Page_CURA Healthcare Service/button_Login' is clicked on

29-01-2024T23:01:34 - [MESSAGE][PASSED] - Object: 'Object Repository/katalon demo/Page_CURA Healthcare Service/button_Login' is clicked on

29-01-2024T23:01:34 - [TEST_STEP][PASSED] - verifyTextPresent("Login failed!", false): Text 'Login failed!' is present on page 

29-01-2024T23:01:35 - [MESSAGE][PASSED] - Text 'Login failed!' is present on page 

29-01-2024T23:01:35 - [TEST_STEP][PASSED] - takeScreenshotAsCheckpoint("negatif 2 login katalon demo"): Taking screenshot successfully

29-01-2024T23:01:35 - [MESSAGE][INFO] - 0 hidden object(s)

29-01-2024T23:01:35 - [MESSAGE][PASSED] - Taking screenshot successfully
[[ATTACHMENT|keyes\keyes-negatif 2 login katalon demo.png]]]]></system-out>
         <system-err><![CDATA[]]></system-err>
      </testcase>
      <system-out><![CDATA[29-01-2024T22:59:30 - [TEST_SUITE][PASSED] - katalon demo: Test Cases/Katalon Demo/negatif login katalon demo]]></system-out>
      <system-err><![CDATA[]]></system-err>
   </testsuite>
   <testsuite name="katalon demo" tests="8" failures="0" errors="0" time="214.975" skipped="0" timestamp="29-01-2024T23:01:43" hostname="0517 - Pierrot" id="Test Suites/katalon demo">
      <properties>
         <property name="deviceName" value=""/>
         <property name="devicePlatform" value=""/>
         <property name="logFolder" value="C:\\Users\\0517\\Katalon Studio\\poc bni\\Reports\\20240129_222034\\katalon demo\\20240129_222212"/>
         <property name="logFiles" value="C:\\Users\\0517\\Katalon Studio\\poc bni\\Reports\\20240129_222034\\katalon demo\\20240129_222212\\execution0.log"/>
         <property name="attachments" value="keyes\keyes-login katalon demo.png, keyes\keyes-appointment katalon demo.png, keyes\keyes-appointment 1 katalon demo.png, keyes\keyes-appointment 2 katalon demo.png, keyes\keyes-history katalon demo.png, keyes\keyes-profile katalon demo.png, keyes\keyes-logout katalon demo.png, keyes\keyes-negatif 1 login katalon demo.png, C:\\Users\\0517\\Katalon Studio\\poc bni\\Reports\\20240129_222034\\katalon demo\\20240129_222212\\1706544273226.png, keyes\keyes-negatif 1 login katalon demo.png, keyes\keyes-negatif 2 login katalon demo.png"/>
         <property name="hostName" value="0517 - Pierrot"/>
         <property name="os" value="Windows 10 64bit"/>
         <property name="katalonVersion" value="9.2.0.212"/>
         <property name="browser" value="Chrome 121.0.0.0"/>
         <property name="hostAddress" value="192.168.96.2"/>
         <property name="sessionId" value="2a649ccfa705297c9db85de8bb2bbe31"/>
         <property name="seleniumVersion" value="3.141.59"/>
         <property name="proxyInformation" value="ProxyInformation { proxyOption=NO_PROXY, proxyServerType=HTTP, username=, password=********, proxyServerAddress=, proxyServerPort=0, executionList=&quot;&quot;, isApplyToDesiredCapabilities=true }"/>
         <property name="platform" value="Windows 10"/>
      </properties>
      <testcase name="Test Cases/Katalon Demo/login katalon demo" time="22.95" classname="Test Cases/Katalon Demo/login katalon demo" status="PASSED">
         <system-out><![CDATA[29-01-2024T23:01:43 - [TEST_CASE][PASSED] - Test Cases/Katalon Demo/login katalon demo: Test Cases/Katalon Demo/login katalon demo

29-01-2024T23:01:44 - [TEST_STEP][PASSED] - openBrowser(""): Browser is opened with url: ''

29-01-2024T23:01:44 - [MESSAGE][INFO] - Starting 'Chrome' driver

29-01-2024T23:01:44 - [MESSAGE][INFO] - Action delay is set to 0 milliseconds

29-01-2024T23:01:46 - [MESSAGE][PASSED] - Browser is opened with url: ''

29-01-2024T23:01:46 - [TEST_STEP][PASSED] - navigateToUrl("https://katalon-demo-cura.herokuapp.com/"): Navigate to 'https://katalon-demo-cura.herokuapp.com/' successfully

29-01-2024T23:02:02 - [MESSAGE][PASSED] - Navigate to 'https://katalon-demo-cura.herokuapp.com/' successfully

29-01-2024T23:02:02 - [TEST_STEP][PASSED] - click(findTestObject("Object Repository/katalon demo/Page_CURA Healthcare Service/amenu-toggle")): Object: 'Object Repository/katalon demo/Page_CURA Healthcare Service/amenu-toggle' is clicked on

29-01-2024T23:02:02 - [MESSAGE][PASSED] - Object: 'Object Repository/katalon demo/Page_CURA Healthcare Service/amenu-toggle' is clicked on

29-01-2024T23:02:02 - [TEST_STEP][PASSED] - click(findTestObject("Object Repository/katalon demo/Page_CURA Healthcare Service/a_Login")): Object: 'Object Repository/katalon demo/Page_CURA Healthcare Service/a_Login' is clicked on

29-01-2024T23:02:03 - [MESSAGE][PASSED] - Object: 'Object Repository/katalon demo/Page_CURA Healthcare Service/a_Login' is clicked on

29-01-2024T23:02:03 - [TEST_STEP][PASSED] - setText(findTestObject("Object Repository/katalon demo/Page_CURA Healthcare Service/input_username"), "John Doe"): Text 'John Doe' is set on object 'Object Repository/katalon demo/Page_CURA Healthcare Service/input_username'

29-01-2024T23:02:04 - [MESSAGE][PASSED] - Text 'John Doe' is set on object 'Object Repository/katalon demo/Page_CURA Healthcare Service/input_username'

29-01-2024T23:02:04 - [TEST_STEP][PASSED] - setEncryptedText(findTestObject("Object Repository/katalon demo/Page_CURA Healthcare Service/input_password"), "g3/DOGG74jC3Flrr3yH+3D/yKbOqqUNM"): Text ****** has been set on object 'Object Repository/katalon demo/Page_CURA Healthcare Service/input_password'

29-01-2024T23:02:05 - [MESSAGE][PASSED] - Text ****** has been set on object 'Object Repository/katalon demo/Page_CURA Healthcare Service/input_password'

29-01-2024T23:02:05 - [TEST_STEP][PASSED] - takeScreenshotAsCheckpoint("login katalon demo", STOP_ON_FAILURE): Taking screenshot successfully

29-01-2024T23:02:05 - [MESSAGE][INFO] - 0 hidden object(s)

29-01-2024T23:02:05 - [MESSAGE][PASSED] - Taking screenshot successfully
[[ATTACHMENT|keyes\keyes-login katalon demo.png]]

29-01-2024T23:02:05 - [TEST_STEP][PASSED] - click(findTestObject("Object Repository/katalon demo/Page_CURA Healthcare Service/button_Login")): Object: 'Object Repository/katalon demo/Page_CURA Healthcare Service/button_Login' is clicked on

29-01-2024T23:02:06 - [MESSAGE][PASSED] - Object: 'Object Repository/katalon demo/Page_CURA Healthcare Service/button_Login' is clicked on]]></system-out>
         <system-err><![CDATA[]]></system-err>
      </testcase>
      <testcase name="Test Cases/Katalon Demo/make appointment katalon demo" time="6.012" classname="Test Cases/Katalon Demo/make appointment katalon demo" status="PASSED">
         <system-out><![CDATA[29-01-2024T23:02:06 - [TEST_CASE][PASSED] - Test Cases/Katalon Demo/make appointment katalon demo: Test Cases/Katalon Demo/make appointment katalon demo

29-01-2024T23:02:07 - [TEST_STEP][PASSED] - selectOptionByValue(findTestObject("Object Repository/katalon demo/Page_CURA Healthcare Service/select_Tokyo"), "Hongkong CURA Healthcare Center", true): All options with value 'Hongkong CURA Healthcare Center' are selected in object 'Object Repository/katalon demo/Page_CURA Healthcare Service/select_Tokyo'  using regular expression

29-01-2024T23:02:08 - [MESSAGE][PASSED] - All options with value 'Hongkong CURA Healthcare Center' are selected in object 'Object Repository/katalon demo/Page_CURA Healthcare Service/select_Tokyo'  using regular expression

29-01-2024T23:02:08 - [TEST_STEP][PASSED] - click(findTestObject("Object Repository/katalon demo/Page_CURA Healthcare Service/label_Apply for hospital readmission")): Object: 'Object Repository/katalon demo/Page_CURA Healthcare Service/label_Apply for hospital readmission' is clicked on

29-01-2024T23:02:08 - [MESSAGE][PASSED] - Object: 'Object Repository/katalon demo/Page_CURA Healthcare Service/label_Apply for hospital readmission' is clicked on

29-01-2024T23:02:08 - [TEST_STEP][PASSED] - click(findTestObject("Object Repository/katalon demo/Page_CURA Healthcare Service/input_programs")): Object: 'Object Repository/katalon demo/Page_CURA Healthcare Service/input_programs' is clicked on

29-01-2024T23:02:08 - [MESSAGE][PASSED] - Object: 'Object Repository/katalon demo/Page_CURA Healthcare Service/input_programs' is clicked on

29-01-2024T23:02:08 - [TEST_STEP][PASSED] - click(findTestObject("Object Repository/katalon demo/Page_CURA Healthcare Service/span_glyphicon glyphicon-calendar")): Object: 'Object Repository/katalon demo/Page_CURA Healthcare Service/span_glyphicon glyphicon-calendar' is clicked on

29-01-2024T23:02:09 - [MESSAGE][PASSED] - Object: 'Object Repository/katalon demo/Page_CURA Healthcare Service/span_glyphicon glyphicon-calendar' is clicked on

29-01-2024T23:02:09 - [TEST_STEP][PASSED] - click(findTestObject("Object Repository/katalon demo/Page_CURA Healthcare Service/td_31")): Object: 'Object Repository/katalon demo/Page_CURA Healthcare Service/td_31' is clicked on

29-01-2024T23:02:09 - [MESSAGE][PASSED] - Object: 'Object Repository/katalon demo/Page_CURA Healthcare Service/td_31' is clicked on

29-01-2024T23:02:09 - [TEST_STEP][PASSED] - setText(findTestObject("Object Repository/katalon demo/Page_CURA Healthcare Service/textarea_comment"), "tes katalon demo"): Text 'tes katalon demo' is set on object 'Object Repository/katalon demo/Page_CURA Healthcare Service/textarea_comment'

29-01-2024T23:02:10 - [MESSAGE][PASSED] - Text 'tes katalon demo' is set on object 'Object Repository/katalon demo/Page_CURA Healthcare Service/textarea_comment'

29-01-2024T23:02:10 - [TEST_STEP][PASSED] - click(findTestObject("Object Repository/katalon demo/Page_CURA Healthcare Service/button_Book Appointment")): Object: 'Object Repository/katalon demo/Page_CURA Healthcare Service/button_Book Appointment' is clicked on

29-01-2024T23:02:11 - [MESSAGE][PASSED] - Object: 'Object Repository/katalon demo/Page_CURA Healthcare Service/button_Book Appointment' is clicked on

29-01-2024T23:02:11 - [TEST_STEP][PASSED] - verifyTextPresent("Appointment Confirmation", false): Text 'Appointment Confirmation' is present on page 

29-01-2024T23:02:11 - [MESSAGE][PASSED] - Text 'Appointment Confirmation' is present on page 

29-01-2024T23:02:11 - [TEST_STEP][PASSED] - takeScreenshotAsCheckpoint("appointment katalon demo"): Taking screenshot successfully

29-01-2024T23:02:12 - [MESSAGE][INFO] - 0 hidden object(s)

29-01-2024T23:02:12 - [MESSAGE][PASSED] - Taking screenshot successfully
[[ATTACHMENT|keyes\keyes-appointment katalon demo.png]]

29-01-2024T23:02:12 - [TEST_STEP][PASSED] - click(findTestObject("Object Repository/katalon demo/Page_CURA Healthcare Service/a_Go to Homepage")): Object: 'Object Repository/katalon demo/Page_CURA Healthcare Service/a_Go to Homepage' is clicked on

29-01-2024T23:02:12 - [MESSAGE][PASSED] - Object: 'Object Repository/katalon demo/Page_CURA Healthcare Service/a_Go to Homepage' is clicked on]]></system-out>
         <system-err><![CDATA[]]></system-err>
      </testcase>
      <testcase name="Test Cases/Katalon Demo/make appointment katalon demo 1" time="5.936" classname="Test Cases/Katalon Demo/make appointment katalon demo 1" status="PASSED">
         <system-out><![CDATA[29-01-2024T23:02:12 - [TEST_CASE][PASSED] - Test Cases/Katalon Demo/make appointment katalon demo 1: Test Cases/Katalon Demo/make appointment katalon demo 1

29-01-2024T23:02:13 - [TEST_STEP][PASSED] - selectOptionByValue(findTestObject("Object Repository/katalon demo/Page_CURA Healthcare Service/select_Tokyo"), "Seoul CURA Healthcare Center", true): All options with value 'Seoul CURA Healthcare Center' are selected in object 'Object Repository/katalon demo/Page_CURA Healthcare Service/select_Tokyo'  using regular expression

29-01-2024T23:02:13 - [MESSAGE][PASSED] - All options with value 'Seoul CURA Healthcare Center' are selected in object 'Object Repository/katalon demo/Page_CURA Healthcare Service/select_Tokyo'  using regular expression

29-01-2024T23:02:13 - [TEST_STEP][PASSED] - click(findTestObject("Object Repository/katalon demo/Page_CURA Healthcare Service/input_hospital_readmission")): Object: 'Object Repository/katalon demo/Page_CURA Healthcare Service/input_hospital_readmission' is clicked on

29-01-2024T23:02:14 - [MESSAGE][PASSED] - Object: 'Object Repository/katalon demo/Page_CURA Healthcare Service/input_hospital_readmission' is clicked on

29-01-2024T23:02:14 - [TEST_STEP][PASSED] - click(findTestObject("Object Repository/katalon demo/Page_CURA Healthcare Service/input_programs")): Object: 'Object Repository/katalon demo/Page_CURA Healthcare Service/input_programs' is clicked on

29-01-2024T23:02:14 - [MESSAGE][PASSED] - Object: 'Object Repository/katalon demo/Page_CURA Healthcare Service/input_programs' is clicked on

29-01-2024T23:02:14 - [TEST_STEP][PASSED] - click(findTestObject("Object Repository/katalon demo/Page_CURA Healthcare Service/span_glyphicon glyphicon-calendar")): Object: 'Object Repository/katalon demo/Page_CURA Healthcare Service/span_glyphicon glyphicon-calendar' is clicked on

29-01-2024T23:02:15 - [MESSAGE][PASSED] - Object: 'Object Repository/katalon demo/Page_CURA Healthcare Service/span_glyphicon glyphicon-calendar' is clicked on

29-01-2024T23:02:15 - [TEST_STEP][PASSED] - click(findTestObject("Object Repository/katalon demo/Page_CURA Healthcare Service/td_30")): Object: 'Object Repository/katalon demo/Page_CURA Healthcare Service/td_30' is clicked on

29-01-2024T23:02:15 - [MESSAGE][PASSED] - Object: 'Object Repository/katalon demo/Page_CURA Healthcare Service/td_30' is clicked on

29-01-2024T23:02:15 - [TEST_STEP][PASSED] - setText(findTestObject("Object Repository/katalon demo/Page_CURA Healthcare Service/textarea_comment"), "tes katalon"): Text 'tes katalon' is set on object 'Object Repository/katalon demo/Page_CURA Healthcare Service/textarea_comment'

29-01-2024T23:02:16 - [MESSAGE][PASSED] - Text 'tes katalon' is set on object 'Object Repository/katalon demo/Page_CURA Healthcare Service/textarea_comment'

29-01-2024T23:02:16 - [TEST_STEP][PASSED] - click(findTestObject("Object Repository/katalon demo/Page_CURA Healthcare Service/button_Book Appointment")): Object: 'Object Repository/katalon demo/Page_CURA Healthcare Service/button_Book Appointment' is clicked on

29-01-2024T23:02:17 - [MESSAGE][PASSED] - Object: 'Object Repository/katalon demo/Page_CURA Healthcare Service/button_Book Appointment' is clicked on

29-01-2024T23:02:17 - [TEST_STEP][PASSED] - verifyTextPresent("Appointment Confirmation", false): Text 'Appointment Confirmation' is present on page 

29-01-2024T23:02:17 - [MESSAGE][PASSED] - Text 'Appointment Confirmation' is present on page 

29-01-2024T23:02:17 - [TEST_STEP][PASSED] - takeScreenshotAsCheckpoint("appointment 1 katalon demo"): Taking screenshot successfully

29-01-2024T23:02:18 - [MESSAGE][INFO] - 0 hidden object(s)

29-01-2024T23:02:18 - [MESSAGE][PASSED] - Taking screenshot successfully
[[ATTACHMENT|keyes\keyes-appointment 1 katalon demo.png]]

29-01-2024T23:02:18 - [TEST_STEP][PASSED] - click(findTestObject("Object Repository/katalon demo/Page_CURA Healthcare Service/a_Go to Homepage")): Object: 'Object Repository/katalon demo/Page_CURA Healthcare Service/a_Go to Homepage' is clicked on

29-01-2024T23:02:18 - [MESSAGE][PASSED] - Object: 'Object Repository/katalon demo/Page_CURA Healthcare Service/a_Go to Homepage' is clicked on]]></system-out>
         <system-err><![CDATA[]]></system-err>
      </testcase>
      <testcase name="Test Cases/Katalon Demo/make appointment katalon demo 2" time="5.56" classname="Test Cases/Katalon Demo/make appointment katalon demo 2" status="PASSED">
         <system-out><![CDATA[29-01-2024T23:02:18 - [TEST_CASE][PASSED] - Test Cases/Katalon Demo/make appointment katalon demo 2: Test Cases/Katalon Demo/make appointment katalon demo 2

29-01-2024T23:02:18 - [TEST_STEP][PASSED] - click(findTestObject("Object Repository/katalon demo/Page_CURA Healthcare Service/label_Apply for hospital readmission")): Object: 'Object Repository/katalon demo/Page_CURA Healthcare Service/label_Apply for hospital readmission' is clicked on

29-01-2024T23:02:19 - [MESSAGE][PASSED] - Object: 'Object Repository/katalon demo/Page_CURA Healthcare Service/label_Apply for hospital readmission' is clicked on

29-01-2024T23:02:19 - [TEST_STEP][PASSED] - click(findTestObject("Object Repository/katalon demo/Page_CURA Healthcare Service/input_programs")): Object: 'Object Repository/katalon demo/Page_CURA Healthcare Service/input_programs' is clicked on

29-01-2024T23:02:19 - [MESSAGE][PASSED] - Object: 'Object Repository/katalon demo/Page_CURA Healthcare Service/input_programs' is clicked on

29-01-2024T23:02:19 - [TEST_STEP][PASSED] - click(findTestObject("Object Repository/katalon demo/Page_CURA Healthcare Service/input_visit_date")): Object: 'Object Repository/katalon demo/Page_CURA Healthcare Service/input_visit_date' is clicked on

29-01-2024T23:02:20 - [MESSAGE][PASSED] - Object: 'Object Repository/katalon demo/Page_CURA Healthcare Service/input_visit_date' is clicked on

29-01-2024T23:02:20 - [TEST_STEP][PASSED] - click(findTestObject("Object Repository/katalon demo/Page_CURA Healthcare Service/th_")): Object: 'Object Repository/katalon demo/Page_CURA Healthcare Service/th_' is clicked on

29-01-2024T23:02:20 - [MESSAGE][PASSED] - Object: 'Object Repository/katalon demo/Page_CURA Healthcare Service/th_' is clicked on

29-01-2024T23:02:20 - [TEST_STEP][PASSED] - click(findTestObject("Object Repository/katalon demo/Page_CURA Healthcare Service/td_28")): Object: 'Object Repository/katalon demo/Page_CURA Healthcare Service/td_28' is clicked on

29-01-2024T23:02:21 - [MESSAGE][PASSED] - Object: 'Object Repository/katalon demo/Page_CURA Healthcare Service/td_28' is clicked on

29-01-2024T23:02:21 - [TEST_STEP][PASSED] - setText(findTestObject("Object Repository/katalon demo/Page_CURA Healthcare Service/textarea_comment"), "tes katalon"): Text 'tes katalon' is set on object 'Object Repository/katalon demo/Page_CURA Healthcare Service/textarea_comment'

29-01-2024T23:02:21 - [MESSAGE][PASSED] - Text 'tes katalon' is set on object 'Object Repository/katalon demo/Page_CURA Healthcare Service/textarea_comment'

29-01-2024T23:02:21 - [TEST_STEP][PASSED] - click(findTestObject("Object Repository/katalon demo/Page_CURA Healthcare Service/button_Book Appointment")): Object: 'Object Repository/katalon demo/Page_CURA Healthcare Service/button_Book Appointment' is clicked on

29-01-2024T23:02:22 - [MESSAGE][PASSED] - Object: 'Object Repository/katalon demo/Page_CURA Healthcare Service/button_Book Appointment' is clicked on

29-01-2024T23:02:22 - [TEST_STEP][PASSED] - verifyTextPresent("Appointment Confirmation", false): Text 'Appointment Confirmation' is present on page 

29-01-2024T23:02:23 - [MESSAGE][PASSED] - Text 'Appointment Confirmation' is present on page 

29-01-2024T23:02:23 - [TEST_STEP][PASSED] - takeScreenshotAsCheckpoint("appointment 2 katalon demo"): Taking screenshot successfully

29-01-2024T23:02:23 - [MESSAGE][INFO] - 0 hidden object(s)

29-01-2024T23:02:23 - [MESSAGE][PASSED] - Taking screenshot successfully
[[ATTACHMENT|keyes\keyes-appointment 2 katalon demo.png]]

29-01-2024T23:02:23 - [TEST_STEP][PASSED] - click(findTestObject("Object Repository/katalon demo/Page_CURA Healthcare Service/a_Go to Homepage")): Object: 'Object Repository/katalon demo/Page_CURA Healthcare Service/a_Go to Homepage' is clicked on

29-01-2024T23:02:24 - [MESSAGE][PASSED] - Object: 'Object Repository/katalon demo/Page_CURA Healthcare Service/a_Go to Homepage' is clicked on]]></system-out>
         <system-err><![CDATA[]]></system-err>
      </testcase>
      <testcase name="Test Cases/Katalon Demo/history katalon demo" time="66.194" classname="Test Cases/Katalon Demo/history katalon demo" status="PASSED">
         <system-out><![CDATA[29-01-2024T23:02:24 - [TEST_CASE][PASSED] - Test Cases/Katalon Demo/history katalon demo: Test Cases/Katalon Demo/history katalon demo

29-01-2024T23:02:24 - [TEST_STEP][PASSED] - click(findTestObject("Object Repository/katalon demo/Page_CURA Healthcare Service/amenu-toggle")): Object: 'Object Repository/katalon demo/Page_CURA Healthcare Service/amenu-toggle' is clicked on

29-01-2024T23:02:24 - [MESSAGE][PASSED] - Object: 'Object Repository/katalon demo/Page_CURA Healthcare Service/amenu-toggle' is clicked on

29-01-2024T23:02:24 - [TEST_STEP][PASSED] - click(findTestObject("Object Repository/katalon demo/Page_CURA Healthcare Service/a_History")): Object: 'Object Repository/katalon demo/Page_CURA Healthcare Service/a_History' is clicked on

29-01-2024T23:02:25 - [MESSAGE][PASSED] - Object: 'Object Repository/katalon demo/Page_CURA Healthcare Service/a_History' is clicked on

29-01-2024T23:02:25 - [TEST_STEP][PASSED] - takeScreenshotAsCheckpoint("history katalon demo"): Taking screenshot successfully

29-01-2024T23:02:26 - [MESSAGE][INFO] - 0 hidden object(s)

29-01-2024T23:02:26 - [MESSAGE][PASSED] - Taking screenshot successfully
[[ATTACHMENT|keyes\keyes-history katalon demo.png]]

29-01-2024T23:02:26 - [TEST_STEP][PASSED] - scrollToElement(findTestObject("katalon demo/Page_CURA Healthcare Service/a_Go to Homepage"), 3): Scroll to object 'Object Repository/katalon demo/Page_CURA Healthcare Service/a_Go to Homepage' successfully

29-01-2024T23:02:57 - [MESSAGE][INFO] - Unable to find the element located by 'By.xpath: //section[@id='summary']/div/div/div[7]/p/a'. Please recheck the objects properties to make sure the desired element is located. 

29-01-2024T23:02:57 - [MESSAGE][WARNING] - [SELF-HEALING] Failed to find element with id 'Object Repository/katalon demo/Page_CURA Healthcare Service/a_Go to Homepage'. Try using Self-healing.

29-01-2024T23:02:57 - [MESSAGE][WARNING] - [SELF-HEALING] The current locator of test object 'Object Repository/katalon demo/Page_CURA Healthcare Service/a_Go to Homepage' was broken. Propose an alternative one: '//a[contains(text(),'Go to Homepage')]'.

29-01-2024T23:02:57 - [MESSAGE][PASSED] - Scroll to object 'Object Repository/katalon demo/Page_CURA Healthcare Service/a_Go to Homepage' successfully

29-01-2024T23:02:57 - [TEST_STEP][PASSED] - click(findTestObject("Object Repository/katalon demo/Page_CURA Healthcare Service/a_Go to Homepage")): Object: 'Object Repository/katalon demo/Page_CURA Healthcare Service/a_Go to Homepage' is clicked on

29-01-2024T23:03:28 - [MESSAGE][INFO] - Unable to find the element located by 'By.xpath: //section[@id='summary']/div/div/div[7]/p/a'. Please recheck the objects properties to make sure the desired element is located. 

29-01-2024T23:03:28 - [MESSAGE][WARNING] - [SELF-HEALING] Failed to find element with id 'Object Repository/katalon demo/Page_CURA Healthcare Service/a_Go to Homepage'. Try using Self-healing.

29-01-2024T23:03:29 - [MESSAGE][WARNING] - [SELF-HEALING] The current locator of test object 'Object Repository/katalon demo/Page_CURA Healthcare Service/a_Go to Homepage' was broken. Propose an alternative one: '//a[contains(text(),'Go to Homepage')]'.

29-01-2024T23:03:30 - [MESSAGE][PASSED] - Object: 'Object Repository/katalon demo/Page_CURA Healthcare Service/a_Go to Homepage' is clicked on]]></system-out>
         <system-err><![CDATA[]]></system-err>
      </testcase>
      <testcase name="Test Cases/Katalon Demo/profile katalon demo" time="3.436" classname="Test Cases/Katalon Demo/profile katalon demo" status="PASSED">
         <system-out><![CDATA[29-01-2024T23:03:30 - [TEST_CASE][PASSED] - Test Cases/Katalon Demo/profile katalon demo: Test Cases/Katalon Demo/profile katalon demo

29-01-2024T23:03:30 - [TEST_STEP][PASSED] - click(findTestObject("Object Repository/katalon demo/Page_CURA Healthcare Service/i_fa fa-bars")): Object: 'Object Repository/katalon demo/Page_CURA Healthcare Service/i_fa fa-bars' is clicked on

29-01-2024T23:03:31 - [MESSAGE][PASSED] - Object: 'Object Repository/katalon demo/Page_CURA Healthcare Service/i_fa fa-bars' is clicked on

29-01-2024T23:03:31 - [TEST_STEP][PASSED] - click(findTestObject("Object Repository/katalon demo/Page_CURA Healthcare Service/a_Profile")): Object: 'Object Repository/katalon demo/Page_CURA Healthcare Service/a_Profile' is clicked on

29-01-2024T23:03:32 - [MESSAGE][PASSED] - Object: 'Object Repository/katalon demo/Page_CURA Healthcare Service/a_Profile' is clicked on

29-01-2024T23:03:32 - [TEST_STEP][PASSED] - takeScreenshotAsCheckpoint("profile katalon demo"): Taking screenshot successfully

29-01-2024T23:03:32 - [MESSAGE][INFO] - 0 hidden object(s)

29-01-2024T23:03:32 - [MESSAGE][PASSED] - Taking screenshot successfully
[[ATTACHMENT|keyes\keyes-profile katalon demo.png]]

29-01-2024T23:03:32 - [TEST_STEP][PASSED] - click(findTestObject("Object Repository/katalon demo/Page_CURA Healthcare Service/i_fa fa-bars")): Object: 'Object Repository/katalon demo/Page_CURA Healthcare Service/i_fa fa-bars' is clicked on

29-01-2024T23:03:33 - [MESSAGE][PASSED] - Object: 'Object Repository/katalon demo/Page_CURA Healthcare Service/i_fa fa-bars' is clicked on

29-01-2024T23:03:33 - [TEST_STEP][PASSED] - click(findTestObject("Object Repository/katalon demo/Page_CURA Healthcare Service/a_Home")): Object: 'Object Repository/katalon demo/Page_CURA Healthcare Service/a_Home' is clicked on

29-01-2024T23:03:34 - [MESSAGE][PASSED] - Object: 'Object Repository/katalon demo/Page_CURA Healthcare Service/a_Home' is clicked on]]></system-out>
         <system-err><![CDATA[]]></system-err>
      </testcase>
      <testcase name="Test Cases/Katalon Demo/logout katalon demo" time="6.547" classname="Test Cases/Katalon Demo/logout katalon demo" status="PASSED">
         <system-out><![CDATA[29-01-2024T23:03:34 - [TEST_CASE][PASSED] - Test Cases/Katalon Demo/logout katalon demo: Test Cases/Katalon Demo/logout katalon demo

29-01-2024T23:03:34 - [TEST_STEP][PASSED] - click(findTestObject("Object Repository/katalon demo/Page_CURA Healthcare Service/i_fa fa-bars")): Object: 'Object Repository/katalon demo/Page_CURA Healthcare Service/i_fa fa-bars' is clicked on

29-01-2024T23:03:34 - [MESSAGE][PASSED] - Object: 'Object Repository/katalon demo/Page_CURA Healthcare Service/i_fa fa-bars' is clicked on

29-01-2024T23:03:34 - [TEST_STEP][PASSED] - takeScreenshotAsCheckpoint("logout katalon demo"): Taking screenshot successfully

29-01-2024T23:03:35 - [MESSAGE][INFO] - 0 hidden object(s)

29-01-2024T23:03:35 - [MESSAGE][PASSED] - Taking screenshot successfully
[[ATTACHMENT|keyes\keyes-logout katalon demo.png]]

29-01-2024T23:03:35 - [TEST_STEP][PASSED] - click(findTestObject("Object Repository/katalon demo/Page_CURA Healthcare Service/a_Logout")): Object: 'Object Repository/katalon demo/Page_CURA Healthcare Service/a_Logout' is clicked on

29-01-2024T23:03:40 - [MESSAGE][PASSED] - Object: 'Object Repository/katalon demo/Page_CURA Healthcare Service/a_Logout' is clicked on

29-01-2024T23:03:40 - [TEST_STEP][PASSED] - closeBrowser(): Browser is closed

29-01-2024T23:03:40 - [MESSAGE][PASSED] - Browser is closed]]></system-out>
         <system-err><![CDATA[]]></system-err>
      </testcase>
      <testcase name="Test Cases/Katalon Demo/negatif login katalon demo" time="45.281" classname="Test Cases/Katalon Demo/negatif login katalon demo" status="PASSED">
         <system-out><![CDATA[29-01-2024T23:04:33 - [TEST_CASE][PASSED] - Test Cases/Katalon Demo/negatif login katalon demo: Test Cases/Katalon Demo/negatif login katalon demo

29-01-2024T23:04:33 - [TEST_STEP][PASSED] - openBrowser(""): Browser is opened with url: ''

29-01-2024T23:04:33 - [MESSAGE][WARNING] - A browser is already opened. Closing browser and opening a new one

29-01-2024T23:04:33 - [MESSAGE][INFO] - Starting 'Chrome' driver

29-01-2024T23:04:33 - [MESSAGE][INFO] - Action delay is set to 0 milliseconds

29-01-2024T23:04:34 - [MESSAGE][PASSED] - Browser is opened with url: ''

29-01-2024T23:04:34 - [TEST_STEP][PASSED] - navigateToUrl("https://katalon-demo-cura.herokuapp.com/"): Navigate to 'https://katalon-demo-cura.herokuapp.com/' successfully

29-01-2024T23:05:06 - [MESSAGE][PASSED] - Navigate to 'https://katalon-demo-cura.herokuapp.com/' successfully

29-01-2024T23:05:06 - [TEST_STEP][PASSED] - click(findTestObject("Object Repository/katalon demo/Page_CURA Healthcare Service/amenu-toggle")): Object: 'Object Repository/katalon demo/Page_CURA Healthcare Service/amenu-toggle' is clicked on

29-01-2024T23:05:06 - [MESSAGE][PASSED] - Object: 'Object Repository/katalon demo/Page_CURA Healthcare Service/amenu-toggle' is clicked on

29-01-2024T23:05:06 - [TEST_STEP][PASSED] - click(findTestObject("Object Repository/katalon demo/Page_CURA Healthcare Service/a_Login")): Object: 'Object Repository/katalon demo/Page_CURA Healthcare Service/a_Login' is clicked on

29-01-2024T23:05:08 - [MESSAGE][PASSED] - Object: 'Object Repository/katalon demo/Page_CURA Healthcare Service/a_Login' is clicked on

29-01-2024T23:05:08 - [TEST_STEP][PASSED] - setText(findTestObject("Object Repository/katalon demo/Page_CURA Healthcare Service/input_username"), username1): Text 'aaaaa' is set on object 'Object Repository/katalon demo/Page_CURA Healthcare Service/input_username'

29-01-2024T23:05:09 - [MESSAGE][PASSED] - Text 'aaaaa' is set on object 'Object Repository/katalon demo/Page_CURA Healthcare Service/input_username'

29-01-2024T23:05:09 - [TEST_STEP][PASSED] - setText(findTestObject("Object Repository/katalon demo/Page_CURA Healthcare Service/input_password"), password1): Text 'aaaaaaaa' is set on object 'Object Repository/katalon demo/Page_CURA Healthcare Service/input_password'

29-01-2024T23:05:09 - [MESSAGE][PASSED] - Text 'aaaaaaaa' is set on object 'Object Repository/katalon demo/Page_CURA Healthcare Service/input_password'

29-01-2024T23:05:09 - [TEST_STEP][PASSED] - click(findTestObject("katalon demo/Page_CURA Healthcare Service/button_Login")): Object: 'Object Repository/katalon demo/Page_CURA Healthcare Service/button_Login' is clicked on

29-01-2024T23:05:11 - [MESSAGE][PASSED] - Object: 'Object Repository/katalon demo/Page_CURA Healthcare Service/button_Login' is clicked on

29-01-2024T23:05:11 - [TEST_STEP][PASSED] - verifyTextPresent("Login failed!", false): Text 'Login failed!' is present on page 

29-01-2024T23:05:12 - [MESSAGE][PASSED] - Text 'Login failed!' is present on page 

29-01-2024T23:05:12 - [TEST_STEP][PASSED] - takeScreenshotAsCheckpoint("negatif 1 login katalon demo"): Taking screenshot successfully

29-01-2024T23:05:12 - [MESSAGE][INFO] - 0 hidden object(s)

29-01-2024T23:05:12 - [MESSAGE][PASSED] - Taking screenshot successfully
[[ATTACHMENT|keyes\keyes-negatif 1 login katalon demo.png]]

29-01-2024T23:05:12 - [TEST_STEP][PASSED] - click(findTestObject("Object Repository/katalon demo/Page_CURA Healthcare Service/button_Login")): Object: 'Object Repository/katalon demo/Page_CURA Healthcare Service/button_Login' is clicked on

29-01-2024T23:05:14 - [MESSAGE][PASSED] - Object: 'Object Repository/katalon demo/Page_CURA Healthcare Service/button_Login' is clicked on

29-01-2024T23:05:14 - [TEST_STEP][PASSED] - setText(findTestObject("katalon demo/Page_CURA Healthcare Service/input_username"), username2): Text 'bbbbb' is set on object 'Object Repository/katalon demo/Page_CURA Healthcare Service/input_username'

29-01-2024T23:05:15 - [MESSAGE][PASSED] - Text 'bbbbb' is set on object 'Object Repository/katalon demo/Page_CURA Healthcare Service/input_username'

29-01-2024T23:05:15 - [TEST_STEP][PASSED] - setText(findTestObject("katalon demo/Page_CURA Healthcare Service/input_password"), password2): Text 'bbbbbbbb' is set on object 'Object Repository/katalon demo/Page_CURA Healthcare Service/input_password'

29-01-2024T23:05:16 - [MESSAGE][PASSED] - Text 'bbbbbbbb' is set on object 'Object Repository/katalon demo/Page_CURA Healthcare Service/input_password'

29-01-2024T23:05:16 - [TEST_STEP][PASSED] - click(findTestObject("katalon demo/Page_CURA Healthcare Service/button_Login")): Object: 'Object Repository/katalon demo/Page_CURA Healthcare Service/button_Login' is clicked on

29-01-2024T23:05:17 - [MESSAGE][PASSED] - Object: 'Object Repository/katalon demo/Page_CURA Healthcare Service/button_Login' is clicked on

29-01-2024T23:05:17 - [TEST_STEP][PASSED] - verifyTextPresent("Login failed!", false): Text 'Login failed!' is present on page 

29-01-2024T23:05:18 - [MESSAGE][PASSED] - Text 'Login failed!' is present on page 

29-01-2024T23:05:18 - [TEST_STEP][PASSED] - takeScreenshotAsCheckpoint("negatif 2 login katalon demo"): Taking screenshot successfully

29-01-2024T23:05:18 - [MESSAGE][INFO] - 0 hidden object(s)

29-01-2024T23:05:18 - [MESSAGE][PASSED] - Taking screenshot successfully
[[ATTACHMENT|keyes\keyes-negatif 2 login katalon demo.png]]]]></system-out>
         <system-err><![CDATA[]]></system-err>
      </testcase>
      <system-out><![CDATA[29-01-2024T23:01:43 - [TEST_SUITE][FAILED] - katalon demo: Test Cases/Katalon Demo/negatif login katalon demo FAILED.
Reason:
com.kms.katalon.core.exception.StepFailedException: Unable to verify text 'Login failed!' is present 
	at com.kms.katalon.core.webui.keyword.internal.WebUIKeywordMain.stepFailed(WebUIKeywordMain.groovy:64)
	at com.kms.katalon.core.webui.keyword.internal.WebUIKeywordMain.runKeyword(WebUIKeywordMain.groovy:26)
	at com.kms.katalon.core.webui.keyword.builtin.VerifyTextPresentKeyword.verifyTextPresent(VerifyTextPresentKeyword.groovy:83)
	at com.kms.katalon.core.webui.keyword.builtin.VerifyTextPresentKeyword.execute(VerifyTextPresentKeyword.groovy:68)
	at com.kms.katalon.core.keyword.internal.KeywordExecutor.executeKeywordForPlatform(KeywordExecutor.groovy:74)
	at com.kms.katalon.core.webui.keyword.WebUiBuiltInKeywords.verifyTextPresent(WebUiBuiltInKeywords.groovy:1762)
	at negatif login katalon demo.run(negatif login katalon demo:46)
	at com.kms.katalon.core.main.ScriptEngine.run(ScriptEngine.java:194)
	at com.kms.katalon.core.main.ScriptEngine.runScriptAsRawText(ScriptEngine.java:119)
	at com.kms.katalon.core.main.TestCaseExecutor.runScript(TestCaseExecutor.java:448)
	at com.kms.katalon.core.main.TestCaseExecutor.doExecute(TestCaseExecutor.java:439)
	at com.kms.katalon.core.main.TestCaseExecutor.processExecutionPhase(TestCaseExecutor.java:418)
	at com.kms.katalon.core.main.TestCaseExecutor.accessMainPhase(TestCaseExecutor.java:410)
	at com.kms.katalon.core.main.TestCaseExecutor.execute(TestCaseExecutor.java:285)
	at com.kms.katalon.core.common.CommonExecutor.accessTestCaseMainPhase(CommonExecutor.java:65)
	at com.kms.katalon.core.main.TestSuiteExecutor.accessTestSuiteMainPhase(TestSuiteExecutor.java:148)
	at com.kms.katalon.core.main.TestSuiteExecutor.execute(TestSuiteExecutor.java:106)
	at com.kms.katalon.core.main.TestCaseMain.startTestSuite(TestCaseMain.java:180)
	at TempTestSuite1706541732800.run(TempTestSuite1706541732800.groovy:36)
	at java.base/jdk.internal.reflect.NativeMethodAccessorImpl.invoke0(Native Method)
	at java.base/jdk.internal.reflect.NativeMethodAccessorImpl.invoke(NativeMethodAccessorImpl.java:77)
	at java.base/jdk.internal.reflect.DelegatingMethodAccessorImpl.invoke(DelegatingMethodAccessorImpl.java:43)
Caused by: com.kms.katalon.core.exception.StepFailedException: Text 'Login failed!' is not present on page 
	at com.kms.katalon.core.webui.keyword.internal.WebUIKeywordMain.stepFailed(WebUIKeywordMain.groovy:64)
	at com.kms.katalon.core.webui.keyword.builtin.VerifyTextPresentKeyword$_verifyTextPresent_closure1.doCall(VerifyTextPresentKeyword.groovy:79)
	at com.kms.katalon.core.webui.keyword.builtin.VerifyTextPresentKeyword$_verifyTextPresent_closure1.call(VerifyTextPresentKeyword.groovy)
	at com.kms.katalon.core.webui.keyword.internal.WebUIKeywordMain.runKeyword(WebUIKeywordMain.groovy:20)
	... 20 more]]></system-out>
      <system-err><![CDATA[29-01-2024T23:01:43 - [TEST_SUITE][FAILED] - katalon demo: Test Cases/Katalon Demo/negatif login katalon demo FAILED.
Reason:
com.kms.katalon.core.exception.StepFailedException: Unable to verify text 'Login failed!' is present 
	at com.kms.katalon.core.webui.keyword.internal.WebUIKeywordMain.stepFailed(WebUIKeywordMain.groovy:64)
	at com.kms.katalon.core.webui.keyword.internal.WebUIKeywordMain.runKeyword(WebUIKeywordMain.groovy:26)
	at com.kms.katalon.core.webui.keyword.builtin.VerifyTextPresentKeyword.verifyTextPresent(VerifyTextPresentKeyword.groovy:83)
	at com.kms.katalon.core.webui.keyword.builtin.VerifyTextPresentKeyword.execute(VerifyTextPresentKeyword.groovy:68)
	at com.kms.katalon.core.keyword.internal.KeywordExecutor.executeKeywordForPlatform(KeywordExecutor.groovy:74)
	at com.kms.katalon.core.webui.keyword.WebUiBuiltInKeywords.verifyTextPresent(WebUiBuiltInKeywords.groovy:1762)
	at negatif login katalon demo.run(negatif login katalon demo:46)
	at com.kms.katalon.core.main.ScriptEngine.run(ScriptEngine.java:194)
	at com.kms.katalon.core.main.ScriptEngine.runScriptAsRawText(ScriptEngine.java:119)
	at com.kms.katalon.core.main.TestCaseExecutor.runScript(TestCaseExecutor.java:448)
	at com.kms.katalon.core.main.TestCaseExecutor.doExecute(TestCaseExecutor.java:439)
	at com.kms.katalon.core.main.TestCaseExecutor.processExecutionPhase(TestCaseExecutor.java:418)
	at com.kms.katalon.core.main.TestCaseExecutor.accessMainPhase(TestCaseExecutor.java:410)
	at com.kms.katalon.core.main.TestCaseExecutor.execute(TestCaseExecutor.java:285)
	at com.kms.katalon.core.common.CommonExecutor.accessTestCaseMainPhase(CommonExecutor.java:65)
	at com.kms.katalon.core.main.TestSuiteExecutor.accessTestSuiteMainPhase(TestSuiteExecutor.java:148)
	at com.kms.katalon.core.main.TestSuiteExecutor.execute(TestSuiteExecutor.java:106)
	at com.kms.katalon.core.main.TestCaseMain.startTestSuite(TestCaseMain.java:180)
	at TempTestSuite1706541732800.run(TempTestSuite1706541732800.groovy:36)
	at java.base/jdk.internal.reflect.NativeMethodAccessorImpl.invoke0(Native Method)
	at java.base/jdk.internal.reflect.NativeMethodAccessorImpl.invoke(NativeMethodAccessorImpl.java:77)
	at java.base/jdk.internal.reflect.DelegatingMethodAccessorImpl.invoke(DelegatingMethodAccessorImpl.java:43)
Caused by: com.kms.katalon.core.exception.StepFailedException: Text 'Login failed!' is not present on page 
	at com.kms.katalon.core.webui.keyword.internal.WebUIKeywordMain.stepFailed(WebUIKeywordMain.groovy:64)
	at com.kms.katalon.core.webui.keyword.builtin.VerifyTextPresentKeyword$_verifyTextPresent_closure1.doCall(VerifyTextPresentKeyword.groovy:79)
	at com.kms.katalon.core.webui.keyword.builtin.VerifyTextPresentKeyword$_verifyTextPresent_closure1.call(VerifyTextPresentKeyword.groovy)
	at com.kms.katalon.core.webui.keyword.internal.WebUIKeywordMain.runKeyword(WebUIKeywordMain.groovy:20)
	... 20 more]]></system-err>
   </testsuite>
   <testsuite name="katalon demo" tests="8" failures="0" errors="0" time="126.742" skipped="0" timestamp="29-01-2024T23:05:25" hostname="0517 - Pierrot" id="Test Suites/katalon demo">
      <properties>
         <property name="deviceName" value=""/>
         <property name="devicePlatform" value=""/>
         <property name="logFolder" value="C:\\Users\\0517\\Katalon Studio\\poc bni\\Reports\\20240129_222034\\katalon demo\\20240129_222218"/>
         <property name="logFiles" value="C:\\Users\\0517\\Katalon Studio\\poc bni\\Reports\\20240129_222034\\katalon demo\\20240129_222218\\execution0.log"/>
         <property name="attachments" value="keyes\keyes-login katalon demo.png, keyes\keyes-appointment katalon demo.png, keyes\keyes-appointment 1 katalon demo.png, keyes\keyes-appointment 2 katalon demo.png, keyes\keyes-history katalon demo.png, keyes\keyes-profile katalon demo.png, keyes\keyes-logout katalon demo.png, keyes\keyes-negatif 1 login katalon demo.png, keyes\keyes-negatif 2 login katalon demo.png"/>
         <property name="hostName" value="0517 - Pierrot"/>
         <property name="os" value="Windows 10 64bit"/>
         <property name="katalonVersion" value="9.2.0.212"/>
         <property name="browser" value="Chrome 121.0.0.0"/>
         <property name="hostAddress" value="192.168.96.2"/>
         <property name="sessionId" value="17d3901893bb35767e6415ff463cfd0e"/>
         <property name="seleniumVersion" value="3.141.59"/>
         <property name="proxyInformation" value="ProxyInformation { proxyOption=NO_PROXY, proxyServerType=HTTP, username=, password=********, proxyServerAddress=, proxyServerPort=0, executionList=&quot;&quot;, isApplyToDesiredCapabilities=true }"/>
         <property name="platform" value="Windows 10"/>
      </properties>
      <testcase name="Test Cases/Katalon Demo/login katalon demo" time="15.2" classname="Test Cases/Katalon Demo/login katalon demo" status="PASSED">
         <system-out><![CDATA[29-01-2024T23:05:25 - [TEST_CASE][PASSED] - Test Cases/Katalon Demo/login katalon demo: Test Cases/Katalon Demo/login katalon demo

29-01-2024T23:05:26 - [TEST_STEP][PASSED] - openBrowser(""): Browser is opened with url: ''

29-01-2024T23:05:26 - [MESSAGE][INFO] - Starting 'Chrome' driver

29-01-2024T23:05:26 - [MESSAGE][INFO] - Action delay is set to 0 milliseconds

29-01-2024T23:05:28 - [MESSAGE][PASSED] - Browser is opened with url: ''

29-01-2024T23:05:28 - [TEST_STEP][PASSED] - navigateToUrl("https://katalon-demo-cura.herokuapp.com/"): Navigate to 'https://katalon-demo-cura.herokuapp.com/' successfully

29-01-2024T23:05:36 - [MESSAGE][PASSED] - Navigate to 'https://katalon-demo-cura.herokuapp.com/' successfully

29-01-2024T23:05:36 - [TEST_STEP][PASSED] - click(findTestObject("Object Repository/katalon demo/Page_CURA Healthcare Service/amenu-toggle")): Object: 'Object Repository/katalon demo/Page_CURA Healthcare Service/amenu-toggle' is clicked on

29-01-2024T23:05:36 - [MESSAGE][PASSED] - Object: 'Object Repository/katalon demo/Page_CURA Healthcare Service/amenu-toggle' is clicked on

29-01-2024T23:05:36 - [TEST_STEP][PASSED] - click(findTestObject("Object Repository/katalon demo/Page_CURA Healthcare Service/a_Login")): Object: 'Object Repository/katalon demo/Page_CURA Healthcare Service/a_Login' is clicked on

29-01-2024T23:05:37 - [MESSAGE][PASSED] - Object: 'Object Repository/katalon demo/Page_CURA Healthcare Service/a_Login' is clicked on

29-01-2024T23:05:37 - [TEST_STEP][PASSED] - setText(findTestObject("Object Repository/katalon demo/Page_CURA Healthcare Service/input_username"), "John Doe"): Text 'John Doe' is set on object 'Object Repository/katalon demo/Page_CURA Healthcare Service/input_username'

29-01-2024T23:05:38 - [MESSAGE][PASSED] - Text 'John Doe' is set on object 'Object Repository/katalon demo/Page_CURA Healthcare Service/input_username'

29-01-2024T23:05:38 - [TEST_STEP][PASSED] - setEncryptedText(findTestObject("Object Repository/katalon demo/Page_CURA Healthcare Service/input_password"), "g3/DOGG74jC3Flrr3yH+3D/yKbOqqUNM"): Text ****** has been set on object 'Object Repository/katalon demo/Page_CURA Healthcare Service/input_password'

29-01-2024T23:05:39 - [MESSAGE][PASSED] - Text ****** has been set on object 'Object Repository/katalon demo/Page_CURA Healthcare Service/input_password'

29-01-2024T23:05:39 - [TEST_STEP][PASSED] - takeScreenshotAsCheckpoint("login katalon demo", STOP_ON_FAILURE): Taking screenshot successfully

29-01-2024T23:05:39 - [MESSAGE][INFO] - 0 hidden object(s)

29-01-2024T23:05:39 - [MESSAGE][PASSED] - Taking screenshot successfully
[[ATTACHMENT|keyes\keyes-login katalon demo.png]]

29-01-2024T23:05:39 - [TEST_STEP][PASSED] - click(findTestObject("Object Repository/katalon demo/Page_CURA Healthcare Service/button_Login")): Object: 'Object Repository/katalon demo/Page_CURA Healthcare Service/button_Login' is clicked on

29-01-2024T23:05:40 - [MESSAGE][PASSED] - Object: 'Object Repository/katalon demo/Page_CURA Healthcare Service/button_Login' is clicked on]]></system-out>
         <system-err><![CDATA[]]></system-err>
      </testcase>
      <testcase name="Test Cases/Katalon Demo/make appointment katalon demo" time="6.089" classname="Test Cases/Katalon Demo/make appointment katalon demo" status="PASSED">
         <system-out><![CDATA[29-01-2024T23:05:40 - [TEST_CASE][PASSED] - Test Cases/Katalon Demo/make appointment katalon demo: Test Cases/Katalon Demo/make appointment katalon demo

29-01-2024T23:05:41 - [TEST_STEP][PASSED] - selectOptionByValue(findTestObject("Object Repository/katalon demo/Page_CURA Healthcare Service/select_Tokyo"), "Hongkong CURA Healthcare Center", true): All options with value 'Hongkong CURA Healthcare Center' are selected in object 'Object Repository/katalon demo/Page_CURA Healthcare Service/select_Tokyo'  using regular expression

29-01-2024T23:05:42 - [MESSAGE][PASSED] - All options with value 'Hongkong CURA Healthcare Center' are selected in object 'Object Repository/katalon demo/Page_CURA Healthcare Service/select_Tokyo'  using regular expression

29-01-2024T23:05:42 - [TEST_STEP][PASSED] - click(findTestObject("Object Repository/katalon demo/Page_CURA Healthcare Service/label_Apply for hospital readmission")): Object: 'Object Repository/katalon demo/Page_CURA Healthcare Service/label_Apply for hospital readmission' is clicked on

29-01-2024T23:05:42 - [MESSAGE][PASSED] - Object: 'Object Repository/katalon demo/Page_CURA Healthcare Service/label_Apply for hospital readmission' is clicked on

29-01-2024T23:05:42 - [TEST_STEP][PASSED] - click(findTestObject("Object Repository/katalon demo/Page_CURA Healthcare Service/input_programs")): Object: 'Object Repository/katalon demo/Page_CURA Healthcare Service/input_programs' is clicked on

29-01-2024T23:05:42 - [MESSAGE][PASSED] - Object: 'Object Repository/katalon demo/Page_CURA Healthcare Service/input_programs' is clicked on

29-01-2024T23:05:42 - [TEST_STEP][PASSED] - click(findTestObject("Object Repository/katalon demo/Page_CURA Healthcare Service/span_glyphicon glyphicon-calendar")): Object: 'Object Repository/katalon demo/Page_CURA Healthcare Service/span_glyphicon glyphicon-calendar' is clicked on

29-01-2024T23:05:43 - [MESSAGE][PASSED] - Object: 'Object Repository/katalon demo/Page_CURA Healthcare Service/span_glyphicon glyphicon-calendar' is clicked on

29-01-2024T23:05:43 - [TEST_STEP][PASSED] - click(findTestObject("Object Repository/katalon demo/Page_CURA Healthcare Service/td_31")): Object: 'Object Repository/katalon demo/Page_CURA Healthcare Service/td_31' is clicked on

29-01-2024T23:05:43 - [MESSAGE][PASSED] - Object: 'Object Repository/katalon demo/Page_CURA Healthcare Service/td_31' is clicked on

29-01-2024T23:05:43 - [TEST_STEP][PASSED] - setText(findTestObject("Object Repository/katalon demo/Page_CURA Healthcare Service/textarea_comment"), "tes katalon demo"): Text 'tes katalon demo' is set on object 'Object Repository/katalon demo/Page_CURA Healthcare Service/textarea_comment'

29-01-2024T23:05:44 - [MESSAGE][PASSED] - Text 'tes katalon demo' is set on object 'Object Repository/katalon demo/Page_CURA Healthcare Service/textarea_comment'

29-01-2024T23:05:44 - [TEST_STEP][PASSED] - click(findTestObject("Object Repository/katalon demo/Page_CURA Healthcare Service/button_Book Appointment")): Object: 'Object Repository/katalon demo/Page_CURA Healthcare Service/button_Book Appointment' is clicked on

29-01-2024T23:05:45 - [MESSAGE][PASSED] - Object: 'Object Repository/katalon demo/Page_CURA Healthcare Service/button_Book Appointment' is clicked on

29-01-2024T23:05:45 - [TEST_STEP][PASSED] - verifyTextPresent("Appointment Confirmation", false): Text 'Appointment Confirmation' is present on page 

29-01-2024T23:05:45 - [MESSAGE][PASSED] - Text 'Appointment Confirmation' is present on page 

29-01-2024T23:05:45 - [TEST_STEP][PASSED] - takeScreenshotAsCheckpoint("appointment katalon demo"): Taking screenshot successfully

29-01-2024T23:05:46 - [MESSAGE][INFO] - 0 hidden object(s)

29-01-2024T23:05:46 - [MESSAGE][PASSED] - Taking screenshot successfully
[[ATTACHMENT|keyes\keyes-appointment katalon demo.png]]

29-01-2024T23:05:46 - [TEST_STEP][PASSED] - click(findTestObject("Object Repository/katalon demo/Page_CURA Healthcare Service/a_Go to Homepage")): Object: 'Object Repository/katalon demo/Page_CURA Healthcare Service/a_Go to Homepage' is clicked on

29-01-2024T23:05:47 - [MESSAGE][PASSED] - Object: 'Object Repository/katalon demo/Page_CURA Healthcare Service/a_Go to Homepage' is clicked on]]></system-out>
         <system-err><![CDATA[]]></system-err>
      </testcase>
      <testcase name="Test Cases/Katalon Demo/make appointment katalon demo 1" time="5.993" classname="Test Cases/Katalon Demo/make appointment katalon demo 1" status="PASSED">
         <system-out><![CDATA[29-01-2024T23:05:47 - [TEST_CASE][PASSED] - Test Cases/Katalon Demo/make appointment katalon demo 1: Test Cases/Katalon Demo/make appointment katalon demo 1

29-01-2024T23:05:47 - [TEST_STEP][PASSED] - selectOptionByValue(findTestObject("Object Repository/katalon demo/Page_CURA Healthcare Service/select_Tokyo"), "Seoul CURA Healthcare Center", true): All options with value 'Seoul CURA Healthcare Center' are selected in object 'Object Repository/katalon demo/Page_CURA Healthcare Service/select_Tokyo'  using regular expression

29-01-2024T23:05:48 - [MESSAGE][PASSED] - All options with value 'Seoul CURA Healthcare Center' are selected in object 'Object Repository/katalon demo/Page_CURA Healthcare Service/select_Tokyo'  using regular expression

29-01-2024T23:05:48 - [TEST_STEP][PASSED] - click(findTestObject("Object Repository/katalon demo/Page_CURA Healthcare Service/input_hospital_readmission")): Object: 'Object Repository/katalon demo/Page_CURA Healthcare Service/input_hospital_readmission' is clicked on

29-01-2024T23:05:48 - [MESSAGE][PASSED] - Object: 'Object Repository/katalon demo/Page_CURA Healthcare Service/input_hospital_readmission' is clicked on

29-01-2024T23:05:48 - [TEST_STEP][PASSED] - click(findTestObject("Object Repository/katalon demo/Page_CURA Healthcare Service/input_programs")): Object: 'Object Repository/katalon demo/Page_CURA Healthcare Service/input_programs' is clicked on

29-01-2024T23:05:48 - [MESSAGE][PASSED] - Object: 'Object Repository/katalon demo/Page_CURA Healthcare Service/input_programs' is clicked on

29-01-2024T23:05:48 - [TEST_STEP][PASSED] - click(findTestObject("Object Repository/katalon demo/Page_CURA Healthcare Service/span_glyphicon glyphicon-calendar")): Object: 'Object Repository/katalon demo/Page_CURA Healthcare Service/span_glyphicon glyphicon-calendar' is clicked on

29-01-2024T23:05:49 - [MESSAGE][PASSED] - Object: 'Object Repository/katalon demo/Page_CURA Healthcare Service/span_glyphicon glyphicon-calendar' is clicked on

29-01-2024T23:05:49 - [TEST_STEP][PASSED] - click(findTestObject("Object Repository/katalon demo/Page_CURA Healthcare Service/td_30")): Object: 'Object Repository/katalon demo/Page_CURA Healthcare Service/td_30' is clicked on

29-01-2024T23:05:49 - [MESSAGE][PASSED] - Object: 'Object Repository/katalon demo/Page_CURA Healthcare Service/td_30' is clicked on

29-01-2024T23:05:49 - [TEST_STEP][PASSED] - setText(findTestObject("Object Repository/katalon demo/Page_CURA Healthcare Service/textarea_comment"), "tes katalon"): Text 'tes katalon' is set on object 'Object Repository/katalon demo/Page_CURA Healthcare Service/textarea_comment'

29-01-2024T23:05:50 - [MESSAGE][PASSED] - Text 'tes katalon' is set on object 'Object Repository/katalon demo/Page_CURA Healthcare Service/textarea_comment'

29-01-2024T23:05:50 - [TEST_STEP][PASSED] - click(findTestObject("Object Repository/katalon demo/Page_CURA Healthcare Service/button_Book Appointment")): Object: 'Object Repository/katalon demo/Page_CURA Healthcare Service/button_Book Appointment' is clicked on

29-01-2024T23:05:51 - [MESSAGE][PASSED] - Object: 'Object Repository/katalon demo/Page_CURA Healthcare Service/button_Book Appointment' is clicked on

29-01-2024T23:05:51 - [TEST_STEP][PASSED] - verifyTextPresent("Appointment Confirmation", false): Text 'Appointment Confirmation' is present on page 

29-01-2024T23:05:51 - [MESSAGE][PASSED] - Text 'Appointment Confirmation' is present on page 

29-01-2024T23:05:51 - [TEST_STEP][PASSED] - takeScreenshotAsCheckpoint("appointment 1 katalon demo"): Taking screenshot successfully

29-01-2024T23:05:52 - [MESSAGE][INFO] - 0 hidden object(s)

29-01-2024T23:05:52 - [MESSAGE][PASSED] - Taking screenshot successfully
[[ATTACHMENT|keyes\keyes-appointment 1 katalon demo.png]]

29-01-2024T23:05:52 - [TEST_STEP][PASSED] - click(findTestObject("Object Repository/katalon demo/Page_CURA Healthcare Service/a_Go to Homepage")): Object: 'Object Repository/katalon demo/Page_CURA Healthcare Service/a_Go to Homepage' is clicked on

29-01-2024T23:05:53 - [MESSAGE][PASSED] - Object: 'Object Repository/katalon demo/Page_CURA Healthcare Service/a_Go to Homepage' is clicked on]]></system-out>
         <system-err><![CDATA[]]></system-err>
      </testcase>
      <testcase name="Test Cases/Katalon Demo/make appointment katalon demo 2" time="5.255" classname="Test Cases/Katalon Demo/make appointment katalon demo 2" status="PASSED">
         <system-out><![CDATA[29-01-2024T23:05:53 - [TEST_CASE][PASSED] - Test Cases/Katalon Demo/make appointment katalon demo 2: Test Cases/Katalon Demo/make appointment katalon demo 2

29-01-2024T23:05:53 - [TEST_STEP][PASSED] - click(findTestObject("Object Repository/katalon demo/Page_CURA Healthcare Service/label_Apply for hospital readmission")): Object: 'Object Repository/katalon demo/Page_CURA Healthcare Service/label_Apply for hospital readmission' is clicked on

29-01-2024T23:05:53 - [MESSAGE][PASSED] - Object: 'Object Repository/katalon demo/Page_CURA Healthcare Service/label_Apply for hospital readmission' is clicked on

29-01-2024T23:05:53 - [TEST_STEP][PASSED] - click(findTestObject("Object Repository/katalon demo/Page_CURA Healthcare Service/input_programs")): Object: 'Object Repository/katalon demo/Page_CURA Healthcare Service/input_programs' is clicked on

29-01-2024T23:05:53 - [MESSAGE][PASSED] - Object: 'Object Repository/katalon demo/Page_CURA Healthcare Service/input_programs' is clicked on

29-01-2024T23:05:53 - [TEST_STEP][PASSED] - click(findTestObject("Object Repository/katalon demo/Page_CURA Healthcare Service/input_visit_date")): Object: 'Object Repository/katalon demo/Page_CURA Healthcare Service/input_visit_date' is clicked on

29-01-2024T23:05:54 - [MESSAGE][PASSED] - Object: 'Object Repository/katalon demo/Page_CURA Healthcare Service/input_visit_date' is clicked on

29-01-2024T23:05:54 - [TEST_STEP][PASSED] - click(findTestObject("Object Repository/katalon demo/Page_CURA Healthcare Service/th_")): Object: 'Object Repository/katalon demo/Page_CURA Healthcare Service/th_' is clicked on

29-01-2024T23:05:54 - [MESSAGE][PASSED] - Object: 'Object Repository/katalon demo/Page_CURA Healthcare Service/th_' is clicked on

29-01-2024T23:05:54 - [TEST_STEP][PASSED] - click(findTestObject("Object Repository/katalon demo/Page_CURA Healthcare Service/td_28")): Object: 'Object Repository/katalon demo/Page_CURA Healthcare Service/td_28' is clicked on

29-01-2024T23:05:55 - [MESSAGE][PASSED] - Object: 'Object Repository/katalon demo/Page_CURA Healthcare Service/td_28' is clicked on

29-01-2024T23:05:55 - [TEST_STEP][PASSED] - setText(findTestObject("Object Repository/katalon demo/Page_CURA Healthcare Service/textarea_comment"), "tes katalon"): Text 'tes katalon' is set on object 'Object Repository/katalon demo/Page_CURA Healthcare Service/textarea_comment'

29-01-2024T23:05:56 - [MESSAGE][PASSED] - Text 'tes katalon' is set on object 'Object Repository/katalon demo/Page_CURA Healthcare Service/textarea_comment'

29-01-2024T23:05:56 - [TEST_STEP][PASSED] - click(findTestObject("Object Repository/katalon demo/Page_CURA Healthcare Service/button_Book Appointment")): Object: 'Object Repository/katalon demo/Page_CURA Healthcare Service/button_Book Appointment' is clicked on

29-01-2024T23:05:56 - [MESSAGE][PASSED] - Object: 'Object Repository/katalon demo/Page_CURA Healthcare Service/button_Book Appointment' is clicked on

29-01-2024T23:05:56 - [TEST_STEP][PASSED] - verifyTextPresent("Appointment Confirmation", false): Text 'Appointment Confirmation' is present on page 

29-01-2024T23:05:57 - [MESSAGE][PASSED] - Text 'Appointment Confirmation' is present on page 

29-01-2024T23:05:57 - [TEST_STEP][PASSED] - takeScreenshotAsCheckpoint("appointment 2 katalon demo"): Taking screenshot successfully

29-01-2024T23:05:57 - [MESSAGE][INFO] - 0 hidden object(s)

29-01-2024T23:05:57 - [MESSAGE][PASSED] - Taking screenshot successfully
[[ATTACHMENT|keyes\keyes-appointment 2 katalon demo.png]]

29-01-2024T23:05:57 - [TEST_STEP][PASSED] - click(findTestObject("Object Repository/katalon demo/Page_CURA Healthcare Service/a_Go to Homepage")): Object: 'Object Repository/katalon demo/Page_CURA Healthcare Service/a_Go to Homepage' is clicked on

29-01-2024T23:05:58 - [MESSAGE][PASSED] - Object: 'Object Repository/katalon demo/Page_CURA Healthcare Service/a_Go to Homepage' is clicked on]]></system-out>
         <system-err><![CDATA[]]></system-err>
      </testcase>
      <testcase name="Test Cases/Katalon Demo/history katalon demo" time="66.588" classname="Test Cases/Katalon Demo/history katalon demo" status="PASSED">
         <system-out><![CDATA[29-01-2024T23:05:58 - [TEST_CASE][PASSED] - Test Cases/Katalon Demo/history katalon demo: Test Cases/Katalon Demo/history katalon demo

29-01-2024T23:05:58 - [TEST_STEP][PASSED] - click(findTestObject("Object Repository/katalon demo/Page_CURA Healthcare Service/amenu-toggle")): Object: 'Object Repository/katalon demo/Page_CURA Healthcare Service/amenu-toggle' is clicked on

29-01-2024T23:05:58 - [MESSAGE][PASSED] - Object: 'Object Repository/katalon demo/Page_CURA Healthcare Service/amenu-toggle' is clicked on

29-01-2024T23:05:58 - [TEST_STEP][PASSED] - click(findTestObject("Object Repository/katalon demo/Page_CURA Healthcare Service/a_History")): Object: 'Object Repository/katalon demo/Page_CURA Healthcare Service/a_History' is clicked on

29-01-2024T23:05:59 - [MESSAGE][PASSED] - Object: 'Object Repository/katalon demo/Page_CURA Healthcare Service/a_History' is clicked on

29-01-2024T23:05:59 - [TEST_STEP][PASSED] - takeScreenshotAsCheckpoint("history katalon demo"): Taking screenshot successfully

29-01-2024T23:06:00 - [MESSAGE][INFO] - 0 hidden object(s)

29-01-2024T23:06:00 - [MESSAGE][PASSED] - Taking screenshot successfully
[[ATTACHMENT|keyes\keyes-history katalon demo.png]]

29-01-2024T23:06:00 - [TEST_STEP][PASSED] - scrollToElement(findTestObject("katalon demo/Page_CURA Healthcare Service/a_Go to Homepage"), 3): Scroll to object 'Object Repository/katalon demo/Page_CURA Healthcare Service/a_Go to Homepage' successfully

29-01-2024T23:06:31 - [MESSAGE][INFO] - Unable to find the element located by 'By.xpath: //section[@id='summary']/div/div/div[7]/p/a'. Please recheck the objects properties to make sure the desired element is located. 

29-01-2024T23:06:31 - [MESSAGE][WARNING] - [SELF-HEALING] Failed to find element with id 'Object Repository/katalon demo/Page_CURA Healthcare Service/a_Go to Homepage'. Try using Self-healing.

29-01-2024T23:06:31 - [MESSAGE][WARNING] - [SELF-HEALING] The current locator of test object 'Object Repository/katalon demo/Page_CURA Healthcare Service/a_Go to Homepage' was broken. Propose an alternative one: '//a[contains(text(),'Go to Homepage')]'.

29-01-2024T23:06:31 - [MESSAGE][PASSED] - Scroll to object 'Object Repository/katalon demo/Page_CURA Healthcare Service/a_Go to Homepage' successfully

29-01-2024T23:06:31 - [TEST_STEP][PASSED] - click(findTestObject("Object Repository/katalon demo/Page_CURA Healthcare Service/a_Go to Homepage")): Object: 'Object Repository/katalon demo/Page_CURA Healthcare Service/a_Go to Homepage' is clicked on

29-01-2024T23:07:03 - [MESSAGE][INFO] - Unable to find the element located by 'By.xpath: //section[@id='summary']/div/div/div[7]/p/a'. Please recheck the objects properties to make sure the desired element is located. 

29-01-2024T23:07:03 - [MESSAGE][WARNING] - [SELF-HEALING] Failed to find element with id 'Object Repository/katalon demo/Page_CURA Healthcare Service/a_Go to Homepage'. Try using Self-healing.

29-01-2024T23:07:03 - [MESSAGE][WARNING] - [SELF-HEALING] The current locator of test object 'Object Repository/katalon demo/Page_CURA Healthcare Service/a_Go to Homepage' was broken. Propose an alternative one: '//a[contains(text(),'Go to Homepage')]'.

29-01-2024T23:07:04 - [MESSAGE][PASSED] - Object: 'Object Repository/katalon demo/Page_CURA Healthcare Service/a_Go to Homepage' is clicked on]]></system-out>
         <system-err><![CDATA[]]></system-err>
      </testcase>
      <testcase name="Test Cases/Katalon Demo/profile katalon demo" time="6.608" classname="Test Cases/Katalon Demo/profile katalon demo" status="PASSED">
         <system-out><![CDATA[29-01-2024T23:07:04 - [TEST_CASE][PASSED] - Test Cases/Katalon Demo/profile katalon demo: Test Cases/Katalon Demo/profile katalon demo

29-01-2024T23:07:04 - [TEST_STEP][PASSED] - click(findTestObject("Object Repository/katalon demo/Page_CURA Healthcare Service/i_fa fa-bars")): Object: 'Object Repository/katalon demo/Page_CURA Healthcare Service/i_fa fa-bars' is clicked on

29-01-2024T23:07:05 - [MESSAGE][PASSED] - Object: 'Object Repository/katalon demo/Page_CURA Healthcare Service/i_fa fa-bars' is clicked on

29-01-2024T23:07:05 - [TEST_STEP][PASSED] - click(findTestObject("Object Repository/katalon demo/Page_CURA Healthcare Service/a_Profile")): Object: 'Object Repository/katalon demo/Page_CURA Healthcare Service/a_Profile' is clicked on

29-01-2024T23:07:09 - [MESSAGE][PASSED] - Object: 'Object Repository/katalon demo/Page_CURA Healthcare Service/a_Profile' is clicked on

29-01-2024T23:07:09 - [TEST_STEP][PASSED] - takeScreenshotAsCheckpoint("profile katalon demo"): Taking screenshot successfully

29-01-2024T23:07:10 - [MESSAGE][INFO] - 0 hidden object(s)

29-01-2024T23:07:10 - [MESSAGE][PASSED] - Taking screenshot successfully
[[ATTACHMENT|keyes\keyes-profile katalon demo.png]]

29-01-2024T23:07:10 - [TEST_STEP][PASSED] - click(findTestObject("Object Repository/katalon demo/Page_CURA Healthcare Service/i_fa fa-bars")): Object: 'Object Repository/katalon demo/Page_CURA Healthcare Service/i_fa fa-bars' is clicked on

29-01-2024T23:07:10 - [MESSAGE][PASSED] - Object: 'Object Repository/katalon demo/Page_CURA Healthcare Service/i_fa fa-bars' is clicked on

29-01-2024T23:07:10 - [TEST_STEP][PASSED] - click(findTestObject("Object Repository/katalon demo/Page_CURA Healthcare Service/a_Home")): Object: 'Object Repository/katalon demo/Page_CURA Healthcare Service/a_Home' is clicked on

29-01-2024T23:07:11 - [MESSAGE][PASSED] - Object: 'Object Repository/katalon demo/Page_CURA Healthcare Service/a_Home' is clicked on]]></system-out>
         <system-err><![CDATA[]]></system-err>
      </testcase>
      <testcase name="Test Cases/Katalon Demo/logout katalon demo" time="2.684" classname="Test Cases/Katalon Demo/logout katalon demo" status="PASSED">
         <system-out><![CDATA[29-01-2024T23:07:11 - [TEST_CASE][PASSED] - Test Cases/Katalon Demo/logout katalon demo: Test Cases/Katalon Demo/logout katalon demo

29-01-2024T23:07:11 - [TEST_STEP][PASSED] - click(findTestObject("Object Repository/katalon demo/Page_CURA Healthcare Service/i_fa fa-bars")): Object: 'Object Repository/katalon demo/Page_CURA Healthcare Service/i_fa fa-bars' is clicked on

29-01-2024T23:07:11 - [MESSAGE][PASSED] - Object: 'Object Repository/katalon demo/Page_CURA Healthcare Service/i_fa fa-bars' is clicked on

29-01-2024T23:07:11 - [TEST_STEP][PASSED] - takeScreenshotAsCheckpoint("logout katalon demo"): Taking screenshot successfully

29-01-2024T23:07:12 - [MESSAGE][INFO] - 0 hidden object(s)

29-01-2024T23:07:12 - [MESSAGE][PASSED] - Taking screenshot successfully
[[ATTACHMENT|keyes\keyes-logout katalon demo.png]]

29-01-2024T23:07:12 - [TEST_STEP][PASSED] - click(findTestObject("Object Repository/katalon demo/Page_CURA Healthcare Service/a_Logout")): Object: 'Object Repository/katalon demo/Page_CURA Healthcare Service/a_Logout' is clicked on

29-01-2024T23:07:13 - [MESSAGE][PASSED] - Object: 'Object Repository/katalon demo/Page_CURA Healthcare Service/a_Logout' is clicked on

29-01-2024T23:07:13 - [TEST_STEP][PASSED] - closeBrowser(): Browser is closed

29-01-2024T23:07:14 - [MESSAGE][PASSED] - Browser is closed]]></system-out>
         <system-err><![CDATA[]]></system-err>
      </testcase>
      <testcase name="Test Cases/Katalon Demo/negatif login katalon demo" time="18.019" classname="Test Cases/Katalon Demo/negatif login katalon demo" status="PASSED">
         <system-out><![CDATA[29-01-2024T23:07:14 - [TEST_CASE][PASSED] - Test Cases/Katalon Demo/negatif login katalon demo: Test Cases/Katalon Demo/negatif login katalon demo

29-01-2024T23:07:14 - [TEST_STEP][PASSED] - openBrowser(""): Browser is opened with url: ''

29-01-2024T23:07:14 - [MESSAGE][INFO] - Starting 'Chrome' driver

29-01-2024T23:07:14 - [MESSAGE][INFO] - Action delay is set to 0 milliseconds

29-01-2024T23:07:15 - [MESSAGE][PASSED] - Browser is opened with url: ''

29-01-2024T23:07:15 - [TEST_STEP][PASSED] - navigateToUrl("https://katalon-demo-cura.herokuapp.com/"): Navigate to 'https://katalon-demo-cura.herokuapp.com/' successfully

29-01-2024T23:07:22 - [MESSAGE][PASSED] - Navigate to 'https://katalon-demo-cura.herokuapp.com/' successfully

29-01-2024T23:07:22 - [TEST_STEP][PASSED] - click(findTestObject("Object Repository/katalon demo/Page_CURA Healthcare Service/amenu-toggle")): Object: 'Object Repository/katalon demo/Page_CURA Healthcare Service/amenu-toggle' is clicked on

29-01-2024T23:07:22 - [MESSAGE][PASSED] - Object: 'Object Repository/katalon demo/Page_CURA Healthcare Service/amenu-toggle' is clicked on

29-01-2024T23:07:22 - [TEST_STEP][PASSED] - click(findTestObject("Object Repository/katalon demo/Page_CURA Healthcare Service/a_Login")): Object: 'Object Repository/katalon demo/Page_CURA Healthcare Service/a_Login' is clicked on

29-01-2024T23:07:23 - [MESSAGE][PASSED] - Object: 'Object Repository/katalon demo/Page_CURA Healthcare Service/a_Login' is clicked on

29-01-2024T23:07:23 - [TEST_STEP][PASSED] - setText(findTestObject("Object Repository/katalon demo/Page_CURA Healthcare Service/input_username"), username1): Text 'aaaaa' is set on object 'Object Repository/katalon demo/Page_CURA Healthcare Service/input_username'

29-01-2024T23:07:24 - [MESSAGE][PASSED] - Text 'aaaaa' is set on object 'Object Repository/katalon demo/Page_CURA Healthcare Service/input_username'

29-01-2024T23:07:24 - [TEST_STEP][PASSED] - setText(findTestObject("Object Repository/katalon demo/Page_CURA Healthcare Service/input_password"), password1): Text 'aaaaaaaa' is set on object 'Object Repository/katalon demo/Page_CURA Healthcare Service/input_password'

29-01-2024T23:07:25 - [MESSAGE][PASSED] - Text 'aaaaaaaa' is set on object 'Object Repository/katalon demo/Page_CURA Healthcare Service/input_password'

29-01-2024T23:07:25 - [TEST_STEP][PASSED] - click(findTestObject("katalon demo/Page_CURA Healthcare Service/button_Login")): Object: 'Object Repository/katalon demo/Page_CURA Healthcare Service/button_Login' is clicked on

29-01-2024T23:07:26 - [MESSAGE][PASSED] - Object: 'Object Repository/katalon demo/Page_CURA Healthcare Service/button_Login' is clicked on

29-01-2024T23:07:26 - [TEST_STEP][PASSED] - verifyTextPresent("Login failed!", false): Text 'Login failed!' is present on page 

29-01-2024T23:07:26 - [MESSAGE][PASSED] - Text 'Login failed!' is present on page 

29-01-2024T23:07:26 - [TEST_STEP][PASSED] - takeScreenshotAsCheckpoint("negatif 1 login katalon demo"): Taking screenshot successfully

29-01-2024T23:07:26 - [MESSAGE][INFO] - 0 hidden object(s)

29-01-2024T23:07:27 - [MESSAGE][PASSED] - Taking screenshot successfully
[[ATTACHMENT|keyes\keyes-negatif 1 login katalon demo.png]]

29-01-2024T23:07:27 - [TEST_STEP][PASSED] - click(findTestObject("Object Repository/katalon demo/Page_CURA Healthcare Service/button_Login")): Object: 'Object Repository/katalon demo/Page_CURA Healthcare Service/button_Login' is clicked on

29-01-2024T23:07:27 - [MESSAGE][PASSED] - Object: 'Object Repository/katalon demo/Page_CURA Healthcare Service/button_Login' is clicked on

29-01-2024T23:07:27 - [TEST_STEP][PASSED] - setText(findTestObject("katalon demo/Page_CURA Healthcare Service/input_username"), username2): Text 'bbbbb' is set on object 'Object Repository/katalon demo/Page_CURA Healthcare Service/input_username'

29-01-2024T23:07:28 - [MESSAGE][PASSED] - Text 'bbbbb' is set on object 'Object Repository/katalon demo/Page_CURA Healthcare Service/input_username'

29-01-2024T23:07:28 - [TEST_STEP][PASSED] - setText(findTestObject("katalon demo/Page_CURA Healthcare Service/input_password"), password2): Text 'bbbbbbbb' is set on object 'Object Repository/katalon demo/Page_CURA Healthcare Service/input_password'

29-01-2024T23:07:29 - [MESSAGE][PASSED] - Text 'bbbbbbbb' is set on object 'Object Repository/katalon demo/Page_CURA Healthcare Service/input_password'

29-01-2024T23:07:29 - [TEST_STEP][PASSED] - click(findTestObject("katalon demo/Page_CURA Healthcare Service/button_Login")): Object: 'Object Repository/katalon demo/Page_CURA Healthcare Service/button_Login' is clicked on

29-01-2024T23:07:31 - [MESSAGE][PASSED] - Object: 'Object Repository/katalon demo/Page_CURA Healthcare Service/button_Login' is clicked on

29-01-2024T23:07:31 - [TEST_STEP][PASSED] - verifyTextPresent("Login failed!", false): Text 'Login failed!' is present on page 

29-01-2024T23:07:31 - [MESSAGE][PASSED] - Text 'Login failed!' is present on page 

29-01-2024T23:07:31 - [TEST_STEP][PASSED] - takeScreenshotAsCheckpoint("negatif 2 login katalon demo"): Taking screenshot successfully

29-01-2024T23:07:32 - [MESSAGE][INFO] - 0 hidden object(s)

29-01-2024T23:07:32 - [MESSAGE][PASSED] - Taking screenshot successfully
[[ATTACHMENT|keyes\keyes-negatif 2 login katalon demo.png]]]]></system-out>
         <system-err><![CDATA[]]></system-err>
      </testcase>
      <system-out><![CDATA[29-01-2024T23:05:25 - [TEST_SUITE][PASSED] - katalon demo: Test Cases/Katalon Demo/negatif login katalon demo]]></system-out>
      <system-err><![CDATA[]]></system-err>
   </testsuite>
   <testsuite name="katalon demo" tests="8" failures="0" errors="0" time="138.613" skipped="0" timestamp="29-01-2024T23:07:39" hostname="0517 - Pierrot" id="Test Suites/katalon demo">
      <properties>
         <property name="deviceName" value=""/>
         <property name="devicePlatform" value=""/>
         <property name="logFolder" value="C:\\Users\\0517\\Katalon Studio\\poc bni\\Reports\\20240129_222034\\katalon demo\\20240129_222223"/>
         <property name="logFiles" value="C:\\Users\\0517\\Katalon Studio\\poc bni\\Reports\\20240129_222034\\katalon demo\\20240129_222223\\execution0.log"/>
         <property name="attachments" value="keyes\keyes-login katalon demo.png, keyes\keyes-appointment katalon demo.png, keyes\keyes-appointment 1 katalon demo.png, keyes\keyes-appointment 2 katalon demo.png, keyes\keyes-history katalon demo.png, keyes\keyes-profile katalon demo.png, keyes\keyes-logout katalon demo.png, keyes\keyes-negatif 1 login katalon demo.png, keyes\keyes-negatif 2 login katalon demo.png"/>
         <property name="hostName" value="0517 - Pierrot"/>
         <property name="os" value="Windows 10 64bit"/>
         <property name="katalonVersion" value="9.2.0.212"/>
         <property name="browser" value="Chrome 121.0.0.0"/>
         <property name="hostAddress" value="192.168.96.2"/>
         <property name="sessionId" value="b2ba8e9ed2969ff9c555089cdc9269ff"/>
         <property name="seleniumVersion" value="3.141.59"/>
         <property name="proxyInformation" value="ProxyInformation { proxyOption=NO_PROXY, proxyServerType=HTTP, username=, password=********, proxyServerAddress=, proxyServerPort=0, executionList=&quot;&quot;, isApplyToDesiredCapabilities=true }"/>
         <property name="platform" value="Windows 10"/>
      </properties>
      <testcase name="Test Cases/Katalon Demo/login katalon demo" time="11.498" classname="Test Cases/Katalon Demo/login katalon demo" status="PASSED">
         <system-out><![CDATA[29-01-2024T23:07:39 - [TEST_CASE][PASSED] - Test Cases/Katalon Demo/login katalon demo: Test Cases/Katalon Demo/login katalon demo

29-01-2024T23:07:39 - [TEST_STEP][PASSED] - openBrowser(""): Browser is opened with url: ''

29-01-2024T23:07:40 - [MESSAGE][INFO] - Starting 'Chrome' driver

29-01-2024T23:07:40 - [MESSAGE][INFO] - Action delay is set to 0 milliseconds

29-01-2024T23:07:42 - [MESSAGE][PASSED] - Browser is opened with url: ''

29-01-2024T23:07:42 - [TEST_STEP][PASSED] - navigateToUrl("https://katalon-demo-cura.herokuapp.com/"): Navigate to 'https://katalon-demo-cura.herokuapp.com/' successfully

29-01-2024T23:07:46 - [MESSAGE][PASSED] - Navigate to 'https://katalon-demo-cura.herokuapp.com/' successfully

29-01-2024T23:07:46 - [TEST_STEP][PASSED] - click(findTestObject("Object Repository/katalon demo/Page_CURA Healthcare Service/amenu-toggle")): Object: 'Object Repository/katalon demo/Page_CURA Healthcare Service/amenu-toggle' is clicked on

29-01-2024T23:07:46 - [MESSAGE][PASSED] - Object: 'Object Repository/katalon demo/Page_CURA Healthcare Service/amenu-toggle' is clicked on

29-01-2024T23:07:46 - [TEST_STEP][PASSED] - click(findTestObject("Object Repository/katalon demo/Page_CURA Healthcare Service/a_Login")): Object: 'Object Repository/katalon demo/Page_CURA Healthcare Service/a_Login' is clicked on

29-01-2024T23:07:47 - [MESSAGE][PASSED] - Object: 'Object Repository/katalon demo/Page_CURA Healthcare Service/a_Login' is clicked on

29-01-2024T23:07:47 - [TEST_STEP][PASSED] - setText(findTestObject("Object Repository/katalon demo/Page_CURA Healthcare Service/input_username"), "John Doe"): Text 'John Doe' is set on object 'Object Repository/katalon demo/Page_CURA Healthcare Service/input_username'

29-01-2024T23:07:48 - [MESSAGE][PASSED] - Text 'John Doe' is set on object 'Object Repository/katalon demo/Page_CURA Healthcare Service/input_username'

29-01-2024T23:07:48 - [TEST_STEP][PASSED] - setEncryptedText(findTestObject("Object Repository/katalon demo/Page_CURA Healthcare Service/input_password"), "g3/DOGG74jC3Flrr3yH+3D/yKbOqqUNM"): Text ****** has been set on object 'Object Repository/katalon demo/Page_CURA Healthcare Service/input_password'

29-01-2024T23:07:49 - [MESSAGE][PASSED] - Text ****** has been set on object 'Object Repository/katalon demo/Page_CURA Healthcare Service/input_password'

29-01-2024T23:07:49 - [TEST_STEP][PASSED] - takeScreenshotAsCheckpoint("login katalon demo", STOP_ON_FAILURE): Taking screenshot successfully

29-01-2024T23:07:49 - [MESSAGE][INFO] - 0 hidden object(s)

29-01-2024T23:07:49 - [MESSAGE][PASSED] - Taking screenshot successfully
[[ATTACHMENT|keyes\keyes-login katalon demo.png]]

29-01-2024T23:07:49 - [TEST_STEP][PASSED] - click(findTestObject("Object Repository/katalon demo/Page_CURA Healthcare Service/button_Login")): Object: 'Object Repository/katalon demo/Page_CURA Healthcare Service/button_Login' is clicked on

29-01-2024T23:07:50 - [MESSAGE][PASSED] - Object: 'Object Repository/katalon demo/Page_CURA Healthcare Service/button_Login' is clicked on]]></system-out>
         <system-err><![CDATA[]]></system-err>
      </testcase>
      <testcase name="Test Cases/Katalon Demo/make appointment katalon demo" time="24.085" classname="Test Cases/Katalon Demo/make appointment katalon demo" status="PASSED">
         <system-out><![CDATA[29-01-2024T23:07:50 - [TEST_CASE][PASSED] - Test Cases/Katalon Demo/make appointment katalon demo: Test Cases/Katalon Demo/make appointment katalon demo

29-01-2024T23:07:51 - [TEST_STEP][PASSED] - selectOptionByValue(findTestObject("Object Repository/katalon demo/Page_CURA Healthcare Service/select_Tokyo"), "Hongkong CURA Healthcare Center", true): All options with value 'Hongkong CURA Healthcare Center' are selected in object 'Object Repository/katalon demo/Page_CURA Healthcare Service/select_Tokyo'  using regular expression

29-01-2024T23:07:52 - [MESSAGE][PASSED] - All options with value 'Hongkong CURA Healthcare Center' are selected in object 'Object Repository/katalon demo/Page_CURA Healthcare Service/select_Tokyo'  using regular expression

29-01-2024T23:07:52 - [TEST_STEP][PASSED] - click(findTestObject("Object Repository/katalon demo/Page_CURA Healthcare Service/label_Apply for hospital readmission")): Object: 'Object Repository/katalon demo/Page_CURA Healthcare Service/label_Apply for hospital readmission' is clicked on

29-01-2024T23:07:52 - [MESSAGE][PASSED] - Object: 'Object Repository/katalon demo/Page_CURA Healthcare Service/label_Apply for hospital readmission' is clicked on

29-01-2024T23:07:52 - [TEST_STEP][PASSED] - click(findTestObject("Object Repository/katalon demo/Page_CURA Healthcare Service/input_programs")): Object: 'Object Repository/katalon demo/Page_CURA Healthcare Service/input_programs' is clicked on

29-01-2024T23:07:52 - [MESSAGE][PASSED] - Object: 'Object Repository/katalon demo/Page_CURA Healthcare Service/input_programs' is clicked on

29-01-2024T23:07:52 - [TEST_STEP][PASSED] - click(findTestObject("Object Repository/katalon demo/Page_CURA Healthcare Service/span_glyphicon glyphicon-calendar")): Object: 'Object Repository/katalon demo/Page_CURA Healthcare Service/span_glyphicon glyphicon-calendar' is clicked on

29-01-2024T23:07:53 - [MESSAGE][PASSED] - Object: 'Object Repository/katalon demo/Page_CURA Healthcare Service/span_glyphicon glyphicon-calendar' is clicked on

29-01-2024T23:07:53 - [TEST_STEP][PASSED] - click(findTestObject("Object Repository/katalon demo/Page_CURA Healthcare Service/td_31")): Object: 'Object Repository/katalon demo/Page_CURA Healthcare Service/td_31' is clicked on

29-01-2024T23:07:53 - [MESSAGE][PASSED] - Object: 'Object Repository/katalon demo/Page_CURA Healthcare Service/td_31' is clicked on

29-01-2024T23:07:53 - [TEST_STEP][PASSED] - setText(findTestObject("Object Repository/katalon demo/Page_CURA Healthcare Service/textarea_comment"), "tes katalon demo"): Text 'tes katalon demo' is set on object 'Object Repository/katalon demo/Page_CURA Healthcare Service/textarea_comment'

29-01-2024T23:07:54 - [MESSAGE][PASSED] - Text 'tes katalon demo' is set on object 'Object Repository/katalon demo/Page_CURA Healthcare Service/textarea_comment'

29-01-2024T23:07:54 - [TEST_STEP][PASSED] - click(findTestObject("Object Repository/katalon demo/Page_CURA Healthcare Service/button_Book Appointment")): Object: 'Object Repository/katalon demo/Page_CURA Healthcare Service/button_Book Appointment' is clicked on

29-01-2024T23:07:55 - [MESSAGE][PASSED] - Object: 'Object Repository/katalon demo/Page_CURA Healthcare Service/button_Book Appointment' is clicked on

29-01-2024T23:07:55 - [TEST_STEP][PASSED] - verifyTextPresent("Appointment Confirmation", false): Text 'Appointment Confirmation' is present on page 

29-01-2024T23:07:56 - [MESSAGE][PASSED] - Text 'Appointment Confirmation' is present on page 

29-01-2024T23:07:56 - [TEST_STEP][PASSED] - takeScreenshotAsCheckpoint("appointment katalon demo"): Taking screenshot successfully

29-01-2024T23:07:56 - [MESSAGE][INFO] - 0 hidden object(s)

29-01-2024T23:07:56 - [MESSAGE][PASSED] - Taking screenshot successfully
[[ATTACHMENT|keyes\keyes-appointment katalon demo.png]]

29-01-2024T23:07:56 - [TEST_STEP][PASSED] - click(findTestObject("Object Repository/katalon demo/Page_CURA Healthcare Service/a_Go to Homepage")): Object: 'Object Repository/katalon demo/Page_CURA Healthcare Service/a_Go to Homepage' is clicked on

29-01-2024T23:08:14 - [MESSAGE][PASSED] - Object: 'Object Repository/katalon demo/Page_CURA Healthcare Service/a_Go to Homepage' is clicked on]]></system-out>
         <system-err><![CDATA[]]></system-err>
      </testcase>
      <testcase name="Test Cases/Katalon Demo/make appointment katalon demo 1" time="8.838" classname="Test Cases/Katalon Demo/make appointment katalon demo 1" status="PASSED">
         <system-out><![CDATA[29-01-2024T23:08:14 - [TEST_CASE][PASSED] - Test Cases/Katalon Demo/make appointment katalon demo 1: Test Cases/Katalon Demo/make appointment katalon demo 1

29-01-2024T23:08:15 - [TEST_STEP][PASSED] - selectOptionByValue(findTestObject("Object Repository/katalon demo/Page_CURA Healthcare Service/select_Tokyo"), "Seoul CURA Healthcare Center", true): All options with value 'Seoul CURA Healthcare Center' are selected in object 'Object Repository/katalon demo/Page_CURA Healthcare Service/select_Tokyo'  using regular expression

29-01-2024T23:08:16 - [MESSAGE][PASSED] - All options with value 'Seoul CURA Healthcare Center' are selected in object 'Object Repository/katalon demo/Page_CURA Healthcare Service/select_Tokyo'  using regular expression

29-01-2024T23:08:16 - [TEST_STEP][PASSED] - click(findTestObject("Object Repository/katalon demo/Page_CURA Healthcare Service/input_hospital_readmission")): Object: 'Object Repository/katalon demo/Page_CURA Healthcare Service/input_hospital_readmission' is clicked on

29-01-2024T23:08:16 - [MESSAGE][PASSED] - Object: 'Object Repository/katalon demo/Page_CURA Healthcare Service/input_hospital_readmission' is clicked on

29-01-2024T23:08:16 - [TEST_STEP][PASSED] - click(findTestObject("Object Repository/katalon demo/Page_CURA Healthcare Service/input_programs")): Object: 'Object Repository/katalon demo/Page_CURA Healthcare Service/input_programs' is clicked on

29-01-2024T23:08:16 - [MESSAGE][PASSED] - Object: 'Object Repository/katalon demo/Page_CURA Healthcare Service/input_programs' is clicked on

29-01-2024T23:08:16 - [TEST_STEP][PASSED] - click(findTestObject("Object Repository/katalon demo/Page_CURA Healthcare Service/span_glyphicon glyphicon-calendar")): Object: 'Object Repository/katalon demo/Page_CURA Healthcare Service/span_glyphicon glyphicon-calendar' is clicked on

29-01-2024T23:08:17 - [MESSAGE][PASSED] - Object: 'Object Repository/katalon demo/Page_CURA Healthcare Service/span_glyphicon glyphicon-calendar' is clicked on

29-01-2024T23:08:17 - [TEST_STEP][PASSED] - click(findTestObject("Object Repository/katalon demo/Page_CURA Healthcare Service/td_30")): Object: 'Object Repository/katalon demo/Page_CURA Healthcare Service/td_30' is clicked on

29-01-2024T23:08:17 - [MESSAGE][PASSED] - Object: 'Object Repository/katalon demo/Page_CURA Healthcare Service/td_30' is clicked on

29-01-2024T23:08:17 - [TEST_STEP][PASSED] - setText(findTestObject("Object Repository/katalon demo/Page_CURA Healthcare Service/textarea_comment"), "tes katalon"): Text 'tes katalon' is set on object 'Object Repository/katalon demo/Page_CURA Healthcare Service/textarea_comment'

29-01-2024T23:08:18 - [MESSAGE][PASSED] - Text 'tes katalon' is set on object 'Object Repository/katalon demo/Page_CURA Healthcare Service/textarea_comment'

29-01-2024T23:08:18 - [TEST_STEP][PASSED] - click(findTestObject("Object Repository/katalon demo/Page_CURA Healthcare Service/button_Book Appointment")): Object: 'Object Repository/katalon demo/Page_CURA Healthcare Service/button_Book Appointment' is clicked on

29-01-2024T23:08:20 - [MESSAGE][PASSED] - Object: 'Object Repository/katalon demo/Page_CURA Healthcare Service/button_Book Appointment' is clicked on

29-01-2024T23:08:20 - [TEST_STEP][PASSED] - verifyTextPresent("Appointment Confirmation", false): Text 'Appointment Confirmation' is present on page 

29-01-2024T23:08:21 - [MESSAGE][PASSED] - Text 'Appointment Confirmation' is present on page 

29-01-2024T23:08:21 - [TEST_STEP][PASSED] - takeScreenshotAsCheckpoint("appointment 1 katalon demo"): Taking screenshot successfully

29-01-2024T23:08:21 - [MESSAGE][INFO] - 0 hidden object(s)

29-01-2024T23:08:21 - [MESSAGE][PASSED] - Taking screenshot successfully
[[ATTACHMENT|keyes\keyes-appointment 1 katalon demo.png]]

29-01-2024T23:08:21 - [TEST_STEP][PASSED] - click(findTestObject("Object Repository/katalon demo/Page_CURA Healthcare Service/a_Go to Homepage")): Object: 'Object Repository/katalon demo/Page_CURA Healthcare Service/a_Go to Homepage' is clicked on

29-01-2024T23:08:23 - [MESSAGE][PASSED] - Object: 'Object Repository/katalon demo/Page_CURA Healthcare Service/a_Go to Homepage' is clicked on]]></system-out>
         <system-err><![CDATA[]]></system-err>
      </testcase>
      <testcase name="Test Cases/Katalon Demo/make appointment katalon demo 2" time="6.63" classname="Test Cases/Katalon Demo/make appointment katalon demo 2" status="PASSED">
         <system-out><![CDATA[29-01-2024T23:08:23 - [TEST_CASE][PASSED] - Test Cases/Katalon Demo/make appointment katalon demo 2: Test Cases/Katalon Demo/make appointment katalon demo 2

29-01-2024T23:08:23 - [TEST_STEP][PASSED] - click(findTestObject("Object Repository/katalon demo/Page_CURA Healthcare Service/label_Apply for hospital readmission")): Object: 'Object Repository/katalon demo/Page_CURA Healthcare Service/label_Apply for hospital readmission' is clicked on

29-01-2024T23:08:24 - [MESSAGE][PASSED] - Object: 'Object Repository/katalon demo/Page_CURA Healthcare Service/label_Apply for hospital readmission' is clicked on

29-01-2024T23:08:24 - [TEST_STEP][PASSED] - click(findTestObject("Object Repository/katalon demo/Page_CURA Healthcare Service/input_programs")): Object: 'Object Repository/katalon demo/Page_CURA Healthcare Service/input_programs' is clicked on

29-01-2024T23:08:24 - [MESSAGE][PASSED] - Object: 'Object Repository/katalon demo/Page_CURA Healthcare Service/input_programs' is clicked on

29-01-2024T23:08:24 - [TEST_STEP][PASSED] - click(findTestObject("Object Repository/katalon demo/Page_CURA Healthcare Service/input_visit_date")): Object: 'Object Repository/katalon demo/Page_CURA Healthcare Service/input_visit_date' is clicked on

29-01-2024T23:08:24 - [MESSAGE][PASSED] - Object: 'Object Repository/katalon demo/Page_CURA Healthcare Service/input_visit_date' is clicked on

29-01-2024T23:08:24 - [TEST_STEP][PASSED] - click(findTestObject("Object Repository/katalon demo/Page_CURA Healthcare Service/th_")): Object: 'Object Repository/katalon demo/Page_CURA Healthcare Service/th_' is clicked on

29-01-2024T23:08:25 - [MESSAGE][PASSED] - Object: 'Object Repository/katalon demo/Page_CURA Healthcare Service/th_' is clicked on

29-01-2024T23:08:25 - [TEST_STEP][PASSED] - click(findTestObject("Object Repository/katalon demo/Page_CURA Healthcare Service/td_28")): Object: 'Object Repository/katalon demo/Page_CURA Healthcare Service/td_28' is clicked on

29-01-2024T23:08:26 - [MESSAGE][PASSED] - Object: 'Object Repository/katalon demo/Page_CURA Healthcare Service/td_28' is clicked on

29-01-2024T23:08:26 - [TEST_STEP][PASSED] - setText(findTestObject("Object Repository/katalon demo/Page_CURA Healthcare Service/textarea_comment"), "tes katalon"): Text 'tes katalon' is set on object 'Object Repository/katalon demo/Page_CURA Healthcare Service/textarea_comment'

29-01-2024T23:08:26 - [MESSAGE][PASSED] - Text 'tes katalon' is set on object 'Object Repository/katalon demo/Page_CURA Healthcare Service/textarea_comment'

29-01-2024T23:08:26 - [TEST_STEP][PASSED] - click(findTestObject("Object Repository/katalon demo/Page_CURA Healthcare Service/button_Book Appointment")): Object: 'Object Repository/katalon demo/Page_CURA Healthcare Service/button_Book Appointment' is clicked on

29-01-2024T23:08:28 - [MESSAGE][PASSED] - Object: 'Object Repository/katalon demo/Page_CURA Healthcare Service/button_Book Appointment' is clicked on

29-01-2024T23:08:28 - [TEST_STEP][PASSED] - verifyTextPresent("Appointment Confirmation", false): Text 'Appointment Confirmation' is present on page 

29-01-2024T23:08:28 - [MESSAGE][PASSED] - Text 'Appointment Confirmation' is present on page 

29-01-2024T23:08:28 - [TEST_STEP][PASSED] - takeScreenshotAsCheckpoint("appointment 2 katalon demo"): Taking screenshot successfully

29-01-2024T23:08:29 - [MESSAGE][INFO] - 0 hidden object(s)

29-01-2024T23:08:29 - [MESSAGE][PASSED] - Taking screenshot successfully
[[ATTACHMENT|keyes\keyes-appointment 2 katalon demo.png]]

29-01-2024T23:08:29 - [TEST_STEP][PASSED] - click(findTestObject("Object Repository/katalon demo/Page_CURA Healthcare Service/a_Go to Homepage")): Object: 'Object Repository/katalon demo/Page_CURA Healthcare Service/a_Go to Homepage' is clicked on

29-01-2024T23:08:30 - [MESSAGE][PASSED] - Object: 'Object Repository/katalon demo/Page_CURA Healthcare Service/a_Go to Homepage' is clicked on]]></system-out>
         <system-err><![CDATA[]]></system-err>
      </testcase>
      <testcase name="Test Cases/Katalon Demo/history katalon demo" time="66.4" classname="Test Cases/Katalon Demo/history katalon demo" status="PASSED">
         <system-out><![CDATA[29-01-2024T23:08:30 - [TEST_CASE][PASSED] - Test Cases/Katalon Demo/history katalon demo: Test Cases/Katalon Demo/history katalon demo

29-01-2024T23:08:30 - [TEST_STEP][PASSED] - click(findTestObject("Object Repository/katalon demo/Page_CURA Healthcare Service/amenu-toggle")): Object: 'Object Repository/katalon demo/Page_CURA Healthcare Service/amenu-toggle' is clicked on

29-01-2024T23:08:30 - [MESSAGE][PASSED] - Object: 'Object Repository/katalon demo/Page_CURA Healthcare Service/amenu-toggle' is clicked on

29-01-2024T23:08:30 - [TEST_STEP][PASSED] - click(findTestObject("Object Repository/katalon demo/Page_CURA Healthcare Service/a_History")): Object: 'Object Repository/katalon demo/Page_CURA Healthcare Service/a_History' is clicked on

29-01-2024T23:08:32 - [MESSAGE][PASSED] - Object: 'Object Repository/katalon demo/Page_CURA Healthcare Service/a_History' is clicked on

29-01-2024T23:08:32 - [TEST_STEP][PASSED] - takeScreenshotAsCheckpoint("history katalon demo"): Taking screenshot successfully

29-01-2024T23:08:32 - [MESSAGE][INFO] - 0 hidden object(s)

29-01-2024T23:08:32 - [MESSAGE][PASSED] - Taking screenshot successfully
[[ATTACHMENT|keyes\keyes-history katalon demo.png]]

29-01-2024T23:08:32 - [TEST_STEP][PASSED] - scrollToElement(findTestObject("katalon demo/Page_CURA Healthcare Service/a_Go to Homepage"), 3): Scroll to object 'Object Repository/katalon demo/Page_CURA Healthcare Service/a_Go to Homepage' successfully

29-01-2024T23:09:04 - [MESSAGE][INFO] - Unable to find the element located by 'By.xpath: //section[@id='summary']/div/div/div[7]/p/a'. Please recheck the objects properties to make sure the desired element is located. 

29-01-2024T23:09:04 - [MESSAGE][WARNING] - [SELF-HEALING] Failed to find element with id 'Object Repository/katalon demo/Page_CURA Healthcare Service/a_Go to Homepage'. Try using Self-healing.

29-01-2024T23:09:04 - [MESSAGE][WARNING] - [SELF-HEALING] The current locator of test object 'Object Repository/katalon demo/Page_CURA Healthcare Service/a_Go to Homepage' was broken. Propose an alternative one: '//a[contains(text(),'Go to Homepage')]'.

29-01-2024T23:09:04 - [MESSAGE][PASSED] - Scroll to object 'Object Repository/katalon demo/Page_CURA Healthcare Service/a_Go to Homepage' successfully

29-01-2024T23:09:04 - [TEST_STEP][PASSED] - click(findTestObject("Object Repository/katalon demo/Page_CURA Healthcare Service/a_Go to Homepage")): Object: 'Object Repository/katalon demo/Page_CURA Healthcare Service/a_Go to Homepage' is clicked on

29-01-2024T23:09:35 - [MESSAGE][INFO] - Unable to find the element located by 'By.xpath: //section[@id='summary']/div/div/div[7]/p/a'. Please recheck the objects properties to make sure the desired element is located. 

29-01-2024T23:09:35 - [MESSAGE][WARNING] - [SELF-HEALING] Failed to find element with id 'Object Repository/katalon demo/Page_CURA Healthcare Service/a_Go to Homepage'. Try using Self-healing.

29-01-2024T23:09:35 - [MESSAGE][WARNING] - [SELF-HEALING] The current locator of test object 'Object Repository/katalon demo/Page_CURA Healthcare Service/a_Go to Homepage' was broken. Propose an alternative one: '//a[contains(text(),'Go to Homepage')]'.

29-01-2024T23:09:36 - [MESSAGE][PASSED] - Object: 'Object Repository/katalon demo/Page_CURA Healthcare Service/a_Go to Homepage' is clicked on]]></system-out>
         <system-err><![CDATA[]]></system-err>
      </testcase>
      <testcase name="Test Cases/Katalon Demo/profile katalon demo" time="3.141" classname="Test Cases/Katalon Demo/profile katalon demo" status="PASSED">
         <system-out><![CDATA[29-01-2024T23:09:36 - [TEST_CASE][PASSED] - Test Cases/Katalon Demo/profile katalon demo: Test Cases/Katalon Demo/profile katalon demo

29-01-2024T23:09:36 - [TEST_STEP][PASSED] - click(findTestObject("Object Repository/katalon demo/Page_CURA Healthcare Service/i_fa fa-bars")): Object: 'Object Repository/katalon demo/Page_CURA Healthcare Service/i_fa fa-bars' is clicked on

29-01-2024T23:09:37 - [MESSAGE][PASSED] - Object: 'Object Repository/katalon demo/Page_CURA Healthcare Service/i_fa fa-bars' is clicked on

29-01-2024T23:09:37 - [TEST_STEP][PASSED] - click(findTestObject("Object Repository/katalon demo/Page_CURA Healthcare Service/a_Profile")): Object: 'Object Repository/katalon demo/Page_CURA Healthcare Service/a_Profile' is clicked on

29-01-2024T23:09:38 - [MESSAGE][PASSED] - Object: 'Object Repository/katalon demo/Page_CURA Healthcare Service/a_Profile' is clicked on

29-01-2024T23:09:38 - [TEST_STEP][PASSED] - takeScreenshotAsCheckpoint("profile katalon demo"): Taking screenshot successfully

29-01-2024T23:09:38 - [MESSAGE][INFO] - 0 hidden object(s)

29-01-2024T23:09:38 - [MESSAGE][PASSED] - Taking screenshot successfully
[[ATTACHMENT|keyes\keyes-profile katalon demo.png]]

29-01-2024T23:09:38 - [TEST_STEP][PASSED] - click(findTestObject("Object Repository/katalon demo/Page_CURA Healthcare Service/i_fa fa-bars")): Object: 'Object Repository/katalon demo/Page_CURA Healthcare Service/i_fa fa-bars' is clicked on

29-01-2024T23:09:39 - [MESSAGE][PASSED] - Object: 'Object Repository/katalon demo/Page_CURA Healthcare Service/i_fa fa-bars' is clicked on

29-01-2024T23:09:39 - [TEST_STEP][PASSED] - click(findTestObject("Object Repository/katalon demo/Page_CURA Healthcare Service/a_Home")): Object: 'Object Repository/katalon demo/Page_CURA Healthcare Service/a_Home' is clicked on

29-01-2024T23:09:40 - [MESSAGE][PASSED] - Object: 'Object Repository/katalon demo/Page_CURA Healthcare Service/a_Home' is clicked on]]></system-out>
         <system-err><![CDATA[]]></system-err>
      </testcase>
      <testcase name="Test Cases/Katalon Demo/logout katalon demo" time="2.775" classname="Test Cases/Katalon Demo/logout katalon demo" status="PASSED">
         <system-out><![CDATA[29-01-2024T23:09:40 - [TEST_CASE][PASSED] - Test Cases/Katalon Demo/logout katalon demo: Test Cases/Katalon Demo/logout katalon demo

29-01-2024T23:09:40 - [TEST_STEP][PASSED] - click(findTestObject("Object Repository/katalon demo/Page_CURA Healthcare Service/i_fa fa-bars")): Object: 'Object Repository/katalon demo/Page_CURA Healthcare Service/i_fa fa-bars' is clicked on

29-01-2024T23:09:40 - [MESSAGE][PASSED] - Object: 'Object Repository/katalon demo/Page_CURA Healthcare Service/i_fa fa-bars' is clicked on

29-01-2024T23:09:40 - [TEST_STEP][PASSED] - takeScreenshotAsCheckpoint("logout katalon demo"): Taking screenshot successfully

29-01-2024T23:09:41 - [MESSAGE][INFO] - 0 hidden object(s)

29-01-2024T23:09:41 - [MESSAGE][PASSED] - Taking screenshot successfully
[[ATTACHMENT|keyes\keyes-logout katalon demo.png]]

29-01-2024T23:09:41 - [TEST_STEP][PASSED] - click(findTestObject("Object Repository/katalon demo/Page_CURA Healthcare Service/a_Logout")): Object: 'Object Repository/katalon demo/Page_CURA Healthcare Service/a_Logout' is clicked on

29-01-2024T23:09:42 - [MESSAGE][PASSED] - Object: 'Object Repository/katalon demo/Page_CURA Healthcare Service/a_Logout' is clicked on

29-01-2024T23:09:42 - [TEST_STEP][PASSED] - closeBrowser(): Browser is closed

29-01-2024T23:09:42 - [MESSAGE][PASSED] - Browser is closed]]></system-out>
         <system-err><![CDATA[]]></system-err>
      </testcase>
      <testcase name="Test Cases/Katalon Demo/negatif login katalon demo" time="14.94" classname="Test Cases/Katalon Demo/negatif login katalon demo" status="PASSED">
         <system-out><![CDATA[29-01-2024T23:09:42 - [TEST_CASE][PASSED] - Test Cases/Katalon Demo/negatif login katalon demo: Test Cases/Katalon Demo/negatif login katalon demo

29-01-2024T23:09:43 - [TEST_STEP][PASSED] - openBrowser(""): Browser is opened with url: ''

29-01-2024T23:09:43 - [MESSAGE][INFO] - Starting 'Chrome' driver

29-01-2024T23:09:43 - [MESSAGE][INFO] - Action delay is set to 0 milliseconds

29-01-2024T23:09:44 - [MESSAGE][PASSED] - Browser is opened with url: ''

29-01-2024T23:09:44 - [TEST_STEP][PASSED] - navigateToUrl("https://katalon-demo-cura.herokuapp.com/"): Navigate to 'https://katalon-demo-cura.herokuapp.com/' successfully

29-01-2024T23:09:47 - [MESSAGE][PASSED] - Navigate to 'https://katalon-demo-cura.herokuapp.com/' successfully

29-01-2024T23:09:47 - [TEST_STEP][PASSED] - click(findTestObject("Object Repository/katalon demo/Page_CURA Healthcare Service/amenu-toggle")): Object: 'Object Repository/katalon demo/Page_CURA Healthcare Service/amenu-toggle' is clicked on

29-01-2024T23:09:48 - [MESSAGE][PASSED] - Object: 'Object Repository/katalon demo/Page_CURA Healthcare Service/amenu-toggle' is clicked on

29-01-2024T23:09:48 - [TEST_STEP][PASSED] - click(findTestObject("Object Repository/katalon demo/Page_CURA Healthcare Service/a_Login")): Object: 'Object Repository/katalon demo/Page_CURA Healthcare Service/a_Login' is clicked on

29-01-2024T23:09:49 - [MESSAGE][PASSED] - Object: 'Object Repository/katalon demo/Page_CURA Healthcare Service/a_Login' is clicked on

29-01-2024T23:09:49 - [TEST_STEP][PASSED] - setText(findTestObject("Object Repository/katalon demo/Page_CURA Healthcare Service/input_username"), username1): Text 'aaaaa' is set on object 'Object Repository/katalon demo/Page_CURA Healthcare Service/input_username'

29-01-2024T23:09:49 - [MESSAGE][PASSED] - Text 'aaaaa' is set on object 'Object Repository/katalon demo/Page_CURA Healthcare Service/input_username'

29-01-2024T23:09:49 - [TEST_STEP][PASSED] - setText(findTestObject("Object Repository/katalon demo/Page_CURA Healthcare Service/input_password"), password1): Text 'aaaaaaaa' is set on object 'Object Repository/katalon demo/Page_CURA Healthcare Service/input_password'

29-01-2024T23:09:50 - [MESSAGE][PASSED] - Text 'aaaaaaaa' is set on object 'Object Repository/katalon demo/Page_CURA Healthcare Service/input_password'

29-01-2024T23:09:50 - [TEST_STEP][PASSED] - click(findTestObject("katalon demo/Page_CURA Healthcare Service/button_Login")): Object: 'Object Repository/katalon demo/Page_CURA Healthcare Service/button_Login' is clicked on

29-01-2024T23:09:51 - [MESSAGE][PASSED] - Object: 'Object Repository/katalon demo/Page_CURA Healthcare Service/button_Login' is clicked on

29-01-2024T23:09:51 - [TEST_STEP][PASSED] - verifyTextPresent("Login failed!", false): Text 'Login failed!' is present on page 

29-01-2024T23:09:51 - [MESSAGE][PASSED] - Text 'Login failed!' is present on page 

29-01-2024T23:09:51 - [TEST_STEP][PASSED] - takeScreenshotAsCheckpoint("negatif 1 login katalon demo"): Taking screenshot successfully

29-01-2024T23:09:52 - [MESSAGE][INFO] - 0 hidden object(s)

29-01-2024T23:09:52 - [MESSAGE][PASSED] - Taking screenshot successfully
[[ATTACHMENT|keyes\keyes-negatif 1 login katalon demo.png]]

29-01-2024T23:09:52 - [TEST_STEP][PASSED] - click(findTestObject("Object Repository/katalon demo/Page_CURA Healthcare Service/button_Login")): Object: 'Object Repository/katalon demo/Page_CURA Healthcare Service/button_Login' is clicked on

29-01-2024T23:09:53 - [MESSAGE][PASSED] - Object: 'Object Repository/katalon demo/Page_CURA Healthcare Service/button_Login' is clicked on

29-01-2024T23:09:53 - [TEST_STEP][PASSED] - setText(findTestObject("katalon demo/Page_CURA Healthcare Service/input_username"), username2): Text 'bbbbb' is set on object 'Object Repository/katalon demo/Page_CURA Healthcare Service/input_username'

29-01-2024T23:09:54 - [MESSAGE][PASSED] - Text 'bbbbb' is set on object 'Object Repository/katalon demo/Page_CURA Healthcare Service/input_username'

29-01-2024T23:09:54 - [TEST_STEP][PASSED] - setText(findTestObject("katalon demo/Page_CURA Healthcare Service/input_password"), password2): Text 'bbbbbbbb' is set on object 'Object Repository/katalon demo/Page_CURA Healthcare Service/input_password'

29-01-2024T23:09:54 - [MESSAGE][PASSED] - Text 'bbbbbbbb' is set on object 'Object Repository/katalon demo/Page_CURA Healthcare Service/input_password'

29-01-2024T23:09:54 - [TEST_STEP][PASSED] - click(findTestObject("katalon demo/Page_CURA Healthcare Service/button_Login")): Object: 'Object Repository/katalon demo/Page_CURA Healthcare Service/button_Login' is clicked on

29-01-2024T23:09:56 - [MESSAGE][PASSED] - Object: 'Object Repository/katalon demo/Page_CURA Healthcare Service/button_Login' is clicked on

29-01-2024T23:09:56 - [TEST_STEP][PASSED] - verifyTextPresent("Login failed!", false): Text 'Login failed!' is present on page 

29-01-2024T23:09:57 - [MESSAGE][PASSED] - Text 'Login failed!' is present on page 

29-01-2024T23:09:57 - [TEST_STEP][PASSED] - takeScreenshotAsCheckpoint("negatif 2 login katalon demo"): Taking screenshot successfully

29-01-2024T23:09:57 - [MESSAGE][INFO] - 0 hidden object(s)

29-01-2024T23:09:57 - [MESSAGE][PASSED] - Taking screenshot successfully
[[ATTACHMENT|keyes\keyes-negatif 2 login katalon demo.png]]]]></system-out>
         <system-err><![CDATA[]]></system-err>
      </testcase>
      <system-out><![CDATA[29-01-2024T23:07:39 - [TEST_SUITE][PASSED] - katalon demo: Test Cases/Katalon Demo/negatif login katalon demo]]></system-out>
      <system-err><![CDATA[]]></system-err>
   </testsuite>
</testsuites>
