<?xml version="1.0" encoding="UTF-8"?>
<testsuites name="katalon demo" time="116.229" tests="3" failures="0" errors="0">
   <testsuite name="katalon demo" tests="3" failures="0" errors="0" time="116.229" skipped="0" timestamp="23-01-2024T14:26:53" hostname="0517 - Pierrot" id="Test Suites/katalon demo">
      <properties>
         <property name="deviceName" value=""/>
         <property name="devicePlatform" value=""/>
         <property name="logFolder" value="C:\\Users\\0517\\Katalon Studio\\poc bni\\Reports\\20240123_142643\\katalon demo\\20240123_142643"/>
         <property name="logFiles" value="C:\\Users\\0517\\Katalon Studio\\poc bni\\Reports\\20240123_142643\\katalon demo\\20240123_142643\\execution0.log"/>
         <property name="attachments" value=""/>
         <property name="hostName" value="0517 - Pierrot"/>
         <property name="os" value="Windows 10 64bit"/>
         <property name="katalonVersion" value="9.2.0.212"/>
         <property name="browser" value="Chrome 120.0.0.0"/>
         <property name="hostAddress" value="192.168.56.1"/>
         <property name="sessionId" value="8c7ce4017fa07ecf49da1fdd515ccca4"/>
         <property name="seleniumVersion" value="3.141.59"/>
         <property name="proxyInformation" value="ProxyInformation { proxyOption=NO_PROXY, proxyServerType=HTTP, username=, password=********, proxyServerAddress=, proxyServerPort=0, executionList=&quot;&quot;, isApplyToDesiredCapabilities=true }"/>
         <property name="platform" value="Windows 10"/>
      </properties>
      <testcase name="Test Cases/Katalon Demo/login katalon demo" time="16.391" classname="Test Cases/Katalon Demo/login katalon demo" status="PASSED">
         <system-out><![CDATA[23-01-2024T14:26:54 - [TEST_CASE][PASSED] - Test Cases/Katalon Demo/login katalon demo: Test Cases/Katalon Demo/login katalon demo

23-01-2024T14:26:54 - [TEST_STEP][PASSED] - openBrowser(""): Browser is opened with url: ''

23-01-2024T14:26:55 - [MESSAGE][INFO] - Starting 'Chrome' driver

23-01-2024T14:26:55 - [MESSAGE][INFO] - Action delay is set to 0 milliseconds

23-01-2024T14:26:57 - [MESSAGE][PASSED] - Browser is opened with url: ''

23-01-2024T14:26:57 - [TEST_STEP][PASSED] - navigateToUrl("https://katalon-demo-cura.herokuapp.com/"): Navigate to 'https://katalon-demo-cura.herokuapp.com/' successfully

23-01-2024T14:27:06 - [MESSAGE][PASSED] - Navigate to 'https://katalon-demo-cura.herokuapp.com/' successfully

23-01-2024T14:27:06 - [TEST_STEP][PASSED] - click(findTestObject("Object Repository/katalon demo/Page_CURA Healthcare Service/amenu-toggle")): Object: 'Object Repository/katalon demo/Page_CURA Healthcare Service/amenu-toggle' is clicked on

23-01-2024T14:27:07 - [MESSAGE][PASSED] - Object: 'Object Repository/katalon demo/Page_CURA Healthcare Service/amenu-toggle' is clicked on

23-01-2024T14:27:07 - [TEST_STEP][PASSED] - click(findTestObject("Object Repository/katalon demo/Page_CURA Healthcare Service/a_Login")): Object: 'Object Repository/katalon demo/Page_CURA Healthcare Service/a_Login' is clicked on

23-01-2024T14:27:08 - [MESSAGE][PASSED] - Object: 'Object Repository/katalon demo/Page_CURA Healthcare Service/a_Login' is clicked on

23-01-2024T14:27:08 - [TEST_STEP][PASSED] - setText(findTestObject("Object Repository/katalon demo/Page_CURA Healthcare Service/input_username"), "John Doe"): Text 'John Doe' is set on object 'Object Repository/katalon demo/Page_CURA Healthcare Service/input_username'

23-01-2024T14:27:09 - [MESSAGE][PASSED] - Text 'John Doe' is set on object 'Object Repository/katalon demo/Page_CURA Healthcare Service/input_username'

23-01-2024T14:27:09 - [TEST_STEP][PASSED] - setEncryptedText(findTestObject("Object Repository/katalon demo/Page_CURA Healthcare Service/input_password"), "g3/DOGG74jC3Flrr3yH+3D/yKbOqqUNM"): Text ****** has been set on object 'Object Repository/katalon demo/Page_CURA Healthcare Service/input_password'

23-01-2024T14:27:09 - [MESSAGE][PASSED] - Text ****** has been set on object 'Object Repository/katalon demo/Page_CURA Healthcare Service/input_password'

23-01-2024T14:27:09 - [TEST_STEP][PASSED] - click(findTestObject("Object Repository/katalon demo/Page_CURA Healthcare Service/button_Login")): Object: 'Object Repository/katalon demo/Page_CURA Healthcare Service/button_Login' is clicked on

23-01-2024T14:27:10 - [MESSAGE][PASSED] - Object: 'Object Repository/katalon demo/Page_CURA Healthcare Service/button_Login' is clicked on]]></system-out>
         <system-err><![CDATA[]]></system-err>
      </testcase>
      <testcase name="Test Cases/Katalon Demo/make appointment katalon demo" time="63.435" classname="Test Cases/Katalon Demo/make appointment katalon demo" status="PASSED">
         <system-out><![CDATA[23-01-2024T14:27:10 - [TEST_CASE][PASSED] - Test Cases/Katalon Demo/make appointment katalon demo: Test Cases/Katalon Demo/make appointment katalon demo

23-01-2024T14:27:11 - [TEST_STEP][PASSED] - selectOptionByValue(findTestObject("Object Repository/katalon demo/Page_CURA Healthcare Service/select_Tokyo CURA Healthcare Center                            Hongkong CURA Healthcare Center                            Seoul CURA Healthcare Center"), "Hongkong CURA Healthcare Center", true): All options with value 'Hongkong CURA Healthcare Center' are selected in object 'Object Repository/katalon demo/Page_CURA Healthcare Service/select_Tokyo CURA Healthcare Center                            Hongkong CURA Healthcare Center                            Seoul CURA Healthcare Center'  using regular expression

23-01-2024T14:27:12 - [MESSAGE][PASSED] - All options with value 'Hongkong CURA Healthcare Center' are selected in object 'Object Repository/katalon demo/Page_CURA Healthcare Service/select_Tokyo CURA Healthcare Center                            Hongkong CURA Healthcare Center                            Seoul CURA Healthcare Center'  using regular expression

23-01-2024T14:27:12 - [TEST_STEP][PASSED] - click(findTestObject("Object Repository/katalon demo/Page_CURA Healthcare Service/label_Apply for hospital readmission")): Object: 'Object Repository/katalon demo/Page_CURA Healthcare Service/label_Apply for hospital readmission' is clicked on

23-01-2024T14:27:12 - [MESSAGE][PASSED] - Object: 'Object Repository/katalon demo/Page_CURA Healthcare Service/label_Apply for hospital readmission' is clicked on

23-01-2024T14:27:12 - [TEST_STEP][PASSED] - click(findTestObject("Object Repository/katalon demo/Page_CURA Healthcare Service/input_programs")): Object: 'Object Repository/katalon demo/Page_CURA Healthcare Service/input_programs' is clicked on

23-01-2024T14:27:12 - [MESSAGE][PASSED] - Object: 'Object Repository/katalon demo/Page_CURA Healthcare Service/input_programs' is clicked on

23-01-2024T14:27:12 - [TEST_STEP][PASSED] - click(findTestObject("Object Repository/katalon demo/Page_CURA Healthcare Service/span_glyphicon glyphicon-calendar")): Object: 'Object Repository/katalon demo/Page_CURA Healthcare Service/span_glyphicon glyphicon-calendar' is clicked on

23-01-2024T14:27:13 - [MESSAGE][PASSED] - Object: 'Object Repository/katalon demo/Page_CURA Healthcare Service/span_glyphicon glyphicon-calendar' is clicked on

23-01-2024T14:27:13 - [TEST_STEP][PASSED] - click(findTestObject("Object Repository/katalon demo/Page_CURA Healthcare Service/td_31")): Object: 'Object Repository/katalon demo/Page_CURA Healthcare Service/td_31' is clicked on

23-01-2024T14:27:13 - [MESSAGE][PASSED] - Object: 'Object Repository/katalon demo/Page_CURA Healthcare Service/td_31' is clicked on

23-01-2024T14:27:13 - [TEST_STEP][PASSED] - setText(findTestObject("Object Repository/katalon demo/Page_CURA Healthcare Service/textarea_comment"), "tes katalon demo"): Text 'tes katalon demo' is set on object 'Object Repository/katalon demo/Page_CURA Healthcare Service/textarea_comment'

23-01-2024T14:27:14 - [MESSAGE][PASSED] - Text 'tes katalon demo' is set on object 'Object Repository/katalon demo/Page_CURA Healthcare Service/textarea_comment'

23-01-2024T14:27:14 - [TEST_STEP][PASSED] - click(findTestObject("Object Repository/katalon demo/Page_CURA Healthcare Service/button_Book Appointment")): Object: 'Object Repository/katalon demo/Page_CURA Healthcare Service/button_Book Appointment' is clicked on

23-01-2024T14:28:12 - [MESSAGE][PASSED] - Object: 'Object Repository/katalon demo/Page_CURA Healthcare Service/button_Book Appointment' is clicked on

23-01-2024T14:28:12 - [TEST_STEP][PASSED] - verifyTextPresent("Appointment Confirmation", false): Text 'Appointment Confirmation' is present on page 

23-01-2024T14:28:13 - [MESSAGE][PASSED] - Text 'Appointment Confirmation' is present on page 

23-01-2024T14:28:13 - [TEST_STEP][PASSED] - click(findTestObject("katalon demo/Page_CURA Healthcare Service/a_Go to Homepage")): Object: 'Object Repository/katalon demo/Page_CURA Healthcare Service/a_Go to Homepage' is clicked on

23-01-2024T14:28:14 - [MESSAGE][PASSED] - Object: 'Object Repository/katalon demo/Page_CURA Healthcare Service/a_Go to Homepage' is clicked on]]></system-out>
         <system-err><![CDATA[]]></system-err>
      </testcase>
      <testcase name="Test Cases/Katalon Demo/history katalon demo" time="36.062" classname="Test Cases/Katalon Demo/history katalon demo" status="PASSED">
         <system-out><![CDATA[23-01-2024T14:28:14 - [TEST_CASE][PASSED] - Test Cases/Katalon Demo/history katalon demo: Test Cases/Katalon Demo/history katalon demo

23-01-2024T14:28:14 - [TEST_STEP][PASSED] - click(findTestObject("Object Repository/katalon demo/Page_CURA Healthcare Service/amenu-toggle")): Object: 'Object Repository/katalon demo/Page_CURA Healthcare Service/amenu-toggle' is clicked on

23-01-2024T14:28:14 - [MESSAGE][PASSED] - Object: 'Object Repository/katalon demo/Page_CURA Healthcare Service/amenu-toggle' is clicked on

23-01-2024T14:28:14 - [TEST_STEP][PASSED] - click(findTestObject("Object Repository/katalon demo/Page_CURA Healthcare Service/a_History")): Object: 'Object Repository/katalon demo/Page_CURA Healthcare Service/a_History' is clicked on

23-01-2024T14:28:15 - [MESSAGE][PASSED] - Object: 'Object Repository/katalon demo/Page_CURA Healthcare Service/a_History' is clicked on

23-01-2024T14:28:15 - [TEST_STEP][PASSED] - click(findTestObject("Object Repository/katalon demo/Page_CURA Healthcare Service/a_Go to Homepage")): Object: 'Object Repository/katalon demo/Page_CURA Healthcare Service/a_Go to Homepage' is clicked on

23-01-2024T14:28:47 - [MESSAGE][INFO] - Unable to find the element located by 'By.xpath: //section[@id='summary']/div/div/div[7]/p/a'. Please recheck the objects properties to make sure the desired element is located. 

23-01-2024T14:28:47 - [MESSAGE][WARNING] - [SELF-HEALING] Failed to find element with id 'Object Repository/katalon demo/Page_CURA Healthcare Service/a_Go to Homepage'. Try using Self-healing.

23-01-2024T14:28:49 - [MESSAGE][WARNING] - [SELF-HEALING] The current locator of test object 'Object Repository/katalon demo/Page_CURA Healthcare Service/a_Go to Homepage' was broken. Propose an alternative one: '//a[contains(text(),'Go to Homepage')]'.

23-01-2024T14:28:50 - [MESSAGE][PASSED] - Object: 'Object Repository/katalon demo/Page_CURA Healthcare Service/a_Go to Homepage' is clicked on]]></system-out>
         <system-err><![CDATA[]]></system-err>
      </testcase>
      <system-out><![CDATA[23-01-2024T14:26:53 - [TEST_SUITE][PASSED] - katalon demo: Test Cases/Katalon Demo/history katalon demo]]></system-out>
      <system-err><![CDATA[]]></system-err>
   </testsuite>
</testsuites>
