<?xml version="1.0" encoding="UTF-8"?>
<testsuites name="katalon demo" time="116.62" tests="8" failures="0" errors="0">
   <testsuite name="katalon demo" tests="8" failures="0" errors="0" time="116.62" skipped="0" timestamp="25-01-2024T10:03:46" hostname="0517 - Pierrot" id="Test Suites/katalon demo">
      <properties>
         <property name="deviceName" value=""/>
         <property name="devicePlatform" value=""/>
         <property name="logFolder" value="C:\\Users\\0517\\Katalon Studio\\poc bni\\Reports\\20240125_100244\\katalon demo\\20240125_100303"/>
         <property name="logFiles" value="C:\\Users\\0517\\Katalon Studio\\poc bni\\Reports\\20240125_100244\\katalon demo\\20240125_100303\\execution0.log"/>
         <property name="attachments" value=""/>
         <property name="hostName" value="0517 - Pierrot"/>
         <property name="os" value="Windows 10 64bit"/>
         <property name="katalonVersion" value="9.2.0.212"/>
         <property name="browser" value="Chrome 120.0.0.0"/>
         <property name="hostAddress" value="192.168.56.1"/>
         <property name="sessionId" value="68f85cdfa0d47181cf12eedc2101594a"/>
         <property name="seleniumVersion" value="3.141.59"/>
         <property name="proxyInformation" value="ProxyInformation { proxyOption=NO_PROXY, proxyServerType=HTTP, username=, password=********, proxyServerAddress=, proxyServerPort=0, executionList=&quot;&quot;, isApplyToDesiredCapabilities=true }"/>
         <property name="platform" value="Windows 10"/>
      </properties>
      <testcase name="Test Cases/Katalon Demo/login katalon demo" time="12.815" classname="Test Cases/Katalon Demo/login katalon demo" status="PASSED">
         <system-out><![CDATA[25-01-2024T10:03:46 - [TEST_CASE][PASSED] - Test Cases/Katalon Demo/login katalon demo: Test Cases/Katalon Demo/login katalon demo

25-01-2024T10:03:47 - [TEST_STEP][PASSED] - openBrowser(""): Browser is opened with url: ''

25-01-2024T10:03:48 - [MESSAGE][INFO] - Starting 'Chrome' driver

25-01-2024T10:03:48 - [MESSAGE][INFO] - Action delay is set to 0 milliseconds

25-01-2024T10:03:50 - [MESSAGE][PASSED] - Browser is opened with url: ''

25-01-2024T10:03:50 - [TEST_STEP][PASSED] - navigateToUrl("https://katalon-demo-cura.herokuapp.com/"): Navigate to 'https://katalon-demo-cura.herokuapp.com/' successfully

25-01-2024T10:03:54 - [MESSAGE][PASSED] - Navigate to 'https://katalon-demo-cura.herokuapp.com/' successfully

25-01-2024T10:03:54 - [TEST_STEP][PASSED] - click(findTestObject("Object Repository/katalon demo/Page_CURA Healthcare Service/amenu-toggle")): Object: 'Object Repository/katalon demo/Page_CURA Healthcare Service/amenu-toggle' is clicked on

25-01-2024T10:03:55 - [MESSAGE][PASSED] - Object: 'Object Repository/katalon demo/Page_CURA Healthcare Service/amenu-toggle' is clicked on

25-01-2024T10:03:55 - [TEST_STEP][PASSED] - click(findTestObject("Object Repository/katalon demo/Page_CURA Healthcare Service/a_Login")): Object: 'Object Repository/katalon demo/Page_CURA Healthcare Service/a_Login' is clicked on

25-01-2024T10:03:56 - [MESSAGE][PASSED] - Object: 'Object Repository/katalon demo/Page_CURA Healthcare Service/a_Login' is clicked on

25-01-2024T10:03:56 - [TEST_STEP][PASSED] - setText(findTestObject("Object Repository/katalon demo/Page_CURA Healthcare Service/input_username"), "John Doe"): Text 'John Doe' is set on object 'Object Repository/katalon demo/Page_CURA Healthcare Service/input_username'

25-01-2024T10:03:57 - [MESSAGE][PASSED] - Text 'John Doe' is set on object 'Object Repository/katalon demo/Page_CURA Healthcare Service/input_username'

25-01-2024T10:03:57 - [TEST_STEP][PASSED] - setEncryptedText(findTestObject("Object Repository/katalon demo/Page_CURA Healthcare Service/input_password"), "g3/DOGG74jC3Flrr3yH+3D/yKbOqqUNM"): Text ****** has been set on object 'Object Repository/katalon demo/Page_CURA Healthcare Service/input_password'

25-01-2024T10:03:57 - [MESSAGE][PASSED] - Text ****** has been set on object 'Object Repository/katalon demo/Page_CURA Healthcare Service/input_password'

25-01-2024T10:03:57 - [TEST_STEP][PASSED] - click(findTestObject("Object Repository/katalon demo/Page_CURA Healthcare Service/button_Login")): Object: 'Object Repository/katalon demo/Page_CURA Healthcare Service/button_Login' is clicked on

25-01-2024T10:03:59 - [MESSAGE][PASSED] - Object: 'Object Repository/katalon demo/Page_CURA Healthcare Service/button_Login' is clicked on]]></system-out>
         <system-err><![CDATA[]]></system-err>
      </testcase>
      <testcase name="Test Cases/Katalon Demo/make appointment katalon demo" time="7.487" classname="Test Cases/Katalon Demo/make appointment katalon demo" status="PASSED">
         <system-out><![CDATA[25-01-2024T10:03:59 - [TEST_CASE][PASSED] - Test Cases/Katalon Demo/make appointment katalon demo: Test Cases/Katalon Demo/make appointment katalon demo

25-01-2024T10:04:00 - [TEST_STEP][PASSED] - selectOptionByValue(findTestObject("Object Repository/katalon demo/Page_CURA Healthcare Service/select_Tokyo"), "Hongkong CURA Healthcare Center", true): All options with value 'Hongkong CURA Healthcare Center' are selected in object 'Object Repository/katalon demo/Page_CURA Healthcare Service/select_Tokyo'  using regular expression

25-01-2024T10:04:01 - [MESSAGE][PASSED] - All options with value 'Hongkong CURA Healthcare Center' are selected in object 'Object Repository/katalon demo/Page_CURA Healthcare Service/select_Tokyo'  using regular expression

25-01-2024T10:04:01 - [TEST_STEP][PASSED] - click(findTestObject("Object Repository/katalon demo/Page_CURA Healthcare Service/label_Apply for hospital readmission")): Object: 'Object Repository/katalon demo/Page_CURA Healthcare Service/label_Apply for hospital readmission' is clicked on

25-01-2024T10:04:02 - [MESSAGE][PASSED] - Object: 'Object Repository/katalon demo/Page_CURA Healthcare Service/label_Apply for hospital readmission' is clicked on

25-01-2024T10:04:02 - [TEST_STEP][PASSED] - click(findTestObject("Object Repository/katalon demo/Page_CURA Healthcare Service/input_programs")): Object: 'Object Repository/katalon demo/Page_CURA Healthcare Service/input_programs' is clicked on

25-01-2024T10:04:02 - [MESSAGE][PASSED] - Object: 'Object Repository/katalon demo/Page_CURA Healthcare Service/input_programs' is clicked on

25-01-2024T10:04:02 - [TEST_STEP][PASSED] - click(findTestObject("Object Repository/katalon demo/Page_CURA Healthcare Service/span_glyphicon glyphicon-calendar")): Object: 'Object Repository/katalon demo/Page_CURA Healthcare Service/span_glyphicon glyphicon-calendar' is clicked on

25-01-2024T10:04:03 - [MESSAGE][PASSED] - Object: 'Object Repository/katalon demo/Page_CURA Healthcare Service/span_glyphicon glyphicon-calendar' is clicked on

25-01-2024T10:04:03 - [TEST_STEP][PASSED] - click(findTestObject("Object Repository/katalon demo/Page_CURA Healthcare Service/td_31")): Object: 'Object Repository/katalon demo/Page_CURA Healthcare Service/td_31' is clicked on

25-01-2024T10:04:03 - [MESSAGE][PASSED] - Object: 'Object Repository/katalon demo/Page_CURA Healthcare Service/td_31' is clicked on

25-01-2024T10:04:03 - [TEST_STEP][PASSED] - setText(findTestObject("Object Repository/katalon demo/Page_CURA Healthcare Service/textarea_comment"), "tes katalon demo"): Text 'tes katalon demo' is set on object 'Object Repository/katalon demo/Page_CURA Healthcare Service/textarea_comment'

25-01-2024T10:04:04 - [MESSAGE][PASSED] - Text 'tes katalon demo' is set on object 'Object Repository/katalon demo/Page_CURA Healthcare Service/textarea_comment'

25-01-2024T10:04:04 - [TEST_STEP][PASSED] - click(findTestObject("Object Repository/katalon demo/Page_CURA Healthcare Service/button_Book Appointment")): Object: 'Object Repository/katalon demo/Page_CURA Healthcare Service/button_Book Appointment' is clicked on

25-01-2024T10:04:05 - [MESSAGE][PASSED] - Object: 'Object Repository/katalon demo/Page_CURA Healthcare Service/button_Book Appointment' is clicked on

25-01-2024T10:04:05 - [TEST_STEP][PASSED] - verifyTextPresent("Appointment Confirmation", false): Text 'Appointment Confirmation' is present on page 

25-01-2024T10:04:06 - [MESSAGE][PASSED] - Text 'Appointment Confirmation' is present on page 

25-01-2024T10:04:06 - [TEST_STEP][PASSED] - click(findTestObject("Object Repository/katalon demo/Page_CURA Healthcare Service/a_Go to Homepage")): Object: 'Object Repository/katalon demo/Page_CURA Healthcare Service/a_Go to Homepage' is clicked on

25-01-2024T10:04:07 - [MESSAGE][PASSED] - Object: 'Object Repository/katalon demo/Page_CURA Healthcare Service/a_Go to Homepage' is clicked on]]></system-out>
         <system-err><![CDATA[]]></system-err>
      </testcase>
      <testcase name="Test Cases/Katalon Demo/make appointment katalon demo 1" time="6.106" classname="Test Cases/Katalon Demo/make appointment katalon demo 1" status="PASSED">
         <system-out><![CDATA[25-01-2024T10:04:07 - [TEST_CASE][PASSED] - Test Cases/Katalon Demo/make appointment katalon demo 1: Test Cases/Katalon Demo/make appointment katalon demo 1

25-01-2024T10:04:07 - [TEST_STEP][PASSED] - selectOptionByValue(findTestObject("Object Repository/katalon demo/Page_CURA Healthcare Service/select_Tokyo"), "Seoul CURA Healthcare Center", true): All options with value 'Seoul CURA Healthcare Center' are selected in object 'Object Repository/katalon demo/Page_CURA Healthcare Service/select_Tokyo'  using regular expression

25-01-2024T10:04:08 - [MESSAGE][PASSED] - All options with value 'Seoul CURA Healthcare Center' are selected in object 'Object Repository/katalon demo/Page_CURA Healthcare Service/select_Tokyo'  using regular expression

25-01-2024T10:04:08 - [TEST_STEP][PASSED] - click(findTestObject("Object Repository/katalon demo/Page_CURA Healthcare Service/input_hospital_readmission")): Object: 'Object Repository/katalon demo/Page_CURA Healthcare Service/input_hospital_readmission' is clicked on

25-01-2024T10:04:09 - [MESSAGE][PASSED] - Object: 'Object Repository/katalon demo/Page_CURA Healthcare Service/input_hospital_readmission' is clicked on

25-01-2024T10:04:09 - [TEST_STEP][PASSED] - click(findTestObject("Object Repository/katalon demo/Page_CURA Healthcare Service/input_programs")): Object: 'Object Repository/katalon demo/Page_CURA Healthcare Service/input_programs' is clicked on

25-01-2024T10:04:09 - [MESSAGE][PASSED] - Object: 'Object Repository/katalon demo/Page_CURA Healthcare Service/input_programs' is clicked on

25-01-2024T10:04:09 - [TEST_STEP][PASSED] - click(findTestObject("Object Repository/katalon demo/Page_CURA Healthcare Service/span_glyphicon glyphicon-calendar")): Object: 'Object Repository/katalon demo/Page_CURA Healthcare Service/span_glyphicon glyphicon-calendar' is clicked on

25-01-2024T10:04:09 - [MESSAGE][PASSED] - Object: 'Object Repository/katalon demo/Page_CURA Healthcare Service/span_glyphicon glyphicon-calendar' is clicked on

25-01-2024T10:04:09 - [TEST_STEP][PASSED] - click(findTestObject("Object Repository/katalon demo/Page_CURA Healthcare Service/td_30")): Object: 'Object Repository/katalon demo/Page_CURA Healthcare Service/td_30' is clicked on

25-01-2024T10:04:10 - [MESSAGE][PASSED] - Object: 'Object Repository/katalon demo/Page_CURA Healthcare Service/td_30' is clicked on

25-01-2024T10:04:10 - [TEST_STEP][PASSED] - setText(findTestObject("Object Repository/katalon demo/Page_CURA Healthcare Service/textarea_comment"), "tes katalon"): Text 'tes katalon' is set on object 'Object Repository/katalon demo/Page_CURA Healthcare Service/textarea_comment'

25-01-2024T10:04:11 - [MESSAGE][PASSED] - Text 'tes katalon' is set on object 'Object Repository/katalon demo/Page_CURA Healthcare Service/textarea_comment'

25-01-2024T10:04:11 - [TEST_STEP][PASSED] - click(findTestObject("Object Repository/katalon demo/Page_CURA Healthcare Service/button_Book Appointment")): Object: 'Object Repository/katalon demo/Page_CURA Healthcare Service/button_Book Appointment' is clicked on

25-01-2024T10:04:11 - [MESSAGE][PASSED] - Object: 'Object Repository/katalon demo/Page_CURA Healthcare Service/button_Book Appointment' is clicked on

25-01-2024T10:04:11 - [TEST_STEP][PASSED] - verifyTextPresent("Appointment Confirmation", false): Text 'Appointment Confirmation' is present on page 

25-01-2024T10:04:12 - [MESSAGE][PASSED] - Text 'Appointment Confirmation' is present on page 

25-01-2024T10:04:12 - [TEST_STEP][PASSED] - click(findTestObject("Object Repository/katalon demo/Page_CURA Healthcare Service/a_Go to Homepage")): Object: 'Object Repository/katalon demo/Page_CURA Healthcare Service/a_Go to Homepage' is clicked on

25-01-2024T10:04:13 - [MESSAGE][PASSED] - Object: 'Object Repository/katalon demo/Page_CURA Healthcare Service/a_Go to Homepage' is clicked on]]></system-out>
         <system-err><![CDATA[]]></system-err>
      </testcase>
      <testcase name="Test Cases/Katalon Demo/make appointment katalon demo 2" time="5.323" classname="Test Cases/Katalon Demo/make appointment katalon demo 2" status="PASSED">
         <system-out><![CDATA[25-01-2024T10:04:13 - [TEST_CASE][PASSED] - Test Cases/Katalon Demo/make appointment katalon demo 2: Test Cases/Katalon Demo/make appointment katalon demo 2

25-01-2024T10:04:13 - [TEST_STEP][PASSED] - click(findTestObject("Object Repository/katalon demo/Page_CURA Healthcare Service/label_Apply for hospital readmission")): Object: 'Object Repository/katalon demo/Page_CURA Healthcare Service/label_Apply for hospital readmission' is clicked on

25-01-2024T10:04:13 - [MESSAGE][PASSED] - Object: 'Object Repository/katalon demo/Page_CURA Healthcare Service/label_Apply for hospital readmission' is clicked on

25-01-2024T10:04:13 - [TEST_STEP][PASSED] - click(findTestObject("Object Repository/katalon demo/Page_CURA Healthcare Service/input_programs")): Object: 'Object Repository/katalon demo/Page_CURA Healthcare Service/input_programs' is clicked on

25-01-2024T10:04:14 - [MESSAGE][PASSED] - Object: 'Object Repository/katalon demo/Page_CURA Healthcare Service/input_programs' is clicked on

25-01-2024T10:04:14 - [TEST_STEP][PASSED] - click(findTestObject("Object Repository/katalon demo/Page_CURA Healthcare Service/input_visit_date")): Object: 'Object Repository/katalon demo/Page_CURA Healthcare Service/input_visit_date' is clicked on

25-01-2024T10:04:14 - [MESSAGE][PASSED] - Object: 'Object Repository/katalon demo/Page_CURA Healthcare Service/input_visit_date' is clicked on

25-01-2024T10:04:14 - [TEST_STEP][PASSED] - click(findTestObject("Object Repository/katalon demo/Page_CURA Healthcare Service/th_")): Object: 'Object Repository/katalon demo/Page_CURA Healthcare Service/th_' is clicked on

25-01-2024T10:04:15 - [MESSAGE][PASSED] - Object: 'Object Repository/katalon demo/Page_CURA Healthcare Service/th_' is clicked on

25-01-2024T10:04:15 - [TEST_STEP][PASSED] - click(findTestObject("Object Repository/katalon demo/Page_CURA Healthcare Service/td_28")): Object: 'Object Repository/katalon demo/Page_CURA Healthcare Service/td_28' is clicked on

25-01-2024T10:04:15 - [MESSAGE][PASSED] - Object: 'Object Repository/katalon demo/Page_CURA Healthcare Service/td_28' is clicked on

25-01-2024T10:04:15 - [TEST_STEP][PASSED] - setText(findTestObject("Object Repository/katalon demo/Page_CURA Healthcare Service/textarea_comment"), "tes katalon"): Text 'tes katalon' is set on object 'Object Repository/katalon demo/Page_CURA Healthcare Service/textarea_comment'

25-01-2024T10:04:16 - [MESSAGE][PASSED] - Text 'tes katalon' is set on object 'Object Repository/katalon demo/Page_CURA Healthcare Service/textarea_comment'

25-01-2024T10:04:16 - [TEST_STEP][PASSED] - click(findTestObject("Object Repository/katalon demo/Page_CURA Healthcare Service/button_Book Appointment")): Object: 'Object Repository/katalon demo/Page_CURA Healthcare Service/button_Book Appointment' is clicked on

25-01-2024T10:04:17 - [MESSAGE][PASSED] - Object: 'Object Repository/katalon demo/Page_CURA Healthcare Service/button_Book Appointment' is clicked on

25-01-2024T10:04:17 - [TEST_STEP][PASSED] - verifyTextPresent("Appointment Confirmation", false): Text 'Appointment Confirmation' is present on page 

25-01-2024T10:04:17 - [MESSAGE][PASSED] - Text 'Appointment Confirmation' is present on page 

25-01-2024T10:04:17 - [TEST_STEP][PASSED] - click(findTestObject("Object Repository/katalon demo/Page_CURA Healthcare Service/a_Go to Homepage")): Object: 'Object Repository/katalon demo/Page_CURA Healthcare Service/a_Go to Homepage' is clicked on

25-01-2024T10:04:18 - [MESSAGE][PASSED] - Object: 'Object Repository/katalon demo/Page_CURA Healthcare Service/a_Go to Homepage' is clicked on]]></system-out>
         <system-err><![CDATA[]]></system-err>
      </testcase>
      <testcase name="Test Cases/Katalon Demo/history katalon demo" time="65.749" classname="Test Cases/Katalon Demo/history katalon demo" status="PASSED">
         <system-out><![CDATA[25-01-2024T10:04:18 - [TEST_CASE][PASSED] - Test Cases/Katalon Demo/history katalon demo: Test Cases/Katalon Demo/history katalon demo

25-01-2024T10:04:18 - [TEST_STEP][PASSED] - click(findTestObject("Object Repository/katalon demo/Page_CURA Healthcare Service/amenu-toggle")): Object: 'Object Repository/katalon demo/Page_CURA Healthcare Service/amenu-toggle' is clicked on

25-01-2024T10:04:19 - [MESSAGE][PASSED] - Object: 'Object Repository/katalon demo/Page_CURA Healthcare Service/amenu-toggle' is clicked on

25-01-2024T10:04:19 - [TEST_STEP][PASSED] - click(findTestObject("Object Repository/katalon demo/Page_CURA Healthcare Service/a_History")): Object: 'Object Repository/katalon demo/Page_CURA Healthcare Service/a_History' is clicked on

25-01-2024T10:04:19 - [MESSAGE][PASSED] - Object: 'Object Repository/katalon demo/Page_CURA Healthcare Service/a_History' is clicked on

25-01-2024T10:04:19 - [TEST_STEP][PASSED] - scrollToElement(findTestObject("katalon demo/Page_CURA Healthcare Service/a_Go to Homepage"), 3): Scroll to object 'Object Repository/katalon demo/Page_CURA Healthcare Service/a_Go to Homepage' successfully

25-01-2024T10:04:51 - [MESSAGE][INFO] - Unable to find the element located by 'By.xpath: //section[@id='summary']/div/div/div[7]/p/a'. Please recheck the objects properties to make sure the desired element is located. 

25-01-2024T10:04:51 - [MESSAGE][WARNING] - [SELF-HEALING] Failed to find element with id 'Object Repository/katalon demo/Page_CURA Healthcare Service/a_Go to Homepage'. Try using Self-healing.

25-01-2024T10:04:51 - [MESSAGE][WARNING] - [SELF-HEALING] The current locator of test object 'Object Repository/katalon demo/Page_CURA Healthcare Service/a_Go to Homepage' was broken. Propose an alternative one: '//a[contains(text(),'Go to Homepage')]'.

25-01-2024T10:04:51 - [MESSAGE][PASSED] - Scroll to object 'Object Repository/katalon demo/Page_CURA Healthcare Service/a_Go to Homepage' successfully

25-01-2024T10:04:51 - [TEST_STEP][PASSED] - click(findTestObject("Object Repository/katalon demo/Page_CURA Healthcare Service/a_Go to Homepage")): Object: 'Object Repository/katalon demo/Page_CURA Healthcare Service/a_Go to Homepage' is clicked on

25-01-2024T10:05:22 - [MESSAGE][INFO] - Unable to find the element located by 'By.xpath: //section[@id='summary']/div/div/div[7]/p/a'. Please recheck the objects properties to make sure the desired element is located. 

25-01-2024T10:05:22 - [MESSAGE][WARNING] - [SELF-HEALING] Failed to find element with id 'Object Repository/katalon demo/Page_CURA Healthcare Service/a_Go to Homepage'. Try using Self-healing.

25-01-2024T10:05:23 - [MESSAGE][WARNING] - [SELF-HEALING] The current locator of test object 'Object Repository/katalon demo/Page_CURA Healthcare Service/a_Go to Homepage' was broken. Propose an alternative one: '//a[contains(text(),'Go to Homepage')]'.

25-01-2024T10:05:24 - [MESSAGE][PASSED] - Object: 'Object Repository/katalon demo/Page_CURA Healthcare Service/a_Go to Homepage' is clicked on]]></system-out>
         <system-err><![CDATA[]]></system-err>
      </testcase>
      <testcase name="Test Cases/Katalon Demo/profile katalon demo" time="2.66" classname="Test Cases/Katalon Demo/profile katalon demo" status="PASSED">
         <system-out><![CDATA[25-01-2024T10:05:24 - [TEST_CASE][PASSED] - Test Cases/Katalon Demo/profile katalon demo: Test Cases/Katalon Demo/profile katalon demo

25-01-2024T10:05:24 - [TEST_STEP][PASSED] - click(findTestObject("Object Repository/katalon demo/Page_CURA Healthcare Service/i_fa fa-bars")): Object: 'Object Repository/katalon demo/Page_CURA Healthcare Service/i_fa fa-bars' is clicked on

25-01-2024T10:05:24 - [MESSAGE][PASSED] - Object: 'Object Repository/katalon demo/Page_CURA Healthcare Service/i_fa fa-bars' is clicked on

25-01-2024T10:05:24 - [TEST_STEP][PASSED] - click(findTestObject("Object Repository/katalon demo/Page_CURA Healthcare Service/a_Profile")): Object: 'Object Repository/katalon demo/Page_CURA Healthcare Service/a_Profile' is clicked on

25-01-2024T10:05:25 - [MESSAGE][PASSED] - Object: 'Object Repository/katalon demo/Page_CURA Healthcare Service/a_Profile' is clicked on

25-01-2024T10:05:25 - [TEST_STEP][PASSED] - click(findTestObject("Object Repository/katalon demo/Page_CURA Healthcare Service/i_fa fa-bars")): Object: 'Object Repository/katalon demo/Page_CURA Healthcare Service/i_fa fa-bars' is clicked on

25-01-2024T10:05:26 - [MESSAGE][PASSED] - Object: 'Object Repository/katalon demo/Page_CURA Healthcare Service/i_fa fa-bars' is clicked on

25-01-2024T10:05:26 - [TEST_STEP][PASSED] - click(findTestObject("Object Repository/katalon demo/Page_CURA Healthcare Service/a_Home")): Object: 'Object Repository/katalon demo/Page_CURA Healthcare Service/a_Home' is clicked on

25-01-2024T10:05:26 - [MESSAGE][PASSED] - Object: 'Object Repository/katalon demo/Page_CURA Healthcare Service/a_Home' is clicked on]]></system-out>
         <system-err><![CDATA[]]></system-err>
      </testcase>
      <testcase name="Test Cases/Katalon Demo/logout katalon demo" time="1.811" classname="Test Cases/Katalon Demo/logout katalon demo" status="PASSED">
         <system-out><![CDATA[25-01-2024T10:05:26 - [TEST_CASE][PASSED] - Test Cases/Katalon Demo/logout katalon demo: Test Cases/Katalon Demo/logout katalon demo

25-01-2024T10:05:27 - [TEST_STEP][PASSED] - click(findTestObject("Object Repository/katalon demo/Page_CURA Healthcare Service/i_fa fa-bars")): Object: 'Object Repository/katalon demo/Page_CURA Healthcare Service/i_fa fa-bars' is clicked on

25-01-2024T10:05:27 - [MESSAGE][PASSED] - Object: 'Object Repository/katalon demo/Page_CURA Healthcare Service/i_fa fa-bars' is clicked on

25-01-2024T10:05:27 - [TEST_STEP][PASSED] - click(findTestObject("Object Repository/katalon demo/Page_CURA Healthcare Service/a_Logout")): Object: 'Object Repository/katalon demo/Page_CURA Healthcare Service/a_Logout' is clicked on

25-01-2024T10:05:28 - [MESSAGE][PASSED] - Object: 'Object Repository/katalon demo/Page_CURA Healthcare Service/a_Logout' is clicked on

25-01-2024T10:05:28 - [TEST_STEP][PASSED] - closeBrowser(): Browser is closed

25-01-2024T10:05:28 - [MESSAGE][PASSED] - Browser is closed]]></system-out>
         <system-err><![CDATA[]]></system-err>
      </testcase>
      <testcase name="Test Cases/Katalon Demo/negatif login katalon demo" time="14.117" classname="Test Cases/Katalon Demo/negatif login katalon demo" status="PASSED">
         <system-out><![CDATA[25-01-2024T10:05:28 - [TEST_CASE][PASSED] - Test Cases/Katalon Demo/negatif login katalon demo: Test Cases/Katalon Demo/negatif login katalon demo

25-01-2024T10:05:29 - [TEST_STEP][PASSED] - openBrowser(""): Browser is opened with url: ''

25-01-2024T10:05:29 - [MESSAGE][INFO] - Starting 'Chrome' driver

25-01-2024T10:05:29 - [MESSAGE][INFO] - Action delay is set to 0 milliseconds

25-01-2024T10:05:30 - [MESSAGE][PASSED] - Browser is opened with url: ''

25-01-2024T10:05:30 - [TEST_STEP][PASSED] - navigateToUrl("https://katalon-demo-cura.herokuapp.com/"): Navigate to 'https://katalon-demo-cura.herokuapp.com/' successfully

25-01-2024T10:05:34 - [MESSAGE][PASSED] - Navigate to 'https://katalon-demo-cura.herokuapp.com/' successfully

25-01-2024T10:05:34 - [TEST_STEP][PASSED] - click(findTestObject("Object Repository/katalon demo/Page_CURA Healthcare Service/amenu-toggle")): Object: 'Object Repository/katalon demo/Page_CURA Healthcare Service/amenu-toggle' is clicked on

25-01-2024T10:05:34 - [MESSAGE][PASSED] - Object: 'Object Repository/katalon demo/Page_CURA Healthcare Service/amenu-toggle' is clicked on

25-01-2024T10:05:34 - [TEST_STEP][PASSED] - click(findTestObject("Object Repository/katalon demo/Page_CURA Healthcare Service/a_Login")): Object: 'Object Repository/katalon demo/Page_CURA Healthcare Service/a_Login' is clicked on

25-01-2024T10:05:35 - [MESSAGE][PASSED] - Object: 'Object Repository/katalon demo/Page_CURA Healthcare Service/a_Login' is clicked on

25-01-2024T10:05:35 - [TEST_STEP][PASSED] - setText(findTestObject("Object Repository/katalon demo/Page_CURA Healthcare Service/input_username"), username1): Text 'aaaaa' is set on object 'Object Repository/katalon demo/Page_CURA Healthcare Service/input_username'

25-01-2024T10:05:36 - [MESSAGE][PASSED] - Text 'aaaaa' is set on object 'Object Repository/katalon demo/Page_CURA Healthcare Service/input_username'

25-01-2024T10:05:36 - [TEST_STEP][PASSED] - setText(findTestObject("Object Repository/katalon demo/Page_CURA Healthcare Service/input_password"), password1): Text 'aaaaaaaa' is set on object 'Object Repository/katalon demo/Page_CURA Healthcare Service/input_password'

25-01-2024T10:05:37 - [MESSAGE][PASSED] - Text 'aaaaaaaa' is set on object 'Object Repository/katalon demo/Page_CURA Healthcare Service/input_password'

25-01-2024T10:05:37 - [TEST_STEP][PASSED] - click(findTestObject("katalon demo/Page_CURA Healthcare Service/button_Login")): Object: 'Object Repository/katalon demo/Page_CURA Healthcare Service/button_Login' is clicked on

25-01-2024T10:05:38 - [MESSAGE][PASSED] - Object: 'Object Repository/katalon demo/Page_CURA Healthcare Service/button_Login' is clicked on

25-01-2024T10:05:38 - [TEST_STEP][PASSED] - verifyTextPresent("Login failed!", false): Text 'Login failed!' is present on page 

25-01-2024T10:05:39 - [MESSAGE][PASSED] - Text 'Login failed!' is present on page 

25-01-2024T10:05:39 - [TEST_STEP][PASSED] - click(findTestObject("Object Repository/katalon demo/Page_CURA Healthcare Service/button_Login")): Object: 'Object Repository/katalon demo/Page_CURA Healthcare Service/button_Login' is clicked on

25-01-2024T10:05:39 - [MESSAGE][PASSED] - Object: 'Object Repository/katalon demo/Page_CURA Healthcare Service/button_Login' is clicked on

25-01-2024T10:05:39 - [TEST_STEP][PASSED] - setText(findTestObject("katalon demo/Page_CURA Healthcare Service/input_username"), username2): Text 'bbbbb' is set on object 'Object Repository/katalon demo/Page_CURA Healthcare Service/input_username'

25-01-2024T10:05:40 - [MESSAGE][PASSED] - Text 'bbbbb' is set on object 'Object Repository/katalon demo/Page_CURA Healthcare Service/input_username'

25-01-2024T10:05:40 - [TEST_STEP][PASSED] - setText(findTestObject("katalon demo/Page_CURA Healthcare Service/input_password"), password2): Text 'bbbbbbbb' is set on object 'Object Repository/katalon demo/Page_CURA Healthcare Service/input_password'

25-01-2024T10:05:41 - [MESSAGE][PASSED] - Text 'bbbbbbbb' is set on object 'Object Repository/katalon demo/Page_CURA Healthcare Service/input_password'

25-01-2024T10:05:41 - [TEST_STEP][PASSED] - click(findTestObject("katalon demo/Page_CURA Healthcare Service/button_Login")): Object: 'Object Repository/katalon demo/Page_CURA Healthcare Service/button_Login' is clicked on

25-01-2024T10:05:42 - [MESSAGE][PASSED] - Object: 'Object Repository/katalon demo/Page_CURA Healthcare Service/button_Login' is clicked on

25-01-2024T10:05:42 - [TEST_STEP][PASSED] - verifyTextPresent("Login failed!", false): Text 'Login failed!' is present on page 

25-01-2024T10:05:42 - [MESSAGE][PASSED] - Text 'Login failed!' is present on page]]></system-out>
         <system-err><![CDATA[]]></system-err>
      </testcase>
      <system-out><![CDATA[25-01-2024T10:03:46 - [TEST_SUITE][PASSED] - katalon demo: Test Cases/Katalon Demo/negatif login katalon demo]]></system-out>
      <system-err><![CDATA[]]></system-err>
   </testsuite>
</testsuites>
