<?xml version="1.0" encoding="UTF-8"?>
<testsuites name="katalon demo" time="123.167" tests="2" failures="0" errors="0">
   <testsuite name="katalon demo" tests="2" failures="0" errors="0" time="123.167" skipped="0" timestamp="19-01-2024T16:13:05" hostname="0517 - Pierrot" id="Test Suites/katalon demo">
      <properties>
         <property name="deviceName"/>
         <property name="devicePlatform" value="WINDOWS"/>
         <property name="logFolder" value="C:\\Users\\0517\\Katalon Studio\\poc bni\\Reports\\20240119_161255\\katalon demo\\20240119_161255"/>
         <property name="logFiles" value="C:\\Users\\0517\\Katalon Studio\\poc bni\\Reports\\20240119_161255\\katalon demo\\20240119_161255\\execution0.log"/>
         <property name="attachments" value=""/>
         <property name="hostName" value="0517 - Pierrot"/>
         <property name="remoteDriverUrl" value="testcloud.katalon.com/hub"/>
         <property name="desiredCapabilities" value="{&#xa;  &quot;timeouts&quot;: {&#xa;    &quot;implicit&quot;: 0,&#xa;    &quot;pageLoad&quot;: 300000,&#xa;    &quot;script&quot;: 30000&#xa;  },&#xa;  &quot;platform&quot;: &quot;WINDOWS&quot;,&#xa;  &quot;goog:chromeOptions&quot;: {&#xa;    &quot;debuggerAddress&quot;: &quot;localhost:9225&quot;&#xa;  },&#xa;  &quot;requestId&quot;: &quot;b8ab7e0e-7618-4de3-a73c-e60a2153d854&quot;,&#xa;  &quot;webauthn:extension:credBlob&quot;: true,&#xa;  &quot;acceptInsecureCerts&quot;: false,&#xa;  &quot;browserVersion&quot;: &quot;119.0.0.0&quot;,&#xa;  &quot;fedcm:accounts&quot;: true,&#xa;  &quot;browserName&quot;: &quot;chrome&quot;,&#xa;  &quot;javascriptEnabled&quot;: true,&#xa;  &quot;katalon:option&quot;: {&#xa;    &quot;unlimitedExecutionMinutes&quot;: true,&#xa;    &quot;userId&quot;: 1394699,&#xa;    &quot;organizationId&quot;: &quot;1273958&quot;,&#xa;    &quot;class&quot;: &quot;com.katalon.testcloud.grid.common.tunnel.domain.UserOptionCapability&quot;,&#xa;    &quot;runFromTestCloud&quot;: true,&#xa;    &quot;usingTunnel&quot;: false&#xa;  },&#xa;  &quot;platformName&quot;: &quot;WINDOWS&quot;,&#xa;  &quot;setWindowRect&quot;: true,&#xa;  &quot;webauthn:extension:largeBlob&quot;: true,&#xa;  &quot;networkConnectionEnabled&quot;: false,&#xa;  &quot;chrome&quot;: {&#xa;    &quot;chromedriverVersion&quot;: &quot;119.0.6045.9 (c7ec5863fa5c563b4b9057148aa2ae3f09f7994e-refs/branch-heads/6045@{#87})&quot;,&#xa;    &quot;userDataDir&quot;: &quot;C:\\Program Files (x86)\\scoped_dir1508_546035354&quot;&#xa;  },&#xa;  &quot;pageLoadStrategy&quot;: &quot;normal&quot;,&#xa;  &quot;unhandledPromptBehavior&quot;: &quot;dismiss and notify&quot;,&#xa;  &quot;strictFileInteractability&quot;: false,&#xa;  &quot;***:loadExtension&quot;: [&#xa;    &quot;https://prod-magicleap-user-files-us-east-1-v1.s3.amazonaws.com/extensions/orgId-691279/SmartWait.zip&quot;&#xa;  ],&#xa;  &quot;version&quot;: &quot;119&quot;,&#xa;  &quot;se:cdp&quot;: &quot;ws://172.48.106.172:4444/session/d11a2863c272128cbf32f1dd36613f8f/se/cdp&quot;,&#xa;  &quot;proxy&quot;: {&#xa;    &quot;proxyType&quot;: &quot;DIRECT&quot;,&#xa;    &quot;autodetect&quot;: false&#xa;  },&#xa;  &quot;webauthn:extension:minPinLength&quot;: true,&#xa;  &quot;webdriver.remote.sessionid&quot;: &quot;d11a2863c272128cbf32f1dd36613f8f&quot;,&#xa;  &quot;webauthn:extension:prf&quot;: true,&#xa;  &quot;webauthn:virtualAuthenticators&quot;: true&#xa;}"/>
         <property name="os" value="Windows 10 64bit"/>
         <property name="remoteOS" value="Windows"/>
         <property name="katalonVersion" value="9.2.0.212"/>
         <property name="browser" value="Chrome 119.0.0.0"/>
         <property name="hostAddress" value="10.2.0.2"/>
         <property name="sessionId" value="d11a2863c272128cbf32f1dd36613f8f"/>
         <property name="seleniumVersion" value="3.141.59"/>
         <property name="proxyInformation" value="ProxyInformation { proxyOption=NO_PROXY, proxyServerType=HTTP, username=, password=********, proxyServerAddress=, proxyServerPort=0, executionList=&quot;&quot;, isApplyToDesiredCapabilities=true }"/>
         <property name="platform" value="Windows 10"/>
      </properties>
      <testcase name="Test Cases/Katalon Demo/login katalon demo" time="59.536" classname="Test Cases/Katalon Demo/login katalon demo" status="PASSED">
         <system-out><![CDATA[19-01-2024T16:13:05 - [TEST_CASE][PASSED] - Test Cases/Katalon Demo/login katalon demo: Test Cases/Katalon Demo/login katalon demo

19-01-2024T16:13:06 - [TEST_STEP][PASSED] - openBrowser(""): Browser is opened with url: ''

19-01-2024T16:13:07 - [MESSAGE][INFO] - User set preference: ['os', 'windows']

19-01-2024T16:13:07 - [MESSAGE][INFO] - User set preference: ['browserName', 'chrome']

19-01-2024T16:13:07 - [MESSAGE][INFO] - User set preference: ['browserVersion', '119']

19-01-2024T16:13:07 - [MESSAGE][INFO] - User set preference: ['katalon:option', '{organizationId=1273958, tunnelId=, usingTunnel=false}']

19-01-2024T16:13:07 - [MESSAGE][INFO] - Connecting to remote web server 'testcloud.katalon.com/hub' with type 'Selenium'

19-01-2024T16:13:07 - [MESSAGE][INFO] - Action delay is set to 0 milliseconds

19-01-2024T16:13:37 - [MESSAGE][PASSED] - Browser is opened with url: ''

19-01-2024T16:13:37 - [TEST_STEP][PASSED] - navigateToUrl("https://katalon-demo-cura.herokuapp.com/"): Navigate to 'https://katalon-demo-cura.herokuapp.com/' successfully

19-01-2024T16:13:38 - [MESSAGE][PASSED] - Navigate to 'https://katalon-demo-cura.herokuapp.com/' successfully

19-01-2024T16:13:38 - [TEST_STEP][PASSED] - click(findTestObject("Object Repository/katalon demo/Page_CURA Healthcare Service/amenu-toggle")): Object: 'Object Repository/katalon demo/Page_CURA Healthcare Service/amenu-toggle' is clicked on

19-01-2024T16:13:43 - [MESSAGE][PASSED] - Object: 'Object Repository/katalon demo/Page_CURA Healthcare Service/amenu-toggle' is clicked on

19-01-2024T16:13:43 - [TEST_STEP][PASSED] - click(findTestObject("Object Repository/katalon demo/Page_CURA Healthcare Service/a_Login")): Object: 'Object Repository/katalon demo/Page_CURA Healthcare Service/a_Login' is clicked on

19-01-2024T16:13:47 - [MESSAGE][PASSED] - Object: 'Object Repository/katalon demo/Page_CURA Healthcare Service/a_Login' is clicked on

19-01-2024T16:13:47 - [TEST_STEP][PASSED] - setText(findTestObject("Object Repository/katalon demo/Page_CURA Healthcare Service/input_username"), "John Doe"): Text 'John Doe' is set on object 'Object Repository/katalon demo/Page_CURA Healthcare Service/input_username'

19-01-2024T16:13:55 - [MESSAGE][PASSED] - Text 'John Doe' is set on object 'Object Repository/katalon demo/Page_CURA Healthcare Service/input_username'

19-01-2024T16:13:55 - [TEST_STEP][PASSED] - setEncryptedText(findTestObject("Object Repository/katalon demo/Page_CURA Healthcare Service/input_password"), "g3/DOGG74jC3Flrr3yH+3D/yKbOqqUNM"): Text ****** has been set on object 'Object Repository/katalon demo/Page_CURA Healthcare Service/input_password'

19-01-2024T16:14:01 - [MESSAGE][PASSED] - Text ****** has been set on object 'Object Repository/katalon demo/Page_CURA Healthcare Service/input_password'

19-01-2024T16:14:01 - [TEST_STEP][PASSED] - click(findTestObject("Object Repository/katalon demo/Page_CURA Healthcare Service/button_Login")): Object: 'Object Repository/katalon demo/Page_CURA Healthcare Service/button_Login' is clicked on

19-01-2024T16:14:05 - [MESSAGE][PASSED] - Object: 'Object Repository/katalon demo/Page_CURA Healthcare Service/button_Login' is clicked on]]></system-out>
         <system-err><![CDATA[]]></system-err>
      </testcase>
      <testcase name="Test Cases/Katalon Demo/make appointment katalon demo" time="63.315" classname="Test Cases/Katalon Demo/make appointment katalon demo" status="PASSED">
         <system-out><![CDATA[19-01-2024T16:14:05 - [TEST_CASE][PASSED] - Test Cases/Katalon Demo/make appointment katalon demo: Test Cases/Katalon Demo/make appointment katalon demo

19-01-2024T16:14:05 - [TEST_STEP][PASSED] - selectOptionByValue(findTestObject("Object Repository/katalon demo/Page_CURA Healthcare Service/select_Tokyo CURA Healthcare Center                            Hongkong CURA Healthcare Center                            Seoul CURA Healthcare Center"), "Hongkong CURA Healthcare Center", true): All options with value 'Hongkong CURA Healthcare Center' are selected in object 'Object Repository/katalon demo/Page_CURA Healthcare Service/select_Tokyo CURA Healthcare Center                            Hongkong CURA Healthcare Center                            Seoul CURA Healthcare Center'  using regular expression

19-01-2024T16:14:28 - [MESSAGE][PASSED] - All options with value 'Hongkong CURA Healthcare Center' are selected in object 'Object Repository/katalon demo/Page_CURA Healthcare Service/select_Tokyo CURA Healthcare Center                            Hongkong CURA Healthcare Center                            Seoul CURA Healthcare Center'  using regular expression

19-01-2024T16:14:28 - [TEST_STEP][PASSED] - click(findTestObject("Object Repository/katalon demo/Page_CURA Healthcare Service/label_Apply for hospital readmission")): Object: 'Object Repository/katalon demo/Page_CURA Healthcare Service/label_Apply for hospital readmission' is clicked on

19-01-2024T16:14:32 - [MESSAGE][PASSED] - Object: 'Object Repository/katalon demo/Page_CURA Healthcare Service/label_Apply for hospital readmission' is clicked on

19-01-2024T16:14:32 - [TEST_STEP][PASSED] - click(findTestObject("Object Repository/katalon demo/Page_CURA Healthcare Service/input_programs")): Object: 'Object Repository/katalon demo/Page_CURA Healthcare Service/input_programs' is clicked on

19-01-2024T16:14:37 - [MESSAGE][PASSED] - Object: 'Object Repository/katalon demo/Page_CURA Healthcare Service/input_programs' is clicked on

19-01-2024T16:14:37 - [TEST_STEP][PASSED] - click(findTestObject("Object Repository/katalon demo/Page_CURA Healthcare Service/span_glyphicon glyphicon-calendar")): Object: 'Object Repository/katalon demo/Page_CURA Healthcare Service/span_glyphicon glyphicon-calendar' is clicked on

19-01-2024T16:14:41 - [MESSAGE][PASSED] - Object: 'Object Repository/katalon demo/Page_CURA Healthcare Service/span_glyphicon glyphicon-calendar' is clicked on

19-01-2024T16:14:41 - [TEST_STEP][PASSED] - click(findTestObject("Object Repository/katalon demo/Page_CURA Healthcare Service/td_31")): Object: 'Object Repository/katalon demo/Page_CURA Healthcare Service/td_31' is clicked on

19-01-2024T16:14:46 - [MESSAGE][PASSED] - Object: 'Object Repository/katalon demo/Page_CURA Healthcare Service/td_31' is clicked on

19-01-2024T16:14:46 - [TEST_STEP][PASSED] - setText(findTestObject("Object Repository/katalon demo/Page_CURA Healthcare Service/textarea_comment"), "tes katalon demo"): Text 'tes katalon demo' is set on object 'Object Repository/katalon demo/Page_CURA Healthcare Service/textarea_comment'

19-01-2024T16:14:55 - [MESSAGE][PASSED] - Text 'tes katalon demo' is set on object 'Object Repository/katalon demo/Page_CURA Healthcare Service/textarea_comment'

19-01-2024T16:14:55 - [TEST_STEP][PASSED] - click(findTestObject("Object Repository/katalon demo/Page_CURA Healthcare Service/button_Book Appointment")): Object: 'Object Repository/katalon demo/Page_CURA Healthcare Service/button_Book Appointment' is clicked on

19-01-2024T16:14:59 - [MESSAGE][PASSED] - Object: 'Object Repository/katalon demo/Page_CURA Healthcare Service/button_Book Appointment' is clicked on

19-01-2024T16:14:59 - [TEST_STEP][PASSED] - click(findTestObject("Object Repository/katalon demo/Page_CURA Healthcare Service/a_Go to Homepage")): Object: 'Object Repository/katalon demo/Page_CURA Healthcare Service/a_Go to Homepage' is clicked on

19-01-2024T16:15:03 - [MESSAGE][PASSED] - Object: 'Object Repository/katalon demo/Page_CURA Healthcare Service/a_Go to Homepage' is clicked on

19-01-2024T16:15:03 - [TEST_STEP][PASSED] - verifyTextPresent("", false): Text '' is present on page 

19-01-2024T16:15:08 - [MESSAGE][PASSED] - Text '' is present on page]]></system-out>
         <system-err><![CDATA[]]></system-err>
      </testcase>
      <system-out><![CDATA[19-01-2024T16:13:05 - [TEST_SUITE][PASSED] - katalon demo: Test Cases/Katalon Demo/make appointment katalon demo]]></system-out>
      <system-err><![CDATA[]]></system-err>
   </testsuite>
</testsuites>
