<?xml version="1.0" encoding="UTF-8"?>
<testsuites name="TS-01" time="257.463" tests="1" failures="0" errors="0">
   <testsuite name="TS-01" tests="1" failures="0" errors="0" time="257.463" skipped="0" timestamp="2024-03-15 18:38:24" hostname="0517 - Pierrot" id="Test Suites/TS-01">
      <properties>
         <property name="deviceName" value=""/>
         <property name="devicePlatform" value=""/>
         <property name="logFolder" value="C:\\Users\\0517\\git\\LatihanKatalon1\\Reports\\20240315_183740\\TS-01\\20240315_183812"/>
         <property name="logFiles" value="C:\\Users\\0517\\git\\LatihanKatalon1\\Reports\\20240315_183740\\TS-01\\20240315_183812\\execution0.log"/>
         <property name="attachments" value=""/>
         <property name="hostName" value="0517 - Pierrot"/>
         <property name="os" value="Windows 10 64bit"/>
         <property name="katalonVersion" value="8.6.9.208"/>
         <property name="browser" value="Chrome 122.0.6261.129"/>
         <property name="hostAddress" value="192.168.96.2"/>
         <property name="sessionId" value="5aa3774d69d862bbbfdbf2dd40bea06f"/>
         <property name="seleniumVersion" value="3.141.59"/>
         <property name="proxyInformation" value="ProxyInformation { proxyOption=NO_PROXY, proxyServerType=HTTP, username=, password=********, proxyServerAddress=, proxyServerPort=0, executionList=&quot;&quot;, isApplyToDesiredCapabilities=true }"/>
         <property name="platform" value="Windows 10"/>
      </properties>
      <testcase name="Test Cases/Open Browsers" time="256.68" classname="Test Cases/Open Browsers" status="PASSED">
         <system-out><![CDATA[2024-03-15 18:38:25 - [TEST_CASE][PASSED] - Test Cases/Open Browsers: Test Cases/Open Browsers

2024-03-15 18:38:25 - [TEST_STEP][PASSED] - openBrowser(""): Browser is opened with url: ''

2024-03-15 18:38:26 - [MESSAGE][INFO] - Starting 'Chrome (headless)' driver

2024-03-15 18:38:26 - [MESSAGE][INFO] - Action delay is set to 0 milliseconds

2024-03-15 18:38:29 - [MESSAGE][PASSED] - Browser is opened with url: ''

2024-03-15 18:38:29 - [TEST_STEP][PASSED] - navigateToUrl("detik.com"): Navigate to 'http://detik.com' successfully

2024-03-15 18:42:40 - [MESSAGE][PASSED] - Navigate to 'http://detik.com' successfully

2024-03-15 18:42:40 - [TEST_STEP][PASSED] - closeBrowser(): Browser is closed

2024-03-15 18:42:41 - [MESSAGE][PASSED] - Browser is closed]]></system-out>
         <system-err><![CDATA[]]></system-err>
      </testcase>
      <system-out><![CDATA[2024-03-15 18:38:24 - [TEST_SUITE][PASSED] - TS-01: Test Cases/Open Browsers]]></system-out>
      <system-err><![CDATA[]]></system-err>
   </testsuite>
</testsuites>
