<?xml version="1.0" encoding="UTF-8"?>
<testsuites name="TS-01" time="9.059" tests="1" failures="0" errors="0">
   <testsuite name="TS-01" tests="1" failures="0" errors="0" time="9.059" skipped="0" timestamp="20-03-2024T15:48:22" hostname="0517 - Pierrot" id="Test Suites/TS-01">
      <properties>
         <property name="deviceName" value=""/>
         <property name="devicePlatform" value=""/>
         <property name="logFolder" value="C:\\Users\\0517\\git\\LatihanKatalon1\\Reports\\20240320_154742\\TS-01\\20240320_154742"/>
         <property name="logFiles" value="C:\\Users\\0517\\git\\LatihanKatalon1\\Reports\\20240320_154742\\TS-01\\20240320_154742\\execution0.log"/>
         <property name="attachments" value=""/>
         <property name="hostName" value="0517 - Pierrot"/>
         <property name="os" value="Windows 10 64bit"/>
         <property name="katalonVersion" value="9.3.0.212"/>
         <property name="browser" value="Chrome 122.0.0.0"/>
         <property name="hostAddress" value="192.168.96.2"/>
         <property name="sessionId" value="737f9218dd8f711130aace374ddeab51"/>
         <property name="seleniumVersion" value="3.141.59"/>
         <property name="proxyInformation" value="ProxyInformation { proxyOption=NO_PROXY, proxyServerType=HTTP, username=, password=********, proxyServerAddress=, proxyServerPort=0, executionList=&quot;&quot;, isApplyToDesiredCapabilities=true }"/>
         <property name="platform" value="Windows 10"/>
      </properties>
      <testcase name="Test Cases/tes open browser" time="8.553" classname="Test Cases/tes open browser" status="PASSED">
         <system-out><![CDATA[20-03-2024T15:48:23 - [TEST_CASE][PASSED] - Test Cases/tes open browser: Test Cases/tes open browser

20-03-2024T15:48:24 - [TEST_STEP][PASSED] - openBrowser(""): Browser is opened with url: ''

20-03-2024T15:48:25 - [MESSAGE][INFO] - Starting 'Chrome' driver

20-03-2024T15:48:25 - [MESSAGE][INFO] - Action delay is set to 0 milliseconds

20-03-2024T15:48:28 - [MESSAGE][PASSED] - Browser is opened with url: ''

20-03-2024T15:48:28 - [TEST_STEP][PASSED] - navigateToUrl("google.com"): Navigate to 'http://google.com' successfully

20-03-2024T15:48:31 - [MESSAGE][PASSED] - Navigate to 'http://google.com' successfully

20-03-2024T15:48:31 - [TEST_STEP][PASSED] - closeBrowser(): Browser is closed

20-03-2024T15:48:31 - [MESSAGE][PASSED] - Browser is closed]]></system-out>
         <system-err><![CDATA[]]></system-err>
      </testcase>
      <system-out><![CDATA[20-03-2024T15:48:22 - [TEST_SUITE][PASSED] - TS-01: Test Cases/tes open browser]]></system-out>
      <system-err><![CDATA[]]></system-err>
   </testsuite>
</testsuites>
