<?xml version="1.0" encoding="UTF-8"?>
<testsuites name="kaf mma" time="64.981" tests="2" failures="0" errors="0">
   <testsuite name="kaf mma" tests="2" failures="0" errors="0" time="64.981" skipped="0" timestamp="27-01-2024T13:38:39" hostname="0517 - Pierrot" id="Test Suites/kaf mma">
      <properties>
         <property name="deviceName" value="Genymobile Galaxy S10 (Android 12)"/>
         <property name="devicePlatform" value=""/>
         <property name="logFolder" value="C:\\Users\\0517\\Katalon Studio\\poc bni\\Reports\\20240127_133819\\kaf mma\\20240127_133819"/>
         <property name="logFiles" value="C:\\Users\\0517\\Katalon Studio\\poc bni\\Reports\\20240127_133819\\kaf mma\\20240127_133819\\appium.log, C:\\Users\\0517\\Katalon Studio\\poc bni\\Reports\\20240127_133819\\kaf mma\\20240127_133819\\appium_error.log, C:\\Users\\0517\\Katalon Studio\\poc bni\\Reports\\20240127_133819\\kaf mma\\20240127_133819\\execution0.log"/>
         <property name="attachments" value=""/>
         <property name="hostName" value="0517 - Pierrot"/>
         <property name="os" value="Windows 10 64bit"/>
         <property name="appiumServerStatus" value="{&quot;value&quot;:{&quot;build&quot;:{&quot;version&quot;:&quot;1.22.3&quot;}},&quot;sessionId&quot;:null,&quot;status&quot;:0}"/>
         <property name="katalonVersion" value="9.2.0.212"/>
         <property name="deviceOS" value="Android"/>
         <property name="appiumVersion" value="1.22.3"/>
         <property name="deviceModel" value="Galaxy S10"/>
         <property name="hostAddress" value="192.168.96.2"/>
         <property name="deviceManufacturer" value="Genymobile"/>
         <property name="deviceId" value="192.168.96.102:5555"/>
         <property name="deviceName" value="Genymobile Galaxy S10 (Android 12)"/>
         <property name="deviceOSVersion" value="12"/>
      </properties>
      <testcase name="Test Cases/MMA/login mma" time="63.96" classname="Test Cases/MMA/login mma" status="PASSED">
         <system-out><![CDATA[27-01-2024T13:38:40 - [TEST_CASE][PASSED] - Test Cases/MMA/login mma: Test Cases/MMA/login mma

27-01-2024T13:38:41 - [TEST_STEP][PASSED] - startApplication("C:\Users\0517\Downloads\KAF MMA UAT v10.apk", true): Started app at: 'C:\Users\0517\Downloads\KAF MMA UAT v10.apk'

27-01-2024T13:38:42 - [MESSAGE][INFO] - Detected NodeJS location: "C:\Program Files\nodejs\node.exe"

27-01-2024T13:38:54 - [MESSAGE][INFO] - PATH: C:\Program Files\nodejs;

27-01-2024T13:38:54 - [MESSAGE][INFO] - APPIUM_HOME: C:\Users\0517\AppData\Roaming\npm\node_modules\appium\build\lib\main.js

27-01-2024T13:38:54 - [MESSAGE][INFO] - appium outlog: C:\Users\0517\Katalon Studio\poc bni\Reports\20240127_133819\kaf mma\20240127_133819\appium.log

27-01-2024T13:38:54 - [MESSAGE][INFO] - appium errlog: C:\Users\0517\Katalon Studio\poc bni\Reports\20240127_133819\kaf mma\20240127_133819\appium_error.log

27-01-2024T13:38:58 - [MESSAGE][INFO] - Appium server started on port 52,552

27-01-2024T13:39:22 - [MESSAGE][PASSED] - Started app at: 'C:\Users\0517\Downloads\KAF MMA UAT v10.apk'

27-01-2024T13:39:22 - [TEST_STEP][PASSED] - tap(findTestObject("Object Repository/mma mobile/android.widget.EditText (2)"), 0): Tapped on element 'Object Repository/mma mobile/android.widget.EditText (2)'

27-01-2024T13:39:23 - [MESSAGE][WARNING] - Timeout '0' is invalid. Using default page load timeout: '30'

27-01-2024T13:39:24 - [MESSAGE][PASSED] - Tapped on element 'Object Repository/mma mobile/android.widget.EditText (2)'

27-01-2024T13:39:24 - [TEST_STEP][PASSED] - setText(findTestObject("Object Repository/mma mobile/android.widget.EditText (2)"), "receptionist@kaf.co.id", 0): Text 'receptionist@kaf.co.id' has been set to element 'Object Repository/mma mobile/android.widget.EditText (2)'

27-01-2024T13:39:24 - [MESSAGE][WARNING] - Timeout '0' is invalid. Using default page load timeout: '30'

27-01-2024T13:39:26 - [MESSAGE][PASSED] - Text 'receptionist@kaf.co.id' has been set to element 'Object Repository/mma mobile/android.widget.EditText (2)'

27-01-2024T13:39:26 - [TEST_STEP][PASSED] - hideKeyboard(): Keyboard is hidden

27-01-2024T13:39:28 - [MESSAGE][PASSED] - Keyboard is hidden

27-01-2024T13:39:28 - [TEST_STEP][PASSED] - tap(findTestObject("Object Repository/mma mobile/android.widget.EditText"), 0): Tapped on element 'Object Repository/mma mobile/android.widget.EditText'

27-01-2024T13:39:28 - [MESSAGE][WARNING] - Timeout '0' is invalid. Using default page load timeout: '30'

27-01-2024T13:39:29 - [MESSAGE][PASSED] - Tapped on element 'Object Repository/mma mobile/android.widget.EditText'

27-01-2024T13:39:29 - [TEST_STEP][PASSED] - setText(findTestObject("Object Repository/mma mobile/android.widget.EditText"), "R3cept!#888", 0): Text 'R3cept!#888' has been set to element 'Object Repository/mma mobile/android.widget.EditText'

27-01-2024T13:39:29 - [MESSAGE][WARNING] - Timeout '0' is invalid. Using default page load timeout: '30'

27-01-2024T13:39:31 - [MESSAGE][PASSED] - Text 'R3cept!#888' has been set to element 'Object Repository/mma mobile/android.widget.EditText'

27-01-2024T13:39:31 - [TEST_STEP][PASSED] - hideKeyboard(): Keyboard is hidden

27-01-2024T13:39:32 - [MESSAGE][PASSED] - Keyboard is hidden

27-01-2024T13:39:32 - [TEST_STEP][PASSED] - tap(findTestObject("Object Repository/mma mobile/android.widget.Button"), 0): Tapped on element 'Object Repository/mma mobile/android.widget.Button'

27-01-2024T13:39:32 - [MESSAGE][WARNING] - Timeout '0' is invalid. Using default page load timeout: '30'

27-01-2024T13:39:33 - [MESSAGE][PASSED] - Tapped on element 'Object Repository/mma mobile/android.widget.Button'

27-01-2024T13:39:33 - [TEST_STEP][PASSED] - delay(10): Delayed 10 second(s)

27-01-2024T13:39:44 - [MESSAGE][PASSED] - Delayed 10 second(s)]]></system-out>
         <system-err><![CDATA[]]></system-err>
      </testcase>
      <testcase name="Test Cases/MMA/add prospect customer" time="0.178" classname="Test Cases/MMA/add prospect customer" status="PASSED">
         <system-out><![CDATA[27-01-2024T13:39:44 - [TEST_CASE][PASSED] - Test Cases/MMA/add prospect customer: Test Cases/MMA/add prospect customer

27-01-2024T13:39:44 - [TEST_STEP][PASSED] - return null: null]]></system-out>
         <system-err><![CDATA[]]></system-err>
      </testcase>
      <system-out><![CDATA[27-01-2024T13:38:39 - [TEST_SUITE][PASSED] - kaf mma: Test Cases/MMA/add prospect customer]]></system-out>
      <system-err><![CDATA[]]></system-err>
   </testsuite>
</testsuites>
