<?xml version="1.0" encoding="UTF-8"?>
<testsuites name="New Test Suite Collection" time="2667.44" tests="160" failures="0" errors="0">
   <testsuite name="katalon demo" tests="8" failures="0" errors="0" time="130.772" skipped="0" timestamp="29-01-2024T23:12:10" hostname="0517 - Pierrot" id="Test Suites/katalon demo">
      <properties>
         <property name="deviceName" value=""/>
         <property name="devicePlatform" value=""/>
         <property name="logFolder" value="C:\\Users\\0517\\Katalon Studio\\poc bni\\Reports\\20240129_231002\\katalon demo\\20240129_231007"/>
         <property name="logFiles" value="C:\\Users\\0517\\Katalon Studio\\poc bni\\Reports\\20240129_231002\\katalon demo\\20240129_231007\\execution0.log"/>
         <property name="attachments" value="keyes\keyes-login katalon demo.png, keyes\keyes-appointment katalon demo.png, keyes\keyes-appointment 1 katalon demo.png, keyes\keyes-appointment 2 katalon demo.png, keyes\keyes-history katalon demo.png, keyes\keyes-profile katalon demo.png, keyes\keyes-logout katalon demo.png, keyes\keyes-negatif 1 login katalon demo.png, keyes\keyes-negatif 2 login katalon demo.png"/>
         <property name="hostName" value="0517 - Pierrot"/>
         <property name="os" value="Windows 10 64bit"/>
         <property name="katalonVersion" value="9.2.0.212"/>
         <property name="browser" value="Chrome 121.0.0.0"/>
         <property name="hostAddress" value="192.168.96.2"/>
         <property name="sessionId" value="b38e693e7b27264c6ff04afdaa5162bd"/>
         <property name="seleniumVersion" value="3.141.59"/>
         <property name="proxyInformation" value="ProxyInformation { proxyOption=NO_PROXY, proxyServerType=HTTP, username=, password=********, proxyServerAddress=, proxyServerPort=0, executionList=&quot;&quot;, isApplyToDesiredCapabilities=true }"/>
         <property name="platform" value="Windows 10"/>
      </properties>
      <testcase name="Test Cases/Katalon Demo/login katalon demo" time="19.198" classname="Test Cases/Katalon Demo/login katalon demo" status="PASSED">
         <system-out><![CDATA[29-01-2024T23:12:11 - [TEST_CASE][PASSED] - Test Cases/Katalon Demo/login katalon demo: Test Cases/Katalon Demo/login katalon demo

29-01-2024T23:12:11 - [TEST_STEP][PASSED] - openBrowser(""): Browser is opened with url: ''

29-01-2024T23:12:12 - [MESSAGE][INFO] - Starting 'Chrome' driver

29-01-2024T23:12:12 - [MESSAGE][INFO] - Action delay is set to 0 milliseconds

29-01-2024T23:12:14 - [MESSAGE][PASSED] - Browser is opened with url: ''

29-01-2024T23:12:14 - [TEST_STEP][PASSED] - navigateToUrl("https://katalon-demo-cura.herokuapp.com/"): Navigate to 'https://katalon-demo-cura.herokuapp.com/' successfully

29-01-2024T23:12:25 - [MESSAGE][PASSED] - Navigate to 'https://katalon-demo-cura.herokuapp.com/' successfully

29-01-2024T23:12:25 - [TEST_STEP][PASSED] - click(findTestObject("Object Repository/katalon demo/Page_CURA Healthcare Service/amenu-toggle")): Object: 'Object Repository/katalon demo/Page_CURA Healthcare Service/amenu-toggle' is clicked on

29-01-2024T23:12:26 - [MESSAGE][PASSED] - Object: 'Object Repository/katalon demo/Page_CURA Healthcare Service/amenu-toggle' is clicked on

29-01-2024T23:12:26 - [TEST_STEP][PASSED] - click(findTestObject("Object Repository/katalon demo/Page_CURA Healthcare Service/a_Login")): Object: 'Object Repository/katalon demo/Page_CURA Healthcare Service/a_Login' is clicked on

29-01-2024T23:12:27 - [MESSAGE][PASSED] - Object: 'Object Repository/katalon demo/Page_CURA Healthcare Service/a_Login' is clicked on

29-01-2024T23:12:27 - [TEST_STEP][PASSED] - setText(findTestObject("Object Repository/katalon demo/Page_CURA Healthcare Service/input_username"), "John Doe"): Text 'John Doe' is set on object 'Object Repository/katalon demo/Page_CURA Healthcare Service/input_username'

29-01-2024T23:12:28 - [MESSAGE][PASSED] - Text 'John Doe' is set on object 'Object Repository/katalon demo/Page_CURA Healthcare Service/input_username'

29-01-2024T23:12:28 - [TEST_STEP][PASSED] - setEncryptedText(findTestObject("Object Repository/katalon demo/Page_CURA Healthcare Service/input_password"), "g3/DOGG74jC3Flrr3yH+3D/yKbOqqUNM"): Text ****** has been set on object 'Object Repository/katalon demo/Page_CURA Healthcare Service/input_password'

29-01-2024T23:12:28 - [MESSAGE][PASSED] - Text ****** has been set on object 'Object Repository/katalon demo/Page_CURA Healthcare Service/input_password'

29-01-2024T23:12:28 - [TEST_STEP][PASSED] - takeScreenshotAsCheckpoint("login katalon demo", STOP_ON_FAILURE): Taking screenshot successfully

29-01-2024T23:12:29 - [MESSAGE][INFO] - 0 hidden object(s)

29-01-2024T23:12:29 - [MESSAGE][PASSED] - Taking screenshot successfully
[[ATTACHMENT|keyes\keyes-login katalon demo.png]]

29-01-2024T23:12:29 - [TEST_STEP][PASSED] - click(findTestObject("Object Repository/katalon demo/Page_CURA Healthcare Service/button_Login")): Object: 'Object Repository/katalon demo/Page_CURA Healthcare Service/button_Login' is clicked on

29-01-2024T23:12:30 - [MESSAGE][PASSED] - Object: 'Object Repository/katalon demo/Page_CURA Healthcare Service/button_Login' is clicked on]]></system-out>
         <system-err><![CDATA[]]></system-err>
      </testcase>
      <testcase name="Test Cases/Katalon Demo/make appointment katalon demo" time="6.113" classname="Test Cases/Katalon Demo/make appointment katalon demo" status="PASSED">
         <system-out><![CDATA[29-01-2024T23:12:30 - [TEST_CASE][PASSED] - Test Cases/Katalon Demo/make appointment katalon demo: Test Cases/Katalon Demo/make appointment katalon demo

29-01-2024T23:12:30 - [TEST_STEP][PASSED] - selectOptionByValue(findTestObject("Object Repository/katalon demo/Page_CURA Healthcare Service/select_Tokyo"), "Hongkong CURA Healthcare Center", true): All options with value 'Hongkong CURA Healthcare Center' are selected in object 'Object Repository/katalon demo/Page_CURA Healthcare Service/select_Tokyo'  using regular expression

29-01-2024T23:12:31 - [MESSAGE][PASSED] - All options with value 'Hongkong CURA Healthcare Center' are selected in object 'Object Repository/katalon demo/Page_CURA Healthcare Service/select_Tokyo'  using regular expression

29-01-2024T23:12:31 - [TEST_STEP][PASSED] - click(findTestObject("Object Repository/katalon demo/Page_CURA Healthcare Service/label_Apply for hospital readmission")): Object: 'Object Repository/katalon demo/Page_CURA Healthcare Service/label_Apply for hospital readmission' is clicked on

29-01-2024T23:12:32 - [MESSAGE][PASSED] - Object: 'Object Repository/katalon demo/Page_CURA Healthcare Service/label_Apply for hospital readmission' is clicked on

29-01-2024T23:12:32 - [TEST_STEP][PASSED] - click(findTestObject("Object Repository/katalon demo/Page_CURA Healthcare Service/input_programs")): Object: 'Object Repository/katalon demo/Page_CURA Healthcare Service/input_programs' is clicked on

29-01-2024T23:12:32 - [MESSAGE][PASSED] - Object: 'Object Repository/katalon demo/Page_CURA Healthcare Service/input_programs' is clicked on

29-01-2024T23:12:32 - [TEST_STEP][PASSED] - click(findTestObject("Object Repository/katalon demo/Page_CURA Healthcare Service/span_glyphicon glyphicon-calendar")): Object: 'Object Repository/katalon demo/Page_CURA Healthcare Service/span_glyphicon glyphicon-calendar' is clicked on

29-01-2024T23:12:33 - [MESSAGE][PASSED] - Object: 'Object Repository/katalon demo/Page_CURA Healthcare Service/span_glyphicon glyphicon-calendar' is clicked on

29-01-2024T23:12:33 - [TEST_STEP][PASSED] - click(findTestObject("Object Repository/katalon demo/Page_CURA Healthcare Service/td_31")): Object: 'Object Repository/katalon demo/Page_CURA Healthcare Service/td_31' is clicked on

29-01-2024T23:12:33 - [MESSAGE][PASSED] - Object: 'Object Repository/katalon demo/Page_CURA Healthcare Service/td_31' is clicked on

29-01-2024T23:12:33 - [TEST_STEP][PASSED] - setText(findTestObject("Object Repository/katalon demo/Page_CURA Healthcare Service/textarea_comment"), "tes katalon demo"): Text 'tes katalon demo' is set on object 'Object Repository/katalon demo/Page_CURA Healthcare Service/textarea_comment'

29-01-2024T23:12:34 - [MESSAGE][PASSED] - Text 'tes katalon demo' is set on object 'Object Repository/katalon demo/Page_CURA Healthcare Service/textarea_comment'

29-01-2024T23:12:34 - [TEST_STEP][PASSED] - click(findTestObject("Object Repository/katalon demo/Page_CURA Healthcare Service/button_Book Appointment")): Object: 'Object Repository/katalon demo/Page_CURA Healthcare Service/button_Book Appointment' is clicked on

29-01-2024T23:12:35 - [MESSAGE][PASSED] - Object: 'Object Repository/katalon demo/Page_CURA Healthcare Service/button_Book Appointment' is clicked on

29-01-2024T23:12:35 - [TEST_STEP][PASSED] - verifyTextPresent("Appointment Confirmation", false): Text 'Appointment Confirmation' is present on page 

29-01-2024T23:12:35 - [MESSAGE][PASSED] - Text 'Appointment Confirmation' is present on page 

29-01-2024T23:12:35 - [TEST_STEP][PASSED] - takeScreenshotAsCheckpoint("appointment katalon demo"): Taking screenshot successfully

29-01-2024T23:12:35 - [MESSAGE][INFO] - 0 hidden object(s)

29-01-2024T23:12:35 - [MESSAGE][PASSED] - Taking screenshot successfully
[[ATTACHMENT|keyes\keyes-appointment katalon demo.png]]

29-01-2024T23:12:36 - [TEST_STEP][PASSED] - click(findTestObject("Object Repository/katalon demo/Page_CURA Healthcare Service/a_Go to Homepage")): Object: 'Object Repository/katalon demo/Page_CURA Healthcare Service/a_Go to Homepage' is clicked on

29-01-2024T23:12:36 - [MESSAGE][PASSED] - Object: 'Object Repository/katalon demo/Page_CURA Healthcare Service/a_Go to Homepage' is clicked on]]></system-out>
         <system-err><![CDATA[]]></system-err>
      </testcase>
      <testcase name="Test Cases/Katalon Demo/make appointment katalon demo 1" time="5.937" classname="Test Cases/Katalon Demo/make appointment katalon demo 1" status="PASSED">
         <system-out><![CDATA[29-01-2024T23:12:36 - [TEST_CASE][PASSED] - Test Cases/Katalon Demo/make appointment katalon demo 1: Test Cases/Katalon Demo/make appointment katalon demo 1

29-01-2024T23:12:36 - [TEST_STEP][PASSED] - selectOptionByValue(findTestObject("Object Repository/katalon demo/Page_CURA Healthcare Service/select_Tokyo"), "Seoul CURA Healthcare Center", true): All options with value 'Seoul CURA Healthcare Center' are selected in object 'Object Repository/katalon demo/Page_CURA Healthcare Service/select_Tokyo'  using regular expression

29-01-2024T23:12:37 - [MESSAGE][PASSED] - All options with value 'Seoul CURA Healthcare Center' are selected in object 'Object Repository/katalon demo/Page_CURA Healthcare Service/select_Tokyo'  using regular expression

29-01-2024T23:12:37 - [TEST_STEP][PASSED] - click(findTestObject("Object Repository/katalon demo/Page_CURA Healthcare Service/input_hospital_readmission")): Object: 'Object Repository/katalon demo/Page_CURA Healthcare Service/input_hospital_readmission' is clicked on

29-01-2024T23:12:38 - [MESSAGE][PASSED] - Object: 'Object Repository/katalon demo/Page_CURA Healthcare Service/input_hospital_readmission' is clicked on

29-01-2024T23:12:38 - [TEST_STEP][PASSED] - click(findTestObject("Object Repository/katalon demo/Page_CURA Healthcare Service/input_programs")): Object: 'Object Repository/katalon demo/Page_CURA Healthcare Service/input_programs' is clicked on

29-01-2024T23:12:38 - [MESSAGE][PASSED] - Object: 'Object Repository/katalon demo/Page_CURA Healthcare Service/input_programs' is clicked on

29-01-2024T23:12:38 - [TEST_STEP][PASSED] - click(findTestObject("Object Repository/katalon demo/Page_CURA Healthcare Service/span_glyphicon glyphicon-calendar")): Object: 'Object Repository/katalon demo/Page_CURA Healthcare Service/span_glyphicon glyphicon-calendar' is clicked on

29-01-2024T23:12:38 - [MESSAGE][PASSED] - Object: 'Object Repository/katalon demo/Page_CURA Healthcare Service/span_glyphicon glyphicon-calendar' is clicked on

29-01-2024T23:12:38 - [TEST_STEP][PASSED] - click(findTestObject("Object Repository/katalon demo/Page_CURA Healthcare Service/td_30")): Object: 'Object Repository/katalon demo/Page_CURA Healthcare Service/td_30' is clicked on

29-01-2024T23:12:39 - [MESSAGE][PASSED] - Object: 'Object Repository/katalon demo/Page_CURA Healthcare Service/td_30' is clicked on

29-01-2024T23:12:39 - [TEST_STEP][PASSED] - setText(findTestObject("Object Repository/katalon demo/Page_CURA Healthcare Service/textarea_comment"), "tes katalon"): Text 'tes katalon' is set on object 'Object Repository/katalon demo/Page_CURA Healthcare Service/textarea_comment'

29-01-2024T23:12:40 - [MESSAGE][PASSED] - Text 'tes katalon' is set on object 'Object Repository/katalon demo/Page_CURA Healthcare Service/textarea_comment'

29-01-2024T23:12:40 - [TEST_STEP][PASSED] - click(findTestObject("Object Repository/katalon demo/Page_CURA Healthcare Service/button_Book Appointment")): Object: 'Object Repository/katalon demo/Page_CURA Healthcare Service/button_Book Appointment' is clicked on

29-01-2024T23:12:40 - [MESSAGE][PASSED] - Object: 'Object Repository/katalon demo/Page_CURA Healthcare Service/button_Book Appointment' is clicked on

29-01-2024T23:12:40 - [TEST_STEP][PASSED] - verifyTextPresent("Appointment Confirmation", false): Text 'Appointment Confirmation' is present on page 

29-01-2024T23:12:41 - [MESSAGE][PASSED] - Text 'Appointment Confirmation' is present on page 

29-01-2024T23:12:41 - [TEST_STEP][PASSED] - takeScreenshotAsCheckpoint("appointment 1 katalon demo"): Taking screenshot successfully

29-01-2024T23:12:41 - [MESSAGE][INFO] - 0 hidden object(s)

29-01-2024T23:12:41 - [MESSAGE][PASSED] - Taking screenshot successfully
[[ATTACHMENT|keyes\keyes-appointment 1 katalon demo.png]]

29-01-2024T23:12:41 - [TEST_STEP][PASSED] - click(findTestObject("Object Repository/katalon demo/Page_CURA Healthcare Service/a_Go to Homepage")): Object: 'Object Repository/katalon demo/Page_CURA Healthcare Service/a_Go to Homepage' is clicked on

29-01-2024T23:12:42 - [MESSAGE][PASSED] - Object: 'Object Repository/katalon demo/Page_CURA Healthcare Service/a_Go to Homepage' is clicked on]]></system-out>
         <system-err><![CDATA[]]></system-err>
      </testcase>
      <testcase name="Test Cases/Katalon Demo/make appointment katalon demo 2" time="5.291" classname="Test Cases/Katalon Demo/make appointment katalon demo 2" status="PASSED">
         <system-out><![CDATA[29-01-2024T23:12:42 - [TEST_CASE][PASSED] - Test Cases/Katalon Demo/make appointment katalon demo 2: Test Cases/Katalon Demo/make appointment katalon demo 2

29-01-2024T23:12:42 - [TEST_STEP][PASSED] - click(findTestObject("Object Repository/katalon demo/Page_CURA Healthcare Service/label_Apply for hospital readmission")): Object: 'Object Repository/katalon demo/Page_CURA Healthcare Service/label_Apply for hospital readmission' is clicked on

29-01-2024T23:12:43 - [MESSAGE][PASSED] - Object: 'Object Repository/katalon demo/Page_CURA Healthcare Service/label_Apply for hospital readmission' is clicked on

29-01-2024T23:12:43 - [TEST_STEP][PASSED] - click(findTestObject("Object Repository/katalon demo/Page_CURA Healthcare Service/input_programs")): Object: 'Object Repository/katalon demo/Page_CURA Healthcare Service/input_programs' is clicked on

29-01-2024T23:12:43 - [MESSAGE][PASSED] - Object: 'Object Repository/katalon demo/Page_CURA Healthcare Service/input_programs' is clicked on

29-01-2024T23:12:43 - [TEST_STEP][PASSED] - click(findTestObject("Object Repository/katalon demo/Page_CURA Healthcare Service/input_visit_date")): Object: 'Object Repository/katalon demo/Page_CURA Healthcare Service/input_visit_date' is clicked on

29-01-2024T23:12:43 - [MESSAGE][PASSED] - Object: 'Object Repository/katalon demo/Page_CURA Healthcare Service/input_visit_date' is clicked on

29-01-2024T23:12:43 - [TEST_STEP][PASSED] - click(findTestObject("Object Repository/katalon demo/Page_CURA Healthcare Service/th_")): Object: 'Object Repository/katalon demo/Page_CURA Healthcare Service/th_' is clicked on

29-01-2024T23:12:44 - [MESSAGE][PASSED] - Object: 'Object Repository/katalon demo/Page_CURA Healthcare Service/th_' is clicked on

29-01-2024T23:12:44 - [TEST_STEP][PASSED] - click(findTestObject("Object Repository/katalon demo/Page_CURA Healthcare Service/td_28")): Object: 'Object Repository/katalon demo/Page_CURA Healthcare Service/td_28' is clicked on

29-01-2024T23:12:44 - [MESSAGE][PASSED] - Object: 'Object Repository/katalon demo/Page_CURA Healthcare Service/td_28' is clicked on

29-01-2024T23:12:44 - [TEST_STEP][PASSED] - setText(findTestObject("Object Repository/katalon demo/Page_CURA Healthcare Service/textarea_comment"), "tes katalon"): Text 'tes katalon' is set on object 'Object Repository/katalon demo/Page_CURA Healthcare Service/textarea_comment'

29-01-2024T23:12:45 - [MESSAGE][PASSED] - Text 'tes katalon' is set on object 'Object Repository/katalon demo/Page_CURA Healthcare Service/textarea_comment'

29-01-2024T23:12:45 - [TEST_STEP][PASSED] - click(findTestObject("Object Repository/katalon demo/Page_CURA Healthcare Service/button_Book Appointment")): Object: 'Object Repository/katalon demo/Page_CURA Healthcare Service/button_Book Appointment' is clicked on

29-01-2024T23:12:46 - [MESSAGE][PASSED] - Object: 'Object Repository/katalon demo/Page_CURA Healthcare Service/button_Book Appointment' is clicked on

29-01-2024T23:12:46 - [TEST_STEP][PASSED] - verifyTextPresent("Appointment Confirmation", false): Text 'Appointment Confirmation' is present on page 

29-01-2024T23:12:46 - [MESSAGE][PASSED] - Text 'Appointment Confirmation' is present on page 

29-01-2024T23:12:46 - [TEST_STEP][PASSED] - takeScreenshotAsCheckpoint("appointment 2 katalon demo"): Taking screenshot successfully

29-01-2024T23:12:47 - [MESSAGE][INFO] - 0 hidden object(s)

29-01-2024T23:12:47 - [MESSAGE][PASSED] - Taking screenshot successfully
[[ATTACHMENT|keyes\keyes-appointment 2 katalon demo.png]]

29-01-2024T23:12:47 - [TEST_STEP][PASSED] - click(findTestObject("Object Repository/katalon demo/Page_CURA Healthcare Service/a_Go to Homepage")): Object: 'Object Repository/katalon demo/Page_CURA Healthcare Service/a_Go to Homepage' is clicked on

29-01-2024T23:12:47 - [MESSAGE][PASSED] - Object: 'Object Repository/katalon demo/Page_CURA Healthcare Service/a_Go to Homepage' is clicked on]]></system-out>
         <system-err><![CDATA[]]></system-err>
      </testcase>
      <testcase name="Test Cases/Katalon Demo/history katalon demo" time="73.545" classname="Test Cases/Katalon Demo/history katalon demo" status="PASSED">
         <system-out><![CDATA[29-01-2024T23:12:47 - [TEST_CASE][PASSED] - Test Cases/Katalon Demo/history katalon demo: Test Cases/Katalon Demo/history katalon demo

29-01-2024T23:12:48 - [TEST_STEP][PASSED] - click(findTestObject("Object Repository/katalon demo/Page_CURA Healthcare Service/amenu-toggle")): Object: 'Object Repository/katalon demo/Page_CURA Healthcare Service/amenu-toggle' is clicked on

29-01-2024T23:12:48 - [MESSAGE][PASSED] - Object: 'Object Repository/katalon demo/Page_CURA Healthcare Service/amenu-toggle' is clicked on

29-01-2024T23:12:48 - [TEST_STEP][PASSED] - click(findTestObject("Object Repository/katalon demo/Page_CURA Healthcare Service/a_History")): Object: 'Object Repository/katalon demo/Page_CURA Healthcare Service/a_History' is clicked on

29-01-2024T23:12:49 - [MESSAGE][PASSED] - Object: 'Object Repository/katalon demo/Page_CURA Healthcare Service/a_History' is clicked on

29-01-2024T23:12:49 - [TEST_STEP][PASSED] - takeScreenshotAsCheckpoint("history katalon demo"): Taking screenshot successfully

29-01-2024T23:12:50 - [MESSAGE][INFO] - 0 hidden object(s)

29-01-2024T23:12:50 - [MESSAGE][PASSED] - Taking screenshot successfully
[[ATTACHMENT|keyes\keyes-history katalon demo.png]]

29-01-2024T23:12:50 - [TEST_STEP][PASSED] - scrollToElement(findTestObject("katalon demo/Page_CURA Healthcare Service/a_Go to Homepage"), 3): Scroll to object 'Object Repository/katalon demo/Page_CURA Healthcare Service/a_Go to Homepage' successfully

29-01-2024T23:13:21 - [MESSAGE][INFO] - Unable to find the element located by 'By.xpath: //section[@id='summary']/div/div/div[7]/p/a'. Please recheck the objects properties to make sure the desired element is located. 

29-01-2024T23:13:21 - [MESSAGE][WARNING] - [SELF-HEALING] Failed to find element with id 'Object Repository/katalon demo/Page_CURA Healthcare Service/a_Go to Homepage'. Try using Self-healing.

29-01-2024T23:13:21 - [MESSAGE][WARNING] - [SELF-HEALING] The current locator of test object 'Object Repository/katalon demo/Page_CURA Healthcare Service/a_Go to Homepage' was broken. Propose an alternative one: '//a[contains(text(),'Go to Homepage')]'.

29-01-2024T23:13:21 - [MESSAGE][PASSED] - Scroll to object 'Object Repository/katalon demo/Page_CURA Healthcare Service/a_Go to Homepage' successfully

29-01-2024T23:13:21 - [TEST_STEP][PASSED] - click(findTestObject("Object Repository/katalon demo/Page_CURA Healthcare Service/a_Go to Homepage")): Object: 'Object Repository/katalon demo/Page_CURA Healthcare Service/a_Go to Homepage' is clicked on

29-01-2024T23:13:52 - [MESSAGE][INFO] - Unable to find the element located by 'By.xpath: //section[@id='summary']/div/div/div[7]/p/a'. Please recheck the objects properties to make sure the desired element is located. 

29-01-2024T23:13:52 - [MESSAGE][WARNING] - [SELF-HEALING] Failed to find element with id 'Object Repository/katalon demo/Page_CURA Healthcare Service/a_Go to Homepage'. Try using Self-healing.

29-01-2024T23:13:53 - [MESSAGE][WARNING] - [SELF-HEALING] The current locator of test object 'Object Repository/katalon demo/Page_CURA Healthcare Service/a_Go to Homepage' was broken. Propose an alternative one: '//a[contains(text(),'Go to Homepage')]'.

29-01-2024T23:14:01 - [MESSAGE][PASSED] - Object: 'Object Repository/katalon demo/Page_CURA Healthcare Service/a_Go to Homepage' is clicked on]]></system-out>
         <system-err><![CDATA[]]></system-err>
      </testcase>
      <testcase name="Test Cases/Katalon Demo/profile katalon demo" time="3.835" classname="Test Cases/Katalon Demo/profile katalon demo" status="PASSED">
         <system-out><![CDATA[29-01-2024T23:14:01 - [TEST_CASE][PASSED] - Test Cases/Katalon Demo/profile katalon demo: Test Cases/Katalon Demo/profile katalon demo

29-01-2024T23:14:01 - [TEST_STEP][PASSED] - click(findTestObject("Object Repository/katalon demo/Page_CURA Healthcare Service/i_fa fa-bars")): Object: 'Object Repository/katalon demo/Page_CURA Healthcare Service/i_fa fa-bars' is clicked on

29-01-2024T23:14:01 - [MESSAGE][PASSED] - Object: 'Object Repository/katalon demo/Page_CURA Healthcare Service/i_fa fa-bars' is clicked on

29-01-2024T23:14:01 - [TEST_STEP][PASSED] - click(findTestObject("Object Repository/katalon demo/Page_CURA Healthcare Service/a_Profile")): Object: 'Object Repository/katalon demo/Page_CURA Healthcare Service/a_Profile' is clicked on

29-01-2024T23:14:03 - [MESSAGE][PASSED] - Object: 'Object Repository/katalon demo/Page_CURA Healthcare Service/a_Profile' is clicked on

29-01-2024T23:14:03 - [TEST_STEP][PASSED] - takeScreenshotAsCheckpoint("profile katalon demo"): Taking screenshot successfully

29-01-2024T23:14:03 - [MESSAGE][INFO] - 0 hidden object(s)

29-01-2024T23:14:03 - [MESSAGE][PASSED] - Taking screenshot successfully
[[ATTACHMENT|keyes\keyes-profile katalon demo.png]]

29-01-2024T23:14:03 - [TEST_STEP][PASSED] - click(findTestObject("Object Repository/katalon demo/Page_CURA Healthcare Service/i_fa fa-bars")): Object: 'Object Repository/katalon demo/Page_CURA Healthcare Service/i_fa fa-bars' is clicked on

29-01-2024T23:14:04 - [MESSAGE][PASSED] - Object: 'Object Repository/katalon demo/Page_CURA Healthcare Service/i_fa fa-bars' is clicked on

29-01-2024T23:14:04 - [TEST_STEP][PASSED] - click(findTestObject("Object Repository/katalon demo/Page_CURA Healthcare Service/a_Home")): Object: 'Object Repository/katalon demo/Page_CURA Healthcare Service/a_Home' is clicked on

29-01-2024T23:14:05 - [MESSAGE][PASSED] - Object: 'Object Repository/katalon demo/Page_CURA Healthcare Service/a_Home' is clicked on]]></system-out>
         <system-err><![CDATA[]]></system-err>
      </testcase>
      <testcase name="Test Cases/Katalon Demo/logout katalon demo" time="2.764" classname="Test Cases/Katalon Demo/logout katalon demo" status="PASSED">
         <system-out><![CDATA[29-01-2024T23:14:05 - [TEST_CASE][PASSED] - Test Cases/Katalon Demo/logout katalon demo: Test Cases/Katalon Demo/logout katalon demo

29-01-2024T23:14:05 - [TEST_STEP][PASSED] - click(findTestObject("Object Repository/katalon demo/Page_CURA Healthcare Service/i_fa fa-bars")): Object: 'Object Repository/katalon demo/Page_CURA Healthcare Service/i_fa fa-bars' is clicked on

29-01-2024T23:14:05 - [MESSAGE][PASSED] - Object: 'Object Repository/katalon demo/Page_CURA Healthcare Service/i_fa fa-bars' is clicked on

29-01-2024T23:14:05 - [TEST_STEP][PASSED] - takeScreenshotAsCheckpoint("logout katalon demo"): Taking screenshot successfully

29-01-2024T23:14:06 - [MESSAGE][INFO] - 0 hidden object(s)

29-01-2024T23:14:06 - [MESSAGE][PASSED] - Taking screenshot successfully
[[ATTACHMENT|keyes\keyes-logout katalon demo.png]]

29-01-2024T23:14:06 - [TEST_STEP][PASSED] - click(findTestObject("Object Repository/katalon demo/Page_CURA Healthcare Service/a_Logout")): Object: 'Object Repository/katalon demo/Page_CURA Healthcare Service/a_Logout' is clicked on

29-01-2024T23:14:07 - [MESSAGE][PASSED] - Object: 'Object Repository/katalon demo/Page_CURA Healthcare Service/a_Logout' is clicked on

29-01-2024T23:14:07 - [TEST_STEP][PASSED] - closeBrowser(): Browser is closed

29-01-2024T23:14:08 - [MESSAGE][PASSED] - Browser is closed]]></system-out>
         <system-err><![CDATA[]]></system-err>
      </testcase>
      <testcase name="Test Cases/Katalon Demo/negatif login katalon demo" time="13.635" classname="Test Cases/Katalon Demo/negatif login katalon demo" status="PASSED">
         <system-out><![CDATA[29-01-2024T23:14:08 - [TEST_CASE][PASSED] - Test Cases/Katalon Demo/negatif login katalon demo: Test Cases/Katalon Demo/negatif login katalon demo

29-01-2024T23:14:08 - [TEST_STEP][PASSED] - openBrowser(""): Browser is opened with url: ''

29-01-2024T23:14:08 - [MESSAGE][INFO] - Starting 'Chrome' driver

29-01-2024T23:14:08 - [MESSAGE][INFO] - Action delay is set to 0 milliseconds

29-01-2024T23:14:09 - [MESSAGE][PASSED] - Browser is opened with url: ''

29-01-2024T23:14:09 - [TEST_STEP][PASSED] - navigateToUrl("https://katalon-demo-cura.herokuapp.com/"): Navigate to 'https://katalon-demo-cura.herokuapp.com/' successfully

29-01-2024T23:14:12 - [MESSAGE][PASSED] - Navigate to 'https://katalon-demo-cura.herokuapp.com/' successfully

29-01-2024T23:14:12 - [TEST_STEP][PASSED] - click(findTestObject("Object Repository/katalon demo/Page_CURA Healthcare Service/amenu-toggle")): Object: 'Object Repository/katalon demo/Page_CURA Healthcare Service/amenu-toggle' is clicked on

29-01-2024T23:14:13 - [MESSAGE][PASSED] - Object: 'Object Repository/katalon demo/Page_CURA Healthcare Service/amenu-toggle' is clicked on

29-01-2024T23:14:13 - [TEST_STEP][PASSED] - click(findTestObject("Object Repository/katalon demo/Page_CURA Healthcare Service/a_Login")): Object: 'Object Repository/katalon demo/Page_CURA Healthcare Service/a_Login' is clicked on

29-01-2024T23:14:14 - [MESSAGE][PASSED] - Object: 'Object Repository/katalon demo/Page_CURA Healthcare Service/a_Login' is clicked on

29-01-2024T23:14:14 - [TEST_STEP][PASSED] - setText(findTestObject("Object Repository/katalon demo/Page_CURA Healthcare Service/input_username"), username1): Text 'aaaaa' is set on object 'Object Repository/katalon demo/Page_CURA Healthcare Service/input_username'

29-01-2024T23:14:14 - [MESSAGE][PASSED] - Text 'aaaaa' is set on object 'Object Repository/katalon demo/Page_CURA Healthcare Service/input_username'

29-01-2024T23:14:14 - [TEST_STEP][PASSED] - setText(findTestObject("Object Repository/katalon demo/Page_CURA Healthcare Service/input_password"), password1): Text 'aaaaaaaa' is set on object 'Object Repository/katalon demo/Page_CURA Healthcare Service/input_password'

29-01-2024T23:14:15 - [MESSAGE][PASSED] - Text 'aaaaaaaa' is set on object 'Object Repository/katalon demo/Page_CURA Healthcare Service/input_password'

29-01-2024T23:14:15 - [TEST_STEP][PASSED] - click(findTestObject("katalon demo/Page_CURA Healthcare Service/button_Login")): Object: 'Object Repository/katalon demo/Page_CURA Healthcare Service/button_Login' is clicked on

29-01-2024T23:14:16 - [MESSAGE][PASSED] - Object: 'Object Repository/katalon demo/Page_CURA Healthcare Service/button_Login' is clicked on

29-01-2024T23:14:16 - [TEST_STEP][PASSED] - verifyTextPresent("Login failed!", false): Text 'Login failed!' is present on page 

29-01-2024T23:14:16 - [MESSAGE][PASSED] - Text 'Login failed!' is present on page 

29-01-2024T23:14:16 - [TEST_STEP][PASSED] - takeScreenshotAsCheckpoint("negatif 1 login katalon demo"): Taking screenshot successfully

29-01-2024T23:14:17 - [MESSAGE][INFO] - 0 hidden object(s)

29-01-2024T23:14:17 - [MESSAGE][PASSED] - Taking screenshot successfully
[[ATTACHMENT|keyes\keyes-negatif 1 login katalon demo.png]]

29-01-2024T23:14:17 - [TEST_STEP][PASSED] - click(findTestObject("Object Repository/katalon demo/Page_CURA Healthcare Service/button_Login")): Object: 'Object Repository/katalon demo/Page_CURA Healthcare Service/button_Login' is clicked on

29-01-2024T23:14:18 - [MESSAGE][PASSED] - Object: 'Object Repository/katalon demo/Page_CURA Healthcare Service/button_Login' is clicked on

29-01-2024T23:14:18 - [TEST_STEP][PASSED] - setText(findTestObject("katalon demo/Page_CURA Healthcare Service/input_username"), username2): Text 'bbbbb' is set on object 'Object Repository/katalon demo/Page_CURA Healthcare Service/input_username'

29-01-2024T23:14:18 - [MESSAGE][PASSED] - Text 'bbbbb' is set on object 'Object Repository/katalon demo/Page_CURA Healthcare Service/input_username'

29-01-2024T23:14:18 - [TEST_STEP][PASSED] - setText(findTestObject("katalon demo/Page_CURA Healthcare Service/input_password"), password2): Text 'bbbbbbbb' is set on object 'Object Repository/katalon demo/Page_CURA Healthcare Service/input_password'

29-01-2024T23:14:19 - [MESSAGE][PASSED] - Text 'bbbbbbbb' is set on object 'Object Repository/katalon demo/Page_CURA Healthcare Service/input_password'

29-01-2024T23:14:19 - [TEST_STEP][PASSED] - click(findTestObject("katalon demo/Page_CURA Healthcare Service/button_Login")): Object: 'Object Repository/katalon demo/Page_CURA Healthcare Service/button_Login' is clicked on

29-01-2024T23:14:20 - [MESSAGE][PASSED] - Object: 'Object Repository/katalon demo/Page_CURA Healthcare Service/button_Login' is clicked on

29-01-2024T23:14:20 - [TEST_STEP][PASSED] - verifyTextPresent("Login failed!", false): Text 'Login failed!' is present on page 

29-01-2024T23:14:21 - [MESSAGE][PASSED] - Text 'Login failed!' is present on page 

29-01-2024T23:14:21 - [TEST_STEP][PASSED] - takeScreenshotAsCheckpoint("negatif 2 login katalon demo"): Taking screenshot successfully

29-01-2024T23:14:21 - [MESSAGE][INFO] - 0 hidden object(s)

29-01-2024T23:14:21 - [MESSAGE][PASSED] - Taking screenshot successfully
[[ATTACHMENT|keyes\keyes-negatif 2 login katalon demo.png]]]]></system-out>
         <system-err><![CDATA[]]></system-err>
      </testcase>
      <system-out><![CDATA[29-01-2024T23:12:10 - [TEST_SUITE][PASSED] - katalon demo: Test Cases/Katalon Demo/negatif login katalon demo]]></system-out>
      <system-err><![CDATA[]]></system-err>
   </testsuite>
   <testsuite name="katalon demo" tests="8" failures="0" errors="0" time="121.888" skipped="0" timestamp="29-01-2024T23:14:28" hostname="0517 - Pierrot" id="Test Suites/katalon demo">
      <properties>
         <property name="deviceName" value=""/>
         <property name="devicePlatform" value=""/>
         <property name="logFolder" value="C:\\Users\\0517\\Katalon Studio\\poc bni\\Reports\\20240129_231002\\katalon demo\\20240129_231017"/>
         <property name="logFiles" value="C:\\Users\\0517\\Katalon Studio\\poc bni\\Reports\\20240129_231002\\katalon demo\\20240129_231017\\execution0.log"/>
         <property name="attachments" value="keyes\keyes-login katalon demo.png, keyes\keyes-appointment katalon demo.png, keyes\keyes-appointment 1 katalon demo.png, keyes\keyes-appointment 2 katalon demo.png, keyes\keyes-history katalon demo.png, keyes\keyes-profile katalon demo.png, keyes\keyes-logout katalon demo.png, keyes\keyes-negatif 1 login katalon demo.png, keyes\keyes-negatif 2 login katalon demo.png"/>
         <property name="hostName" value="0517 - Pierrot"/>
         <property name="os" value="Windows 10 64bit"/>
         <property name="katalonVersion" value="9.2.0.212"/>
         <property name="browser" value="Chrome 121.0.0.0"/>
         <property name="hostAddress" value="192.168.96.2"/>
         <property name="sessionId" value="b636da71ffa856dce03fa952b21c3673"/>
         <property name="seleniumVersion" value="3.141.59"/>
         <property name="proxyInformation" value="ProxyInformation { proxyOption=NO_PROXY, proxyServerType=HTTP, username=, password=********, proxyServerAddress=, proxyServerPort=0, executionList=&quot;&quot;, isApplyToDesiredCapabilities=true }"/>
         <property name="platform" value="Windows 10"/>
      </properties>
      <testcase name="Test Cases/Katalon Demo/login katalon demo" time="12.677" classname="Test Cases/Katalon Demo/login katalon demo" status="PASSED">
         <system-out><![CDATA[29-01-2024T23:14:28 - [TEST_CASE][PASSED] - Test Cases/Katalon Demo/login katalon demo: Test Cases/Katalon Demo/login katalon demo

29-01-2024T23:14:29 - [TEST_STEP][PASSED] - openBrowser(""): Browser is opened with url: ''

29-01-2024T23:14:29 - [MESSAGE][INFO] - Starting 'Chrome' driver

29-01-2024T23:14:29 - [MESSAGE][INFO] - Action delay is set to 0 milliseconds

29-01-2024T23:14:31 - [MESSAGE][PASSED] - Browser is opened with url: ''

29-01-2024T23:14:31 - [TEST_STEP][PASSED] - navigateToUrl("https://katalon-demo-cura.herokuapp.com/"): Navigate to 'https://katalon-demo-cura.herokuapp.com/' successfully

29-01-2024T23:14:37 - [MESSAGE][PASSED] - Navigate to 'https://katalon-demo-cura.herokuapp.com/' successfully

29-01-2024T23:14:37 - [TEST_STEP][PASSED] - click(findTestObject("Object Repository/katalon demo/Page_CURA Healthcare Service/amenu-toggle")): Object: 'Object Repository/katalon demo/Page_CURA Healthcare Service/amenu-toggle' is clicked on

29-01-2024T23:14:37 - [MESSAGE][PASSED] - Object: 'Object Repository/katalon demo/Page_CURA Healthcare Service/amenu-toggle' is clicked on

29-01-2024T23:14:37 - [TEST_STEP][PASSED] - click(findTestObject("Object Repository/katalon demo/Page_CURA Healthcare Service/a_Login")): Object: 'Object Repository/katalon demo/Page_CURA Healthcare Service/a_Login' is clicked on

29-01-2024T23:14:38 - [MESSAGE][PASSED] - Object: 'Object Repository/katalon demo/Page_CURA Healthcare Service/a_Login' is clicked on

29-01-2024T23:14:38 - [TEST_STEP][PASSED] - setText(findTestObject("Object Repository/katalon demo/Page_CURA Healthcare Service/input_username"), "John Doe"): Text 'John Doe' is set on object 'Object Repository/katalon demo/Page_CURA Healthcare Service/input_username'

29-01-2024T23:14:39 - [MESSAGE][PASSED] - Text 'John Doe' is set on object 'Object Repository/katalon demo/Page_CURA Healthcare Service/input_username'

29-01-2024T23:14:39 - [TEST_STEP][PASSED] - setEncryptedText(findTestObject("Object Repository/katalon demo/Page_CURA Healthcare Service/input_password"), "g3/DOGG74jC3Flrr3yH+3D/yKbOqqUNM"): Text ****** has been set on object 'Object Repository/katalon demo/Page_CURA Healthcare Service/input_password'

29-01-2024T23:14:39 - [MESSAGE][PASSED] - Text ****** has been set on object 'Object Repository/katalon demo/Page_CURA Healthcare Service/input_password'

29-01-2024T23:14:39 - [TEST_STEP][PASSED] - takeScreenshotAsCheckpoint("login katalon demo", STOP_ON_FAILURE): Taking screenshot successfully

29-01-2024T23:14:40 - [MESSAGE][INFO] - 0 hidden object(s)

29-01-2024T23:14:40 - [MESSAGE][PASSED] - Taking screenshot successfully
[[ATTACHMENT|keyes\keyes-login katalon demo.png]]

29-01-2024T23:14:40 - [TEST_STEP][PASSED] - click(findTestObject("Object Repository/katalon demo/Page_CURA Healthcare Service/button_Login")): Object: 'Object Repository/katalon demo/Page_CURA Healthcare Service/button_Login' is clicked on

29-01-2024T23:14:41 - [MESSAGE][PASSED] - Object: 'Object Repository/katalon demo/Page_CURA Healthcare Service/button_Login' is clicked on]]></system-out>
         <system-err><![CDATA[]]></system-err>
      </testcase>
      <testcase name="Test Cases/Katalon Demo/make appointment katalon demo" time="10.861" classname="Test Cases/Katalon Demo/make appointment katalon demo" status="PASSED">
         <system-out><![CDATA[29-01-2024T23:14:41 - [TEST_CASE][PASSED] - Test Cases/Katalon Demo/make appointment katalon demo: Test Cases/Katalon Demo/make appointment katalon demo

29-01-2024T23:14:41 - [TEST_STEP][PASSED] - selectOptionByValue(findTestObject("Object Repository/katalon demo/Page_CURA Healthcare Service/select_Tokyo"), "Hongkong CURA Healthcare Center", true): All options with value 'Hongkong CURA Healthcare Center' are selected in object 'Object Repository/katalon demo/Page_CURA Healthcare Service/select_Tokyo'  using regular expression

29-01-2024T23:14:42 - [MESSAGE][PASSED] - All options with value 'Hongkong CURA Healthcare Center' are selected in object 'Object Repository/katalon demo/Page_CURA Healthcare Service/select_Tokyo'  using regular expression

29-01-2024T23:14:42 - [TEST_STEP][PASSED] - click(findTestObject("Object Repository/katalon demo/Page_CURA Healthcare Service/label_Apply for hospital readmission")): Object: 'Object Repository/katalon demo/Page_CURA Healthcare Service/label_Apply for hospital readmission' is clicked on

29-01-2024T23:14:43 - [MESSAGE][PASSED] - Object: 'Object Repository/katalon demo/Page_CURA Healthcare Service/label_Apply for hospital readmission' is clicked on

29-01-2024T23:14:43 - [TEST_STEP][PASSED] - click(findTestObject("Object Repository/katalon demo/Page_CURA Healthcare Service/input_programs")): Object: 'Object Repository/katalon demo/Page_CURA Healthcare Service/input_programs' is clicked on

29-01-2024T23:14:43 - [MESSAGE][PASSED] - Object: 'Object Repository/katalon demo/Page_CURA Healthcare Service/input_programs' is clicked on

29-01-2024T23:14:43 - [TEST_STEP][PASSED] - click(findTestObject("Object Repository/katalon demo/Page_CURA Healthcare Service/span_glyphicon glyphicon-calendar")): Object: 'Object Repository/katalon demo/Page_CURA Healthcare Service/span_glyphicon glyphicon-calendar' is clicked on

29-01-2024T23:14:43 - [MESSAGE][PASSED] - Object: 'Object Repository/katalon demo/Page_CURA Healthcare Service/span_glyphicon glyphicon-calendar' is clicked on

29-01-2024T23:14:43 - [TEST_STEP][PASSED] - click(findTestObject("Object Repository/katalon demo/Page_CURA Healthcare Service/td_31")): Object: 'Object Repository/katalon demo/Page_CURA Healthcare Service/td_31' is clicked on

29-01-2024T23:14:44 - [MESSAGE][PASSED] - Object: 'Object Repository/katalon demo/Page_CURA Healthcare Service/td_31' is clicked on

29-01-2024T23:14:44 - [TEST_STEP][PASSED] - setText(findTestObject("Object Repository/katalon demo/Page_CURA Healthcare Service/textarea_comment"), "tes katalon demo"): Text 'tes katalon demo' is set on object 'Object Repository/katalon demo/Page_CURA Healthcare Service/textarea_comment'

29-01-2024T23:14:45 - [MESSAGE][PASSED] - Text 'tes katalon demo' is set on object 'Object Repository/katalon demo/Page_CURA Healthcare Service/textarea_comment'

29-01-2024T23:14:45 - [TEST_STEP][PASSED] - click(findTestObject("Object Repository/katalon demo/Page_CURA Healthcare Service/button_Book Appointment")): Object: 'Object Repository/katalon demo/Page_CURA Healthcare Service/button_Book Appointment' is clicked on

29-01-2024T23:14:50 - [MESSAGE][PASSED] - Object: 'Object Repository/katalon demo/Page_CURA Healthcare Service/button_Book Appointment' is clicked on

29-01-2024T23:14:50 - [TEST_STEP][PASSED] - verifyTextPresent("Appointment Confirmation", false): Text 'Appointment Confirmation' is present on page 

29-01-2024T23:14:50 - [MESSAGE][PASSED] - Text 'Appointment Confirmation' is present on page 

29-01-2024T23:14:50 - [TEST_STEP][PASSED] - takeScreenshotAsCheckpoint("appointment katalon demo"): Taking screenshot successfully

29-01-2024T23:14:51 - [MESSAGE][INFO] - 0 hidden object(s)

29-01-2024T23:14:51 - [MESSAGE][PASSED] - Taking screenshot successfully
[[ATTACHMENT|keyes\keyes-appointment katalon demo.png]]

29-01-2024T23:14:51 - [TEST_STEP][PASSED] - click(findTestObject("Object Repository/katalon demo/Page_CURA Healthcare Service/a_Go to Homepage")): Object: 'Object Repository/katalon demo/Page_CURA Healthcare Service/a_Go to Homepage' is clicked on

29-01-2024T23:14:52 - [MESSAGE][PASSED] - Object: 'Object Repository/katalon demo/Page_CURA Healthcare Service/a_Go to Homepage' is clicked on]]></system-out>
         <system-err><![CDATA[]]></system-err>
      </testcase>
      <testcase name="Test Cases/Katalon Demo/make appointment katalon demo 1" time="6.098" classname="Test Cases/Katalon Demo/make appointment katalon demo 1" status="PASSED">
         <system-out><![CDATA[29-01-2024T23:14:52 - [TEST_CASE][PASSED] - Test Cases/Katalon Demo/make appointment katalon demo 1: Test Cases/Katalon Demo/make appointment katalon demo 1

29-01-2024T23:14:52 - [TEST_STEP][PASSED] - selectOptionByValue(findTestObject("Object Repository/katalon demo/Page_CURA Healthcare Service/select_Tokyo"), "Seoul CURA Healthcare Center", true): All options with value 'Seoul CURA Healthcare Center' are selected in object 'Object Repository/katalon demo/Page_CURA Healthcare Service/select_Tokyo'  using regular expression

29-01-2024T23:14:53 - [MESSAGE][PASSED] - All options with value 'Seoul CURA Healthcare Center' are selected in object 'Object Repository/katalon demo/Page_CURA Healthcare Service/select_Tokyo'  using regular expression

29-01-2024T23:14:53 - [TEST_STEP][PASSED] - click(findTestObject("Object Repository/katalon demo/Page_CURA Healthcare Service/input_hospital_readmission")): Object: 'Object Repository/katalon demo/Page_CURA Healthcare Service/input_hospital_readmission' is clicked on

29-01-2024T23:14:53 - [MESSAGE][PASSED] - Object: 'Object Repository/katalon demo/Page_CURA Healthcare Service/input_hospital_readmission' is clicked on

29-01-2024T23:14:53 - [TEST_STEP][PASSED] - click(findTestObject("Object Repository/katalon demo/Page_CURA Healthcare Service/input_programs")): Object: 'Object Repository/katalon demo/Page_CURA Healthcare Service/input_programs' is clicked on

29-01-2024T23:14:54 - [MESSAGE][PASSED] - Object: 'Object Repository/katalon demo/Page_CURA Healthcare Service/input_programs' is clicked on

29-01-2024T23:14:54 - [TEST_STEP][PASSED] - click(findTestObject("Object Repository/katalon demo/Page_CURA Healthcare Service/span_glyphicon glyphicon-calendar")): Object: 'Object Repository/katalon demo/Page_CURA Healthcare Service/span_glyphicon glyphicon-calendar' is clicked on

29-01-2024T23:14:54 - [MESSAGE][PASSED] - Object: 'Object Repository/katalon demo/Page_CURA Healthcare Service/span_glyphicon glyphicon-calendar' is clicked on

29-01-2024T23:14:54 - [TEST_STEP][PASSED] - click(findTestObject("Object Repository/katalon demo/Page_CURA Healthcare Service/td_30")): Object: 'Object Repository/katalon demo/Page_CURA Healthcare Service/td_30' is clicked on

29-01-2024T23:14:55 - [MESSAGE][PASSED] - Object: 'Object Repository/katalon demo/Page_CURA Healthcare Service/td_30' is clicked on

29-01-2024T23:14:55 - [TEST_STEP][PASSED] - setText(findTestObject("Object Repository/katalon demo/Page_CURA Healthcare Service/textarea_comment"), "tes katalon"): Text 'tes katalon' is set on object 'Object Repository/katalon demo/Page_CURA Healthcare Service/textarea_comment'

29-01-2024T23:14:56 - [MESSAGE][PASSED] - Text 'tes katalon' is set on object 'Object Repository/katalon demo/Page_CURA Healthcare Service/textarea_comment'

29-01-2024T23:14:56 - [TEST_STEP][PASSED] - click(findTestObject("Object Repository/katalon demo/Page_CURA Healthcare Service/button_Book Appointment")): Object: 'Object Repository/katalon demo/Page_CURA Healthcare Service/button_Book Appointment' is clicked on

29-01-2024T23:14:56 - [MESSAGE][PASSED] - Object: 'Object Repository/katalon demo/Page_CURA Healthcare Service/button_Book Appointment' is clicked on

29-01-2024T23:14:56 - [TEST_STEP][PASSED] - verifyTextPresent("Appointment Confirmation", false): Text 'Appointment Confirmation' is present on page 

29-01-2024T23:14:57 - [MESSAGE][PASSED] - Text 'Appointment Confirmation' is present on page 

29-01-2024T23:14:57 - [TEST_STEP][PASSED] - takeScreenshotAsCheckpoint("appointment 1 katalon demo"): Taking screenshot successfully

29-01-2024T23:14:57 - [MESSAGE][INFO] - 0 hidden object(s)

29-01-2024T23:14:57 - [MESSAGE][PASSED] - Taking screenshot successfully
[[ATTACHMENT|keyes\keyes-appointment 1 katalon demo.png]]

29-01-2024T23:14:57 - [TEST_STEP][PASSED] - click(findTestObject("Object Repository/katalon demo/Page_CURA Healthcare Service/a_Go to Homepage")): Object: 'Object Repository/katalon demo/Page_CURA Healthcare Service/a_Go to Homepage' is clicked on

29-01-2024T23:14:58 - [MESSAGE][PASSED] - Object: 'Object Repository/katalon demo/Page_CURA Healthcare Service/a_Go to Homepage' is clicked on]]></system-out>
         <system-err><![CDATA[]]></system-err>
      </testcase>
      <testcase name="Test Cases/Katalon Demo/make appointment katalon demo 2" time="5.415" classname="Test Cases/Katalon Demo/make appointment katalon demo 2" status="PASSED">
         <system-out><![CDATA[29-01-2024T23:14:58 - [TEST_CASE][PASSED] - Test Cases/Katalon Demo/make appointment katalon demo 2: Test Cases/Katalon Demo/make appointment katalon demo 2

29-01-2024T23:14:58 - [TEST_STEP][PASSED] - click(findTestObject("Object Repository/katalon demo/Page_CURA Healthcare Service/label_Apply for hospital readmission")): Object: 'Object Repository/katalon demo/Page_CURA Healthcare Service/label_Apply for hospital readmission' is clicked on

29-01-2024T23:14:58 - [MESSAGE][PASSED] - Object: 'Object Repository/katalon demo/Page_CURA Healthcare Service/label_Apply for hospital readmission' is clicked on

29-01-2024T23:14:58 - [TEST_STEP][PASSED] - click(findTestObject("Object Repository/katalon demo/Page_CURA Healthcare Service/input_programs")): Object: 'Object Repository/katalon demo/Page_CURA Healthcare Service/input_programs' is clicked on

29-01-2024T23:14:59 - [MESSAGE][PASSED] - Object: 'Object Repository/katalon demo/Page_CURA Healthcare Service/input_programs' is clicked on

29-01-2024T23:14:59 - [TEST_STEP][PASSED] - click(findTestObject("Object Repository/katalon demo/Page_CURA Healthcare Service/input_visit_date")): Object: 'Object Repository/katalon demo/Page_CURA Healthcare Service/input_visit_date' is clicked on

29-01-2024T23:14:59 - [MESSAGE][PASSED] - Object: 'Object Repository/katalon demo/Page_CURA Healthcare Service/input_visit_date' is clicked on

29-01-2024T23:14:59 - [TEST_STEP][PASSED] - click(findTestObject("Object Repository/katalon demo/Page_CURA Healthcare Service/th_")): Object: 'Object Repository/katalon demo/Page_CURA Healthcare Service/th_' is clicked on

29-01-2024T23:15:00 - [MESSAGE][PASSED] - Object: 'Object Repository/katalon demo/Page_CURA Healthcare Service/th_' is clicked on

29-01-2024T23:15:00 - [TEST_STEP][PASSED] - click(findTestObject("Object Repository/katalon demo/Page_CURA Healthcare Service/td_28")): Object: 'Object Repository/katalon demo/Page_CURA Healthcare Service/td_28' is clicked on

29-01-2024T23:15:00 - [MESSAGE][PASSED] - Object: 'Object Repository/katalon demo/Page_CURA Healthcare Service/td_28' is clicked on

29-01-2024T23:15:00 - [TEST_STEP][PASSED] - setText(findTestObject("Object Repository/katalon demo/Page_CURA Healthcare Service/textarea_comment"), "tes katalon"): Text 'tes katalon' is set on object 'Object Repository/katalon demo/Page_CURA Healthcare Service/textarea_comment'

29-01-2024T23:15:01 - [MESSAGE][PASSED] - Text 'tes katalon' is set on object 'Object Repository/katalon demo/Page_CURA Healthcare Service/textarea_comment'

29-01-2024T23:15:01 - [TEST_STEP][PASSED] - click(findTestObject("Object Repository/katalon demo/Page_CURA Healthcare Service/button_Book Appointment")): Object: 'Object Repository/katalon demo/Page_CURA Healthcare Service/button_Book Appointment' is clicked on

29-01-2024T23:15:02 - [MESSAGE][PASSED] - Object: 'Object Repository/katalon demo/Page_CURA Healthcare Service/button_Book Appointment' is clicked on

29-01-2024T23:15:02 - [TEST_STEP][PASSED] - verifyTextPresent("Appointment Confirmation", false): Text 'Appointment Confirmation' is present on page 

29-01-2024T23:15:02 - [MESSAGE][PASSED] - Text 'Appointment Confirmation' is present on page 

29-01-2024T23:15:02 - [TEST_STEP][PASSED] - takeScreenshotAsCheckpoint("appointment 2 katalon demo"): Taking screenshot successfully

29-01-2024T23:15:03 - [MESSAGE][INFO] - 0 hidden object(s)

29-01-2024T23:15:03 - [MESSAGE][PASSED] - Taking screenshot successfully
[[ATTACHMENT|keyes\keyes-appointment 2 katalon demo.png]]

29-01-2024T23:15:03 - [TEST_STEP][PASSED] - click(findTestObject("Object Repository/katalon demo/Page_CURA Healthcare Service/a_Go to Homepage")): Object: 'Object Repository/katalon demo/Page_CURA Healthcare Service/a_Go to Homepage' is clicked on

29-01-2024T23:15:03 - [MESSAGE][PASSED] - Object: 'Object Repository/katalon demo/Page_CURA Healthcare Service/a_Go to Homepage' is clicked on]]></system-out>
         <system-err><![CDATA[]]></system-err>
      </testcase>
      <testcase name="Test Cases/Katalon Demo/history katalon demo" time="66.282" classname="Test Cases/Katalon Demo/history katalon demo" status="PASSED">
         <system-out><![CDATA[29-01-2024T23:15:03 - [TEST_CASE][PASSED] - Test Cases/Katalon Demo/history katalon demo: Test Cases/Katalon Demo/history katalon demo

29-01-2024T23:15:03 - [TEST_STEP][PASSED] - click(findTestObject("Object Repository/katalon demo/Page_CURA Healthcare Service/amenu-toggle")): Object: 'Object Repository/katalon demo/Page_CURA Healthcare Service/amenu-toggle' is clicked on

29-01-2024T23:15:04 - [MESSAGE][PASSED] - Object: 'Object Repository/katalon demo/Page_CURA Healthcare Service/amenu-toggle' is clicked on

29-01-2024T23:15:04 - [TEST_STEP][PASSED] - click(findTestObject("Object Repository/katalon demo/Page_CURA Healthcare Service/a_History")): Object: 'Object Repository/katalon demo/Page_CURA Healthcare Service/a_History' is clicked on

29-01-2024T23:15:05 - [MESSAGE][PASSED] - Object: 'Object Repository/katalon demo/Page_CURA Healthcare Service/a_History' is clicked on

29-01-2024T23:15:05 - [TEST_STEP][PASSED] - takeScreenshotAsCheckpoint("history katalon demo"): Taking screenshot successfully

29-01-2024T23:15:05 - [MESSAGE][INFO] - 0 hidden object(s)

29-01-2024T23:15:05 - [MESSAGE][PASSED] - Taking screenshot successfully
[[ATTACHMENT|keyes\keyes-history katalon demo.png]]

29-01-2024T23:15:05 - [TEST_STEP][PASSED] - scrollToElement(findTestObject("katalon demo/Page_CURA Healthcare Service/a_Go to Homepage"), 3): Scroll to object 'Object Repository/katalon demo/Page_CURA Healthcare Service/a_Go to Homepage' successfully

29-01-2024T23:15:37 - [MESSAGE][INFO] - Unable to find the element located by 'By.xpath: //section[@id='summary']/div/div/div[7]/p/a'. Please recheck the objects properties to make sure the desired element is located. 

29-01-2024T23:15:37 - [MESSAGE][WARNING] - [SELF-HEALING] Failed to find element with id 'Object Repository/katalon demo/Page_CURA Healthcare Service/a_Go to Homepage'. Try using Self-healing.

29-01-2024T23:15:37 - [MESSAGE][WARNING] - [SELF-HEALING] The current locator of test object 'Object Repository/katalon demo/Page_CURA Healthcare Service/a_Go to Homepage' was broken. Propose an alternative one: '//a[contains(text(),'Go to Homepage')]'.

29-01-2024T23:15:37 - [MESSAGE][PASSED] - Scroll to object 'Object Repository/katalon demo/Page_CURA Healthcare Service/a_Go to Homepage' successfully

29-01-2024T23:15:37 - [TEST_STEP][PASSED] - click(findTestObject("Object Repository/katalon demo/Page_CURA Healthcare Service/a_Go to Homepage")): Object: 'Object Repository/katalon demo/Page_CURA Healthcare Service/a_Go to Homepage' is clicked on

29-01-2024T23:16:08 - [MESSAGE][INFO] - Unable to find the element located by 'By.xpath: //section[@id='summary']/div/div/div[7]/p/a'. Please recheck the objects properties to make sure the desired element is located. 

29-01-2024T23:16:08 - [MESSAGE][WARNING] - [SELF-HEALING] Failed to find element with id 'Object Repository/katalon demo/Page_CURA Healthcare Service/a_Go to Homepage'. Try using Self-healing.

29-01-2024T23:16:08 - [MESSAGE][WARNING] - [SELF-HEALING] The current locator of test object 'Object Repository/katalon demo/Page_CURA Healthcare Service/a_Go to Homepage' was broken. Propose an alternative one: '//a[contains(text(),'Go to Homepage')]'.

29-01-2024T23:16:10 - [MESSAGE][PASSED] - Object: 'Object Repository/katalon demo/Page_CURA Healthcare Service/a_Go to Homepage' is clicked on]]></system-out>
         <system-err><![CDATA[]]></system-err>
      </testcase>
      <testcase name="Test Cases/Katalon Demo/profile katalon demo" time="3.135" classname="Test Cases/Katalon Demo/profile katalon demo" status="PASSED">
         <system-out><![CDATA[29-01-2024T23:16:10 - [TEST_CASE][PASSED] - Test Cases/Katalon Demo/profile katalon demo: Test Cases/Katalon Demo/profile katalon demo

29-01-2024T23:16:10 - [TEST_STEP][PASSED] - click(findTestObject("Object Repository/katalon demo/Page_CURA Healthcare Service/i_fa fa-bars")): Object: 'Object Repository/katalon demo/Page_CURA Healthcare Service/i_fa fa-bars' is clicked on

29-01-2024T23:16:10 - [MESSAGE][PASSED] - Object: 'Object Repository/katalon demo/Page_CURA Healthcare Service/i_fa fa-bars' is clicked on

29-01-2024T23:16:10 - [TEST_STEP][PASSED] - click(findTestObject("Object Repository/katalon demo/Page_CURA Healthcare Service/a_Profile")): Object: 'Object Repository/katalon demo/Page_CURA Healthcare Service/a_Profile' is clicked on

29-01-2024T23:16:11 - [MESSAGE][PASSED] - Object: 'Object Repository/katalon demo/Page_CURA Healthcare Service/a_Profile' is clicked on

29-01-2024T23:16:11 - [TEST_STEP][PASSED] - takeScreenshotAsCheckpoint("profile katalon demo"): Taking screenshot successfully

29-01-2024T23:16:12 - [MESSAGE][INFO] - 0 hidden object(s)

29-01-2024T23:16:12 - [MESSAGE][PASSED] - Taking screenshot successfully
[[ATTACHMENT|keyes\keyes-profile katalon demo.png]]

29-01-2024T23:16:12 - [TEST_STEP][PASSED] - click(findTestObject("Object Repository/katalon demo/Page_CURA Healthcare Service/i_fa fa-bars")): Object: 'Object Repository/katalon demo/Page_CURA Healthcare Service/i_fa fa-bars' is clicked on

29-01-2024T23:16:12 - [MESSAGE][PASSED] - Object: 'Object Repository/katalon demo/Page_CURA Healthcare Service/i_fa fa-bars' is clicked on

29-01-2024T23:16:12 - [TEST_STEP][PASSED] - click(findTestObject("Object Repository/katalon demo/Page_CURA Healthcare Service/a_Home")): Object: 'Object Repository/katalon demo/Page_CURA Healthcare Service/a_Home' is clicked on

29-01-2024T23:16:13 - [MESSAGE][PASSED] - Object: 'Object Repository/katalon demo/Page_CURA Healthcare Service/a_Home' is clicked on]]></system-out>
         <system-err><![CDATA[]]></system-err>
      </testcase>
      <testcase name="Test Cases/Katalon Demo/logout katalon demo" time="2.652" classname="Test Cases/Katalon Demo/logout katalon demo" status="PASSED">
         <system-out><![CDATA[29-01-2024T23:16:13 - [TEST_CASE][PASSED] - Test Cases/Katalon Demo/logout katalon demo: Test Cases/Katalon Demo/logout katalon demo

29-01-2024T23:16:13 - [TEST_STEP][PASSED] - click(findTestObject("Object Repository/katalon demo/Page_CURA Healthcare Service/i_fa fa-bars")): Object: 'Object Repository/katalon demo/Page_CURA Healthcare Service/i_fa fa-bars' is clicked on

29-01-2024T23:16:13 - [MESSAGE][PASSED] - Object: 'Object Repository/katalon demo/Page_CURA Healthcare Service/i_fa fa-bars' is clicked on

29-01-2024T23:16:13 - [TEST_STEP][PASSED] - takeScreenshotAsCheckpoint("logout katalon demo"): Taking screenshot successfully

29-01-2024T23:16:14 - [MESSAGE][INFO] - 0 hidden object(s)

29-01-2024T23:16:14 - [MESSAGE][PASSED] - Taking screenshot successfully
[[ATTACHMENT|keyes\keyes-logout katalon demo.png]]

29-01-2024T23:16:14 - [TEST_STEP][PASSED] - click(findTestObject("Object Repository/katalon demo/Page_CURA Healthcare Service/a_Logout")): Object: 'Object Repository/katalon demo/Page_CURA Healthcare Service/a_Logout' is clicked on

29-01-2024T23:16:15 - [MESSAGE][PASSED] - Object: 'Object Repository/katalon demo/Page_CURA Healthcare Service/a_Logout' is clicked on

29-01-2024T23:16:15 - [TEST_STEP][PASSED] - closeBrowser(): Browser is closed

29-01-2024T23:16:15 - [MESSAGE][PASSED] - Browser is closed]]></system-out>
         <system-err><![CDATA[]]></system-err>
      </testcase>
      <testcase name="Test Cases/Katalon Demo/negatif login katalon demo" time="14.454" classname="Test Cases/Katalon Demo/negatif login katalon demo" status="PASSED">
         <system-out><![CDATA[29-01-2024T23:16:15 - [TEST_CASE][PASSED] - Test Cases/Katalon Demo/negatif login katalon demo: Test Cases/Katalon Demo/negatif login katalon demo

29-01-2024T23:16:16 - [TEST_STEP][PASSED] - openBrowser(""): Browser is opened with url: ''

29-01-2024T23:16:16 - [MESSAGE][INFO] - Starting 'Chrome' driver

29-01-2024T23:16:16 - [MESSAGE][INFO] - Action delay is set to 0 milliseconds

29-01-2024T23:16:17 - [MESSAGE][PASSED] - Browser is opened with url: ''

29-01-2024T23:16:17 - [TEST_STEP][PASSED] - navigateToUrl("https://katalon-demo-cura.herokuapp.com/"): Navigate to 'https://katalon-demo-cura.herokuapp.com/' successfully

29-01-2024T23:16:20 - [MESSAGE][PASSED] - Navigate to 'https://katalon-demo-cura.herokuapp.com/' successfully

29-01-2024T23:16:20 - [TEST_STEP][PASSED] - click(findTestObject("Object Repository/katalon demo/Page_CURA Healthcare Service/amenu-toggle")): Object: 'Object Repository/katalon demo/Page_CURA Healthcare Service/amenu-toggle' is clicked on

29-01-2024T23:16:21 - [MESSAGE][PASSED] - Object: 'Object Repository/katalon demo/Page_CURA Healthcare Service/amenu-toggle' is clicked on

29-01-2024T23:16:21 - [TEST_STEP][PASSED] - click(findTestObject("Object Repository/katalon demo/Page_CURA Healthcare Service/a_Login")): Object: 'Object Repository/katalon demo/Page_CURA Healthcare Service/a_Login' is clicked on

29-01-2024T23:16:22 - [MESSAGE][PASSED] - Object: 'Object Repository/katalon demo/Page_CURA Healthcare Service/a_Login' is clicked on

29-01-2024T23:16:22 - [TEST_STEP][PASSED] - setText(findTestObject("Object Repository/katalon demo/Page_CURA Healthcare Service/input_username"), username1): Text 'aaaaa' is set on object 'Object Repository/katalon demo/Page_CURA Healthcare Service/input_username'

29-01-2024T23:16:22 - [MESSAGE][PASSED] - Text 'aaaaa' is set on object 'Object Repository/katalon demo/Page_CURA Healthcare Service/input_username'

29-01-2024T23:16:22 - [TEST_STEP][PASSED] - setText(findTestObject("Object Repository/katalon demo/Page_CURA Healthcare Service/input_password"), password1): Text 'aaaaaaaa' is set on object 'Object Repository/katalon demo/Page_CURA Healthcare Service/input_password'

29-01-2024T23:16:23 - [MESSAGE][PASSED] - Text 'aaaaaaaa' is set on object 'Object Repository/katalon demo/Page_CURA Healthcare Service/input_password'

29-01-2024T23:16:23 - [TEST_STEP][PASSED] - click(findTestObject("katalon demo/Page_CURA Healthcare Service/button_Login")): Object: 'Object Repository/katalon demo/Page_CURA Healthcare Service/button_Login' is clicked on

29-01-2024T23:16:24 - [MESSAGE][PASSED] - Object: 'Object Repository/katalon demo/Page_CURA Healthcare Service/button_Login' is clicked on

29-01-2024T23:16:24 - [TEST_STEP][PASSED] - verifyTextPresent("Login failed!", false): Text 'Login failed!' is present on page 

29-01-2024T23:16:25 - [MESSAGE][PASSED] - Text 'Login failed!' is present on page 

29-01-2024T23:16:25 - [TEST_STEP][PASSED] - takeScreenshotAsCheckpoint("negatif 1 login katalon demo"): Taking screenshot successfully

29-01-2024T23:16:25 - [MESSAGE][INFO] - 0 hidden object(s)

29-01-2024T23:16:25 - [MESSAGE][PASSED] - Taking screenshot successfully
[[ATTACHMENT|keyes\keyes-negatif 1 login katalon demo.png]]

29-01-2024T23:16:25 - [TEST_STEP][PASSED] - click(findTestObject("Object Repository/katalon demo/Page_CURA Healthcare Service/button_Login")): Object: 'Object Repository/katalon demo/Page_CURA Healthcare Service/button_Login' is clicked on

29-01-2024T23:16:26 - [MESSAGE][PASSED] - Object: 'Object Repository/katalon demo/Page_CURA Healthcare Service/button_Login' is clicked on

29-01-2024T23:16:26 - [TEST_STEP][PASSED] - setText(findTestObject("katalon demo/Page_CURA Healthcare Service/input_username"), username2): Text 'bbbbb' is set on object 'Object Repository/katalon demo/Page_CURA Healthcare Service/input_username'

29-01-2024T23:16:27 - [MESSAGE][PASSED] - Text 'bbbbb' is set on object 'Object Repository/katalon demo/Page_CURA Healthcare Service/input_username'

29-01-2024T23:16:27 - [TEST_STEP][PASSED] - setText(findTestObject("katalon demo/Page_CURA Healthcare Service/input_password"), password2): Text 'bbbbbbbb' is set on object 'Object Repository/katalon demo/Page_CURA Healthcare Service/input_password'

29-01-2024T23:16:27 - [MESSAGE][PASSED] - Text 'bbbbbbbb' is set on object 'Object Repository/katalon demo/Page_CURA Healthcare Service/input_password'

29-01-2024T23:16:27 - [TEST_STEP][PASSED] - click(findTestObject("katalon demo/Page_CURA Healthcare Service/button_Login")): Object: 'Object Repository/katalon demo/Page_CURA Healthcare Service/button_Login' is clicked on

29-01-2024T23:16:29 - [MESSAGE][PASSED] - Object: 'Object Repository/katalon demo/Page_CURA Healthcare Service/button_Login' is clicked on

29-01-2024T23:16:29 - [TEST_STEP][PASSED] - verifyTextPresent("Login failed!", false): Text 'Login failed!' is present on page 

29-01-2024T23:16:29 - [MESSAGE][PASSED] - Text 'Login failed!' is present on page 

29-01-2024T23:16:29 - [TEST_STEP][PASSED] - takeScreenshotAsCheckpoint("negatif 2 login katalon demo"): Taking screenshot successfully

29-01-2024T23:16:30 - [MESSAGE][INFO] - 0 hidden object(s)

29-01-2024T23:16:30 - [MESSAGE][PASSED] - Taking screenshot successfully
[[ATTACHMENT|keyes\keyes-negatif 2 login katalon demo.png]]]]></system-out>
         <system-err><![CDATA[]]></system-err>
      </testcase>
      <system-out><![CDATA[29-01-2024T23:14:28 - [TEST_SUITE][PASSED] - katalon demo: Test Cases/Katalon Demo/negatif login katalon demo]]></system-out>
      <system-err><![CDATA[]]></system-err>
   </testsuite>
   <testsuite name="katalon demo" tests="8" failures="0" errors="0" time="125.385" skipped="0" timestamp="29-01-2024T23:16:37" hostname="0517 - Pierrot" id="Test Suites/katalon demo">
      <properties>
         <property name="deviceName" value=""/>
         <property name="devicePlatform" value=""/>
         <property name="logFolder" value="C:\\Users\\0517\\Katalon Studio\\poc bni\\Reports\\20240129_231002\\katalon demo\\20240129_231023"/>
         <property name="logFiles" value="C:\\Users\\0517\\Katalon Studio\\poc bni\\Reports\\20240129_231002\\katalon demo\\20240129_231023\\execution0.log"/>
         <property name="attachments" value="keyes\keyes-login katalon demo.png, keyes\keyes-appointment katalon demo.png, keyes\keyes-appointment 1 katalon demo.png, keyes\keyes-appointment 2 katalon demo.png, keyes\keyes-history katalon demo.png, keyes\keyes-profile katalon demo.png, keyes\keyes-logout katalon demo.png, keyes\keyes-negatif 1 login katalon demo.png, keyes\keyes-negatif 2 login katalon demo.png"/>
         <property name="hostName" value="0517 - Pierrot"/>
         <property name="os" value="Windows 10 64bit"/>
         <property name="katalonVersion" value="9.2.0.212"/>
         <property name="browser" value="Chrome 121.0.0.0"/>
         <property name="hostAddress" value="192.168.96.2"/>
         <property name="sessionId" value="e6eb27885b033cfcc948655b475c604c"/>
         <property name="seleniumVersion" value="3.141.59"/>
         <property name="proxyInformation" value="ProxyInformation { proxyOption=NO_PROXY, proxyServerType=HTTP, username=, password=********, proxyServerAddress=, proxyServerPort=0, executionList=&quot;&quot;, isApplyToDesiredCapabilities=true }"/>
         <property name="platform" value="Windows 10"/>
      </properties>
      <testcase name="Test Cases/Katalon Demo/login katalon demo" time="10.641" classname="Test Cases/Katalon Demo/login katalon demo" status="PASSED">
         <system-out><![CDATA[29-01-2024T23:16:37 - [TEST_CASE][PASSED] - Test Cases/Katalon Demo/login katalon demo: Test Cases/Katalon Demo/login katalon demo

29-01-2024T23:16:37 - [TEST_STEP][PASSED] - openBrowser(""): Browser is opened with url: ''

29-01-2024T23:16:38 - [MESSAGE][INFO] - Starting 'Chrome' driver

29-01-2024T23:16:38 - [MESSAGE][INFO] - Action delay is set to 0 milliseconds

29-01-2024T23:16:40 - [MESSAGE][PASSED] - Browser is opened with url: ''

29-01-2024T23:16:40 - [TEST_STEP][PASSED] - navigateToUrl("https://katalon-demo-cura.herokuapp.com/"): Navigate to 'https://katalon-demo-cura.herokuapp.com/' successfully

29-01-2024T23:16:43 - [MESSAGE][PASSED] - Navigate to 'https://katalon-demo-cura.herokuapp.com/' successfully

29-01-2024T23:16:43 - [TEST_STEP][PASSED] - click(findTestObject("Object Repository/katalon demo/Page_CURA Healthcare Service/amenu-toggle")): Object: 'Object Repository/katalon demo/Page_CURA Healthcare Service/amenu-toggle' is clicked on

29-01-2024T23:16:44 - [MESSAGE][PASSED] - Object: 'Object Repository/katalon demo/Page_CURA Healthcare Service/amenu-toggle' is clicked on

29-01-2024T23:16:44 - [TEST_STEP][PASSED] - click(findTestObject("Object Repository/katalon demo/Page_CURA Healthcare Service/a_Login")): Object: 'Object Repository/katalon demo/Page_CURA Healthcare Service/a_Login' is clicked on

29-01-2024T23:16:44 - [MESSAGE][PASSED] - Object: 'Object Repository/katalon demo/Page_CURA Healthcare Service/a_Login' is clicked on

29-01-2024T23:16:44 - [TEST_STEP][PASSED] - setText(findTestObject("Object Repository/katalon demo/Page_CURA Healthcare Service/input_username"), "John Doe"): Text 'John Doe' is set on object 'Object Repository/katalon demo/Page_CURA Healthcare Service/input_username'

29-01-2024T23:16:45 - [MESSAGE][PASSED] - Text 'John Doe' is set on object 'Object Repository/katalon demo/Page_CURA Healthcare Service/input_username'

29-01-2024T23:16:45 - [TEST_STEP][PASSED] - setEncryptedText(findTestObject("Object Repository/katalon demo/Page_CURA Healthcare Service/input_password"), "g3/DOGG74jC3Flrr3yH+3D/yKbOqqUNM"): Text ****** has been set on object 'Object Repository/katalon demo/Page_CURA Healthcare Service/input_password'

29-01-2024T23:16:46 - [MESSAGE][PASSED] - Text ****** has been set on object 'Object Repository/katalon demo/Page_CURA Healthcare Service/input_password'

29-01-2024T23:16:46 - [TEST_STEP][PASSED] - takeScreenshotAsCheckpoint("login katalon demo", STOP_ON_FAILURE): Taking screenshot successfully

29-01-2024T23:16:46 - [MESSAGE][INFO] - 0 hidden object(s)

29-01-2024T23:16:47 - [MESSAGE][PASSED] - Taking screenshot successfully
[[ATTACHMENT|keyes\keyes-login katalon demo.png]]

29-01-2024T23:16:47 - [TEST_STEP][PASSED] - click(findTestObject("Object Repository/katalon demo/Page_CURA Healthcare Service/button_Login")): Object: 'Object Repository/katalon demo/Page_CURA Healthcare Service/button_Login' is clicked on

29-01-2024T23:16:47 - [MESSAGE][PASSED] - Object: 'Object Repository/katalon demo/Page_CURA Healthcare Service/button_Login' is clicked on]]></system-out>
         <system-err><![CDATA[]]></system-err>
      </testcase>
      <testcase name="Test Cases/Katalon Demo/make appointment katalon demo" time="6.105" classname="Test Cases/Katalon Demo/make appointment katalon demo" status="PASSED">
         <system-out><![CDATA[29-01-2024T23:16:47 - [TEST_CASE][PASSED] - Test Cases/Katalon Demo/make appointment katalon demo: Test Cases/Katalon Demo/make appointment katalon demo

29-01-2024T23:16:48 - [TEST_STEP][PASSED] - selectOptionByValue(findTestObject("Object Repository/katalon demo/Page_CURA Healthcare Service/select_Tokyo"), "Hongkong CURA Healthcare Center", true): All options with value 'Hongkong CURA Healthcare Center' are selected in object 'Object Repository/katalon demo/Page_CURA Healthcare Service/select_Tokyo'  using regular expression

29-01-2024T23:16:49 - [MESSAGE][PASSED] - All options with value 'Hongkong CURA Healthcare Center' are selected in object 'Object Repository/katalon demo/Page_CURA Healthcare Service/select_Tokyo'  using regular expression

29-01-2024T23:16:49 - [TEST_STEP][PASSED] - click(findTestObject("Object Repository/katalon demo/Page_CURA Healthcare Service/label_Apply for hospital readmission")): Object: 'Object Repository/katalon demo/Page_CURA Healthcare Service/label_Apply for hospital readmission' is clicked on

29-01-2024T23:16:49 - [MESSAGE][PASSED] - Object: 'Object Repository/katalon demo/Page_CURA Healthcare Service/label_Apply for hospital readmission' is clicked on

29-01-2024T23:16:49 - [TEST_STEP][PASSED] - click(findTestObject("Object Repository/katalon demo/Page_CURA Healthcare Service/input_programs")): Object: 'Object Repository/katalon demo/Page_CURA Healthcare Service/input_programs' is clicked on

29-01-2024T23:16:49 - [MESSAGE][PASSED] - Object: 'Object Repository/katalon demo/Page_CURA Healthcare Service/input_programs' is clicked on

29-01-2024T23:16:49 - [TEST_STEP][PASSED] - click(findTestObject("Object Repository/katalon demo/Page_CURA Healthcare Service/span_glyphicon glyphicon-calendar")): Object: 'Object Repository/katalon demo/Page_CURA Healthcare Service/span_glyphicon glyphicon-calendar' is clicked on

29-01-2024T23:16:50 - [MESSAGE][PASSED] - Object: 'Object Repository/katalon demo/Page_CURA Healthcare Service/span_glyphicon glyphicon-calendar' is clicked on

29-01-2024T23:16:50 - [TEST_STEP][PASSED] - click(findTestObject("Object Repository/katalon demo/Page_CURA Healthcare Service/td_31")): Object: 'Object Repository/katalon demo/Page_CURA Healthcare Service/td_31' is clicked on

29-01-2024T23:16:50 - [MESSAGE][PASSED] - Object: 'Object Repository/katalon demo/Page_CURA Healthcare Service/td_31' is clicked on

29-01-2024T23:16:50 - [TEST_STEP][PASSED] - setText(findTestObject("Object Repository/katalon demo/Page_CURA Healthcare Service/textarea_comment"), "tes katalon demo"): Text 'tes katalon demo' is set on object 'Object Repository/katalon demo/Page_CURA Healthcare Service/textarea_comment'

29-01-2024T23:16:51 - [MESSAGE][PASSED] - Text 'tes katalon demo' is set on object 'Object Repository/katalon demo/Page_CURA Healthcare Service/textarea_comment'

29-01-2024T23:16:51 - [TEST_STEP][PASSED] - click(findTestObject("Object Repository/katalon demo/Page_CURA Healthcare Service/button_Book Appointment")): Object: 'Object Repository/katalon demo/Page_CURA Healthcare Service/button_Book Appointment' is clicked on

29-01-2024T23:16:52 - [MESSAGE][PASSED] - Object: 'Object Repository/katalon demo/Page_CURA Healthcare Service/button_Book Appointment' is clicked on

29-01-2024T23:16:52 - [TEST_STEP][PASSED] - verifyTextPresent("Appointment Confirmation", false): Text 'Appointment Confirmation' is present on page 

29-01-2024T23:16:52 - [MESSAGE][PASSED] - Text 'Appointment Confirmation' is present on page 

29-01-2024T23:16:52 - [TEST_STEP][PASSED] - takeScreenshotAsCheckpoint("appointment katalon demo"): Taking screenshot successfully

29-01-2024T23:16:53 - [MESSAGE][INFO] - 0 hidden object(s)

29-01-2024T23:16:53 - [MESSAGE][PASSED] - Taking screenshot successfully
[[ATTACHMENT|keyes\keyes-appointment katalon demo.png]]

29-01-2024T23:16:53 - [TEST_STEP][PASSED] - click(findTestObject("Object Repository/katalon demo/Page_CURA Healthcare Service/a_Go to Homepage")): Object: 'Object Repository/katalon demo/Page_CURA Healthcare Service/a_Go to Homepage' is clicked on

29-01-2024T23:16:54 - [MESSAGE][PASSED] - Object: 'Object Repository/katalon demo/Page_CURA Healthcare Service/a_Go to Homepage' is clicked on]]></system-out>
         <system-err><![CDATA[]]></system-err>
      </testcase>
      <testcase name="Test Cases/Katalon Demo/make appointment katalon demo 1" time="13.036" classname="Test Cases/Katalon Demo/make appointment katalon demo 1" status="PASSED">
         <system-out><![CDATA[29-01-2024T23:16:54 - [TEST_CASE][PASSED] - Test Cases/Katalon Demo/make appointment katalon demo 1: Test Cases/Katalon Demo/make appointment katalon demo 1

29-01-2024T23:16:54 - [TEST_STEP][PASSED] - selectOptionByValue(findTestObject("Object Repository/katalon demo/Page_CURA Healthcare Service/select_Tokyo"), "Seoul CURA Healthcare Center", true): All options with value 'Seoul CURA Healthcare Center' are selected in object 'Object Repository/katalon demo/Page_CURA Healthcare Service/select_Tokyo'  using regular expression

29-01-2024T23:16:55 - [MESSAGE][PASSED] - All options with value 'Seoul CURA Healthcare Center' are selected in object 'Object Repository/katalon demo/Page_CURA Healthcare Service/select_Tokyo'  using regular expression

29-01-2024T23:16:55 - [TEST_STEP][PASSED] - click(findTestObject("Object Repository/katalon demo/Page_CURA Healthcare Service/input_hospital_readmission")): Object: 'Object Repository/katalon demo/Page_CURA Healthcare Service/input_hospital_readmission' is clicked on

29-01-2024T23:16:55 - [MESSAGE][PASSED] - Object: 'Object Repository/katalon demo/Page_CURA Healthcare Service/input_hospital_readmission' is clicked on

29-01-2024T23:16:55 - [TEST_STEP][PASSED] - click(findTestObject("Object Repository/katalon demo/Page_CURA Healthcare Service/input_programs")): Object: 'Object Repository/katalon demo/Page_CURA Healthcare Service/input_programs' is clicked on

29-01-2024T23:16:56 - [MESSAGE][PASSED] - Object: 'Object Repository/katalon demo/Page_CURA Healthcare Service/input_programs' is clicked on

29-01-2024T23:16:56 - [TEST_STEP][PASSED] - click(findTestObject("Object Repository/katalon demo/Page_CURA Healthcare Service/span_glyphicon glyphicon-calendar")): Object: 'Object Repository/katalon demo/Page_CURA Healthcare Service/span_glyphicon glyphicon-calendar' is clicked on

29-01-2024T23:16:56 - [MESSAGE][PASSED] - Object: 'Object Repository/katalon demo/Page_CURA Healthcare Service/span_glyphicon glyphicon-calendar' is clicked on

29-01-2024T23:16:56 - [TEST_STEP][PASSED] - click(findTestObject("Object Repository/katalon demo/Page_CURA Healthcare Service/td_30")): Object: 'Object Repository/katalon demo/Page_CURA Healthcare Service/td_30' is clicked on

29-01-2024T23:16:56 - [MESSAGE][PASSED] - Object: 'Object Repository/katalon demo/Page_CURA Healthcare Service/td_30' is clicked on

29-01-2024T23:16:56 - [TEST_STEP][PASSED] - setText(findTestObject("Object Repository/katalon demo/Page_CURA Healthcare Service/textarea_comment"), "tes katalon"): Text 'tes katalon' is set on object 'Object Repository/katalon demo/Page_CURA Healthcare Service/textarea_comment'

29-01-2024T23:16:57 - [MESSAGE][PASSED] - Text 'tes katalon' is set on object 'Object Repository/katalon demo/Page_CURA Healthcare Service/textarea_comment'

29-01-2024T23:16:57 - [TEST_STEP][PASSED] - click(findTestObject("Object Repository/katalon demo/Page_CURA Healthcare Service/button_Book Appointment")): Object: 'Object Repository/katalon demo/Page_CURA Healthcare Service/button_Book Appointment' is clicked on

29-01-2024T23:17:04 - [MESSAGE][PASSED] - Object: 'Object Repository/katalon demo/Page_CURA Healthcare Service/button_Book Appointment' is clicked on

29-01-2024T23:17:04 - [TEST_STEP][PASSED] - verifyTextPresent("Appointment Confirmation", false): Text 'Appointment Confirmation' is present on page 

29-01-2024T23:17:05 - [MESSAGE][PASSED] - Text 'Appointment Confirmation' is present on page 

29-01-2024T23:17:05 - [TEST_STEP][PASSED] - takeScreenshotAsCheckpoint("appointment 1 katalon demo"): Taking screenshot successfully

29-01-2024T23:17:05 - [MESSAGE][INFO] - 0 hidden object(s)

29-01-2024T23:17:05 - [MESSAGE][PASSED] - Taking screenshot successfully
[[ATTACHMENT|keyes\keyes-appointment 1 katalon demo.png]]

29-01-2024T23:17:05 - [TEST_STEP][PASSED] - click(findTestObject("Object Repository/katalon demo/Page_CURA Healthcare Service/a_Go to Homepage")): Object: 'Object Repository/katalon demo/Page_CURA Healthcare Service/a_Go to Homepage' is clicked on

29-01-2024T23:17:07 - [MESSAGE][PASSED] - Object: 'Object Repository/katalon demo/Page_CURA Healthcare Service/a_Go to Homepage' is clicked on]]></system-out>
         <system-err><![CDATA[]]></system-err>
      </testcase>
      <testcase name="Test Cases/Katalon Demo/make appointment katalon demo 2" time="6.044" classname="Test Cases/Katalon Demo/make appointment katalon demo 2" status="PASSED">
         <system-out><![CDATA[29-01-2024T23:17:07 - [TEST_CASE][PASSED] - Test Cases/Katalon Demo/make appointment katalon demo 2: Test Cases/Katalon Demo/make appointment katalon demo 2

29-01-2024T23:17:07 - [TEST_STEP][PASSED] - click(findTestObject("Object Repository/katalon demo/Page_CURA Healthcare Service/label_Apply for hospital readmission")): Object: 'Object Repository/katalon demo/Page_CURA Healthcare Service/label_Apply for hospital readmission' is clicked on

29-01-2024T23:17:07 - [MESSAGE][PASSED] - Object: 'Object Repository/katalon demo/Page_CURA Healthcare Service/label_Apply for hospital readmission' is clicked on

29-01-2024T23:17:07 - [TEST_STEP][PASSED] - click(findTestObject("Object Repository/katalon demo/Page_CURA Healthcare Service/input_programs")): Object: 'Object Repository/katalon demo/Page_CURA Healthcare Service/input_programs' is clicked on

29-01-2024T23:17:07 - [MESSAGE][PASSED] - Object: 'Object Repository/katalon demo/Page_CURA Healthcare Service/input_programs' is clicked on

29-01-2024T23:17:07 - [TEST_STEP][PASSED] - click(findTestObject("Object Repository/katalon demo/Page_CURA Healthcare Service/input_visit_date")): Object: 'Object Repository/katalon demo/Page_CURA Healthcare Service/input_visit_date' is clicked on

29-01-2024T23:17:08 - [MESSAGE][PASSED] - Object: 'Object Repository/katalon demo/Page_CURA Healthcare Service/input_visit_date' is clicked on

29-01-2024T23:17:08 - [TEST_STEP][PASSED] - click(findTestObject("Object Repository/katalon demo/Page_CURA Healthcare Service/th_")): Object: 'Object Repository/katalon demo/Page_CURA Healthcare Service/th_' is clicked on

29-01-2024T23:17:08 - [MESSAGE][PASSED] - Object: 'Object Repository/katalon demo/Page_CURA Healthcare Service/th_' is clicked on

29-01-2024T23:17:08 - [TEST_STEP][PASSED] - click(findTestObject("Object Repository/katalon demo/Page_CURA Healthcare Service/td_28")): Object: 'Object Repository/katalon demo/Page_CURA Healthcare Service/td_28' is clicked on

29-01-2024T23:17:09 - [MESSAGE][PASSED] - Object: 'Object Repository/katalon demo/Page_CURA Healthcare Service/td_28' is clicked on

29-01-2024T23:17:09 - [TEST_STEP][PASSED] - setText(findTestObject("Object Repository/katalon demo/Page_CURA Healthcare Service/textarea_comment"), "tes katalon"): Text 'tes katalon' is set on object 'Object Repository/katalon demo/Page_CURA Healthcare Service/textarea_comment'

29-01-2024T23:17:10 - [MESSAGE][PASSED] - Text 'tes katalon' is set on object 'Object Repository/katalon demo/Page_CURA Healthcare Service/textarea_comment'

29-01-2024T23:17:10 - [TEST_STEP][PASSED] - click(findTestObject("Object Repository/katalon demo/Page_CURA Healthcare Service/button_Book Appointment")): Object: 'Object Repository/katalon demo/Page_CURA Healthcare Service/button_Book Appointment' is clicked on

29-01-2024T23:17:11 - [MESSAGE][PASSED] - Object: 'Object Repository/katalon demo/Page_CURA Healthcare Service/button_Book Appointment' is clicked on

29-01-2024T23:17:11 - [TEST_STEP][PASSED] - verifyTextPresent("Appointment Confirmation", false): Text 'Appointment Confirmation' is present on page 

29-01-2024T23:17:11 - [MESSAGE][PASSED] - Text 'Appointment Confirmation' is present on page 

29-01-2024T23:17:11 - [TEST_STEP][PASSED] - takeScreenshotAsCheckpoint("appointment 2 katalon demo"): Taking screenshot successfully

29-01-2024T23:17:12 - [MESSAGE][INFO] - 0 hidden object(s)

29-01-2024T23:17:12 - [MESSAGE][PASSED] - Taking screenshot successfully
[[ATTACHMENT|keyes\keyes-appointment 2 katalon demo.png]]

29-01-2024T23:17:12 - [TEST_STEP][PASSED] - click(findTestObject("Object Repository/katalon demo/Page_CURA Healthcare Service/a_Go to Homepage")): Object: 'Object Repository/katalon demo/Page_CURA Healthcare Service/a_Go to Homepage' is clicked on

29-01-2024T23:17:13 - [MESSAGE][PASSED] - Object: 'Object Repository/katalon demo/Page_CURA Healthcare Service/a_Go to Homepage' is clicked on]]></system-out>
         <system-err><![CDATA[]]></system-err>
      </testcase>
      <testcase name="Test Cases/Katalon Demo/history katalon demo" time="66.018" classname="Test Cases/Katalon Demo/history katalon demo" status="PASSED">
         <system-out><![CDATA[29-01-2024T23:17:13 - [TEST_CASE][PASSED] - Test Cases/Katalon Demo/history katalon demo: Test Cases/Katalon Demo/history katalon demo

29-01-2024T23:17:13 - [TEST_STEP][PASSED] - click(findTestObject("Object Repository/katalon demo/Page_CURA Healthcare Service/amenu-toggle")): Object: 'Object Repository/katalon demo/Page_CURA Healthcare Service/amenu-toggle' is clicked on

29-01-2024T23:17:13 - [MESSAGE][PASSED] - Object: 'Object Repository/katalon demo/Page_CURA Healthcare Service/amenu-toggle' is clicked on

29-01-2024T23:17:13 - [TEST_STEP][PASSED] - click(findTestObject("Object Repository/katalon demo/Page_CURA Healthcare Service/a_History")): Object: 'Object Repository/katalon demo/Page_CURA Healthcare Service/a_History' is clicked on

29-01-2024T23:17:14 - [MESSAGE][PASSED] - Object: 'Object Repository/katalon demo/Page_CURA Healthcare Service/a_History' is clicked on

29-01-2024T23:17:14 - [TEST_STEP][PASSED] - takeScreenshotAsCheckpoint("history katalon demo"): Taking screenshot successfully

29-01-2024T23:17:15 - [MESSAGE][INFO] - 0 hidden object(s)

29-01-2024T23:17:15 - [MESSAGE][PASSED] - Taking screenshot successfully
[[ATTACHMENT|keyes\keyes-history katalon demo.png]]

29-01-2024T23:17:15 - [TEST_STEP][PASSED] - scrollToElement(findTestObject("katalon demo/Page_CURA Healthcare Service/a_Go to Homepage"), 3): Scroll to object 'Object Repository/katalon demo/Page_CURA Healthcare Service/a_Go to Homepage' successfully

29-01-2024T23:17:46 - [MESSAGE][INFO] - Unable to find the element located by 'By.xpath: //section[@id='summary']/div/div/div[7]/p/a'. Please recheck the objects properties to make sure the desired element is located. 

29-01-2024T23:17:46 - [MESSAGE][WARNING] - [SELF-HEALING] Failed to find element with id 'Object Repository/katalon demo/Page_CURA Healthcare Service/a_Go to Homepage'. Try using Self-healing.

29-01-2024T23:17:46 - [MESSAGE][WARNING] - [SELF-HEALING] The current locator of test object 'Object Repository/katalon demo/Page_CURA Healthcare Service/a_Go to Homepage' was broken. Propose an alternative one: '//a[contains(text(),'Go to Homepage')]'.

29-01-2024T23:17:46 - [MESSAGE][PASSED] - Scroll to object 'Object Repository/katalon demo/Page_CURA Healthcare Service/a_Go to Homepage' successfully

29-01-2024T23:17:46 - [TEST_STEP][PASSED] - click(findTestObject("Object Repository/katalon demo/Page_CURA Healthcare Service/a_Go to Homepage")): Object: 'Object Repository/katalon demo/Page_CURA Healthcare Service/a_Go to Homepage' is clicked on

29-01-2024T23:18:17 - [MESSAGE][INFO] - Unable to find the element located by 'By.xpath: //section[@id='summary']/div/div/div[7]/p/a'. Please recheck the objects properties to make sure the desired element is located. 

29-01-2024T23:18:17 - [MESSAGE][WARNING] - [SELF-HEALING] Failed to find element with id 'Object Repository/katalon demo/Page_CURA Healthcare Service/a_Go to Homepage'. Try using Self-healing.

29-01-2024T23:18:18 - [MESSAGE][WARNING] - [SELF-HEALING] The current locator of test object 'Object Repository/katalon demo/Page_CURA Healthcare Service/a_Go to Homepage' was broken. Propose an alternative one: '//a[contains(text(),'Go to Homepage')]'.

29-01-2024T23:18:19 - [MESSAGE][PASSED] - Object: 'Object Repository/katalon demo/Page_CURA Healthcare Service/a_Go to Homepage' is clicked on]]></system-out>
         <system-err><![CDATA[]]></system-err>
      </testcase>
      <testcase name="Test Cases/Katalon Demo/profile katalon demo" time="3.185" classname="Test Cases/Katalon Demo/profile katalon demo" status="PASSED">
         <system-out><![CDATA[29-01-2024T23:18:19 - [TEST_CASE][PASSED] - Test Cases/Katalon Demo/profile katalon demo: Test Cases/Katalon Demo/profile katalon demo

29-01-2024T23:18:19 - [TEST_STEP][PASSED] - click(findTestObject("Object Repository/katalon demo/Page_CURA Healthcare Service/i_fa fa-bars")): Object: 'Object Repository/katalon demo/Page_CURA Healthcare Service/i_fa fa-bars' is clicked on

29-01-2024T23:18:19 - [MESSAGE][PASSED] - Object: 'Object Repository/katalon demo/Page_CURA Healthcare Service/i_fa fa-bars' is clicked on

29-01-2024T23:18:19 - [TEST_STEP][PASSED] - click(findTestObject("Object Repository/katalon demo/Page_CURA Healthcare Service/a_Profile")): Object: 'Object Repository/katalon demo/Page_CURA Healthcare Service/a_Profile' is clicked on

29-01-2024T23:18:20 - [MESSAGE][PASSED] - Object: 'Object Repository/katalon demo/Page_CURA Healthcare Service/a_Profile' is clicked on

29-01-2024T23:18:20 - [TEST_STEP][PASSED] - takeScreenshotAsCheckpoint("profile katalon demo"): Taking screenshot successfully

29-01-2024T23:18:21 - [MESSAGE][INFO] - 0 hidden object(s)

29-01-2024T23:18:21 - [MESSAGE][PASSED] - Taking screenshot successfully
[[ATTACHMENT|keyes\keyes-profile katalon demo.png]]

29-01-2024T23:18:21 - [TEST_STEP][PASSED] - click(findTestObject("Object Repository/katalon demo/Page_CURA Healthcare Service/i_fa fa-bars")): Object: 'Object Repository/katalon demo/Page_CURA Healthcare Service/i_fa fa-bars' is clicked on

29-01-2024T23:18:21 - [MESSAGE][PASSED] - Object: 'Object Repository/katalon demo/Page_CURA Healthcare Service/i_fa fa-bars' is clicked on

29-01-2024T23:18:21 - [TEST_STEP][PASSED] - click(findTestObject("Object Repository/katalon demo/Page_CURA Healthcare Service/a_Home")): Object: 'Object Repository/katalon demo/Page_CURA Healthcare Service/a_Home' is clicked on

29-01-2024T23:18:22 - [MESSAGE][PASSED] - Object: 'Object Repository/katalon demo/Page_CURA Healthcare Service/a_Home' is clicked on]]></system-out>
         <system-err><![CDATA[]]></system-err>
      </testcase>
      <testcase name="Test Cases/Katalon Demo/logout katalon demo" time="2.683" classname="Test Cases/Katalon Demo/logout katalon demo" status="PASSED">
         <system-out><![CDATA[29-01-2024T23:18:22 - [TEST_CASE][PASSED] - Test Cases/Katalon Demo/logout katalon demo: Test Cases/Katalon Demo/logout katalon demo

29-01-2024T23:18:22 - [TEST_STEP][PASSED] - click(findTestObject("Object Repository/katalon demo/Page_CURA Healthcare Service/i_fa fa-bars")): Object: 'Object Repository/katalon demo/Page_CURA Healthcare Service/i_fa fa-bars' is clicked on

29-01-2024T23:18:22 - [MESSAGE][PASSED] - Object: 'Object Repository/katalon demo/Page_CURA Healthcare Service/i_fa fa-bars' is clicked on

29-01-2024T23:18:22 - [TEST_STEP][PASSED] - takeScreenshotAsCheckpoint("logout katalon demo"): Taking screenshot successfully

29-01-2024T23:18:23 - [MESSAGE][INFO] - 0 hidden object(s)

29-01-2024T23:18:23 - [MESSAGE][PASSED] - Taking screenshot successfully
[[ATTACHMENT|keyes\keyes-logout katalon demo.png]]

29-01-2024T23:18:23 - [TEST_STEP][PASSED] - click(findTestObject("Object Repository/katalon demo/Page_CURA Healthcare Service/a_Logout")): Object: 'Object Repository/katalon demo/Page_CURA Healthcare Service/a_Logout' is clicked on

29-01-2024T23:18:24 - [MESSAGE][PASSED] - Object: 'Object Repository/katalon demo/Page_CURA Healthcare Service/a_Logout' is clicked on

29-01-2024T23:18:24 - [TEST_STEP][PASSED] - closeBrowser(): Browser is closed

29-01-2024T23:18:25 - [MESSAGE][PASSED] - Browser is closed]]></system-out>
         <system-err><![CDATA[]]></system-err>
      </testcase>
      <testcase name="Test Cases/Katalon Demo/negatif login katalon demo" time="17.39" classname="Test Cases/Katalon Demo/negatif login katalon demo" status="PASSED">
         <system-out><![CDATA[29-01-2024T23:18:25 - [TEST_CASE][PASSED] - Test Cases/Katalon Demo/negatif login katalon demo: Test Cases/Katalon Demo/negatif login katalon demo

29-01-2024T23:18:25 - [TEST_STEP][PASSED] - openBrowser(""): Browser is opened with url: ''

29-01-2024T23:18:25 - [MESSAGE][INFO] - Starting 'Chrome' driver

29-01-2024T23:18:25 - [MESSAGE][INFO] - Action delay is set to 0 milliseconds

29-01-2024T23:18:26 - [MESSAGE][PASSED] - Browser is opened with url: ''

29-01-2024T23:18:26 - [TEST_STEP][PASSED] - navigateToUrl("https://katalon-demo-cura.herokuapp.com/"): Navigate to 'https://katalon-demo-cura.herokuapp.com/' successfully

29-01-2024T23:18:29 - [MESSAGE][PASSED] - Navigate to 'https://katalon-demo-cura.herokuapp.com/' successfully

29-01-2024T23:18:29 - [TEST_STEP][PASSED] - click(findTestObject("Object Repository/katalon demo/Page_CURA Healthcare Service/amenu-toggle")): Object: 'Object Repository/katalon demo/Page_CURA Healthcare Service/amenu-toggle' is clicked on

29-01-2024T23:18:30 - [MESSAGE][PASSED] - Object: 'Object Repository/katalon demo/Page_CURA Healthcare Service/amenu-toggle' is clicked on

29-01-2024T23:18:30 - [TEST_STEP][PASSED] - click(findTestObject("Object Repository/katalon demo/Page_CURA Healthcare Service/a_Login")): Object: 'Object Repository/katalon demo/Page_CURA Healthcare Service/a_Login' is clicked on

29-01-2024T23:18:30 - [MESSAGE][PASSED] - Object: 'Object Repository/katalon demo/Page_CURA Healthcare Service/a_Login' is clicked on

29-01-2024T23:18:30 - [TEST_STEP][PASSED] - setText(findTestObject("Object Repository/katalon demo/Page_CURA Healthcare Service/input_username"), username1): Text 'aaaaa' is set on object 'Object Repository/katalon demo/Page_CURA Healthcare Service/input_username'

29-01-2024T23:18:31 - [MESSAGE][PASSED] - Text 'aaaaa' is set on object 'Object Repository/katalon demo/Page_CURA Healthcare Service/input_username'

29-01-2024T23:18:31 - [TEST_STEP][PASSED] - setText(findTestObject("Object Repository/katalon demo/Page_CURA Healthcare Service/input_password"), password1): Text 'aaaaaaaa' is set on object 'Object Repository/katalon demo/Page_CURA Healthcare Service/input_password'

29-01-2024T23:18:32 - [MESSAGE][PASSED] - Text 'aaaaaaaa' is set on object 'Object Repository/katalon demo/Page_CURA Healthcare Service/input_password'

29-01-2024T23:18:32 - [TEST_STEP][PASSED] - click(findTestObject("katalon demo/Page_CURA Healthcare Service/button_Login")): Object: 'Object Repository/katalon demo/Page_CURA Healthcare Service/button_Login' is clicked on

29-01-2024T23:18:33 - [MESSAGE][PASSED] - Object: 'Object Repository/katalon demo/Page_CURA Healthcare Service/button_Login' is clicked on

29-01-2024T23:18:33 - [TEST_STEP][PASSED] - verifyTextPresent("Login failed!", false): Text 'Login failed!' is present on page 

29-01-2024T23:18:33 - [MESSAGE][PASSED] - Text 'Login failed!' is present on page 

29-01-2024T23:18:33 - [TEST_STEP][PASSED] - takeScreenshotAsCheckpoint("negatif 1 login katalon demo"): Taking screenshot successfully

29-01-2024T23:18:34 - [MESSAGE][INFO] - 0 hidden object(s)

29-01-2024T23:18:34 - [MESSAGE][PASSED] - Taking screenshot successfully
[[ATTACHMENT|keyes\keyes-negatif 1 login katalon demo.png]]

29-01-2024T23:18:34 - [TEST_STEP][PASSED] - click(findTestObject("Object Repository/katalon demo/Page_CURA Healthcare Service/button_Login")): Object: 'Object Repository/katalon demo/Page_CURA Healthcare Service/button_Login' is clicked on

29-01-2024T23:18:35 - [MESSAGE][PASSED] - Object: 'Object Repository/katalon demo/Page_CURA Healthcare Service/button_Login' is clicked on

29-01-2024T23:18:35 - [TEST_STEP][PASSED] - setText(findTestObject("katalon demo/Page_CURA Healthcare Service/input_username"), username2): Text 'bbbbb' is set on object 'Object Repository/katalon demo/Page_CURA Healthcare Service/input_username'

29-01-2024T23:18:35 - [MESSAGE][PASSED] - Text 'bbbbb' is set on object 'Object Repository/katalon demo/Page_CURA Healthcare Service/input_username'

29-01-2024T23:18:35 - [TEST_STEP][PASSED] - setText(findTestObject("katalon demo/Page_CURA Healthcare Service/input_password"), password2): Text 'bbbbbbbb' is set on object 'Object Repository/katalon demo/Page_CURA Healthcare Service/input_password'

29-01-2024T23:18:36 - [MESSAGE][PASSED] - Text 'bbbbbbbb' is set on object 'Object Repository/katalon demo/Page_CURA Healthcare Service/input_password'

29-01-2024T23:18:36 - [TEST_STEP][PASSED] - click(findTestObject("katalon demo/Page_CURA Healthcare Service/button_Login")): Object: 'Object Repository/katalon demo/Page_CURA Healthcare Service/button_Login' is clicked on

29-01-2024T23:18:41 - [MESSAGE][PASSED] - Object: 'Object Repository/katalon demo/Page_CURA Healthcare Service/button_Login' is clicked on

29-01-2024T23:18:41 - [TEST_STEP][PASSED] - verifyTextPresent("Login failed!", false): Text 'Login failed!' is present on page 

29-01-2024T23:18:42 - [MESSAGE][PASSED] - Text 'Login failed!' is present on page 

29-01-2024T23:18:42 - [TEST_STEP][PASSED] - takeScreenshotAsCheckpoint("negatif 2 login katalon demo"): Taking screenshot successfully

29-01-2024T23:18:42 - [MESSAGE][INFO] - 0 hidden object(s)

29-01-2024T23:18:42 - [MESSAGE][PASSED] - Taking screenshot successfully
[[ATTACHMENT|keyes\keyes-negatif 2 login katalon demo.png]]]]></system-out>
         <system-err><![CDATA[]]></system-err>
      </testcase>
      <system-out><![CDATA[29-01-2024T23:16:37 - [TEST_SUITE][PASSED] - katalon demo: Test Cases/Katalon Demo/negatif login katalon demo]]></system-out>
      <system-err><![CDATA[]]></system-err>
   </testsuite>
   <testsuite name="katalon demo" tests="8" failures="0" errors="0" time="139.036" skipped="0" timestamp="29-01-2024T23:18:49" hostname="0517 - Pierrot" id="Test Suites/katalon demo">
      <properties>
         <property name="deviceName" value=""/>
         <property name="devicePlatform" value=""/>
         <property name="logFolder" value="C:\\Users\\0517\\Katalon Studio\\poc bni\\Reports\\20240129_231002\\katalon demo\\20240129_231029"/>
         <property name="logFiles" value="C:\\Users\\0517\\Katalon Studio\\poc bni\\Reports\\20240129_231002\\katalon demo\\20240129_231029\\execution0.log"/>
         <property name="attachments" value="keyes\keyes-login katalon demo.png, keyes\keyes-appointment katalon demo.png, keyes\keyes-appointment 1 katalon demo.png, keyes\keyes-appointment 2 katalon demo.png, keyes\keyes-history katalon demo.png, keyes\keyes-profile katalon demo.png, keyes\keyes-logout katalon demo.png, keyes\keyes-negatif 1 login katalon demo.png, keyes\keyes-negatif 2 login katalon demo.png"/>
         <property name="hostName" value="0517 - Pierrot"/>
         <property name="os" value="Windows 10 64bit"/>
         <property name="katalonVersion" value="9.2.0.212"/>
         <property name="browser" value="Chrome 121.0.0.0"/>
         <property name="hostAddress" value="192.168.96.2"/>
         <property name="sessionId" value="e326e33e7d6c9d688238dda47bf8f8d2"/>
         <property name="seleniumVersion" value="3.141.59"/>
         <property name="proxyInformation" value="ProxyInformation { proxyOption=NO_PROXY, proxyServerType=HTTP, username=, password=********, proxyServerAddress=, proxyServerPort=0, executionList=&quot;&quot;, isApplyToDesiredCapabilities=true }"/>
         <property name="platform" value="Windows 10"/>
      </properties>
      <testcase name="Test Cases/Katalon Demo/login katalon demo" time="11.634" classname="Test Cases/Katalon Demo/login katalon demo" status="PASSED">
         <system-out><![CDATA[29-01-2024T23:18:49 - [TEST_CASE][PASSED] - Test Cases/Katalon Demo/login katalon demo: Test Cases/Katalon Demo/login katalon demo

29-01-2024T23:18:49 - [TEST_STEP][PASSED] - openBrowser(""): Browser is opened with url: ''

29-01-2024T23:18:50 - [MESSAGE][INFO] - Starting 'Chrome' driver

29-01-2024T23:18:50 - [MESSAGE][INFO] - Action delay is set to 0 milliseconds

29-01-2024T23:18:52 - [MESSAGE][PASSED] - Browser is opened with url: ''

29-01-2024T23:18:52 - [TEST_STEP][PASSED] - navigateToUrl("https://katalon-demo-cura.herokuapp.com/"): Navigate to 'https://katalon-demo-cura.herokuapp.com/' successfully

29-01-2024T23:18:56 - [MESSAGE][PASSED] - Navigate to 'https://katalon-demo-cura.herokuapp.com/' successfully

29-01-2024T23:18:56 - [TEST_STEP][PASSED] - click(findTestObject("Object Repository/katalon demo/Page_CURA Healthcare Service/amenu-toggle")): Object: 'Object Repository/katalon demo/Page_CURA Healthcare Service/amenu-toggle' is clicked on

29-01-2024T23:18:57 - [MESSAGE][PASSED] - Object: 'Object Repository/katalon demo/Page_CURA Healthcare Service/amenu-toggle' is clicked on

29-01-2024T23:18:57 - [TEST_STEP][PASSED] - click(findTestObject("Object Repository/katalon demo/Page_CURA Healthcare Service/a_Login")): Object: 'Object Repository/katalon demo/Page_CURA Healthcare Service/a_Login' is clicked on

29-01-2024T23:18:58 - [MESSAGE][PASSED] - Object: 'Object Repository/katalon demo/Page_CURA Healthcare Service/a_Login' is clicked on

29-01-2024T23:18:58 - [TEST_STEP][PASSED] - setText(findTestObject("Object Repository/katalon demo/Page_CURA Healthcare Service/input_username"), "John Doe"): Text 'John Doe' is set on object 'Object Repository/katalon demo/Page_CURA Healthcare Service/input_username'

29-01-2024T23:18:58 - [MESSAGE][PASSED] - Text 'John Doe' is set on object 'Object Repository/katalon demo/Page_CURA Healthcare Service/input_username'

29-01-2024T23:18:58 - [TEST_STEP][PASSED] - setEncryptedText(findTestObject("Object Repository/katalon demo/Page_CURA Healthcare Service/input_password"), "g3/DOGG74jC3Flrr3yH+3D/yKbOqqUNM"): Text ****** has been set on object 'Object Repository/katalon demo/Page_CURA Healthcare Service/input_password'

29-01-2024T23:18:59 - [MESSAGE][PASSED] - Text ****** has been set on object 'Object Repository/katalon demo/Page_CURA Healthcare Service/input_password'

29-01-2024T23:18:59 - [TEST_STEP][PASSED] - takeScreenshotAsCheckpoint("login katalon demo", STOP_ON_FAILURE): Taking screenshot successfully

29-01-2024T23:19:00 - [MESSAGE][INFO] - 0 hidden object(s)

29-01-2024T23:19:00 - [MESSAGE][PASSED] - Taking screenshot successfully
[[ATTACHMENT|keyes\keyes-login katalon demo.png]]

29-01-2024T23:19:00 - [TEST_STEP][PASSED] - click(findTestObject("Object Repository/katalon demo/Page_CURA Healthcare Service/button_Login")): Object: 'Object Repository/katalon demo/Page_CURA Healthcare Service/button_Login' is clicked on

29-01-2024T23:19:01 - [MESSAGE][PASSED] - Object: 'Object Repository/katalon demo/Page_CURA Healthcare Service/button_Login' is clicked on]]></system-out>
         <system-err><![CDATA[]]></system-err>
      </testcase>
      <testcase name="Test Cases/Katalon Demo/make appointment katalon demo" time="13.779" classname="Test Cases/Katalon Demo/make appointment katalon demo" status="PASSED">
         <system-out><![CDATA[29-01-2024T23:19:01 - [TEST_CASE][PASSED] - Test Cases/Katalon Demo/make appointment katalon demo: Test Cases/Katalon Demo/make appointment katalon demo

29-01-2024T23:19:01 - [TEST_STEP][PASSED] - selectOptionByValue(findTestObject("Object Repository/katalon demo/Page_CURA Healthcare Service/select_Tokyo"), "Hongkong CURA Healthcare Center", true): All options with value 'Hongkong CURA Healthcare Center' are selected in object 'Object Repository/katalon demo/Page_CURA Healthcare Service/select_Tokyo'  using regular expression

29-01-2024T23:19:02 - [MESSAGE][PASSED] - All options with value 'Hongkong CURA Healthcare Center' are selected in object 'Object Repository/katalon demo/Page_CURA Healthcare Service/select_Tokyo'  using regular expression

29-01-2024T23:19:02 - [TEST_STEP][PASSED] - click(findTestObject("Object Repository/katalon demo/Page_CURA Healthcare Service/label_Apply for hospital readmission")): Object: 'Object Repository/katalon demo/Page_CURA Healthcare Service/label_Apply for hospital readmission' is clicked on

29-01-2024T23:19:02 - [MESSAGE][PASSED] - Object: 'Object Repository/katalon demo/Page_CURA Healthcare Service/label_Apply for hospital readmission' is clicked on

29-01-2024T23:19:02 - [TEST_STEP][PASSED] - click(findTestObject("Object Repository/katalon demo/Page_CURA Healthcare Service/input_programs")): Object: 'Object Repository/katalon demo/Page_CURA Healthcare Service/input_programs' is clicked on

29-01-2024T23:19:03 - [MESSAGE][PASSED] - Object: 'Object Repository/katalon demo/Page_CURA Healthcare Service/input_programs' is clicked on

29-01-2024T23:19:03 - [TEST_STEP][PASSED] - click(findTestObject("Object Repository/katalon demo/Page_CURA Healthcare Service/span_glyphicon glyphicon-calendar")): Object: 'Object Repository/katalon demo/Page_CURA Healthcare Service/span_glyphicon glyphicon-calendar' is clicked on

29-01-2024T23:19:03 - [MESSAGE][PASSED] - Object: 'Object Repository/katalon demo/Page_CURA Healthcare Service/span_glyphicon glyphicon-calendar' is clicked on

29-01-2024T23:19:03 - [TEST_STEP][PASSED] - click(findTestObject("Object Repository/katalon demo/Page_CURA Healthcare Service/td_31")): Object: 'Object Repository/katalon demo/Page_CURA Healthcare Service/td_31' is clicked on

29-01-2024T23:19:03 - [MESSAGE][PASSED] - Object: 'Object Repository/katalon demo/Page_CURA Healthcare Service/td_31' is clicked on

29-01-2024T23:19:03 - [TEST_STEP][PASSED] - setText(findTestObject("Object Repository/katalon demo/Page_CURA Healthcare Service/textarea_comment"), "tes katalon demo"): Text 'tes katalon demo' is set on object 'Object Repository/katalon demo/Page_CURA Healthcare Service/textarea_comment'

29-01-2024T23:19:04 - [MESSAGE][PASSED] - Text 'tes katalon demo' is set on object 'Object Repository/katalon demo/Page_CURA Healthcare Service/textarea_comment'

29-01-2024T23:19:04 - [TEST_STEP][PASSED] - click(findTestObject("Object Repository/katalon demo/Page_CURA Healthcare Service/button_Book Appointment")): Object: 'Object Repository/katalon demo/Page_CURA Healthcare Service/button_Book Appointment' is clicked on

29-01-2024T23:19:12 - [MESSAGE][PASSED] - Object: 'Object Repository/katalon demo/Page_CURA Healthcare Service/button_Book Appointment' is clicked on

29-01-2024T23:19:12 - [TEST_STEP][PASSED] - verifyTextPresent("Appointment Confirmation", false): Text 'Appointment Confirmation' is present on page 

29-01-2024T23:19:13 - [MESSAGE][PASSED] - Text 'Appointment Confirmation' is present on page 

29-01-2024T23:19:13 - [TEST_STEP][PASSED] - takeScreenshotAsCheckpoint("appointment katalon demo"): Taking screenshot successfully

29-01-2024T23:19:13 - [MESSAGE][INFO] - 0 hidden object(s)

29-01-2024T23:19:13 - [MESSAGE][PASSED] - Taking screenshot successfully
[[ATTACHMENT|keyes\keyes-appointment katalon demo.png]]

29-01-2024T23:19:13 - [TEST_STEP][PASSED] - click(findTestObject("Object Repository/katalon demo/Page_CURA Healthcare Service/a_Go to Homepage")): Object: 'Object Repository/katalon demo/Page_CURA Healthcare Service/a_Go to Homepage' is clicked on

29-01-2024T23:19:14 - [MESSAGE][PASSED] - Object: 'Object Repository/katalon demo/Page_CURA Healthcare Service/a_Go to Homepage' is clicked on]]></system-out>
         <system-err><![CDATA[]]></system-err>
      </testcase>
      <testcase name="Test Cases/Katalon Demo/make appointment katalon demo 1" time="6.037" classname="Test Cases/Katalon Demo/make appointment katalon demo 1" status="PASSED">
         <system-out><![CDATA[29-01-2024T23:19:14 - [TEST_CASE][PASSED] - Test Cases/Katalon Demo/make appointment katalon demo 1: Test Cases/Katalon Demo/make appointment katalon demo 1

29-01-2024T23:19:15 - [TEST_STEP][PASSED] - selectOptionByValue(findTestObject("Object Repository/katalon demo/Page_CURA Healthcare Service/select_Tokyo"), "Seoul CURA Healthcare Center", true): All options with value 'Seoul CURA Healthcare Center' are selected in object 'Object Repository/katalon demo/Page_CURA Healthcare Service/select_Tokyo'  using regular expression

29-01-2024T23:19:16 - [MESSAGE][PASSED] - All options with value 'Seoul CURA Healthcare Center' are selected in object 'Object Repository/katalon demo/Page_CURA Healthcare Service/select_Tokyo'  using regular expression

29-01-2024T23:19:16 - [TEST_STEP][PASSED] - click(findTestObject("Object Repository/katalon demo/Page_CURA Healthcare Service/input_hospital_readmission")): Object: 'Object Repository/katalon demo/Page_CURA Healthcare Service/input_hospital_readmission' is clicked on

29-01-2024T23:19:16 - [MESSAGE][PASSED] - Object: 'Object Repository/katalon demo/Page_CURA Healthcare Service/input_hospital_readmission' is clicked on

29-01-2024T23:19:16 - [TEST_STEP][PASSED] - click(findTestObject("Object Repository/katalon demo/Page_CURA Healthcare Service/input_programs")): Object: 'Object Repository/katalon demo/Page_CURA Healthcare Service/input_programs' is clicked on

29-01-2024T23:19:16 - [MESSAGE][PASSED] - Object: 'Object Repository/katalon demo/Page_CURA Healthcare Service/input_programs' is clicked on

29-01-2024T23:19:16 - [TEST_STEP][PASSED] - click(findTestObject("Object Repository/katalon demo/Page_CURA Healthcare Service/span_glyphicon glyphicon-calendar")): Object: 'Object Repository/katalon demo/Page_CURA Healthcare Service/span_glyphicon glyphicon-calendar' is clicked on

29-01-2024T23:19:17 - [MESSAGE][PASSED] - Object: 'Object Repository/katalon demo/Page_CURA Healthcare Service/span_glyphicon glyphicon-calendar' is clicked on

29-01-2024T23:19:17 - [TEST_STEP][PASSED] - click(findTestObject("Object Repository/katalon demo/Page_CURA Healthcare Service/td_30")): Object: 'Object Repository/katalon demo/Page_CURA Healthcare Service/td_30' is clicked on

29-01-2024T23:19:17 - [MESSAGE][PASSED] - Object: 'Object Repository/katalon demo/Page_CURA Healthcare Service/td_30' is clicked on

29-01-2024T23:19:17 - [TEST_STEP][PASSED] - setText(findTestObject("Object Repository/katalon demo/Page_CURA Healthcare Service/textarea_comment"), "tes katalon"): Text 'tes katalon' is set on object 'Object Repository/katalon demo/Page_CURA Healthcare Service/textarea_comment'

29-01-2024T23:19:18 - [MESSAGE][PASSED] - Text 'tes katalon' is set on object 'Object Repository/katalon demo/Page_CURA Healthcare Service/textarea_comment'

29-01-2024T23:19:18 - [TEST_STEP][PASSED] - click(findTestObject("Object Repository/katalon demo/Page_CURA Healthcare Service/button_Book Appointment")): Object: 'Object Repository/katalon demo/Page_CURA Healthcare Service/button_Book Appointment' is clicked on

29-01-2024T23:19:19 - [MESSAGE][PASSED] - Object: 'Object Repository/katalon demo/Page_CURA Healthcare Service/button_Book Appointment' is clicked on

29-01-2024T23:19:19 - [TEST_STEP][PASSED] - verifyTextPresent("Appointment Confirmation", false): Text 'Appointment Confirmation' is present on page 

29-01-2024T23:19:19 - [MESSAGE][PASSED] - Text 'Appointment Confirmation' is present on page 

29-01-2024T23:19:19 - [TEST_STEP][PASSED] - takeScreenshotAsCheckpoint("appointment 1 katalon demo"): Taking screenshot successfully

29-01-2024T23:19:20 - [MESSAGE][INFO] - 0 hidden object(s)

29-01-2024T23:19:20 - [MESSAGE][PASSED] - Taking screenshot successfully
[[ATTACHMENT|keyes\keyes-appointment 1 katalon demo.png]]

29-01-2024T23:19:20 - [TEST_STEP][PASSED] - click(findTestObject("Object Repository/katalon demo/Page_CURA Healthcare Service/a_Go to Homepage")): Object: 'Object Repository/katalon demo/Page_CURA Healthcare Service/a_Go to Homepage' is clicked on

29-01-2024T23:19:20 - [MESSAGE][PASSED] - Object: 'Object Repository/katalon demo/Page_CURA Healthcare Service/a_Go to Homepage' is clicked on]]></system-out>
         <system-err><![CDATA[]]></system-err>
      </testcase>
      <testcase name="Test Cases/Katalon Demo/make appointment katalon demo 2" time="5.368" classname="Test Cases/Katalon Demo/make appointment katalon demo 2" status="PASSED">
         <system-out><![CDATA[29-01-2024T23:19:21 - [TEST_CASE][PASSED] - Test Cases/Katalon Demo/make appointment katalon demo 2: Test Cases/Katalon Demo/make appointment katalon demo 2

29-01-2024T23:19:21 - [TEST_STEP][PASSED] - click(findTestObject("Object Repository/katalon demo/Page_CURA Healthcare Service/label_Apply for hospital readmission")): Object: 'Object Repository/katalon demo/Page_CURA Healthcare Service/label_Apply for hospital readmission' is clicked on

29-01-2024T23:19:21 - [MESSAGE][PASSED] - Object: 'Object Repository/katalon demo/Page_CURA Healthcare Service/label_Apply for hospital readmission' is clicked on

29-01-2024T23:19:21 - [TEST_STEP][PASSED] - click(findTestObject("Object Repository/katalon demo/Page_CURA Healthcare Service/input_programs")): Object: 'Object Repository/katalon demo/Page_CURA Healthcare Service/input_programs' is clicked on

29-01-2024T23:19:21 - [MESSAGE][PASSED] - Object: 'Object Repository/katalon demo/Page_CURA Healthcare Service/input_programs' is clicked on

29-01-2024T23:19:21 - [TEST_STEP][PASSED] - click(findTestObject("Object Repository/katalon demo/Page_CURA Healthcare Service/input_visit_date")): Object: 'Object Repository/katalon demo/Page_CURA Healthcare Service/input_visit_date' is clicked on

29-01-2024T23:19:22 - [MESSAGE][PASSED] - Object: 'Object Repository/katalon demo/Page_CURA Healthcare Service/input_visit_date' is clicked on

29-01-2024T23:19:22 - [TEST_STEP][PASSED] - click(findTestObject("Object Repository/katalon demo/Page_CURA Healthcare Service/th_")): Object: 'Object Repository/katalon demo/Page_CURA Healthcare Service/th_' is clicked on

29-01-2024T23:19:22 - [MESSAGE][PASSED] - Object: 'Object Repository/katalon demo/Page_CURA Healthcare Service/th_' is clicked on

29-01-2024T23:19:22 - [TEST_STEP][PASSED] - click(findTestObject("Object Repository/katalon demo/Page_CURA Healthcare Service/td_28")): Object: 'Object Repository/katalon demo/Page_CURA Healthcare Service/td_28' is clicked on

29-01-2024T23:19:23 - [MESSAGE][PASSED] - Object: 'Object Repository/katalon demo/Page_CURA Healthcare Service/td_28' is clicked on

29-01-2024T23:19:23 - [TEST_STEP][PASSED] - setText(findTestObject("Object Repository/katalon demo/Page_CURA Healthcare Service/textarea_comment"), "tes katalon"): Text 'tes katalon' is set on object 'Object Repository/katalon demo/Page_CURA Healthcare Service/textarea_comment'

29-01-2024T23:19:24 - [MESSAGE][PASSED] - Text 'tes katalon' is set on object 'Object Repository/katalon demo/Page_CURA Healthcare Service/textarea_comment'

29-01-2024T23:19:24 - [TEST_STEP][PASSED] - click(findTestObject("Object Repository/katalon demo/Page_CURA Healthcare Service/button_Book Appointment")): Object: 'Object Repository/katalon demo/Page_CURA Healthcare Service/button_Book Appointment' is clicked on

29-01-2024T23:19:24 - [MESSAGE][PASSED] - Object: 'Object Repository/katalon demo/Page_CURA Healthcare Service/button_Book Appointment' is clicked on

29-01-2024T23:19:24 - [TEST_STEP][PASSED] - verifyTextPresent("Appointment Confirmation", false): Text 'Appointment Confirmation' is present on page 

29-01-2024T23:19:25 - [MESSAGE][PASSED] - Text 'Appointment Confirmation' is present on page 

29-01-2024T23:19:25 - [TEST_STEP][PASSED] - takeScreenshotAsCheckpoint("appointment 2 katalon demo"): Taking screenshot successfully

29-01-2024T23:19:25 - [MESSAGE][INFO] - 0 hidden object(s)

29-01-2024T23:19:25 - [MESSAGE][PASSED] - Taking screenshot successfully
[[ATTACHMENT|keyes\keyes-appointment 2 katalon demo.png]]

29-01-2024T23:19:25 - [TEST_STEP][PASSED] - click(findTestObject("Object Repository/katalon demo/Page_CURA Healthcare Service/a_Go to Homepage")): Object: 'Object Repository/katalon demo/Page_CURA Healthcare Service/a_Go to Homepage' is clicked on

29-01-2024T23:19:26 - [MESSAGE][PASSED] - Object: 'Object Repository/katalon demo/Page_CURA Healthcare Service/a_Go to Homepage' is clicked on]]></system-out>
         <system-err><![CDATA[]]></system-err>
      </testcase>
      <testcase name="Test Cases/Katalon Demo/history katalon demo" time="66.005" classname="Test Cases/Katalon Demo/history katalon demo" status="PASSED">
         <system-out><![CDATA[29-01-2024T23:19:26 - [TEST_CASE][PASSED] - Test Cases/Katalon Demo/history katalon demo: Test Cases/Katalon Demo/history katalon demo

29-01-2024T23:19:26 - [TEST_STEP][PASSED] - click(findTestObject("Object Repository/katalon demo/Page_CURA Healthcare Service/amenu-toggle")): Object: 'Object Repository/katalon demo/Page_CURA Healthcare Service/amenu-toggle' is clicked on

29-01-2024T23:19:26 - [MESSAGE][PASSED] - Object: 'Object Repository/katalon demo/Page_CURA Healthcare Service/amenu-toggle' is clicked on

29-01-2024T23:19:26 - [TEST_STEP][PASSED] - click(findTestObject("Object Repository/katalon demo/Page_CURA Healthcare Service/a_History")): Object: 'Object Repository/katalon demo/Page_CURA Healthcare Service/a_History' is clicked on

29-01-2024T23:19:27 - [MESSAGE][PASSED] - Object: 'Object Repository/katalon demo/Page_CURA Healthcare Service/a_History' is clicked on

29-01-2024T23:19:27 - [TEST_STEP][PASSED] - takeScreenshotAsCheckpoint("history katalon demo"): Taking screenshot successfully

29-01-2024T23:19:28 - [MESSAGE][INFO] - 0 hidden object(s)

29-01-2024T23:19:28 - [MESSAGE][PASSED] - Taking screenshot successfully
[[ATTACHMENT|keyes\keyes-history katalon demo.png]]

29-01-2024T23:19:28 - [TEST_STEP][PASSED] - scrollToElement(findTestObject("katalon demo/Page_CURA Healthcare Service/a_Go to Homepage"), 3): Scroll to object 'Object Repository/katalon demo/Page_CURA Healthcare Service/a_Go to Homepage' successfully

29-01-2024T23:19:59 - [MESSAGE][INFO] - Unable to find the element located by 'By.xpath: //section[@id='summary']/div/div/div[7]/p/a'. Please recheck the objects properties to make sure the desired element is located. 

29-01-2024T23:19:59 - [MESSAGE][WARNING] - [SELF-HEALING] Failed to find element with id 'Object Repository/katalon demo/Page_CURA Healthcare Service/a_Go to Homepage'. Try using Self-healing.

29-01-2024T23:19:59 - [MESSAGE][WARNING] - [SELF-HEALING] The current locator of test object 'Object Repository/katalon demo/Page_CURA Healthcare Service/a_Go to Homepage' was broken. Propose an alternative one: '//a[contains(text(),'Go to Homepage')]'.

29-01-2024T23:19:59 - [MESSAGE][PASSED] - Scroll to object 'Object Repository/katalon demo/Page_CURA Healthcare Service/a_Go to Homepage' successfully

29-01-2024T23:19:59 - [TEST_STEP][PASSED] - click(findTestObject("Object Repository/katalon demo/Page_CURA Healthcare Service/a_Go to Homepage")): Object: 'Object Repository/katalon demo/Page_CURA Healthcare Service/a_Go to Homepage' is clicked on

29-01-2024T23:20:31 - [MESSAGE][INFO] - Unable to find the element located by 'By.xpath: //section[@id='summary']/div/div/div[7]/p/a'. Please recheck the objects properties to make sure the desired element is located. 

29-01-2024T23:20:31 - [MESSAGE][WARNING] - [SELF-HEALING] Failed to find element with id 'Object Repository/katalon demo/Page_CURA Healthcare Service/a_Go to Homepage'. Try using Self-healing.

29-01-2024T23:20:31 - [MESSAGE][WARNING] - [SELF-HEALING] The current locator of test object 'Object Repository/katalon demo/Page_CURA Healthcare Service/a_Go to Homepage' was broken. Propose an alternative one: '//a[contains(text(),'Go to Homepage')]'.

29-01-2024T23:20:32 - [MESSAGE][PASSED] - Object: 'Object Repository/katalon demo/Page_CURA Healthcare Service/a_Go to Homepage' is clicked on]]></system-out>
         <system-err><![CDATA[]]></system-err>
      </testcase>
      <testcase name="Test Cases/Katalon Demo/profile katalon demo" time="3.151" classname="Test Cases/Katalon Demo/profile katalon demo" status="PASSED">
         <system-out><![CDATA[29-01-2024T23:20:32 - [TEST_CASE][PASSED] - Test Cases/Katalon Demo/profile katalon demo: Test Cases/Katalon Demo/profile katalon demo

29-01-2024T23:20:32 - [TEST_STEP][PASSED] - click(findTestObject("Object Repository/katalon demo/Page_CURA Healthcare Service/i_fa fa-bars")): Object: 'Object Repository/katalon demo/Page_CURA Healthcare Service/i_fa fa-bars' is clicked on

29-01-2024T23:20:32 - [MESSAGE][PASSED] - Object: 'Object Repository/katalon demo/Page_CURA Healthcare Service/i_fa fa-bars' is clicked on

29-01-2024T23:20:32 - [TEST_STEP][PASSED] - click(findTestObject("Object Repository/katalon demo/Page_CURA Healthcare Service/a_Profile")): Object: 'Object Repository/katalon demo/Page_CURA Healthcare Service/a_Profile' is clicked on

29-01-2024T23:20:33 - [MESSAGE][PASSED] - Object: 'Object Repository/katalon demo/Page_CURA Healthcare Service/a_Profile' is clicked on

29-01-2024T23:20:33 - [TEST_STEP][PASSED] - takeScreenshotAsCheckpoint("profile katalon demo"): Taking screenshot successfully

29-01-2024T23:20:34 - [MESSAGE][INFO] - 0 hidden object(s)

29-01-2024T23:20:34 - [MESSAGE][PASSED] - Taking screenshot successfully
[[ATTACHMENT|keyes\keyes-profile katalon demo.png]]

29-01-2024T23:20:34 - [TEST_STEP][PASSED] - click(findTestObject("Object Repository/katalon demo/Page_CURA Healthcare Service/i_fa fa-bars")): Object: 'Object Repository/katalon demo/Page_CURA Healthcare Service/i_fa fa-bars' is clicked on

29-01-2024T23:20:34 - [MESSAGE][PASSED] - Object: 'Object Repository/katalon demo/Page_CURA Healthcare Service/i_fa fa-bars' is clicked on

29-01-2024T23:20:34 - [TEST_STEP][PASSED] - click(findTestObject("Object Repository/katalon demo/Page_CURA Healthcare Service/a_Home")): Object: 'Object Repository/katalon demo/Page_CURA Healthcare Service/a_Home' is clicked on

29-01-2024T23:20:35 - [MESSAGE][PASSED] - Object: 'Object Repository/katalon demo/Page_CURA Healthcare Service/a_Home' is clicked on]]></system-out>
         <system-err><![CDATA[]]></system-err>
      </testcase>
      <testcase name="Test Cases/Katalon Demo/logout katalon demo" time="2.62" classname="Test Cases/Katalon Demo/logout katalon demo" status="PASSED">
         <system-out><![CDATA[29-01-2024T23:20:35 - [TEST_CASE][PASSED] - Test Cases/Katalon Demo/logout katalon demo: Test Cases/Katalon Demo/logout katalon demo

29-01-2024T23:20:35 - [TEST_STEP][PASSED] - click(findTestObject("Object Repository/katalon demo/Page_CURA Healthcare Service/i_fa fa-bars")): Object: 'Object Repository/katalon demo/Page_CURA Healthcare Service/i_fa fa-bars' is clicked on

29-01-2024T23:20:36 - [MESSAGE][PASSED] - Object: 'Object Repository/katalon demo/Page_CURA Healthcare Service/i_fa fa-bars' is clicked on

29-01-2024T23:20:36 - [TEST_STEP][PASSED] - takeScreenshotAsCheckpoint("logout katalon demo"): Taking screenshot successfully

29-01-2024T23:20:36 - [MESSAGE][INFO] - 0 hidden object(s)

29-01-2024T23:20:37 - [MESSAGE][PASSED] - Taking screenshot successfully
[[ATTACHMENT|keyes\keyes-logout katalon demo.png]]

29-01-2024T23:20:37 - [TEST_STEP][PASSED] - click(findTestObject("Object Repository/katalon demo/Page_CURA Healthcare Service/a_Logout")): Object: 'Object Repository/katalon demo/Page_CURA Healthcare Service/a_Logout' is clicked on

29-01-2024T23:20:37 - [MESSAGE][PASSED] - Object: 'Object Repository/katalon demo/Page_CURA Healthcare Service/a_Logout' is clicked on

29-01-2024T23:20:37 - [TEST_STEP][PASSED] - closeBrowser(): Browser is closed

29-01-2024T23:20:38 - [MESSAGE][PASSED] - Browser is closed]]></system-out>
         <system-err><![CDATA[]]></system-err>
      </testcase>
      <testcase name="Test Cases/Katalon Demo/negatif login katalon demo" time="30.138" classname="Test Cases/Katalon Demo/negatif login katalon demo" status="PASSED">
         <system-out><![CDATA[29-01-2024T23:20:38 - [TEST_CASE][PASSED] - Test Cases/Katalon Demo/negatif login katalon demo: Test Cases/Katalon Demo/negatif login katalon demo

29-01-2024T23:20:38 - [TEST_STEP][PASSED] - openBrowser(""): Browser is opened with url: ''

29-01-2024T23:20:38 - [MESSAGE][INFO] - Starting 'Chrome' driver

29-01-2024T23:20:38 - [MESSAGE][INFO] - Action delay is set to 0 milliseconds

29-01-2024T23:20:39 - [MESSAGE][PASSED] - Browser is opened with url: ''

29-01-2024T23:20:39 - [TEST_STEP][PASSED] - navigateToUrl("https://katalon-demo-cura.herokuapp.com/"): Navigate to 'https://katalon-demo-cura.herokuapp.com/' successfully

29-01-2024T23:20:42 - [MESSAGE][PASSED] - Navigate to 'https://katalon-demo-cura.herokuapp.com/' successfully

29-01-2024T23:20:42 - [TEST_STEP][PASSED] - click(findTestObject("Object Repository/katalon demo/Page_CURA Healthcare Service/amenu-toggle")): Object: 'Object Repository/katalon demo/Page_CURA Healthcare Service/amenu-toggle' is clicked on

29-01-2024T23:20:43 - [MESSAGE][PASSED] - Object: 'Object Repository/katalon demo/Page_CURA Healthcare Service/amenu-toggle' is clicked on

29-01-2024T23:20:43 - [TEST_STEP][PASSED] - click(findTestObject("Object Repository/katalon demo/Page_CURA Healthcare Service/a_Login")): Object: 'Object Repository/katalon demo/Page_CURA Healthcare Service/a_Login' is clicked on

29-01-2024T23:20:44 - [MESSAGE][PASSED] - Object: 'Object Repository/katalon demo/Page_CURA Healthcare Service/a_Login' is clicked on

29-01-2024T23:20:44 - [TEST_STEP][PASSED] - setText(findTestObject("Object Repository/katalon demo/Page_CURA Healthcare Service/input_username"), username1): Text 'aaaaa' is set on object 'Object Repository/katalon demo/Page_CURA Healthcare Service/input_username'

29-01-2024T23:20:45 - [MESSAGE][PASSED] - Text 'aaaaa' is set on object 'Object Repository/katalon demo/Page_CURA Healthcare Service/input_username'

29-01-2024T23:20:45 - [TEST_STEP][PASSED] - setText(findTestObject("Object Repository/katalon demo/Page_CURA Healthcare Service/input_password"), password1): Text 'aaaaaaaa' is set on object 'Object Repository/katalon demo/Page_CURA Healthcare Service/input_password'

29-01-2024T23:20:45 - [MESSAGE][PASSED] - Text 'aaaaaaaa' is set on object 'Object Repository/katalon demo/Page_CURA Healthcare Service/input_password'

29-01-2024T23:20:45 - [TEST_STEP][PASSED] - click(findTestObject("katalon demo/Page_CURA Healthcare Service/button_Login")): Object: 'Object Repository/katalon demo/Page_CURA Healthcare Service/button_Login' is clicked on

29-01-2024T23:20:46 - [MESSAGE][PASSED] - Object: 'Object Repository/katalon demo/Page_CURA Healthcare Service/button_Login' is clicked on

29-01-2024T23:20:46 - [TEST_STEP][PASSED] - verifyTextPresent("Login failed!", false): Text 'Login failed!' is present on page 

29-01-2024T23:20:47 - [MESSAGE][PASSED] - Text 'Login failed!' is present on page 

29-01-2024T23:20:47 - [TEST_STEP][PASSED] - takeScreenshotAsCheckpoint("negatif 1 login katalon demo"): Taking screenshot successfully

29-01-2024T23:20:47 - [MESSAGE][INFO] - 0 hidden object(s)

29-01-2024T23:20:47 - [MESSAGE][PASSED] - Taking screenshot successfully
[[ATTACHMENT|keyes\keyes-negatif 1 login katalon demo.png]]

29-01-2024T23:20:47 - [TEST_STEP][PASSED] - click(findTestObject("Object Repository/katalon demo/Page_CURA Healthcare Service/button_Login")): Object: 'Object Repository/katalon demo/Page_CURA Healthcare Service/button_Login' is clicked on

29-01-2024T23:20:48 - [MESSAGE][PASSED] - Object: 'Object Repository/katalon demo/Page_CURA Healthcare Service/button_Login' is clicked on

29-01-2024T23:20:48 - [TEST_STEP][PASSED] - setText(findTestObject("katalon demo/Page_CURA Healthcare Service/input_username"), username2): Text 'bbbbb' is set on object 'Object Repository/katalon demo/Page_CURA Healthcare Service/input_username'

29-01-2024T23:20:49 - [MESSAGE][PASSED] - Text 'bbbbb' is set on object 'Object Repository/katalon demo/Page_CURA Healthcare Service/input_username'

29-01-2024T23:20:49 - [TEST_STEP][PASSED] - setText(findTestObject("katalon demo/Page_CURA Healthcare Service/input_password"), password2): Text 'bbbbbbbb' is set on object 'Object Repository/katalon demo/Page_CURA Healthcare Service/input_password'

29-01-2024T23:20:50 - [MESSAGE][PASSED] - Text 'bbbbbbbb' is set on object 'Object Repository/katalon demo/Page_CURA Healthcare Service/input_password'

29-01-2024T23:20:50 - [TEST_STEP][PASSED] - click(findTestObject("katalon demo/Page_CURA Healthcare Service/button_Login")): Object: 'Object Repository/katalon demo/Page_CURA Healthcare Service/button_Login' is clicked on

29-01-2024T23:21:07 - [MESSAGE][PASSED] - Object: 'Object Repository/katalon demo/Page_CURA Healthcare Service/button_Login' is clicked on

29-01-2024T23:21:07 - [TEST_STEP][PASSED] - verifyTextPresent("Login failed!", false): Text 'Login failed!' is present on page 

29-01-2024T23:21:07 - [MESSAGE][PASSED] - Text 'Login failed!' is present on page 

29-01-2024T23:21:07 - [TEST_STEP][PASSED] - takeScreenshotAsCheckpoint("negatif 2 login katalon demo"): Taking screenshot successfully

29-01-2024T23:21:08 - [MESSAGE][INFO] - 0 hidden object(s)

29-01-2024T23:21:08 - [MESSAGE][PASSED] - Taking screenshot successfully
[[ATTACHMENT|keyes\keyes-negatif 2 login katalon demo.png]]]]></system-out>
         <system-err><![CDATA[]]></system-err>
      </testcase>
      <system-out><![CDATA[29-01-2024T23:18:49 - [TEST_SUITE][PASSED] - katalon demo: Test Cases/Katalon Demo/negatif login katalon demo]]></system-out>
      <system-err><![CDATA[]]></system-err>
   </testsuite>
   <testsuite name="katalon demo" tests="8" failures="0" errors="0" time="118.269" skipped="0" timestamp="29-01-2024T23:21:14" hostname="0517 - Pierrot" id="Test Suites/katalon demo">
      <properties>
         <property name="deviceName" value=""/>
         <property name="devicePlatform" value=""/>
         <property name="logFolder" value="C:\\Users\\0517\\Katalon Studio\\poc bni\\Reports\\20240129_231002\\katalon demo\\20240129_231035"/>
         <property name="logFiles" value="C:\\Users\\0517\\Katalon Studio\\poc bni\\Reports\\20240129_231002\\katalon demo\\20240129_231035\\execution0.log"/>
         <property name="attachments" value="keyes\keyes-login katalon demo.png, keyes\keyes-appointment katalon demo.png, keyes\keyes-appointment 1 katalon demo.png, keyes\keyes-appointment 2 katalon demo.png, keyes\keyes-history katalon demo.png, keyes\keyes-profile katalon demo.png, keyes\keyes-logout katalon demo.png, keyes\keyes-negatif 1 login katalon demo.png, keyes\keyes-negatif 2 login katalon demo.png"/>
         <property name="hostName" value="0517 - Pierrot"/>
         <property name="os" value="Windows 10 64bit"/>
         <property name="katalonVersion" value="9.2.0.212"/>
         <property name="browser" value="Chrome 121.0.0.0"/>
         <property name="hostAddress" value="192.168.96.2"/>
         <property name="sessionId" value="3f92c16953c041536e5ed89de44c9c95"/>
         <property name="seleniumVersion" value="3.141.59"/>
         <property name="proxyInformation" value="ProxyInformation { proxyOption=NO_PROXY, proxyServerType=HTTP, username=, password=********, proxyServerAddress=, proxyServerPort=0, executionList=&quot;&quot;, isApplyToDesiredCapabilities=true }"/>
         <property name="platform" value="Windows 10"/>
      </properties>
      <testcase name="Test Cases/Katalon Demo/login katalon demo" time="12.46" classname="Test Cases/Katalon Demo/login katalon demo" status="PASSED">
         <system-out><![CDATA[29-01-2024T23:21:15 - [TEST_CASE][PASSED] - Test Cases/Katalon Demo/login katalon demo: Test Cases/Katalon Demo/login katalon demo

29-01-2024T23:21:15 - [TEST_STEP][PASSED] - openBrowser(""): Browser is opened with url: ''

29-01-2024T23:21:16 - [MESSAGE][INFO] - Starting 'Chrome' driver

29-01-2024T23:21:16 - [MESSAGE][INFO] - Action delay is set to 0 milliseconds

29-01-2024T23:21:18 - [MESSAGE][PASSED] - Browser is opened with url: ''

29-01-2024T23:21:18 - [TEST_STEP][PASSED] - navigateToUrl("https://katalon-demo-cura.herokuapp.com/"): Navigate to 'https://katalon-demo-cura.herokuapp.com/' successfully

29-01-2024T23:21:23 - [MESSAGE][PASSED] - Navigate to 'https://katalon-demo-cura.herokuapp.com/' successfully

29-01-2024T23:21:23 - [TEST_STEP][PASSED] - click(findTestObject("Object Repository/katalon demo/Page_CURA Healthcare Service/amenu-toggle")): Object: 'Object Repository/katalon demo/Page_CURA Healthcare Service/amenu-toggle' is clicked on

29-01-2024T23:21:23 - [MESSAGE][PASSED] - Object: 'Object Repository/katalon demo/Page_CURA Healthcare Service/amenu-toggle' is clicked on

29-01-2024T23:21:23 - [TEST_STEP][PASSED] - click(findTestObject("Object Repository/katalon demo/Page_CURA Healthcare Service/a_Login")): Object: 'Object Repository/katalon demo/Page_CURA Healthcare Service/a_Login' is clicked on

29-01-2024T23:21:24 - [MESSAGE][PASSED] - Object: 'Object Repository/katalon demo/Page_CURA Healthcare Service/a_Login' is clicked on

29-01-2024T23:21:24 - [TEST_STEP][PASSED] - setText(findTestObject("Object Repository/katalon demo/Page_CURA Healthcare Service/input_username"), "John Doe"): Text 'John Doe' is set on object 'Object Repository/katalon demo/Page_CURA Healthcare Service/input_username'

29-01-2024T23:21:25 - [MESSAGE][PASSED] - Text 'John Doe' is set on object 'Object Repository/katalon demo/Page_CURA Healthcare Service/input_username'

29-01-2024T23:21:25 - [TEST_STEP][PASSED] - setEncryptedText(findTestObject("Object Repository/katalon demo/Page_CURA Healthcare Service/input_password"), "g3/DOGG74jC3Flrr3yH+3D/yKbOqqUNM"): Text ****** has been set on object 'Object Repository/katalon demo/Page_CURA Healthcare Service/input_password'

29-01-2024T23:21:25 - [MESSAGE][PASSED] - Text ****** has been set on object 'Object Repository/katalon demo/Page_CURA Healthcare Service/input_password'

29-01-2024T23:21:25 - [TEST_STEP][PASSED] - takeScreenshotAsCheckpoint("login katalon demo", STOP_ON_FAILURE): Taking screenshot successfully

29-01-2024T23:21:26 - [MESSAGE][INFO] - 0 hidden object(s)

29-01-2024T23:21:26 - [MESSAGE][PASSED] - Taking screenshot successfully
[[ATTACHMENT|keyes\keyes-login katalon demo.png]]

29-01-2024T23:21:26 - [TEST_STEP][PASSED] - click(findTestObject("Object Repository/katalon demo/Page_CURA Healthcare Service/button_Login")): Object: 'Object Repository/katalon demo/Page_CURA Healthcare Service/button_Login' is clicked on

29-01-2024T23:21:27 - [MESSAGE][PASSED] - Object: 'Object Repository/katalon demo/Page_CURA Healthcare Service/button_Login' is clicked on]]></system-out>
         <system-err><![CDATA[]]></system-err>
      </testcase>
      <testcase name="Test Cases/Katalon Demo/make appointment katalon demo" time="7.533" classname="Test Cases/Katalon Demo/make appointment katalon demo" status="PASSED">
         <system-out><![CDATA[29-01-2024T23:21:27 - [TEST_CASE][PASSED] - Test Cases/Katalon Demo/make appointment katalon demo: Test Cases/Katalon Demo/make appointment katalon demo

29-01-2024T23:21:27 - [TEST_STEP][PASSED] - selectOptionByValue(findTestObject("Object Repository/katalon demo/Page_CURA Healthcare Service/select_Tokyo"), "Hongkong CURA Healthcare Center", true): All options with value 'Hongkong CURA Healthcare Center' are selected in object 'Object Repository/katalon demo/Page_CURA Healthcare Service/select_Tokyo'  using regular expression

29-01-2024T23:21:29 - [MESSAGE][PASSED] - All options with value 'Hongkong CURA Healthcare Center' are selected in object 'Object Repository/katalon demo/Page_CURA Healthcare Service/select_Tokyo'  using regular expression

29-01-2024T23:21:29 - [TEST_STEP][PASSED] - click(findTestObject("Object Repository/katalon demo/Page_CURA Healthcare Service/label_Apply for hospital readmission")): Object: 'Object Repository/katalon demo/Page_CURA Healthcare Service/label_Apply for hospital readmission' is clicked on

29-01-2024T23:21:29 - [MESSAGE][PASSED] - Object: 'Object Repository/katalon demo/Page_CURA Healthcare Service/label_Apply for hospital readmission' is clicked on

29-01-2024T23:21:29 - [TEST_STEP][PASSED] - click(findTestObject("Object Repository/katalon demo/Page_CURA Healthcare Service/input_programs")): Object: 'Object Repository/katalon demo/Page_CURA Healthcare Service/input_programs' is clicked on

29-01-2024T23:21:29 - [MESSAGE][PASSED] - Object: 'Object Repository/katalon demo/Page_CURA Healthcare Service/input_programs' is clicked on

29-01-2024T23:21:29 - [TEST_STEP][PASSED] - click(findTestObject("Object Repository/katalon demo/Page_CURA Healthcare Service/span_glyphicon glyphicon-calendar")): Object: 'Object Repository/katalon demo/Page_CURA Healthcare Service/span_glyphicon glyphicon-calendar' is clicked on

29-01-2024T23:21:30 - [MESSAGE][PASSED] - Object: 'Object Repository/katalon demo/Page_CURA Healthcare Service/span_glyphicon glyphicon-calendar' is clicked on

29-01-2024T23:21:30 - [TEST_STEP][PASSED] - click(findTestObject("Object Repository/katalon demo/Page_CURA Healthcare Service/td_31")): Object: 'Object Repository/katalon demo/Page_CURA Healthcare Service/td_31' is clicked on

29-01-2024T23:21:30 - [MESSAGE][PASSED] - Object: 'Object Repository/katalon demo/Page_CURA Healthcare Service/td_31' is clicked on

29-01-2024T23:21:30 - [TEST_STEP][PASSED] - setText(findTestObject("Object Repository/katalon demo/Page_CURA Healthcare Service/textarea_comment"), "tes katalon demo"): Text 'tes katalon demo' is set on object 'Object Repository/katalon demo/Page_CURA Healthcare Service/textarea_comment'

29-01-2024T23:21:31 - [MESSAGE][PASSED] - Text 'tes katalon demo' is set on object 'Object Repository/katalon demo/Page_CURA Healthcare Service/textarea_comment'

29-01-2024T23:21:31 - [TEST_STEP][PASSED] - click(findTestObject("Object Repository/katalon demo/Page_CURA Healthcare Service/button_Book Appointment")): Object: 'Object Repository/katalon demo/Page_CURA Healthcare Service/button_Book Appointment' is clicked on

29-01-2024T23:21:33 - [MESSAGE][PASSED] - Object: 'Object Repository/katalon demo/Page_CURA Healthcare Service/button_Book Appointment' is clicked on

29-01-2024T23:21:33 - [TEST_STEP][PASSED] - verifyTextPresent("Appointment Confirmation", false): Text 'Appointment Confirmation' is present on page 

29-01-2024T23:21:33 - [MESSAGE][PASSED] - Text 'Appointment Confirmation' is present on page 

29-01-2024T23:21:33 - [TEST_STEP][PASSED] - takeScreenshotAsCheckpoint("appointment katalon demo"): Taking screenshot successfully

29-01-2024T23:21:34 - [MESSAGE][INFO] - 0 hidden object(s)

29-01-2024T23:21:34 - [MESSAGE][PASSED] - Taking screenshot successfully
[[ATTACHMENT|keyes\keyes-appointment katalon demo.png]]

29-01-2024T23:21:34 - [TEST_STEP][PASSED] - click(findTestObject("Object Repository/katalon demo/Page_CURA Healthcare Service/a_Go to Homepage")): Object: 'Object Repository/katalon demo/Page_CURA Healthcare Service/a_Go to Homepage' is clicked on

29-01-2024T23:21:35 - [MESSAGE][PASSED] - Object: 'Object Repository/katalon demo/Page_CURA Healthcare Service/a_Go to Homepage' is clicked on]]></system-out>
         <system-err><![CDATA[]]></system-err>
      </testcase>
      <testcase name="Test Cases/Katalon Demo/make appointment katalon demo 1" time="5.775" classname="Test Cases/Katalon Demo/make appointment katalon demo 1" status="PASSED">
         <system-out><![CDATA[29-01-2024T23:21:35 - [TEST_CASE][PASSED] - Test Cases/Katalon Demo/make appointment katalon demo 1: Test Cases/Katalon Demo/make appointment katalon demo 1

29-01-2024T23:21:35 - [TEST_STEP][PASSED] - selectOptionByValue(findTestObject("Object Repository/katalon demo/Page_CURA Healthcare Service/select_Tokyo"), "Seoul CURA Healthcare Center", true): All options with value 'Seoul CURA Healthcare Center' are selected in object 'Object Repository/katalon demo/Page_CURA Healthcare Service/select_Tokyo'  using regular expression

29-01-2024T23:21:36 - [MESSAGE][PASSED] - All options with value 'Seoul CURA Healthcare Center' are selected in object 'Object Repository/katalon demo/Page_CURA Healthcare Service/select_Tokyo'  using regular expression

29-01-2024T23:21:36 - [TEST_STEP][PASSED] - click(findTestObject("Object Repository/katalon demo/Page_CURA Healthcare Service/input_hospital_readmission")): Object: 'Object Repository/katalon demo/Page_CURA Healthcare Service/input_hospital_readmission' is clicked on

29-01-2024T23:21:36 - [MESSAGE][PASSED] - Object: 'Object Repository/katalon demo/Page_CURA Healthcare Service/input_hospital_readmission' is clicked on

29-01-2024T23:21:36 - [TEST_STEP][PASSED] - click(findTestObject("Object Repository/katalon demo/Page_CURA Healthcare Service/input_programs")): Object: 'Object Repository/katalon demo/Page_CURA Healthcare Service/input_programs' is clicked on

29-01-2024T23:21:37 - [MESSAGE][PASSED] - Object: 'Object Repository/katalon demo/Page_CURA Healthcare Service/input_programs' is clicked on

29-01-2024T23:21:37 - [TEST_STEP][PASSED] - click(findTestObject("Object Repository/katalon demo/Page_CURA Healthcare Service/span_glyphicon glyphicon-calendar")): Object: 'Object Repository/katalon demo/Page_CURA Healthcare Service/span_glyphicon glyphicon-calendar' is clicked on

29-01-2024T23:21:37 - [MESSAGE][PASSED] - Object: 'Object Repository/katalon demo/Page_CURA Healthcare Service/span_glyphicon glyphicon-calendar' is clicked on

29-01-2024T23:21:37 - [TEST_STEP][PASSED] - click(findTestObject("Object Repository/katalon demo/Page_CURA Healthcare Service/td_30")): Object: 'Object Repository/katalon demo/Page_CURA Healthcare Service/td_30' is clicked on

29-01-2024T23:21:38 - [MESSAGE][PASSED] - Object: 'Object Repository/katalon demo/Page_CURA Healthcare Service/td_30' is clicked on

29-01-2024T23:21:38 - [TEST_STEP][PASSED] - setText(findTestObject("Object Repository/katalon demo/Page_CURA Healthcare Service/textarea_comment"), "tes katalon"): Text 'tes katalon' is set on object 'Object Repository/katalon demo/Page_CURA Healthcare Service/textarea_comment'

29-01-2024T23:21:38 - [MESSAGE][PASSED] - Text 'tes katalon' is set on object 'Object Repository/katalon demo/Page_CURA Healthcare Service/textarea_comment'

29-01-2024T23:21:38 - [TEST_STEP][PASSED] - click(findTestObject("Object Repository/katalon demo/Page_CURA Healthcare Service/button_Book Appointment")): Object: 'Object Repository/katalon demo/Page_CURA Healthcare Service/button_Book Appointment' is clicked on

29-01-2024T23:21:39 - [MESSAGE][PASSED] - Object: 'Object Repository/katalon demo/Page_CURA Healthcare Service/button_Book Appointment' is clicked on

29-01-2024T23:21:39 - [TEST_STEP][PASSED] - verifyTextPresent("Appointment Confirmation", false): Text 'Appointment Confirmation' is present on page 

29-01-2024T23:21:39 - [MESSAGE][PASSED] - Text 'Appointment Confirmation' is present on page 

29-01-2024T23:21:39 - [TEST_STEP][PASSED] - takeScreenshotAsCheckpoint("appointment 1 katalon demo"): Taking screenshot successfully

29-01-2024T23:21:40 - [MESSAGE][INFO] - 0 hidden object(s)

29-01-2024T23:21:40 - [MESSAGE][PASSED] - Taking screenshot successfully
[[ATTACHMENT|keyes\keyes-appointment 1 katalon demo.png]]

29-01-2024T23:21:40 - [TEST_STEP][PASSED] - click(findTestObject("Object Repository/katalon demo/Page_CURA Healthcare Service/a_Go to Homepage")): Object: 'Object Repository/katalon demo/Page_CURA Healthcare Service/a_Go to Homepage' is clicked on

29-01-2024T23:21:41 - [MESSAGE][PASSED] - Object: 'Object Repository/katalon demo/Page_CURA Healthcare Service/a_Go to Homepage' is clicked on]]></system-out>
         <system-err><![CDATA[]]></system-err>
      </testcase>
      <testcase name="Test Cases/Katalon Demo/make appointment katalon demo 2" time="5.176" classname="Test Cases/Katalon Demo/make appointment katalon demo 2" status="PASSED">
         <system-out><![CDATA[29-01-2024T23:21:41 - [TEST_CASE][PASSED] - Test Cases/Katalon Demo/make appointment katalon demo 2: Test Cases/Katalon Demo/make appointment katalon demo 2

29-01-2024T23:21:41 - [TEST_STEP][PASSED] - click(findTestObject("Object Repository/katalon demo/Page_CURA Healthcare Service/label_Apply for hospital readmission")): Object: 'Object Repository/katalon demo/Page_CURA Healthcare Service/label_Apply for hospital readmission' is clicked on

29-01-2024T23:21:41 - [MESSAGE][PASSED] - Object: 'Object Repository/katalon demo/Page_CURA Healthcare Service/label_Apply for hospital readmission' is clicked on

29-01-2024T23:21:41 - [TEST_STEP][PASSED] - click(findTestObject("Object Repository/katalon demo/Page_CURA Healthcare Service/input_programs")): Object: 'Object Repository/katalon demo/Page_CURA Healthcare Service/input_programs' is clicked on

29-01-2024T23:21:41 - [MESSAGE][PASSED] - Object: 'Object Repository/katalon demo/Page_CURA Healthcare Service/input_programs' is clicked on

29-01-2024T23:21:41 - [TEST_STEP][PASSED] - click(findTestObject("Object Repository/katalon demo/Page_CURA Healthcare Service/input_visit_date")): Object: 'Object Repository/katalon demo/Page_CURA Healthcare Service/input_visit_date' is clicked on

29-01-2024T23:21:42 - [MESSAGE][PASSED] - Object: 'Object Repository/katalon demo/Page_CURA Healthcare Service/input_visit_date' is clicked on

29-01-2024T23:21:42 - [TEST_STEP][PASSED] - click(findTestObject("Object Repository/katalon demo/Page_CURA Healthcare Service/th_")): Object: 'Object Repository/katalon demo/Page_CURA Healthcare Service/th_' is clicked on

29-01-2024T23:21:42 - [MESSAGE][PASSED] - Object: 'Object Repository/katalon demo/Page_CURA Healthcare Service/th_' is clicked on

29-01-2024T23:21:42 - [TEST_STEP][PASSED] - click(findTestObject("Object Repository/katalon demo/Page_CURA Healthcare Service/td_28")): Object: 'Object Repository/katalon demo/Page_CURA Healthcare Service/td_28' is clicked on

29-01-2024T23:21:43 - [MESSAGE][PASSED] - Object: 'Object Repository/katalon demo/Page_CURA Healthcare Service/td_28' is clicked on

29-01-2024T23:21:43 - [TEST_STEP][PASSED] - setText(findTestObject("Object Repository/katalon demo/Page_CURA Healthcare Service/textarea_comment"), "tes katalon"): Text 'tes katalon' is set on object 'Object Repository/katalon demo/Page_CURA Healthcare Service/textarea_comment'

29-01-2024T23:21:44 - [MESSAGE][PASSED] - Text 'tes katalon' is set on object 'Object Repository/katalon demo/Page_CURA Healthcare Service/textarea_comment'

29-01-2024T23:21:44 - [TEST_STEP][PASSED] - click(findTestObject("Object Repository/katalon demo/Page_CURA Healthcare Service/button_Book Appointment")): Object: 'Object Repository/katalon demo/Page_CURA Healthcare Service/button_Book Appointment' is clicked on

29-01-2024T23:21:44 - [MESSAGE][PASSED] - Object: 'Object Repository/katalon demo/Page_CURA Healthcare Service/button_Book Appointment' is clicked on

29-01-2024T23:21:44 - [TEST_STEP][PASSED] - verifyTextPresent("Appointment Confirmation", false): Text 'Appointment Confirmation' is present on page 

29-01-2024T23:21:45 - [MESSAGE][PASSED] - Text 'Appointment Confirmation' is present on page 

29-01-2024T23:21:45 - [TEST_STEP][PASSED] - takeScreenshotAsCheckpoint("appointment 2 katalon demo"): Taking screenshot successfully

29-01-2024T23:21:45 - [MESSAGE][INFO] - 0 hidden object(s)

29-01-2024T23:21:45 - [MESSAGE][PASSED] - Taking screenshot successfully
[[ATTACHMENT|keyes\keyes-appointment 2 katalon demo.png]]

29-01-2024T23:21:45 - [TEST_STEP][PASSED] - click(findTestObject("Object Repository/katalon demo/Page_CURA Healthcare Service/a_Go to Homepage")): Object: 'Object Repository/katalon demo/Page_CURA Healthcare Service/a_Go to Homepage' is clicked on

29-01-2024T23:21:46 - [MESSAGE][PASSED] - Object: 'Object Repository/katalon demo/Page_CURA Healthcare Service/a_Go to Homepage' is clicked on]]></system-out>
         <system-err><![CDATA[]]></system-err>
      </testcase>
      <testcase name="Test Cases/Katalon Demo/history katalon demo" time="65.964" classname="Test Cases/Katalon Demo/history katalon demo" status="PASSED">
         <system-out><![CDATA[29-01-2024T23:21:46 - [TEST_CASE][PASSED] - Test Cases/Katalon Demo/history katalon demo: Test Cases/Katalon Demo/history katalon demo

29-01-2024T23:21:46 - [TEST_STEP][PASSED] - click(findTestObject("Object Repository/katalon demo/Page_CURA Healthcare Service/amenu-toggle")): Object: 'Object Repository/katalon demo/Page_CURA Healthcare Service/amenu-toggle' is clicked on

29-01-2024T23:21:46 - [MESSAGE][PASSED] - Object: 'Object Repository/katalon demo/Page_CURA Healthcare Service/amenu-toggle' is clicked on

29-01-2024T23:21:46 - [TEST_STEP][PASSED] - click(findTestObject("Object Repository/katalon demo/Page_CURA Healthcare Service/a_History")): Object: 'Object Repository/katalon demo/Page_CURA Healthcare Service/a_History' is clicked on

29-01-2024T23:21:47 - [MESSAGE][PASSED] - Object: 'Object Repository/katalon demo/Page_CURA Healthcare Service/a_History' is clicked on

29-01-2024T23:21:47 - [TEST_STEP][PASSED] - takeScreenshotAsCheckpoint("history katalon demo"): Taking screenshot successfully

29-01-2024T23:21:48 - [MESSAGE][INFO] - 0 hidden object(s)

29-01-2024T23:21:48 - [MESSAGE][PASSED] - Taking screenshot successfully
[[ATTACHMENT|keyes\keyes-history katalon demo.png]]

29-01-2024T23:21:48 - [TEST_STEP][PASSED] - scrollToElement(findTestObject("katalon demo/Page_CURA Healthcare Service/a_Go to Homepage"), 3): Scroll to object 'Object Repository/katalon demo/Page_CURA Healthcare Service/a_Go to Homepage' successfully

29-01-2024T23:22:19 - [MESSAGE][INFO] - Unable to find the element located by 'By.xpath: //section[@id='summary']/div/div/div[7]/p/a'. Please recheck the objects properties to make sure the desired element is located. 

29-01-2024T23:22:19 - [MESSAGE][WARNING] - [SELF-HEALING] Failed to find element with id 'Object Repository/katalon demo/Page_CURA Healthcare Service/a_Go to Homepage'. Try using Self-healing.

29-01-2024T23:22:19 - [MESSAGE][WARNING] - [SELF-HEALING] The current locator of test object 'Object Repository/katalon demo/Page_CURA Healthcare Service/a_Go to Homepage' was broken. Propose an alternative one: '//a[contains(text(),'Go to Homepage')]'.

29-01-2024T23:22:19 - [MESSAGE][PASSED] - Scroll to object 'Object Repository/katalon demo/Page_CURA Healthcare Service/a_Go to Homepage' successfully

29-01-2024T23:22:19 - [TEST_STEP][PASSED] - click(findTestObject("Object Repository/katalon demo/Page_CURA Healthcare Service/a_Go to Homepage")): Object: 'Object Repository/katalon demo/Page_CURA Healthcare Service/a_Go to Homepage' is clicked on

29-01-2024T23:22:50 - [MESSAGE][INFO] - Unable to find the element located by 'By.xpath: //section[@id='summary']/div/div/div[7]/p/a'. Please recheck the objects properties to make sure the desired element is located. 

29-01-2024T23:22:50 - [MESSAGE][WARNING] - [SELF-HEALING] Failed to find element with id 'Object Repository/katalon demo/Page_CURA Healthcare Service/a_Go to Homepage'. Try using Self-healing.

29-01-2024T23:22:51 - [MESSAGE][WARNING] - [SELF-HEALING] The current locator of test object 'Object Repository/katalon demo/Page_CURA Healthcare Service/a_Go to Homepage' was broken. Propose an alternative one: '//a[contains(text(),'Go to Homepage')]'.

29-01-2024T23:22:52 - [MESSAGE][PASSED] - Object: 'Object Repository/katalon demo/Page_CURA Healthcare Service/a_Go to Homepage' is clicked on]]></system-out>
         <system-err><![CDATA[]]></system-err>
      </testcase>
      <testcase name="Test Cases/Katalon Demo/profile katalon demo" time="3.155" classname="Test Cases/Katalon Demo/profile katalon demo" status="PASSED">
         <system-out><![CDATA[29-01-2024T23:22:52 - [TEST_CASE][PASSED] - Test Cases/Katalon Demo/profile katalon demo: Test Cases/Katalon Demo/profile katalon demo

29-01-2024T23:22:52 - [TEST_STEP][PASSED] - click(findTestObject("Object Repository/katalon demo/Page_CURA Healthcare Service/i_fa fa-bars")): Object: 'Object Repository/katalon demo/Page_CURA Healthcare Service/i_fa fa-bars' is clicked on

29-01-2024T23:22:52 - [MESSAGE][PASSED] - Object: 'Object Repository/katalon demo/Page_CURA Healthcare Service/i_fa fa-bars' is clicked on

29-01-2024T23:22:52 - [TEST_STEP][PASSED] - click(findTestObject("Object Repository/katalon demo/Page_CURA Healthcare Service/a_Profile")): Object: 'Object Repository/katalon demo/Page_CURA Healthcare Service/a_Profile' is clicked on

29-01-2024T23:22:53 - [MESSAGE][PASSED] - Object: 'Object Repository/katalon demo/Page_CURA Healthcare Service/a_Profile' is clicked on

29-01-2024T23:22:53 - [TEST_STEP][PASSED] - takeScreenshotAsCheckpoint("profile katalon demo"): Taking screenshot successfully

29-01-2024T23:22:54 - [MESSAGE][INFO] - 0 hidden object(s)

29-01-2024T23:22:54 - [MESSAGE][PASSED] - Taking screenshot successfully
[[ATTACHMENT|keyes\keyes-profile katalon demo.png]]

29-01-2024T23:22:54 - [TEST_STEP][PASSED] - click(findTestObject("Object Repository/katalon demo/Page_CURA Healthcare Service/i_fa fa-bars")): Object: 'Object Repository/katalon demo/Page_CURA Healthcare Service/i_fa fa-bars' is clicked on

29-01-2024T23:22:54 - [MESSAGE][PASSED] - Object: 'Object Repository/katalon demo/Page_CURA Healthcare Service/i_fa fa-bars' is clicked on

29-01-2024T23:22:54 - [TEST_STEP][PASSED] - click(findTestObject("Object Repository/katalon demo/Page_CURA Healthcare Service/a_Home")): Object: 'Object Repository/katalon demo/Page_CURA Healthcare Service/a_Home' is clicked on

29-01-2024T23:22:55 - [MESSAGE][PASSED] - Object: 'Object Repository/katalon demo/Page_CURA Healthcare Service/a_Home' is clicked on]]></system-out>
         <system-err><![CDATA[]]></system-err>
      </testcase>
      <testcase name="Test Cases/Katalon Demo/logout katalon demo" time="2.613" classname="Test Cases/Katalon Demo/logout katalon demo" status="PASSED">
         <system-out><![CDATA[29-01-2024T23:22:55 - [TEST_CASE][PASSED] - Test Cases/Katalon Demo/logout katalon demo: Test Cases/Katalon Demo/logout katalon demo

29-01-2024T23:22:55 - [TEST_STEP][PASSED] - click(findTestObject("Object Repository/katalon demo/Page_CURA Healthcare Service/i_fa fa-bars")): Object: 'Object Repository/katalon demo/Page_CURA Healthcare Service/i_fa fa-bars' is clicked on

29-01-2024T23:22:55 - [MESSAGE][PASSED] - Object: 'Object Repository/katalon demo/Page_CURA Healthcare Service/i_fa fa-bars' is clicked on

29-01-2024T23:22:55 - [TEST_STEP][PASSED] - takeScreenshotAsCheckpoint("logout katalon demo"): Taking screenshot successfully

29-01-2024T23:22:56 - [MESSAGE][INFO] - 0 hidden object(s)

29-01-2024T23:22:56 - [MESSAGE][PASSED] - Taking screenshot successfully
[[ATTACHMENT|keyes\keyes-logout katalon demo.png]]

29-01-2024T23:22:56 - [TEST_STEP][PASSED] - click(findTestObject("Object Repository/katalon demo/Page_CURA Healthcare Service/a_Logout")): Object: 'Object Repository/katalon demo/Page_CURA Healthcare Service/a_Logout' is clicked on

29-01-2024T23:22:57 - [MESSAGE][PASSED] - Object: 'Object Repository/katalon demo/Page_CURA Healthcare Service/a_Logout' is clicked on

29-01-2024T23:22:57 - [TEST_STEP][PASSED] - closeBrowser(): Browser is closed

29-01-2024T23:22:57 - [MESSAGE][PASSED] - Browser is closed]]></system-out>
         <system-err><![CDATA[]]></system-err>
      </testcase>
      <testcase name="Test Cases/Katalon Demo/negatif login katalon demo" time="15.28" classname="Test Cases/Katalon Demo/negatif login katalon demo" status="PASSED">
         <system-out><![CDATA[29-01-2024T23:22:57 - [TEST_CASE][PASSED] - Test Cases/Katalon Demo/negatif login katalon demo: Test Cases/Katalon Demo/negatif login katalon demo

29-01-2024T23:22:58 - [TEST_STEP][PASSED] - openBrowser(""): Browser is opened with url: ''

29-01-2024T23:22:58 - [MESSAGE][INFO] - Starting 'Chrome' driver

29-01-2024T23:22:58 - [MESSAGE][INFO] - Action delay is set to 0 milliseconds

29-01-2024T23:22:59 - [MESSAGE][PASSED] - Browser is opened with url: ''

29-01-2024T23:22:59 - [TEST_STEP][PASSED] - navigateToUrl("https://katalon-demo-cura.herokuapp.com/"): Navigate to 'https://katalon-demo-cura.herokuapp.com/' successfully

29-01-2024T23:23:03 - [MESSAGE][PASSED] - Navigate to 'https://katalon-demo-cura.herokuapp.com/' successfully

29-01-2024T23:23:03 - [TEST_STEP][PASSED] - click(findTestObject("Object Repository/katalon demo/Page_CURA Healthcare Service/amenu-toggle")): Object: 'Object Repository/katalon demo/Page_CURA Healthcare Service/amenu-toggle' is clicked on

29-01-2024T23:23:03 - [MESSAGE][PASSED] - Object: 'Object Repository/katalon demo/Page_CURA Healthcare Service/amenu-toggle' is clicked on

29-01-2024T23:23:03 - [TEST_STEP][PASSED] - click(findTestObject("Object Repository/katalon demo/Page_CURA Healthcare Service/a_Login")): Object: 'Object Repository/katalon demo/Page_CURA Healthcare Service/a_Login' is clicked on

29-01-2024T23:23:04 - [MESSAGE][PASSED] - Object: 'Object Repository/katalon demo/Page_CURA Healthcare Service/a_Login' is clicked on

29-01-2024T23:23:04 - [TEST_STEP][PASSED] - setText(findTestObject("Object Repository/katalon demo/Page_CURA Healthcare Service/input_username"), username1): Text 'aaaaa' is set on object 'Object Repository/katalon demo/Page_CURA Healthcare Service/input_username'

29-01-2024T23:23:05 - [MESSAGE][PASSED] - Text 'aaaaa' is set on object 'Object Repository/katalon demo/Page_CURA Healthcare Service/input_username'

29-01-2024T23:23:05 - [TEST_STEP][PASSED] - setText(findTestObject("Object Repository/katalon demo/Page_CURA Healthcare Service/input_password"), password1): Text 'aaaaaaaa' is set on object 'Object Repository/katalon demo/Page_CURA Healthcare Service/input_password'

29-01-2024T23:23:06 - [MESSAGE][PASSED] - Text 'aaaaaaaa' is set on object 'Object Repository/katalon demo/Page_CURA Healthcare Service/input_password'

29-01-2024T23:23:06 - [TEST_STEP][PASSED] - click(findTestObject("katalon demo/Page_CURA Healthcare Service/button_Login")): Object: 'Object Repository/katalon demo/Page_CURA Healthcare Service/button_Login' is clicked on

29-01-2024T23:23:07 - [MESSAGE][PASSED] - Object: 'Object Repository/katalon demo/Page_CURA Healthcare Service/button_Login' is clicked on

29-01-2024T23:23:07 - [TEST_STEP][PASSED] - verifyTextPresent("Login failed!", false): Text 'Login failed!' is present on page 

29-01-2024T23:23:07 - [MESSAGE][PASSED] - Text 'Login failed!' is present on page 

29-01-2024T23:23:07 - [TEST_STEP][PASSED] - takeScreenshotAsCheckpoint("negatif 1 login katalon demo"): Taking screenshot successfully

29-01-2024T23:23:08 - [MESSAGE][INFO] - 0 hidden object(s)

29-01-2024T23:23:08 - [MESSAGE][PASSED] - Taking screenshot successfully
[[ATTACHMENT|keyes\keyes-negatif 1 login katalon demo.png]]

29-01-2024T23:23:08 - [TEST_STEP][PASSED] - click(findTestObject("Object Repository/katalon demo/Page_CURA Healthcare Service/button_Login")): Object: 'Object Repository/katalon demo/Page_CURA Healthcare Service/button_Login' is clicked on

29-01-2024T23:23:09 - [MESSAGE][PASSED] - Object: 'Object Repository/katalon demo/Page_CURA Healthcare Service/button_Login' is clicked on

29-01-2024T23:23:09 - [TEST_STEP][PASSED] - setText(findTestObject("katalon demo/Page_CURA Healthcare Service/input_username"), username2): Text 'bbbbb' is set on object 'Object Repository/katalon demo/Page_CURA Healthcare Service/input_username'

29-01-2024T23:23:09 - [MESSAGE][PASSED] - Text 'bbbbb' is set on object 'Object Repository/katalon demo/Page_CURA Healthcare Service/input_username'

29-01-2024T23:23:09 - [TEST_STEP][PASSED] - setText(findTestObject("katalon demo/Page_CURA Healthcare Service/input_password"), password2): Text 'bbbbbbbb' is set on object 'Object Repository/katalon demo/Page_CURA Healthcare Service/input_password'

29-01-2024T23:23:10 - [MESSAGE][PASSED] - Text 'bbbbbbbb' is set on object 'Object Repository/katalon demo/Page_CURA Healthcare Service/input_password'

29-01-2024T23:23:10 - [TEST_STEP][PASSED] - click(findTestObject("katalon demo/Page_CURA Healthcare Service/button_Login")): Object: 'Object Repository/katalon demo/Page_CURA Healthcare Service/button_Login' is clicked on

29-01-2024T23:23:12 - [MESSAGE][PASSED] - Object: 'Object Repository/katalon demo/Page_CURA Healthcare Service/button_Login' is clicked on

29-01-2024T23:23:12 - [TEST_STEP][PASSED] - verifyTextPresent("Login failed!", false): Text 'Login failed!' is present on page 

29-01-2024T23:23:12 - [MESSAGE][PASSED] - Text 'Login failed!' is present on page 

29-01-2024T23:23:12 - [TEST_STEP][PASSED] - takeScreenshotAsCheckpoint("negatif 2 login katalon demo"): Taking screenshot successfully

29-01-2024T23:23:13 - [MESSAGE][INFO] - 0 hidden object(s)

29-01-2024T23:23:13 - [MESSAGE][PASSED] - Taking screenshot successfully
[[ATTACHMENT|keyes\keyes-negatif 2 login katalon demo.png]]]]></system-out>
         <system-err><![CDATA[]]></system-err>
      </testcase>
      <system-out><![CDATA[29-01-2024T23:21:14 - [TEST_SUITE][PASSED] - katalon demo: Test Cases/Katalon Demo/negatif login katalon demo]]></system-out>
      <system-err><![CDATA[]]></system-err>
   </testsuite>
   <testsuite name="katalon demo" tests="8" failures="0" errors="0" time="123.891" skipped="0" timestamp="29-01-2024T23:23:20" hostname="0517 - Pierrot" id="Test Suites/katalon demo">
      <properties>
         <property name="deviceName" value=""/>
         <property name="devicePlatform" value=""/>
         <property name="logFolder" value="C:\\Users\\0517\\Katalon Studio\\poc bni\\Reports\\20240129_231002\\katalon demo\\20240129_231040"/>
         <property name="logFiles" value="C:\\Users\\0517\\Katalon Studio\\poc bni\\Reports\\20240129_231002\\katalon demo\\20240129_231040\\execution0.log"/>
         <property name="attachments" value="keyes\keyes-login katalon demo.png, keyes\keyes-appointment katalon demo.png, keyes\keyes-appointment 1 katalon demo.png, keyes\keyes-appointment 2 katalon demo.png, keyes\keyes-history katalon demo.png, keyes\keyes-profile katalon demo.png, keyes\keyes-logout katalon demo.png, keyes\keyes-negatif 1 login katalon demo.png, keyes\keyes-negatif 2 login katalon demo.png"/>
         <property name="hostName" value="0517 - Pierrot"/>
         <property name="os" value="Windows 10 64bit"/>
         <property name="katalonVersion" value="9.2.0.212"/>
         <property name="browser" value="Chrome 121.0.0.0"/>
         <property name="hostAddress" value="192.168.96.2"/>
         <property name="sessionId" value="d70483f19df4b484aa55afc593996a51"/>
         <property name="seleniumVersion" value="3.141.59"/>
         <property name="proxyInformation" value="ProxyInformation { proxyOption=NO_PROXY, proxyServerType=HTTP, username=, password=********, proxyServerAddress=, proxyServerPort=0, executionList=&quot;&quot;, isApplyToDesiredCapabilities=true }"/>
         <property name="platform" value="Windows 10"/>
      </properties>
      <testcase name="Test Cases/Katalon Demo/login katalon demo" time="14.042" classname="Test Cases/Katalon Demo/login katalon demo" status="PASSED">
         <system-out><![CDATA[29-01-2024T23:23:20 - [TEST_CASE][PASSED] - Test Cases/Katalon Demo/login katalon demo: Test Cases/Katalon Demo/login katalon demo

29-01-2024T23:23:20 - [TEST_STEP][PASSED] - openBrowser(""): Browser is opened with url: ''

29-01-2024T23:23:21 - [MESSAGE][INFO] - Starting 'Chrome' driver

29-01-2024T23:23:21 - [MESSAGE][INFO] - Action delay is set to 0 milliseconds

29-01-2024T23:23:23 - [MESSAGE][PASSED] - Browser is opened with url: ''

29-01-2024T23:23:23 - [TEST_STEP][PASSED] - navigateToUrl("https://katalon-demo-cura.herokuapp.com/"): Navigate to 'https://katalon-demo-cura.herokuapp.com/' successfully

29-01-2024T23:23:29 - [MESSAGE][PASSED] - Navigate to 'https://katalon-demo-cura.herokuapp.com/' successfully

29-01-2024T23:23:29 - [TEST_STEP][PASSED] - click(findTestObject("Object Repository/katalon demo/Page_CURA Healthcare Service/amenu-toggle")): Object: 'Object Repository/katalon demo/Page_CURA Healthcare Service/amenu-toggle' is clicked on

29-01-2024T23:23:30 - [MESSAGE][PASSED] - Object: 'Object Repository/katalon demo/Page_CURA Healthcare Service/amenu-toggle' is clicked on

29-01-2024T23:23:30 - [TEST_STEP][PASSED] - click(findTestObject("Object Repository/katalon demo/Page_CURA Healthcare Service/a_Login")): Object: 'Object Repository/katalon demo/Page_CURA Healthcare Service/a_Login' is clicked on

29-01-2024T23:23:31 - [MESSAGE][PASSED] - Object: 'Object Repository/katalon demo/Page_CURA Healthcare Service/a_Login' is clicked on

29-01-2024T23:23:31 - [TEST_STEP][PASSED] - setText(findTestObject("Object Repository/katalon demo/Page_CURA Healthcare Service/input_username"), "John Doe"): Text 'John Doe' is set on object 'Object Repository/katalon demo/Page_CURA Healthcare Service/input_username'

29-01-2024T23:23:32 - [MESSAGE][PASSED] - Text 'John Doe' is set on object 'Object Repository/katalon demo/Page_CURA Healthcare Service/input_username'

29-01-2024T23:23:32 - [TEST_STEP][PASSED] - setEncryptedText(findTestObject("Object Repository/katalon demo/Page_CURA Healthcare Service/input_password"), "g3/DOGG74jC3Flrr3yH+3D/yKbOqqUNM"): Text ****** has been set on object 'Object Repository/katalon demo/Page_CURA Healthcare Service/input_password'

29-01-2024T23:23:32 - [MESSAGE][PASSED] - Text ****** has been set on object 'Object Repository/katalon demo/Page_CURA Healthcare Service/input_password'

29-01-2024T23:23:32 - [TEST_STEP][PASSED] - takeScreenshotAsCheckpoint("login katalon demo", STOP_ON_FAILURE): Taking screenshot successfully

29-01-2024T23:23:33 - [MESSAGE][INFO] - 0 hidden object(s)

29-01-2024T23:23:33 - [MESSAGE][PASSED] - Taking screenshot successfully
[[ATTACHMENT|keyes\keyes-login katalon demo.png]]

29-01-2024T23:23:33 - [TEST_STEP][PASSED] - click(findTestObject("Object Repository/katalon demo/Page_CURA Healthcare Service/button_Login")): Object: 'Object Repository/katalon demo/Page_CURA Healthcare Service/button_Login' is clicked on

29-01-2024T23:23:34 - [MESSAGE][PASSED] - Object: 'Object Repository/katalon demo/Page_CURA Healthcare Service/button_Login' is clicked on]]></system-out>
         <system-err><![CDATA[]]></system-err>
      </testcase>
      <testcase name="Test Cases/Katalon Demo/make appointment katalon demo" time="5.946" classname="Test Cases/Katalon Demo/make appointment katalon demo" status="PASSED">
         <system-out><![CDATA[29-01-2024T23:23:34 - [TEST_CASE][PASSED] - Test Cases/Katalon Demo/make appointment katalon demo: Test Cases/Katalon Demo/make appointment katalon demo

29-01-2024T23:23:34 - [TEST_STEP][PASSED] - selectOptionByValue(findTestObject("Object Repository/katalon demo/Page_CURA Healthcare Service/select_Tokyo"), "Hongkong CURA Healthcare Center", true): All options with value 'Hongkong CURA Healthcare Center' are selected in object 'Object Repository/katalon demo/Page_CURA Healthcare Service/select_Tokyo'  using regular expression

29-01-2024T23:23:35 - [MESSAGE][PASSED] - All options with value 'Hongkong CURA Healthcare Center' are selected in object 'Object Repository/katalon demo/Page_CURA Healthcare Service/select_Tokyo'  using regular expression

29-01-2024T23:23:35 - [TEST_STEP][PASSED] - click(findTestObject("Object Repository/katalon demo/Page_CURA Healthcare Service/label_Apply for hospital readmission")): Object: 'Object Repository/katalon demo/Page_CURA Healthcare Service/label_Apply for hospital readmission' is clicked on

29-01-2024T23:23:36 - [MESSAGE][PASSED] - Object: 'Object Repository/katalon demo/Page_CURA Healthcare Service/label_Apply for hospital readmission' is clicked on

29-01-2024T23:23:36 - [TEST_STEP][PASSED] - click(findTestObject("Object Repository/katalon demo/Page_CURA Healthcare Service/input_programs")): Object: 'Object Repository/katalon demo/Page_CURA Healthcare Service/input_programs' is clicked on

29-01-2024T23:23:36 - [MESSAGE][PASSED] - Object: 'Object Repository/katalon demo/Page_CURA Healthcare Service/input_programs' is clicked on

29-01-2024T23:23:36 - [TEST_STEP][PASSED] - click(findTestObject("Object Repository/katalon demo/Page_CURA Healthcare Service/span_glyphicon glyphicon-calendar")): Object: 'Object Repository/katalon demo/Page_CURA Healthcare Service/span_glyphicon glyphicon-calendar' is clicked on

29-01-2024T23:23:36 - [MESSAGE][PASSED] - Object: 'Object Repository/katalon demo/Page_CURA Healthcare Service/span_glyphicon glyphicon-calendar' is clicked on

29-01-2024T23:23:36 - [TEST_STEP][PASSED] - click(findTestObject("Object Repository/katalon demo/Page_CURA Healthcare Service/td_31")): Object: 'Object Repository/katalon demo/Page_CURA Healthcare Service/td_31' is clicked on

29-01-2024T23:23:37 - [MESSAGE][PASSED] - Object: 'Object Repository/katalon demo/Page_CURA Healthcare Service/td_31' is clicked on

29-01-2024T23:23:37 - [TEST_STEP][PASSED] - setText(findTestObject("Object Repository/katalon demo/Page_CURA Healthcare Service/textarea_comment"), "tes katalon demo"): Text 'tes katalon demo' is set on object 'Object Repository/katalon demo/Page_CURA Healthcare Service/textarea_comment'

29-01-2024T23:23:38 - [MESSAGE][PASSED] - Text 'tes katalon demo' is set on object 'Object Repository/katalon demo/Page_CURA Healthcare Service/textarea_comment'

29-01-2024T23:23:38 - [TEST_STEP][PASSED] - click(findTestObject("Object Repository/katalon demo/Page_CURA Healthcare Service/button_Book Appointment")): Object: 'Object Repository/katalon demo/Page_CURA Healthcare Service/button_Book Appointment' is clicked on

29-01-2024T23:23:38 - [MESSAGE][PASSED] - Object: 'Object Repository/katalon demo/Page_CURA Healthcare Service/button_Book Appointment' is clicked on

29-01-2024T23:23:38 - [TEST_STEP][PASSED] - verifyTextPresent("Appointment Confirmation", false): Text 'Appointment Confirmation' is present on page 

29-01-2024T23:23:39 - [MESSAGE][PASSED] - Text 'Appointment Confirmation' is present on page 

29-01-2024T23:23:39 - [TEST_STEP][PASSED] - takeScreenshotAsCheckpoint("appointment katalon demo"): Taking screenshot successfully

29-01-2024T23:23:39 - [MESSAGE][INFO] - 0 hidden object(s)

29-01-2024T23:23:39 - [MESSAGE][PASSED] - Taking screenshot successfully
[[ATTACHMENT|keyes\keyes-appointment katalon demo.png]]

29-01-2024T23:23:39 - [TEST_STEP][PASSED] - click(findTestObject("Object Repository/katalon demo/Page_CURA Healthcare Service/a_Go to Homepage")): Object: 'Object Repository/katalon demo/Page_CURA Healthcare Service/a_Go to Homepage' is clicked on

29-01-2024T23:23:40 - [MESSAGE][PASSED] - Object: 'Object Repository/katalon demo/Page_CURA Healthcare Service/a_Go to Homepage' is clicked on]]></system-out>
         <system-err><![CDATA[]]></system-err>
      </testcase>
      <testcase name="Test Cases/Katalon Demo/make appointment katalon demo 1" time="6.736" classname="Test Cases/Katalon Demo/make appointment katalon demo 1" status="PASSED">
         <system-out><![CDATA[29-01-2024T23:23:40 - [TEST_CASE][PASSED] - Test Cases/Katalon Demo/make appointment katalon demo 1: Test Cases/Katalon Demo/make appointment katalon demo 1

29-01-2024T23:23:40 - [TEST_STEP][PASSED] - selectOptionByValue(findTestObject("Object Repository/katalon demo/Page_CURA Healthcare Service/select_Tokyo"), "Seoul CURA Healthcare Center", true): All options with value 'Seoul CURA Healthcare Center' are selected in object 'Object Repository/katalon demo/Page_CURA Healthcare Service/select_Tokyo'  using regular expression

29-01-2024T23:23:41 - [MESSAGE][PASSED] - All options with value 'Seoul CURA Healthcare Center' are selected in object 'Object Repository/katalon demo/Page_CURA Healthcare Service/select_Tokyo'  using regular expression

29-01-2024T23:23:41 - [TEST_STEP][PASSED] - click(findTestObject("Object Repository/katalon demo/Page_CURA Healthcare Service/input_hospital_readmission")): Object: 'Object Repository/katalon demo/Page_CURA Healthcare Service/input_hospital_readmission' is clicked on

29-01-2024T23:23:41 - [MESSAGE][PASSED] - Object: 'Object Repository/katalon demo/Page_CURA Healthcare Service/input_hospital_readmission' is clicked on

29-01-2024T23:23:41 - [TEST_STEP][PASSED] - click(findTestObject("Object Repository/katalon demo/Page_CURA Healthcare Service/input_programs")): Object: 'Object Repository/katalon demo/Page_CURA Healthcare Service/input_programs' is clicked on

29-01-2024T23:23:42 - [MESSAGE][PASSED] - Object: 'Object Repository/katalon demo/Page_CURA Healthcare Service/input_programs' is clicked on

29-01-2024T23:23:42 - [TEST_STEP][PASSED] - click(findTestObject("Object Repository/katalon demo/Page_CURA Healthcare Service/span_glyphicon glyphicon-calendar")): Object: 'Object Repository/katalon demo/Page_CURA Healthcare Service/span_glyphicon glyphicon-calendar' is clicked on

29-01-2024T23:23:42 - [MESSAGE][PASSED] - Object: 'Object Repository/katalon demo/Page_CURA Healthcare Service/span_glyphicon glyphicon-calendar' is clicked on

29-01-2024T23:23:42 - [TEST_STEP][PASSED] - click(findTestObject("Object Repository/katalon demo/Page_CURA Healthcare Service/td_30")): Object: 'Object Repository/katalon demo/Page_CURA Healthcare Service/td_30' is clicked on

29-01-2024T23:23:43 - [MESSAGE][PASSED] - Object: 'Object Repository/katalon demo/Page_CURA Healthcare Service/td_30' is clicked on

29-01-2024T23:23:43 - [TEST_STEP][PASSED] - setText(findTestObject("Object Repository/katalon demo/Page_CURA Healthcare Service/textarea_comment"), "tes katalon"): Text 'tes katalon' is set on object 'Object Repository/katalon demo/Page_CURA Healthcare Service/textarea_comment'

29-01-2024T23:23:44 - [MESSAGE][PASSED] - Text 'tes katalon' is set on object 'Object Repository/katalon demo/Page_CURA Healthcare Service/textarea_comment'

29-01-2024T23:23:44 - [TEST_STEP][PASSED] - click(findTestObject("Object Repository/katalon demo/Page_CURA Healthcare Service/button_Book Appointment")): Object: 'Object Repository/katalon demo/Page_CURA Healthcare Service/button_Book Appointment' is clicked on

29-01-2024T23:23:44 - [MESSAGE][PASSED] - Object: 'Object Repository/katalon demo/Page_CURA Healthcare Service/button_Book Appointment' is clicked on

29-01-2024T23:23:44 - [TEST_STEP][PASSED] - verifyTextPresent("Appointment Confirmation", false): Text 'Appointment Confirmation' is present on page 

29-01-2024T23:23:45 - [MESSAGE][PASSED] - Text 'Appointment Confirmation' is present on page 

29-01-2024T23:23:45 - [TEST_STEP][PASSED] - takeScreenshotAsCheckpoint("appointment 1 katalon demo"): Taking screenshot successfully

29-01-2024T23:23:45 - [MESSAGE][INFO] - 0 hidden object(s)

29-01-2024T23:23:45 - [MESSAGE][PASSED] - Taking screenshot successfully
[[ATTACHMENT|keyes\keyes-appointment 1 katalon demo.png]]

29-01-2024T23:23:45 - [TEST_STEP][PASSED] - click(findTestObject("Object Repository/katalon demo/Page_CURA Healthcare Service/a_Go to Homepage")): Object: 'Object Repository/katalon demo/Page_CURA Healthcare Service/a_Go to Homepage' is clicked on

29-01-2024T23:23:47 - [MESSAGE][PASSED] - Object: 'Object Repository/katalon demo/Page_CURA Healthcare Service/a_Go to Homepage' is clicked on]]></system-out>
         <system-err><![CDATA[]]></system-err>
      </testcase>
      <testcase name="Test Cases/Katalon Demo/make appointment katalon demo 2" time="5.431" classname="Test Cases/Katalon Demo/make appointment katalon demo 2" status="PASSED">
         <system-out><![CDATA[29-01-2024T23:23:47 - [TEST_CASE][PASSED] - Test Cases/Katalon Demo/make appointment katalon demo 2: Test Cases/Katalon Demo/make appointment katalon demo 2

29-01-2024T23:23:47 - [TEST_STEP][PASSED] - click(findTestObject("Object Repository/katalon demo/Page_CURA Healthcare Service/label_Apply for hospital readmission")): Object: 'Object Repository/katalon demo/Page_CURA Healthcare Service/label_Apply for hospital readmission' is clicked on

29-01-2024T23:23:47 - [MESSAGE][PASSED] - Object: 'Object Repository/katalon demo/Page_CURA Healthcare Service/label_Apply for hospital readmission' is clicked on

29-01-2024T23:23:47 - [TEST_STEP][PASSED] - click(findTestObject("Object Repository/katalon demo/Page_CURA Healthcare Service/input_programs")): Object: 'Object Repository/katalon demo/Page_CURA Healthcare Service/input_programs' is clicked on

29-01-2024T23:23:47 - [MESSAGE][PASSED] - Object: 'Object Repository/katalon demo/Page_CURA Healthcare Service/input_programs' is clicked on

29-01-2024T23:23:47 - [TEST_STEP][PASSED] - click(findTestObject("Object Repository/katalon demo/Page_CURA Healthcare Service/input_visit_date")): Object: 'Object Repository/katalon demo/Page_CURA Healthcare Service/input_visit_date' is clicked on

29-01-2024T23:23:48 - [MESSAGE][PASSED] - Object: 'Object Repository/katalon demo/Page_CURA Healthcare Service/input_visit_date' is clicked on

29-01-2024T23:23:48 - [TEST_STEP][PASSED] - click(findTestObject("Object Repository/katalon demo/Page_CURA Healthcare Service/th_")): Object: 'Object Repository/katalon demo/Page_CURA Healthcare Service/th_' is clicked on

29-01-2024T23:23:48 - [MESSAGE][PASSED] - Object: 'Object Repository/katalon demo/Page_CURA Healthcare Service/th_' is clicked on

29-01-2024T23:23:48 - [TEST_STEP][PASSED] - click(findTestObject("Object Repository/katalon demo/Page_CURA Healthcare Service/td_28")): Object: 'Object Repository/katalon demo/Page_CURA Healthcare Service/td_28' is clicked on

29-01-2024T23:23:49 - [MESSAGE][PASSED] - Object: 'Object Repository/katalon demo/Page_CURA Healthcare Service/td_28' is clicked on

29-01-2024T23:23:49 - [TEST_STEP][PASSED] - setText(findTestObject("Object Repository/katalon demo/Page_CURA Healthcare Service/textarea_comment"), "tes katalon"): Text 'tes katalon' is set on object 'Object Repository/katalon demo/Page_CURA Healthcare Service/textarea_comment'

29-01-2024T23:23:50 - [MESSAGE][PASSED] - Text 'tes katalon' is set on object 'Object Repository/katalon demo/Page_CURA Healthcare Service/textarea_comment'

29-01-2024T23:23:50 - [TEST_STEP][PASSED] - click(findTestObject("Object Repository/katalon demo/Page_CURA Healthcare Service/button_Book Appointment")): Object: 'Object Repository/katalon demo/Page_CURA Healthcare Service/button_Book Appointment' is clicked on

29-01-2024T23:23:50 - [MESSAGE][PASSED] - Object: 'Object Repository/katalon demo/Page_CURA Healthcare Service/button_Book Appointment' is clicked on

29-01-2024T23:23:50 - [TEST_STEP][PASSED] - verifyTextPresent("Appointment Confirmation", false): Text 'Appointment Confirmation' is present on page 

29-01-2024T23:23:51 - [MESSAGE][PASSED] - Text 'Appointment Confirmation' is present on page 

29-01-2024T23:23:51 - [TEST_STEP][PASSED] - takeScreenshotAsCheckpoint("appointment 2 katalon demo"): Taking screenshot successfully

29-01-2024T23:23:51 - [MESSAGE][INFO] - 0 hidden object(s)

29-01-2024T23:23:51 - [MESSAGE][PASSED] - Taking screenshot successfully
[[ATTACHMENT|keyes\keyes-appointment 2 katalon demo.png]]

29-01-2024T23:23:51 - [TEST_STEP][PASSED] - click(findTestObject("Object Repository/katalon demo/Page_CURA Healthcare Service/a_Go to Homepage")): Object: 'Object Repository/katalon demo/Page_CURA Healthcare Service/a_Go to Homepage' is clicked on

29-01-2024T23:23:52 - [MESSAGE][PASSED] - Object: 'Object Repository/katalon demo/Page_CURA Healthcare Service/a_Go to Homepage' is clicked on]]></system-out>
         <system-err><![CDATA[]]></system-err>
      </testcase>
      <testcase name="Test Cases/Katalon Demo/history katalon demo" time="69.497" classname="Test Cases/Katalon Demo/history katalon demo" status="PASSED">
         <system-out><![CDATA[29-01-2024T23:23:52 - [TEST_CASE][PASSED] - Test Cases/Katalon Demo/history katalon demo: Test Cases/Katalon Demo/history katalon demo

29-01-2024T23:23:52 - [TEST_STEP][PASSED] - click(findTestObject("Object Repository/katalon demo/Page_CURA Healthcare Service/amenu-toggle")): Object: 'Object Repository/katalon demo/Page_CURA Healthcare Service/amenu-toggle' is clicked on

29-01-2024T23:23:52 - [MESSAGE][PASSED] - Object: 'Object Repository/katalon demo/Page_CURA Healthcare Service/amenu-toggle' is clicked on

29-01-2024T23:23:52 - [TEST_STEP][PASSED] - click(findTestObject("Object Repository/katalon demo/Page_CURA Healthcare Service/a_History")): Object: 'Object Repository/katalon demo/Page_CURA Healthcare Service/a_History' is clicked on

29-01-2024T23:23:54 - [MESSAGE][PASSED] - Object: 'Object Repository/katalon demo/Page_CURA Healthcare Service/a_History' is clicked on

29-01-2024T23:23:54 - [TEST_STEP][PASSED] - takeScreenshotAsCheckpoint("history katalon demo"): Taking screenshot successfully

29-01-2024T23:23:54 - [MESSAGE][INFO] - 0 hidden object(s)

29-01-2024T23:23:54 - [MESSAGE][PASSED] - Taking screenshot successfully
[[ATTACHMENT|keyes\keyes-history katalon demo.png]]

29-01-2024T23:23:54 - [TEST_STEP][PASSED] - scrollToElement(findTestObject("katalon demo/Page_CURA Healthcare Service/a_Go to Homepage"), 3): Scroll to object 'Object Repository/katalon demo/Page_CURA Healthcare Service/a_Go to Homepage' successfully

29-01-2024T23:24:25 - [MESSAGE][INFO] - Unable to find the element located by 'By.xpath: //section[@id='summary']/div/div/div[7]/p/a'. Please recheck the objects properties to make sure the desired element is located. 

29-01-2024T23:24:25 - [MESSAGE][WARNING] - [SELF-HEALING] Failed to find element with id 'Object Repository/katalon demo/Page_CURA Healthcare Service/a_Go to Homepage'. Try using Self-healing.

29-01-2024T23:24:26 - [MESSAGE][WARNING] - [SELF-HEALING] The current locator of test object 'Object Repository/katalon demo/Page_CURA Healthcare Service/a_Go to Homepage' was broken. Propose an alternative one: '//a[contains(text(),'Go to Homepage')]'.

29-01-2024T23:24:26 - [MESSAGE][PASSED] - Scroll to object 'Object Repository/katalon demo/Page_CURA Healthcare Service/a_Go to Homepage' successfully

29-01-2024T23:24:26 - [TEST_STEP][PASSED] - click(findTestObject("Object Repository/katalon demo/Page_CURA Healthcare Service/a_Go to Homepage")): Object: 'Object Repository/katalon demo/Page_CURA Healthcare Service/a_Go to Homepage' is clicked on

29-01-2024T23:24:57 - [MESSAGE][INFO] - Unable to find the element located by 'By.xpath: //section[@id='summary']/div/div/div[7]/p/a'. Please recheck the objects properties to make sure the desired element is located. 

29-01-2024T23:24:57 - [MESSAGE][WARNING] - [SELF-HEALING] Failed to find element with id 'Object Repository/katalon demo/Page_CURA Healthcare Service/a_Go to Homepage'. Try using Self-healing.

29-01-2024T23:24:57 - [MESSAGE][WARNING] - [SELF-HEALING] The current locator of test object 'Object Repository/katalon demo/Page_CURA Healthcare Service/a_Go to Homepage' was broken. Propose an alternative one: '//a[contains(text(),'Go to Homepage')]'.

29-01-2024T23:25:02 - [MESSAGE][PASSED] - Object: 'Object Repository/katalon demo/Page_CURA Healthcare Service/a_Go to Homepage' is clicked on]]></system-out>
         <system-err><![CDATA[]]></system-err>
      </testcase>
      <testcase name="Test Cases/Katalon Demo/profile katalon demo" time="5.195" classname="Test Cases/Katalon Demo/profile katalon demo" status="PASSED">
         <system-out><![CDATA[29-01-2024T23:25:02 - [TEST_CASE][PASSED] - Test Cases/Katalon Demo/profile katalon demo: Test Cases/Katalon Demo/profile katalon demo

29-01-2024T23:25:02 - [TEST_STEP][PASSED] - click(findTestObject("Object Repository/katalon demo/Page_CURA Healthcare Service/i_fa fa-bars")): Object: 'Object Repository/katalon demo/Page_CURA Healthcare Service/i_fa fa-bars' is clicked on

29-01-2024T23:25:02 - [MESSAGE][PASSED] - Object: 'Object Repository/katalon demo/Page_CURA Healthcare Service/i_fa fa-bars' is clicked on

29-01-2024T23:25:02 - [TEST_STEP][PASSED] - click(findTestObject("Object Repository/katalon demo/Page_CURA Healthcare Service/a_Profile")): Object: 'Object Repository/katalon demo/Page_CURA Healthcare Service/a_Profile' is clicked on

29-01-2024T23:25:03 - [MESSAGE][PASSED] - Object: 'Object Repository/katalon demo/Page_CURA Healthcare Service/a_Profile' is clicked on

29-01-2024T23:25:03 - [TEST_STEP][PASSED] - takeScreenshotAsCheckpoint("profile katalon demo"): Taking screenshot successfully

29-01-2024T23:25:03 - [MESSAGE][INFO] - 0 hidden object(s)

29-01-2024T23:25:04 - [MESSAGE][PASSED] - Taking screenshot successfully
[[ATTACHMENT|keyes\keyes-profile katalon demo.png]]

29-01-2024T23:25:04 - [TEST_STEP][PASSED] - click(findTestObject("Object Repository/katalon demo/Page_CURA Healthcare Service/i_fa fa-bars")): Object: 'Object Repository/katalon demo/Page_CURA Healthcare Service/i_fa fa-bars' is clicked on

29-01-2024T23:25:04 - [MESSAGE][PASSED] - Object: 'Object Repository/katalon demo/Page_CURA Healthcare Service/i_fa fa-bars' is clicked on

29-01-2024T23:25:04 - [TEST_STEP][PASSED] - click(findTestObject("Object Repository/katalon demo/Page_CURA Healthcare Service/a_Home")): Object: 'Object Repository/katalon demo/Page_CURA Healthcare Service/a_Home' is clicked on

29-01-2024T23:25:07 - [MESSAGE][PASSED] - Object: 'Object Repository/katalon demo/Page_CURA Healthcare Service/a_Home' is clicked on]]></system-out>
         <system-err><![CDATA[]]></system-err>
      </testcase>
      <testcase name="Test Cases/Katalon Demo/logout katalon demo" time="2.63" classname="Test Cases/Katalon Demo/logout katalon demo" status="PASSED">
         <system-out><![CDATA[29-01-2024T23:25:07 - [TEST_CASE][PASSED] - Test Cases/Katalon Demo/logout katalon demo: Test Cases/Katalon Demo/logout katalon demo

29-01-2024T23:25:07 - [TEST_STEP][PASSED] - click(findTestObject("Object Repository/katalon demo/Page_CURA Healthcare Service/i_fa fa-bars")): Object: 'Object Repository/katalon demo/Page_CURA Healthcare Service/i_fa fa-bars' is clicked on

29-01-2024T23:25:07 - [MESSAGE][PASSED] - Object: 'Object Repository/katalon demo/Page_CURA Healthcare Service/i_fa fa-bars' is clicked on

29-01-2024T23:25:07 - [TEST_STEP][PASSED] - takeScreenshotAsCheckpoint("logout katalon demo"): Taking screenshot successfully

29-01-2024T23:25:08 - [MESSAGE][INFO] - 0 hidden object(s)

29-01-2024T23:25:08 - [MESSAGE][PASSED] - Taking screenshot successfully
[[ATTACHMENT|keyes\keyes-logout katalon demo.png]]

29-01-2024T23:25:08 - [TEST_STEP][PASSED] - click(findTestObject("Object Repository/katalon demo/Page_CURA Healthcare Service/a_Logout")): Object: 'Object Repository/katalon demo/Page_CURA Healthcare Service/a_Logout' is clicked on

29-01-2024T23:25:09 - [MESSAGE][PASSED] - Object: 'Object Repository/katalon demo/Page_CURA Healthcare Service/a_Logout' is clicked on

29-01-2024T23:25:09 - [TEST_STEP][PASSED] - closeBrowser(): Browser is closed

29-01-2024T23:25:09 - [MESSAGE][PASSED] - Browser is closed]]></system-out>
         <system-err><![CDATA[]]></system-err>
      </testcase>
      <testcase name="Test Cases/Katalon Demo/negatif login katalon demo" time="14.117" classname="Test Cases/Katalon Demo/negatif login katalon demo" status="PASSED">
         <system-out><![CDATA[29-01-2024T23:25:09 - [TEST_CASE][PASSED] - Test Cases/Katalon Demo/negatif login katalon demo: Test Cases/Katalon Demo/negatif login katalon demo

29-01-2024T23:25:10 - [TEST_STEP][PASSED] - openBrowser(""): Browser is opened with url: ''

29-01-2024T23:25:10 - [MESSAGE][INFO] - Starting 'Chrome' driver

29-01-2024T23:25:10 - [MESSAGE][INFO] - Action delay is set to 0 milliseconds

29-01-2024T23:25:11 - [MESSAGE][PASSED] - Browser is opened with url: ''

29-01-2024T23:25:11 - [TEST_STEP][PASSED] - navigateToUrl("https://katalon-demo-cura.herokuapp.com/"): Navigate to 'https://katalon-demo-cura.herokuapp.com/' successfully

29-01-2024T23:25:15 - [MESSAGE][PASSED] - Navigate to 'https://katalon-demo-cura.herokuapp.com/' successfully

29-01-2024T23:25:15 - [TEST_STEP][PASSED] - click(findTestObject("Object Repository/katalon demo/Page_CURA Healthcare Service/amenu-toggle")): Object: 'Object Repository/katalon demo/Page_CURA Healthcare Service/amenu-toggle' is clicked on

29-01-2024T23:25:15 - [MESSAGE][PASSED] - Object: 'Object Repository/katalon demo/Page_CURA Healthcare Service/amenu-toggle' is clicked on

29-01-2024T23:25:15 - [TEST_STEP][PASSED] - click(findTestObject("Object Repository/katalon demo/Page_CURA Healthcare Service/a_Login")): Object: 'Object Repository/katalon demo/Page_CURA Healthcare Service/a_Login' is clicked on

29-01-2024T23:25:16 - [MESSAGE][PASSED] - Object: 'Object Repository/katalon demo/Page_CURA Healthcare Service/a_Login' is clicked on

29-01-2024T23:25:16 - [TEST_STEP][PASSED] - setText(findTestObject("Object Repository/katalon demo/Page_CURA Healthcare Service/input_username"), username1): Text 'aaaaa' is set on object 'Object Repository/katalon demo/Page_CURA Healthcare Service/input_username'

29-01-2024T23:25:17 - [MESSAGE][PASSED] - Text 'aaaaa' is set on object 'Object Repository/katalon demo/Page_CURA Healthcare Service/input_username'

29-01-2024T23:25:17 - [TEST_STEP][PASSED] - setText(findTestObject("Object Repository/katalon demo/Page_CURA Healthcare Service/input_password"), password1): Text 'aaaaaaaa' is set on object 'Object Repository/katalon demo/Page_CURA Healthcare Service/input_password'

29-01-2024T23:25:17 - [MESSAGE][PASSED] - Text 'aaaaaaaa' is set on object 'Object Repository/katalon demo/Page_CURA Healthcare Service/input_password'

29-01-2024T23:25:17 - [TEST_STEP][PASSED] - click(findTestObject("katalon demo/Page_CURA Healthcare Service/button_Login")): Object: 'Object Repository/katalon demo/Page_CURA Healthcare Service/button_Login' is clicked on

29-01-2024T23:25:18 - [MESSAGE][PASSED] - Object: 'Object Repository/katalon demo/Page_CURA Healthcare Service/button_Login' is clicked on

29-01-2024T23:25:18 - [TEST_STEP][PASSED] - verifyTextPresent("Login failed!", false): Text 'Login failed!' is present on page 

29-01-2024T23:25:19 - [MESSAGE][PASSED] - Text 'Login failed!' is present on page 

29-01-2024T23:25:19 - [TEST_STEP][PASSED] - takeScreenshotAsCheckpoint("negatif 1 login katalon demo"): Taking screenshot successfully

29-01-2024T23:25:19 - [MESSAGE][INFO] - 0 hidden object(s)

29-01-2024T23:25:19 - [MESSAGE][PASSED] - Taking screenshot successfully
[[ATTACHMENT|keyes\keyes-negatif 1 login katalon demo.png]]

29-01-2024T23:25:19 - [TEST_STEP][PASSED] - click(findTestObject("Object Repository/katalon demo/Page_CURA Healthcare Service/button_Login")): Object: 'Object Repository/katalon demo/Page_CURA Healthcare Service/button_Login' is clicked on

29-01-2024T23:25:20 - [MESSAGE][PASSED] - Object: 'Object Repository/katalon demo/Page_CURA Healthcare Service/button_Login' is clicked on

29-01-2024T23:25:20 - [TEST_STEP][PASSED] - setText(findTestObject("katalon demo/Page_CURA Healthcare Service/input_username"), username2): Text 'bbbbb' is set on object 'Object Repository/katalon demo/Page_CURA Healthcare Service/input_username'

29-01-2024T23:25:21 - [MESSAGE][PASSED] - Text 'bbbbb' is set on object 'Object Repository/katalon demo/Page_CURA Healthcare Service/input_username'

29-01-2024T23:25:21 - [TEST_STEP][PASSED] - setText(findTestObject("katalon demo/Page_CURA Healthcare Service/input_password"), password2): Text 'bbbbbbbb' is set on object 'Object Repository/katalon demo/Page_CURA Healthcare Service/input_password'

29-01-2024T23:25:22 - [MESSAGE][PASSED] - Text 'bbbbbbbb' is set on object 'Object Repository/katalon demo/Page_CURA Healthcare Service/input_password'

29-01-2024T23:25:22 - [TEST_STEP][PASSED] - click(findTestObject("katalon demo/Page_CURA Healthcare Service/button_Login")): Object: 'Object Repository/katalon demo/Page_CURA Healthcare Service/button_Login' is clicked on

29-01-2024T23:25:23 - [MESSAGE][PASSED] - Object: 'Object Repository/katalon demo/Page_CURA Healthcare Service/button_Login' is clicked on

29-01-2024T23:25:23 - [TEST_STEP][PASSED] - verifyTextPresent("Login failed!", false): Text 'Login failed!' is present on page 

29-01-2024T23:25:23 - [MESSAGE][PASSED] - Text 'Login failed!' is present on page 

29-01-2024T23:25:23 - [TEST_STEP][PASSED] - takeScreenshotAsCheckpoint("negatif 2 login katalon demo"): Taking screenshot successfully

29-01-2024T23:25:23 - [MESSAGE][INFO] - 0 hidden object(s)

29-01-2024T23:25:24 - [MESSAGE][PASSED] - Taking screenshot successfully
[[ATTACHMENT|keyes\keyes-negatif 2 login katalon demo.png]]]]></system-out>
         <system-err><![CDATA[]]></system-err>
      </testcase>
      <system-out><![CDATA[29-01-2024T23:23:20 - [TEST_SUITE][PASSED] - katalon demo: Test Cases/Katalon Demo/negatif login katalon demo]]></system-out>
      <system-err><![CDATA[]]></system-err>
   </testsuite>
   <testsuite name="katalon demo" tests="8" failures="0" errors="0" time="131.895" skipped="0" timestamp="29-01-2024T23:25:31" hostname="0517 - Pierrot" id="Test Suites/katalon demo">
      <properties>
         <property name="deviceName" value=""/>
         <property name="devicePlatform" value=""/>
         <property name="logFolder" value="C:\\Users\\0517\\Katalon Studio\\poc bni\\Reports\\20240129_231002\\katalon demo\\20240129_231046"/>
         <property name="logFiles" value="C:\\Users\\0517\\Katalon Studio\\poc bni\\Reports\\20240129_231002\\katalon demo\\20240129_231046\\execution0.log"/>
         <property name="attachments" value="keyes\keyes-login katalon demo.png, keyes\keyes-appointment katalon demo.png, keyes\keyes-appointment 1 katalon demo.png, keyes\keyes-appointment 2 katalon demo.png, keyes\keyes-history katalon demo.png, keyes\keyes-profile katalon demo.png, keyes\keyes-logout katalon demo.png, keyes\keyes-negatif 1 login katalon demo.png, keyes\keyes-negatif 2 login katalon demo.png"/>
         <property name="hostName" value="0517 - Pierrot"/>
         <property name="os" value="Windows 10 64bit"/>
         <property name="katalonVersion" value="9.2.0.212"/>
         <property name="browser" value="Chrome 121.0.0.0"/>
         <property name="hostAddress" value="192.168.96.2"/>
         <property name="sessionId" value="5352d96dec31fa0f5606bf72b24f3ba6"/>
         <property name="seleniumVersion" value="3.141.59"/>
         <property name="proxyInformation" value="ProxyInformation { proxyOption=NO_PROXY, proxyServerType=HTTP, username=, password=********, proxyServerAddress=, proxyServerPort=0, executionList=&quot;&quot;, isApplyToDesiredCapabilities=true }"/>
         <property name="platform" value="Windows 10"/>
      </properties>
      <testcase name="Test Cases/Katalon Demo/login katalon demo" time="12.365" classname="Test Cases/Katalon Demo/login katalon demo" status="PASSED">
         <system-out><![CDATA[29-01-2024T23:25:31 - [TEST_CASE][PASSED] - Test Cases/Katalon Demo/login katalon demo: Test Cases/Katalon Demo/login katalon demo

29-01-2024T23:25:32 - [TEST_STEP][PASSED] - openBrowser(""): Browser is opened with url: ''

29-01-2024T23:25:32 - [MESSAGE][INFO] - Starting 'Chrome' driver

29-01-2024T23:25:32 - [MESSAGE][INFO] - Action delay is set to 0 milliseconds

29-01-2024T23:25:34 - [MESSAGE][PASSED] - Browser is opened with url: ''

29-01-2024T23:25:34 - [TEST_STEP][PASSED] - navigateToUrl("https://katalon-demo-cura.herokuapp.com/"): Navigate to 'https://katalon-demo-cura.herokuapp.com/' successfully

29-01-2024T23:25:39 - [MESSAGE][PASSED] - Navigate to 'https://katalon-demo-cura.herokuapp.com/' successfully

29-01-2024T23:25:39 - [TEST_STEP][PASSED] - click(findTestObject("Object Repository/katalon demo/Page_CURA Healthcare Service/amenu-toggle")): Object: 'Object Repository/katalon demo/Page_CURA Healthcare Service/amenu-toggle' is clicked on

29-01-2024T23:25:40 - [MESSAGE][PASSED] - Object: 'Object Repository/katalon demo/Page_CURA Healthcare Service/amenu-toggle' is clicked on

29-01-2024T23:25:40 - [TEST_STEP][PASSED] - click(findTestObject("Object Repository/katalon demo/Page_CURA Healthcare Service/a_Login")): Object: 'Object Repository/katalon demo/Page_CURA Healthcare Service/a_Login' is clicked on

29-01-2024T23:25:41 - [MESSAGE][PASSED] - Object: 'Object Repository/katalon demo/Page_CURA Healthcare Service/a_Login' is clicked on

29-01-2024T23:25:41 - [TEST_STEP][PASSED] - setText(findTestObject("Object Repository/katalon demo/Page_CURA Healthcare Service/input_username"), "John Doe"): Text 'John Doe' is set on object 'Object Repository/katalon demo/Page_CURA Healthcare Service/input_username'

29-01-2024T23:25:41 - [MESSAGE][PASSED] - Text 'John Doe' is set on object 'Object Repository/katalon demo/Page_CURA Healthcare Service/input_username'

29-01-2024T23:25:41 - [TEST_STEP][PASSED] - setEncryptedText(findTestObject("Object Repository/katalon demo/Page_CURA Healthcare Service/input_password"), "g3/DOGG74jC3Flrr3yH+3D/yKbOqqUNM"): Text ****** has been set on object 'Object Repository/katalon demo/Page_CURA Healthcare Service/input_password'

29-01-2024T23:25:42 - [MESSAGE][PASSED] - Text ****** has been set on object 'Object Repository/katalon demo/Page_CURA Healthcare Service/input_password'

29-01-2024T23:25:42 - [TEST_STEP][PASSED] - takeScreenshotAsCheckpoint("login katalon demo", STOP_ON_FAILURE): Taking screenshot successfully

29-01-2024T23:25:43 - [MESSAGE][INFO] - 0 hidden object(s)

29-01-2024T23:25:43 - [MESSAGE][PASSED] - Taking screenshot successfully
[[ATTACHMENT|keyes\keyes-login katalon demo.png]]

29-01-2024T23:25:43 - [TEST_STEP][PASSED] - click(findTestObject("Object Repository/katalon demo/Page_CURA Healthcare Service/button_Login")): Object: 'Object Repository/katalon demo/Page_CURA Healthcare Service/button_Login' is clicked on

29-01-2024T23:25:44 - [MESSAGE][PASSED] - Object: 'Object Repository/katalon demo/Page_CURA Healthcare Service/button_Login' is clicked on]]></system-out>
         <system-err><![CDATA[]]></system-err>
      </testcase>
      <testcase name="Test Cases/Katalon Demo/make appointment katalon demo" time="6.099" classname="Test Cases/Katalon Demo/make appointment katalon demo" status="PASSED">
         <system-out><![CDATA[29-01-2024T23:25:44 - [TEST_CASE][PASSED] - Test Cases/Katalon Demo/make appointment katalon demo: Test Cases/Katalon Demo/make appointment katalon demo

29-01-2024T23:25:44 - [TEST_STEP][PASSED] - selectOptionByValue(findTestObject("Object Repository/katalon demo/Page_CURA Healthcare Service/select_Tokyo"), "Hongkong CURA Healthcare Center", true): All options with value 'Hongkong CURA Healthcare Center' are selected in object 'Object Repository/katalon demo/Page_CURA Healthcare Service/select_Tokyo'  using regular expression

29-01-2024T23:25:45 - [MESSAGE][PASSED] - All options with value 'Hongkong CURA Healthcare Center' are selected in object 'Object Repository/katalon demo/Page_CURA Healthcare Service/select_Tokyo'  using regular expression

29-01-2024T23:25:45 - [TEST_STEP][PASSED] - click(findTestObject("Object Repository/katalon demo/Page_CURA Healthcare Service/label_Apply for hospital readmission")): Object: 'Object Repository/katalon demo/Page_CURA Healthcare Service/label_Apply for hospital readmission' is clicked on

29-01-2024T23:25:45 - [MESSAGE][PASSED] - Object: 'Object Repository/katalon demo/Page_CURA Healthcare Service/label_Apply for hospital readmission' is clicked on

29-01-2024T23:25:46 - [TEST_STEP][PASSED] - click(findTestObject("Object Repository/katalon demo/Page_CURA Healthcare Service/input_programs")): Object: 'Object Repository/katalon demo/Page_CURA Healthcare Service/input_programs' is clicked on

29-01-2024T23:25:46 - [MESSAGE][PASSED] - Object: 'Object Repository/katalon demo/Page_CURA Healthcare Service/input_programs' is clicked on

29-01-2024T23:25:46 - [TEST_STEP][PASSED] - click(findTestObject("Object Repository/katalon demo/Page_CURA Healthcare Service/span_glyphicon glyphicon-calendar")): Object: 'Object Repository/katalon demo/Page_CURA Healthcare Service/span_glyphicon glyphicon-calendar' is clicked on

29-01-2024T23:25:46 - [MESSAGE][PASSED] - Object: 'Object Repository/katalon demo/Page_CURA Healthcare Service/span_glyphicon glyphicon-calendar' is clicked on

29-01-2024T23:25:46 - [TEST_STEP][PASSED] - click(findTestObject("Object Repository/katalon demo/Page_CURA Healthcare Service/td_31")): Object: 'Object Repository/katalon demo/Page_CURA Healthcare Service/td_31' is clicked on

29-01-2024T23:25:47 - [MESSAGE][PASSED] - Object: 'Object Repository/katalon demo/Page_CURA Healthcare Service/td_31' is clicked on

29-01-2024T23:25:47 - [TEST_STEP][PASSED] - setText(findTestObject("Object Repository/katalon demo/Page_CURA Healthcare Service/textarea_comment"), "tes katalon demo"): Text 'tes katalon demo' is set on object 'Object Repository/katalon demo/Page_CURA Healthcare Service/textarea_comment'

29-01-2024T23:25:48 - [MESSAGE][PASSED] - Text 'tes katalon demo' is set on object 'Object Repository/katalon demo/Page_CURA Healthcare Service/textarea_comment'

29-01-2024T23:25:48 - [TEST_STEP][PASSED] - click(findTestObject("Object Repository/katalon demo/Page_CURA Healthcare Service/button_Book Appointment")): Object: 'Object Repository/katalon demo/Page_CURA Healthcare Service/button_Book Appointment' is clicked on

29-01-2024T23:25:48 - [MESSAGE][PASSED] - Object: 'Object Repository/katalon demo/Page_CURA Healthcare Service/button_Book Appointment' is clicked on

29-01-2024T23:25:48 - [TEST_STEP][PASSED] - verifyTextPresent("Appointment Confirmation", false): Text 'Appointment Confirmation' is present on page 

29-01-2024T23:25:49 - [MESSAGE][PASSED] - Text 'Appointment Confirmation' is present on page 

29-01-2024T23:25:49 - [TEST_STEP][PASSED] - takeScreenshotAsCheckpoint("appointment katalon demo"): Taking screenshot successfully

29-01-2024T23:25:49 - [MESSAGE][INFO] - 0 hidden object(s)

29-01-2024T23:25:49 - [MESSAGE][PASSED] - Taking screenshot successfully
[[ATTACHMENT|keyes\keyes-appointment katalon demo.png]]

29-01-2024T23:25:49 - [TEST_STEP][PASSED] - click(findTestObject("Object Repository/katalon demo/Page_CURA Healthcare Service/a_Go to Homepage")): Object: 'Object Repository/katalon demo/Page_CURA Healthcare Service/a_Go to Homepage' is clicked on

29-01-2024T23:25:50 - [MESSAGE][PASSED] - Object: 'Object Repository/katalon demo/Page_CURA Healthcare Service/a_Go to Homepage' is clicked on]]></system-out>
         <system-err><![CDATA[]]></system-err>
      </testcase>
      <testcase name="Test Cases/Katalon Demo/make appointment katalon demo 1" time="7.934" classname="Test Cases/Katalon Demo/make appointment katalon demo 1" status="PASSED">
         <system-out><![CDATA[29-01-2024T23:25:50 - [TEST_CASE][PASSED] - Test Cases/Katalon Demo/make appointment katalon demo 1: Test Cases/Katalon Demo/make appointment katalon demo 1

29-01-2024T23:25:50 - [TEST_STEP][PASSED] - selectOptionByValue(findTestObject("Object Repository/katalon demo/Page_CURA Healthcare Service/select_Tokyo"), "Seoul CURA Healthcare Center", true): All options with value 'Seoul CURA Healthcare Center' are selected in object 'Object Repository/katalon demo/Page_CURA Healthcare Service/select_Tokyo'  using regular expression

29-01-2024T23:25:51 - [MESSAGE][PASSED] - All options with value 'Seoul CURA Healthcare Center' are selected in object 'Object Repository/katalon demo/Page_CURA Healthcare Service/select_Tokyo'  using regular expression

29-01-2024T23:25:51 - [TEST_STEP][PASSED] - click(findTestObject("Object Repository/katalon demo/Page_CURA Healthcare Service/input_hospital_readmission")): Object: 'Object Repository/katalon demo/Page_CURA Healthcare Service/input_hospital_readmission' is clicked on

29-01-2024T23:25:52 - [MESSAGE][PASSED] - Object: 'Object Repository/katalon demo/Page_CURA Healthcare Service/input_hospital_readmission' is clicked on

29-01-2024T23:25:52 - [TEST_STEP][PASSED] - click(findTestObject("Object Repository/katalon demo/Page_CURA Healthcare Service/input_programs")): Object: 'Object Repository/katalon demo/Page_CURA Healthcare Service/input_programs' is clicked on

29-01-2024T23:25:52 - [MESSAGE][PASSED] - Object: 'Object Repository/katalon demo/Page_CURA Healthcare Service/input_programs' is clicked on

29-01-2024T23:25:52 - [TEST_STEP][PASSED] - click(findTestObject("Object Repository/katalon demo/Page_CURA Healthcare Service/span_glyphicon glyphicon-calendar")): Object: 'Object Repository/katalon demo/Page_CURA Healthcare Service/span_glyphicon glyphicon-calendar' is clicked on

29-01-2024T23:25:52 - [MESSAGE][PASSED] - Object: 'Object Repository/katalon demo/Page_CURA Healthcare Service/span_glyphicon glyphicon-calendar' is clicked on

29-01-2024T23:25:52 - [TEST_STEP][PASSED] - click(findTestObject("Object Repository/katalon demo/Page_CURA Healthcare Service/td_30")): Object: 'Object Repository/katalon demo/Page_CURA Healthcare Service/td_30' is clicked on

29-01-2024T23:25:53 - [MESSAGE][PASSED] - Object: 'Object Repository/katalon demo/Page_CURA Healthcare Service/td_30' is clicked on

29-01-2024T23:25:53 - [TEST_STEP][PASSED] - setText(findTestObject("Object Repository/katalon demo/Page_CURA Healthcare Service/textarea_comment"), "tes katalon"): Text 'tes katalon' is set on object 'Object Repository/katalon demo/Page_CURA Healthcare Service/textarea_comment'

29-01-2024T23:25:54 - [MESSAGE][PASSED] - Text 'tes katalon' is set on object 'Object Repository/katalon demo/Page_CURA Healthcare Service/textarea_comment'

29-01-2024T23:25:54 - [TEST_STEP][PASSED] - click(findTestObject("Object Repository/katalon demo/Page_CURA Healthcare Service/button_Book Appointment")): Object: 'Object Repository/katalon demo/Page_CURA Healthcare Service/button_Book Appointment' is clicked on

29-01-2024T23:25:56 - [MESSAGE][PASSED] - Object: 'Object Repository/katalon demo/Page_CURA Healthcare Service/button_Book Appointment' is clicked on

29-01-2024T23:25:56 - [TEST_STEP][PASSED] - verifyTextPresent("Appointment Confirmation", false): Text 'Appointment Confirmation' is present on page 

29-01-2024T23:25:57 - [MESSAGE][PASSED] - Text 'Appointment Confirmation' is present on page 

29-01-2024T23:25:57 - [TEST_STEP][PASSED] - takeScreenshotAsCheckpoint("appointment 1 katalon demo"): Taking screenshot successfully

29-01-2024T23:25:57 - [MESSAGE][INFO] - 0 hidden object(s)

29-01-2024T23:25:57 - [MESSAGE][PASSED] - Taking screenshot successfully
[[ATTACHMENT|keyes\keyes-appointment 1 katalon demo.png]]

29-01-2024T23:25:57 - [TEST_STEP][PASSED] - click(findTestObject("Object Repository/katalon demo/Page_CURA Healthcare Service/a_Go to Homepage")): Object: 'Object Repository/katalon demo/Page_CURA Healthcare Service/a_Go to Homepage' is clicked on

29-01-2024T23:25:58 - [MESSAGE][PASSED] - Object: 'Object Repository/katalon demo/Page_CURA Healthcare Service/a_Go to Homepage' is clicked on]]></system-out>
         <system-err><![CDATA[]]></system-err>
      </testcase>
      <testcase name="Test Cases/Katalon Demo/make appointment katalon demo 2" time="5.822" classname="Test Cases/Katalon Demo/make appointment katalon demo 2" status="PASSED">
         <system-out><![CDATA[29-01-2024T23:25:58 - [TEST_CASE][PASSED] - Test Cases/Katalon Demo/make appointment katalon demo 2: Test Cases/Katalon Demo/make appointment katalon demo 2

29-01-2024T23:25:58 - [TEST_STEP][PASSED] - click(findTestObject("Object Repository/katalon demo/Page_CURA Healthcare Service/label_Apply for hospital readmission")): Object: 'Object Repository/katalon demo/Page_CURA Healthcare Service/label_Apply for hospital readmission' is clicked on

29-01-2024T23:25:58 - [MESSAGE][PASSED] - Object: 'Object Repository/katalon demo/Page_CURA Healthcare Service/label_Apply for hospital readmission' is clicked on

29-01-2024T23:25:58 - [TEST_STEP][PASSED] - click(findTestObject("Object Repository/katalon demo/Page_CURA Healthcare Service/input_programs")): Object: 'Object Repository/katalon demo/Page_CURA Healthcare Service/input_programs' is clicked on

29-01-2024T23:25:59 - [MESSAGE][PASSED] - Object: 'Object Repository/katalon demo/Page_CURA Healthcare Service/input_programs' is clicked on

29-01-2024T23:25:59 - [TEST_STEP][PASSED] - click(findTestObject("Object Repository/katalon demo/Page_CURA Healthcare Service/input_visit_date")): Object: 'Object Repository/katalon demo/Page_CURA Healthcare Service/input_visit_date' is clicked on

29-01-2024T23:25:59 - [MESSAGE][PASSED] - Object: 'Object Repository/katalon demo/Page_CURA Healthcare Service/input_visit_date' is clicked on

29-01-2024T23:25:59 - [TEST_STEP][PASSED] - click(findTestObject("Object Repository/katalon demo/Page_CURA Healthcare Service/th_")): Object: 'Object Repository/katalon demo/Page_CURA Healthcare Service/th_' is clicked on

29-01-2024T23:26:00 - [MESSAGE][PASSED] - Object: 'Object Repository/katalon demo/Page_CURA Healthcare Service/th_' is clicked on

29-01-2024T23:26:00 - [TEST_STEP][PASSED] - click(findTestObject("Object Repository/katalon demo/Page_CURA Healthcare Service/td_28")): Object: 'Object Repository/katalon demo/Page_CURA Healthcare Service/td_28' is clicked on

29-01-2024T23:26:00 - [MESSAGE][PASSED] - Object: 'Object Repository/katalon demo/Page_CURA Healthcare Service/td_28' is clicked on

29-01-2024T23:26:00 - [TEST_STEP][PASSED] - setText(findTestObject("Object Repository/katalon demo/Page_CURA Healthcare Service/textarea_comment"), "tes katalon"): Text 'tes katalon' is set on object 'Object Repository/katalon demo/Page_CURA Healthcare Service/textarea_comment'

29-01-2024T23:26:01 - [MESSAGE][PASSED] - Text 'tes katalon' is set on object 'Object Repository/katalon demo/Page_CURA Healthcare Service/textarea_comment'

29-01-2024T23:26:01 - [TEST_STEP][PASSED] - click(findTestObject("Object Repository/katalon demo/Page_CURA Healthcare Service/button_Book Appointment")): Object: 'Object Repository/katalon demo/Page_CURA Healthcare Service/button_Book Appointment' is clicked on

29-01-2024T23:26:02 - [MESSAGE][PASSED] - Object: 'Object Repository/katalon demo/Page_CURA Healthcare Service/button_Book Appointment' is clicked on

29-01-2024T23:26:02 - [TEST_STEP][PASSED] - verifyTextPresent("Appointment Confirmation", false): Text 'Appointment Confirmation' is present on page 

29-01-2024T23:26:03 - [MESSAGE][PASSED] - Text 'Appointment Confirmation' is present on page 

29-01-2024T23:26:03 - [TEST_STEP][PASSED] - takeScreenshotAsCheckpoint("appointment 2 katalon demo"): Taking screenshot successfully

29-01-2024T23:26:03 - [MESSAGE][INFO] - 0 hidden object(s)

29-01-2024T23:26:03 - [MESSAGE][PASSED] - Taking screenshot successfully
[[ATTACHMENT|keyes\keyes-appointment 2 katalon demo.png]]

29-01-2024T23:26:03 - [TEST_STEP][PASSED] - click(findTestObject("Object Repository/katalon demo/Page_CURA Healthcare Service/a_Go to Homepage")): Object: 'Object Repository/katalon demo/Page_CURA Healthcare Service/a_Go to Homepage' is clicked on

29-01-2024T23:26:04 - [MESSAGE][PASSED] - Object: 'Object Repository/katalon demo/Page_CURA Healthcare Service/a_Go to Homepage' is clicked on]]></system-out>
         <system-err><![CDATA[]]></system-err>
      </testcase>
      <testcase name="Test Cases/Katalon Demo/history katalon demo" time="66.107" classname="Test Cases/Katalon Demo/history katalon demo" status="PASSED">
         <system-out><![CDATA[29-01-2024T23:26:04 - [TEST_CASE][PASSED] - Test Cases/Katalon Demo/history katalon demo: Test Cases/Katalon Demo/history katalon demo

29-01-2024T23:26:04 - [TEST_STEP][PASSED] - click(findTestObject("Object Repository/katalon demo/Page_CURA Healthcare Service/amenu-toggle")): Object: 'Object Repository/katalon demo/Page_CURA Healthcare Service/amenu-toggle' is clicked on

29-01-2024T23:26:04 - [MESSAGE][PASSED] - Object: 'Object Repository/katalon demo/Page_CURA Healthcare Service/amenu-toggle' is clicked on

29-01-2024T23:26:04 - [TEST_STEP][PASSED] - click(findTestObject("Object Repository/katalon demo/Page_CURA Healthcare Service/a_History")): Object: 'Object Repository/katalon demo/Page_CURA Healthcare Service/a_History' is clicked on

29-01-2024T23:26:05 - [MESSAGE][PASSED] - Object: 'Object Repository/katalon demo/Page_CURA Healthcare Service/a_History' is clicked on

29-01-2024T23:26:05 - [TEST_STEP][PASSED] - takeScreenshotAsCheckpoint("history katalon demo"): Taking screenshot successfully

29-01-2024T23:26:06 - [MESSAGE][INFO] - 0 hidden object(s)

29-01-2024T23:26:06 - [MESSAGE][PASSED] - Taking screenshot successfully
[[ATTACHMENT|keyes\keyes-history katalon demo.png]]

29-01-2024T23:26:06 - [TEST_STEP][PASSED] - scrollToElement(findTestObject("katalon demo/Page_CURA Healthcare Service/a_Go to Homepage"), 3): Scroll to object 'Object Repository/katalon demo/Page_CURA Healthcare Service/a_Go to Homepage' successfully

29-01-2024T23:26:37 - [MESSAGE][INFO] - Unable to find the element located by 'By.xpath: //section[@id='summary']/div/div/div[7]/p/a'. Please recheck the objects properties to make sure the desired element is located. 

29-01-2024T23:26:37 - [MESSAGE][WARNING] - [SELF-HEALING] Failed to find element with id 'Object Repository/katalon demo/Page_CURA Healthcare Service/a_Go to Homepage'. Try using Self-healing.

29-01-2024T23:26:37 - [MESSAGE][WARNING] - [SELF-HEALING] The current locator of test object 'Object Repository/katalon demo/Page_CURA Healthcare Service/a_Go to Homepage' was broken. Propose an alternative one: '//a[contains(text(),'Go to Homepage')]'.

29-01-2024T23:26:37 - [MESSAGE][PASSED] - Scroll to object 'Object Repository/katalon demo/Page_CURA Healthcare Service/a_Go to Homepage' successfully

29-01-2024T23:26:37 - [TEST_STEP][PASSED] - click(findTestObject("Object Repository/katalon demo/Page_CURA Healthcare Service/a_Go to Homepage")): Object: 'Object Repository/katalon demo/Page_CURA Healthcare Service/a_Go to Homepage' is clicked on

29-01-2024T23:27:09 - [MESSAGE][INFO] - Unable to find the element located by 'By.xpath: //section[@id='summary']/div/div/div[7]/p/a'. Please recheck the objects properties to make sure the desired element is located. 

29-01-2024T23:27:09 - [MESSAGE][WARNING] - [SELF-HEALING] Failed to find element with id 'Object Repository/katalon demo/Page_CURA Healthcare Service/a_Go to Homepage'. Try using Self-healing.

29-01-2024T23:27:09 - [MESSAGE][WARNING] - [SELF-HEALING] The current locator of test object 'Object Repository/katalon demo/Page_CURA Healthcare Service/a_Go to Homepage' was broken. Propose an alternative one: '//a[contains(text(),'Go to Homepage')]'.

29-01-2024T23:27:10 - [MESSAGE][PASSED] - Object: 'Object Repository/katalon demo/Page_CURA Healthcare Service/a_Go to Homepage' is clicked on]]></system-out>
         <system-err><![CDATA[]]></system-err>
      </testcase>
      <testcase name="Test Cases/Katalon Demo/profile katalon demo" time="3.181" classname="Test Cases/Katalon Demo/profile katalon demo" status="PASSED">
         <system-out><![CDATA[29-01-2024T23:27:10 - [TEST_CASE][PASSED] - Test Cases/Katalon Demo/profile katalon demo: Test Cases/Katalon Demo/profile katalon demo

29-01-2024T23:27:10 - [TEST_STEP][PASSED] - click(findTestObject("Object Repository/katalon demo/Page_CURA Healthcare Service/i_fa fa-bars")): Object: 'Object Repository/katalon demo/Page_CURA Healthcare Service/i_fa fa-bars' is clicked on

29-01-2024T23:27:10 - [MESSAGE][PASSED] - Object: 'Object Repository/katalon demo/Page_CURA Healthcare Service/i_fa fa-bars' is clicked on

29-01-2024T23:27:10 - [TEST_STEP][PASSED] - click(findTestObject("Object Repository/katalon demo/Page_CURA Healthcare Service/a_Profile")): Object: 'Object Repository/katalon demo/Page_CURA Healthcare Service/a_Profile' is clicked on

29-01-2024T23:27:11 - [MESSAGE][PASSED] - Object: 'Object Repository/katalon demo/Page_CURA Healthcare Service/a_Profile' is clicked on

29-01-2024T23:27:11 - [TEST_STEP][PASSED] - takeScreenshotAsCheckpoint("profile katalon demo"): Taking screenshot successfully

29-01-2024T23:27:12 - [MESSAGE][INFO] - 0 hidden object(s)

29-01-2024T23:27:12 - [MESSAGE][PASSED] - Taking screenshot successfully
[[ATTACHMENT|keyes\keyes-profile katalon demo.png]]

29-01-2024T23:27:12 - [TEST_STEP][PASSED] - click(findTestObject("Object Repository/katalon demo/Page_CURA Healthcare Service/i_fa fa-bars")): Object: 'Object Repository/katalon demo/Page_CURA Healthcare Service/i_fa fa-bars' is clicked on

29-01-2024T23:27:12 - [MESSAGE][PASSED] - Object: 'Object Repository/katalon demo/Page_CURA Healthcare Service/i_fa fa-bars' is clicked on

29-01-2024T23:27:12 - [TEST_STEP][PASSED] - click(findTestObject("Object Repository/katalon demo/Page_CURA Healthcare Service/a_Home")): Object: 'Object Repository/katalon demo/Page_CURA Healthcare Service/a_Home' is clicked on

29-01-2024T23:27:13 - [MESSAGE][PASSED] - Object: 'Object Repository/katalon demo/Page_CURA Healthcare Service/a_Home' is clicked on]]></system-out>
         <system-err><![CDATA[]]></system-err>
      </testcase>
      <testcase name="Test Cases/Katalon Demo/logout katalon demo" time="2.642" classname="Test Cases/Katalon Demo/logout katalon demo" status="PASSED">
         <system-out><![CDATA[29-01-2024T23:27:13 - [TEST_CASE][PASSED] - Test Cases/Katalon Demo/logout katalon demo: Test Cases/Katalon Demo/logout katalon demo

29-01-2024T23:27:13 - [TEST_STEP][PASSED] - click(findTestObject("Object Repository/katalon demo/Page_CURA Healthcare Service/i_fa fa-bars")): Object: 'Object Repository/katalon demo/Page_CURA Healthcare Service/i_fa fa-bars' is clicked on

29-01-2024T23:27:13 - [MESSAGE][PASSED] - Object: 'Object Repository/katalon demo/Page_CURA Healthcare Service/i_fa fa-bars' is clicked on

29-01-2024T23:27:13 - [TEST_STEP][PASSED] - takeScreenshotAsCheckpoint("logout katalon demo"): Taking screenshot successfully

29-01-2024T23:27:14 - [MESSAGE][INFO] - 0 hidden object(s)

29-01-2024T23:27:15 - [MESSAGE][PASSED] - Taking screenshot successfully
[[ATTACHMENT|keyes\keyes-logout katalon demo.png]]

29-01-2024T23:27:15 - [TEST_STEP][PASSED] - click(findTestObject("Object Repository/katalon demo/Page_CURA Healthcare Service/a_Logout")): Object: 'Object Repository/katalon demo/Page_CURA Healthcare Service/a_Logout' is clicked on

29-01-2024T23:27:15 - [MESSAGE][PASSED] - Object: 'Object Repository/katalon demo/Page_CURA Healthcare Service/a_Logout' is clicked on

29-01-2024T23:27:15 - [TEST_STEP][PASSED] - closeBrowser(): Browser is closed

29-01-2024T23:27:16 - [MESSAGE][PASSED] - Browser is closed]]></system-out>
         <system-err><![CDATA[]]></system-err>
      </testcase>
      <testcase name="Test Cases/Katalon Demo/negatif login katalon demo" time="27.441" classname="Test Cases/Katalon Demo/negatif login katalon demo" status="PASSED">
         <system-out><![CDATA[29-01-2024T23:27:16 - [TEST_CASE][PASSED] - Test Cases/Katalon Demo/negatif login katalon demo: Test Cases/Katalon Demo/negatif login katalon demo

29-01-2024T23:27:16 - [TEST_STEP][PASSED] - openBrowser(""): Browser is opened with url: ''

29-01-2024T23:27:16 - [MESSAGE][INFO] - Starting 'Chrome' driver

29-01-2024T23:27:16 - [MESSAGE][INFO] - Action delay is set to 0 milliseconds

29-01-2024T23:27:17 - [MESSAGE][PASSED] - Browser is opened with url: ''

29-01-2024T23:27:17 - [TEST_STEP][PASSED] - navigateToUrl("https://katalon-demo-cura.herokuapp.com/"): Navigate to 'https://katalon-demo-cura.herokuapp.com/' successfully

29-01-2024T23:27:34 - [MESSAGE][PASSED] - Navigate to 'https://katalon-demo-cura.herokuapp.com/' successfully

29-01-2024T23:27:34 - [TEST_STEP][PASSED] - click(findTestObject("Object Repository/katalon demo/Page_CURA Healthcare Service/amenu-toggle")): Object: 'Object Repository/katalon demo/Page_CURA Healthcare Service/amenu-toggle' is clicked on

29-01-2024T23:27:35 - [MESSAGE][PASSED] - Object: 'Object Repository/katalon demo/Page_CURA Healthcare Service/amenu-toggle' is clicked on

29-01-2024T23:27:35 - [TEST_STEP][PASSED] - click(findTestObject("Object Repository/katalon demo/Page_CURA Healthcare Service/a_Login")): Object: 'Object Repository/katalon demo/Page_CURA Healthcare Service/a_Login' is clicked on

29-01-2024T23:27:36 - [MESSAGE][PASSED] - Object: 'Object Repository/katalon demo/Page_CURA Healthcare Service/a_Login' is clicked on

29-01-2024T23:27:36 - [TEST_STEP][PASSED] - setText(findTestObject("Object Repository/katalon demo/Page_CURA Healthcare Service/input_username"), username1): Text 'aaaaa' is set on object 'Object Repository/katalon demo/Page_CURA Healthcare Service/input_username'

29-01-2024T23:27:36 - [MESSAGE][PASSED] - Text 'aaaaa' is set on object 'Object Repository/katalon demo/Page_CURA Healthcare Service/input_username'

29-01-2024T23:27:36 - [TEST_STEP][PASSED] - setText(findTestObject("Object Repository/katalon demo/Page_CURA Healthcare Service/input_password"), password1): Text 'aaaaaaaa' is set on object 'Object Repository/katalon demo/Page_CURA Healthcare Service/input_password'

29-01-2024T23:27:37 - [MESSAGE][PASSED] - Text 'aaaaaaaa' is set on object 'Object Repository/katalon demo/Page_CURA Healthcare Service/input_password'

29-01-2024T23:27:37 - [TEST_STEP][PASSED] - click(findTestObject("katalon demo/Page_CURA Healthcare Service/button_Login")): Object: 'Object Repository/katalon demo/Page_CURA Healthcare Service/button_Login' is clicked on

29-01-2024T23:27:38 - [MESSAGE][PASSED] - Object: 'Object Repository/katalon demo/Page_CURA Healthcare Service/button_Login' is clicked on

29-01-2024T23:27:38 - [TEST_STEP][PASSED] - verifyTextPresent("Login failed!", false): Text 'Login failed!' is present on page 

29-01-2024T23:27:38 - [MESSAGE][PASSED] - Text 'Login failed!' is present on page 

29-01-2024T23:27:38 - [TEST_STEP][PASSED] - takeScreenshotAsCheckpoint("negatif 1 login katalon demo"): Taking screenshot successfully

29-01-2024T23:27:39 - [MESSAGE][INFO] - 0 hidden object(s)

29-01-2024T23:27:39 - [MESSAGE][PASSED] - Taking screenshot successfully
[[ATTACHMENT|keyes\keyes-negatif 1 login katalon demo.png]]

29-01-2024T23:27:39 - [TEST_STEP][PASSED] - click(findTestObject("Object Repository/katalon demo/Page_CURA Healthcare Service/button_Login")): Object: 'Object Repository/katalon demo/Page_CURA Healthcare Service/button_Login' is clicked on

29-01-2024T23:27:40 - [MESSAGE][PASSED] - Object: 'Object Repository/katalon demo/Page_CURA Healthcare Service/button_Login' is clicked on

29-01-2024T23:27:40 - [TEST_STEP][PASSED] - setText(findTestObject("katalon demo/Page_CURA Healthcare Service/input_username"), username2): Text 'bbbbb' is set on object 'Object Repository/katalon demo/Page_CURA Healthcare Service/input_username'

29-01-2024T23:27:41 - [MESSAGE][PASSED] - Text 'bbbbb' is set on object 'Object Repository/katalon demo/Page_CURA Healthcare Service/input_username'

29-01-2024T23:27:41 - [TEST_STEP][PASSED] - setText(findTestObject("katalon demo/Page_CURA Healthcare Service/input_password"), password2): Text 'bbbbbbbb' is set on object 'Object Repository/katalon demo/Page_CURA Healthcare Service/input_password'

29-01-2024T23:27:41 - [MESSAGE][PASSED] - Text 'bbbbbbbb' is set on object 'Object Repository/katalon demo/Page_CURA Healthcare Service/input_password'

29-01-2024T23:27:41 - [TEST_STEP][PASSED] - click(findTestObject("katalon demo/Page_CURA Healthcare Service/button_Login")): Object: 'Object Repository/katalon demo/Page_CURA Healthcare Service/button_Login' is clicked on

29-01-2024T23:27:42 - [MESSAGE][PASSED] - Object: 'Object Repository/katalon demo/Page_CURA Healthcare Service/button_Login' is clicked on

29-01-2024T23:27:42 - [TEST_STEP][PASSED] - verifyTextPresent("Login failed!", false): Text 'Login failed!' is present on page 

29-01-2024T23:27:43 - [MESSAGE][PASSED] - Text 'Login failed!' is present on page 

29-01-2024T23:27:43 - [TEST_STEP][PASSED] - takeScreenshotAsCheckpoint("negatif 2 login katalon demo"): Taking screenshot successfully

29-01-2024T23:27:43 - [MESSAGE][INFO] - 0 hidden object(s)

29-01-2024T23:27:43 - [MESSAGE][PASSED] - Taking screenshot successfully
[[ATTACHMENT|keyes\keyes-negatif 2 login katalon demo.png]]]]></system-out>
         <system-err><![CDATA[]]></system-err>
      </testcase>
      <system-out><![CDATA[29-01-2024T23:25:31 - [TEST_SUITE][PASSED] - katalon demo: Test Cases/Katalon Demo/negatif login katalon demo]]></system-out>
      <system-err><![CDATA[]]></system-err>
   </testsuite>
   <testsuite name="katalon demo" tests="8" failures="0" errors="0" time="124.903" skipped="0" timestamp="29-01-2024T23:27:50" hostname="0517 - Pierrot" id="Test Suites/katalon demo">
      <properties>
         <property name="deviceName" value=""/>
         <property name="devicePlatform" value=""/>
         <property name="logFolder" value="C:\\Users\\0517\\Katalon Studio\\poc bni\\Reports\\20240129_231002\\katalon demo\\20240129_231052"/>
         <property name="logFiles" value="C:\\Users\\0517\\Katalon Studio\\poc bni\\Reports\\20240129_231002\\katalon demo\\20240129_231052\\execution0.log"/>
         <property name="attachments" value="keyes\keyes-login katalon demo.png, keyes\keyes-appointment katalon demo.png, keyes\keyes-appointment 1 katalon demo.png, keyes\keyes-appointment 2 katalon demo.png, keyes\keyes-history katalon demo.png, keyes\keyes-profile katalon demo.png, keyes\keyes-logout katalon demo.png, keyes\keyes-negatif 1 login katalon demo.png, keyes\keyes-negatif 2 login katalon demo.png"/>
         <property name="hostName" value="0517 - Pierrot"/>
         <property name="os" value="Windows 10 64bit"/>
         <property name="katalonVersion" value="9.2.0.212"/>
         <property name="browser" value="Chrome 121.0.0.0"/>
         <property name="hostAddress" value="192.168.96.2"/>
         <property name="sessionId" value="96aec75512057db1d80c2d65a8d07a8f"/>
         <property name="seleniumVersion" value="3.141.59"/>
         <property name="proxyInformation" value="ProxyInformation { proxyOption=NO_PROXY, proxyServerType=HTTP, username=, password=********, proxyServerAddress=, proxyServerPort=0, executionList=&quot;&quot;, isApplyToDesiredCapabilities=true }"/>
         <property name="platform" value="Windows 10"/>
      </properties>
      <testcase name="Test Cases/Katalon Demo/login katalon demo" time="14.652" classname="Test Cases/Katalon Demo/login katalon demo" status="PASSED">
         <system-out><![CDATA[29-01-2024T23:27:50 - [TEST_CASE][PASSED] - Test Cases/Katalon Demo/login katalon demo: Test Cases/Katalon Demo/login katalon demo

29-01-2024T23:27:51 - [TEST_STEP][PASSED] - openBrowser(""): Browser is opened with url: ''

29-01-2024T23:27:51 - [MESSAGE][INFO] - Starting 'Chrome' driver

29-01-2024T23:27:51 - [MESSAGE][INFO] - Action delay is set to 0 milliseconds

29-01-2024T23:27:53 - [MESSAGE][PASSED] - Browser is opened with url: ''

29-01-2024T23:27:53 - [TEST_STEP][PASSED] - navigateToUrl("https://katalon-demo-cura.herokuapp.com/"): Navigate to 'https://katalon-demo-cura.herokuapp.com/' successfully

29-01-2024T23:28:01 - [MESSAGE][PASSED] - Navigate to 'https://katalon-demo-cura.herokuapp.com/' successfully

29-01-2024T23:28:01 - [TEST_STEP][PASSED] - click(findTestObject("Object Repository/katalon demo/Page_CURA Healthcare Service/amenu-toggle")): Object: 'Object Repository/katalon demo/Page_CURA Healthcare Service/amenu-toggle' is clicked on

29-01-2024T23:28:01 - [MESSAGE][PASSED] - Object: 'Object Repository/katalon demo/Page_CURA Healthcare Service/amenu-toggle' is clicked on

29-01-2024T23:28:01 - [TEST_STEP][PASSED] - click(findTestObject("Object Repository/katalon demo/Page_CURA Healthcare Service/a_Login")): Object: 'Object Repository/katalon demo/Page_CURA Healthcare Service/a_Login' is clicked on

29-01-2024T23:28:02 - [MESSAGE][PASSED] - Object: 'Object Repository/katalon demo/Page_CURA Healthcare Service/a_Login' is clicked on

29-01-2024T23:28:02 - [TEST_STEP][PASSED] - setText(findTestObject("Object Repository/katalon demo/Page_CURA Healthcare Service/input_username"), "John Doe"): Text 'John Doe' is set on object 'Object Repository/katalon demo/Page_CURA Healthcare Service/input_username'

29-01-2024T23:28:03 - [MESSAGE][PASSED] - Text 'John Doe' is set on object 'Object Repository/katalon demo/Page_CURA Healthcare Service/input_username'

29-01-2024T23:28:03 - [TEST_STEP][PASSED] - setEncryptedText(findTestObject("Object Repository/katalon demo/Page_CURA Healthcare Service/input_password"), "g3/DOGG74jC3Flrr3yH+3D/yKbOqqUNM"): Text ****** has been set on object 'Object Repository/katalon demo/Page_CURA Healthcare Service/input_password'

29-01-2024T23:28:03 - [MESSAGE][PASSED] - Text ****** has been set on object 'Object Repository/katalon demo/Page_CURA Healthcare Service/input_password'

29-01-2024T23:28:03 - [TEST_STEP][PASSED] - takeScreenshotAsCheckpoint("login katalon demo", STOP_ON_FAILURE): Taking screenshot successfully

29-01-2024T23:28:04 - [MESSAGE][INFO] - 0 hidden object(s)

29-01-2024T23:28:04 - [MESSAGE][PASSED] - Taking screenshot successfully
[[ATTACHMENT|keyes\keyes-login katalon demo.png]]

29-01-2024T23:28:04 - [TEST_STEP][PASSED] - click(findTestObject("Object Repository/katalon demo/Page_CURA Healthcare Service/button_Login")): Object: 'Object Repository/katalon demo/Page_CURA Healthcare Service/button_Login' is clicked on

29-01-2024T23:28:05 - [MESSAGE][PASSED] - Object: 'Object Repository/katalon demo/Page_CURA Healthcare Service/button_Login' is clicked on]]></system-out>
         <system-err><![CDATA[]]></system-err>
      </testcase>
      <testcase name="Test Cases/Katalon Demo/make appointment katalon demo" time="6.084" classname="Test Cases/Katalon Demo/make appointment katalon demo" status="PASSED">
         <system-out><![CDATA[29-01-2024T23:28:05 - [TEST_CASE][PASSED] - Test Cases/Katalon Demo/make appointment katalon demo: Test Cases/Katalon Demo/make appointment katalon demo

29-01-2024T23:28:05 - [TEST_STEP][PASSED] - selectOptionByValue(findTestObject("Object Repository/katalon demo/Page_CURA Healthcare Service/select_Tokyo"), "Hongkong CURA Healthcare Center", true): All options with value 'Hongkong CURA Healthcare Center' are selected in object 'Object Repository/katalon demo/Page_CURA Healthcare Service/select_Tokyo'  using regular expression

29-01-2024T23:28:06 - [MESSAGE][PASSED] - All options with value 'Hongkong CURA Healthcare Center' are selected in object 'Object Repository/katalon demo/Page_CURA Healthcare Service/select_Tokyo'  using regular expression

29-01-2024T23:28:06 - [TEST_STEP][PASSED] - click(findTestObject("Object Repository/katalon demo/Page_CURA Healthcare Service/label_Apply for hospital readmission")): Object: 'Object Repository/katalon demo/Page_CURA Healthcare Service/label_Apply for hospital readmission' is clicked on

29-01-2024T23:28:07 - [MESSAGE][PASSED] - Object: 'Object Repository/katalon demo/Page_CURA Healthcare Service/label_Apply for hospital readmission' is clicked on

29-01-2024T23:28:07 - [TEST_STEP][PASSED] - click(findTestObject("Object Repository/katalon demo/Page_CURA Healthcare Service/input_programs")): Object: 'Object Repository/katalon demo/Page_CURA Healthcare Service/input_programs' is clicked on

29-01-2024T23:28:07 - [MESSAGE][PASSED] - Object: 'Object Repository/katalon demo/Page_CURA Healthcare Service/input_programs' is clicked on

29-01-2024T23:28:07 - [TEST_STEP][PASSED] - click(findTestObject("Object Repository/katalon demo/Page_CURA Healthcare Service/span_glyphicon glyphicon-calendar")): Object: 'Object Repository/katalon demo/Page_CURA Healthcare Service/span_glyphicon glyphicon-calendar' is clicked on

29-01-2024T23:28:07 - [MESSAGE][PASSED] - Object: 'Object Repository/katalon demo/Page_CURA Healthcare Service/span_glyphicon glyphicon-calendar' is clicked on

29-01-2024T23:28:07 - [TEST_STEP][PASSED] - click(findTestObject("Object Repository/katalon demo/Page_CURA Healthcare Service/td_31")): Object: 'Object Repository/katalon demo/Page_CURA Healthcare Service/td_31' is clicked on

29-01-2024T23:28:08 - [MESSAGE][PASSED] - Object: 'Object Repository/katalon demo/Page_CURA Healthcare Service/td_31' is clicked on

29-01-2024T23:28:08 - [TEST_STEP][PASSED] - setText(findTestObject("Object Repository/katalon demo/Page_CURA Healthcare Service/textarea_comment"), "tes katalon demo"): Text 'tes katalon demo' is set on object 'Object Repository/katalon demo/Page_CURA Healthcare Service/textarea_comment'

29-01-2024T23:28:09 - [MESSAGE][PASSED] - Text 'tes katalon demo' is set on object 'Object Repository/katalon demo/Page_CURA Healthcare Service/textarea_comment'

29-01-2024T23:28:09 - [TEST_STEP][PASSED] - click(findTestObject("Object Repository/katalon demo/Page_CURA Healthcare Service/button_Book Appointment")): Object: 'Object Repository/katalon demo/Page_CURA Healthcare Service/button_Book Appointment' is clicked on

29-01-2024T23:28:09 - [MESSAGE][PASSED] - Object: 'Object Repository/katalon demo/Page_CURA Healthcare Service/button_Book Appointment' is clicked on

29-01-2024T23:28:09 - [TEST_STEP][PASSED] - verifyTextPresent("Appointment Confirmation", false): Text 'Appointment Confirmation' is present on page 

29-01-2024T23:28:10 - [MESSAGE][PASSED] - Text 'Appointment Confirmation' is present on page 

29-01-2024T23:28:10 - [TEST_STEP][PASSED] - takeScreenshotAsCheckpoint("appointment katalon demo"): Taking screenshot successfully

29-01-2024T23:28:10 - [MESSAGE][INFO] - 0 hidden object(s)

29-01-2024T23:28:10 - [MESSAGE][PASSED] - Taking screenshot successfully
[[ATTACHMENT|keyes\keyes-appointment katalon demo.png]]

29-01-2024T23:28:10 - [TEST_STEP][PASSED] - click(findTestObject("Object Repository/katalon demo/Page_CURA Healthcare Service/a_Go to Homepage")): Object: 'Object Repository/katalon demo/Page_CURA Healthcare Service/a_Go to Homepage' is clicked on

29-01-2024T23:28:11 - [MESSAGE][PASSED] - Object: 'Object Repository/katalon demo/Page_CURA Healthcare Service/a_Go to Homepage' is clicked on]]></system-out>
         <system-err><![CDATA[]]></system-err>
      </testcase>
      <testcase name="Test Cases/Katalon Demo/make appointment katalon demo 1" time="5.856" classname="Test Cases/Katalon Demo/make appointment katalon demo 1" status="PASSED">
         <system-out><![CDATA[29-01-2024T23:28:11 - [TEST_CASE][PASSED] - Test Cases/Katalon Demo/make appointment katalon demo 1: Test Cases/Katalon Demo/make appointment katalon demo 1

29-01-2024T23:28:11 - [TEST_STEP][PASSED] - selectOptionByValue(findTestObject("Object Repository/katalon demo/Page_CURA Healthcare Service/select_Tokyo"), "Seoul CURA Healthcare Center", true): All options with value 'Seoul CURA Healthcare Center' are selected in object 'Object Repository/katalon demo/Page_CURA Healthcare Service/select_Tokyo'  using regular expression

29-01-2024T23:28:12 - [MESSAGE][PASSED] - All options with value 'Seoul CURA Healthcare Center' are selected in object 'Object Repository/katalon demo/Page_CURA Healthcare Service/select_Tokyo'  using regular expression

29-01-2024T23:28:12 - [TEST_STEP][PASSED] - click(findTestObject("Object Repository/katalon demo/Page_CURA Healthcare Service/input_hospital_readmission")): Object: 'Object Repository/katalon demo/Page_CURA Healthcare Service/input_hospital_readmission' is clicked on

29-01-2024T23:28:13 - [MESSAGE][PASSED] - Object: 'Object Repository/katalon demo/Page_CURA Healthcare Service/input_hospital_readmission' is clicked on

29-01-2024T23:28:13 - [TEST_STEP][PASSED] - click(findTestObject("Object Repository/katalon demo/Page_CURA Healthcare Service/input_programs")): Object: 'Object Repository/katalon demo/Page_CURA Healthcare Service/input_programs' is clicked on

29-01-2024T23:28:13 - [MESSAGE][PASSED] - Object: 'Object Repository/katalon demo/Page_CURA Healthcare Service/input_programs' is clicked on

29-01-2024T23:28:13 - [TEST_STEP][PASSED] - click(findTestObject("Object Repository/katalon demo/Page_CURA Healthcare Service/span_glyphicon glyphicon-calendar")): Object: 'Object Repository/katalon demo/Page_CURA Healthcare Service/span_glyphicon glyphicon-calendar' is clicked on

29-01-2024T23:28:13 - [MESSAGE][PASSED] - Object: 'Object Repository/katalon demo/Page_CURA Healthcare Service/span_glyphicon glyphicon-calendar' is clicked on

29-01-2024T23:28:13 - [TEST_STEP][PASSED] - click(findTestObject("Object Repository/katalon demo/Page_CURA Healthcare Service/td_30")): Object: 'Object Repository/katalon demo/Page_CURA Healthcare Service/td_30' is clicked on

29-01-2024T23:28:14 - [MESSAGE][PASSED] - Object: 'Object Repository/katalon demo/Page_CURA Healthcare Service/td_30' is clicked on

29-01-2024T23:28:14 - [TEST_STEP][PASSED] - setText(findTestObject("Object Repository/katalon demo/Page_CURA Healthcare Service/textarea_comment"), "tes katalon"): Text 'tes katalon' is set on object 'Object Repository/katalon demo/Page_CURA Healthcare Service/textarea_comment'

29-01-2024T23:28:15 - [MESSAGE][PASSED] - Text 'tes katalon' is set on object 'Object Repository/katalon demo/Page_CURA Healthcare Service/textarea_comment'

29-01-2024T23:28:15 - [TEST_STEP][PASSED] - click(findTestObject("Object Repository/katalon demo/Page_CURA Healthcare Service/button_Book Appointment")): Object: 'Object Repository/katalon demo/Page_CURA Healthcare Service/button_Book Appointment' is clicked on

29-01-2024T23:28:15 - [MESSAGE][PASSED] - Object: 'Object Repository/katalon demo/Page_CURA Healthcare Service/button_Book Appointment' is clicked on

29-01-2024T23:28:15 - [TEST_STEP][PASSED] - verifyTextPresent("Appointment Confirmation", false): Text 'Appointment Confirmation' is present on page 

29-01-2024T23:28:16 - [MESSAGE][PASSED] - Text 'Appointment Confirmation' is present on page 

29-01-2024T23:28:16 - [TEST_STEP][PASSED] - takeScreenshotAsCheckpoint("appointment 1 katalon demo"): Taking screenshot successfully

29-01-2024T23:28:16 - [MESSAGE][INFO] - 0 hidden object(s)

29-01-2024T23:28:16 - [MESSAGE][PASSED] - Taking screenshot successfully
[[ATTACHMENT|keyes\keyes-appointment 1 katalon demo.png]]

29-01-2024T23:28:16 - [TEST_STEP][PASSED] - click(findTestObject("Object Repository/katalon demo/Page_CURA Healthcare Service/a_Go to Homepage")): Object: 'Object Repository/katalon demo/Page_CURA Healthcare Service/a_Go to Homepage' is clicked on

29-01-2024T23:28:17 - [MESSAGE][PASSED] - Object: 'Object Repository/katalon demo/Page_CURA Healthcare Service/a_Go to Homepage' is clicked on]]></system-out>
         <system-err><![CDATA[]]></system-err>
      </testcase>
      <testcase name="Test Cases/Katalon Demo/make appointment katalon demo 2" time="5.173" classname="Test Cases/Katalon Demo/make appointment katalon demo 2" status="PASSED">
         <system-out><![CDATA[29-01-2024T23:28:17 - [TEST_CASE][PASSED] - Test Cases/Katalon Demo/make appointment katalon demo 2: Test Cases/Katalon Demo/make appointment katalon demo 2

29-01-2024T23:28:17 - [TEST_STEP][PASSED] - click(findTestObject("Object Repository/katalon demo/Page_CURA Healthcare Service/label_Apply for hospital readmission")): Object: 'Object Repository/katalon demo/Page_CURA Healthcare Service/label_Apply for hospital readmission' is clicked on

29-01-2024T23:28:17 - [MESSAGE][PASSED] - Object: 'Object Repository/katalon demo/Page_CURA Healthcare Service/label_Apply for hospital readmission' is clicked on

29-01-2024T23:28:17 - [TEST_STEP][PASSED] - click(findTestObject("Object Repository/katalon demo/Page_CURA Healthcare Service/input_programs")): Object: 'Object Repository/katalon demo/Page_CURA Healthcare Service/input_programs' is clicked on

29-01-2024T23:28:18 - [MESSAGE][PASSED] - Object: 'Object Repository/katalon demo/Page_CURA Healthcare Service/input_programs' is clicked on

29-01-2024T23:28:18 - [TEST_STEP][PASSED] - click(findTestObject("Object Repository/katalon demo/Page_CURA Healthcare Service/input_visit_date")): Object: 'Object Repository/katalon demo/Page_CURA Healthcare Service/input_visit_date' is clicked on

29-01-2024T23:28:18 - [MESSAGE][PASSED] - Object: 'Object Repository/katalon demo/Page_CURA Healthcare Service/input_visit_date' is clicked on

29-01-2024T23:28:18 - [TEST_STEP][PASSED] - click(findTestObject("Object Repository/katalon demo/Page_CURA Healthcare Service/th_")): Object: 'Object Repository/katalon demo/Page_CURA Healthcare Service/th_' is clicked on

29-01-2024T23:28:19 - [MESSAGE][PASSED] - Object: 'Object Repository/katalon demo/Page_CURA Healthcare Service/th_' is clicked on

29-01-2024T23:28:19 - [TEST_STEP][PASSED] - click(findTestObject("Object Repository/katalon demo/Page_CURA Healthcare Service/td_28")): Object: 'Object Repository/katalon demo/Page_CURA Healthcare Service/td_28' is clicked on

29-01-2024T23:28:19 - [MESSAGE][PASSED] - Object: 'Object Repository/katalon demo/Page_CURA Healthcare Service/td_28' is clicked on

29-01-2024T23:28:19 - [TEST_STEP][PASSED] - setText(findTestObject("Object Repository/katalon demo/Page_CURA Healthcare Service/textarea_comment"), "tes katalon"): Text 'tes katalon' is set on object 'Object Repository/katalon demo/Page_CURA Healthcare Service/textarea_comment'

29-01-2024T23:28:20 - [MESSAGE][PASSED] - Text 'tes katalon' is set on object 'Object Repository/katalon demo/Page_CURA Healthcare Service/textarea_comment'

29-01-2024T23:28:20 - [TEST_STEP][PASSED] - click(findTestObject("Object Repository/katalon demo/Page_CURA Healthcare Service/button_Book Appointment")): Object: 'Object Repository/katalon demo/Page_CURA Healthcare Service/button_Book Appointment' is clicked on

29-01-2024T23:28:21 - [MESSAGE][PASSED] - Object: 'Object Repository/katalon demo/Page_CURA Healthcare Service/button_Book Appointment' is clicked on

29-01-2024T23:28:21 - [TEST_STEP][PASSED] - verifyTextPresent("Appointment Confirmation", false): Text 'Appointment Confirmation' is present on page 

29-01-2024T23:28:21 - [MESSAGE][PASSED] - Text 'Appointment Confirmation' is present on page 

29-01-2024T23:28:21 - [TEST_STEP][PASSED] - takeScreenshotAsCheckpoint("appointment 2 katalon demo"): Taking screenshot successfully

29-01-2024T23:28:21 - [MESSAGE][INFO] - 0 hidden object(s)

29-01-2024T23:28:21 - [MESSAGE][PASSED] - Taking screenshot successfully
[[ATTACHMENT|keyes\keyes-appointment 2 katalon demo.png]]

29-01-2024T23:28:21 - [TEST_STEP][PASSED] - click(findTestObject("Object Repository/katalon demo/Page_CURA Healthcare Service/a_Go to Homepage")): Object: 'Object Repository/katalon demo/Page_CURA Healthcare Service/a_Go to Homepage' is clicked on

29-01-2024T23:28:22 - [MESSAGE][PASSED] - Object: 'Object Repository/katalon demo/Page_CURA Healthcare Service/a_Go to Homepage' is clicked on]]></system-out>
         <system-err><![CDATA[]]></system-err>
      </testcase>
      <testcase name="Test Cases/Katalon Demo/history katalon demo" time="68.629" classname="Test Cases/Katalon Demo/history katalon demo" status="PASSED">
         <system-out><![CDATA[29-01-2024T23:28:22 - [TEST_CASE][PASSED] - Test Cases/Katalon Demo/history katalon demo: Test Cases/Katalon Demo/history katalon demo

29-01-2024T23:28:22 - [TEST_STEP][PASSED] - click(findTestObject("Object Repository/katalon demo/Page_CURA Healthcare Service/amenu-toggle")): Object: 'Object Repository/katalon demo/Page_CURA Healthcare Service/amenu-toggle' is clicked on

29-01-2024T23:28:23 - [MESSAGE][PASSED] - Object: 'Object Repository/katalon demo/Page_CURA Healthcare Service/amenu-toggle' is clicked on

29-01-2024T23:28:23 - [TEST_STEP][PASSED] - click(findTestObject("Object Repository/katalon demo/Page_CURA Healthcare Service/a_History")): Object: 'Object Repository/katalon demo/Page_CURA Healthcare Service/a_History' is clicked on

29-01-2024T23:28:24 - [MESSAGE][PASSED] - Object: 'Object Repository/katalon demo/Page_CURA Healthcare Service/a_History' is clicked on

29-01-2024T23:28:24 - [TEST_STEP][PASSED] - takeScreenshotAsCheckpoint("history katalon demo"): Taking screenshot successfully

29-01-2024T23:28:24 - [MESSAGE][INFO] - 0 hidden object(s)

29-01-2024T23:28:24 - [MESSAGE][PASSED] - Taking screenshot successfully
[[ATTACHMENT|keyes\keyes-history katalon demo.png]]

29-01-2024T23:28:24 - [TEST_STEP][PASSED] - scrollToElement(findTestObject("katalon demo/Page_CURA Healthcare Service/a_Go to Homepage"), 3): Scroll to object 'Object Repository/katalon demo/Page_CURA Healthcare Service/a_Go to Homepage' successfully

29-01-2024T23:28:55 - [MESSAGE][INFO] - Unable to find the element located by 'By.xpath: //section[@id='summary']/div/div/div[7]/p/a'. Please recheck the objects properties to make sure the desired element is located. 

29-01-2024T23:28:55 - [MESSAGE][WARNING] - [SELF-HEALING] Failed to find element with id 'Object Repository/katalon demo/Page_CURA Healthcare Service/a_Go to Homepage'. Try using Self-healing.

29-01-2024T23:28:56 - [MESSAGE][WARNING] - [SELF-HEALING] The current locator of test object 'Object Repository/katalon demo/Page_CURA Healthcare Service/a_Go to Homepage' was broken. Propose an alternative one: '//a[contains(text(),'Go to Homepage')]'.

29-01-2024T23:28:56 - [MESSAGE][PASSED] - Scroll to object 'Object Repository/katalon demo/Page_CURA Healthcare Service/a_Go to Homepage' successfully

29-01-2024T23:28:56 - [TEST_STEP][PASSED] - click(findTestObject("Object Repository/katalon demo/Page_CURA Healthcare Service/a_Go to Homepage")): Object: 'Object Repository/katalon demo/Page_CURA Healthcare Service/a_Go to Homepage' is clicked on

29-01-2024T23:29:27 - [MESSAGE][INFO] - Unable to find the element located by 'By.xpath: //section[@id='summary']/div/div/div[7]/p/a'. Please recheck the objects properties to make sure the desired element is located. 

29-01-2024T23:29:27 - [MESSAGE][WARNING] - [SELF-HEALING] Failed to find element with id 'Object Repository/katalon demo/Page_CURA Healthcare Service/a_Go to Homepage'. Try using Self-healing.

29-01-2024T23:29:27 - [MESSAGE][WARNING] - [SELF-HEALING] The current locator of test object 'Object Repository/katalon demo/Page_CURA Healthcare Service/a_Go to Homepage' was broken. Propose an alternative one: '//a[contains(text(),'Go to Homepage')]'.

29-01-2024T23:29:31 - [MESSAGE][PASSED] - Object: 'Object Repository/katalon demo/Page_CURA Healthcare Service/a_Go to Homepage' is clicked on]]></system-out>
         <system-err><![CDATA[]]></system-err>
      </testcase>
      <testcase name="Test Cases/Katalon Demo/profile katalon demo" time="3.165" classname="Test Cases/Katalon Demo/profile katalon demo" status="PASSED">
         <system-out><![CDATA[29-01-2024T23:29:31 - [TEST_CASE][PASSED] - Test Cases/Katalon Demo/profile katalon demo: Test Cases/Katalon Demo/profile katalon demo

29-01-2024T23:29:31 - [TEST_STEP][PASSED] - click(findTestObject("Object Repository/katalon demo/Page_CURA Healthcare Service/i_fa fa-bars")): Object: 'Object Repository/katalon demo/Page_CURA Healthcare Service/i_fa fa-bars' is clicked on

29-01-2024T23:29:31 - [MESSAGE][PASSED] - Object: 'Object Repository/katalon demo/Page_CURA Healthcare Service/i_fa fa-bars' is clicked on

29-01-2024T23:29:31 - [TEST_STEP][PASSED] - click(findTestObject("Object Repository/katalon demo/Page_CURA Healthcare Service/a_Profile")): Object: 'Object Repository/katalon demo/Page_CURA Healthcare Service/a_Profile' is clicked on

29-01-2024T23:29:32 - [MESSAGE][PASSED] - Object: 'Object Repository/katalon demo/Page_CURA Healthcare Service/a_Profile' is clicked on

29-01-2024T23:29:32 - [TEST_STEP][PASSED] - takeScreenshotAsCheckpoint("profile katalon demo"): Taking screenshot successfully

29-01-2024T23:29:33 - [MESSAGE][INFO] - 0 hidden object(s)

29-01-2024T23:29:33 - [MESSAGE][PASSED] - Taking screenshot successfully
[[ATTACHMENT|keyes\keyes-profile katalon demo.png]]

29-01-2024T23:29:33 - [TEST_STEP][PASSED] - click(findTestObject("Object Repository/katalon demo/Page_CURA Healthcare Service/i_fa fa-bars")): Object: 'Object Repository/katalon demo/Page_CURA Healthcare Service/i_fa fa-bars' is clicked on

29-01-2024T23:29:33 - [MESSAGE][PASSED] - Object: 'Object Repository/katalon demo/Page_CURA Healthcare Service/i_fa fa-bars' is clicked on

29-01-2024T23:29:33 - [TEST_STEP][PASSED] - click(findTestObject("Object Repository/katalon demo/Page_CURA Healthcare Service/a_Home")): Object: 'Object Repository/katalon demo/Page_CURA Healthcare Service/a_Home' is clicked on

29-01-2024T23:29:34 - [MESSAGE][PASSED] - Object: 'Object Repository/katalon demo/Page_CURA Healthcare Service/a_Home' is clicked on]]></system-out>
         <system-err><![CDATA[]]></system-err>
      </testcase>
      <testcase name="Test Cases/Katalon Demo/logout katalon demo" time="2.581" classname="Test Cases/Katalon Demo/logout katalon demo" status="PASSED">
         <system-out><![CDATA[29-01-2024T23:29:34 - [TEST_CASE][PASSED] - Test Cases/Katalon Demo/logout katalon demo: Test Cases/Katalon Demo/logout katalon demo

29-01-2024T23:29:34 - [TEST_STEP][PASSED] - click(findTestObject("Object Repository/katalon demo/Page_CURA Healthcare Service/i_fa fa-bars")): Object: 'Object Repository/katalon demo/Page_CURA Healthcare Service/i_fa fa-bars' is clicked on

29-01-2024T23:29:34 - [MESSAGE][PASSED] - Object: 'Object Repository/katalon demo/Page_CURA Healthcare Service/i_fa fa-bars' is clicked on

29-01-2024T23:29:34 - [TEST_STEP][PASSED] - takeScreenshotAsCheckpoint("logout katalon demo"): Taking screenshot successfully

29-01-2024T23:29:35 - [MESSAGE][INFO] - 0 hidden object(s)

29-01-2024T23:29:35 - [MESSAGE][PASSED] - Taking screenshot successfully
[[ATTACHMENT|keyes\keyes-logout katalon demo.png]]

29-01-2024T23:29:35 - [TEST_STEP][PASSED] - click(findTestObject("Object Repository/katalon demo/Page_CURA Healthcare Service/a_Logout")): Object: 'Object Repository/katalon demo/Page_CURA Healthcare Service/a_Logout' is clicked on

29-01-2024T23:29:36 - [MESSAGE][PASSED] - Object: 'Object Repository/katalon demo/Page_CURA Healthcare Service/a_Logout' is clicked on

29-01-2024T23:29:36 - [TEST_STEP][PASSED] - closeBrowser(): Browser is closed

29-01-2024T23:29:37 - [MESSAGE][PASSED] - Browser is closed]]></system-out>
         <system-err><![CDATA[]]></system-err>
      </testcase>
      <testcase name="Test Cases/Katalon Demo/negatif login katalon demo" time="18.452" classname="Test Cases/Katalon Demo/negatif login katalon demo" status="PASSED">
         <system-out><![CDATA[29-01-2024T23:29:37 - [TEST_CASE][PASSED] - Test Cases/Katalon Demo/negatif login katalon demo: Test Cases/Katalon Demo/negatif login katalon demo

29-01-2024T23:29:37 - [TEST_STEP][PASSED] - openBrowser(""): Browser is opened with url: ''

29-01-2024T23:29:37 - [MESSAGE][INFO] - Starting 'Chrome' driver

29-01-2024T23:29:37 - [MESSAGE][INFO] - Action delay is set to 0 milliseconds

29-01-2024T23:29:38 - [MESSAGE][PASSED] - Browser is opened with url: ''

29-01-2024T23:29:38 - [TEST_STEP][PASSED] - navigateToUrl("https://katalon-demo-cura.herokuapp.com/"): Navigate to 'https://katalon-demo-cura.herokuapp.com/' successfully

29-01-2024T23:29:46 - [MESSAGE][PASSED] - Navigate to 'https://katalon-demo-cura.herokuapp.com/' successfully

29-01-2024T23:29:46 - [TEST_STEP][PASSED] - click(findTestObject("Object Repository/katalon demo/Page_CURA Healthcare Service/amenu-toggle")): Object: 'Object Repository/katalon demo/Page_CURA Healthcare Service/amenu-toggle' is clicked on

29-01-2024T23:29:47 - [MESSAGE][PASSED] - Object: 'Object Repository/katalon demo/Page_CURA Healthcare Service/amenu-toggle' is clicked on

29-01-2024T23:29:47 - [TEST_STEP][PASSED] - click(findTestObject("Object Repository/katalon demo/Page_CURA Healthcare Service/a_Login")): Object: 'Object Repository/katalon demo/Page_CURA Healthcare Service/a_Login' is clicked on

29-01-2024T23:29:48 - [MESSAGE][PASSED] - Object: 'Object Repository/katalon demo/Page_CURA Healthcare Service/a_Login' is clicked on

29-01-2024T23:29:48 - [TEST_STEP][PASSED] - setText(findTestObject("Object Repository/katalon demo/Page_CURA Healthcare Service/input_username"), username1): Text 'aaaaa' is set on object 'Object Repository/katalon demo/Page_CURA Healthcare Service/input_username'

29-01-2024T23:29:48 - [MESSAGE][PASSED] - Text 'aaaaa' is set on object 'Object Repository/katalon demo/Page_CURA Healthcare Service/input_username'

29-01-2024T23:29:48 - [TEST_STEP][PASSED] - setText(findTestObject("Object Repository/katalon demo/Page_CURA Healthcare Service/input_password"), password1): Text 'aaaaaaaa' is set on object 'Object Repository/katalon demo/Page_CURA Healthcare Service/input_password'

29-01-2024T23:29:49 - [MESSAGE][PASSED] - Text 'aaaaaaaa' is set on object 'Object Repository/katalon demo/Page_CURA Healthcare Service/input_password'

29-01-2024T23:29:49 - [TEST_STEP][PASSED] - click(findTestObject("katalon demo/Page_CURA Healthcare Service/button_Login")): Object: 'Object Repository/katalon demo/Page_CURA Healthcare Service/button_Login' is clicked on

29-01-2024T23:29:50 - [MESSAGE][PASSED] - Object: 'Object Repository/katalon demo/Page_CURA Healthcare Service/button_Login' is clicked on

29-01-2024T23:29:50 - [TEST_STEP][PASSED] - verifyTextPresent("Login failed!", false): Text 'Login failed!' is present on page 

29-01-2024T23:29:50 - [MESSAGE][PASSED] - Text 'Login failed!' is present on page 

29-01-2024T23:29:50 - [TEST_STEP][PASSED] - takeScreenshotAsCheckpoint("negatif 1 login katalon demo"): Taking screenshot successfully

29-01-2024T23:29:51 - [MESSAGE][INFO] - 0 hidden object(s)

29-01-2024T23:29:51 - [MESSAGE][PASSED] - Taking screenshot successfully
[[ATTACHMENT|keyes\keyes-negatif 1 login katalon demo.png]]

29-01-2024T23:29:51 - [TEST_STEP][PASSED] - click(findTestObject("Object Repository/katalon demo/Page_CURA Healthcare Service/button_Login")): Object: 'Object Repository/katalon demo/Page_CURA Healthcare Service/button_Login' is clicked on

29-01-2024T23:29:52 - [MESSAGE][PASSED] - Object: 'Object Repository/katalon demo/Page_CURA Healthcare Service/button_Login' is clicked on

29-01-2024T23:29:52 - [TEST_STEP][PASSED] - setText(findTestObject("katalon demo/Page_CURA Healthcare Service/input_username"), username2): Text 'bbbbb' is set on object 'Object Repository/katalon demo/Page_CURA Healthcare Service/input_username'

29-01-2024T23:29:53 - [MESSAGE][PASSED] - Text 'bbbbb' is set on object 'Object Repository/katalon demo/Page_CURA Healthcare Service/input_username'

29-01-2024T23:29:53 - [TEST_STEP][PASSED] - setText(findTestObject("katalon demo/Page_CURA Healthcare Service/input_password"), password2): Text 'bbbbbbbb' is set on object 'Object Repository/katalon demo/Page_CURA Healthcare Service/input_password'

29-01-2024T23:29:53 - [MESSAGE][PASSED] - Text 'bbbbbbbb' is set on object 'Object Repository/katalon demo/Page_CURA Healthcare Service/input_password'

29-01-2024T23:29:53 - [TEST_STEP][PASSED] - click(findTestObject("katalon demo/Page_CURA Healthcare Service/button_Login")): Object: 'Object Repository/katalon demo/Page_CURA Healthcare Service/button_Login' is clicked on

29-01-2024T23:29:54 - [MESSAGE][PASSED] - Object: 'Object Repository/katalon demo/Page_CURA Healthcare Service/button_Login' is clicked on

29-01-2024T23:29:54 - [TEST_STEP][PASSED] - verifyTextPresent("Login failed!", false): Text 'Login failed!' is present on page 

29-01-2024T23:29:55 - [MESSAGE][PASSED] - Text 'Login failed!' is present on page 

29-01-2024T23:29:55 - [TEST_STEP][PASSED] - takeScreenshotAsCheckpoint("negatif 2 login katalon demo"): Taking screenshot successfully

29-01-2024T23:29:55 - [MESSAGE][INFO] - 0 hidden object(s)

29-01-2024T23:29:55 - [MESSAGE][PASSED] - Taking screenshot successfully
[[ATTACHMENT|keyes\keyes-negatif 2 login katalon demo.png]]]]></system-out>
         <system-err><![CDATA[]]></system-err>
      </testcase>
      <system-out><![CDATA[29-01-2024T23:27:50 - [TEST_SUITE][PASSED] - katalon demo: Test Cases/Katalon Demo/negatif login katalon demo]]></system-out>
      <system-err><![CDATA[]]></system-err>
   </testsuite>
   <testsuite name="katalon demo" tests="8" failures="0" errors="0" time="123.437" skipped="0" timestamp="29-01-2024T23:30:02" hostname="0517 - Pierrot" id="Test Suites/katalon demo">
      <properties>
         <property name="deviceName" value=""/>
         <property name="devicePlatform" value=""/>
         <property name="logFolder" value="C:\\Users\\0517\\Katalon Studio\\poc bni\\Reports\\20240129_231002\\katalon demo\\20240129_231058"/>
         <property name="logFiles" value="C:\\Users\\0517\\Katalon Studio\\poc bni\\Reports\\20240129_231002\\katalon demo\\20240129_231058\\execution0.log"/>
         <property name="attachments" value="keyes\keyes-login katalon demo.png, keyes\keyes-appointment katalon demo.png, keyes\keyes-appointment 1 katalon demo.png, keyes\keyes-appointment 2 katalon demo.png, keyes\keyes-history katalon demo.png, keyes\keyes-profile katalon demo.png, keyes\keyes-logout katalon demo.png, keyes\keyes-negatif 1 login katalon demo.png, keyes\keyes-negatif 2 login katalon demo.png"/>
         <property name="hostName" value="0517 - Pierrot"/>
         <property name="os" value="Windows 10 64bit"/>
         <property name="katalonVersion" value="9.2.0.212"/>
         <property name="browser" value="Chrome 121.0.0.0"/>
         <property name="hostAddress" value="192.168.96.2"/>
         <property name="sessionId" value="75b3a56f918ecf26aa18770036257759"/>
         <property name="seleniumVersion" value="3.141.59"/>
         <property name="proxyInformation" value="ProxyInformation { proxyOption=NO_PROXY, proxyServerType=HTTP, username=, password=********, proxyServerAddress=, proxyServerPort=0, executionList=&quot;&quot;, isApplyToDesiredCapabilities=true }"/>
         <property name="platform" value="Windows 10"/>
      </properties>
      <testcase name="Test Cases/Katalon Demo/login katalon demo" time="11.906" classname="Test Cases/Katalon Demo/login katalon demo" status="PASSED">
         <system-out><![CDATA[29-01-2024T23:30:03 - [TEST_CASE][PASSED] - Test Cases/Katalon Demo/login katalon demo: Test Cases/Katalon Demo/login katalon demo

29-01-2024T23:30:03 - [TEST_STEP][PASSED] - openBrowser(""): Browser is opened with url: ''

29-01-2024T23:30:04 - [MESSAGE][INFO] - Starting 'Chrome' driver

29-01-2024T23:30:04 - [MESSAGE][INFO] - Action delay is set to 0 milliseconds

29-01-2024T23:30:05 - [MESSAGE][PASSED] - Browser is opened with url: ''

29-01-2024T23:30:05 - [TEST_STEP][PASSED] - navigateToUrl("https://katalon-demo-cura.herokuapp.com/"): Navigate to 'https://katalon-demo-cura.herokuapp.com/' successfully

29-01-2024T23:30:10 - [MESSAGE][PASSED] - Navigate to 'https://katalon-demo-cura.herokuapp.com/' successfully

29-01-2024T23:30:10 - [TEST_STEP][PASSED] - click(findTestObject("Object Repository/katalon demo/Page_CURA Healthcare Service/amenu-toggle")): Object: 'Object Repository/katalon demo/Page_CURA Healthcare Service/amenu-toggle' is clicked on

29-01-2024T23:30:11 - [MESSAGE][PASSED] - Object: 'Object Repository/katalon demo/Page_CURA Healthcare Service/amenu-toggle' is clicked on

29-01-2024T23:30:11 - [TEST_STEP][PASSED] - click(findTestObject("Object Repository/katalon demo/Page_CURA Healthcare Service/a_Login")): Object: 'Object Repository/katalon demo/Page_CURA Healthcare Service/a_Login' is clicked on

29-01-2024T23:30:12 - [MESSAGE][PASSED] - Object: 'Object Repository/katalon demo/Page_CURA Healthcare Service/a_Login' is clicked on

29-01-2024T23:30:12 - [TEST_STEP][PASSED] - setText(findTestObject("Object Repository/katalon demo/Page_CURA Healthcare Service/input_username"), "John Doe"): Text 'John Doe' is set on object 'Object Repository/katalon demo/Page_CURA Healthcare Service/input_username'

29-01-2024T23:30:12 - [MESSAGE][PASSED] - Text 'John Doe' is set on object 'Object Repository/katalon demo/Page_CURA Healthcare Service/input_username'

29-01-2024T23:30:12 - [TEST_STEP][PASSED] - setEncryptedText(findTestObject("Object Repository/katalon demo/Page_CURA Healthcare Service/input_password"), "g3/DOGG74jC3Flrr3yH+3D/yKbOqqUNM"): Text ****** has been set on object 'Object Repository/katalon demo/Page_CURA Healthcare Service/input_password'

29-01-2024T23:30:13 - [MESSAGE][PASSED] - Text ****** has been set on object 'Object Repository/katalon demo/Page_CURA Healthcare Service/input_password'

29-01-2024T23:30:13 - [TEST_STEP][PASSED] - takeScreenshotAsCheckpoint("login katalon demo", STOP_ON_FAILURE): Taking screenshot successfully

29-01-2024T23:30:14 - [MESSAGE][INFO] - 0 hidden object(s)

29-01-2024T23:30:14 - [MESSAGE][PASSED] - Taking screenshot successfully
[[ATTACHMENT|keyes\keyes-login katalon demo.png]]

29-01-2024T23:30:14 - [TEST_STEP][PASSED] - click(findTestObject("Object Repository/katalon demo/Page_CURA Healthcare Service/button_Login")): Object: 'Object Repository/katalon demo/Page_CURA Healthcare Service/button_Login' is clicked on

29-01-2024T23:30:15 - [MESSAGE][PASSED] - Object: 'Object Repository/katalon demo/Page_CURA Healthcare Service/button_Login' is clicked on]]></system-out>
         <system-err><![CDATA[]]></system-err>
      </testcase>
      <testcase name="Test Cases/Katalon Demo/make appointment katalon demo" time="6.232" classname="Test Cases/Katalon Demo/make appointment katalon demo" status="PASSED">
         <system-out><![CDATA[29-01-2024T23:30:15 - [TEST_CASE][PASSED] - Test Cases/Katalon Demo/make appointment katalon demo: Test Cases/Katalon Demo/make appointment katalon demo

29-01-2024T23:30:15 - [TEST_STEP][PASSED] - selectOptionByValue(findTestObject("Object Repository/katalon demo/Page_CURA Healthcare Service/select_Tokyo"), "Hongkong CURA Healthcare Center", true): All options with value 'Hongkong CURA Healthcare Center' are selected in object 'Object Repository/katalon demo/Page_CURA Healthcare Service/select_Tokyo'  using regular expression

29-01-2024T23:30:16 - [MESSAGE][PASSED] - All options with value 'Hongkong CURA Healthcare Center' are selected in object 'Object Repository/katalon demo/Page_CURA Healthcare Service/select_Tokyo'  using regular expression

29-01-2024T23:30:16 - [TEST_STEP][PASSED] - click(findTestObject("Object Repository/katalon demo/Page_CURA Healthcare Service/label_Apply for hospital readmission")): Object: 'Object Repository/katalon demo/Page_CURA Healthcare Service/label_Apply for hospital readmission' is clicked on

29-01-2024T23:30:16 - [MESSAGE][PASSED] - Object: 'Object Repository/katalon demo/Page_CURA Healthcare Service/label_Apply for hospital readmission' is clicked on

29-01-2024T23:30:16 - [TEST_STEP][PASSED] - click(findTestObject("Object Repository/katalon demo/Page_CURA Healthcare Service/input_programs")): Object: 'Object Repository/katalon demo/Page_CURA Healthcare Service/input_programs' is clicked on

29-01-2024T23:30:17 - [MESSAGE][PASSED] - Object: 'Object Repository/katalon demo/Page_CURA Healthcare Service/input_programs' is clicked on

29-01-2024T23:30:17 - [TEST_STEP][PASSED] - click(findTestObject("Object Repository/katalon demo/Page_CURA Healthcare Service/span_glyphicon glyphicon-calendar")): Object: 'Object Repository/katalon demo/Page_CURA Healthcare Service/span_glyphicon glyphicon-calendar' is clicked on

29-01-2024T23:30:17 - [MESSAGE][PASSED] - Object: 'Object Repository/katalon demo/Page_CURA Healthcare Service/span_glyphicon glyphicon-calendar' is clicked on

29-01-2024T23:30:17 - [TEST_STEP][PASSED] - click(findTestObject("Object Repository/katalon demo/Page_CURA Healthcare Service/td_31")): Object: 'Object Repository/katalon demo/Page_CURA Healthcare Service/td_31' is clicked on

29-01-2024T23:30:18 - [MESSAGE][PASSED] - Object: 'Object Repository/katalon demo/Page_CURA Healthcare Service/td_31' is clicked on

29-01-2024T23:30:18 - [TEST_STEP][PASSED] - setText(findTestObject("Object Repository/katalon demo/Page_CURA Healthcare Service/textarea_comment"), "tes katalon demo"): Text 'tes katalon demo' is set on object 'Object Repository/katalon demo/Page_CURA Healthcare Service/textarea_comment'

29-01-2024T23:30:18 - [MESSAGE][PASSED] - Text 'tes katalon demo' is set on object 'Object Repository/katalon demo/Page_CURA Healthcare Service/textarea_comment'

29-01-2024T23:30:18 - [TEST_STEP][PASSED] - click(findTestObject("Object Repository/katalon demo/Page_CURA Healthcare Service/button_Book Appointment")): Object: 'Object Repository/katalon demo/Page_CURA Healthcare Service/button_Book Appointment' is clicked on

29-01-2024T23:30:19 - [MESSAGE][PASSED] - Object: 'Object Repository/katalon demo/Page_CURA Healthcare Service/button_Book Appointment' is clicked on

29-01-2024T23:30:19 - [TEST_STEP][PASSED] - verifyTextPresent("Appointment Confirmation", false): Text 'Appointment Confirmation' is present on page 

29-01-2024T23:30:20 - [MESSAGE][PASSED] - Text 'Appointment Confirmation' is present on page 

29-01-2024T23:30:20 - [TEST_STEP][PASSED] - takeScreenshotAsCheckpoint("appointment katalon demo"): Taking screenshot successfully

29-01-2024T23:30:20 - [MESSAGE][INFO] - 0 hidden object(s)

29-01-2024T23:30:20 - [MESSAGE][PASSED] - Taking screenshot successfully
[[ATTACHMENT|keyes\keyes-appointment katalon demo.png]]

29-01-2024T23:30:20 - [TEST_STEP][PASSED] - click(findTestObject("Object Repository/katalon demo/Page_CURA Healthcare Service/a_Go to Homepage")): Object: 'Object Repository/katalon demo/Page_CURA Healthcare Service/a_Go to Homepage' is clicked on

29-01-2024T23:30:21 - [MESSAGE][PASSED] - Object: 'Object Repository/katalon demo/Page_CURA Healthcare Service/a_Go to Homepage' is clicked on]]></system-out>
         <system-err><![CDATA[]]></system-err>
      </testcase>
      <testcase name="Test Cases/Katalon Demo/make appointment katalon demo 1" time="12.388" classname="Test Cases/Katalon Demo/make appointment katalon demo 1" status="PASSED">
         <system-out><![CDATA[29-01-2024T23:30:21 - [TEST_CASE][PASSED] - Test Cases/Katalon Demo/make appointment katalon demo 1: Test Cases/Katalon Demo/make appointment katalon demo 1

29-01-2024T23:30:21 - [TEST_STEP][PASSED] - selectOptionByValue(findTestObject("Object Repository/katalon demo/Page_CURA Healthcare Service/select_Tokyo"), "Seoul CURA Healthcare Center", true): All options with value 'Seoul CURA Healthcare Center' are selected in object 'Object Repository/katalon demo/Page_CURA Healthcare Service/select_Tokyo'  using regular expression

29-01-2024T23:30:22 - [MESSAGE][PASSED] - All options with value 'Seoul CURA Healthcare Center' are selected in object 'Object Repository/katalon demo/Page_CURA Healthcare Service/select_Tokyo'  using regular expression

29-01-2024T23:30:22 - [TEST_STEP][PASSED] - click(findTestObject("Object Repository/katalon demo/Page_CURA Healthcare Service/input_hospital_readmission")): Object: 'Object Repository/katalon demo/Page_CURA Healthcare Service/input_hospital_readmission' is clicked on

29-01-2024T23:30:22 - [MESSAGE][PASSED] - Object: 'Object Repository/katalon demo/Page_CURA Healthcare Service/input_hospital_readmission' is clicked on

29-01-2024T23:30:22 - [TEST_STEP][PASSED] - click(findTestObject("Object Repository/katalon demo/Page_CURA Healthcare Service/input_programs")): Object: 'Object Repository/katalon demo/Page_CURA Healthcare Service/input_programs' is clicked on

29-01-2024T23:30:27 - [MESSAGE][PASSED] - Object: 'Object Repository/katalon demo/Page_CURA Healthcare Service/input_programs' is clicked on

29-01-2024T23:30:27 - [TEST_STEP][PASSED] - click(findTestObject("Object Repository/katalon demo/Page_CURA Healthcare Service/span_glyphicon glyphicon-calendar")): Object: 'Object Repository/katalon demo/Page_CURA Healthcare Service/span_glyphicon glyphicon-calendar' is clicked on

29-01-2024T23:30:28 - [MESSAGE][PASSED] - Object: 'Object Repository/katalon demo/Page_CURA Healthcare Service/span_glyphicon glyphicon-calendar' is clicked on

29-01-2024T23:30:28 - [TEST_STEP][PASSED] - click(findTestObject("Object Repository/katalon demo/Page_CURA Healthcare Service/td_30")): Object: 'Object Repository/katalon demo/Page_CURA Healthcare Service/td_30' is clicked on

29-01-2024T23:30:28 - [MESSAGE][PASSED] - Object: 'Object Repository/katalon demo/Page_CURA Healthcare Service/td_30' is clicked on

29-01-2024T23:30:28 - [TEST_STEP][PASSED] - setText(findTestObject("Object Repository/katalon demo/Page_CURA Healthcare Service/textarea_comment"), "tes katalon"): Text 'tes katalon' is set on object 'Object Repository/katalon demo/Page_CURA Healthcare Service/textarea_comment'

29-01-2024T23:30:29 - [MESSAGE][PASSED] - Text 'tes katalon' is set on object 'Object Repository/katalon demo/Page_CURA Healthcare Service/textarea_comment'

29-01-2024T23:30:29 - [TEST_STEP][PASSED] - click(findTestObject("Object Repository/katalon demo/Page_CURA Healthcare Service/button_Book Appointment")): Object: 'Object Repository/katalon demo/Page_CURA Healthcare Service/button_Book Appointment' is clicked on

29-01-2024T23:30:30 - [MESSAGE][PASSED] - Object: 'Object Repository/katalon demo/Page_CURA Healthcare Service/button_Book Appointment' is clicked on

29-01-2024T23:30:30 - [TEST_STEP][PASSED] - verifyTextPresent("Appointment Confirmation", false): Text 'Appointment Confirmation' is present on page 

29-01-2024T23:30:31 - [MESSAGE][PASSED] - Text 'Appointment Confirmation' is present on page 

29-01-2024T23:30:31 - [TEST_STEP][PASSED] - takeScreenshotAsCheckpoint("appointment 1 katalon demo"): Taking screenshot successfully

29-01-2024T23:30:31 - [MESSAGE][INFO] - 0 hidden object(s)

29-01-2024T23:30:32 - [MESSAGE][PASSED] - Taking screenshot successfully
[[ATTACHMENT|keyes\keyes-appointment 1 katalon demo.png]]

29-01-2024T23:30:32 - [TEST_STEP][PASSED] - click(findTestObject("Object Repository/katalon demo/Page_CURA Healthcare Service/a_Go to Homepage")): Object: 'Object Repository/katalon demo/Page_CURA Healthcare Service/a_Go to Homepage' is clicked on

29-01-2024T23:30:33 - [MESSAGE][PASSED] - Object: 'Object Repository/katalon demo/Page_CURA Healthcare Service/a_Go to Homepage' is clicked on]]></system-out>
         <system-err><![CDATA[]]></system-err>
      </testcase>
      <testcase name="Test Cases/Katalon Demo/make appointment katalon demo 2" time="6.787" classname="Test Cases/Katalon Demo/make appointment katalon demo 2" status="PASSED">
         <system-out><![CDATA[29-01-2024T23:30:33 - [TEST_CASE][PASSED] - Test Cases/Katalon Demo/make appointment katalon demo 2: Test Cases/Katalon Demo/make appointment katalon demo 2

29-01-2024T23:30:33 - [TEST_STEP][PASSED] - click(findTestObject("Object Repository/katalon demo/Page_CURA Healthcare Service/label_Apply for hospital readmission")): Object: 'Object Repository/katalon demo/Page_CURA Healthcare Service/label_Apply for hospital readmission' is clicked on

29-01-2024T23:30:34 - [MESSAGE][PASSED] - Object: 'Object Repository/katalon demo/Page_CURA Healthcare Service/label_Apply for hospital readmission' is clicked on

29-01-2024T23:30:34 - [TEST_STEP][PASSED] - click(findTestObject("Object Repository/katalon demo/Page_CURA Healthcare Service/input_programs")): Object: 'Object Repository/katalon demo/Page_CURA Healthcare Service/input_programs' is clicked on

29-01-2024T23:30:34 - [MESSAGE][PASSED] - Object: 'Object Repository/katalon demo/Page_CURA Healthcare Service/input_programs' is clicked on

29-01-2024T23:30:34 - [TEST_STEP][PASSED] - click(findTestObject("Object Repository/katalon demo/Page_CURA Healthcare Service/input_visit_date")): Object: 'Object Repository/katalon demo/Page_CURA Healthcare Service/input_visit_date' is clicked on

29-01-2024T23:30:35 - [MESSAGE][PASSED] - Object: 'Object Repository/katalon demo/Page_CURA Healthcare Service/input_visit_date' is clicked on

29-01-2024T23:30:35 - [TEST_STEP][PASSED] - click(findTestObject("Object Repository/katalon demo/Page_CURA Healthcare Service/th_")): Object: 'Object Repository/katalon demo/Page_CURA Healthcare Service/th_' is clicked on

29-01-2024T23:30:35 - [MESSAGE][PASSED] - Object: 'Object Repository/katalon demo/Page_CURA Healthcare Service/th_' is clicked on

29-01-2024T23:30:35 - [TEST_STEP][PASSED] - click(findTestObject("Object Repository/katalon demo/Page_CURA Healthcare Service/td_28")): Object: 'Object Repository/katalon demo/Page_CURA Healthcare Service/td_28' is clicked on

29-01-2024T23:30:36 - [MESSAGE][PASSED] - Object: 'Object Repository/katalon demo/Page_CURA Healthcare Service/td_28' is clicked on

29-01-2024T23:30:36 - [TEST_STEP][PASSED] - setText(findTestObject("Object Repository/katalon demo/Page_CURA Healthcare Service/textarea_comment"), "tes katalon"): Text 'tes katalon' is set on object 'Object Repository/katalon demo/Page_CURA Healthcare Service/textarea_comment'

29-01-2024T23:30:36 - [MESSAGE][PASSED] - Text 'tes katalon' is set on object 'Object Repository/katalon demo/Page_CURA Healthcare Service/textarea_comment'

29-01-2024T23:30:36 - [TEST_STEP][PASSED] - click(findTestObject("Object Repository/katalon demo/Page_CURA Healthcare Service/button_Book Appointment")): Object: 'Object Repository/katalon demo/Page_CURA Healthcare Service/button_Book Appointment' is clicked on

29-01-2024T23:30:38 - [MESSAGE][PASSED] - Object: 'Object Repository/katalon demo/Page_CURA Healthcare Service/button_Book Appointment' is clicked on

29-01-2024T23:30:38 - [TEST_STEP][PASSED] - verifyTextPresent("Appointment Confirmation", false): Text 'Appointment Confirmation' is present on page 

29-01-2024T23:30:38 - [MESSAGE][PASSED] - Text 'Appointment Confirmation' is present on page 

29-01-2024T23:30:38 - [TEST_STEP][PASSED] - takeScreenshotAsCheckpoint("appointment 2 katalon demo"): Taking screenshot successfully

29-01-2024T23:30:39 - [MESSAGE][INFO] - 0 hidden object(s)

29-01-2024T23:30:39 - [MESSAGE][PASSED] - Taking screenshot successfully
[[ATTACHMENT|keyes\keyes-appointment 2 katalon demo.png]]

29-01-2024T23:30:39 - [TEST_STEP][PASSED] - click(findTestObject("Object Repository/katalon demo/Page_CURA Healthcare Service/a_Go to Homepage")): Object: 'Object Repository/katalon demo/Page_CURA Healthcare Service/a_Go to Homepage' is clicked on

29-01-2024T23:30:40 - [MESSAGE][PASSED] - Object: 'Object Repository/katalon demo/Page_CURA Healthcare Service/a_Go to Homepage' is clicked on]]></system-out>
         <system-err><![CDATA[]]></system-err>
      </testcase>
      <testcase name="Test Cases/Katalon Demo/history katalon demo" time="66.315" classname="Test Cases/Katalon Demo/history katalon demo" status="PASSED">
         <system-out><![CDATA[29-01-2024T23:30:40 - [TEST_CASE][PASSED] - Test Cases/Katalon Demo/history katalon demo: Test Cases/Katalon Demo/history katalon demo

29-01-2024T23:30:40 - [TEST_STEP][PASSED] - click(findTestObject("Object Repository/katalon demo/Page_CURA Healthcare Service/amenu-toggle")): Object: 'Object Repository/katalon demo/Page_CURA Healthcare Service/amenu-toggle' is clicked on

29-01-2024T23:30:41 - [MESSAGE][PASSED] - Object: 'Object Repository/katalon demo/Page_CURA Healthcare Service/amenu-toggle' is clicked on

29-01-2024T23:30:41 - [TEST_STEP][PASSED] - click(findTestObject("Object Repository/katalon demo/Page_CURA Healthcare Service/a_History")): Object: 'Object Repository/katalon demo/Page_CURA Healthcare Service/a_History' is clicked on

29-01-2024T23:30:42 - [MESSAGE][PASSED] - Object: 'Object Repository/katalon demo/Page_CURA Healthcare Service/a_History' is clicked on

29-01-2024T23:30:42 - [TEST_STEP][PASSED] - takeScreenshotAsCheckpoint("history katalon demo"): Taking screenshot successfully

29-01-2024T23:30:42 - [MESSAGE][INFO] - 0 hidden object(s)

29-01-2024T23:30:42 - [MESSAGE][PASSED] - Taking screenshot successfully
[[ATTACHMENT|keyes\keyes-history katalon demo.png]]

29-01-2024T23:30:42 - [TEST_STEP][PASSED] - scrollToElement(findTestObject("katalon demo/Page_CURA Healthcare Service/a_Go to Homepage"), 3): Scroll to object 'Object Repository/katalon demo/Page_CURA Healthcare Service/a_Go to Homepage' successfully

29-01-2024T23:31:14 - [MESSAGE][INFO] - Unable to find the element located by 'By.xpath: //section[@id='summary']/div/div/div[7]/p/a'. Please recheck the objects properties to make sure the desired element is located. 

29-01-2024T23:31:14 - [MESSAGE][WARNING] - [SELF-HEALING] Failed to find element with id 'Object Repository/katalon demo/Page_CURA Healthcare Service/a_Go to Homepage'. Try using Self-healing.

29-01-2024T23:31:14 - [MESSAGE][WARNING] - [SELF-HEALING] The current locator of test object 'Object Repository/katalon demo/Page_CURA Healthcare Service/a_Go to Homepage' was broken. Propose an alternative one: '//a[contains(text(),'Go to Homepage')]'.

29-01-2024T23:31:14 - [MESSAGE][PASSED] - Scroll to object 'Object Repository/katalon demo/Page_CURA Healthcare Service/a_Go to Homepage' successfully

29-01-2024T23:31:14 - [TEST_STEP][PASSED] - click(findTestObject("Object Repository/katalon demo/Page_CURA Healthcare Service/a_Go to Homepage")): Object: 'Object Repository/katalon demo/Page_CURA Healthcare Service/a_Go to Homepage' is clicked on

29-01-2024T23:31:45 - [MESSAGE][INFO] - Unable to find the element located by 'By.xpath: //section[@id='summary']/div/div/div[7]/p/a'. Please recheck the objects properties to make sure the desired element is located. 

29-01-2024T23:31:45 - [MESSAGE][WARNING] - [SELF-HEALING] Failed to find element with id 'Object Repository/katalon demo/Page_CURA Healthcare Service/a_Go to Homepage'. Try using Self-healing.

29-01-2024T23:31:45 - [MESSAGE][WARNING] - [SELF-HEALING] The current locator of test object 'Object Repository/katalon demo/Page_CURA Healthcare Service/a_Go to Homepage' was broken. Propose an alternative one: '//a[contains(text(),'Go to Homepage')]'.

29-01-2024T23:31:46 - [MESSAGE][PASSED] - Object: 'Object Repository/katalon demo/Page_CURA Healthcare Service/a_Go to Homepage' is clicked on]]></system-out>
         <system-err><![CDATA[]]></system-err>
      </testcase>
      <testcase name="Test Cases/Katalon Demo/profile katalon demo" time="3.092" classname="Test Cases/Katalon Demo/profile katalon demo" status="PASSED">
         <system-out><![CDATA[29-01-2024T23:31:46 - [TEST_CASE][PASSED] - Test Cases/Katalon Demo/profile katalon demo: Test Cases/Katalon Demo/profile katalon demo

29-01-2024T23:31:46 - [TEST_STEP][PASSED] - click(findTestObject("Object Repository/katalon demo/Page_CURA Healthcare Service/i_fa fa-bars")): Object: 'Object Repository/katalon demo/Page_CURA Healthcare Service/i_fa fa-bars' is clicked on

29-01-2024T23:31:47 - [MESSAGE][PASSED] - Object: 'Object Repository/katalon demo/Page_CURA Healthcare Service/i_fa fa-bars' is clicked on

29-01-2024T23:31:47 - [TEST_STEP][PASSED] - click(findTestObject("Object Repository/katalon demo/Page_CURA Healthcare Service/a_Profile")): Object: 'Object Repository/katalon demo/Page_CURA Healthcare Service/a_Profile' is clicked on

29-01-2024T23:31:48 - [MESSAGE][PASSED] - Object: 'Object Repository/katalon demo/Page_CURA Healthcare Service/a_Profile' is clicked on

29-01-2024T23:31:48 - [TEST_STEP][PASSED] - takeScreenshotAsCheckpoint("profile katalon demo"): Taking screenshot successfully

29-01-2024T23:31:48 - [MESSAGE][INFO] - 0 hidden object(s)

29-01-2024T23:31:48 - [MESSAGE][PASSED] - Taking screenshot successfully
[[ATTACHMENT|keyes\keyes-profile katalon demo.png]]

29-01-2024T23:31:48 - [TEST_STEP][PASSED] - click(findTestObject("Object Repository/katalon demo/Page_CURA Healthcare Service/i_fa fa-bars")): Object: 'Object Repository/katalon demo/Page_CURA Healthcare Service/i_fa fa-bars' is clicked on

29-01-2024T23:31:49 - [MESSAGE][PASSED] - Object: 'Object Repository/katalon demo/Page_CURA Healthcare Service/i_fa fa-bars' is clicked on

29-01-2024T23:31:49 - [TEST_STEP][PASSED] - click(findTestObject("Object Repository/katalon demo/Page_CURA Healthcare Service/a_Home")): Object: 'Object Repository/katalon demo/Page_CURA Healthcare Service/a_Home' is clicked on

29-01-2024T23:31:49 - [MESSAGE][PASSED] - Object: 'Object Repository/katalon demo/Page_CURA Healthcare Service/a_Home' is clicked on]]></system-out>
         <system-err><![CDATA[]]></system-err>
      </testcase>
      <testcase name="Test Cases/Katalon Demo/logout katalon demo" time="2.674" classname="Test Cases/Katalon Demo/logout katalon demo" status="PASSED">
         <system-out><![CDATA[29-01-2024T23:31:49 - [TEST_CASE][PASSED] - Test Cases/Katalon Demo/logout katalon demo: Test Cases/Katalon Demo/logout katalon demo

29-01-2024T23:31:50 - [TEST_STEP][PASSED] - click(findTestObject("Object Repository/katalon demo/Page_CURA Healthcare Service/i_fa fa-bars")): Object: 'Object Repository/katalon demo/Page_CURA Healthcare Service/i_fa fa-bars' is clicked on

29-01-2024T23:31:50 - [MESSAGE][PASSED] - Object: 'Object Repository/katalon demo/Page_CURA Healthcare Service/i_fa fa-bars' is clicked on

29-01-2024T23:31:50 - [TEST_STEP][PASSED] - takeScreenshotAsCheckpoint("logout katalon demo"): Taking screenshot successfully

29-01-2024T23:31:51 - [MESSAGE][INFO] - 0 hidden object(s)

29-01-2024T23:31:51 - [MESSAGE][PASSED] - Taking screenshot successfully
[[ATTACHMENT|keyes\keyes-logout katalon demo.png]]

29-01-2024T23:31:51 - [TEST_STEP][PASSED] - click(findTestObject("Object Repository/katalon demo/Page_CURA Healthcare Service/a_Logout")): Object: 'Object Repository/katalon demo/Page_CURA Healthcare Service/a_Logout' is clicked on

29-01-2024T23:31:52 - [MESSAGE][PASSED] - Object: 'Object Repository/katalon demo/Page_CURA Healthcare Service/a_Logout' is clicked on

29-01-2024T23:31:52 - [TEST_STEP][PASSED] - closeBrowser(): Browser is closed

29-01-2024T23:31:52 - [MESSAGE][PASSED] - Browser is closed]]></system-out>
         <system-err><![CDATA[]]></system-err>
      </testcase>
      <testcase name="Test Cases/Katalon Demo/negatif login katalon demo" time="13.728" classname="Test Cases/Katalon Demo/negatif login katalon demo" status="PASSED">
         <system-out><![CDATA[29-01-2024T23:31:52 - [TEST_CASE][PASSED] - Test Cases/Katalon Demo/negatif login katalon demo: Test Cases/Katalon Demo/negatif login katalon demo

29-01-2024T23:31:52 - [TEST_STEP][PASSED] - openBrowser(""): Browser is opened with url: ''

29-01-2024T23:31:52 - [MESSAGE][INFO] - Starting 'Chrome' driver

29-01-2024T23:31:52 - [MESSAGE][INFO] - Action delay is set to 0 milliseconds

29-01-2024T23:31:53 - [MESSAGE][PASSED] - Browser is opened with url: ''

29-01-2024T23:31:53 - [TEST_STEP][PASSED] - navigateToUrl("https://katalon-demo-cura.herokuapp.com/"): Navigate to 'https://katalon-demo-cura.herokuapp.com/' successfully

29-01-2024T23:31:57 - [MESSAGE][PASSED] - Navigate to 'https://katalon-demo-cura.herokuapp.com/' successfully

29-01-2024T23:31:57 - [TEST_STEP][PASSED] - click(findTestObject("Object Repository/katalon demo/Page_CURA Healthcare Service/amenu-toggle")): Object: 'Object Repository/katalon demo/Page_CURA Healthcare Service/amenu-toggle' is clicked on

29-01-2024T23:31:57 - [MESSAGE][PASSED] - Object: 'Object Repository/katalon demo/Page_CURA Healthcare Service/amenu-toggle' is clicked on

29-01-2024T23:31:57 - [TEST_STEP][PASSED] - click(findTestObject("Object Repository/katalon demo/Page_CURA Healthcare Service/a_Login")): Object: 'Object Repository/katalon demo/Page_CURA Healthcare Service/a_Login' is clicked on

29-01-2024T23:31:58 - [MESSAGE][PASSED] - Object: 'Object Repository/katalon demo/Page_CURA Healthcare Service/a_Login' is clicked on

29-01-2024T23:31:58 - [TEST_STEP][PASSED] - setText(findTestObject("Object Repository/katalon demo/Page_CURA Healthcare Service/input_username"), username1): Text 'aaaaa' is set on object 'Object Repository/katalon demo/Page_CURA Healthcare Service/input_username'

29-01-2024T23:31:59 - [MESSAGE][PASSED] - Text 'aaaaa' is set on object 'Object Repository/katalon demo/Page_CURA Healthcare Service/input_username'

29-01-2024T23:31:59 - [TEST_STEP][PASSED] - setText(findTestObject("Object Repository/katalon demo/Page_CURA Healthcare Service/input_password"), password1): Text 'aaaaaaaa' is set on object 'Object Repository/katalon demo/Page_CURA Healthcare Service/input_password'

29-01-2024T23:31:59 - [MESSAGE][PASSED] - Text 'aaaaaaaa' is set on object 'Object Repository/katalon demo/Page_CURA Healthcare Service/input_password'

29-01-2024T23:31:59 - [TEST_STEP][PASSED] - click(findTestObject("katalon demo/Page_CURA Healthcare Service/button_Login")): Object: 'Object Repository/katalon demo/Page_CURA Healthcare Service/button_Login' is clicked on

29-01-2024T23:32:00 - [MESSAGE][PASSED] - Object: 'Object Repository/katalon demo/Page_CURA Healthcare Service/button_Login' is clicked on

29-01-2024T23:32:00 - [TEST_STEP][PASSED] - verifyTextPresent("Login failed!", false): Text 'Login failed!' is present on page 

29-01-2024T23:32:01 - [MESSAGE][PASSED] - Text 'Login failed!' is present on page 

29-01-2024T23:32:01 - [TEST_STEP][PASSED] - takeScreenshotAsCheckpoint("negatif 1 login katalon demo"): Taking screenshot successfully

29-01-2024T23:32:01 - [MESSAGE][INFO] - 0 hidden object(s)

29-01-2024T23:32:02 - [MESSAGE][PASSED] - Taking screenshot successfully
[[ATTACHMENT|keyes\keyes-negatif 1 login katalon demo.png]]

29-01-2024T23:32:02 - [TEST_STEP][PASSED] - click(findTestObject("Object Repository/katalon demo/Page_CURA Healthcare Service/button_Login")): Object: 'Object Repository/katalon demo/Page_CURA Healthcare Service/button_Login' is clicked on

29-01-2024T23:32:03 - [MESSAGE][PASSED] - Object: 'Object Repository/katalon demo/Page_CURA Healthcare Service/button_Login' is clicked on

29-01-2024T23:32:03 - [TEST_STEP][PASSED] - setText(findTestObject("katalon demo/Page_CURA Healthcare Service/input_username"), username2): Text 'bbbbb' is set on object 'Object Repository/katalon demo/Page_CURA Healthcare Service/input_username'

29-01-2024T23:32:03 - [MESSAGE][PASSED] - Text 'bbbbb' is set on object 'Object Repository/katalon demo/Page_CURA Healthcare Service/input_username'

29-01-2024T23:32:03 - [TEST_STEP][PASSED] - setText(findTestObject("katalon demo/Page_CURA Healthcare Service/input_password"), password2): Text 'bbbbbbbb' is set on object 'Object Repository/katalon demo/Page_CURA Healthcare Service/input_password'

29-01-2024T23:32:04 - [MESSAGE][PASSED] - Text 'bbbbbbbb' is set on object 'Object Repository/katalon demo/Page_CURA Healthcare Service/input_password'

29-01-2024T23:32:04 - [TEST_STEP][PASSED] - click(findTestObject("katalon demo/Page_CURA Healthcare Service/button_Login")): Object: 'Object Repository/katalon demo/Page_CURA Healthcare Service/button_Login' is clicked on

29-01-2024T23:32:05 - [MESSAGE][PASSED] - Object: 'Object Repository/katalon demo/Page_CURA Healthcare Service/button_Login' is clicked on

29-01-2024T23:32:05 - [TEST_STEP][PASSED] - verifyTextPresent("Login failed!", false): Text 'Login failed!' is present on page 

29-01-2024T23:32:05 - [MESSAGE][PASSED] - Text 'Login failed!' is present on page 

29-01-2024T23:32:05 - [TEST_STEP][PASSED] - takeScreenshotAsCheckpoint("negatif 2 login katalon demo"): Taking screenshot successfully

29-01-2024T23:32:06 - [MESSAGE][INFO] - 0 hidden object(s)

29-01-2024T23:32:06 - [MESSAGE][PASSED] - Taking screenshot successfully
[[ATTACHMENT|keyes\keyes-negatif 2 login katalon demo.png]]]]></system-out>
         <system-err><![CDATA[]]></system-err>
      </testcase>
      <system-out><![CDATA[29-01-2024T23:30:02 - [TEST_SUITE][PASSED] - katalon demo: Test Cases/Katalon Demo/negatif login katalon demo]]></system-out>
      <system-err><![CDATA[]]></system-err>
   </testsuite>
   <testsuite name="katalon demo" tests="8" failures="0" errors="0" time="122.933" skipped="0" timestamp="29-01-2024T23:32:13" hostname="0517 - Pierrot" id="Test Suites/katalon demo">
      <properties>
         <property name="deviceName" value=""/>
         <property name="devicePlatform" value=""/>
         <property name="logFolder" value="C:\\Users\\0517\\Katalon Studio\\poc bni\\Reports\\20240129_231002\\katalon demo\\20240129_231104"/>
         <property name="logFiles" value="C:\\Users\\0517\\Katalon Studio\\poc bni\\Reports\\20240129_231002\\katalon demo\\20240129_231104\\execution0.log"/>
         <property name="attachments" value="keyes\keyes-login katalon demo.png, keyes\keyes-appointment katalon demo.png, keyes\keyes-appointment 1 katalon demo.png, keyes\keyes-appointment 2 katalon demo.png, keyes\keyes-history katalon demo.png, keyes\keyes-profile katalon demo.png, keyes\keyes-logout katalon demo.png, keyes\keyes-negatif 1 login katalon demo.png, keyes\keyes-negatif 2 login katalon demo.png"/>
         <property name="hostName" value="0517 - Pierrot"/>
         <property name="os" value="Windows 10 64bit"/>
         <property name="katalonVersion" value="9.2.0.212"/>
         <property name="browser" value="Chrome 121.0.0.0"/>
         <property name="hostAddress" value="192.168.96.2"/>
         <property name="sessionId" value="1a853c46a4b643875034f8dec4856af0"/>
         <property name="seleniumVersion" value="3.141.59"/>
         <property name="proxyInformation" value="ProxyInformation { proxyOption=NO_PROXY, proxyServerType=HTTP, username=, password=********, proxyServerAddress=, proxyServerPort=0, executionList=&quot;&quot;, isApplyToDesiredCapabilities=true }"/>
         <property name="platform" value="Windows 10"/>
      </properties>
      <testcase name="Test Cases/Katalon Demo/login katalon demo" time="10.979" classname="Test Cases/Katalon Demo/login katalon demo" status="PASSED">
         <system-out><![CDATA[29-01-2024T23:32:14 - [TEST_CASE][PASSED] - Test Cases/Katalon Demo/login katalon demo: Test Cases/Katalon Demo/login katalon demo

29-01-2024T23:32:14 - [TEST_STEP][PASSED] - openBrowser(""): Browser is opened with url: ''

29-01-2024T23:32:14 - [MESSAGE][INFO] - Starting 'Chrome' driver

29-01-2024T23:32:15 - [MESSAGE][INFO] - Action delay is set to 0 milliseconds

29-01-2024T23:32:16 - [MESSAGE][PASSED] - Browser is opened with url: ''

29-01-2024T23:32:16 - [TEST_STEP][PASSED] - navigateToUrl("https://katalon-demo-cura.herokuapp.com/"): Navigate to 'https://katalon-demo-cura.herokuapp.com/' successfully

29-01-2024T23:32:20 - [MESSAGE][PASSED] - Navigate to 'https://katalon-demo-cura.herokuapp.com/' successfully

29-01-2024T23:32:20 - [TEST_STEP][PASSED] - click(findTestObject("Object Repository/katalon demo/Page_CURA Healthcare Service/amenu-toggle")): Object: 'Object Repository/katalon demo/Page_CURA Healthcare Service/amenu-toggle' is clicked on

29-01-2024T23:32:21 - [MESSAGE][PASSED] - Object: 'Object Repository/katalon demo/Page_CURA Healthcare Service/amenu-toggle' is clicked on

29-01-2024T23:32:21 - [TEST_STEP][PASSED] - click(findTestObject("Object Repository/katalon demo/Page_CURA Healthcare Service/a_Login")): Object: 'Object Repository/katalon demo/Page_CURA Healthcare Service/a_Login' is clicked on

29-01-2024T23:32:21 - [MESSAGE][PASSED] - Object: 'Object Repository/katalon demo/Page_CURA Healthcare Service/a_Login' is clicked on

29-01-2024T23:32:21 - [TEST_STEP][PASSED] - setText(findTestObject("Object Repository/katalon demo/Page_CURA Healthcare Service/input_username"), "John Doe"): Text 'John Doe' is set on object 'Object Repository/katalon demo/Page_CURA Healthcare Service/input_username'

29-01-2024T23:32:22 - [MESSAGE][PASSED] - Text 'John Doe' is set on object 'Object Repository/katalon demo/Page_CURA Healthcare Service/input_username'

29-01-2024T23:32:22 - [TEST_STEP][PASSED] - setEncryptedText(findTestObject("Object Repository/katalon demo/Page_CURA Healthcare Service/input_password"), "g3/DOGG74jC3Flrr3yH+3D/yKbOqqUNM"): Text ****** has been set on object 'Object Repository/katalon demo/Page_CURA Healthcare Service/input_password'

29-01-2024T23:32:23 - [MESSAGE][PASSED] - Text ****** has been set on object 'Object Repository/katalon demo/Page_CURA Healthcare Service/input_password'

29-01-2024T23:32:23 - [TEST_STEP][PASSED] - takeScreenshotAsCheckpoint("login katalon demo", STOP_ON_FAILURE): Taking screenshot successfully

29-01-2024T23:32:23 - [MESSAGE][INFO] - 0 hidden object(s)

29-01-2024T23:32:23 - [MESSAGE][PASSED] - Taking screenshot successfully
[[ATTACHMENT|keyes\keyes-login katalon demo.png]]

29-01-2024T23:32:23 - [TEST_STEP][PASSED] - click(findTestObject("Object Repository/katalon demo/Page_CURA Healthcare Service/button_Login")): Object: 'Object Repository/katalon demo/Page_CURA Healthcare Service/button_Login' is clicked on

29-01-2024T23:32:25 - [MESSAGE][PASSED] - Object: 'Object Repository/katalon demo/Page_CURA Healthcare Service/button_Login' is clicked on]]></system-out>
         <system-err><![CDATA[]]></system-err>
      </testcase>
      <testcase name="Test Cases/Katalon Demo/make appointment katalon demo" time="8.863" classname="Test Cases/Katalon Demo/make appointment katalon demo" status="PASSED">
         <system-out><![CDATA[29-01-2024T23:32:25 - [TEST_CASE][PASSED] - Test Cases/Katalon Demo/make appointment katalon demo: Test Cases/Katalon Demo/make appointment katalon demo

29-01-2024T23:32:25 - [TEST_STEP][PASSED] - selectOptionByValue(findTestObject("Object Repository/katalon demo/Page_CURA Healthcare Service/select_Tokyo"), "Hongkong CURA Healthcare Center", true): All options with value 'Hongkong CURA Healthcare Center' are selected in object 'Object Repository/katalon demo/Page_CURA Healthcare Service/select_Tokyo'  using regular expression

29-01-2024T23:32:26 - [MESSAGE][PASSED] - All options with value 'Hongkong CURA Healthcare Center' are selected in object 'Object Repository/katalon demo/Page_CURA Healthcare Service/select_Tokyo'  using regular expression

29-01-2024T23:32:26 - [TEST_STEP][PASSED] - click(findTestObject("Object Repository/katalon demo/Page_CURA Healthcare Service/label_Apply for hospital readmission")): Object: 'Object Repository/katalon demo/Page_CURA Healthcare Service/label_Apply for hospital readmission' is clicked on

29-01-2024T23:32:26 - [MESSAGE][PASSED] - Object: 'Object Repository/katalon demo/Page_CURA Healthcare Service/label_Apply for hospital readmission' is clicked on

29-01-2024T23:32:26 - [TEST_STEP][PASSED] - click(findTestObject("Object Repository/katalon demo/Page_CURA Healthcare Service/input_programs")): Object: 'Object Repository/katalon demo/Page_CURA Healthcare Service/input_programs' is clicked on

29-01-2024T23:32:26 - [MESSAGE][PASSED] - Object: 'Object Repository/katalon demo/Page_CURA Healthcare Service/input_programs' is clicked on

29-01-2024T23:32:26 - [TEST_STEP][PASSED] - click(findTestObject("Object Repository/katalon demo/Page_CURA Healthcare Service/span_glyphicon glyphicon-calendar")): Object: 'Object Repository/katalon demo/Page_CURA Healthcare Service/span_glyphicon glyphicon-calendar' is clicked on

29-01-2024T23:32:27 - [MESSAGE][PASSED] - Object: 'Object Repository/katalon demo/Page_CURA Healthcare Service/span_glyphicon glyphicon-calendar' is clicked on

29-01-2024T23:32:27 - [TEST_STEP][PASSED] - click(findTestObject("Object Repository/katalon demo/Page_CURA Healthcare Service/td_31")): Object: 'Object Repository/katalon demo/Page_CURA Healthcare Service/td_31' is clicked on

29-01-2024T23:32:27 - [MESSAGE][PASSED] - Object: 'Object Repository/katalon demo/Page_CURA Healthcare Service/td_31' is clicked on

29-01-2024T23:32:27 - [TEST_STEP][PASSED] - setText(findTestObject("Object Repository/katalon demo/Page_CURA Healthcare Service/textarea_comment"), "tes katalon demo"): Text 'tes katalon demo' is set on object 'Object Repository/katalon demo/Page_CURA Healthcare Service/textarea_comment'

29-01-2024T23:32:28 - [MESSAGE][PASSED] - Text 'tes katalon demo' is set on object 'Object Repository/katalon demo/Page_CURA Healthcare Service/textarea_comment'

29-01-2024T23:32:28 - [TEST_STEP][PASSED] - click(findTestObject("Object Repository/katalon demo/Page_CURA Healthcare Service/button_Book Appointment")): Object: 'Object Repository/katalon demo/Page_CURA Healthcare Service/button_Book Appointment' is clicked on

29-01-2024T23:32:31 - [MESSAGE][PASSED] - Object: 'Object Repository/katalon demo/Page_CURA Healthcare Service/button_Book Appointment' is clicked on

29-01-2024T23:32:31 - [TEST_STEP][PASSED] - verifyTextPresent("Appointment Confirmation", false): Text 'Appointment Confirmation' is present on page 

29-01-2024T23:32:32 - [MESSAGE][PASSED] - Text 'Appointment Confirmation' is present on page 

29-01-2024T23:32:32 - [TEST_STEP][PASSED] - takeScreenshotAsCheckpoint("appointment katalon demo"): Taking screenshot successfully

29-01-2024T23:32:32 - [MESSAGE][INFO] - 0 hidden object(s)

29-01-2024T23:32:32 - [MESSAGE][PASSED] - Taking screenshot successfully
[[ATTACHMENT|keyes\keyes-appointment katalon demo.png]]

29-01-2024T23:32:32 - [TEST_STEP][PASSED] - click(findTestObject("Object Repository/katalon demo/Page_CURA Healthcare Service/a_Go to Homepage")): Object: 'Object Repository/katalon demo/Page_CURA Healthcare Service/a_Go to Homepage' is clicked on

29-01-2024T23:32:33 - [MESSAGE][PASSED] - Object: 'Object Repository/katalon demo/Page_CURA Healthcare Service/a_Go to Homepage' is clicked on]]></system-out>
         <system-err><![CDATA[]]></system-err>
      </testcase>
      <testcase name="Test Cases/Katalon Demo/make appointment katalon demo 1" time="6.428" classname="Test Cases/Katalon Demo/make appointment katalon demo 1" status="PASSED">
         <system-out><![CDATA[29-01-2024T23:32:33 - [TEST_CASE][PASSED] - Test Cases/Katalon Demo/make appointment katalon demo 1: Test Cases/Katalon Demo/make appointment katalon demo 1

29-01-2024T23:32:34 - [TEST_STEP][PASSED] - selectOptionByValue(findTestObject("Object Repository/katalon demo/Page_CURA Healthcare Service/select_Tokyo"), "Seoul CURA Healthcare Center", true): All options with value 'Seoul CURA Healthcare Center' are selected in object 'Object Repository/katalon demo/Page_CURA Healthcare Service/select_Tokyo'  using regular expression

29-01-2024T23:32:34 - [MESSAGE][PASSED] - All options with value 'Seoul CURA Healthcare Center' are selected in object 'Object Repository/katalon demo/Page_CURA Healthcare Service/select_Tokyo'  using regular expression

29-01-2024T23:32:34 - [TEST_STEP][PASSED] - click(findTestObject("Object Repository/katalon demo/Page_CURA Healthcare Service/input_hospital_readmission")): Object: 'Object Repository/katalon demo/Page_CURA Healthcare Service/input_hospital_readmission' is clicked on

29-01-2024T23:32:35 - [MESSAGE][PASSED] - Object: 'Object Repository/katalon demo/Page_CURA Healthcare Service/input_hospital_readmission' is clicked on

29-01-2024T23:32:35 - [TEST_STEP][PASSED] - click(findTestObject("Object Repository/katalon demo/Page_CURA Healthcare Service/input_programs")): Object: 'Object Repository/katalon demo/Page_CURA Healthcare Service/input_programs' is clicked on

29-01-2024T23:32:35 - [MESSAGE][PASSED] - Object: 'Object Repository/katalon demo/Page_CURA Healthcare Service/input_programs' is clicked on

29-01-2024T23:32:35 - [TEST_STEP][PASSED] - click(findTestObject("Object Repository/katalon demo/Page_CURA Healthcare Service/span_glyphicon glyphicon-calendar")): Object: 'Object Repository/katalon demo/Page_CURA Healthcare Service/span_glyphicon glyphicon-calendar' is clicked on

29-01-2024T23:32:36 - [MESSAGE][PASSED] - Object: 'Object Repository/katalon demo/Page_CURA Healthcare Service/span_glyphicon glyphicon-calendar' is clicked on

29-01-2024T23:32:36 - [TEST_STEP][PASSED] - click(findTestObject("Object Repository/katalon demo/Page_CURA Healthcare Service/td_30")): Object: 'Object Repository/katalon demo/Page_CURA Healthcare Service/td_30' is clicked on

29-01-2024T23:32:36 - [MESSAGE][PASSED] - Object: 'Object Repository/katalon demo/Page_CURA Healthcare Service/td_30' is clicked on

29-01-2024T23:32:36 - [TEST_STEP][PASSED] - setText(findTestObject("Object Repository/katalon demo/Page_CURA Healthcare Service/textarea_comment"), "tes katalon"): Text 'tes katalon' is set on object 'Object Repository/katalon demo/Page_CURA Healthcare Service/textarea_comment'

29-01-2024T23:32:37 - [MESSAGE][PASSED] - Text 'tes katalon' is set on object 'Object Repository/katalon demo/Page_CURA Healthcare Service/textarea_comment'

29-01-2024T23:32:37 - [TEST_STEP][PASSED] - click(findTestObject("Object Repository/katalon demo/Page_CURA Healthcare Service/button_Book Appointment")): Object: 'Object Repository/katalon demo/Page_CURA Healthcare Service/button_Book Appointment' is clicked on

29-01-2024T23:32:38 - [MESSAGE][PASSED] - Object: 'Object Repository/katalon demo/Page_CURA Healthcare Service/button_Book Appointment' is clicked on

29-01-2024T23:32:38 - [TEST_STEP][PASSED] - verifyTextPresent("Appointment Confirmation", false): Text 'Appointment Confirmation' is present on page 

29-01-2024T23:32:39 - [MESSAGE][PASSED] - Text 'Appointment Confirmation' is present on page 

29-01-2024T23:32:39 - [TEST_STEP][PASSED] - takeScreenshotAsCheckpoint("appointment 1 katalon demo"): Taking screenshot successfully

29-01-2024T23:32:39 - [MESSAGE][INFO] - 0 hidden object(s)

29-01-2024T23:32:39 - [MESSAGE][PASSED] - Taking screenshot successfully
[[ATTACHMENT|keyes\keyes-appointment 1 katalon demo.png]]

29-01-2024T23:32:39 - [TEST_STEP][PASSED] - click(findTestObject("Object Repository/katalon demo/Page_CURA Healthcare Service/a_Go to Homepage")): Object: 'Object Repository/katalon demo/Page_CURA Healthcare Service/a_Go to Homepage' is clicked on

29-01-2024T23:32:40 - [MESSAGE][PASSED] - Object: 'Object Repository/katalon demo/Page_CURA Healthcare Service/a_Go to Homepage' is clicked on]]></system-out>
         <system-err><![CDATA[]]></system-err>
      </testcase>
      <testcase name="Test Cases/Katalon Demo/make appointment katalon demo 2" time="5.449" classname="Test Cases/Katalon Demo/make appointment katalon demo 2" status="PASSED">
         <system-out><![CDATA[29-01-2024T23:32:40 - [TEST_CASE][PASSED] - Test Cases/Katalon Demo/make appointment katalon demo 2: Test Cases/Katalon Demo/make appointment katalon demo 2

29-01-2024T23:32:40 - [TEST_STEP][PASSED] - click(findTestObject("Object Repository/katalon demo/Page_CURA Healthcare Service/label_Apply for hospital readmission")): Object: 'Object Repository/katalon demo/Page_CURA Healthcare Service/label_Apply for hospital readmission' is clicked on

29-01-2024T23:32:40 - [MESSAGE][PASSED] - Object: 'Object Repository/katalon demo/Page_CURA Healthcare Service/label_Apply for hospital readmission' is clicked on

29-01-2024T23:32:40 - [TEST_STEP][PASSED] - click(findTestObject("Object Repository/katalon demo/Page_CURA Healthcare Service/input_programs")): Object: 'Object Repository/katalon demo/Page_CURA Healthcare Service/input_programs' is clicked on

29-01-2024T23:32:41 - [MESSAGE][PASSED] - Object: 'Object Repository/katalon demo/Page_CURA Healthcare Service/input_programs' is clicked on

29-01-2024T23:32:41 - [TEST_STEP][PASSED] - click(findTestObject("Object Repository/katalon demo/Page_CURA Healthcare Service/input_visit_date")): Object: 'Object Repository/katalon demo/Page_CURA Healthcare Service/input_visit_date' is clicked on

29-01-2024T23:32:41 - [MESSAGE][PASSED] - Object: 'Object Repository/katalon demo/Page_CURA Healthcare Service/input_visit_date' is clicked on

29-01-2024T23:32:41 - [TEST_STEP][PASSED] - click(findTestObject("Object Repository/katalon demo/Page_CURA Healthcare Service/th_")): Object: 'Object Repository/katalon demo/Page_CURA Healthcare Service/th_' is clicked on

29-01-2024T23:32:42 - [MESSAGE][PASSED] - Object: 'Object Repository/katalon demo/Page_CURA Healthcare Service/th_' is clicked on

29-01-2024T23:32:42 - [TEST_STEP][PASSED] - click(findTestObject("Object Repository/katalon demo/Page_CURA Healthcare Service/td_28")): Object: 'Object Repository/katalon demo/Page_CURA Healthcare Service/td_28' is clicked on

29-01-2024T23:32:42 - [MESSAGE][PASSED] - Object: 'Object Repository/katalon demo/Page_CURA Healthcare Service/td_28' is clicked on

29-01-2024T23:32:42 - [TEST_STEP][PASSED] - setText(findTestObject("Object Repository/katalon demo/Page_CURA Healthcare Service/textarea_comment"), "tes katalon"): Text 'tes katalon' is set on object 'Object Repository/katalon demo/Page_CURA Healthcare Service/textarea_comment'

29-01-2024T23:32:43 - [MESSAGE][PASSED] - Text 'tes katalon' is set on object 'Object Repository/katalon demo/Page_CURA Healthcare Service/textarea_comment'

29-01-2024T23:32:43 - [TEST_STEP][PASSED] - click(findTestObject("Object Repository/katalon demo/Page_CURA Healthcare Service/button_Book Appointment")): Object: 'Object Repository/katalon demo/Page_CURA Healthcare Service/button_Book Appointment' is clicked on

29-01-2024T23:32:44 - [MESSAGE][PASSED] - Object: 'Object Repository/katalon demo/Page_CURA Healthcare Service/button_Book Appointment' is clicked on

29-01-2024T23:32:44 - [TEST_STEP][PASSED] - verifyTextPresent("Appointment Confirmation", false): Text 'Appointment Confirmation' is present on page 

29-01-2024T23:32:44 - [MESSAGE][PASSED] - Text 'Appointment Confirmation' is present on page 

29-01-2024T23:32:44 - [TEST_STEP][PASSED] - takeScreenshotAsCheckpoint("appointment 2 katalon demo"): Taking screenshot successfully

29-01-2024T23:32:45 - [MESSAGE][INFO] - 0 hidden object(s)

29-01-2024T23:32:45 - [MESSAGE][PASSED] - Taking screenshot successfully
[[ATTACHMENT|keyes\keyes-appointment 2 katalon demo.png]]

29-01-2024T23:32:45 - [TEST_STEP][PASSED] - click(findTestObject("Object Repository/katalon demo/Page_CURA Healthcare Service/a_Go to Homepage")): Object: 'Object Repository/katalon demo/Page_CURA Healthcare Service/a_Go to Homepage' is clicked on

29-01-2024T23:32:45 - [MESSAGE][PASSED] - Object: 'Object Repository/katalon demo/Page_CURA Healthcare Service/a_Go to Homepage' is clicked on]]></system-out>
         <system-err><![CDATA[]]></system-err>
      </testcase>
      <testcase name="Test Cases/Katalon Demo/history katalon demo" time="65.94" classname="Test Cases/Katalon Demo/history katalon demo" status="PASSED">
         <system-out><![CDATA[29-01-2024T23:32:45 - [TEST_CASE][PASSED] - Test Cases/Katalon Demo/history katalon demo: Test Cases/Katalon Demo/history katalon demo

29-01-2024T23:32:45 - [TEST_STEP][PASSED] - click(findTestObject("Object Repository/katalon demo/Page_CURA Healthcare Service/amenu-toggle")): Object: 'Object Repository/katalon demo/Page_CURA Healthcare Service/amenu-toggle' is clicked on

29-01-2024T23:32:46 - [MESSAGE][PASSED] - Object: 'Object Repository/katalon demo/Page_CURA Healthcare Service/amenu-toggle' is clicked on

29-01-2024T23:32:46 - [TEST_STEP][PASSED] - click(findTestObject("Object Repository/katalon demo/Page_CURA Healthcare Service/a_History")): Object: 'Object Repository/katalon demo/Page_CURA Healthcare Service/a_History' is clicked on

29-01-2024T23:32:47 - [MESSAGE][PASSED] - Object: 'Object Repository/katalon demo/Page_CURA Healthcare Service/a_History' is clicked on

29-01-2024T23:32:47 - [TEST_STEP][PASSED] - takeScreenshotAsCheckpoint("history katalon demo"): Taking screenshot successfully

29-01-2024T23:32:47 - [MESSAGE][INFO] - 0 hidden object(s)

29-01-2024T23:32:47 - [MESSAGE][PASSED] - Taking screenshot successfully
[[ATTACHMENT|keyes\keyes-history katalon demo.png]]

29-01-2024T23:32:47 - [TEST_STEP][PASSED] - scrollToElement(findTestObject("katalon demo/Page_CURA Healthcare Service/a_Go to Homepage"), 3): Scroll to object 'Object Repository/katalon demo/Page_CURA Healthcare Service/a_Go to Homepage' successfully

29-01-2024T23:33:19 - [MESSAGE][INFO] - Unable to find the element located by 'By.xpath: //section[@id='summary']/div/div/div[7]/p/a'. Please recheck the objects properties to make sure the desired element is located. 

29-01-2024T23:33:19 - [MESSAGE][WARNING] - [SELF-HEALING] Failed to find element with id 'Object Repository/katalon demo/Page_CURA Healthcare Service/a_Go to Homepage'. Try using Self-healing.

29-01-2024T23:33:19 - [MESSAGE][WARNING] - [SELF-HEALING] The current locator of test object 'Object Repository/katalon demo/Page_CURA Healthcare Service/a_Go to Homepage' was broken. Propose an alternative one: '//a[contains(text(),'Go to Homepage')]'.

29-01-2024T23:33:19 - [MESSAGE][PASSED] - Scroll to object 'Object Repository/katalon demo/Page_CURA Healthcare Service/a_Go to Homepage' successfully

29-01-2024T23:33:19 - [TEST_STEP][PASSED] - click(findTestObject("Object Repository/katalon demo/Page_CURA Healthcare Service/a_Go to Homepage")): Object: 'Object Repository/katalon demo/Page_CURA Healthcare Service/a_Go to Homepage' is clicked on

29-01-2024T23:33:50 - [MESSAGE][INFO] - Unable to find the element located by 'By.xpath: //section[@id='summary']/div/div/div[7]/p/a'. Please recheck the objects properties to make sure the desired element is located. 

29-01-2024T23:33:50 - [MESSAGE][WARNING] - [SELF-HEALING] Failed to find element with id 'Object Repository/katalon demo/Page_CURA Healthcare Service/a_Go to Homepage'. Try using Self-healing.

29-01-2024T23:33:50 - [MESSAGE][WARNING] - [SELF-HEALING] The current locator of test object 'Object Repository/katalon demo/Page_CURA Healthcare Service/a_Go to Homepage' was broken. Propose an alternative one: '//a[contains(text(),'Go to Homepage')]'.

29-01-2024T23:33:51 - [MESSAGE][PASSED] - Object: 'Object Repository/katalon demo/Page_CURA Healthcare Service/a_Go to Homepage' is clicked on]]></system-out>
         <system-err><![CDATA[]]></system-err>
      </testcase>
      <testcase name="Test Cases/Katalon Demo/profile katalon demo" time="3.529" classname="Test Cases/Katalon Demo/profile katalon demo" status="PASSED">
         <system-out><![CDATA[29-01-2024T23:33:51 - [TEST_CASE][PASSED] - Test Cases/Katalon Demo/profile katalon demo: Test Cases/Katalon Demo/profile katalon demo

29-01-2024T23:33:51 - [TEST_STEP][PASSED] - click(findTestObject("Object Repository/katalon demo/Page_CURA Healthcare Service/i_fa fa-bars")): Object: 'Object Repository/katalon demo/Page_CURA Healthcare Service/i_fa fa-bars' is clicked on

29-01-2024T23:33:52 - [MESSAGE][PASSED] - Object: 'Object Repository/katalon demo/Page_CURA Healthcare Service/i_fa fa-bars' is clicked on

29-01-2024T23:33:52 - [TEST_STEP][PASSED] - click(findTestObject("Object Repository/katalon demo/Page_CURA Healthcare Service/a_Profile")): Object: 'Object Repository/katalon demo/Page_CURA Healthcare Service/a_Profile' is clicked on

29-01-2024T23:33:53 - [MESSAGE][PASSED] - Object: 'Object Repository/katalon demo/Page_CURA Healthcare Service/a_Profile' is clicked on

29-01-2024T23:33:53 - [TEST_STEP][PASSED] - takeScreenshotAsCheckpoint("profile katalon demo"): Taking screenshot successfully

29-01-2024T23:33:53 - [MESSAGE][INFO] - 0 hidden object(s)

29-01-2024T23:33:53 - [MESSAGE][PASSED] - Taking screenshot successfully
[[ATTACHMENT|keyes\keyes-profile katalon demo.png]]

29-01-2024T23:33:53 - [TEST_STEP][PASSED] - click(findTestObject("Object Repository/katalon demo/Page_CURA Healthcare Service/i_fa fa-bars")): Object: 'Object Repository/katalon demo/Page_CURA Healthcare Service/i_fa fa-bars' is clicked on

29-01-2024T23:33:54 - [MESSAGE][PASSED] - Object: 'Object Repository/katalon demo/Page_CURA Healthcare Service/i_fa fa-bars' is clicked on

29-01-2024T23:33:54 - [TEST_STEP][PASSED] - click(findTestObject("Object Repository/katalon demo/Page_CURA Healthcare Service/a_Home")): Object: 'Object Repository/katalon demo/Page_CURA Healthcare Service/a_Home' is clicked on

29-01-2024T23:33:55 - [MESSAGE][PASSED] - Object: 'Object Repository/katalon demo/Page_CURA Healthcare Service/a_Home' is clicked on]]></system-out>
         <system-err><![CDATA[]]></system-err>
      </testcase>
      <testcase name="Test Cases/Katalon Demo/logout katalon demo" time="2.642" classname="Test Cases/Katalon Demo/logout katalon demo" status="PASSED">
         <system-out><![CDATA[29-01-2024T23:33:55 - [TEST_CASE][PASSED] - Test Cases/Katalon Demo/logout katalon demo: Test Cases/Katalon Demo/logout katalon demo

29-01-2024T23:33:55 - [TEST_STEP][PASSED] - click(findTestObject("Object Repository/katalon demo/Page_CURA Healthcare Service/i_fa fa-bars")): Object: 'Object Repository/katalon demo/Page_CURA Healthcare Service/i_fa fa-bars' is clicked on

29-01-2024T23:33:55 - [MESSAGE][PASSED] - Object: 'Object Repository/katalon demo/Page_CURA Healthcare Service/i_fa fa-bars' is clicked on

29-01-2024T23:33:55 - [TEST_STEP][PASSED] - takeScreenshotAsCheckpoint("logout katalon demo"): Taking screenshot successfully

29-01-2024T23:33:56 - [MESSAGE][INFO] - 0 hidden object(s)

29-01-2024T23:33:56 - [MESSAGE][PASSED] - Taking screenshot successfully
[[ATTACHMENT|keyes\keyes-logout katalon demo.png]]

29-01-2024T23:33:56 - [TEST_STEP][PASSED] - click(findTestObject("Object Repository/katalon demo/Page_CURA Healthcare Service/a_Logout")): Object: 'Object Repository/katalon demo/Page_CURA Healthcare Service/a_Logout' is clicked on

29-01-2024T23:33:57 - [MESSAGE][PASSED] - Object: 'Object Repository/katalon demo/Page_CURA Healthcare Service/a_Logout' is clicked on

29-01-2024T23:33:57 - [TEST_STEP][PASSED] - closeBrowser(): Browser is closed

29-01-2024T23:33:57 - [MESSAGE][PASSED] - Browser is closed]]></system-out>
         <system-err><![CDATA[]]></system-err>
      </testcase>
      <testcase name="Test Cases/Katalon Demo/negatif login katalon demo" time="18.808" classname="Test Cases/Katalon Demo/negatif login katalon demo" status="PASSED">
         <system-out><![CDATA[29-01-2024T23:33:57 - [TEST_CASE][PASSED] - Test Cases/Katalon Demo/negatif login katalon demo: Test Cases/Katalon Demo/negatif login katalon demo

29-01-2024T23:33:58 - [TEST_STEP][PASSED] - openBrowser(""): Browser is opened with url: ''

29-01-2024T23:33:58 - [MESSAGE][INFO] - Starting 'Chrome' driver

29-01-2024T23:33:58 - [MESSAGE][INFO] - Action delay is set to 0 milliseconds

29-01-2024T23:33:59 - [MESSAGE][PASSED] - Browser is opened with url: ''

29-01-2024T23:33:59 - [TEST_STEP][PASSED] - navigateToUrl("https://katalon-demo-cura.herokuapp.com/"): Navigate to 'https://katalon-demo-cura.herokuapp.com/' successfully

29-01-2024T23:34:08 - [MESSAGE][PASSED] - Navigate to 'https://katalon-demo-cura.herokuapp.com/' successfully

29-01-2024T23:34:08 - [TEST_STEP][PASSED] - click(findTestObject("Object Repository/katalon demo/Page_CURA Healthcare Service/amenu-toggle")): Object: 'Object Repository/katalon demo/Page_CURA Healthcare Service/amenu-toggle' is clicked on

29-01-2024T23:34:08 - [MESSAGE][PASSED] - Object: 'Object Repository/katalon demo/Page_CURA Healthcare Service/amenu-toggle' is clicked on

29-01-2024T23:34:08 - [TEST_STEP][PASSED] - click(findTestObject("Object Repository/katalon demo/Page_CURA Healthcare Service/a_Login")): Object: 'Object Repository/katalon demo/Page_CURA Healthcare Service/a_Login' is clicked on

29-01-2024T23:34:09 - [MESSAGE][PASSED] - Object: 'Object Repository/katalon demo/Page_CURA Healthcare Service/a_Login' is clicked on

29-01-2024T23:34:09 - [TEST_STEP][PASSED] - setText(findTestObject("Object Repository/katalon demo/Page_CURA Healthcare Service/input_username"), username1): Text 'aaaaa' is set on object 'Object Repository/katalon demo/Page_CURA Healthcare Service/input_username'

29-01-2024T23:34:10 - [MESSAGE][PASSED] - Text 'aaaaa' is set on object 'Object Repository/katalon demo/Page_CURA Healthcare Service/input_username'

29-01-2024T23:34:10 - [TEST_STEP][PASSED] - setText(findTestObject("Object Repository/katalon demo/Page_CURA Healthcare Service/input_password"), password1): Text 'aaaaaaaa' is set on object 'Object Repository/katalon demo/Page_CURA Healthcare Service/input_password'

29-01-2024T23:34:10 - [MESSAGE][PASSED] - Text 'aaaaaaaa' is set on object 'Object Repository/katalon demo/Page_CURA Healthcare Service/input_password'

29-01-2024T23:34:10 - [TEST_STEP][PASSED] - click(findTestObject("katalon demo/Page_CURA Healthcare Service/button_Login")): Object: 'Object Repository/katalon demo/Page_CURA Healthcare Service/button_Login' is clicked on

29-01-2024T23:34:11 - [MESSAGE][PASSED] - Object: 'Object Repository/katalon demo/Page_CURA Healthcare Service/button_Login' is clicked on

29-01-2024T23:34:11 - [TEST_STEP][PASSED] - verifyTextPresent("Login failed!", false): Text 'Login failed!' is present on page 

29-01-2024T23:34:12 - [MESSAGE][PASSED] - Text 'Login failed!' is present on page 

29-01-2024T23:34:12 - [TEST_STEP][PASSED] - takeScreenshotAsCheckpoint("negatif 1 login katalon demo"): Taking screenshot successfully

29-01-2024T23:34:12 - [MESSAGE][INFO] - 0 hidden object(s)

29-01-2024T23:34:12 - [MESSAGE][PASSED] - Taking screenshot successfully
[[ATTACHMENT|keyes\keyes-negatif 1 login katalon demo.png]]

29-01-2024T23:34:12 - [TEST_STEP][PASSED] - click(findTestObject("Object Repository/katalon demo/Page_CURA Healthcare Service/button_Login")): Object: 'Object Repository/katalon demo/Page_CURA Healthcare Service/button_Login' is clicked on

29-01-2024T23:34:13 - [MESSAGE][PASSED] - Object: 'Object Repository/katalon demo/Page_CURA Healthcare Service/button_Login' is clicked on

29-01-2024T23:34:13 - [TEST_STEP][PASSED] - setText(findTestObject("katalon demo/Page_CURA Healthcare Service/input_username"), username2): Text 'bbbbb' is set on object 'Object Repository/katalon demo/Page_CURA Healthcare Service/input_username'

29-01-2024T23:34:14 - [MESSAGE][PASSED] - Text 'bbbbb' is set on object 'Object Repository/katalon demo/Page_CURA Healthcare Service/input_username'

29-01-2024T23:34:14 - [TEST_STEP][PASSED] - setText(findTestObject("katalon demo/Page_CURA Healthcare Service/input_password"), password2): Text 'bbbbbbbb' is set on object 'Object Repository/katalon demo/Page_CURA Healthcare Service/input_password'

29-01-2024T23:34:14 - [MESSAGE][PASSED] - Text 'bbbbbbbb' is set on object 'Object Repository/katalon demo/Page_CURA Healthcare Service/input_password'

29-01-2024T23:34:14 - [TEST_STEP][PASSED] - click(findTestObject("katalon demo/Page_CURA Healthcare Service/button_Login")): Object: 'Object Repository/katalon demo/Page_CURA Healthcare Service/button_Login' is clicked on

29-01-2024T23:34:15 - [MESSAGE][PASSED] - Object: 'Object Repository/katalon demo/Page_CURA Healthcare Service/button_Login' is clicked on

29-01-2024T23:34:15 - [TEST_STEP][PASSED] - verifyTextPresent("Login failed!", false): Text 'Login failed!' is present on page 

29-01-2024T23:34:16 - [MESSAGE][PASSED] - Text 'Login failed!' is present on page 

29-01-2024T23:34:16 - [TEST_STEP][PASSED] - takeScreenshotAsCheckpoint("negatif 2 login katalon demo"): Taking screenshot successfully

29-01-2024T23:34:16 - [MESSAGE][INFO] - 0 hidden object(s)

29-01-2024T23:34:16 - [MESSAGE][PASSED] - Taking screenshot successfully
[[ATTACHMENT|keyes\keyes-negatif 2 login katalon demo.png]]]]></system-out>
         <system-err><![CDATA[]]></system-err>
      </testcase>
      <system-out><![CDATA[29-01-2024T23:32:13 - [TEST_SUITE][PASSED] - katalon demo: Test Cases/Katalon Demo/negatif login katalon demo]]></system-out>
      <system-err><![CDATA[]]></system-err>
   </testsuite>
   <testsuite name="katalon demo" tests="8" failures="0" errors="0" time="121.134" skipped="0" timestamp="29-01-2024T23:34:24" hostname="0517 - Pierrot" id="Test Suites/katalon demo">
      <properties>
         <property name="deviceName" value=""/>
         <property name="devicePlatform" value=""/>
         <property name="logFolder" value="C:\\Users\\0517\\Katalon Studio\\poc bni\\Reports\\20240129_231002\\katalon demo\\20240129_231110"/>
         <property name="logFiles" value="C:\\Users\\0517\\Katalon Studio\\poc bni\\Reports\\20240129_231002\\katalon demo\\20240129_231110\\execution0.log"/>
         <property name="attachments" value="keyes\keyes-login katalon demo.png, keyes\keyes-appointment katalon demo.png, keyes\keyes-appointment 1 katalon demo.png, keyes\keyes-appointment 2 katalon demo.png, keyes\keyes-history katalon demo.png, keyes\keyes-profile katalon demo.png, keyes\keyes-logout katalon demo.png, keyes\keyes-negatif 1 login katalon demo.png, keyes\keyes-negatif 2 login katalon demo.png"/>
         <property name="hostName" value="0517 - Pierrot"/>
         <property name="os" value="Windows 10 64bit"/>
         <property name="katalonVersion" value="9.2.0.212"/>
         <property name="browser" value="Chrome 121.0.0.0"/>
         <property name="hostAddress" value="192.168.96.2"/>
         <property name="sessionId" value="51331e97d336d429a22feeaae1212839"/>
         <property name="seleniumVersion" value="3.141.59"/>
         <property name="proxyInformation" value="ProxyInformation { proxyOption=NO_PROXY, proxyServerType=HTTP, username=, password=********, proxyServerAddress=, proxyServerPort=0, executionList=&quot;&quot;, isApplyToDesiredCapabilities=true }"/>
         <property name="platform" value="Windows 10"/>
      </properties>
      <testcase name="Test Cases/Katalon Demo/login katalon demo" time="13.879" classname="Test Cases/Katalon Demo/login katalon demo" status="PASSED">
         <system-out><![CDATA[29-01-2024T23:34:24 - [TEST_CASE][PASSED] - Test Cases/Katalon Demo/login katalon demo: Test Cases/Katalon Demo/login katalon demo

29-01-2024T23:34:25 - [TEST_STEP][PASSED] - openBrowser(""): Browser is opened with url: ''

29-01-2024T23:34:25 - [MESSAGE][INFO] - Starting 'Chrome' driver

29-01-2024T23:34:25 - [MESSAGE][INFO] - Action delay is set to 0 milliseconds

29-01-2024T23:34:27 - [MESSAGE][PASSED] - Browser is opened with url: ''

29-01-2024T23:34:27 - [TEST_STEP][PASSED] - navigateToUrl("https://katalon-demo-cura.herokuapp.com/"): Navigate to 'https://katalon-demo-cura.herokuapp.com/' successfully

29-01-2024T23:34:33 - [MESSAGE][PASSED] - Navigate to 'https://katalon-demo-cura.herokuapp.com/' successfully

29-01-2024T23:34:33 - [TEST_STEP][PASSED] - click(findTestObject("Object Repository/katalon demo/Page_CURA Healthcare Service/amenu-toggle")): Object: 'Object Repository/katalon demo/Page_CURA Healthcare Service/amenu-toggle' is clicked on

29-01-2024T23:34:34 - [MESSAGE][PASSED] - Object: 'Object Repository/katalon demo/Page_CURA Healthcare Service/amenu-toggle' is clicked on

29-01-2024T23:34:34 - [TEST_STEP][PASSED] - click(findTestObject("Object Repository/katalon demo/Page_CURA Healthcare Service/a_Login")): Object: 'Object Repository/katalon demo/Page_CURA Healthcare Service/a_Login' is clicked on

29-01-2024T23:34:35 - [MESSAGE][PASSED] - Object: 'Object Repository/katalon demo/Page_CURA Healthcare Service/a_Login' is clicked on

29-01-2024T23:34:35 - [TEST_STEP][PASSED] - setText(findTestObject("Object Repository/katalon demo/Page_CURA Healthcare Service/input_username"), "John Doe"): Text 'John Doe' is set on object 'Object Repository/katalon demo/Page_CURA Healthcare Service/input_username'

29-01-2024T23:34:36 - [MESSAGE][PASSED] - Text 'John Doe' is set on object 'Object Repository/katalon demo/Page_CURA Healthcare Service/input_username'

29-01-2024T23:34:36 - [TEST_STEP][PASSED] - setEncryptedText(findTestObject("Object Repository/katalon demo/Page_CURA Healthcare Service/input_password"), "g3/DOGG74jC3Flrr3yH+3D/yKbOqqUNM"): Text ****** has been set on object 'Object Repository/katalon demo/Page_CURA Healthcare Service/input_password'

29-01-2024T23:34:36 - [MESSAGE][PASSED] - Text ****** has been set on object 'Object Repository/katalon demo/Page_CURA Healthcare Service/input_password'

29-01-2024T23:34:36 - [TEST_STEP][PASSED] - takeScreenshotAsCheckpoint("login katalon demo", STOP_ON_FAILURE): Taking screenshot successfully

29-01-2024T23:34:37 - [MESSAGE][INFO] - 0 hidden object(s)

29-01-2024T23:34:37 - [MESSAGE][PASSED] - Taking screenshot successfully
[[ATTACHMENT|keyes\keyes-login katalon demo.png]]

29-01-2024T23:34:37 - [TEST_STEP][PASSED] - click(findTestObject("Object Repository/katalon demo/Page_CURA Healthcare Service/button_Login")): Object: 'Object Repository/katalon demo/Page_CURA Healthcare Service/button_Login' is clicked on

29-01-2024T23:34:38 - [MESSAGE][PASSED] - Object: 'Object Repository/katalon demo/Page_CURA Healthcare Service/button_Login' is clicked on]]></system-out>
         <system-err><![CDATA[]]></system-err>
      </testcase>
      <testcase name="Test Cases/Katalon Demo/make appointment katalon demo" time="6.887" classname="Test Cases/Katalon Demo/make appointment katalon demo" status="PASSED">
         <system-out><![CDATA[29-01-2024T23:34:38 - [TEST_CASE][PASSED] - Test Cases/Katalon Demo/make appointment katalon demo: Test Cases/Katalon Demo/make appointment katalon demo

29-01-2024T23:34:38 - [TEST_STEP][PASSED] - selectOptionByValue(findTestObject("Object Repository/katalon demo/Page_CURA Healthcare Service/select_Tokyo"), "Hongkong CURA Healthcare Center", true): All options with value 'Hongkong CURA Healthcare Center' are selected in object 'Object Repository/katalon demo/Page_CURA Healthcare Service/select_Tokyo'  using regular expression

29-01-2024T23:34:39 - [MESSAGE][PASSED] - All options with value 'Hongkong CURA Healthcare Center' are selected in object 'Object Repository/katalon demo/Page_CURA Healthcare Service/select_Tokyo'  using regular expression

29-01-2024T23:34:39 - [TEST_STEP][PASSED] - click(findTestObject("Object Repository/katalon demo/Page_CURA Healthcare Service/label_Apply for hospital readmission")): Object: 'Object Repository/katalon demo/Page_CURA Healthcare Service/label_Apply for hospital readmission' is clicked on

29-01-2024T23:34:40 - [MESSAGE][PASSED] - Object: 'Object Repository/katalon demo/Page_CURA Healthcare Service/label_Apply for hospital readmission' is clicked on

29-01-2024T23:34:40 - [TEST_STEP][PASSED] - click(findTestObject("Object Repository/katalon demo/Page_CURA Healthcare Service/input_programs")): Object: 'Object Repository/katalon demo/Page_CURA Healthcare Service/input_programs' is clicked on

29-01-2024T23:34:40 - [MESSAGE][PASSED] - Object: 'Object Repository/katalon demo/Page_CURA Healthcare Service/input_programs' is clicked on

29-01-2024T23:34:40 - [TEST_STEP][PASSED] - click(findTestObject("Object Repository/katalon demo/Page_CURA Healthcare Service/span_glyphicon glyphicon-calendar")): Object: 'Object Repository/katalon demo/Page_CURA Healthcare Service/span_glyphicon glyphicon-calendar' is clicked on

29-01-2024T23:34:41 - [MESSAGE][PASSED] - Object: 'Object Repository/katalon demo/Page_CURA Healthcare Service/span_glyphicon glyphicon-calendar' is clicked on

29-01-2024T23:34:41 - [TEST_STEP][PASSED] - click(findTestObject("Object Repository/katalon demo/Page_CURA Healthcare Service/td_31")): Object: 'Object Repository/katalon demo/Page_CURA Healthcare Service/td_31' is clicked on

29-01-2024T23:34:41 - [MESSAGE][PASSED] - Object: 'Object Repository/katalon demo/Page_CURA Healthcare Service/td_31' is clicked on

29-01-2024T23:34:41 - [TEST_STEP][PASSED] - setText(findTestObject("Object Repository/katalon demo/Page_CURA Healthcare Service/textarea_comment"), "tes katalon demo"): Text 'tes katalon demo' is set on object 'Object Repository/katalon demo/Page_CURA Healthcare Service/textarea_comment'

29-01-2024T23:34:42 - [MESSAGE][PASSED] - Text 'tes katalon demo' is set on object 'Object Repository/katalon demo/Page_CURA Healthcare Service/textarea_comment'

29-01-2024T23:34:42 - [TEST_STEP][PASSED] - click(findTestObject("Object Repository/katalon demo/Page_CURA Healthcare Service/button_Book Appointment")): Object: 'Object Repository/katalon demo/Page_CURA Healthcare Service/button_Book Appointment' is clicked on

29-01-2024T23:34:43 - [MESSAGE][PASSED] - Object: 'Object Repository/katalon demo/Page_CURA Healthcare Service/button_Book Appointment' is clicked on

29-01-2024T23:34:43 - [TEST_STEP][PASSED] - verifyTextPresent("Appointment Confirmation", false): Text 'Appointment Confirmation' is present on page 

29-01-2024T23:34:44 - [MESSAGE][PASSED] - Text 'Appointment Confirmation' is present on page 

29-01-2024T23:34:44 - [TEST_STEP][PASSED] - takeScreenshotAsCheckpoint("appointment katalon demo"): Taking screenshot successfully

29-01-2024T23:34:44 - [MESSAGE][INFO] - 0 hidden object(s)

29-01-2024T23:34:44 - [MESSAGE][PASSED] - Taking screenshot successfully
[[ATTACHMENT|keyes\keyes-appointment katalon demo.png]]

29-01-2024T23:34:44 - [TEST_STEP][PASSED] - click(findTestObject("Object Repository/katalon demo/Page_CURA Healthcare Service/a_Go to Homepage")): Object: 'Object Repository/katalon demo/Page_CURA Healthcare Service/a_Go to Homepage' is clicked on

29-01-2024T23:34:45 - [MESSAGE][PASSED] - Object: 'Object Repository/katalon demo/Page_CURA Healthcare Service/a_Go to Homepage' is clicked on]]></system-out>
         <system-err><![CDATA[]]></system-err>
      </testcase>
      <testcase name="Test Cases/Katalon Demo/make appointment katalon demo 1" time="5.738" classname="Test Cases/Katalon Demo/make appointment katalon demo 1" status="PASSED">
         <system-out><![CDATA[29-01-2024T23:34:45 - [TEST_CASE][PASSED] - Test Cases/Katalon Demo/make appointment katalon demo 1: Test Cases/Katalon Demo/make appointment katalon demo 1

29-01-2024T23:34:45 - [TEST_STEP][PASSED] - selectOptionByValue(findTestObject("Object Repository/katalon demo/Page_CURA Healthcare Service/select_Tokyo"), "Seoul CURA Healthcare Center", true): All options with value 'Seoul CURA Healthcare Center' are selected in object 'Object Repository/katalon demo/Page_CURA Healthcare Service/select_Tokyo'  using regular expression

29-01-2024T23:34:46 - [MESSAGE][PASSED] - All options with value 'Seoul CURA Healthcare Center' are selected in object 'Object Repository/katalon demo/Page_CURA Healthcare Service/select_Tokyo'  using regular expression

29-01-2024T23:34:46 - [TEST_STEP][PASSED] - click(findTestObject("Object Repository/katalon demo/Page_CURA Healthcare Service/input_hospital_readmission")): Object: 'Object Repository/katalon demo/Page_CURA Healthcare Service/input_hospital_readmission' is clicked on

29-01-2024T23:34:47 - [MESSAGE][PASSED] - Object: 'Object Repository/katalon demo/Page_CURA Healthcare Service/input_hospital_readmission' is clicked on

29-01-2024T23:34:47 - [TEST_STEP][PASSED] - click(findTestObject("Object Repository/katalon demo/Page_CURA Healthcare Service/input_programs")): Object: 'Object Repository/katalon demo/Page_CURA Healthcare Service/input_programs' is clicked on

29-01-2024T23:34:47 - [MESSAGE][PASSED] - Object: 'Object Repository/katalon demo/Page_CURA Healthcare Service/input_programs' is clicked on

29-01-2024T23:34:47 - [TEST_STEP][PASSED] - click(findTestObject("Object Repository/katalon demo/Page_CURA Healthcare Service/span_glyphicon glyphicon-calendar")): Object: 'Object Repository/katalon demo/Page_CURA Healthcare Service/span_glyphicon glyphicon-calendar' is clicked on

29-01-2024T23:34:47 - [MESSAGE][PASSED] - Object: 'Object Repository/katalon demo/Page_CURA Healthcare Service/span_glyphicon glyphicon-calendar' is clicked on

29-01-2024T23:34:47 - [TEST_STEP][PASSED] - click(findTestObject("Object Repository/katalon demo/Page_CURA Healthcare Service/td_30")): Object: 'Object Repository/katalon demo/Page_CURA Healthcare Service/td_30' is clicked on

29-01-2024T23:34:48 - [MESSAGE][PASSED] - Object: 'Object Repository/katalon demo/Page_CURA Healthcare Service/td_30' is clicked on

29-01-2024T23:34:48 - [TEST_STEP][PASSED] - setText(findTestObject("Object Repository/katalon demo/Page_CURA Healthcare Service/textarea_comment"), "tes katalon"): Text 'tes katalon' is set on object 'Object Repository/katalon demo/Page_CURA Healthcare Service/textarea_comment'

29-01-2024T23:34:49 - [MESSAGE][PASSED] - Text 'tes katalon' is set on object 'Object Repository/katalon demo/Page_CURA Healthcare Service/textarea_comment'

29-01-2024T23:34:49 - [TEST_STEP][PASSED] - click(findTestObject("Object Repository/katalon demo/Page_CURA Healthcare Service/button_Book Appointment")): Object: 'Object Repository/katalon demo/Page_CURA Healthcare Service/button_Book Appointment' is clicked on

29-01-2024T23:34:49 - [MESSAGE][PASSED] - Object: 'Object Repository/katalon demo/Page_CURA Healthcare Service/button_Book Appointment' is clicked on

29-01-2024T23:34:49 - [TEST_STEP][PASSED] - verifyTextPresent("Appointment Confirmation", false): Text 'Appointment Confirmation' is present on page 

29-01-2024T23:34:50 - [MESSAGE][PASSED] - Text 'Appointment Confirmation' is present on page 

29-01-2024T23:34:50 - [TEST_STEP][PASSED] - takeScreenshotAsCheckpoint("appointment 1 katalon demo"): Taking screenshot successfully

29-01-2024T23:34:50 - [MESSAGE][INFO] - 0 hidden object(s)

29-01-2024T23:34:50 - [MESSAGE][PASSED] - Taking screenshot successfully
[[ATTACHMENT|keyes\keyes-appointment 1 katalon demo.png]]

29-01-2024T23:34:50 - [TEST_STEP][PASSED] - click(findTestObject("Object Repository/katalon demo/Page_CURA Healthcare Service/a_Go to Homepage")): Object: 'Object Repository/katalon demo/Page_CURA Healthcare Service/a_Go to Homepage' is clicked on

29-01-2024T23:34:51 - [MESSAGE][PASSED] - Object: 'Object Repository/katalon demo/Page_CURA Healthcare Service/a_Go to Homepage' is clicked on]]></system-out>
         <system-err><![CDATA[]]></system-err>
      </testcase>
      <testcase name="Test Cases/Katalon Demo/make appointment katalon demo 2" time="5.448" classname="Test Cases/Katalon Demo/make appointment katalon demo 2" status="PASSED">
         <system-out><![CDATA[29-01-2024T23:34:51 - [TEST_CASE][PASSED] - Test Cases/Katalon Demo/make appointment katalon demo 2: Test Cases/Katalon Demo/make appointment katalon demo 2

29-01-2024T23:34:51 - [TEST_STEP][PASSED] - click(findTestObject("Object Repository/katalon demo/Page_CURA Healthcare Service/label_Apply for hospital readmission")): Object: 'Object Repository/katalon demo/Page_CURA Healthcare Service/label_Apply for hospital readmission' is clicked on

29-01-2024T23:34:51 - [MESSAGE][PASSED] - Object: 'Object Repository/katalon demo/Page_CURA Healthcare Service/label_Apply for hospital readmission' is clicked on

29-01-2024T23:34:51 - [TEST_STEP][PASSED] - click(findTestObject("Object Repository/katalon demo/Page_CURA Healthcare Service/input_programs")): Object: 'Object Repository/katalon demo/Page_CURA Healthcare Service/input_programs' is clicked on

29-01-2024T23:34:51 - [MESSAGE][PASSED] - Object: 'Object Repository/katalon demo/Page_CURA Healthcare Service/input_programs' is clicked on

29-01-2024T23:34:51 - [TEST_STEP][PASSED] - click(findTestObject("Object Repository/katalon demo/Page_CURA Healthcare Service/input_visit_date")): Object: 'Object Repository/katalon demo/Page_CURA Healthcare Service/input_visit_date' is clicked on

29-01-2024T23:34:52 - [MESSAGE][PASSED] - Object: 'Object Repository/katalon demo/Page_CURA Healthcare Service/input_visit_date' is clicked on

29-01-2024T23:34:52 - [TEST_STEP][PASSED] - click(findTestObject("Object Repository/katalon demo/Page_CURA Healthcare Service/th_")): Object: 'Object Repository/katalon demo/Page_CURA Healthcare Service/th_' is clicked on

29-01-2024T23:34:52 - [MESSAGE][PASSED] - Object: 'Object Repository/katalon demo/Page_CURA Healthcare Service/th_' is clicked on

29-01-2024T23:34:52 - [TEST_STEP][PASSED] - click(findTestObject("Object Repository/katalon demo/Page_CURA Healthcare Service/td_28")): Object: 'Object Repository/katalon demo/Page_CURA Healthcare Service/td_28' is clicked on

29-01-2024T23:34:53 - [MESSAGE][PASSED] - Object: 'Object Repository/katalon demo/Page_CURA Healthcare Service/td_28' is clicked on

29-01-2024T23:34:53 - [TEST_STEP][PASSED] - setText(findTestObject("Object Repository/katalon demo/Page_CURA Healthcare Service/textarea_comment"), "tes katalon"): Text 'tes katalon' is set on object 'Object Repository/katalon demo/Page_CURA Healthcare Service/textarea_comment'

29-01-2024T23:34:54 - [MESSAGE][PASSED] - Text 'tes katalon' is set on object 'Object Repository/katalon demo/Page_CURA Healthcare Service/textarea_comment'

29-01-2024T23:34:54 - [TEST_STEP][PASSED] - click(findTestObject("Object Repository/katalon demo/Page_CURA Healthcare Service/button_Book Appointment")): Object: 'Object Repository/katalon demo/Page_CURA Healthcare Service/button_Book Appointment' is clicked on

29-01-2024T23:34:54 - [MESSAGE][PASSED] - Object: 'Object Repository/katalon demo/Page_CURA Healthcare Service/button_Book Appointment' is clicked on

29-01-2024T23:34:54 - [TEST_STEP][PASSED] - verifyTextPresent("Appointment Confirmation", false): Text 'Appointment Confirmation' is present on page 

29-01-2024T23:34:55 - [MESSAGE][PASSED] - Text 'Appointment Confirmation' is present on page 

29-01-2024T23:34:55 - [TEST_STEP][PASSED] - takeScreenshotAsCheckpoint("appointment 2 katalon demo"): Taking screenshot successfully

29-01-2024T23:34:55 - [MESSAGE][INFO] - 0 hidden object(s)

29-01-2024T23:34:55 - [MESSAGE][PASSED] - Taking screenshot successfully
[[ATTACHMENT|keyes\keyes-appointment 2 katalon demo.png]]

29-01-2024T23:34:55 - [TEST_STEP][PASSED] - click(findTestObject("Object Repository/katalon demo/Page_CURA Healthcare Service/a_Go to Homepage")): Object: 'Object Repository/katalon demo/Page_CURA Healthcare Service/a_Go to Homepage' is clicked on

29-01-2024T23:34:56 - [MESSAGE][PASSED] - Object: 'Object Repository/katalon demo/Page_CURA Healthcare Service/a_Go to Homepage' is clicked on]]></system-out>
         <system-err><![CDATA[]]></system-err>
      </testcase>
      <testcase name="Test Cases/Katalon Demo/history katalon demo" time="65.978" classname="Test Cases/Katalon Demo/history katalon demo" status="PASSED">
         <system-out><![CDATA[29-01-2024T23:34:56 - [TEST_CASE][PASSED] - Test Cases/Katalon Demo/history katalon demo: Test Cases/Katalon Demo/history katalon demo

29-01-2024T23:34:56 - [TEST_STEP][PASSED] - click(findTestObject("Object Repository/katalon demo/Page_CURA Healthcare Service/amenu-toggle")): Object: 'Object Repository/katalon demo/Page_CURA Healthcare Service/amenu-toggle' is clicked on

29-01-2024T23:34:57 - [MESSAGE][PASSED] - Object: 'Object Repository/katalon demo/Page_CURA Healthcare Service/amenu-toggle' is clicked on

29-01-2024T23:34:57 - [TEST_STEP][PASSED] - click(findTestObject("Object Repository/katalon demo/Page_CURA Healthcare Service/a_History")): Object: 'Object Repository/katalon demo/Page_CURA Healthcare Service/a_History' is clicked on

29-01-2024T23:34:58 - [MESSAGE][PASSED] - Object: 'Object Repository/katalon demo/Page_CURA Healthcare Service/a_History' is clicked on

29-01-2024T23:34:58 - [TEST_STEP][PASSED] - takeScreenshotAsCheckpoint("history katalon demo"): Taking screenshot successfully

29-01-2024T23:34:58 - [MESSAGE][INFO] - 0 hidden object(s)

29-01-2024T23:34:58 - [MESSAGE][PASSED] - Taking screenshot successfully
[[ATTACHMENT|keyes\keyes-history katalon demo.png]]

29-01-2024T23:34:58 - [TEST_STEP][PASSED] - scrollToElement(findTestObject("katalon demo/Page_CURA Healthcare Service/a_Go to Homepage"), 3): Scroll to object 'Object Repository/katalon demo/Page_CURA Healthcare Service/a_Go to Homepage' successfully

29-01-2024T23:35:29 - [MESSAGE][INFO] - Unable to find the element located by 'By.xpath: //section[@id='summary']/div/div/div[7]/p/a'. Please recheck the objects properties to make sure the desired element is located. 

29-01-2024T23:35:29 - [MESSAGE][WARNING] - [SELF-HEALING] Failed to find element with id 'Object Repository/katalon demo/Page_CURA Healthcare Service/a_Go to Homepage'. Try using Self-healing.

29-01-2024T23:35:30 - [MESSAGE][WARNING] - [SELF-HEALING] The current locator of test object 'Object Repository/katalon demo/Page_CURA Healthcare Service/a_Go to Homepage' was broken. Propose an alternative one: '//a[contains(text(),'Go to Homepage')]'.

29-01-2024T23:35:30 - [MESSAGE][PASSED] - Scroll to object 'Object Repository/katalon demo/Page_CURA Healthcare Service/a_Go to Homepage' successfully

29-01-2024T23:35:30 - [TEST_STEP][PASSED] - click(findTestObject("Object Repository/katalon demo/Page_CURA Healthcare Service/a_Go to Homepage")): Object: 'Object Repository/katalon demo/Page_CURA Healthcare Service/a_Go to Homepage' is clicked on

29-01-2024T23:36:01 - [MESSAGE][INFO] - Unable to find the element located by 'By.xpath: //section[@id='summary']/div/div/div[7]/p/a'. Please recheck the objects properties to make sure the desired element is located. 

29-01-2024T23:36:01 - [MESSAGE][WARNING] - [SELF-HEALING] Failed to find element with id 'Object Repository/katalon demo/Page_CURA Healthcare Service/a_Go to Homepage'. Try using Self-healing.

29-01-2024T23:36:01 - [MESSAGE][WARNING] - [SELF-HEALING] The current locator of test object 'Object Repository/katalon demo/Page_CURA Healthcare Service/a_Go to Homepage' was broken. Propose an alternative one: '//a[contains(text(),'Go to Homepage')]'.

29-01-2024T23:36:02 - [MESSAGE][PASSED] - Object: 'Object Repository/katalon demo/Page_CURA Healthcare Service/a_Go to Homepage' is clicked on]]></system-out>
         <system-err><![CDATA[]]></system-err>
      </testcase>
      <testcase name="Test Cases/Katalon Demo/profile katalon demo" time="3.215" classname="Test Cases/Katalon Demo/profile katalon demo" status="PASSED">
         <system-out><![CDATA[29-01-2024T23:36:02 - [TEST_CASE][PASSED] - Test Cases/Katalon Demo/profile katalon demo: Test Cases/Katalon Demo/profile katalon demo

29-01-2024T23:36:02 - [TEST_STEP][PASSED] - click(findTestObject("Object Repository/katalon demo/Page_CURA Healthcare Service/i_fa fa-bars")): Object: 'Object Repository/katalon demo/Page_CURA Healthcare Service/i_fa fa-bars' is clicked on

29-01-2024T23:36:03 - [MESSAGE][PASSED] - Object: 'Object Repository/katalon demo/Page_CURA Healthcare Service/i_fa fa-bars' is clicked on

29-01-2024T23:36:03 - [TEST_STEP][PASSED] - click(findTestObject("Object Repository/katalon demo/Page_CURA Healthcare Service/a_Profile")): Object: 'Object Repository/katalon demo/Page_CURA Healthcare Service/a_Profile' is clicked on

29-01-2024T23:36:03 - [MESSAGE][PASSED] - Object: 'Object Repository/katalon demo/Page_CURA Healthcare Service/a_Profile' is clicked on

29-01-2024T23:36:03 - [TEST_STEP][PASSED] - takeScreenshotAsCheckpoint("profile katalon demo"): Taking screenshot successfully

29-01-2024T23:36:04 - [MESSAGE][INFO] - 0 hidden object(s)

29-01-2024T23:36:04 - [MESSAGE][PASSED] - Taking screenshot successfully
[[ATTACHMENT|keyes\keyes-profile katalon demo.png]]

29-01-2024T23:36:04 - [TEST_STEP][PASSED] - click(findTestObject("Object Repository/katalon demo/Page_CURA Healthcare Service/i_fa fa-bars")): Object: 'Object Repository/katalon demo/Page_CURA Healthcare Service/i_fa fa-bars' is clicked on

29-01-2024T23:36:04 - [MESSAGE][PASSED] - Object: 'Object Repository/katalon demo/Page_CURA Healthcare Service/i_fa fa-bars' is clicked on

29-01-2024T23:36:04 - [TEST_STEP][PASSED] - click(findTestObject("Object Repository/katalon demo/Page_CURA Healthcare Service/a_Home")): Object: 'Object Repository/katalon demo/Page_CURA Healthcare Service/a_Home' is clicked on

29-01-2024T23:36:05 - [MESSAGE][PASSED] - Object: 'Object Repository/katalon demo/Page_CURA Healthcare Service/a_Home' is clicked on]]></system-out>
         <system-err><![CDATA[]]></system-err>
      </testcase>
      <testcase name="Test Cases/Katalon Demo/logout katalon demo" time="2.645" classname="Test Cases/Katalon Demo/logout katalon demo" status="PASSED">
         <system-out><![CDATA[29-01-2024T23:36:05 - [TEST_CASE][PASSED] - Test Cases/Katalon Demo/logout katalon demo: Test Cases/Katalon Demo/logout katalon demo

29-01-2024T23:36:05 - [TEST_STEP][PASSED] - click(findTestObject("Object Repository/katalon demo/Page_CURA Healthcare Service/i_fa fa-bars")): Object: 'Object Repository/katalon demo/Page_CURA Healthcare Service/i_fa fa-bars' is clicked on

29-01-2024T23:36:06 - [MESSAGE][PASSED] - Object: 'Object Repository/katalon demo/Page_CURA Healthcare Service/i_fa fa-bars' is clicked on

29-01-2024T23:36:06 - [TEST_STEP][PASSED] - takeScreenshotAsCheckpoint("logout katalon demo"): Taking screenshot successfully

29-01-2024T23:36:07 - [MESSAGE][INFO] - 0 hidden object(s)

29-01-2024T23:36:07 - [MESSAGE][PASSED] - Taking screenshot successfully
[[ATTACHMENT|keyes\keyes-logout katalon demo.png]]

29-01-2024T23:36:07 - [TEST_STEP][PASSED] - click(findTestObject("Object Repository/katalon demo/Page_CURA Healthcare Service/a_Logout")): Object: 'Object Repository/katalon demo/Page_CURA Healthcare Service/a_Logout' is clicked on

29-01-2024T23:36:08 - [MESSAGE][PASSED] - Object: 'Object Repository/katalon demo/Page_CURA Healthcare Service/a_Logout' is clicked on

29-01-2024T23:36:08 - [TEST_STEP][PASSED] - closeBrowser(): Browser is closed

29-01-2024T23:36:08 - [MESSAGE][PASSED] - Browser is closed]]></system-out>
         <system-err><![CDATA[]]></system-err>
      </testcase>
      <testcase name="Test Cases/Katalon Demo/negatif login katalon demo" time="17.024" classname="Test Cases/Katalon Demo/negatif login katalon demo" status="PASSED">
         <system-out><![CDATA[29-01-2024T23:36:08 - [TEST_CASE][PASSED] - Test Cases/Katalon Demo/negatif login katalon demo: Test Cases/Katalon Demo/negatif login katalon demo

29-01-2024T23:36:08 - [TEST_STEP][PASSED] - openBrowser(""): Browser is opened with url: ''

29-01-2024T23:36:08 - [MESSAGE][INFO] - Starting 'Chrome' driver

29-01-2024T23:36:08 - [MESSAGE][INFO] - Action delay is set to 0 milliseconds

29-01-2024T23:36:09 - [MESSAGE][PASSED] - Browser is opened with url: ''

29-01-2024T23:36:09 - [TEST_STEP][PASSED] - navigateToUrl("https://katalon-demo-cura.herokuapp.com/"): Navigate to 'https://katalon-demo-cura.herokuapp.com/' successfully

29-01-2024T23:36:16 - [MESSAGE][PASSED] - Navigate to 'https://katalon-demo-cura.herokuapp.com/' successfully

29-01-2024T23:36:16 - [TEST_STEP][PASSED] - click(findTestObject("Object Repository/katalon demo/Page_CURA Healthcare Service/amenu-toggle")): Object: 'Object Repository/katalon demo/Page_CURA Healthcare Service/amenu-toggle' is clicked on

29-01-2024T23:36:16 - [MESSAGE][PASSED] - Object: 'Object Repository/katalon demo/Page_CURA Healthcare Service/amenu-toggle' is clicked on

29-01-2024T23:36:16 - [TEST_STEP][PASSED] - click(findTestObject("Object Repository/katalon demo/Page_CURA Healthcare Service/a_Login")): Object: 'Object Repository/katalon demo/Page_CURA Healthcare Service/a_Login' is clicked on

29-01-2024T23:36:17 - [MESSAGE][PASSED] - Object: 'Object Repository/katalon demo/Page_CURA Healthcare Service/a_Login' is clicked on

29-01-2024T23:36:17 - [TEST_STEP][PASSED] - setText(findTestObject("Object Repository/katalon demo/Page_CURA Healthcare Service/input_username"), username1): Text 'aaaaa' is set on object 'Object Repository/katalon demo/Page_CURA Healthcare Service/input_username'

29-01-2024T23:36:18 - [MESSAGE][PASSED] - Text 'aaaaa' is set on object 'Object Repository/katalon demo/Page_CURA Healthcare Service/input_username'

29-01-2024T23:36:18 - [TEST_STEP][PASSED] - setText(findTestObject("Object Repository/katalon demo/Page_CURA Healthcare Service/input_password"), password1): Text 'aaaaaaaa' is set on object 'Object Repository/katalon demo/Page_CURA Healthcare Service/input_password'

29-01-2024T23:36:19 - [MESSAGE][PASSED] - Text 'aaaaaaaa' is set on object 'Object Repository/katalon demo/Page_CURA Healthcare Service/input_password'

29-01-2024T23:36:19 - [TEST_STEP][PASSED] - click(findTestObject("katalon demo/Page_CURA Healthcare Service/button_Login")): Object: 'Object Repository/katalon demo/Page_CURA Healthcare Service/button_Login' is clicked on

29-01-2024T23:36:20 - [MESSAGE][PASSED] - Object: 'Object Repository/katalon demo/Page_CURA Healthcare Service/button_Login' is clicked on

29-01-2024T23:36:20 - [TEST_STEP][PASSED] - verifyTextPresent("Login failed!", false): Text 'Login failed!' is present on page 

29-01-2024T23:36:20 - [MESSAGE][PASSED] - Text 'Login failed!' is present on page 

29-01-2024T23:36:20 - [TEST_STEP][PASSED] - takeScreenshotAsCheckpoint("negatif 1 login katalon demo"): Taking screenshot successfully

29-01-2024T23:36:20 - [MESSAGE][INFO] - 0 hidden object(s)

29-01-2024T23:36:20 - [MESSAGE][PASSED] - Taking screenshot successfully
[[ATTACHMENT|keyes\keyes-negatif 1 login katalon demo.png]]

29-01-2024T23:36:20 - [TEST_STEP][PASSED] - click(findTestObject("Object Repository/katalon demo/Page_CURA Healthcare Service/button_Login")): Object: 'Object Repository/katalon demo/Page_CURA Healthcare Service/button_Login' is clicked on

29-01-2024T23:36:21 - [MESSAGE][PASSED] - Object: 'Object Repository/katalon demo/Page_CURA Healthcare Service/button_Login' is clicked on

29-01-2024T23:36:21 - [TEST_STEP][PASSED] - setText(findTestObject("katalon demo/Page_CURA Healthcare Service/input_username"), username2): Text 'bbbbb' is set on object 'Object Repository/katalon demo/Page_CURA Healthcare Service/input_username'

29-01-2024T23:36:22 - [MESSAGE][PASSED] - Text 'bbbbb' is set on object 'Object Repository/katalon demo/Page_CURA Healthcare Service/input_username'

29-01-2024T23:36:22 - [TEST_STEP][PASSED] - setText(findTestObject("katalon demo/Page_CURA Healthcare Service/input_password"), password2): Text 'bbbbbbbb' is set on object 'Object Repository/katalon demo/Page_CURA Healthcare Service/input_password'

29-01-2024T23:36:23 - [MESSAGE][PASSED] - Text 'bbbbbbbb' is set on object 'Object Repository/katalon demo/Page_CURA Healthcare Service/input_password'

29-01-2024T23:36:23 - [TEST_STEP][PASSED] - click(findTestObject("katalon demo/Page_CURA Healthcare Service/button_Login")): Object: 'Object Repository/katalon demo/Page_CURA Healthcare Service/button_Login' is clicked on

29-01-2024T23:36:24 - [MESSAGE][PASSED] - Object: 'Object Repository/katalon demo/Page_CURA Healthcare Service/button_Login' is clicked on

29-01-2024T23:36:24 - [TEST_STEP][PASSED] - verifyTextPresent("Login failed!", false): Text 'Login failed!' is present on page 

29-01-2024T23:36:25 - [MESSAGE][PASSED] - Text 'Login failed!' is present on page 

29-01-2024T23:36:25 - [TEST_STEP][PASSED] - takeScreenshotAsCheckpoint("negatif 2 login katalon demo"): Taking screenshot successfully

29-01-2024T23:36:25 - [MESSAGE][INFO] - 0 hidden object(s)

29-01-2024T23:36:25 - [MESSAGE][PASSED] - Taking screenshot successfully
[[ATTACHMENT|keyes\keyes-negatif 2 login katalon demo.png]]]]></system-out>
         <system-err><![CDATA[]]></system-err>
      </testcase>
      <system-out><![CDATA[29-01-2024T23:34:24 - [TEST_SUITE][PASSED] - katalon demo: Test Cases/Katalon Demo/negatif login katalon demo]]></system-out>
      <system-err><![CDATA[]]></system-err>
   </testsuite>
   <testsuite name="katalon demo" tests="8" failures="0" errors="0" time="124.275" skipped="0" timestamp="29-01-2024T23:36:32" hostname="0517 - Pierrot" id="Test Suites/katalon demo">
      <properties>
         <property name="deviceName" value=""/>
         <property name="devicePlatform" value=""/>
         <property name="logFolder" value="C:\\Users\\0517\\Katalon Studio\\poc bni\\Reports\\20240129_231002\\katalon demo\\20240129_231115"/>
         <property name="logFiles" value="C:\\Users\\0517\\Katalon Studio\\poc bni\\Reports\\20240129_231002\\katalon demo\\20240129_231115\\execution0.log"/>
         <property name="attachments" value="keyes\keyes-login katalon demo.png, keyes\keyes-appointment katalon demo.png, keyes\keyes-appointment 1 katalon demo.png, keyes\keyes-appointment 2 katalon demo.png, keyes\keyes-history katalon demo.png, keyes\keyes-profile katalon demo.png, keyes\keyes-logout katalon demo.png, keyes\keyes-negatif 1 login katalon demo.png, keyes\keyes-negatif 2 login katalon demo.png"/>
         <property name="hostName" value="0517 - Pierrot"/>
         <property name="os" value="Windows 10 64bit"/>
         <property name="katalonVersion" value="9.2.0.212"/>
         <property name="browser" value="Chrome 121.0.0.0"/>
         <property name="hostAddress" value="192.168.96.2"/>
         <property name="sessionId" value="0328922078b5cc0b432c70c536c48d9f"/>
         <property name="seleniumVersion" value="3.141.59"/>
         <property name="proxyInformation" value="ProxyInformation { proxyOption=NO_PROXY, proxyServerType=HTTP, username=, password=********, proxyServerAddress=, proxyServerPort=0, executionList=&quot;&quot;, isApplyToDesiredCapabilities=true }"/>
         <property name="platform" value="Windows 10"/>
      </properties>
      <testcase name="Test Cases/Katalon Demo/login katalon demo" time="10.612" classname="Test Cases/Katalon Demo/login katalon demo" status="PASSED">
         <system-out><![CDATA[29-01-2024T23:36:32 - [TEST_CASE][PASSED] - Test Cases/Katalon Demo/login katalon demo: Test Cases/Katalon Demo/login katalon demo

29-01-2024T23:36:33 - [TEST_STEP][PASSED] - openBrowser(""): Browser is opened with url: ''

29-01-2024T23:36:33 - [MESSAGE][INFO] - Starting 'Chrome' driver

29-01-2024T23:36:33 - [MESSAGE][INFO] - Action delay is set to 0 milliseconds

29-01-2024T23:36:35 - [MESSAGE][PASSED] - Browser is opened with url: ''

29-01-2024T23:36:35 - [TEST_STEP][PASSED] - navigateToUrl("https://katalon-demo-cura.herokuapp.com/"): Navigate to 'https://katalon-demo-cura.herokuapp.com/' successfully

29-01-2024T23:36:39 - [MESSAGE][PASSED] - Navigate to 'https://katalon-demo-cura.herokuapp.com/' successfully

29-01-2024T23:36:39 - [TEST_STEP][PASSED] - click(findTestObject("Object Repository/katalon demo/Page_CURA Healthcare Service/amenu-toggle")): Object: 'Object Repository/katalon demo/Page_CURA Healthcare Service/amenu-toggle' is clicked on

29-01-2024T23:36:39 - [MESSAGE][PASSED] - Object: 'Object Repository/katalon demo/Page_CURA Healthcare Service/amenu-toggle' is clicked on

29-01-2024T23:36:39 - [TEST_STEP][PASSED] - click(findTestObject("Object Repository/katalon demo/Page_CURA Healthcare Service/a_Login")): Object: 'Object Repository/katalon demo/Page_CURA Healthcare Service/a_Login' is clicked on

29-01-2024T23:36:40 - [MESSAGE][PASSED] - Object: 'Object Repository/katalon demo/Page_CURA Healthcare Service/a_Login' is clicked on

29-01-2024T23:36:40 - [TEST_STEP][PASSED] - setText(findTestObject("Object Repository/katalon demo/Page_CURA Healthcare Service/input_username"), "John Doe"): Text 'John Doe' is set on object 'Object Repository/katalon demo/Page_CURA Healthcare Service/input_username'

29-01-2024T23:36:41 - [MESSAGE][PASSED] - Text 'John Doe' is set on object 'Object Repository/katalon demo/Page_CURA Healthcare Service/input_username'

29-01-2024T23:36:41 - [TEST_STEP][PASSED] - setEncryptedText(findTestObject("Object Repository/katalon demo/Page_CURA Healthcare Service/input_password"), "g3/DOGG74jC3Flrr3yH+3D/yKbOqqUNM"): Text ****** has been set on object 'Object Repository/katalon demo/Page_CURA Healthcare Service/input_password'

29-01-2024T23:36:41 - [MESSAGE][PASSED] - Text ****** has been set on object 'Object Repository/katalon demo/Page_CURA Healthcare Service/input_password'

29-01-2024T23:36:41 - [TEST_STEP][PASSED] - takeScreenshotAsCheckpoint("login katalon demo", STOP_ON_FAILURE): Taking screenshot successfully

29-01-2024T23:36:42 - [MESSAGE][INFO] - 0 hidden object(s)

29-01-2024T23:36:42 - [MESSAGE][PASSED] - Taking screenshot successfully
[[ATTACHMENT|keyes\keyes-login katalon demo.png]]

29-01-2024T23:36:42 - [TEST_STEP][PASSED] - click(findTestObject("Object Repository/katalon demo/Page_CURA Healthcare Service/button_Login")): Object: 'Object Repository/katalon demo/Page_CURA Healthcare Service/button_Login' is clicked on

29-01-2024T23:36:43 - [MESSAGE][PASSED] - Object: 'Object Repository/katalon demo/Page_CURA Healthcare Service/button_Login' is clicked on]]></system-out>
         <system-err><![CDATA[]]></system-err>
      </testcase>
      <testcase name="Test Cases/Katalon Demo/make appointment katalon demo" time="13.828" classname="Test Cases/Katalon Demo/make appointment katalon demo" status="PASSED">
         <system-out><![CDATA[29-01-2024T23:36:43 - [TEST_CASE][PASSED] - Test Cases/Katalon Demo/make appointment katalon demo: Test Cases/Katalon Demo/make appointment katalon demo

29-01-2024T23:36:43 - [TEST_STEP][PASSED] - selectOptionByValue(findTestObject("Object Repository/katalon demo/Page_CURA Healthcare Service/select_Tokyo"), "Hongkong CURA Healthcare Center", true): All options with value 'Hongkong CURA Healthcare Center' are selected in object 'Object Repository/katalon demo/Page_CURA Healthcare Service/select_Tokyo'  using regular expression

29-01-2024T23:36:44 - [MESSAGE][PASSED] - All options with value 'Hongkong CURA Healthcare Center' are selected in object 'Object Repository/katalon demo/Page_CURA Healthcare Service/select_Tokyo'  using regular expression

29-01-2024T23:36:44 - [TEST_STEP][PASSED] - click(findTestObject("Object Repository/katalon demo/Page_CURA Healthcare Service/label_Apply for hospital readmission")): Object: 'Object Repository/katalon demo/Page_CURA Healthcare Service/label_Apply for hospital readmission' is clicked on

29-01-2024T23:36:45 - [MESSAGE][PASSED] - Object: 'Object Repository/katalon demo/Page_CURA Healthcare Service/label_Apply for hospital readmission' is clicked on

29-01-2024T23:36:45 - [TEST_STEP][PASSED] - click(findTestObject("Object Repository/katalon demo/Page_CURA Healthcare Service/input_programs")): Object: 'Object Repository/katalon demo/Page_CURA Healthcare Service/input_programs' is clicked on

29-01-2024T23:36:45 - [MESSAGE][PASSED] - Object: 'Object Repository/katalon demo/Page_CURA Healthcare Service/input_programs' is clicked on

29-01-2024T23:36:45 - [TEST_STEP][PASSED] - click(findTestObject("Object Repository/katalon demo/Page_CURA Healthcare Service/span_glyphicon glyphicon-calendar")): Object: 'Object Repository/katalon demo/Page_CURA Healthcare Service/span_glyphicon glyphicon-calendar' is clicked on

29-01-2024T23:36:45 - [MESSAGE][PASSED] - Object: 'Object Repository/katalon demo/Page_CURA Healthcare Service/span_glyphicon glyphicon-calendar' is clicked on

29-01-2024T23:36:45 - [TEST_STEP][PASSED] - click(findTestObject("Object Repository/katalon demo/Page_CURA Healthcare Service/td_31")): Object: 'Object Repository/katalon demo/Page_CURA Healthcare Service/td_31' is clicked on

29-01-2024T23:36:46 - [MESSAGE][PASSED] - Object: 'Object Repository/katalon demo/Page_CURA Healthcare Service/td_31' is clicked on

29-01-2024T23:36:46 - [TEST_STEP][PASSED] - setText(findTestObject("Object Repository/katalon demo/Page_CURA Healthcare Service/textarea_comment"), "tes katalon demo"): Text 'tes katalon demo' is set on object 'Object Repository/katalon demo/Page_CURA Healthcare Service/textarea_comment'

29-01-2024T23:36:47 - [MESSAGE][PASSED] - Text 'tes katalon demo' is set on object 'Object Repository/katalon demo/Page_CURA Healthcare Service/textarea_comment'

29-01-2024T23:36:47 - [TEST_STEP][PASSED] - click(findTestObject("Object Repository/katalon demo/Page_CURA Healthcare Service/button_Book Appointment")): Object: 'Object Repository/katalon demo/Page_CURA Healthcare Service/button_Book Appointment' is clicked on

29-01-2024T23:36:55 - [MESSAGE][PASSED] - Object: 'Object Repository/katalon demo/Page_CURA Healthcare Service/button_Book Appointment' is clicked on

29-01-2024T23:36:55 - [TEST_STEP][PASSED] - verifyTextPresent("Appointment Confirmation", false): Text 'Appointment Confirmation' is present on page 

29-01-2024T23:36:55 - [MESSAGE][PASSED] - Text 'Appointment Confirmation' is present on page 

29-01-2024T23:36:55 - [TEST_STEP][PASSED] - takeScreenshotAsCheckpoint("appointment katalon demo"): Taking screenshot successfully

29-01-2024T23:36:56 - [MESSAGE][INFO] - 0 hidden object(s)

29-01-2024T23:36:56 - [MESSAGE][PASSED] - Taking screenshot successfully
[[ATTACHMENT|keyes\keyes-appointment katalon demo.png]]

29-01-2024T23:36:56 - [TEST_STEP][PASSED] - click(findTestObject("Object Repository/katalon demo/Page_CURA Healthcare Service/a_Go to Homepage")): Object: 'Object Repository/katalon demo/Page_CURA Healthcare Service/a_Go to Homepage' is clicked on

29-01-2024T23:36:57 - [MESSAGE][PASSED] - Object: 'Object Repository/katalon demo/Page_CURA Healthcare Service/a_Go to Homepage' is clicked on]]></system-out>
         <system-err><![CDATA[]]></system-err>
      </testcase>
      <testcase name="Test Cases/Katalon Demo/make appointment katalon demo 1" time="5.957" classname="Test Cases/Katalon Demo/make appointment katalon demo 1" status="PASSED">
         <system-out><![CDATA[29-01-2024T23:36:57 - [TEST_CASE][PASSED] - Test Cases/Katalon Demo/make appointment katalon demo 1: Test Cases/Katalon Demo/make appointment katalon demo 1

29-01-2024T23:36:57 - [TEST_STEP][PASSED] - selectOptionByValue(findTestObject("Object Repository/katalon demo/Page_CURA Healthcare Service/select_Tokyo"), "Seoul CURA Healthcare Center", true): All options with value 'Seoul CURA Healthcare Center' are selected in object 'Object Repository/katalon demo/Page_CURA Healthcare Service/select_Tokyo'  using regular expression

29-01-2024T23:36:58 - [MESSAGE][PASSED] - All options with value 'Seoul CURA Healthcare Center' are selected in object 'Object Repository/katalon demo/Page_CURA Healthcare Service/select_Tokyo'  using regular expression

29-01-2024T23:36:58 - [TEST_STEP][PASSED] - click(findTestObject("Object Repository/katalon demo/Page_CURA Healthcare Service/input_hospital_readmission")): Object: 'Object Repository/katalon demo/Page_CURA Healthcare Service/input_hospital_readmission' is clicked on

29-01-2024T23:36:58 - [MESSAGE][PASSED] - Object: 'Object Repository/katalon demo/Page_CURA Healthcare Service/input_hospital_readmission' is clicked on

29-01-2024T23:36:58 - [TEST_STEP][PASSED] - click(findTestObject("Object Repository/katalon demo/Page_CURA Healthcare Service/input_programs")): Object: 'Object Repository/katalon demo/Page_CURA Healthcare Service/input_programs' is clicked on

29-01-2024T23:36:59 - [MESSAGE][PASSED] - Object: 'Object Repository/katalon demo/Page_CURA Healthcare Service/input_programs' is clicked on

29-01-2024T23:36:59 - [TEST_STEP][PASSED] - click(findTestObject("Object Repository/katalon demo/Page_CURA Healthcare Service/span_glyphicon glyphicon-calendar")): Object: 'Object Repository/katalon demo/Page_CURA Healthcare Service/span_glyphicon glyphicon-calendar' is clicked on

29-01-2024T23:36:59 - [MESSAGE][PASSED] - Object: 'Object Repository/katalon demo/Page_CURA Healthcare Service/span_glyphicon glyphicon-calendar' is clicked on

29-01-2024T23:36:59 - [TEST_STEP][PASSED] - click(findTestObject("Object Repository/katalon demo/Page_CURA Healthcare Service/td_30")): Object: 'Object Repository/katalon demo/Page_CURA Healthcare Service/td_30' is clicked on

29-01-2024T23:37:00 - [MESSAGE][PASSED] - Object: 'Object Repository/katalon demo/Page_CURA Healthcare Service/td_30' is clicked on

29-01-2024T23:37:00 - [TEST_STEP][PASSED] - setText(findTestObject("Object Repository/katalon demo/Page_CURA Healthcare Service/textarea_comment"), "tes katalon"): Text 'tes katalon' is set on object 'Object Repository/katalon demo/Page_CURA Healthcare Service/textarea_comment'

29-01-2024T23:37:00 - [MESSAGE][PASSED] - Text 'tes katalon' is set on object 'Object Repository/katalon demo/Page_CURA Healthcare Service/textarea_comment'

29-01-2024T23:37:00 - [TEST_STEP][PASSED] - click(findTestObject("Object Repository/katalon demo/Page_CURA Healthcare Service/button_Book Appointment")): Object: 'Object Repository/katalon demo/Page_CURA Healthcare Service/button_Book Appointment' is clicked on

29-01-2024T23:37:01 - [MESSAGE][PASSED] - Object: 'Object Repository/katalon demo/Page_CURA Healthcare Service/button_Book Appointment' is clicked on

29-01-2024T23:37:01 - [TEST_STEP][PASSED] - verifyTextPresent("Appointment Confirmation", false): Text 'Appointment Confirmation' is present on page 

29-01-2024T23:37:01 - [MESSAGE][PASSED] - Text 'Appointment Confirmation' is present on page 

29-01-2024T23:37:01 - [TEST_STEP][PASSED] - takeScreenshotAsCheckpoint("appointment 1 katalon demo"): Taking screenshot successfully

29-01-2024T23:37:02 - [MESSAGE][INFO] - 0 hidden object(s)

29-01-2024T23:37:02 - [MESSAGE][PASSED] - Taking screenshot successfully
[[ATTACHMENT|keyes\keyes-appointment 1 katalon demo.png]]

29-01-2024T23:37:02 - [TEST_STEP][PASSED] - click(findTestObject("Object Repository/katalon demo/Page_CURA Healthcare Service/a_Go to Homepage")): Object: 'Object Repository/katalon demo/Page_CURA Healthcare Service/a_Go to Homepage' is clicked on

29-01-2024T23:37:03 - [MESSAGE][PASSED] - Object: 'Object Repository/katalon demo/Page_CURA Healthcare Service/a_Go to Homepage' is clicked on]]></system-out>
         <system-err><![CDATA[]]></system-err>
      </testcase>
      <testcase name="Test Cases/Katalon Demo/make appointment katalon demo 2" time="5.142" classname="Test Cases/Katalon Demo/make appointment katalon demo 2" status="PASSED">
         <system-out><![CDATA[29-01-2024T23:37:03 - [TEST_CASE][PASSED] - Test Cases/Katalon Demo/make appointment katalon demo 2: Test Cases/Katalon Demo/make appointment katalon demo 2

29-01-2024T23:37:03 - [TEST_STEP][PASSED] - click(findTestObject("Object Repository/katalon demo/Page_CURA Healthcare Service/label_Apply for hospital readmission")): Object: 'Object Repository/katalon demo/Page_CURA Healthcare Service/label_Apply for hospital readmission' is clicked on

29-01-2024T23:37:03 - [MESSAGE][PASSED] - Object: 'Object Repository/katalon demo/Page_CURA Healthcare Service/label_Apply for hospital readmission' is clicked on

29-01-2024T23:37:03 - [TEST_STEP][PASSED] - click(findTestObject("Object Repository/katalon demo/Page_CURA Healthcare Service/input_programs")): Object: 'Object Repository/katalon demo/Page_CURA Healthcare Service/input_programs' is clicked on

29-01-2024T23:37:04 - [MESSAGE][PASSED] - Object: 'Object Repository/katalon demo/Page_CURA Healthcare Service/input_programs' is clicked on

29-01-2024T23:37:04 - [TEST_STEP][PASSED] - click(findTestObject("Object Repository/katalon demo/Page_CURA Healthcare Service/input_visit_date")): Object: 'Object Repository/katalon demo/Page_CURA Healthcare Service/input_visit_date' is clicked on

29-01-2024T23:37:04 - [MESSAGE][PASSED] - Object: 'Object Repository/katalon demo/Page_CURA Healthcare Service/input_visit_date' is clicked on

29-01-2024T23:37:04 - [TEST_STEP][PASSED] - click(findTestObject("Object Repository/katalon demo/Page_CURA Healthcare Service/th_")): Object: 'Object Repository/katalon demo/Page_CURA Healthcare Service/th_' is clicked on

29-01-2024T23:37:04 - [MESSAGE][PASSED] - Object: 'Object Repository/katalon demo/Page_CURA Healthcare Service/th_' is clicked on

29-01-2024T23:37:04 - [TEST_STEP][PASSED] - click(findTestObject("Object Repository/katalon demo/Page_CURA Healthcare Service/td_28")): Object: 'Object Repository/katalon demo/Page_CURA Healthcare Service/td_28' is clicked on

29-01-2024T23:37:05 - [MESSAGE][PASSED] - Object: 'Object Repository/katalon demo/Page_CURA Healthcare Service/td_28' is clicked on

29-01-2024T23:37:05 - [TEST_STEP][PASSED] - setText(findTestObject("Object Repository/katalon demo/Page_CURA Healthcare Service/textarea_comment"), "tes katalon"): Text 'tes katalon' is set on object 'Object Repository/katalon demo/Page_CURA Healthcare Service/textarea_comment'

29-01-2024T23:37:06 - [MESSAGE][PASSED] - Text 'tes katalon' is set on object 'Object Repository/katalon demo/Page_CURA Healthcare Service/textarea_comment'

29-01-2024T23:37:06 - [TEST_STEP][PASSED] - click(findTestObject("Object Repository/katalon demo/Page_CURA Healthcare Service/button_Book Appointment")): Object: 'Object Repository/katalon demo/Page_CURA Healthcare Service/button_Book Appointment' is clicked on

29-01-2024T23:37:07 - [MESSAGE][PASSED] - Object: 'Object Repository/katalon demo/Page_CURA Healthcare Service/button_Book Appointment' is clicked on

29-01-2024T23:37:07 - [TEST_STEP][PASSED] - verifyTextPresent("Appointment Confirmation", false): Text 'Appointment Confirmation' is present on page 

29-01-2024T23:37:07 - [MESSAGE][PASSED] - Text 'Appointment Confirmation' is present on page 

29-01-2024T23:37:07 - [TEST_STEP][PASSED] - takeScreenshotAsCheckpoint("appointment 2 katalon demo"): Taking screenshot successfully

29-01-2024T23:37:07 - [MESSAGE][INFO] - 0 hidden object(s)

29-01-2024T23:37:07 - [MESSAGE][PASSED] - Taking screenshot successfully
[[ATTACHMENT|keyes\keyes-appointment 2 katalon demo.png]]

29-01-2024T23:37:07 - [TEST_STEP][PASSED] - click(findTestObject("Object Repository/katalon demo/Page_CURA Healthcare Service/a_Go to Homepage")): Object: 'Object Repository/katalon demo/Page_CURA Healthcare Service/a_Go to Homepage' is clicked on

29-01-2024T23:37:08 - [MESSAGE][PASSED] - Object: 'Object Repository/katalon demo/Page_CURA Healthcare Service/a_Go to Homepage' is clicked on]]></system-out>
         <system-err><![CDATA[]]></system-err>
      </testcase>
      <testcase name="Test Cases/Katalon Demo/history katalon demo" time="66.307" classname="Test Cases/Katalon Demo/history katalon demo" status="PASSED">
         <system-out><![CDATA[29-01-2024T23:37:08 - [TEST_CASE][PASSED] - Test Cases/Katalon Demo/history katalon demo: Test Cases/Katalon Demo/history katalon demo

29-01-2024T23:37:08 - [TEST_STEP][PASSED] - click(findTestObject("Object Repository/katalon demo/Page_CURA Healthcare Service/amenu-toggle")): Object: 'Object Repository/katalon demo/Page_CURA Healthcare Service/amenu-toggle' is clicked on

29-01-2024T23:37:08 - [MESSAGE][PASSED] - Object: 'Object Repository/katalon demo/Page_CURA Healthcare Service/amenu-toggle' is clicked on

29-01-2024T23:37:08 - [TEST_STEP][PASSED] - click(findTestObject("Object Repository/katalon demo/Page_CURA Healthcare Service/a_History")): Object: 'Object Repository/katalon demo/Page_CURA Healthcare Service/a_History' is clicked on

29-01-2024T23:37:10 - [MESSAGE][PASSED] - Object: 'Object Repository/katalon demo/Page_CURA Healthcare Service/a_History' is clicked on

29-01-2024T23:37:10 - [TEST_STEP][PASSED] - takeScreenshotAsCheckpoint("history katalon demo"): Taking screenshot successfully

29-01-2024T23:37:10 - [MESSAGE][INFO] - 0 hidden object(s)

29-01-2024T23:37:10 - [MESSAGE][PASSED] - Taking screenshot successfully
[[ATTACHMENT|keyes\keyes-history katalon demo.png]]

29-01-2024T23:37:10 - [TEST_STEP][PASSED] - scrollToElement(findTestObject("katalon demo/Page_CURA Healthcare Service/a_Go to Homepage"), 3): Scroll to object 'Object Repository/katalon demo/Page_CURA Healthcare Service/a_Go to Homepage' successfully

29-01-2024T23:37:41 - [MESSAGE][INFO] - Unable to find the element located by 'By.xpath: //section[@id='summary']/div/div/div[7]/p/a'. Please recheck the objects properties to make sure the desired element is located. 

29-01-2024T23:37:41 - [MESSAGE][WARNING] - [SELF-HEALING] Failed to find element with id 'Object Repository/katalon demo/Page_CURA Healthcare Service/a_Go to Homepage'. Try using Self-healing.

29-01-2024T23:37:42 - [MESSAGE][WARNING] - [SELF-HEALING] The current locator of test object 'Object Repository/katalon demo/Page_CURA Healthcare Service/a_Go to Homepage' was broken. Propose an alternative one: '//a[contains(text(),'Go to Homepage')]'.

29-01-2024T23:37:42 - [MESSAGE][PASSED] - Scroll to object 'Object Repository/katalon demo/Page_CURA Healthcare Service/a_Go to Homepage' successfully

29-01-2024T23:37:42 - [TEST_STEP][PASSED] - click(findTestObject("Object Repository/katalon demo/Page_CURA Healthcare Service/a_Go to Homepage")): Object: 'Object Repository/katalon demo/Page_CURA Healthcare Service/a_Go to Homepage' is clicked on

29-01-2024T23:38:13 - [MESSAGE][INFO] - Unable to find the element located by 'By.xpath: //section[@id='summary']/div/div/div[7]/p/a'. Please recheck the objects properties to make sure the desired element is located. 

29-01-2024T23:38:13 - [MESSAGE][WARNING] - [SELF-HEALING] Failed to find element with id 'Object Repository/katalon demo/Page_CURA Healthcare Service/a_Go to Homepage'. Try using Self-healing.

29-01-2024T23:38:13 - [MESSAGE][WARNING] - [SELF-HEALING] The current locator of test object 'Object Repository/katalon demo/Page_CURA Healthcare Service/a_Go to Homepage' was broken. Propose an alternative one: '//a[contains(text(),'Go to Homepage')]'.

29-01-2024T23:38:14 - [MESSAGE][PASSED] - Object: 'Object Repository/katalon demo/Page_CURA Healthcare Service/a_Go to Homepage' is clicked on]]></system-out>
         <system-err><![CDATA[]]></system-err>
      </testcase>
      <testcase name="Test Cases/Katalon Demo/profile katalon demo" time="3.149" classname="Test Cases/Katalon Demo/profile katalon demo" status="PASSED">
         <system-out><![CDATA[29-01-2024T23:38:14 - [TEST_CASE][PASSED] - Test Cases/Katalon Demo/profile katalon demo: Test Cases/Katalon Demo/profile katalon demo

29-01-2024T23:38:14 - [TEST_STEP][PASSED] - click(findTestObject("Object Repository/katalon demo/Page_CURA Healthcare Service/i_fa fa-bars")): Object: 'Object Repository/katalon demo/Page_CURA Healthcare Service/i_fa fa-bars' is clicked on

29-01-2024T23:38:15 - [MESSAGE][PASSED] - Object: 'Object Repository/katalon demo/Page_CURA Healthcare Service/i_fa fa-bars' is clicked on

29-01-2024T23:38:15 - [TEST_STEP][PASSED] - click(findTestObject("Object Repository/katalon demo/Page_CURA Healthcare Service/a_Profile")): Object: 'Object Repository/katalon demo/Page_CURA Healthcare Service/a_Profile' is clicked on

29-01-2024T23:38:16 - [MESSAGE][PASSED] - Object: 'Object Repository/katalon demo/Page_CURA Healthcare Service/a_Profile' is clicked on

29-01-2024T23:38:16 - [TEST_STEP][PASSED] - takeScreenshotAsCheckpoint("profile katalon demo"): Taking screenshot successfully

29-01-2024T23:38:16 - [MESSAGE][INFO] - 0 hidden object(s)

29-01-2024T23:38:16 - [MESSAGE][PASSED] - Taking screenshot successfully
[[ATTACHMENT|keyes\keyes-profile katalon demo.png]]

29-01-2024T23:38:16 - [TEST_STEP][PASSED] - click(findTestObject("Object Repository/katalon demo/Page_CURA Healthcare Service/i_fa fa-bars")): Object: 'Object Repository/katalon demo/Page_CURA Healthcare Service/i_fa fa-bars' is clicked on

29-01-2024T23:38:17 - [MESSAGE][PASSED] - Object: 'Object Repository/katalon demo/Page_CURA Healthcare Service/i_fa fa-bars' is clicked on

29-01-2024T23:38:17 - [TEST_STEP][PASSED] - click(findTestObject("Object Repository/katalon demo/Page_CURA Healthcare Service/a_Home")): Object: 'Object Repository/katalon demo/Page_CURA Healthcare Service/a_Home' is clicked on

29-01-2024T23:38:17 - [MESSAGE][PASSED] - Object: 'Object Repository/katalon demo/Page_CURA Healthcare Service/a_Home' is clicked on]]></system-out>
         <system-err><![CDATA[]]></system-err>
      </testcase>
      <testcase name="Test Cases/Katalon Demo/logout katalon demo" time="2.66" classname="Test Cases/Katalon Demo/logout katalon demo" status="PASSED">
         <system-out><![CDATA[29-01-2024T23:38:17 - [TEST_CASE][PASSED] - Test Cases/Katalon Demo/logout katalon demo: Test Cases/Katalon Demo/logout katalon demo

29-01-2024T23:38:18 - [TEST_STEP][PASSED] - click(findTestObject("Object Repository/katalon demo/Page_CURA Healthcare Service/i_fa fa-bars")): Object: 'Object Repository/katalon demo/Page_CURA Healthcare Service/i_fa fa-bars' is clicked on

29-01-2024T23:38:18 - [MESSAGE][PASSED] - Object: 'Object Repository/katalon demo/Page_CURA Healthcare Service/i_fa fa-bars' is clicked on

29-01-2024T23:38:18 - [TEST_STEP][PASSED] - takeScreenshotAsCheckpoint("logout katalon demo"): Taking screenshot successfully

29-01-2024T23:38:19 - [MESSAGE][INFO] - 0 hidden object(s)

29-01-2024T23:38:19 - [MESSAGE][PASSED] - Taking screenshot successfully
[[ATTACHMENT|keyes\keyes-logout katalon demo.png]]

29-01-2024T23:38:19 - [TEST_STEP][PASSED] - click(findTestObject("Object Repository/katalon demo/Page_CURA Healthcare Service/a_Logout")): Object: 'Object Repository/katalon demo/Page_CURA Healthcare Service/a_Logout' is clicked on

29-01-2024T23:38:20 - [MESSAGE][PASSED] - Object: 'Object Repository/katalon demo/Page_CURA Healthcare Service/a_Logout' is clicked on

29-01-2024T23:38:20 - [TEST_STEP][PASSED] - closeBrowser(): Browser is closed

29-01-2024T23:38:20 - [MESSAGE][PASSED] - Browser is closed]]></system-out>
         <system-err><![CDATA[]]></system-err>
      </testcase>
      <testcase name="Test Cases/Katalon Demo/negatif login katalon demo" time="16.302" classname="Test Cases/Katalon Demo/negatif login katalon demo" status="PASSED">
         <system-out><![CDATA[29-01-2024T23:38:20 - [TEST_CASE][PASSED] - Test Cases/Katalon Demo/negatif login katalon demo: Test Cases/Katalon Demo/negatif login katalon demo

29-01-2024T23:38:20 - [TEST_STEP][PASSED] - openBrowser(""): Browser is opened with url: ''

29-01-2024T23:38:20 - [MESSAGE][INFO] - Starting 'Chrome' driver

29-01-2024T23:38:20 - [MESSAGE][INFO] - Action delay is set to 0 milliseconds

29-01-2024T23:38:21 - [MESSAGE][PASSED] - Browser is opened with url: ''

29-01-2024T23:38:21 - [TEST_STEP][PASSED] - navigateToUrl("https://katalon-demo-cura.herokuapp.com/"): Navigate to 'https://katalon-demo-cura.herokuapp.com/' successfully

29-01-2024T23:38:28 - [MESSAGE][PASSED] - Navigate to 'https://katalon-demo-cura.herokuapp.com/' successfully

29-01-2024T23:38:28 - [TEST_STEP][PASSED] - click(findTestObject("Object Repository/katalon demo/Page_CURA Healthcare Service/amenu-toggle")): Object: 'Object Repository/katalon demo/Page_CURA Healthcare Service/amenu-toggle' is clicked on

29-01-2024T23:38:28 - [MESSAGE][PASSED] - Object: 'Object Repository/katalon demo/Page_CURA Healthcare Service/amenu-toggle' is clicked on

29-01-2024T23:38:28 - [TEST_STEP][PASSED] - click(findTestObject("Object Repository/katalon demo/Page_CURA Healthcare Service/a_Login")): Object: 'Object Repository/katalon demo/Page_CURA Healthcare Service/a_Login' is clicked on

29-01-2024T23:38:29 - [MESSAGE][PASSED] - Object: 'Object Repository/katalon demo/Page_CURA Healthcare Service/a_Login' is clicked on

29-01-2024T23:38:29 - [TEST_STEP][PASSED] - setText(findTestObject("Object Repository/katalon demo/Page_CURA Healthcare Service/input_username"), username1): Text 'aaaaa' is set on object 'Object Repository/katalon demo/Page_CURA Healthcare Service/input_username'

29-01-2024T23:38:30 - [MESSAGE][PASSED] - Text 'aaaaa' is set on object 'Object Repository/katalon demo/Page_CURA Healthcare Service/input_username'

29-01-2024T23:38:30 - [TEST_STEP][PASSED] - setText(findTestObject("Object Repository/katalon demo/Page_CURA Healthcare Service/input_password"), password1): Text 'aaaaaaaa' is set on object 'Object Repository/katalon demo/Page_CURA Healthcare Service/input_password'

29-01-2024T23:38:30 - [MESSAGE][PASSED] - Text 'aaaaaaaa' is set on object 'Object Repository/katalon demo/Page_CURA Healthcare Service/input_password'

29-01-2024T23:38:30 - [TEST_STEP][PASSED] - click(findTestObject("katalon demo/Page_CURA Healthcare Service/button_Login")): Object: 'Object Repository/katalon demo/Page_CURA Healthcare Service/button_Login' is clicked on

29-01-2024T23:38:31 - [MESSAGE][PASSED] - Object: 'Object Repository/katalon demo/Page_CURA Healthcare Service/button_Login' is clicked on

29-01-2024T23:38:31 - [TEST_STEP][PASSED] - verifyTextPresent("Login failed!", false): Text 'Login failed!' is present on page 

29-01-2024T23:38:32 - [MESSAGE][PASSED] - Text 'Login failed!' is present on page 

29-01-2024T23:38:32 - [TEST_STEP][PASSED] - takeScreenshotAsCheckpoint("negatif 1 login katalon demo"): Taking screenshot successfully

29-01-2024T23:38:32 - [MESSAGE][INFO] - 0 hidden object(s)

29-01-2024T23:38:32 - [MESSAGE][PASSED] - Taking screenshot successfully
[[ATTACHMENT|keyes\keyes-negatif 1 login katalon demo.png]]

29-01-2024T23:38:32 - [TEST_STEP][PASSED] - click(findTestObject("Object Repository/katalon demo/Page_CURA Healthcare Service/button_Login")): Object: 'Object Repository/katalon demo/Page_CURA Healthcare Service/button_Login' is clicked on

29-01-2024T23:38:33 - [MESSAGE][PASSED] - Object: 'Object Repository/katalon demo/Page_CURA Healthcare Service/button_Login' is clicked on

29-01-2024T23:38:33 - [TEST_STEP][PASSED] - setText(findTestObject("katalon demo/Page_CURA Healthcare Service/input_username"), username2): Text 'bbbbb' is set on object 'Object Repository/katalon demo/Page_CURA Healthcare Service/input_username'

29-01-2024T23:38:34 - [MESSAGE][PASSED] - Text 'bbbbb' is set on object 'Object Repository/katalon demo/Page_CURA Healthcare Service/input_username'

29-01-2024T23:38:34 - [TEST_STEP][PASSED] - setText(findTestObject("katalon demo/Page_CURA Healthcare Service/input_password"), password2): Text 'bbbbbbbb' is set on object 'Object Repository/katalon demo/Page_CURA Healthcare Service/input_password'

29-01-2024T23:38:35 - [MESSAGE][PASSED] - Text 'bbbbbbbb' is set on object 'Object Repository/katalon demo/Page_CURA Healthcare Service/input_password'

29-01-2024T23:38:35 - [TEST_STEP][PASSED] - click(findTestObject("katalon demo/Page_CURA Healthcare Service/button_Login")): Object: 'Object Repository/katalon demo/Page_CURA Healthcare Service/button_Login' is clicked on

29-01-2024T23:38:36 - [MESSAGE][PASSED] - Object: 'Object Repository/katalon demo/Page_CURA Healthcare Service/button_Login' is clicked on

29-01-2024T23:38:36 - [TEST_STEP][PASSED] - verifyTextPresent("Login failed!", false): Text 'Login failed!' is present on page 

29-01-2024T23:38:36 - [MESSAGE][PASSED] - Text 'Login failed!' is present on page 

29-01-2024T23:38:36 - [TEST_STEP][PASSED] - takeScreenshotAsCheckpoint("negatif 2 login katalon demo"): Taking screenshot successfully

29-01-2024T23:38:36 - [MESSAGE][INFO] - 0 hidden object(s)

29-01-2024T23:38:36 - [MESSAGE][PASSED] - Taking screenshot successfully
[[ATTACHMENT|keyes\keyes-negatif 2 login katalon demo.png]]]]></system-out>
         <system-err><![CDATA[]]></system-err>
      </testcase>
      <system-out><![CDATA[29-01-2024T23:36:32 - [TEST_SUITE][PASSED] - katalon demo: Test Cases/Katalon Demo/negatif login katalon demo]]></system-out>
      <system-err><![CDATA[]]></system-err>
   </testsuite>
   <testsuite name="katalon demo" tests="8" failures="0" errors="0" time="120.356" skipped="0" timestamp="29-01-2024T23:38:43" hostname="0517 - Pierrot" id="Test Suites/katalon demo">
      <properties>
         <property name="deviceName" value=""/>
         <property name="devicePlatform" value=""/>
         <property name="logFolder" value="C:\\Users\\0517\\Katalon Studio\\poc bni\\Reports\\20240129_231002\\katalon demo\\20240129_231121"/>
         <property name="logFiles" value="C:\\Users\\0517\\Katalon Studio\\poc bni\\Reports\\20240129_231002\\katalon demo\\20240129_231121\\execution0.log"/>
         <property name="attachments" value="keyes\keyes-login katalon demo.png, keyes\keyes-appointment katalon demo.png, keyes\keyes-appointment 1 katalon demo.png, keyes\keyes-appointment 2 katalon demo.png, keyes\keyes-history katalon demo.png, keyes\keyes-profile katalon demo.png, keyes\keyes-logout katalon demo.png, keyes\keyes-negatif 1 login katalon demo.png, keyes\keyes-negatif 2 login katalon demo.png"/>
         <property name="hostName" value="0517 - Pierrot"/>
         <property name="os" value="Windows 10 64bit"/>
         <property name="katalonVersion" value="9.2.0.212"/>
         <property name="browser" value="Chrome 121.0.0.0"/>
         <property name="hostAddress" value="192.168.96.2"/>
         <property name="sessionId" value="af5c2cd8030c096fd36372c11c3e64a4"/>
         <property name="seleniumVersion" value="3.141.59"/>
         <property name="proxyInformation" value="ProxyInformation { proxyOption=NO_PROXY, proxyServerType=HTTP, username=, password=********, proxyServerAddress=, proxyServerPort=0, executionList=&quot;&quot;, isApplyToDesiredCapabilities=true }"/>
         <property name="platform" value="Windows 10"/>
      </properties>
      <testcase name="Test Cases/Katalon Demo/login katalon demo" time="11.306" classname="Test Cases/Katalon Demo/login katalon demo" status="PASSED">
         <system-out><![CDATA[29-01-2024T23:38:44 - [TEST_CASE][PASSED] - Test Cases/Katalon Demo/login katalon demo: Test Cases/Katalon Demo/login katalon demo

29-01-2024T23:38:44 - [TEST_STEP][PASSED] - openBrowser(""): Browser is opened with url: ''

29-01-2024T23:38:44 - [MESSAGE][INFO] - Starting 'Chrome' driver

29-01-2024T23:38:45 - [MESSAGE][INFO] - Action delay is set to 0 milliseconds

29-01-2024T23:38:47 - [MESSAGE][PASSED] - Browser is opened with url: ''

29-01-2024T23:38:47 - [TEST_STEP][PASSED] - navigateToUrl("https://katalon-demo-cura.herokuapp.com/"): Navigate to 'https://katalon-demo-cura.herokuapp.com/' successfully

29-01-2024T23:38:50 - [MESSAGE][PASSED] - Navigate to 'https://katalon-demo-cura.herokuapp.com/' successfully

29-01-2024T23:38:50 - [TEST_STEP][PASSED] - click(findTestObject("Object Repository/katalon demo/Page_CURA Healthcare Service/amenu-toggle")): Object: 'Object Repository/katalon demo/Page_CURA Healthcare Service/amenu-toggle' is clicked on

29-01-2024T23:38:51 - [MESSAGE][PASSED] - Object: 'Object Repository/katalon demo/Page_CURA Healthcare Service/amenu-toggle' is clicked on

29-01-2024T23:38:51 - [TEST_STEP][PASSED] - click(findTestObject("Object Repository/katalon demo/Page_CURA Healthcare Service/a_Login")): Object: 'Object Repository/katalon demo/Page_CURA Healthcare Service/a_Login' is clicked on

29-01-2024T23:38:52 - [MESSAGE][PASSED] - Object: 'Object Repository/katalon demo/Page_CURA Healthcare Service/a_Login' is clicked on

29-01-2024T23:38:52 - [TEST_STEP][PASSED] - setText(findTestObject("Object Repository/katalon demo/Page_CURA Healthcare Service/input_username"), "John Doe"): Text 'John Doe' is set on object 'Object Repository/katalon demo/Page_CURA Healthcare Service/input_username'

29-01-2024T23:38:53 - [MESSAGE][PASSED] - Text 'John Doe' is set on object 'Object Repository/katalon demo/Page_CURA Healthcare Service/input_username'

29-01-2024T23:38:53 - [TEST_STEP][PASSED] - setEncryptedText(findTestObject("Object Repository/katalon demo/Page_CURA Healthcare Service/input_password"), "g3/DOGG74jC3Flrr3yH+3D/yKbOqqUNM"): Text ****** has been set on object 'Object Repository/katalon demo/Page_CURA Healthcare Service/input_password'

29-01-2024T23:38:53 - [MESSAGE][PASSED] - Text ****** has been set on object 'Object Repository/katalon demo/Page_CURA Healthcare Service/input_password'

29-01-2024T23:38:53 - [TEST_STEP][PASSED] - takeScreenshotAsCheckpoint("login katalon demo", STOP_ON_FAILURE): Taking screenshot successfully

29-01-2024T23:38:54 - [MESSAGE][INFO] - 0 hidden object(s)

29-01-2024T23:38:54 - [MESSAGE][PASSED] - Taking screenshot successfully
[[ATTACHMENT|keyes\keyes-login katalon demo.png]]

29-01-2024T23:38:54 - [TEST_STEP][PASSED] - click(findTestObject("Object Repository/katalon demo/Page_CURA Healthcare Service/button_Login")): Object: 'Object Repository/katalon demo/Page_CURA Healthcare Service/button_Login' is clicked on

29-01-2024T23:38:55 - [MESSAGE][PASSED] - Object: 'Object Repository/katalon demo/Page_CURA Healthcare Service/button_Login' is clicked on]]></system-out>
         <system-err><![CDATA[]]></system-err>
      </testcase>
      <testcase name="Test Cases/Katalon Demo/make appointment katalon demo" time="6.716" classname="Test Cases/Katalon Demo/make appointment katalon demo" status="PASSED">
         <system-out><![CDATA[29-01-2024T23:38:55 - [TEST_CASE][PASSED] - Test Cases/Katalon Demo/make appointment katalon demo: Test Cases/Katalon Demo/make appointment katalon demo

29-01-2024T23:38:55 - [TEST_STEP][PASSED] - selectOptionByValue(findTestObject("Object Repository/katalon demo/Page_CURA Healthcare Service/select_Tokyo"), "Hongkong CURA Healthcare Center", true): All options with value 'Hongkong CURA Healthcare Center' are selected in object 'Object Repository/katalon demo/Page_CURA Healthcare Service/select_Tokyo'  using regular expression

29-01-2024T23:38:56 - [MESSAGE][PASSED] - All options with value 'Hongkong CURA Healthcare Center' are selected in object 'Object Repository/katalon demo/Page_CURA Healthcare Service/select_Tokyo'  using regular expression

29-01-2024T23:38:56 - [TEST_STEP][PASSED] - click(findTestObject("Object Repository/katalon demo/Page_CURA Healthcare Service/label_Apply for hospital readmission")): Object: 'Object Repository/katalon demo/Page_CURA Healthcare Service/label_Apply for hospital readmission' is clicked on

29-01-2024T23:38:57 - [MESSAGE][PASSED] - Object: 'Object Repository/katalon demo/Page_CURA Healthcare Service/label_Apply for hospital readmission' is clicked on

29-01-2024T23:38:57 - [TEST_STEP][PASSED] - click(findTestObject("Object Repository/katalon demo/Page_CURA Healthcare Service/input_programs")): Object: 'Object Repository/katalon demo/Page_CURA Healthcare Service/input_programs' is clicked on

29-01-2024T23:38:57 - [MESSAGE][PASSED] - Object: 'Object Repository/katalon demo/Page_CURA Healthcare Service/input_programs' is clicked on

29-01-2024T23:38:57 - [TEST_STEP][PASSED] - click(findTestObject("Object Repository/katalon demo/Page_CURA Healthcare Service/span_glyphicon glyphicon-calendar")): Object: 'Object Repository/katalon demo/Page_CURA Healthcare Service/span_glyphicon glyphicon-calendar' is clicked on

29-01-2024T23:38:58 - [MESSAGE][PASSED] - Object: 'Object Repository/katalon demo/Page_CURA Healthcare Service/span_glyphicon glyphicon-calendar' is clicked on

29-01-2024T23:38:58 - [TEST_STEP][PASSED] - click(findTestObject("Object Repository/katalon demo/Page_CURA Healthcare Service/td_31")): Object: 'Object Repository/katalon demo/Page_CURA Healthcare Service/td_31' is clicked on

29-01-2024T23:38:58 - [MESSAGE][PASSED] - Object: 'Object Repository/katalon demo/Page_CURA Healthcare Service/td_31' is clicked on

29-01-2024T23:38:58 - [TEST_STEP][PASSED] - setText(findTestObject("Object Repository/katalon demo/Page_CURA Healthcare Service/textarea_comment"), "tes katalon demo"): Text 'tes katalon demo' is set on object 'Object Repository/katalon demo/Page_CURA Healthcare Service/textarea_comment'

29-01-2024T23:38:59 - [MESSAGE][PASSED] - Text 'tes katalon demo' is set on object 'Object Repository/katalon demo/Page_CURA Healthcare Service/textarea_comment'

29-01-2024T23:38:59 - [TEST_STEP][PASSED] - click(findTestObject("Object Repository/katalon demo/Page_CURA Healthcare Service/button_Book Appointment")): Object: 'Object Repository/katalon demo/Page_CURA Healthcare Service/button_Book Appointment' is clicked on

29-01-2024T23:39:00 - [MESSAGE][PASSED] - Object: 'Object Repository/katalon demo/Page_CURA Healthcare Service/button_Book Appointment' is clicked on

29-01-2024T23:39:00 - [TEST_STEP][PASSED] - verifyTextPresent("Appointment Confirmation", false): Text 'Appointment Confirmation' is present on page 

29-01-2024T23:39:00 - [MESSAGE][PASSED] - Text 'Appointment Confirmation' is present on page 

29-01-2024T23:39:00 - [TEST_STEP][PASSED] - takeScreenshotAsCheckpoint("appointment katalon demo"): Taking screenshot successfully

29-01-2024T23:39:01 - [MESSAGE][INFO] - 0 hidden object(s)

29-01-2024T23:39:01 - [MESSAGE][PASSED] - Taking screenshot successfully
[[ATTACHMENT|keyes\keyes-appointment katalon demo.png]]

29-01-2024T23:39:01 - [TEST_STEP][PASSED] - click(findTestObject("Object Repository/katalon demo/Page_CURA Healthcare Service/a_Go to Homepage")): Object: 'Object Repository/katalon demo/Page_CURA Healthcare Service/a_Go to Homepage' is clicked on

29-01-2024T23:39:02 - [MESSAGE][PASSED] - Object: 'Object Repository/katalon demo/Page_CURA Healthcare Service/a_Go to Homepage' is clicked on]]></system-out>
         <system-err><![CDATA[]]></system-err>
      </testcase>
      <testcase name="Test Cases/Katalon Demo/make appointment katalon demo 1" time="10.648" classname="Test Cases/Katalon Demo/make appointment katalon demo 1" status="PASSED">
         <system-out><![CDATA[29-01-2024T23:39:02 - [TEST_CASE][PASSED] - Test Cases/Katalon Demo/make appointment katalon demo 1: Test Cases/Katalon Demo/make appointment katalon demo 1

29-01-2024T23:39:02 - [TEST_STEP][PASSED] - selectOptionByValue(findTestObject("Object Repository/katalon demo/Page_CURA Healthcare Service/select_Tokyo"), "Seoul CURA Healthcare Center", true): All options with value 'Seoul CURA Healthcare Center' are selected in object 'Object Repository/katalon demo/Page_CURA Healthcare Service/select_Tokyo'  using regular expression

29-01-2024T23:39:03 - [MESSAGE][PASSED] - All options with value 'Seoul CURA Healthcare Center' are selected in object 'Object Repository/katalon demo/Page_CURA Healthcare Service/select_Tokyo'  using regular expression

29-01-2024T23:39:03 - [TEST_STEP][PASSED] - click(findTestObject("Object Repository/katalon demo/Page_CURA Healthcare Service/input_hospital_readmission")): Object: 'Object Repository/katalon demo/Page_CURA Healthcare Service/input_hospital_readmission' is clicked on

29-01-2024T23:39:03 - [MESSAGE][PASSED] - Object: 'Object Repository/katalon demo/Page_CURA Healthcare Service/input_hospital_readmission' is clicked on

29-01-2024T23:39:03 - [TEST_STEP][PASSED] - click(findTestObject("Object Repository/katalon demo/Page_CURA Healthcare Service/input_programs")): Object: 'Object Repository/katalon demo/Page_CURA Healthcare Service/input_programs' is clicked on

29-01-2024T23:39:04 - [MESSAGE][PASSED] - Object: 'Object Repository/katalon demo/Page_CURA Healthcare Service/input_programs' is clicked on

29-01-2024T23:39:04 - [TEST_STEP][PASSED] - click(findTestObject("Object Repository/katalon demo/Page_CURA Healthcare Service/span_glyphicon glyphicon-calendar")): Object: 'Object Repository/katalon demo/Page_CURA Healthcare Service/span_glyphicon glyphicon-calendar' is clicked on

29-01-2024T23:39:04 - [MESSAGE][PASSED] - Object: 'Object Repository/katalon demo/Page_CURA Healthcare Service/span_glyphicon glyphicon-calendar' is clicked on

29-01-2024T23:39:04 - [TEST_STEP][PASSED] - click(findTestObject("Object Repository/katalon demo/Page_CURA Healthcare Service/td_30")): Object: 'Object Repository/katalon demo/Page_CURA Healthcare Service/td_30' is clicked on

29-01-2024T23:39:05 - [MESSAGE][PASSED] - Object: 'Object Repository/katalon demo/Page_CURA Healthcare Service/td_30' is clicked on

29-01-2024T23:39:05 - [TEST_STEP][PASSED] - setText(findTestObject("Object Repository/katalon demo/Page_CURA Healthcare Service/textarea_comment"), "tes katalon"): Text 'tes katalon' is set on object 'Object Repository/katalon demo/Page_CURA Healthcare Service/textarea_comment'

29-01-2024T23:39:05 - [MESSAGE][PASSED] - Text 'tes katalon' is set on object 'Object Repository/katalon demo/Page_CURA Healthcare Service/textarea_comment'

29-01-2024T23:39:05 - [TEST_STEP][PASSED] - click(findTestObject("Object Repository/katalon demo/Page_CURA Healthcare Service/button_Book Appointment")): Object: 'Object Repository/katalon demo/Page_CURA Healthcare Service/button_Book Appointment' is clicked on

29-01-2024T23:39:11 - [MESSAGE][PASSED] - Object: 'Object Repository/katalon demo/Page_CURA Healthcare Service/button_Book Appointment' is clicked on

29-01-2024T23:39:11 - [TEST_STEP][PASSED] - verifyTextPresent("Appointment Confirmation", false): Text 'Appointment Confirmation' is present on page 

29-01-2024T23:39:11 - [MESSAGE][PASSED] - Text 'Appointment Confirmation' is present on page 

29-01-2024T23:39:11 - [TEST_STEP][PASSED] - takeScreenshotAsCheckpoint("appointment 1 katalon demo"): Taking screenshot successfully

29-01-2024T23:39:11 - [MESSAGE][INFO] - 0 hidden object(s)

29-01-2024T23:39:11 - [MESSAGE][PASSED] - Taking screenshot successfully
[[ATTACHMENT|keyes\keyes-appointment 1 katalon demo.png]]

29-01-2024T23:39:11 - [TEST_STEP][PASSED] - click(findTestObject("Object Repository/katalon demo/Page_CURA Healthcare Service/a_Go to Homepage")): Object: 'Object Repository/katalon demo/Page_CURA Healthcare Service/a_Go to Homepage' is clicked on

29-01-2024T23:39:12 - [MESSAGE][PASSED] - Object: 'Object Repository/katalon demo/Page_CURA Healthcare Service/a_Go to Homepage' is clicked on]]></system-out>
         <system-err><![CDATA[]]></system-err>
      </testcase>
      <testcase name="Test Cases/Katalon Demo/make appointment katalon demo 2" time="6.016" classname="Test Cases/Katalon Demo/make appointment katalon demo 2" status="PASSED">
         <system-out><![CDATA[29-01-2024T23:39:12 - [TEST_CASE][PASSED] - Test Cases/Katalon Demo/make appointment katalon demo 2: Test Cases/Katalon Demo/make appointment katalon demo 2

29-01-2024T23:39:12 - [TEST_STEP][PASSED] - click(findTestObject("Object Repository/katalon demo/Page_CURA Healthcare Service/label_Apply for hospital readmission")): Object: 'Object Repository/katalon demo/Page_CURA Healthcare Service/label_Apply for hospital readmission' is clicked on

29-01-2024T23:39:13 - [MESSAGE][PASSED] - Object: 'Object Repository/katalon demo/Page_CURA Healthcare Service/label_Apply for hospital readmission' is clicked on

29-01-2024T23:39:13 - [TEST_STEP][PASSED] - click(findTestObject("Object Repository/katalon demo/Page_CURA Healthcare Service/input_programs")): Object: 'Object Repository/katalon demo/Page_CURA Healthcare Service/input_programs' is clicked on

29-01-2024T23:39:13 - [MESSAGE][PASSED] - Object: 'Object Repository/katalon demo/Page_CURA Healthcare Service/input_programs' is clicked on

29-01-2024T23:39:13 - [TEST_STEP][PASSED] - click(findTestObject("Object Repository/katalon demo/Page_CURA Healthcare Service/input_visit_date")): Object: 'Object Repository/katalon demo/Page_CURA Healthcare Service/input_visit_date' is clicked on

29-01-2024T23:39:13 - [MESSAGE][PASSED] - Object: 'Object Repository/katalon demo/Page_CURA Healthcare Service/input_visit_date' is clicked on

29-01-2024T23:39:13 - [TEST_STEP][PASSED] - click(findTestObject("Object Repository/katalon demo/Page_CURA Healthcare Service/th_")): Object: 'Object Repository/katalon demo/Page_CURA Healthcare Service/th_' is clicked on

29-01-2024T23:39:14 - [MESSAGE][PASSED] - Object: 'Object Repository/katalon demo/Page_CURA Healthcare Service/th_' is clicked on

29-01-2024T23:39:14 - [TEST_STEP][PASSED] - click(findTestObject("Object Repository/katalon demo/Page_CURA Healthcare Service/td_28")): Object: 'Object Repository/katalon demo/Page_CURA Healthcare Service/td_28' is clicked on

29-01-2024T23:39:14 - [MESSAGE][PASSED] - Object: 'Object Repository/katalon demo/Page_CURA Healthcare Service/td_28' is clicked on

29-01-2024T23:39:14 - [TEST_STEP][PASSED] - setText(findTestObject("Object Repository/katalon demo/Page_CURA Healthcare Service/textarea_comment"), "tes katalon"): Text 'tes katalon' is set on object 'Object Repository/katalon demo/Page_CURA Healthcare Service/textarea_comment'

29-01-2024T23:39:15 - [MESSAGE][PASSED] - Text 'tes katalon' is set on object 'Object Repository/katalon demo/Page_CURA Healthcare Service/textarea_comment'

29-01-2024T23:39:15 - [TEST_STEP][PASSED] - click(findTestObject("Object Repository/katalon demo/Page_CURA Healthcare Service/button_Book Appointment")): Object: 'Object Repository/katalon demo/Page_CURA Healthcare Service/button_Book Appointment' is clicked on

29-01-2024T23:39:16 - [MESSAGE][PASSED] - Object: 'Object Repository/katalon demo/Page_CURA Healthcare Service/button_Book Appointment' is clicked on

29-01-2024T23:39:16 - [TEST_STEP][PASSED] - verifyTextPresent("Appointment Confirmation", false): Text 'Appointment Confirmation' is present on page 

29-01-2024T23:39:17 - [MESSAGE][PASSED] - Text 'Appointment Confirmation' is present on page 

29-01-2024T23:39:17 - [TEST_STEP][PASSED] - takeScreenshotAsCheckpoint("appointment 2 katalon demo"): Taking screenshot successfully

29-01-2024T23:39:17 - [MESSAGE][INFO] - 0 hidden object(s)

29-01-2024T23:39:17 - [MESSAGE][PASSED] - Taking screenshot successfully
[[ATTACHMENT|keyes\keyes-appointment 2 katalon demo.png]]

29-01-2024T23:39:17 - [TEST_STEP][PASSED] - click(findTestObject("Object Repository/katalon demo/Page_CURA Healthcare Service/a_Go to Homepage")): Object: 'Object Repository/katalon demo/Page_CURA Healthcare Service/a_Go to Homepage' is clicked on

29-01-2024T23:39:18 - [MESSAGE][PASSED] - Object: 'Object Repository/katalon demo/Page_CURA Healthcare Service/a_Go to Homepage' is clicked on]]></system-out>
         <system-err><![CDATA[]]></system-err>
      </testcase>
      <testcase name="Test Cases/Katalon Demo/history katalon demo" time="66.138" classname="Test Cases/Katalon Demo/history katalon demo" status="PASSED">
         <system-out><![CDATA[29-01-2024T23:39:18 - [TEST_CASE][PASSED] - Test Cases/Katalon Demo/history katalon demo: Test Cases/Katalon Demo/history katalon demo

29-01-2024T23:39:18 - [TEST_STEP][PASSED] - click(findTestObject("Object Repository/katalon demo/Page_CURA Healthcare Service/amenu-toggle")): Object: 'Object Repository/katalon demo/Page_CURA Healthcare Service/amenu-toggle' is clicked on

29-01-2024T23:39:19 - [MESSAGE][PASSED] - Object: 'Object Repository/katalon demo/Page_CURA Healthcare Service/amenu-toggle' is clicked on

29-01-2024T23:39:19 - [TEST_STEP][PASSED] - click(findTestObject("Object Repository/katalon demo/Page_CURA Healthcare Service/a_History")): Object: 'Object Repository/katalon demo/Page_CURA Healthcare Service/a_History' is clicked on

29-01-2024T23:39:20 - [MESSAGE][PASSED] - Object: 'Object Repository/katalon demo/Page_CURA Healthcare Service/a_History' is clicked on

29-01-2024T23:39:20 - [TEST_STEP][PASSED] - takeScreenshotAsCheckpoint("history katalon demo"): Taking screenshot successfully

29-01-2024T23:39:20 - [MESSAGE][INFO] - 0 hidden object(s)

29-01-2024T23:39:20 - [MESSAGE][PASSED] - Taking screenshot successfully
[[ATTACHMENT|keyes\keyes-history katalon demo.png]]

29-01-2024T23:39:20 - [TEST_STEP][PASSED] - scrollToElement(findTestObject("katalon demo/Page_CURA Healthcare Service/a_Go to Homepage"), 3): Scroll to object 'Object Repository/katalon demo/Page_CURA Healthcare Service/a_Go to Homepage' successfully

29-01-2024T23:39:52 - [MESSAGE][INFO] - Unable to find the element located by 'By.xpath: //section[@id='summary']/div/div/div[7]/p/a'. Please recheck the objects properties to make sure the desired element is located. 

29-01-2024T23:39:52 - [MESSAGE][WARNING] - [SELF-HEALING] Failed to find element with id 'Object Repository/katalon demo/Page_CURA Healthcare Service/a_Go to Homepage'. Try using Self-healing.

29-01-2024T23:39:52 - [MESSAGE][WARNING] - [SELF-HEALING] The current locator of test object 'Object Repository/katalon demo/Page_CURA Healthcare Service/a_Go to Homepage' was broken. Propose an alternative one: '//a[contains(text(),'Go to Homepage')]'.

29-01-2024T23:39:52 - [MESSAGE][PASSED] - Scroll to object 'Object Repository/katalon demo/Page_CURA Healthcare Service/a_Go to Homepage' successfully

29-01-2024T23:39:52 - [TEST_STEP][PASSED] - click(findTestObject("Object Repository/katalon demo/Page_CURA Healthcare Service/a_Go to Homepage")): Object: 'Object Repository/katalon demo/Page_CURA Healthcare Service/a_Go to Homepage' is clicked on

29-01-2024T23:40:23 - [MESSAGE][INFO] - Unable to find the element located by 'By.xpath: //section[@id='summary']/div/div/div[7]/p/a'. Please recheck the objects properties to make sure the desired element is located. 

29-01-2024T23:40:23 - [MESSAGE][WARNING] - [SELF-HEALING] Failed to find element with id 'Object Repository/katalon demo/Page_CURA Healthcare Service/a_Go to Homepage'. Try using Self-healing.

29-01-2024T23:40:24 - [MESSAGE][WARNING] - [SELF-HEALING] The current locator of test object 'Object Repository/katalon demo/Page_CURA Healthcare Service/a_Go to Homepage' was broken. Propose an alternative one: '//a[contains(text(),'Go to Homepage')]'.

29-01-2024T23:40:24 - [MESSAGE][PASSED] - Object: 'Object Repository/katalon demo/Page_CURA Healthcare Service/a_Go to Homepage' is clicked on]]></system-out>
         <system-err><![CDATA[]]></system-err>
      </testcase>
      <testcase name="Test Cases/Katalon Demo/profile katalon demo" time="3.135" classname="Test Cases/Katalon Demo/profile katalon demo" status="PASSED">
         <system-out><![CDATA[29-01-2024T23:40:24 - [TEST_CASE][PASSED] - Test Cases/Katalon Demo/profile katalon demo: Test Cases/Katalon Demo/profile katalon demo

29-01-2024T23:40:25 - [TEST_STEP][PASSED] - click(findTestObject("Object Repository/katalon demo/Page_CURA Healthcare Service/i_fa fa-bars")): Object: 'Object Repository/katalon demo/Page_CURA Healthcare Service/i_fa fa-bars' is clicked on

29-01-2024T23:40:25 - [MESSAGE][PASSED] - Object: 'Object Repository/katalon demo/Page_CURA Healthcare Service/i_fa fa-bars' is clicked on

29-01-2024T23:40:25 - [TEST_STEP][PASSED] - click(findTestObject("Object Repository/katalon demo/Page_CURA Healthcare Service/a_Profile")): Object: 'Object Repository/katalon demo/Page_CURA Healthcare Service/a_Profile' is clicked on

29-01-2024T23:40:26 - [MESSAGE][PASSED] - Object: 'Object Repository/katalon demo/Page_CURA Healthcare Service/a_Profile' is clicked on

29-01-2024T23:40:26 - [TEST_STEP][PASSED] - takeScreenshotAsCheckpoint("profile katalon demo"): Taking screenshot successfully

29-01-2024T23:40:26 - [MESSAGE][INFO] - 0 hidden object(s)

29-01-2024T23:40:26 - [MESSAGE][PASSED] - Taking screenshot successfully
[[ATTACHMENT|keyes\keyes-profile katalon demo.png]]

29-01-2024T23:40:26 - [TEST_STEP][PASSED] - click(findTestObject("Object Repository/katalon demo/Page_CURA Healthcare Service/i_fa fa-bars")): Object: 'Object Repository/katalon demo/Page_CURA Healthcare Service/i_fa fa-bars' is clicked on

29-01-2024T23:40:27 - [MESSAGE][PASSED] - Object: 'Object Repository/katalon demo/Page_CURA Healthcare Service/i_fa fa-bars' is clicked on

29-01-2024T23:40:27 - [TEST_STEP][PASSED] - click(findTestObject("Object Repository/katalon demo/Page_CURA Healthcare Service/a_Home")): Object: 'Object Repository/katalon demo/Page_CURA Healthcare Service/a_Home' is clicked on

29-01-2024T23:40:28 - [MESSAGE][PASSED] - Object: 'Object Repository/katalon demo/Page_CURA Healthcare Service/a_Home' is clicked on]]></system-out>
         <system-err><![CDATA[]]></system-err>
      </testcase>
      <testcase name="Test Cases/Katalon Demo/logout katalon demo" time="2.617" classname="Test Cases/Katalon Demo/logout katalon demo" status="PASSED">
         <system-out><![CDATA[29-01-2024T23:40:28 - [TEST_CASE][PASSED] - Test Cases/Katalon Demo/logout katalon demo: Test Cases/Katalon Demo/logout katalon demo

29-01-2024T23:40:28 - [TEST_STEP][PASSED] - click(findTestObject("Object Repository/katalon demo/Page_CURA Healthcare Service/i_fa fa-bars")): Object: 'Object Repository/katalon demo/Page_CURA Healthcare Service/i_fa fa-bars' is clicked on

29-01-2024T23:40:28 - [MESSAGE][PASSED] - Object: 'Object Repository/katalon demo/Page_CURA Healthcare Service/i_fa fa-bars' is clicked on

29-01-2024T23:40:28 - [TEST_STEP][PASSED] - takeScreenshotAsCheckpoint("logout katalon demo"): Taking screenshot successfully

29-01-2024T23:40:29 - [MESSAGE][INFO] - 0 hidden object(s)

29-01-2024T23:40:29 - [MESSAGE][PASSED] - Taking screenshot successfully
[[ATTACHMENT|keyes\keyes-logout katalon demo.png]]

29-01-2024T23:40:29 - [TEST_STEP][PASSED] - click(findTestObject("Object Repository/katalon demo/Page_CURA Healthcare Service/a_Logout")): Object: 'Object Repository/katalon demo/Page_CURA Healthcare Service/a_Logout' is clicked on

29-01-2024T23:40:30 - [MESSAGE][PASSED] - Object: 'Object Repository/katalon demo/Page_CURA Healthcare Service/a_Logout' is clicked on

29-01-2024T23:40:30 - [TEST_STEP][PASSED] - closeBrowser(): Browser is closed

29-01-2024T23:40:30 - [MESSAGE][PASSED] - Browser is closed]]></system-out>
         <system-err><![CDATA[]]></system-err>
      </testcase>
      <testcase name="Test Cases/Katalon Demo/negatif login katalon demo" time="13.466" classname="Test Cases/Katalon Demo/negatif login katalon demo" status="PASSED">
         <system-out><![CDATA[29-01-2024T23:40:30 - [TEST_CASE][PASSED] - Test Cases/Katalon Demo/negatif login katalon demo: Test Cases/Katalon Demo/negatif login katalon demo

29-01-2024T23:40:30 - [TEST_STEP][PASSED] - openBrowser(""): Browser is opened with url: ''

29-01-2024T23:40:30 - [MESSAGE][INFO] - Starting 'Chrome' driver

29-01-2024T23:40:30 - [MESSAGE][INFO] - Action delay is set to 0 milliseconds

29-01-2024T23:40:31 - [MESSAGE][PASSED] - Browser is opened with url: ''

29-01-2024T23:40:31 - [TEST_STEP][PASSED] - navigateToUrl("https://katalon-demo-cura.herokuapp.com/"): Navigate to 'https://katalon-demo-cura.herokuapp.com/' successfully

29-01-2024T23:40:35 - [MESSAGE][PASSED] - Navigate to 'https://katalon-demo-cura.herokuapp.com/' successfully

29-01-2024T23:40:35 - [TEST_STEP][PASSED] - click(findTestObject("Object Repository/katalon demo/Page_CURA Healthcare Service/amenu-toggle")): Object: 'Object Repository/katalon demo/Page_CURA Healthcare Service/amenu-toggle' is clicked on

29-01-2024T23:40:35 - [MESSAGE][PASSED] - Object: 'Object Repository/katalon demo/Page_CURA Healthcare Service/amenu-toggle' is clicked on

29-01-2024T23:40:35 - [TEST_STEP][PASSED] - click(findTestObject("Object Repository/katalon demo/Page_CURA Healthcare Service/a_Login")): Object: 'Object Repository/katalon demo/Page_CURA Healthcare Service/a_Login' is clicked on

29-01-2024T23:40:36 - [MESSAGE][PASSED] - Object: 'Object Repository/katalon demo/Page_CURA Healthcare Service/a_Login' is clicked on

29-01-2024T23:40:36 - [TEST_STEP][PASSED] - setText(findTestObject("Object Repository/katalon demo/Page_CURA Healthcare Service/input_username"), username1): Text 'aaaaa' is set on object 'Object Repository/katalon demo/Page_CURA Healthcare Service/input_username'

29-01-2024T23:40:37 - [MESSAGE][PASSED] - Text 'aaaaa' is set on object 'Object Repository/katalon demo/Page_CURA Healthcare Service/input_username'

29-01-2024T23:40:37 - [TEST_STEP][PASSED] - setText(findTestObject("Object Repository/katalon demo/Page_CURA Healthcare Service/input_password"), password1): Text 'aaaaaaaa' is set on object 'Object Repository/katalon demo/Page_CURA Healthcare Service/input_password'

29-01-2024T23:40:38 - [MESSAGE][PASSED] - Text 'aaaaaaaa' is set on object 'Object Repository/katalon demo/Page_CURA Healthcare Service/input_password'

29-01-2024T23:40:38 - [TEST_STEP][PASSED] - click(findTestObject("katalon demo/Page_CURA Healthcare Service/button_Login")): Object: 'Object Repository/katalon demo/Page_CURA Healthcare Service/button_Login' is clicked on

29-01-2024T23:40:39 - [MESSAGE][PASSED] - Object: 'Object Repository/katalon demo/Page_CURA Healthcare Service/button_Login' is clicked on

29-01-2024T23:40:39 - [TEST_STEP][PASSED] - verifyTextPresent("Login failed!", false): Text 'Login failed!' is present on page 

29-01-2024T23:40:39 - [MESSAGE][PASSED] - Text 'Login failed!' is present on page 

29-01-2024T23:40:39 - [TEST_STEP][PASSED] - takeScreenshotAsCheckpoint("negatif 1 login katalon demo"): Taking screenshot successfully

29-01-2024T23:40:40 - [MESSAGE][INFO] - 0 hidden object(s)

29-01-2024T23:40:40 - [MESSAGE][PASSED] - Taking screenshot successfully
[[ATTACHMENT|keyes\keyes-negatif 1 login katalon demo.png]]

29-01-2024T23:40:40 - [TEST_STEP][PASSED] - click(findTestObject("Object Repository/katalon demo/Page_CURA Healthcare Service/button_Login")): Object: 'Object Repository/katalon demo/Page_CURA Healthcare Service/button_Login' is clicked on

29-01-2024T23:40:41 - [MESSAGE][PASSED] - Object: 'Object Repository/katalon demo/Page_CURA Healthcare Service/button_Login' is clicked on

29-01-2024T23:40:41 - [TEST_STEP][PASSED] - setText(findTestObject("katalon demo/Page_CURA Healthcare Service/input_username"), username2): Text 'bbbbb' is set on object 'Object Repository/katalon demo/Page_CURA Healthcare Service/input_username'

29-01-2024T23:40:41 - [MESSAGE][PASSED] - Text 'bbbbb' is set on object 'Object Repository/katalon demo/Page_CURA Healthcare Service/input_username'

29-01-2024T23:40:41 - [TEST_STEP][PASSED] - setText(findTestObject("katalon demo/Page_CURA Healthcare Service/input_password"), password2): Text 'bbbbbbbb' is set on object 'Object Repository/katalon demo/Page_CURA Healthcare Service/input_password'

29-01-2024T23:40:42 - [MESSAGE][PASSED] - Text 'bbbbbbbb' is set on object 'Object Repository/katalon demo/Page_CURA Healthcare Service/input_password'

29-01-2024T23:40:42 - [TEST_STEP][PASSED] - click(findTestObject("katalon demo/Page_CURA Healthcare Service/button_Login")): Object: 'Object Repository/katalon demo/Page_CURA Healthcare Service/button_Login' is clicked on

29-01-2024T23:40:43 - [MESSAGE][PASSED] - Object: 'Object Repository/katalon demo/Page_CURA Healthcare Service/button_Login' is clicked on

29-01-2024T23:40:43 - [TEST_STEP][PASSED] - verifyTextPresent("Login failed!", false): Text 'Login failed!' is present on page 

29-01-2024T23:40:43 - [MESSAGE][PASSED] - Text 'Login failed!' is present on page 

29-01-2024T23:40:43 - [TEST_STEP][PASSED] - takeScreenshotAsCheckpoint("negatif 2 login katalon demo"): Taking screenshot successfully

29-01-2024T23:40:44 - [MESSAGE][INFO] - 0 hidden object(s)

29-01-2024T23:40:44 - [MESSAGE][PASSED] - Taking screenshot successfully
[[ATTACHMENT|keyes\keyes-negatif 2 login katalon demo.png]]]]></system-out>
         <system-err><![CDATA[]]></system-err>
      </testcase>
      <system-out><![CDATA[29-01-2024T23:38:43 - [TEST_SUITE][PASSED] - katalon demo: Test Cases/Katalon Demo/negatif login katalon demo]]></system-out>
      <system-err><![CDATA[]]></system-err>
   </testsuite>
   <testsuite name="katalon demo" tests="8" failures="0" errors="0" time="152.35" skipped="0" timestamp="29-01-2024T23:40:51" hostname="0517 - Pierrot" id="Test Suites/katalon demo">
      <properties>
         <property name="deviceName" value=""/>
         <property name="devicePlatform" value=""/>
         <property name="logFolder" value="C:\\Users\\0517\\Katalon Studio\\poc bni\\Reports\\20240129_231002\\katalon demo\\20240129_231126"/>
         <property name="logFiles" value="C:\\Users\\0517\\Katalon Studio\\poc bni\\Reports\\20240129_231002\\katalon demo\\20240129_231126\\execution0.log"/>
         <property name="attachments" value="keyes\keyes-login katalon demo.png, keyes\keyes-appointment katalon demo.png, keyes\keyes-appointment 1 katalon demo.png, keyes\keyes-appointment 2 katalon demo.png, keyes\keyes-history katalon demo.png, keyes\keyes-profile katalon demo.png, keyes\keyes-logout katalon demo.png, keyes\keyes-negatif 1 login katalon demo.png, C:\\Users\\0517\\Katalon Studio\\poc bni\\Reports\\20240129_231002\\katalon demo\\20240129_231126\\1706546586230.png, keyes\keyes-negatif 1 login katalon demo.png, keyes\keyes-negatif 2 login katalon demo.png"/>
         <property name="hostName" value="0517 - Pierrot"/>
         <property name="os" value="Windows 10 64bit"/>
         <property name="katalonVersion" value="9.2.0.212"/>
         <property name="browser" value="Chrome 121.0.0.0"/>
         <property name="hostAddress" value="192.168.96.2"/>
         <property name="sessionId" value="bf06cb70038f338446134c449c277654"/>
         <property name="seleniumVersion" value="3.141.59"/>
         <property name="proxyInformation" value="ProxyInformation { proxyOption=NO_PROXY, proxyServerType=HTTP, username=, password=********, proxyServerAddress=, proxyServerPort=0, executionList=&quot;&quot;, isApplyToDesiredCapabilities=true }"/>
         <property name="platform" value="Windows 10"/>
      </properties>
      <testcase name="Test Cases/Katalon Demo/login katalon demo" time="12.217" classname="Test Cases/Katalon Demo/login katalon demo" status="PASSED">
         <system-out><![CDATA[29-01-2024T23:40:51 - [TEST_CASE][PASSED] - Test Cases/Katalon Demo/login katalon demo: Test Cases/Katalon Demo/login katalon demo

29-01-2024T23:40:52 - [TEST_STEP][PASSED] - openBrowser(""): Browser is opened with url: ''

29-01-2024T23:40:52 - [MESSAGE][INFO] - Starting 'Chrome' driver

29-01-2024T23:40:52 - [MESSAGE][INFO] - Action delay is set to 0 milliseconds

29-01-2024T23:40:54 - [MESSAGE][PASSED] - Browser is opened with url: ''

29-01-2024T23:40:54 - [TEST_STEP][PASSED] - navigateToUrl("https://katalon-demo-cura.herokuapp.com/"): Navigate to 'https://katalon-demo-cura.herokuapp.com/' successfully

29-01-2024T23:40:59 - [MESSAGE][PASSED] - Navigate to 'https://katalon-demo-cura.herokuapp.com/' successfully

29-01-2024T23:40:59 - [TEST_STEP][PASSED] - click(findTestObject("Object Repository/katalon demo/Page_CURA Healthcare Service/amenu-toggle")): Object: 'Object Repository/katalon demo/Page_CURA Healthcare Service/amenu-toggle' is clicked on

29-01-2024T23:40:59 - [MESSAGE][PASSED] - Object: 'Object Repository/katalon demo/Page_CURA Healthcare Service/amenu-toggle' is clicked on

29-01-2024T23:40:59 - [TEST_STEP][PASSED] - click(findTestObject("Object Repository/katalon demo/Page_CURA Healthcare Service/a_Login")): Object: 'Object Repository/katalon demo/Page_CURA Healthcare Service/a_Login' is clicked on

29-01-2024T23:41:00 - [MESSAGE][PASSED] - Object: 'Object Repository/katalon demo/Page_CURA Healthcare Service/a_Login' is clicked on

29-01-2024T23:41:00 - [TEST_STEP][PASSED] - setText(findTestObject("Object Repository/katalon demo/Page_CURA Healthcare Service/input_username"), "John Doe"): Text 'John Doe' is set on object 'Object Repository/katalon demo/Page_CURA Healthcare Service/input_username'

29-01-2024T23:41:01 - [MESSAGE][PASSED] - Text 'John Doe' is set on object 'Object Repository/katalon demo/Page_CURA Healthcare Service/input_username'

29-01-2024T23:41:01 - [TEST_STEP][PASSED] - setEncryptedText(findTestObject("Object Repository/katalon demo/Page_CURA Healthcare Service/input_password"), "g3/DOGG74jC3Flrr3yH+3D/yKbOqqUNM"): Text ****** has been set on object 'Object Repository/katalon demo/Page_CURA Healthcare Service/input_password'

29-01-2024T23:41:02 - [MESSAGE][PASSED] - Text ****** has been set on object 'Object Repository/katalon demo/Page_CURA Healthcare Service/input_password'

29-01-2024T23:41:02 - [TEST_STEP][PASSED] - takeScreenshotAsCheckpoint("login katalon demo", STOP_ON_FAILURE): Taking screenshot successfully

29-01-2024T23:41:02 - [MESSAGE][INFO] - 0 hidden object(s)

29-01-2024T23:41:02 - [MESSAGE][PASSED] - Taking screenshot successfully
[[ATTACHMENT|keyes\keyes-login katalon demo.png]]

29-01-2024T23:41:02 - [TEST_STEP][PASSED] - click(findTestObject("Object Repository/katalon demo/Page_CURA Healthcare Service/button_Login")): Object: 'Object Repository/katalon demo/Page_CURA Healthcare Service/button_Login' is clicked on

29-01-2024T23:41:03 - [MESSAGE][PASSED] - Object: 'Object Repository/katalon demo/Page_CURA Healthcare Service/button_Login' is clicked on]]></system-out>
         <system-err><![CDATA[]]></system-err>
      </testcase>
      <testcase name="Test Cases/Katalon Demo/make appointment katalon demo" time="14.559" classname="Test Cases/Katalon Demo/make appointment katalon demo" status="PASSED">
         <system-out><![CDATA[29-01-2024T23:41:03 - [TEST_CASE][PASSED] - Test Cases/Katalon Demo/make appointment katalon demo: Test Cases/Katalon Demo/make appointment katalon demo

29-01-2024T23:41:04 - [TEST_STEP][PASSED] - selectOptionByValue(findTestObject("Object Repository/katalon demo/Page_CURA Healthcare Service/select_Tokyo"), "Hongkong CURA Healthcare Center", true): All options with value 'Hongkong CURA Healthcare Center' are selected in object 'Object Repository/katalon demo/Page_CURA Healthcare Service/select_Tokyo'  using regular expression

29-01-2024T23:41:05 - [MESSAGE][PASSED] - All options with value 'Hongkong CURA Healthcare Center' are selected in object 'Object Repository/katalon demo/Page_CURA Healthcare Service/select_Tokyo'  using regular expression

29-01-2024T23:41:05 - [TEST_STEP][PASSED] - click(findTestObject("Object Repository/katalon demo/Page_CURA Healthcare Service/label_Apply for hospital readmission")): Object: 'Object Repository/katalon demo/Page_CURA Healthcare Service/label_Apply for hospital readmission' is clicked on

29-01-2024T23:41:05 - [MESSAGE][PASSED] - Object: 'Object Repository/katalon demo/Page_CURA Healthcare Service/label_Apply for hospital readmission' is clicked on

29-01-2024T23:41:05 - [TEST_STEP][PASSED] - click(findTestObject("Object Repository/katalon demo/Page_CURA Healthcare Service/input_programs")): Object: 'Object Repository/katalon demo/Page_CURA Healthcare Service/input_programs' is clicked on

29-01-2024T23:41:05 - [MESSAGE][PASSED] - Object: 'Object Repository/katalon demo/Page_CURA Healthcare Service/input_programs' is clicked on

29-01-2024T23:41:05 - [TEST_STEP][PASSED] - click(findTestObject("Object Repository/katalon demo/Page_CURA Healthcare Service/span_glyphicon glyphicon-calendar")): Object: 'Object Repository/katalon demo/Page_CURA Healthcare Service/span_glyphicon glyphicon-calendar' is clicked on

29-01-2024T23:41:06 - [MESSAGE][PASSED] - Object: 'Object Repository/katalon demo/Page_CURA Healthcare Service/span_glyphicon glyphicon-calendar' is clicked on

29-01-2024T23:41:06 - [TEST_STEP][PASSED] - click(findTestObject("Object Repository/katalon demo/Page_CURA Healthcare Service/td_31")): Object: 'Object Repository/katalon demo/Page_CURA Healthcare Service/td_31' is clicked on

29-01-2024T23:41:06 - [MESSAGE][PASSED] - Object: 'Object Repository/katalon demo/Page_CURA Healthcare Service/td_31' is clicked on

29-01-2024T23:41:06 - [TEST_STEP][PASSED] - setText(findTestObject("Object Repository/katalon demo/Page_CURA Healthcare Service/textarea_comment"), "tes katalon demo"): Text 'tes katalon demo' is set on object 'Object Repository/katalon demo/Page_CURA Healthcare Service/textarea_comment'

29-01-2024T23:41:07 - [MESSAGE][PASSED] - Text 'tes katalon demo' is set on object 'Object Repository/katalon demo/Page_CURA Healthcare Service/textarea_comment'

29-01-2024T23:41:07 - [TEST_STEP][PASSED] - click(findTestObject("Object Repository/katalon demo/Page_CURA Healthcare Service/button_Book Appointment")): Object: 'Object Repository/katalon demo/Page_CURA Healthcare Service/button_Book Appointment' is clicked on

29-01-2024T23:41:15 - [MESSAGE][PASSED] - Object: 'Object Repository/katalon demo/Page_CURA Healthcare Service/button_Book Appointment' is clicked on

29-01-2024T23:41:15 - [TEST_STEP][PASSED] - verifyTextPresent("Appointment Confirmation", false): Text 'Appointment Confirmation' is present on page 

29-01-2024T23:41:16 - [MESSAGE][PASSED] - Text 'Appointment Confirmation' is present on page 

29-01-2024T23:41:16 - [TEST_STEP][PASSED] - takeScreenshotAsCheckpoint("appointment katalon demo"): Taking screenshot successfully

29-01-2024T23:41:16 - [MESSAGE][INFO] - 0 hidden object(s)

29-01-2024T23:41:17 - [MESSAGE][PASSED] - Taking screenshot successfully
[[ATTACHMENT|keyes\keyes-appointment katalon demo.png]]

29-01-2024T23:41:17 - [TEST_STEP][PASSED] - click(findTestObject("Object Repository/katalon demo/Page_CURA Healthcare Service/a_Go to Homepage")): Object: 'Object Repository/katalon demo/Page_CURA Healthcare Service/a_Go to Homepage' is clicked on

29-01-2024T23:41:18 - [MESSAGE][PASSED] - Object: 'Object Repository/katalon demo/Page_CURA Healthcare Service/a_Go to Homepage' is clicked on]]></system-out>
         <system-err><![CDATA[]]></system-err>
      </testcase>
      <testcase name="Test Cases/Katalon Demo/make appointment katalon demo 1" time="6.673" classname="Test Cases/Katalon Demo/make appointment katalon demo 1" status="PASSED">
         <system-out><![CDATA[29-01-2024T23:41:18 - [TEST_CASE][PASSED] - Test Cases/Katalon Demo/make appointment katalon demo 1: Test Cases/Katalon Demo/make appointment katalon demo 1

29-01-2024T23:41:18 - [TEST_STEP][PASSED] - selectOptionByValue(findTestObject("Object Repository/katalon demo/Page_CURA Healthcare Service/select_Tokyo"), "Seoul CURA Healthcare Center", true): All options with value 'Seoul CURA Healthcare Center' are selected in object 'Object Repository/katalon demo/Page_CURA Healthcare Service/select_Tokyo'  using regular expression

29-01-2024T23:41:19 - [MESSAGE][PASSED] - All options with value 'Seoul CURA Healthcare Center' are selected in object 'Object Repository/katalon demo/Page_CURA Healthcare Service/select_Tokyo'  using regular expression

29-01-2024T23:41:19 - [TEST_STEP][PASSED] - click(findTestObject("Object Repository/katalon demo/Page_CURA Healthcare Service/input_hospital_readmission")): Object: 'Object Repository/katalon demo/Page_CURA Healthcare Service/input_hospital_readmission' is clicked on

29-01-2024T23:41:20 - [MESSAGE][PASSED] - Object: 'Object Repository/katalon demo/Page_CURA Healthcare Service/input_hospital_readmission' is clicked on

29-01-2024T23:41:20 - [TEST_STEP][PASSED] - click(findTestObject("Object Repository/katalon demo/Page_CURA Healthcare Service/input_programs")): Object: 'Object Repository/katalon demo/Page_CURA Healthcare Service/input_programs' is clicked on

29-01-2024T23:41:20 - [MESSAGE][PASSED] - Object: 'Object Repository/katalon demo/Page_CURA Healthcare Service/input_programs' is clicked on

29-01-2024T23:41:20 - [TEST_STEP][PASSED] - click(findTestObject("Object Repository/katalon demo/Page_CURA Healthcare Service/span_glyphicon glyphicon-calendar")): Object: 'Object Repository/katalon demo/Page_CURA Healthcare Service/span_glyphicon glyphicon-calendar' is clicked on

29-01-2024T23:41:20 - [MESSAGE][PASSED] - Object: 'Object Repository/katalon demo/Page_CURA Healthcare Service/span_glyphicon glyphicon-calendar' is clicked on

29-01-2024T23:41:20 - [TEST_STEP][PASSED] - click(findTestObject("Object Repository/katalon demo/Page_CURA Healthcare Service/td_30")): Object: 'Object Repository/katalon demo/Page_CURA Healthcare Service/td_30' is clicked on

29-01-2024T23:41:21 - [MESSAGE][PASSED] - Object: 'Object Repository/katalon demo/Page_CURA Healthcare Service/td_30' is clicked on

29-01-2024T23:41:21 - [TEST_STEP][PASSED] - setText(findTestObject("Object Repository/katalon demo/Page_CURA Healthcare Service/textarea_comment"), "tes katalon"): Text 'tes katalon' is set on object 'Object Repository/katalon demo/Page_CURA Healthcare Service/textarea_comment'

29-01-2024T23:41:22 - [MESSAGE][PASSED] - Text 'tes katalon' is set on object 'Object Repository/katalon demo/Page_CURA Healthcare Service/textarea_comment'

29-01-2024T23:41:22 - [TEST_STEP][PASSED] - click(findTestObject("Object Repository/katalon demo/Page_CURA Healthcare Service/button_Book Appointment")): Object: 'Object Repository/katalon demo/Page_CURA Healthcare Service/button_Book Appointment' is clicked on

29-01-2024T23:41:23 - [MESSAGE][PASSED] - Object: 'Object Repository/katalon demo/Page_CURA Healthcare Service/button_Book Appointment' is clicked on

29-01-2024T23:41:23 - [TEST_STEP][PASSED] - verifyTextPresent("Appointment Confirmation", false): Text 'Appointment Confirmation' is present on page 

29-01-2024T23:41:23 - [MESSAGE][PASSED] - Text 'Appointment Confirmation' is present on page 

29-01-2024T23:41:23 - [TEST_STEP][PASSED] - takeScreenshotAsCheckpoint("appointment 1 katalon demo"): Taking screenshot successfully

29-01-2024T23:41:24 - [MESSAGE][INFO] - 0 hidden object(s)

29-01-2024T23:41:24 - [MESSAGE][PASSED] - Taking screenshot successfully
[[ATTACHMENT|keyes\keyes-appointment 1 katalon demo.png]]

29-01-2024T23:41:24 - [TEST_STEP][PASSED] - click(findTestObject("Object Repository/katalon demo/Page_CURA Healthcare Service/a_Go to Homepage")): Object: 'Object Repository/katalon demo/Page_CURA Healthcare Service/a_Go to Homepage' is clicked on

29-01-2024T23:41:25 - [MESSAGE][PASSED] - Object: 'Object Repository/katalon demo/Page_CURA Healthcare Service/a_Go to Homepage' is clicked on]]></system-out>
         <system-err><![CDATA[]]></system-err>
      </testcase>
      <testcase name="Test Cases/Katalon Demo/make appointment katalon demo 2" time="5.805" classname="Test Cases/Katalon Demo/make appointment katalon demo 2" status="PASSED">
         <system-out><![CDATA[29-01-2024T23:41:25 - [TEST_CASE][PASSED] - Test Cases/Katalon Demo/make appointment katalon demo 2: Test Cases/Katalon Demo/make appointment katalon demo 2

29-01-2024T23:41:25 - [TEST_STEP][PASSED] - click(findTestObject("Object Repository/katalon demo/Page_CURA Healthcare Service/label_Apply for hospital readmission")): Object: 'Object Repository/katalon demo/Page_CURA Healthcare Service/label_Apply for hospital readmission' is clicked on

29-01-2024T23:41:25 - [MESSAGE][PASSED] - Object: 'Object Repository/katalon demo/Page_CURA Healthcare Service/label_Apply for hospital readmission' is clicked on

29-01-2024T23:41:25 - [TEST_STEP][PASSED] - click(findTestObject("Object Repository/katalon demo/Page_CURA Healthcare Service/input_programs")): Object: 'Object Repository/katalon demo/Page_CURA Healthcare Service/input_programs' is clicked on

29-01-2024T23:41:25 - [MESSAGE][PASSED] - Object: 'Object Repository/katalon demo/Page_CURA Healthcare Service/input_programs' is clicked on

29-01-2024T23:41:25 - [TEST_STEP][PASSED] - click(findTestObject("Object Repository/katalon demo/Page_CURA Healthcare Service/input_visit_date")): Object: 'Object Repository/katalon demo/Page_CURA Healthcare Service/input_visit_date' is clicked on

29-01-2024T23:41:26 - [MESSAGE][PASSED] - Object: 'Object Repository/katalon demo/Page_CURA Healthcare Service/input_visit_date' is clicked on

29-01-2024T23:41:26 - [TEST_STEP][PASSED] - click(findTestObject("Object Repository/katalon demo/Page_CURA Healthcare Service/th_")): Object: 'Object Repository/katalon demo/Page_CURA Healthcare Service/th_' is clicked on

29-01-2024T23:41:26 - [MESSAGE][PASSED] - Object: 'Object Repository/katalon demo/Page_CURA Healthcare Service/th_' is clicked on

29-01-2024T23:41:26 - [TEST_STEP][PASSED] - click(findTestObject("Object Repository/katalon demo/Page_CURA Healthcare Service/td_28")): Object: 'Object Repository/katalon demo/Page_CURA Healthcare Service/td_28' is clicked on

29-01-2024T23:41:27 - [MESSAGE][PASSED] - Object: 'Object Repository/katalon demo/Page_CURA Healthcare Service/td_28' is clicked on

29-01-2024T23:41:27 - [TEST_STEP][PASSED] - setText(findTestObject("Object Repository/katalon demo/Page_CURA Healthcare Service/textarea_comment"), "tes katalon"): Text 'tes katalon' is set on object 'Object Repository/katalon demo/Page_CURA Healthcare Service/textarea_comment'

29-01-2024T23:41:28 - [MESSAGE][PASSED] - Text 'tes katalon' is set on object 'Object Repository/katalon demo/Page_CURA Healthcare Service/textarea_comment'

29-01-2024T23:41:28 - [TEST_STEP][PASSED] - click(findTestObject("Object Repository/katalon demo/Page_CURA Healthcare Service/button_Book Appointment")): Object: 'Object Repository/katalon demo/Page_CURA Healthcare Service/button_Book Appointment' is clicked on

29-01-2024T23:41:29 - [MESSAGE][PASSED] - Object: 'Object Repository/katalon demo/Page_CURA Healthcare Service/button_Book Appointment' is clicked on

29-01-2024T23:41:29 - [TEST_STEP][PASSED] - verifyTextPresent("Appointment Confirmation", false): Text 'Appointment Confirmation' is present on page 

29-01-2024T23:41:29 - [MESSAGE][PASSED] - Text 'Appointment Confirmation' is present on page 

29-01-2024T23:41:29 - [TEST_STEP][PASSED] - takeScreenshotAsCheckpoint("appointment 2 katalon demo"): Taking screenshot successfully

29-01-2024T23:41:30 - [MESSAGE][INFO] - 0 hidden object(s)

29-01-2024T23:41:30 - [MESSAGE][PASSED] - Taking screenshot successfully
[[ATTACHMENT|keyes\keyes-appointment 2 katalon demo.png]]

29-01-2024T23:41:30 - [TEST_STEP][PASSED] - click(findTestObject("Object Repository/katalon demo/Page_CURA Healthcare Service/a_Go to Homepage")): Object: 'Object Repository/katalon demo/Page_CURA Healthcare Service/a_Go to Homepage' is clicked on

29-01-2024T23:41:30 - [MESSAGE][PASSED] - Object: 'Object Repository/katalon demo/Page_CURA Healthcare Service/a_Go to Homepage' is clicked on]]></system-out>
         <system-err><![CDATA[]]></system-err>
      </testcase>
      <testcase name="Test Cases/Katalon Demo/history katalon demo" time="66.032" classname="Test Cases/Katalon Demo/history katalon demo" status="PASSED">
         <system-out><![CDATA[29-01-2024T23:41:30 - [TEST_CASE][PASSED] - Test Cases/Katalon Demo/history katalon demo: Test Cases/Katalon Demo/history katalon demo

29-01-2024T23:41:31 - [TEST_STEP][PASSED] - click(findTestObject("Object Repository/katalon demo/Page_CURA Healthcare Service/amenu-toggle")): Object: 'Object Repository/katalon demo/Page_CURA Healthcare Service/amenu-toggle' is clicked on

29-01-2024T23:41:31 - [MESSAGE][PASSED] - Object: 'Object Repository/katalon demo/Page_CURA Healthcare Service/amenu-toggle' is clicked on

29-01-2024T23:41:31 - [TEST_STEP][PASSED] - click(findTestObject("Object Repository/katalon demo/Page_CURA Healthcare Service/a_History")): Object: 'Object Repository/katalon demo/Page_CURA Healthcare Service/a_History' is clicked on

29-01-2024T23:41:32 - [MESSAGE][PASSED] - Object: 'Object Repository/katalon demo/Page_CURA Healthcare Service/a_History' is clicked on

29-01-2024T23:41:32 - [TEST_STEP][PASSED] - takeScreenshotAsCheckpoint("history katalon demo"): Taking screenshot successfully

29-01-2024T23:41:33 - [MESSAGE][INFO] - 0 hidden object(s)

29-01-2024T23:41:33 - [MESSAGE][PASSED] - Taking screenshot successfully
[[ATTACHMENT|keyes\keyes-history katalon demo.png]]

29-01-2024T23:41:33 - [TEST_STEP][PASSED] - scrollToElement(findTestObject("katalon demo/Page_CURA Healthcare Service/a_Go to Homepage"), 3): Scroll to object 'Object Repository/katalon demo/Page_CURA Healthcare Service/a_Go to Homepage' successfully

29-01-2024T23:42:04 - [MESSAGE][INFO] - Unable to find the element located by 'By.xpath: //section[@id='summary']/div/div/div[7]/p/a'. Please recheck the objects properties to make sure the desired element is located. 

29-01-2024T23:42:04 - [MESSAGE][WARNING] - [SELF-HEALING] Failed to find element with id 'Object Repository/katalon demo/Page_CURA Healthcare Service/a_Go to Homepage'. Try using Self-healing.

29-01-2024T23:42:04 - [MESSAGE][WARNING] - [SELF-HEALING] The current locator of test object 'Object Repository/katalon demo/Page_CURA Healthcare Service/a_Go to Homepage' was broken. Propose an alternative one: '//a[contains(text(),'Go to Homepage')]'.

29-01-2024T23:42:04 - [MESSAGE][PASSED] - Scroll to object 'Object Repository/katalon demo/Page_CURA Healthcare Service/a_Go to Homepage' successfully

29-01-2024T23:42:04 - [TEST_STEP][PASSED] - click(findTestObject("Object Repository/katalon demo/Page_CURA Healthcare Service/a_Go to Homepage")): Object: 'Object Repository/katalon demo/Page_CURA Healthcare Service/a_Go to Homepage' is clicked on

29-01-2024T23:42:35 - [MESSAGE][INFO] - Unable to find the element located by 'By.xpath: //section[@id='summary']/div/div/div[7]/p/a'. Please recheck the objects properties to make sure the desired element is located. 

29-01-2024T23:42:35 - [MESSAGE][WARNING] - [SELF-HEALING] Failed to find element with id 'Object Repository/katalon demo/Page_CURA Healthcare Service/a_Go to Homepage'. Try using Self-healing.

29-01-2024T23:42:36 - [MESSAGE][WARNING] - [SELF-HEALING] The current locator of test object 'Object Repository/katalon demo/Page_CURA Healthcare Service/a_Go to Homepage' was broken. Propose an alternative one: '//a[contains(text(),'Go to Homepage')]'.

29-01-2024T23:42:36 - [MESSAGE][PASSED] - Object: 'Object Repository/katalon demo/Page_CURA Healthcare Service/a_Go to Homepage' is clicked on]]></system-out>
         <system-err><![CDATA[]]></system-err>
      </testcase>
      <testcase name="Test Cases/Katalon Demo/profile katalon demo" time="3.252" classname="Test Cases/Katalon Demo/profile katalon demo" status="PASSED">
         <system-out><![CDATA[29-01-2024T23:42:36 - [TEST_CASE][PASSED] - Test Cases/Katalon Demo/profile katalon demo: Test Cases/Katalon Demo/profile katalon demo

29-01-2024T23:42:37 - [TEST_STEP][PASSED] - click(findTestObject("Object Repository/katalon demo/Page_CURA Healthcare Service/i_fa fa-bars")): Object: 'Object Repository/katalon demo/Page_CURA Healthcare Service/i_fa fa-bars' is clicked on

29-01-2024T23:42:37 - [MESSAGE][PASSED] - Object: 'Object Repository/katalon demo/Page_CURA Healthcare Service/i_fa fa-bars' is clicked on

29-01-2024T23:42:37 - [TEST_STEP][PASSED] - click(findTestObject("Object Repository/katalon demo/Page_CURA Healthcare Service/a_Profile")): Object: 'Object Repository/katalon demo/Page_CURA Healthcare Service/a_Profile' is clicked on

29-01-2024T23:42:38 - [MESSAGE][PASSED] - Object: 'Object Repository/katalon demo/Page_CURA Healthcare Service/a_Profile' is clicked on

29-01-2024T23:42:38 - [TEST_STEP][PASSED] - takeScreenshotAsCheckpoint("profile katalon demo"): Taking screenshot successfully

29-01-2024T23:42:39 - [MESSAGE][INFO] - 0 hidden object(s)

29-01-2024T23:42:39 - [MESSAGE][PASSED] - Taking screenshot successfully
[[ATTACHMENT|keyes\keyes-profile katalon demo.png]]

29-01-2024T23:42:39 - [TEST_STEP][PASSED] - click(findTestObject("Object Repository/katalon demo/Page_CURA Healthcare Service/i_fa fa-bars")): Object: 'Object Repository/katalon demo/Page_CURA Healthcare Service/i_fa fa-bars' is clicked on

29-01-2024T23:42:39 - [MESSAGE][PASSED] - Object: 'Object Repository/katalon demo/Page_CURA Healthcare Service/i_fa fa-bars' is clicked on

29-01-2024T23:42:39 - [TEST_STEP][PASSED] - click(findTestObject("Object Repository/katalon demo/Page_CURA Healthcare Service/a_Home")): Object: 'Object Repository/katalon demo/Page_CURA Healthcare Service/a_Home' is clicked on

29-01-2024T23:42:40 - [MESSAGE][PASSED] - Object: 'Object Repository/katalon demo/Page_CURA Healthcare Service/a_Home' is clicked on]]></system-out>
         <system-err><![CDATA[]]></system-err>
      </testcase>
      <testcase name="Test Cases/Katalon Demo/logout katalon demo" time="2.612" classname="Test Cases/Katalon Demo/logout katalon demo" status="PASSED">
         <system-out><![CDATA[29-01-2024T23:42:40 - [TEST_CASE][PASSED] - Test Cases/Katalon Demo/logout katalon demo: Test Cases/Katalon Demo/logout katalon demo

29-01-2024T23:42:40 - [TEST_STEP][PASSED] - click(findTestObject("Object Repository/katalon demo/Page_CURA Healthcare Service/i_fa fa-bars")): Object: 'Object Repository/katalon demo/Page_CURA Healthcare Service/i_fa fa-bars' is clicked on

29-01-2024T23:42:40 - [MESSAGE][PASSED] - Object: 'Object Repository/katalon demo/Page_CURA Healthcare Service/i_fa fa-bars' is clicked on

29-01-2024T23:42:40 - [TEST_STEP][PASSED] - takeScreenshotAsCheckpoint("logout katalon demo"): Taking screenshot successfully

29-01-2024T23:42:41 - [MESSAGE][INFO] - 0 hidden object(s)

29-01-2024T23:42:41 - [MESSAGE][PASSED] - Taking screenshot successfully
[[ATTACHMENT|keyes\keyes-logout katalon demo.png]]

29-01-2024T23:42:41 - [TEST_STEP][PASSED] - click(findTestObject("Object Repository/katalon demo/Page_CURA Healthcare Service/a_Logout")): Object: 'Object Repository/katalon demo/Page_CURA Healthcare Service/a_Logout' is clicked on

29-01-2024T23:42:42 - [MESSAGE][PASSED] - Object: 'Object Repository/katalon demo/Page_CURA Healthcare Service/a_Logout' is clicked on

29-01-2024T23:42:42 - [TEST_STEP][PASSED] - closeBrowser(): Browser is closed

29-01-2024T23:42:42 - [MESSAGE][PASSED] - Browser is closed]]></system-out>
         <system-err><![CDATA[]]></system-err>
      </testcase>
      <testcase name="Test Cases/Katalon Demo/negatif login katalon demo" time="17.422" classname="Test Cases/Katalon Demo/negatif login katalon demo" status="PASSED">
         <system-out><![CDATA[29-01-2024T23:43:06 - [TEST_CASE][PASSED] - Test Cases/Katalon Demo/negatif login katalon demo: Test Cases/Katalon Demo/negatif login katalon demo

29-01-2024T23:43:06 - [TEST_STEP][PASSED] - openBrowser(""): Browser is opened with url: ''

29-01-2024T23:43:06 - [MESSAGE][WARNING] - A browser is already opened. Closing browser and opening a new one

29-01-2024T23:43:06 - [MESSAGE][INFO] - Starting 'Chrome' driver

29-01-2024T23:43:06 - [MESSAGE][INFO] - Action delay is set to 0 milliseconds

29-01-2024T23:43:07 - [MESSAGE][PASSED] - Browser is opened with url: ''

29-01-2024T23:43:07 - [TEST_STEP][PASSED] - navigateToUrl("https://katalon-demo-cura.herokuapp.com/"): Navigate to 'https://katalon-demo-cura.herokuapp.com/' successfully

29-01-2024T23:43:11 - [MESSAGE][PASSED] - Navigate to 'https://katalon-demo-cura.herokuapp.com/' successfully

29-01-2024T23:43:11 - [TEST_STEP][PASSED] - click(findTestObject("Object Repository/katalon demo/Page_CURA Healthcare Service/amenu-toggle")): Object: 'Object Repository/katalon demo/Page_CURA Healthcare Service/amenu-toggle' is clicked on

29-01-2024T23:43:11 - [MESSAGE][PASSED] - Object: 'Object Repository/katalon demo/Page_CURA Healthcare Service/amenu-toggle' is clicked on

29-01-2024T23:43:11 - [TEST_STEP][PASSED] - click(findTestObject("Object Repository/katalon demo/Page_CURA Healthcare Service/a_Login")): Object: 'Object Repository/katalon demo/Page_CURA Healthcare Service/a_Login' is clicked on

29-01-2024T23:43:12 - [MESSAGE][PASSED] - Object: 'Object Repository/katalon demo/Page_CURA Healthcare Service/a_Login' is clicked on

29-01-2024T23:43:12 - [TEST_STEP][PASSED] - setText(findTestObject("Object Repository/katalon demo/Page_CURA Healthcare Service/input_username"), username1): Text 'aaaaa' is set on object 'Object Repository/katalon demo/Page_CURA Healthcare Service/input_username'

29-01-2024T23:43:13 - [MESSAGE][PASSED] - Text 'aaaaa' is set on object 'Object Repository/katalon demo/Page_CURA Healthcare Service/input_username'

29-01-2024T23:43:13 - [TEST_STEP][PASSED] - setText(findTestObject("Object Repository/katalon demo/Page_CURA Healthcare Service/input_password"), password1): Text 'aaaaaaaa' is set on object 'Object Repository/katalon demo/Page_CURA Healthcare Service/input_password'

29-01-2024T23:43:13 - [MESSAGE][PASSED] - Text 'aaaaaaaa' is set on object 'Object Repository/katalon demo/Page_CURA Healthcare Service/input_password'

29-01-2024T23:43:13 - [TEST_STEP][PASSED] - click(findTestObject("katalon demo/Page_CURA Healthcare Service/button_Login")): Object: 'Object Repository/katalon demo/Page_CURA Healthcare Service/button_Login' is clicked on

29-01-2024T23:43:14 - [MESSAGE][PASSED] - Object: 'Object Repository/katalon demo/Page_CURA Healthcare Service/button_Login' is clicked on

29-01-2024T23:43:14 - [TEST_STEP][PASSED] - verifyTextPresent("Login failed!", false): Text 'Login failed!' is present on page 

29-01-2024T23:43:15 - [MESSAGE][PASSED] - Text 'Login failed!' is present on page 

29-01-2024T23:43:15 - [TEST_STEP][PASSED] - takeScreenshotAsCheckpoint("negatif 1 login katalon demo"): Taking screenshot successfully

29-01-2024T23:43:15 - [MESSAGE][INFO] - 0 hidden object(s)

29-01-2024T23:43:15 - [MESSAGE][PASSED] - Taking screenshot successfully
[[ATTACHMENT|keyes\keyes-negatif 1 login katalon demo.png]]

29-01-2024T23:43:15 - [TEST_STEP][PASSED] - click(findTestObject("Object Repository/katalon demo/Page_CURA Healthcare Service/button_Login")): Object: 'Object Repository/katalon demo/Page_CURA Healthcare Service/button_Login' is clicked on

29-01-2024T23:43:16 - [MESSAGE][PASSED] - Object: 'Object Repository/katalon demo/Page_CURA Healthcare Service/button_Login' is clicked on

29-01-2024T23:43:16 - [TEST_STEP][PASSED] - setText(findTestObject("katalon demo/Page_CURA Healthcare Service/input_username"), username2): Text 'bbbbb' is set on object 'Object Repository/katalon demo/Page_CURA Healthcare Service/input_username'

29-01-2024T23:43:17 - [MESSAGE][PASSED] - Text 'bbbbb' is set on object 'Object Repository/katalon demo/Page_CURA Healthcare Service/input_username'

29-01-2024T23:43:17 - [TEST_STEP][PASSED] - setText(findTestObject("katalon demo/Page_CURA Healthcare Service/input_password"), password2): Text 'bbbbbbbb' is set on object 'Object Repository/katalon demo/Page_CURA Healthcare Service/input_password'

29-01-2024T23:43:18 - [MESSAGE][PASSED] - Text 'bbbbbbbb' is set on object 'Object Repository/katalon demo/Page_CURA Healthcare Service/input_password'

29-01-2024T23:43:18 - [TEST_STEP][PASSED] - click(findTestObject("katalon demo/Page_CURA Healthcare Service/button_Login")): Object: 'Object Repository/katalon demo/Page_CURA Healthcare Service/button_Login' is clicked on

29-01-2024T23:43:23 - [MESSAGE][PASSED] - Object: 'Object Repository/katalon demo/Page_CURA Healthcare Service/button_Login' is clicked on

29-01-2024T23:43:23 - [TEST_STEP][PASSED] - verifyTextPresent("Login failed!", false): Text 'Login failed!' is present on page 

29-01-2024T23:43:23 - [MESSAGE][PASSED] - Text 'Login failed!' is present on page 

29-01-2024T23:43:23 - [TEST_STEP][PASSED] - takeScreenshotAsCheckpoint("negatif 2 login katalon demo"): Taking screenshot successfully

29-01-2024T23:43:23 - [MESSAGE][INFO] - 0 hidden object(s)

29-01-2024T23:43:23 - [MESSAGE][PASSED] - Taking screenshot successfully
[[ATTACHMENT|keyes\keyes-negatif 2 login katalon demo.png]]]]></system-out>
         <system-err><![CDATA[]]></system-err>
      </testcase>
      <system-out><![CDATA[29-01-2024T23:40:51 - [TEST_SUITE][FAILED] - katalon demo: Test Cases/Katalon Demo/negatif login katalon demo FAILED.
Reason:
com.kms.katalon.core.exception.StepFailedException: Unable to verify text 'Login failed!' is present 
	at com.kms.katalon.core.webui.keyword.internal.WebUIKeywordMain.stepFailed(WebUIKeywordMain.groovy:64)
	at com.kms.katalon.core.webui.keyword.internal.WebUIKeywordMain.runKeyword(WebUIKeywordMain.groovy:26)
	at com.kms.katalon.core.webui.keyword.builtin.VerifyTextPresentKeyword.verifyTextPresent(VerifyTextPresentKeyword.groovy:83)
	at com.kms.katalon.core.webui.keyword.builtin.VerifyTextPresentKeyword.execute(VerifyTextPresentKeyword.groovy:68)
	at com.kms.katalon.core.keyword.internal.KeywordExecutor.executeKeywordForPlatform(KeywordExecutor.groovy:74)
	at com.kms.katalon.core.webui.keyword.WebUiBuiltInKeywords.verifyTextPresent(WebUiBuiltInKeywords.groovy:1762)
	at negatif login katalon demo.run(negatif login katalon demo:46)
	at com.kms.katalon.core.main.ScriptEngine.run(ScriptEngine.java:194)
	at com.kms.katalon.core.main.ScriptEngine.runScriptAsRawText(ScriptEngine.java:119)
	at com.kms.katalon.core.main.TestCaseExecutor.runScript(TestCaseExecutor.java:448)
	at com.kms.katalon.core.main.TestCaseExecutor.doExecute(TestCaseExecutor.java:439)
	at com.kms.katalon.core.main.TestCaseExecutor.processExecutionPhase(TestCaseExecutor.java:418)
	at com.kms.katalon.core.main.TestCaseExecutor.accessMainPhase(TestCaseExecutor.java:410)
	at com.kms.katalon.core.main.TestCaseExecutor.execute(TestCaseExecutor.java:285)
	at com.kms.katalon.core.common.CommonExecutor.accessTestCaseMainPhase(CommonExecutor.java:65)
	at com.kms.katalon.core.main.TestSuiteExecutor.accessTestSuiteMainPhase(TestSuiteExecutor.java:148)
	at com.kms.katalon.core.main.TestSuiteExecutor.execute(TestSuiteExecutor.java:106)
	at com.kms.katalon.core.main.TestCaseMain.startTestSuite(TestCaseMain.java:180)
	at TempTestSuite1706544686422.run(TempTestSuite1706544686422.groovy:36)
	at java.base/jdk.internal.reflect.NativeMethodAccessorImpl.invoke0(Native Method)
	at java.base/jdk.internal.reflect.NativeMethodAccessorImpl.invoke(NativeMethodAccessorImpl.java:77)
	at java.base/jdk.internal.reflect.DelegatingMethodAccessorImpl.invoke(DelegatingMethodAccessorImpl.java:43)
Caused by: com.kms.katalon.core.exception.StepFailedException: Text 'Login failed!' is not present on page 
	at com.kms.katalon.core.webui.keyword.internal.WebUIKeywordMain.stepFailed(WebUIKeywordMain.groovy:64)
	at com.kms.katalon.core.webui.keyword.builtin.VerifyTextPresentKeyword$_verifyTextPresent_closure1.doCall(VerifyTextPresentKeyword.groovy:79)
	at com.kms.katalon.core.webui.keyword.builtin.VerifyTextPresentKeyword$_verifyTextPresent_closure1.call(VerifyTextPresentKeyword.groovy)
	at com.kms.katalon.core.webui.keyword.internal.WebUIKeywordMain.runKeyword(WebUIKeywordMain.groovy:20)
	... 20 more]]></system-out>
      <system-err><![CDATA[29-01-2024T23:40:51 - [TEST_SUITE][FAILED] - katalon demo: Test Cases/Katalon Demo/negatif login katalon demo FAILED.
Reason:
com.kms.katalon.core.exception.StepFailedException: Unable to verify text 'Login failed!' is present 
	at com.kms.katalon.core.webui.keyword.internal.WebUIKeywordMain.stepFailed(WebUIKeywordMain.groovy:64)
	at com.kms.katalon.core.webui.keyword.internal.WebUIKeywordMain.runKeyword(WebUIKeywordMain.groovy:26)
	at com.kms.katalon.core.webui.keyword.builtin.VerifyTextPresentKeyword.verifyTextPresent(VerifyTextPresentKeyword.groovy:83)
	at com.kms.katalon.core.webui.keyword.builtin.VerifyTextPresentKeyword.execute(VerifyTextPresentKeyword.groovy:68)
	at com.kms.katalon.core.keyword.internal.KeywordExecutor.executeKeywordForPlatform(KeywordExecutor.groovy:74)
	at com.kms.katalon.core.webui.keyword.WebUiBuiltInKeywords.verifyTextPresent(WebUiBuiltInKeywords.groovy:1762)
	at negatif login katalon demo.run(negatif login katalon demo:46)
	at com.kms.katalon.core.main.ScriptEngine.run(ScriptEngine.java:194)
	at com.kms.katalon.core.main.ScriptEngine.runScriptAsRawText(ScriptEngine.java:119)
	at com.kms.katalon.core.main.TestCaseExecutor.runScript(TestCaseExecutor.java:448)
	at com.kms.katalon.core.main.TestCaseExecutor.doExecute(TestCaseExecutor.java:439)
	at com.kms.katalon.core.main.TestCaseExecutor.processExecutionPhase(TestCaseExecutor.java:418)
	at com.kms.katalon.core.main.TestCaseExecutor.accessMainPhase(TestCaseExecutor.java:410)
	at com.kms.katalon.core.main.TestCaseExecutor.execute(TestCaseExecutor.java:285)
	at com.kms.katalon.core.common.CommonExecutor.accessTestCaseMainPhase(CommonExecutor.java:65)
	at com.kms.katalon.core.main.TestSuiteExecutor.accessTestSuiteMainPhase(TestSuiteExecutor.java:148)
	at com.kms.katalon.core.main.TestSuiteExecutor.execute(TestSuiteExecutor.java:106)
	at com.kms.katalon.core.main.TestCaseMain.startTestSuite(TestCaseMain.java:180)
	at TempTestSuite1706544686422.run(TempTestSuite1706544686422.groovy:36)
	at java.base/jdk.internal.reflect.NativeMethodAccessorImpl.invoke0(Native Method)
	at java.base/jdk.internal.reflect.NativeMethodAccessorImpl.invoke(NativeMethodAccessorImpl.java:77)
	at java.base/jdk.internal.reflect.DelegatingMethodAccessorImpl.invoke(DelegatingMethodAccessorImpl.java:43)
Caused by: com.kms.katalon.core.exception.StepFailedException: Text 'Login failed!' is not present on page 
	at com.kms.katalon.core.webui.keyword.internal.WebUIKeywordMain.stepFailed(WebUIKeywordMain.groovy:64)
	at com.kms.katalon.core.webui.keyword.builtin.VerifyTextPresentKeyword$_verifyTextPresent_closure1.doCall(VerifyTextPresentKeyword.groovy:79)
	at com.kms.katalon.core.webui.keyword.builtin.VerifyTextPresentKeyword$_verifyTextPresent_closure1.call(VerifyTextPresentKeyword.groovy)
	at com.kms.katalon.core.webui.keyword.internal.WebUIKeywordMain.runKeyword(WebUIKeywordMain.groovy:20)
	... 20 more]]></system-err>
   </testsuite>
   <testsuite name="katalon demo" tests="8" failures="0" errors="0" time="133.909" skipped="0" timestamp="29-01-2024T23:43:30" hostname="0517 - Pierrot" id="Test Suites/katalon demo">
      <properties>
         <property name="deviceName" value=""/>
         <property name="devicePlatform" value=""/>
         <property name="logFolder" value="C:\\Users\\0517\\Katalon Studio\\poc bni\\Reports\\20240129_231002\\katalon demo\\20240129_231132"/>
         <property name="logFiles" value="C:\\Users\\0517\\Katalon Studio\\poc bni\\Reports\\20240129_231002\\katalon demo\\20240129_231132\\execution0.log"/>
         <property name="attachments" value="keyes\keyes-login katalon demo.png, keyes\keyes-appointment katalon demo.png, keyes\keyes-appointment 1 katalon demo.png, keyes\keyes-appointment 2 katalon demo.png, keyes\keyes-history katalon demo.png, keyes\keyes-profile katalon demo.png, keyes\keyes-logout katalon demo.png, keyes\keyes-negatif 1 login katalon demo.png, keyes\keyes-negatif 2 login katalon demo.png"/>
         <property name="hostName" value="0517 - Pierrot"/>
         <property name="os" value="Windows 10 64bit"/>
         <property name="katalonVersion" value="9.2.0.212"/>
         <property name="browser" value="Chrome 121.0.0.0"/>
         <property name="hostAddress" value="192.168.96.2"/>
         <property name="sessionId" value="ac42e03a80ea816fc1abcf62dc8ffac1"/>
         <property name="seleniumVersion" value="3.141.59"/>
         <property name="proxyInformation" value="ProxyInformation { proxyOption=NO_PROXY, proxyServerType=HTTP, username=, password=********, proxyServerAddress=, proxyServerPort=0, executionList=&quot;&quot;, isApplyToDesiredCapabilities=true }"/>
         <property name="platform" value="Windows 10"/>
      </properties>
      <testcase name="Test Cases/Katalon Demo/login katalon demo" time="11.451" classname="Test Cases/Katalon Demo/login katalon demo" status="PASSED">
         <system-out><![CDATA[29-01-2024T23:43:30 - [TEST_CASE][PASSED] - Test Cases/Katalon Demo/login katalon demo: Test Cases/Katalon Demo/login katalon demo

29-01-2024T23:43:31 - [TEST_STEP][PASSED] - openBrowser(""): Browser is opened with url: ''

29-01-2024T23:43:31 - [MESSAGE][INFO] - Starting 'Chrome' driver

29-01-2024T23:43:31 - [MESSAGE][INFO] - Action delay is set to 0 milliseconds

29-01-2024T23:43:33 - [MESSAGE][PASSED] - Browser is opened with url: ''

29-01-2024T23:43:33 - [TEST_STEP][PASSED] - navigateToUrl("https://katalon-demo-cura.herokuapp.com/"): Navigate to 'https://katalon-demo-cura.herokuapp.com/' successfully

29-01-2024T23:43:37 - [MESSAGE][PASSED] - Navigate to 'https://katalon-demo-cura.herokuapp.com/' successfully

29-01-2024T23:43:37 - [TEST_STEP][PASSED] - click(findTestObject("Object Repository/katalon demo/Page_CURA Healthcare Service/amenu-toggle")): Object: 'Object Repository/katalon demo/Page_CURA Healthcare Service/amenu-toggle' is clicked on

29-01-2024T23:43:37 - [MESSAGE][PASSED] - Object: 'Object Repository/katalon demo/Page_CURA Healthcare Service/amenu-toggle' is clicked on

29-01-2024T23:43:37 - [TEST_STEP][PASSED] - click(findTestObject("Object Repository/katalon demo/Page_CURA Healthcare Service/a_Login")): Object: 'Object Repository/katalon demo/Page_CURA Healthcare Service/a_Login' is clicked on

29-01-2024T23:43:38 - [MESSAGE][PASSED] - Object: 'Object Repository/katalon demo/Page_CURA Healthcare Service/a_Login' is clicked on

29-01-2024T23:43:38 - [TEST_STEP][PASSED] - setText(findTestObject("Object Repository/katalon demo/Page_CURA Healthcare Service/input_username"), "John Doe"): Text 'John Doe' is set on object 'Object Repository/katalon demo/Page_CURA Healthcare Service/input_username'

29-01-2024T23:43:39 - [MESSAGE][PASSED] - Text 'John Doe' is set on object 'Object Repository/katalon demo/Page_CURA Healthcare Service/input_username'

29-01-2024T23:43:39 - [TEST_STEP][PASSED] - setEncryptedText(findTestObject("Object Repository/katalon demo/Page_CURA Healthcare Service/input_password"), "g3/DOGG74jC3Flrr3yH+3D/yKbOqqUNM"): Text ****** has been set on object 'Object Repository/katalon demo/Page_CURA Healthcare Service/input_password'

29-01-2024T23:43:39 - [MESSAGE][PASSED] - Text ****** has been set on object 'Object Repository/katalon demo/Page_CURA Healthcare Service/input_password'

29-01-2024T23:43:39 - [TEST_STEP][PASSED] - takeScreenshotAsCheckpoint("login katalon demo", STOP_ON_FAILURE): Taking screenshot successfully

29-01-2024T23:43:40 - [MESSAGE][INFO] - 0 hidden object(s)

29-01-2024T23:43:40 - [MESSAGE][PASSED] - Taking screenshot successfully
[[ATTACHMENT|keyes\keyes-login katalon demo.png]]

29-01-2024T23:43:40 - [TEST_STEP][PASSED] - click(findTestObject("Object Repository/katalon demo/Page_CURA Healthcare Service/button_Login")): Object: 'Object Repository/katalon demo/Page_CURA Healthcare Service/button_Login' is clicked on

29-01-2024T23:43:42 - [MESSAGE][PASSED] - Object: 'Object Repository/katalon demo/Page_CURA Healthcare Service/button_Login' is clicked on]]></system-out>
         <system-err><![CDATA[]]></system-err>
      </testcase>
      <testcase name="Test Cases/Katalon Demo/make appointment katalon demo" time="13.968" classname="Test Cases/Katalon Demo/make appointment katalon demo" status="PASSED">
         <system-out><![CDATA[29-01-2024T23:43:42 - [TEST_CASE][PASSED] - Test Cases/Katalon Demo/make appointment katalon demo: Test Cases/Katalon Demo/make appointment katalon demo

29-01-2024T23:43:42 - [TEST_STEP][PASSED] - selectOptionByValue(findTestObject("Object Repository/katalon demo/Page_CURA Healthcare Service/select_Tokyo"), "Hongkong CURA Healthcare Center", true): All options with value 'Hongkong CURA Healthcare Center' are selected in object 'Object Repository/katalon demo/Page_CURA Healthcare Service/select_Tokyo'  using regular expression

29-01-2024T23:43:43 - [MESSAGE][PASSED] - All options with value 'Hongkong CURA Healthcare Center' are selected in object 'Object Repository/katalon demo/Page_CURA Healthcare Service/select_Tokyo'  using regular expression

29-01-2024T23:43:43 - [TEST_STEP][PASSED] - click(findTestObject("Object Repository/katalon demo/Page_CURA Healthcare Service/label_Apply for hospital readmission")): Object: 'Object Repository/katalon demo/Page_CURA Healthcare Service/label_Apply for hospital readmission' is clicked on

29-01-2024T23:43:44 - [MESSAGE][PASSED] - Object: 'Object Repository/katalon demo/Page_CURA Healthcare Service/label_Apply for hospital readmission' is clicked on

29-01-2024T23:43:44 - [TEST_STEP][PASSED] - click(findTestObject("Object Repository/katalon demo/Page_CURA Healthcare Service/input_programs")): Object: 'Object Repository/katalon demo/Page_CURA Healthcare Service/input_programs' is clicked on

29-01-2024T23:43:44 - [MESSAGE][PASSED] - Object: 'Object Repository/katalon demo/Page_CURA Healthcare Service/input_programs' is clicked on

29-01-2024T23:43:44 - [TEST_STEP][PASSED] - click(findTestObject("Object Repository/katalon demo/Page_CURA Healthcare Service/span_glyphicon glyphicon-calendar")): Object: 'Object Repository/katalon demo/Page_CURA Healthcare Service/span_glyphicon glyphicon-calendar' is clicked on

29-01-2024T23:43:45 - [MESSAGE][PASSED] - Object: 'Object Repository/katalon demo/Page_CURA Healthcare Service/span_glyphicon glyphicon-calendar' is clicked on

29-01-2024T23:43:45 - [TEST_STEP][PASSED] - click(findTestObject("Object Repository/katalon demo/Page_CURA Healthcare Service/td_31")): Object: 'Object Repository/katalon demo/Page_CURA Healthcare Service/td_31' is clicked on

29-01-2024T23:43:45 - [MESSAGE][PASSED] - Object: 'Object Repository/katalon demo/Page_CURA Healthcare Service/td_31' is clicked on

29-01-2024T23:43:45 - [TEST_STEP][PASSED] - setText(findTestObject("Object Repository/katalon demo/Page_CURA Healthcare Service/textarea_comment"), "tes katalon demo"): Text 'tes katalon demo' is set on object 'Object Repository/katalon demo/Page_CURA Healthcare Service/textarea_comment'

29-01-2024T23:43:46 - [MESSAGE][PASSED] - Text 'tes katalon demo' is set on object 'Object Repository/katalon demo/Page_CURA Healthcare Service/textarea_comment'

29-01-2024T23:43:46 - [TEST_STEP][PASSED] - click(findTestObject("Object Repository/katalon demo/Page_CURA Healthcare Service/button_Book Appointment")): Object: 'Object Repository/katalon demo/Page_CURA Healthcare Service/button_Book Appointment' is clicked on

29-01-2024T23:43:54 - [MESSAGE][PASSED] - Object: 'Object Repository/katalon demo/Page_CURA Healthcare Service/button_Book Appointment' is clicked on

29-01-2024T23:43:54 - [TEST_STEP][PASSED] - verifyTextPresent("Appointment Confirmation", false): Text 'Appointment Confirmation' is present on page 

29-01-2024T23:43:54 - [MESSAGE][PASSED] - Text 'Appointment Confirmation' is present on page 

29-01-2024T23:43:54 - [TEST_STEP][PASSED] - takeScreenshotAsCheckpoint("appointment katalon demo"): Taking screenshot successfully

29-01-2024T23:43:55 - [MESSAGE][INFO] - 0 hidden object(s)

29-01-2024T23:43:55 - [MESSAGE][PASSED] - Taking screenshot successfully
[[ATTACHMENT|keyes\keyes-appointment katalon demo.png]]

29-01-2024T23:43:55 - [TEST_STEP][PASSED] - click(findTestObject("Object Repository/katalon demo/Page_CURA Healthcare Service/a_Go to Homepage")): Object: 'Object Repository/katalon demo/Page_CURA Healthcare Service/a_Go to Homepage' is clicked on

29-01-2024T23:43:56 - [MESSAGE][PASSED] - Object: 'Object Repository/katalon demo/Page_CURA Healthcare Service/a_Go to Homepage' is clicked on]]></system-out>
         <system-err><![CDATA[]]></system-err>
      </testcase>
      <testcase name="Test Cases/Katalon Demo/make appointment katalon demo 1" time="6.477" classname="Test Cases/Katalon Demo/make appointment katalon demo 1" status="PASSED">
         <system-out><![CDATA[29-01-2024T23:43:56 - [TEST_CASE][PASSED] - Test Cases/Katalon Demo/make appointment katalon demo 1: Test Cases/Katalon Demo/make appointment katalon demo 1

29-01-2024T23:43:56 - [TEST_STEP][PASSED] - selectOptionByValue(findTestObject("Object Repository/katalon demo/Page_CURA Healthcare Service/select_Tokyo"), "Seoul CURA Healthcare Center", true): All options with value 'Seoul CURA Healthcare Center' are selected in object 'Object Repository/katalon demo/Page_CURA Healthcare Service/select_Tokyo'  using regular expression

29-01-2024T23:43:57 - [MESSAGE][PASSED] - All options with value 'Seoul CURA Healthcare Center' are selected in object 'Object Repository/katalon demo/Page_CURA Healthcare Service/select_Tokyo'  using regular expression

29-01-2024T23:43:57 - [TEST_STEP][PASSED] - click(findTestObject("Object Repository/katalon demo/Page_CURA Healthcare Service/input_hospital_readmission")): Object: 'Object Repository/katalon demo/Page_CURA Healthcare Service/input_hospital_readmission' is clicked on

29-01-2024T23:43:57 - [MESSAGE][PASSED] - Object: 'Object Repository/katalon demo/Page_CURA Healthcare Service/input_hospital_readmission' is clicked on

29-01-2024T23:43:57 - [TEST_STEP][PASSED] - click(findTestObject("Object Repository/katalon demo/Page_CURA Healthcare Service/input_programs")): Object: 'Object Repository/katalon demo/Page_CURA Healthcare Service/input_programs' is clicked on

29-01-2024T23:43:58 - [MESSAGE][PASSED] - Object: 'Object Repository/katalon demo/Page_CURA Healthcare Service/input_programs' is clicked on

29-01-2024T23:43:58 - [TEST_STEP][PASSED] - click(findTestObject("Object Repository/katalon demo/Page_CURA Healthcare Service/span_glyphicon glyphicon-calendar")): Object: 'Object Repository/katalon demo/Page_CURA Healthcare Service/span_glyphicon glyphicon-calendar' is clicked on

29-01-2024T23:43:58 - [MESSAGE][PASSED] - Object: 'Object Repository/katalon demo/Page_CURA Healthcare Service/span_glyphicon glyphicon-calendar' is clicked on

29-01-2024T23:43:58 - [TEST_STEP][PASSED] - click(findTestObject("Object Repository/katalon demo/Page_CURA Healthcare Service/td_30")): Object: 'Object Repository/katalon demo/Page_CURA Healthcare Service/td_30' is clicked on

29-01-2024T23:43:59 - [MESSAGE][PASSED] - Object: 'Object Repository/katalon demo/Page_CURA Healthcare Service/td_30' is clicked on

29-01-2024T23:43:59 - [TEST_STEP][PASSED] - setText(findTestObject("Object Repository/katalon demo/Page_CURA Healthcare Service/textarea_comment"), "tes katalon"): Text 'tes katalon' is set on object 'Object Repository/katalon demo/Page_CURA Healthcare Service/textarea_comment'

29-01-2024T23:44:00 - [MESSAGE][PASSED] - Text 'tes katalon' is set on object 'Object Repository/katalon demo/Page_CURA Healthcare Service/textarea_comment'

29-01-2024T23:44:00 - [TEST_STEP][PASSED] - click(findTestObject("Object Repository/katalon demo/Page_CURA Healthcare Service/button_Book Appointment")): Object: 'Object Repository/katalon demo/Page_CURA Healthcare Service/button_Book Appointment' is clicked on

29-01-2024T23:44:01 - [MESSAGE][PASSED] - Object: 'Object Repository/katalon demo/Page_CURA Healthcare Service/button_Book Appointment' is clicked on

29-01-2024T23:44:01 - [TEST_STEP][PASSED] - verifyTextPresent("Appointment Confirmation", false): Text 'Appointment Confirmation' is present on page 

29-01-2024T23:44:01 - [MESSAGE][PASSED] - Text 'Appointment Confirmation' is present on page 

29-01-2024T23:44:01 - [TEST_STEP][PASSED] - takeScreenshotAsCheckpoint("appointment 1 katalon demo"): Taking screenshot successfully

29-01-2024T23:44:01 - [MESSAGE][INFO] - 0 hidden object(s)

29-01-2024T23:44:01 - [MESSAGE][PASSED] - Taking screenshot successfully
[[ATTACHMENT|keyes\keyes-appointment 1 katalon demo.png]]

29-01-2024T23:44:01 - [TEST_STEP][PASSED] - click(findTestObject("Object Repository/katalon demo/Page_CURA Healthcare Service/a_Go to Homepage")): Object: 'Object Repository/katalon demo/Page_CURA Healthcare Service/a_Go to Homepage' is clicked on

29-01-2024T23:44:02 - [MESSAGE][PASSED] - Object: 'Object Repository/katalon demo/Page_CURA Healthcare Service/a_Go to Homepage' is clicked on]]></system-out>
         <system-err><![CDATA[]]></system-err>
      </testcase>
      <testcase name="Test Cases/Katalon Demo/make appointment katalon demo 2" time="6.03" classname="Test Cases/Katalon Demo/make appointment katalon demo 2" status="PASSED">
         <system-out><![CDATA[29-01-2024T23:44:02 - [TEST_CASE][PASSED] - Test Cases/Katalon Demo/make appointment katalon demo 2: Test Cases/Katalon Demo/make appointment katalon demo 2

29-01-2024T23:44:02 - [TEST_STEP][PASSED] - click(findTestObject("Object Repository/katalon demo/Page_CURA Healthcare Service/label_Apply for hospital readmission")): Object: 'Object Repository/katalon demo/Page_CURA Healthcare Service/label_Apply for hospital readmission' is clicked on

29-01-2024T23:44:03 - [MESSAGE][PASSED] - Object: 'Object Repository/katalon demo/Page_CURA Healthcare Service/label_Apply for hospital readmission' is clicked on

29-01-2024T23:44:03 - [TEST_STEP][PASSED] - click(findTestObject("Object Repository/katalon demo/Page_CURA Healthcare Service/input_programs")): Object: 'Object Repository/katalon demo/Page_CURA Healthcare Service/input_programs' is clicked on

29-01-2024T23:44:03 - [MESSAGE][PASSED] - Object: 'Object Repository/katalon demo/Page_CURA Healthcare Service/input_programs' is clicked on

29-01-2024T23:44:03 - [TEST_STEP][PASSED] - click(findTestObject("Object Repository/katalon demo/Page_CURA Healthcare Service/input_visit_date")): Object: 'Object Repository/katalon demo/Page_CURA Healthcare Service/input_visit_date' is clicked on

29-01-2024T23:44:03 - [MESSAGE][PASSED] - Object: 'Object Repository/katalon demo/Page_CURA Healthcare Service/input_visit_date' is clicked on

29-01-2024T23:44:03 - [TEST_STEP][PASSED] - click(findTestObject("Object Repository/katalon demo/Page_CURA Healthcare Service/th_")): Object: 'Object Repository/katalon demo/Page_CURA Healthcare Service/th_' is clicked on

29-01-2024T23:44:04 - [MESSAGE][PASSED] - Object: 'Object Repository/katalon demo/Page_CURA Healthcare Service/th_' is clicked on

29-01-2024T23:44:04 - [TEST_STEP][PASSED] - click(findTestObject("Object Repository/katalon demo/Page_CURA Healthcare Service/td_28")): Object: 'Object Repository/katalon demo/Page_CURA Healthcare Service/td_28' is clicked on

29-01-2024T23:44:05 - [MESSAGE][PASSED] - Object: 'Object Repository/katalon demo/Page_CURA Healthcare Service/td_28' is clicked on

29-01-2024T23:44:05 - [TEST_STEP][PASSED] - setText(findTestObject("Object Repository/katalon demo/Page_CURA Healthcare Service/textarea_comment"), "tes katalon"): Text 'tes katalon' is set on object 'Object Repository/katalon demo/Page_CURA Healthcare Service/textarea_comment'

29-01-2024T23:44:05 - [MESSAGE][PASSED] - Text 'tes katalon' is set on object 'Object Repository/katalon demo/Page_CURA Healthcare Service/textarea_comment'

29-01-2024T23:44:05 - [TEST_STEP][PASSED] - click(findTestObject("Object Repository/katalon demo/Page_CURA Healthcare Service/button_Book Appointment")): Object: 'Object Repository/katalon demo/Page_CURA Healthcare Service/button_Book Appointment' is clicked on

29-01-2024T23:44:07 - [MESSAGE][PASSED] - Object: 'Object Repository/katalon demo/Page_CURA Healthcare Service/button_Book Appointment' is clicked on

29-01-2024T23:44:07 - [TEST_STEP][PASSED] - verifyTextPresent("Appointment Confirmation", false): Text 'Appointment Confirmation' is present on page 

29-01-2024T23:44:07 - [MESSAGE][PASSED] - Text 'Appointment Confirmation' is present on page 

29-01-2024T23:44:07 - [TEST_STEP][PASSED] - takeScreenshotAsCheckpoint("appointment 2 katalon demo"): Taking screenshot successfully

29-01-2024T23:44:07 - [MESSAGE][INFO] - 0 hidden object(s)

29-01-2024T23:44:07 - [MESSAGE][PASSED] - Taking screenshot successfully
[[ATTACHMENT|keyes\keyes-appointment 2 katalon demo.png]]

29-01-2024T23:44:07 - [TEST_STEP][PASSED] - click(findTestObject("Object Repository/katalon demo/Page_CURA Healthcare Service/a_Go to Homepage")): Object: 'Object Repository/katalon demo/Page_CURA Healthcare Service/a_Go to Homepage' is clicked on

29-01-2024T23:44:08 - [MESSAGE][PASSED] - Object: 'Object Repository/katalon demo/Page_CURA Healthcare Service/a_Go to Homepage' is clicked on]]></system-out>
         <system-err><![CDATA[]]></system-err>
      </testcase>
      <testcase name="Test Cases/Katalon Demo/history katalon demo" time="66.221" classname="Test Cases/Katalon Demo/history katalon demo" status="PASSED">
         <system-out><![CDATA[29-01-2024T23:44:08 - [TEST_CASE][PASSED] - Test Cases/Katalon Demo/history katalon demo: Test Cases/Katalon Demo/history katalon demo

29-01-2024T23:44:08 - [TEST_STEP][PASSED] - click(findTestObject("Object Repository/katalon demo/Page_CURA Healthcare Service/amenu-toggle")): Object: 'Object Repository/katalon demo/Page_CURA Healthcare Service/amenu-toggle' is clicked on

29-01-2024T23:44:09 - [MESSAGE][PASSED] - Object: 'Object Repository/katalon demo/Page_CURA Healthcare Service/amenu-toggle' is clicked on

29-01-2024T23:44:09 - [TEST_STEP][PASSED] - click(findTestObject("Object Repository/katalon demo/Page_CURA Healthcare Service/a_History")): Object: 'Object Repository/katalon demo/Page_CURA Healthcare Service/a_History' is clicked on

29-01-2024T23:44:10 - [MESSAGE][PASSED] - Object: 'Object Repository/katalon demo/Page_CURA Healthcare Service/a_History' is clicked on

29-01-2024T23:44:10 - [TEST_STEP][PASSED] - takeScreenshotAsCheckpoint("history katalon demo"): Taking screenshot successfully

29-01-2024T23:44:11 - [MESSAGE][INFO] - 0 hidden object(s)

29-01-2024T23:44:11 - [MESSAGE][PASSED] - Taking screenshot successfully
[[ATTACHMENT|keyes\keyes-history katalon demo.png]]

29-01-2024T23:44:11 - [TEST_STEP][PASSED] - scrollToElement(findTestObject("katalon demo/Page_CURA Healthcare Service/a_Go to Homepage"), 3): Scroll to object 'Object Repository/katalon demo/Page_CURA Healthcare Service/a_Go to Homepage' successfully

29-01-2024T23:44:42 - [MESSAGE][INFO] - Unable to find the element located by 'By.xpath: //section[@id='summary']/div/div/div[7]/p/a'. Please recheck the objects properties to make sure the desired element is located. 

29-01-2024T23:44:42 - [MESSAGE][WARNING] - [SELF-HEALING] Failed to find element with id 'Object Repository/katalon demo/Page_CURA Healthcare Service/a_Go to Homepage'. Try using Self-healing.

29-01-2024T23:44:42 - [MESSAGE][WARNING] - [SELF-HEALING] The current locator of test object 'Object Repository/katalon demo/Page_CURA Healthcare Service/a_Go to Homepage' was broken. Propose an alternative one: '//a[contains(text(),'Go to Homepage')]'.

29-01-2024T23:44:42 - [MESSAGE][PASSED] - Scroll to object 'Object Repository/katalon demo/Page_CURA Healthcare Service/a_Go to Homepage' successfully

29-01-2024T23:44:42 - [TEST_STEP][PASSED] - click(findTestObject("Object Repository/katalon demo/Page_CURA Healthcare Service/a_Go to Homepage")): Object: 'Object Repository/katalon demo/Page_CURA Healthcare Service/a_Go to Homepage' is clicked on

29-01-2024T23:45:13 - [MESSAGE][INFO] - Unable to find the element located by 'By.xpath: //section[@id='summary']/div/div/div[7]/p/a'. Please recheck the objects properties to make sure the desired element is located. 

29-01-2024T23:45:13 - [MESSAGE][WARNING] - [SELF-HEALING] Failed to find element with id 'Object Repository/katalon demo/Page_CURA Healthcare Service/a_Go to Homepage'. Try using Self-healing.

29-01-2024T23:45:14 - [MESSAGE][WARNING] - [SELF-HEALING] The current locator of test object 'Object Repository/katalon demo/Page_CURA Healthcare Service/a_Go to Homepage' was broken. Propose an alternative one: '//a[contains(text(),'Go to Homepage')]'.

29-01-2024T23:45:15 - [MESSAGE][PASSED] - Object: 'Object Repository/katalon demo/Page_CURA Healthcare Service/a_Go to Homepage' is clicked on]]></system-out>
         <system-err><![CDATA[]]></system-err>
      </testcase>
      <testcase name="Test Cases/Katalon Demo/profile katalon demo" time="3.185" classname="Test Cases/Katalon Demo/profile katalon demo" status="PASSED">
         <system-out><![CDATA[29-01-2024T23:45:15 - [TEST_CASE][PASSED] - Test Cases/Katalon Demo/profile katalon demo: Test Cases/Katalon Demo/profile katalon demo

29-01-2024T23:45:15 - [TEST_STEP][PASSED] - click(findTestObject("Object Repository/katalon demo/Page_CURA Healthcare Service/i_fa fa-bars")): Object: 'Object Repository/katalon demo/Page_CURA Healthcare Service/i_fa fa-bars' is clicked on

29-01-2024T23:45:15 - [MESSAGE][PASSED] - Object: 'Object Repository/katalon demo/Page_CURA Healthcare Service/i_fa fa-bars' is clicked on

29-01-2024T23:45:15 - [TEST_STEP][PASSED] - click(findTestObject("Object Repository/katalon demo/Page_CURA Healthcare Service/a_Profile")): Object: 'Object Repository/katalon demo/Page_CURA Healthcare Service/a_Profile' is clicked on

29-01-2024T23:45:16 - [MESSAGE][PASSED] - Object: 'Object Repository/katalon demo/Page_CURA Healthcare Service/a_Profile' is clicked on

29-01-2024T23:45:16 - [TEST_STEP][PASSED] - takeScreenshotAsCheckpoint("profile katalon demo"): Taking screenshot successfully

29-01-2024T23:45:17 - [MESSAGE][INFO] - 0 hidden object(s)

29-01-2024T23:45:17 - [MESSAGE][PASSED] - Taking screenshot successfully
[[ATTACHMENT|keyes\keyes-profile katalon demo.png]]

29-01-2024T23:45:17 - [TEST_STEP][PASSED] - click(findTestObject("Object Repository/katalon demo/Page_CURA Healthcare Service/i_fa fa-bars")): Object: 'Object Repository/katalon demo/Page_CURA Healthcare Service/i_fa fa-bars' is clicked on

29-01-2024T23:45:17 - [MESSAGE][PASSED] - Object: 'Object Repository/katalon demo/Page_CURA Healthcare Service/i_fa fa-bars' is clicked on

29-01-2024T23:45:17 - [TEST_STEP][PASSED] - click(findTestObject("Object Repository/katalon demo/Page_CURA Healthcare Service/a_Home")): Object: 'Object Repository/katalon demo/Page_CURA Healthcare Service/a_Home' is clicked on

29-01-2024T23:45:18 - [MESSAGE][PASSED] - Object: 'Object Repository/katalon demo/Page_CURA Healthcare Service/a_Home' is clicked on]]></system-out>
         <system-err><![CDATA[]]></system-err>
      </testcase>
      <testcase name="Test Cases/Katalon Demo/logout katalon demo" time="2.654" classname="Test Cases/Katalon Demo/logout katalon demo" status="PASSED">
         <system-out><![CDATA[29-01-2024T23:45:18 - [TEST_CASE][PASSED] - Test Cases/Katalon Demo/logout katalon demo: Test Cases/Katalon Demo/logout katalon demo

29-01-2024T23:45:18 - [TEST_STEP][PASSED] - click(findTestObject("Object Repository/katalon demo/Page_CURA Healthcare Service/i_fa fa-bars")): Object: 'Object Repository/katalon demo/Page_CURA Healthcare Service/i_fa fa-bars' is clicked on

29-01-2024T23:45:18 - [MESSAGE][PASSED] - Object: 'Object Repository/katalon demo/Page_CURA Healthcare Service/i_fa fa-bars' is clicked on

29-01-2024T23:45:18 - [TEST_STEP][PASSED] - takeScreenshotAsCheckpoint("logout katalon demo"): Taking screenshot successfully

29-01-2024T23:45:19 - [MESSAGE][INFO] - 0 hidden object(s)

29-01-2024T23:45:19 - [MESSAGE][PASSED] - Taking screenshot successfully
[[ATTACHMENT|keyes\keyes-logout katalon demo.png]]

29-01-2024T23:45:19 - [TEST_STEP][PASSED] - click(findTestObject("Object Repository/katalon demo/Page_CURA Healthcare Service/a_Logout")): Object: 'Object Repository/katalon demo/Page_CURA Healthcare Service/a_Logout' is clicked on

29-01-2024T23:45:20 - [MESSAGE][PASSED] - Object: 'Object Repository/katalon demo/Page_CURA Healthcare Service/a_Logout' is clicked on

29-01-2024T23:45:20 - [TEST_STEP][PASSED] - closeBrowser(): Browser is closed

29-01-2024T23:45:20 - [MESSAGE][PASSED] - Browser is closed]]></system-out>
         <system-err><![CDATA[]]></system-err>
      </testcase>
      <testcase name="Test Cases/Katalon Demo/negatif login katalon demo" time="23.62" classname="Test Cases/Katalon Demo/negatif login katalon demo" status="PASSED">
         <system-out><![CDATA[29-01-2024T23:45:20 - [TEST_CASE][PASSED] - Test Cases/Katalon Demo/negatif login katalon demo: Test Cases/Katalon Demo/negatif login katalon demo

29-01-2024T23:45:21 - [TEST_STEP][PASSED] - openBrowser(""): Browser is opened with url: ''

29-01-2024T23:45:21 - [MESSAGE][INFO] - Starting 'Chrome' driver

29-01-2024T23:45:21 - [MESSAGE][INFO] - Action delay is set to 0 milliseconds

29-01-2024T23:45:22 - [MESSAGE][PASSED] - Browser is opened with url: ''

29-01-2024T23:45:22 - [TEST_STEP][PASSED] - navigateToUrl("https://katalon-demo-cura.herokuapp.com/"): Navigate to 'https://katalon-demo-cura.herokuapp.com/' successfully

29-01-2024T23:45:25 - [MESSAGE][PASSED] - Navigate to 'https://katalon-demo-cura.herokuapp.com/' successfully

29-01-2024T23:45:25 - [TEST_STEP][PASSED] - click(findTestObject("Object Repository/katalon demo/Page_CURA Healthcare Service/amenu-toggle")): Object: 'Object Repository/katalon demo/Page_CURA Healthcare Service/amenu-toggle' is clicked on

29-01-2024T23:45:25 - [MESSAGE][PASSED] - Object: 'Object Repository/katalon demo/Page_CURA Healthcare Service/amenu-toggle' is clicked on

29-01-2024T23:45:25 - [TEST_STEP][PASSED] - click(findTestObject("Object Repository/katalon demo/Page_CURA Healthcare Service/a_Login")): Object: 'Object Repository/katalon demo/Page_CURA Healthcare Service/a_Login' is clicked on

29-01-2024T23:45:26 - [MESSAGE][PASSED] - Object: 'Object Repository/katalon demo/Page_CURA Healthcare Service/a_Login' is clicked on

29-01-2024T23:45:26 - [TEST_STEP][PASSED] - setText(findTestObject("Object Repository/katalon demo/Page_CURA Healthcare Service/input_username"), username1): Text 'aaaaa' is set on object 'Object Repository/katalon demo/Page_CURA Healthcare Service/input_username'

29-01-2024T23:45:27 - [MESSAGE][PASSED] - Text 'aaaaa' is set on object 'Object Repository/katalon demo/Page_CURA Healthcare Service/input_username'

29-01-2024T23:45:27 - [TEST_STEP][PASSED] - setText(findTestObject("Object Repository/katalon demo/Page_CURA Healthcare Service/input_password"), password1): Text 'aaaaaaaa' is set on object 'Object Repository/katalon demo/Page_CURA Healthcare Service/input_password'

29-01-2024T23:45:28 - [MESSAGE][PASSED] - Text 'aaaaaaaa' is set on object 'Object Repository/katalon demo/Page_CURA Healthcare Service/input_password'

29-01-2024T23:45:28 - [TEST_STEP][PASSED] - click(findTestObject("katalon demo/Page_CURA Healthcare Service/button_Login")): Object: 'Object Repository/katalon demo/Page_CURA Healthcare Service/button_Login' is clicked on

29-01-2024T23:45:29 - [MESSAGE][PASSED] - Object: 'Object Repository/katalon demo/Page_CURA Healthcare Service/button_Login' is clicked on

29-01-2024T23:45:29 - [TEST_STEP][PASSED] - verifyTextPresent("Login failed!", false): Text 'Login failed!' is present on page 

29-01-2024T23:45:29 - [MESSAGE][PASSED] - Text 'Login failed!' is present on page 

29-01-2024T23:45:29 - [TEST_STEP][PASSED] - takeScreenshotAsCheckpoint("negatif 1 login katalon demo"): Taking screenshot successfully

29-01-2024T23:45:30 - [MESSAGE][INFO] - 0 hidden object(s)

29-01-2024T23:45:30 - [MESSAGE][PASSED] - Taking screenshot successfully
[[ATTACHMENT|keyes\keyes-negatif 1 login katalon demo.png]]

29-01-2024T23:45:30 - [TEST_STEP][PASSED] - click(findTestObject("Object Repository/katalon demo/Page_CURA Healthcare Service/button_Login")): Object: 'Object Repository/katalon demo/Page_CURA Healthcare Service/button_Login' is clicked on

29-01-2024T23:45:31 - [MESSAGE][PASSED] - Object: 'Object Repository/katalon demo/Page_CURA Healthcare Service/button_Login' is clicked on

29-01-2024T23:45:31 - [TEST_STEP][PASSED] - setText(findTestObject("katalon demo/Page_CURA Healthcare Service/input_username"), username2): Text 'bbbbb' is set on object 'Object Repository/katalon demo/Page_CURA Healthcare Service/input_username'

29-01-2024T23:45:31 - [MESSAGE][PASSED] - Text 'bbbbb' is set on object 'Object Repository/katalon demo/Page_CURA Healthcare Service/input_username'

29-01-2024T23:45:31 - [TEST_STEP][PASSED] - setText(findTestObject("katalon demo/Page_CURA Healthcare Service/input_password"), password2): Text 'bbbbbbbb' is set on object 'Object Repository/katalon demo/Page_CURA Healthcare Service/input_password'

29-01-2024T23:45:32 - [MESSAGE][PASSED] - Text 'bbbbbbbb' is set on object 'Object Repository/katalon demo/Page_CURA Healthcare Service/input_password'

29-01-2024T23:45:32 - [TEST_STEP][PASSED] - click(findTestObject("katalon demo/Page_CURA Healthcare Service/button_Login")): Object: 'Object Repository/katalon demo/Page_CURA Healthcare Service/button_Login' is clicked on

29-01-2024T23:45:43 - [MESSAGE][PASSED] - Object: 'Object Repository/katalon demo/Page_CURA Healthcare Service/button_Login' is clicked on

29-01-2024T23:45:43 - [TEST_STEP][PASSED] - verifyTextPresent("Login failed!", false): Text 'Login failed!' is present on page 

29-01-2024T23:45:44 - [MESSAGE][PASSED] - Text 'Login failed!' is present on page 

29-01-2024T23:45:44 - [TEST_STEP][PASSED] - takeScreenshotAsCheckpoint("negatif 2 login katalon demo"): Taking screenshot successfully

29-01-2024T23:45:44 - [MESSAGE][INFO] - 0 hidden object(s)

29-01-2024T23:45:44 - [MESSAGE][PASSED] - Taking screenshot successfully
[[ATTACHMENT|keyes\keyes-negatif 2 login katalon demo.png]]]]></system-out>
         <system-err><![CDATA[]]></system-err>
      </testcase>
      <system-out><![CDATA[29-01-2024T23:43:30 - [TEST_SUITE][PASSED] - katalon demo: Test Cases/Katalon Demo/negatif login katalon demo]]></system-out>
      <system-err><![CDATA[]]></system-err>
   </testsuite>
   <testsuite name="katalon demo" tests="8" failures="0" errors="0" time="115.3" skipped="0" timestamp="29-01-2024T23:45:53" hostname="0517 - Pierrot" id="Test Suites/katalon demo">
      <properties>
         <property name="deviceName" value=""/>
         <property name="devicePlatform" value=""/>
         <property name="logFolder" value="C:\\Users\\0517\\Katalon Studio\\poc bni\\Reports\\20240129_231002\\katalon demo\\20240129_231138"/>
         <property name="logFiles" value="C:\\Users\\0517\\Katalon Studio\\poc bni\\Reports\\20240129_231002\\katalon demo\\20240129_231138\\execution0.log"/>
         <property name="attachments" value="keyes\keyes-login katalon demo.png, keyes\keyes-appointment katalon demo.png, keyes\keyes-appointment 1 katalon demo.png, keyes\keyes-appointment 2 katalon demo.png, keyes\keyes-history katalon demo.png, keyes\keyes-profile katalon demo.png, keyes\keyes-logout katalon demo.png, keyes\keyes-negatif 1 login katalon demo.png, keyes\keyes-negatif 2 login katalon demo.png"/>
         <property name="hostName" value="0517 - Pierrot"/>
         <property name="os" value="Windows 10 64bit"/>
         <property name="katalonVersion" value="9.2.0.212"/>
         <property name="browser" value="Chrome 121.0.0.0"/>
         <property name="hostAddress" value="192.168.96.2"/>
         <property name="sessionId" value="7614ade8e5facaf20b20fae7aa2b85cb"/>
         <property name="seleniumVersion" value="3.141.59"/>
         <property name="proxyInformation" value="ProxyInformation { proxyOption=NO_PROXY, proxyServerType=HTTP, username=, password=********, proxyServerAddress=, proxyServerPort=0, executionList=&quot;&quot;, isApplyToDesiredCapabilities=true }"/>
         <property name="platform" value="Windows 10"/>
      </properties>
      <testcase name="Test Cases/Katalon Demo/login katalon demo" time="10.699" classname="Test Cases/Katalon Demo/login katalon demo" status="PASSED">
         <system-out><![CDATA[29-01-2024T23:45:53 - [TEST_CASE][PASSED] - Test Cases/Katalon Demo/login katalon demo: Test Cases/Katalon Demo/login katalon demo

29-01-2024T23:45:53 - [TEST_STEP][PASSED] - openBrowser(""): Browser is opened with url: ''

29-01-2024T23:45:54 - [MESSAGE][INFO] - Starting 'Chrome' driver

29-01-2024T23:45:54 - [MESSAGE][INFO] - Action delay is set to 0 milliseconds

29-01-2024T23:45:56 - [MESSAGE][PASSED] - Browser is opened with url: ''

29-01-2024T23:45:56 - [TEST_STEP][PASSED] - navigateToUrl("https://katalon-demo-cura.herokuapp.com/"): Navigate to 'https://katalon-demo-cura.herokuapp.com/' successfully

29-01-2024T23:45:59 - [MESSAGE][PASSED] - Navigate to 'https://katalon-demo-cura.herokuapp.com/' successfully

29-01-2024T23:45:59 - [TEST_STEP][PASSED] - click(findTestObject("Object Repository/katalon demo/Page_CURA Healthcare Service/amenu-toggle")): Object: 'Object Repository/katalon demo/Page_CURA Healthcare Service/amenu-toggle' is clicked on

29-01-2024T23:46:00 - [MESSAGE][PASSED] - Object: 'Object Repository/katalon demo/Page_CURA Healthcare Service/amenu-toggle' is clicked on

29-01-2024T23:46:00 - [TEST_STEP][PASSED] - click(findTestObject("Object Repository/katalon demo/Page_CURA Healthcare Service/a_Login")): Object: 'Object Repository/katalon demo/Page_CURA Healthcare Service/a_Login' is clicked on

29-01-2024T23:46:01 - [MESSAGE][PASSED] - Object: 'Object Repository/katalon demo/Page_CURA Healthcare Service/a_Login' is clicked on

29-01-2024T23:46:01 - [TEST_STEP][PASSED] - setText(findTestObject("Object Repository/katalon demo/Page_CURA Healthcare Service/input_username"), "John Doe"): Text 'John Doe' is set on object 'Object Repository/katalon demo/Page_CURA Healthcare Service/input_username'

29-01-2024T23:46:01 - [MESSAGE][PASSED] - Text 'John Doe' is set on object 'Object Repository/katalon demo/Page_CURA Healthcare Service/input_username'

29-01-2024T23:46:01 - [TEST_STEP][PASSED] - setEncryptedText(findTestObject("Object Repository/katalon demo/Page_CURA Healthcare Service/input_password"), "g3/DOGG74jC3Flrr3yH+3D/yKbOqqUNM"): Text ****** has been set on object 'Object Repository/katalon demo/Page_CURA Healthcare Service/input_password'

29-01-2024T23:46:02 - [MESSAGE][PASSED] - Text ****** has been set on object 'Object Repository/katalon demo/Page_CURA Healthcare Service/input_password'

29-01-2024T23:46:02 - [TEST_STEP][PASSED] - takeScreenshotAsCheckpoint("login katalon demo", STOP_ON_FAILURE): Taking screenshot successfully

29-01-2024T23:46:03 - [MESSAGE][INFO] - 0 hidden object(s)

29-01-2024T23:46:03 - [MESSAGE][PASSED] - Taking screenshot successfully
[[ATTACHMENT|keyes\keyes-login katalon demo.png]]

29-01-2024T23:46:03 - [TEST_STEP][PASSED] - click(findTestObject("Object Repository/katalon demo/Page_CURA Healthcare Service/button_Login")): Object: 'Object Repository/katalon demo/Page_CURA Healthcare Service/button_Login' is clicked on

29-01-2024T23:46:04 - [MESSAGE][PASSED] - Object: 'Object Repository/katalon demo/Page_CURA Healthcare Service/button_Login' is clicked on]]></system-out>
         <system-err><![CDATA[]]></system-err>
      </testcase>
      <testcase name="Test Cases/Katalon Demo/make appointment katalon demo" time="7.393" classname="Test Cases/Katalon Demo/make appointment katalon demo" status="PASSED">
         <system-out><![CDATA[29-01-2024T23:46:04 - [TEST_CASE][PASSED] - Test Cases/Katalon Demo/make appointment katalon demo: Test Cases/Katalon Demo/make appointment katalon demo

29-01-2024T23:46:04 - [TEST_STEP][PASSED] - selectOptionByValue(findTestObject("Object Repository/katalon demo/Page_CURA Healthcare Service/select_Tokyo"), "Hongkong CURA Healthcare Center", true): All options with value 'Hongkong CURA Healthcare Center' are selected in object 'Object Repository/katalon demo/Page_CURA Healthcare Service/select_Tokyo'  using regular expression

29-01-2024T23:46:05 - [MESSAGE][PASSED] - All options with value 'Hongkong CURA Healthcare Center' are selected in object 'Object Repository/katalon demo/Page_CURA Healthcare Service/select_Tokyo'  using regular expression

29-01-2024T23:46:05 - [TEST_STEP][PASSED] - click(findTestObject("Object Repository/katalon demo/Page_CURA Healthcare Service/label_Apply for hospital readmission")): Object: 'Object Repository/katalon demo/Page_CURA Healthcare Service/label_Apply for hospital readmission' is clicked on

29-01-2024T23:46:05 - [MESSAGE][PASSED] - Object: 'Object Repository/katalon demo/Page_CURA Healthcare Service/label_Apply for hospital readmission' is clicked on

29-01-2024T23:46:05 - [TEST_STEP][PASSED] - click(findTestObject("Object Repository/katalon demo/Page_CURA Healthcare Service/input_programs")): Object: 'Object Repository/katalon demo/Page_CURA Healthcare Service/input_programs' is clicked on

29-01-2024T23:46:06 - [MESSAGE][PASSED] - Object: 'Object Repository/katalon demo/Page_CURA Healthcare Service/input_programs' is clicked on

29-01-2024T23:46:06 - [TEST_STEP][PASSED] - click(findTestObject("Object Repository/katalon demo/Page_CURA Healthcare Service/span_glyphicon glyphicon-calendar")): Object: 'Object Repository/katalon demo/Page_CURA Healthcare Service/span_glyphicon glyphicon-calendar' is clicked on

29-01-2024T23:46:06 - [MESSAGE][PASSED] - Object: 'Object Repository/katalon demo/Page_CURA Healthcare Service/span_glyphicon glyphicon-calendar' is clicked on

29-01-2024T23:46:06 - [TEST_STEP][PASSED] - click(findTestObject("Object Repository/katalon demo/Page_CURA Healthcare Service/td_31")): Object: 'Object Repository/katalon demo/Page_CURA Healthcare Service/td_31' is clicked on

29-01-2024T23:46:07 - [MESSAGE][PASSED] - Object: 'Object Repository/katalon demo/Page_CURA Healthcare Service/td_31' is clicked on

29-01-2024T23:46:07 - [TEST_STEP][PASSED] - setText(findTestObject("Object Repository/katalon demo/Page_CURA Healthcare Service/textarea_comment"), "tes katalon demo"): Text 'tes katalon demo' is set on object 'Object Repository/katalon demo/Page_CURA Healthcare Service/textarea_comment'

29-01-2024T23:46:08 - [MESSAGE][PASSED] - Text 'tes katalon demo' is set on object 'Object Repository/katalon demo/Page_CURA Healthcare Service/textarea_comment'

29-01-2024T23:46:08 - [TEST_STEP][PASSED] - click(findTestObject("Object Repository/katalon demo/Page_CURA Healthcare Service/button_Book Appointment")): Object: 'Object Repository/katalon demo/Page_CURA Healthcare Service/button_Book Appointment' is clicked on

29-01-2024T23:46:09 - [MESSAGE][PASSED] - Object: 'Object Repository/katalon demo/Page_CURA Healthcare Service/button_Book Appointment' is clicked on

29-01-2024T23:46:09 - [TEST_STEP][PASSED] - verifyTextPresent("Appointment Confirmation", false): Text 'Appointment Confirmation' is present on page 

29-01-2024T23:46:10 - [MESSAGE][PASSED] - Text 'Appointment Confirmation' is present on page 

29-01-2024T23:46:10 - [TEST_STEP][PASSED] - takeScreenshotAsCheckpoint("appointment katalon demo"): Taking screenshot successfully

29-01-2024T23:46:10 - [MESSAGE][INFO] - 0 hidden object(s)

29-01-2024T23:46:10 - [MESSAGE][PASSED] - Taking screenshot successfully
[[ATTACHMENT|keyes\keyes-appointment katalon demo.png]]

29-01-2024T23:46:10 - [TEST_STEP][PASSED] - click(findTestObject("Object Repository/katalon demo/Page_CURA Healthcare Service/a_Go to Homepage")): Object: 'Object Repository/katalon demo/Page_CURA Healthcare Service/a_Go to Homepage' is clicked on

29-01-2024T23:46:11 - [MESSAGE][PASSED] - Object: 'Object Repository/katalon demo/Page_CURA Healthcare Service/a_Go to Homepage' is clicked on]]></system-out>
         <system-err><![CDATA[]]></system-err>
      </testcase>
      <testcase name="Test Cases/Katalon Demo/make appointment katalon demo 1" time="7.0" classname="Test Cases/Katalon Demo/make appointment katalon demo 1" status="PASSED">
         <system-out><![CDATA[29-01-2024T23:46:11 - [TEST_CASE][PASSED] - Test Cases/Katalon Demo/make appointment katalon demo 1: Test Cases/Katalon Demo/make appointment katalon demo 1

29-01-2024T23:46:11 - [TEST_STEP][PASSED] - selectOptionByValue(findTestObject("Object Repository/katalon demo/Page_CURA Healthcare Service/select_Tokyo"), "Seoul CURA Healthcare Center", true): All options with value 'Seoul CURA Healthcare Center' are selected in object 'Object Repository/katalon demo/Page_CURA Healthcare Service/select_Tokyo'  using regular expression

29-01-2024T23:46:12 - [MESSAGE][PASSED] - All options with value 'Seoul CURA Healthcare Center' are selected in object 'Object Repository/katalon demo/Page_CURA Healthcare Service/select_Tokyo'  using regular expression

29-01-2024T23:46:12 - [TEST_STEP][PASSED] - click(findTestObject("Object Repository/katalon demo/Page_CURA Healthcare Service/input_hospital_readmission")): Object: 'Object Repository/katalon demo/Page_CURA Healthcare Service/input_hospital_readmission' is clicked on

29-01-2024T23:46:13 - [MESSAGE][PASSED] - Object: 'Object Repository/katalon demo/Page_CURA Healthcare Service/input_hospital_readmission' is clicked on

29-01-2024T23:46:13 - [TEST_STEP][PASSED] - click(findTestObject("Object Repository/katalon demo/Page_CURA Healthcare Service/input_programs")): Object: 'Object Repository/katalon demo/Page_CURA Healthcare Service/input_programs' is clicked on

29-01-2024T23:46:13 - [MESSAGE][PASSED] - Object: 'Object Repository/katalon demo/Page_CURA Healthcare Service/input_programs' is clicked on

29-01-2024T23:46:13 - [TEST_STEP][PASSED] - click(findTestObject("Object Repository/katalon demo/Page_CURA Healthcare Service/span_glyphicon glyphicon-calendar")): Object: 'Object Repository/katalon demo/Page_CURA Healthcare Service/span_glyphicon glyphicon-calendar' is clicked on

29-01-2024T23:46:13 - [MESSAGE][PASSED] - Object: 'Object Repository/katalon demo/Page_CURA Healthcare Service/span_glyphicon glyphicon-calendar' is clicked on

29-01-2024T23:46:13 - [TEST_STEP][PASSED] - click(findTestObject("Object Repository/katalon demo/Page_CURA Healthcare Service/td_30")): Object: 'Object Repository/katalon demo/Page_CURA Healthcare Service/td_30' is clicked on

29-01-2024T23:46:14 - [MESSAGE][PASSED] - Object: 'Object Repository/katalon demo/Page_CURA Healthcare Service/td_30' is clicked on

29-01-2024T23:46:14 - [TEST_STEP][PASSED] - setText(findTestObject("Object Repository/katalon demo/Page_CURA Healthcare Service/textarea_comment"), "tes katalon"): Text 'tes katalon' is set on object 'Object Repository/katalon demo/Page_CURA Healthcare Service/textarea_comment'

29-01-2024T23:46:15 - [MESSAGE][PASSED] - Text 'tes katalon' is set on object 'Object Repository/katalon demo/Page_CURA Healthcare Service/textarea_comment'

29-01-2024T23:46:15 - [TEST_STEP][PASSED] - click(findTestObject("Object Repository/katalon demo/Page_CURA Healthcare Service/button_Book Appointment")): Object: 'Object Repository/katalon demo/Page_CURA Healthcare Service/button_Book Appointment' is clicked on

29-01-2024T23:46:16 - [MESSAGE][PASSED] - Object: 'Object Repository/katalon demo/Page_CURA Healthcare Service/button_Book Appointment' is clicked on

29-01-2024T23:46:16 - [TEST_STEP][PASSED] - verifyTextPresent("Appointment Confirmation", false): Text 'Appointment Confirmation' is present on page 

29-01-2024T23:46:17 - [MESSAGE][PASSED] - Text 'Appointment Confirmation' is present on page 

29-01-2024T23:46:17 - [TEST_STEP][PASSED] - takeScreenshotAsCheckpoint("appointment 1 katalon demo"): Taking screenshot successfully

29-01-2024T23:46:17 - [MESSAGE][INFO] - 0 hidden object(s)

29-01-2024T23:46:17 - [MESSAGE][PASSED] - Taking screenshot successfully
[[ATTACHMENT|keyes\keyes-appointment 1 katalon demo.png]]

29-01-2024T23:46:17 - [TEST_STEP][PASSED] - click(findTestObject("Object Repository/katalon demo/Page_CURA Healthcare Service/a_Go to Homepage")): Object: 'Object Repository/katalon demo/Page_CURA Healthcare Service/a_Go to Homepage' is clicked on

29-01-2024T23:46:18 - [MESSAGE][PASSED] - Object: 'Object Repository/katalon demo/Page_CURA Healthcare Service/a_Go to Homepage' is clicked on]]></system-out>
         <system-err><![CDATA[]]></system-err>
      </testcase>
      <testcase name="Test Cases/Katalon Demo/make appointment katalon demo 2" time="5.259" classname="Test Cases/Katalon Demo/make appointment katalon demo 2" status="PASSED">
         <system-out><![CDATA[29-01-2024T23:46:18 - [TEST_CASE][PASSED] - Test Cases/Katalon Demo/make appointment katalon demo 2: Test Cases/Katalon Demo/make appointment katalon demo 2

29-01-2024T23:46:18 - [TEST_STEP][PASSED] - click(findTestObject("Object Repository/katalon demo/Page_CURA Healthcare Service/label_Apply for hospital readmission")): Object: 'Object Repository/katalon demo/Page_CURA Healthcare Service/label_Apply for hospital readmission' is clicked on

29-01-2024T23:46:19 - [MESSAGE][PASSED] - Object: 'Object Repository/katalon demo/Page_CURA Healthcare Service/label_Apply for hospital readmission' is clicked on

29-01-2024T23:46:19 - [TEST_STEP][PASSED] - click(findTestObject("Object Repository/katalon demo/Page_CURA Healthcare Service/input_programs")): Object: 'Object Repository/katalon demo/Page_CURA Healthcare Service/input_programs' is clicked on

29-01-2024T23:46:19 - [MESSAGE][PASSED] - Object: 'Object Repository/katalon demo/Page_CURA Healthcare Service/input_programs' is clicked on

29-01-2024T23:46:19 - [TEST_STEP][PASSED] - click(findTestObject("Object Repository/katalon demo/Page_CURA Healthcare Service/input_visit_date")): Object: 'Object Repository/katalon demo/Page_CURA Healthcare Service/input_visit_date' is clicked on

29-01-2024T23:46:19 - [MESSAGE][PASSED] - Object: 'Object Repository/katalon demo/Page_CURA Healthcare Service/input_visit_date' is clicked on

29-01-2024T23:46:19 - [TEST_STEP][PASSED] - click(findTestObject("Object Repository/katalon demo/Page_CURA Healthcare Service/th_")): Object: 'Object Repository/katalon demo/Page_CURA Healthcare Service/th_' is clicked on

29-01-2024T23:46:20 - [MESSAGE][PASSED] - Object: 'Object Repository/katalon demo/Page_CURA Healthcare Service/th_' is clicked on

29-01-2024T23:46:20 - [TEST_STEP][PASSED] - click(findTestObject("Object Repository/katalon demo/Page_CURA Healthcare Service/td_28")): Object: 'Object Repository/katalon demo/Page_CURA Healthcare Service/td_28' is clicked on

29-01-2024T23:46:20 - [MESSAGE][PASSED] - Object: 'Object Repository/katalon demo/Page_CURA Healthcare Service/td_28' is clicked on

29-01-2024T23:46:20 - [TEST_STEP][PASSED] - setText(findTestObject("Object Repository/katalon demo/Page_CURA Healthcare Service/textarea_comment"), "tes katalon"): Text 'tes katalon' is set on object 'Object Repository/katalon demo/Page_CURA Healthcare Service/textarea_comment'

29-01-2024T23:46:21 - [MESSAGE][PASSED] - Text 'tes katalon' is set on object 'Object Repository/katalon demo/Page_CURA Healthcare Service/textarea_comment'

29-01-2024T23:46:21 - [TEST_STEP][PASSED] - click(findTestObject("Object Repository/katalon demo/Page_CURA Healthcare Service/button_Book Appointment")): Object: 'Object Repository/katalon demo/Page_CURA Healthcare Service/button_Book Appointment' is clicked on

29-01-2024T23:46:22 - [MESSAGE][PASSED] - Object: 'Object Repository/katalon demo/Page_CURA Healthcare Service/button_Book Appointment' is clicked on

29-01-2024T23:46:22 - [TEST_STEP][PASSED] - verifyTextPresent("Appointment Confirmation", false): Text 'Appointment Confirmation' is present on page 

29-01-2024T23:46:22 - [MESSAGE][PASSED] - Text 'Appointment Confirmation' is present on page 

29-01-2024T23:46:22 - [TEST_STEP][PASSED] - takeScreenshotAsCheckpoint("appointment 2 katalon demo"): Taking screenshot successfully

29-01-2024T23:46:23 - [MESSAGE][INFO] - 0 hidden object(s)

29-01-2024T23:46:23 - [MESSAGE][PASSED] - Taking screenshot successfully
[[ATTACHMENT|keyes\keyes-appointment 2 katalon demo.png]]

29-01-2024T23:46:23 - [TEST_STEP][PASSED] - click(findTestObject("Object Repository/katalon demo/Page_CURA Healthcare Service/a_Go to Homepage")): Object: 'Object Repository/katalon demo/Page_CURA Healthcare Service/a_Go to Homepage' is clicked on

29-01-2024T23:46:23 - [MESSAGE][PASSED] - Object: 'Object Repository/katalon demo/Page_CURA Healthcare Service/a_Go to Homepage' is clicked on]]></system-out>
         <system-err><![CDATA[]]></system-err>
      </testcase>
      <testcase name="Test Cases/Katalon Demo/history katalon demo" time="65.708" classname="Test Cases/Katalon Demo/history katalon demo" status="PASSED">
         <system-out><![CDATA[29-01-2024T23:46:23 - [TEST_CASE][PASSED] - Test Cases/Katalon Demo/history katalon demo: Test Cases/Katalon Demo/history katalon demo

29-01-2024T23:46:23 - [TEST_STEP][PASSED] - click(findTestObject("Object Repository/katalon demo/Page_CURA Healthcare Service/amenu-toggle")): Object: 'Object Repository/katalon demo/Page_CURA Healthcare Service/amenu-toggle' is clicked on

29-01-2024T23:46:24 - [MESSAGE][PASSED] - Object: 'Object Repository/katalon demo/Page_CURA Healthcare Service/amenu-toggle' is clicked on

29-01-2024T23:46:24 - [TEST_STEP][PASSED] - click(findTestObject("Object Repository/katalon demo/Page_CURA Healthcare Service/a_History")): Object: 'Object Repository/katalon demo/Page_CURA Healthcare Service/a_History' is clicked on

29-01-2024T23:46:25 - [MESSAGE][PASSED] - Object: 'Object Repository/katalon demo/Page_CURA Healthcare Service/a_History' is clicked on

29-01-2024T23:46:25 - [TEST_STEP][PASSED] - takeScreenshotAsCheckpoint("history katalon demo"): Taking screenshot successfully

29-01-2024T23:46:25 - [MESSAGE][INFO] - 0 hidden object(s)

29-01-2024T23:46:25 - [MESSAGE][PASSED] - Taking screenshot successfully
[[ATTACHMENT|keyes\keyes-history katalon demo.png]]

29-01-2024T23:46:25 - [TEST_STEP][PASSED] - scrollToElement(findTestObject("katalon demo/Page_CURA Healthcare Service/a_Go to Homepage"), 3): Scroll to object 'Object Repository/katalon demo/Page_CURA Healthcare Service/a_Go to Homepage' successfully

29-01-2024T23:46:56 - [MESSAGE][INFO] - Unable to find the element located by 'By.xpath: //section[@id='summary']/div/div/div[7]/p/a'. Please recheck the objects properties to make sure the desired element is located. 

29-01-2024T23:46:56 - [MESSAGE][WARNING] - [SELF-HEALING] Failed to find element with id 'Object Repository/katalon demo/Page_CURA Healthcare Service/a_Go to Homepage'. Try using Self-healing.

29-01-2024T23:46:57 - [MESSAGE][WARNING] - [SELF-HEALING] The current locator of test object 'Object Repository/katalon demo/Page_CURA Healthcare Service/a_Go to Homepage' was broken. Propose an alternative one: '//a[contains(text(),'Go to Homepage')]'.

29-01-2024T23:46:57 - [MESSAGE][PASSED] - Scroll to object 'Object Repository/katalon demo/Page_CURA Healthcare Service/a_Go to Homepage' successfully

29-01-2024T23:46:57 - [TEST_STEP][PASSED] - click(findTestObject("Object Repository/katalon demo/Page_CURA Healthcare Service/a_Go to Homepage")): Object: 'Object Repository/katalon demo/Page_CURA Healthcare Service/a_Go to Homepage' is clicked on

29-01-2024T23:47:28 - [MESSAGE][INFO] - Unable to find the element located by 'By.xpath: //section[@id='summary']/div/div/div[7]/p/a'. Please recheck the objects properties to make sure the desired element is located. 

29-01-2024T23:47:28 - [MESSAGE][WARNING] - [SELF-HEALING] Failed to find element with id 'Object Repository/katalon demo/Page_CURA Healthcare Service/a_Go to Homepage'. Try using Self-healing.

29-01-2024T23:47:28 - [MESSAGE][WARNING] - [SELF-HEALING] The current locator of test object 'Object Repository/katalon demo/Page_CURA Healthcare Service/a_Go to Homepage' was broken. Propose an alternative one: '//a[contains(text(),'Go to Homepage')]'.

29-01-2024T23:47:29 - [MESSAGE][PASSED] - Object: 'Object Repository/katalon demo/Page_CURA Healthcare Service/a_Go to Homepage' is clicked on]]></system-out>
         <system-err><![CDATA[]]></system-err>
      </testcase>
      <testcase name="Test Cases/Katalon Demo/profile katalon demo" time="3.08" classname="Test Cases/Katalon Demo/profile katalon demo" status="PASSED">
         <system-out><![CDATA[29-01-2024T23:47:29 - [TEST_CASE][PASSED] - Test Cases/Katalon Demo/profile katalon demo: Test Cases/Katalon Demo/profile katalon demo

29-01-2024T23:47:29 - [TEST_STEP][PASSED] - click(findTestObject("Object Repository/katalon demo/Page_CURA Healthcare Service/i_fa fa-bars")): Object: 'Object Repository/katalon demo/Page_CURA Healthcare Service/i_fa fa-bars' is clicked on

29-01-2024T23:47:30 - [MESSAGE][PASSED] - Object: 'Object Repository/katalon demo/Page_CURA Healthcare Service/i_fa fa-bars' is clicked on

29-01-2024T23:47:30 - [TEST_STEP][PASSED] - click(findTestObject("Object Repository/katalon demo/Page_CURA Healthcare Service/a_Profile")): Object: 'Object Repository/katalon demo/Page_CURA Healthcare Service/a_Profile' is clicked on

29-01-2024T23:47:30 - [MESSAGE][PASSED] - Object: 'Object Repository/katalon demo/Page_CURA Healthcare Service/a_Profile' is clicked on

29-01-2024T23:47:30 - [TEST_STEP][PASSED] - takeScreenshotAsCheckpoint("profile katalon demo"): Taking screenshot successfully

29-01-2024T23:47:31 - [MESSAGE][INFO] - 0 hidden object(s)

29-01-2024T23:47:31 - [MESSAGE][PASSED] - Taking screenshot successfully
[[ATTACHMENT|keyes\keyes-profile katalon demo.png]]

29-01-2024T23:47:31 - [TEST_STEP][PASSED] - click(findTestObject("Object Repository/katalon demo/Page_CURA Healthcare Service/i_fa fa-bars")): Object: 'Object Repository/katalon demo/Page_CURA Healthcare Service/i_fa fa-bars' is clicked on

29-01-2024T23:47:31 - [MESSAGE][PASSED] - Object: 'Object Repository/katalon demo/Page_CURA Healthcare Service/i_fa fa-bars' is clicked on

29-01-2024T23:47:31 - [TEST_STEP][PASSED] - click(findTestObject("Object Repository/katalon demo/Page_CURA Healthcare Service/a_Home")): Object: 'Object Repository/katalon demo/Page_CURA Healthcare Service/a_Home' is clicked on

29-01-2024T23:47:32 - [MESSAGE][PASSED] - Object: 'Object Repository/katalon demo/Page_CURA Healthcare Service/a_Home' is clicked on]]></system-out>
         <system-err><![CDATA[]]></system-err>
      </testcase>
      <testcase name="Test Cases/Katalon Demo/logout katalon demo" time="2.615" classname="Test Cases/Katalon Demo/logout katalon demo" status="PASSED">
         <system-out><![CDATA[29-01-2024T23:47:32 - [TEST_CASE][PASSED] - Test Cases/Katalon Demo/logout katalon demo: Test Cases/Katalon Demo/logout katalon demo

29-01-2024T23:47:32 - [TEST_STEP][PASSED] - click(findTestObject("Object Repository/katalon demo/Page_CURA Healthcare Service/i_fa fa-bars")): Object: 'Object Repository/katalon demo/Page_CURA Healthcare Service/i_fa fa-bars' is clicked on

29-01-2024T23:47:33 - [MESSAGE][PASSED] - Object: 'Object Repository/katalon demo/Page_CURA Healthcare Service/i_fa fa-bars' is clicked on

29-01-2024T23:47:33 - [TEST_STEP][PASSED] - takeScreenshotAsCheckpoint("logout katalon demo"): Taking screenshot successfully

29-01-2024T23:47:34 - [MESSAGE][INFO] - 0 hidden object(s)

29-01-2024T23:47:34 - [MESSAGE][PASSED] - Taking screenshot successfully
[[ATTACHMENT|keyes\keyes-logout katalon demo.png]]

29-01-2024T23:47:34 - [TEST_STEP][PASSED] - click(findTestObject("Object Repository/katalon demo/Page_CURA Healthcare Service/a_Logout")): Object: 'Object Repository/katalon demo/Page_CURA Healthcare Service/a_Logout' is clicked on

29-01-2024T23:47:35 - [MESSAGE][PASSED] - Object: 'Object Repository/katalon demo/Page_CURA Healthcare Service/a_Logout' is clicked on

29-01-2024T23:47:35 - [TEST_STEP][PASSED] - closeBrowser(): Browser is closed

29-01-2024T23:47:35 - [MESSAGE][PASSED] - Browser is closed]]></system-out>
         <system-err><![CDATA[]]></system-err>
      </testcase>
      <testcase name="Test Cases/Katalon Demo/negatif login katalon demo" time="13.227" classname="Test Cases/Katalon Demo/negatif login katalon demo" status="PASSED">
         <system-out><![CDATA[29-01-2024T23:47:35 - [TEST_CASE][PASSED] - Test Cases/Katalon Demo/negatif login katalon demo: Test Cases/Katalon Demo/negatif login katalon demo

29-01-2024T23:47:35 - [TEST_STEP][PASSED] - openBrowser(""): Browser is opened with url: ''

29-01-2024T23:47:35 - [MESSAGE][INFO] - Starting 'Chrome' driver

29-01-2024T23:47:35 - [MESSAGE][INFO] - Action delay is set to 0 milliseconds

29-01-2024T23:47:36 - [MESSAGE][PASSED] - Browser is opened with url: ''

29-01-2024T23:47:36 - [TEST_STEP][PASSED] - navigateToUrl("https://katalon-demo-cura.herokuapp.com/"): Navigate to 'https://katalon-demo-cura.herokuapp.com/' successfully

29-01-2024T23:47:39 - [MESSAGE][PASSED] - Navigate to 'https://katalon-demo-cura.herokuapp.com/' successfully

29-01-2024T23:47:39 - [TEST_STEP][PASSED] - click(findTestObject("Object Repository/katalon demo/Page_CURA Healthcare Service/amenu-toggle")): Object: 'Object Repository/katalon demo/Page_CURA Healthcare Service/amenu-toggle' is clicked on

29-01-2024T23:47:40 - [MESSAGE][PASSED] - Object: 'Object Repository/katalon demo/Page_CURA Healthcare Service/amenu-toggle' is clicked on

29-01-2024T23:47:40 - [TEST_STEP][PASSED] - click(findTestObject("Object Repository/katalon demo/Page_CURA Healthcare Service/a_Login")): Object: 'Object Repository/katalon demo/Page_CURA Healthcare Service/a_Login' is clicked on

29-01-2024T23:47:41 - [MESSAGE][PASSED] - Object: 'Object Repository/katalon demo/Page_CURA Healthcare Service/a_Login' is clicked on

29-01-2024T23:47:41 - [TEST_STEP][PASSED] - setText(findTestObject("Object Repository/katalon demo/Page_CURA Healthcare Service/input_username"), username1): Text 'aaaaa' is set on object 'Object Repository/katalon demo/Page_CURA Healthcare Service/input_username'

29-01-2024T23:47:41 - [MESSAGE][PASSED] - Text 'aaaaa' is set on object 'Object Repository/katalon demo/Page_CURA Healthcare Service/input_username'

29-01-2024T23:47:41 - [TEST_STEP][PASSED] - setText(findTestObject("Object Repository/katalon demo/Page_CURA Healthcare Service/input_password"), password1): Text 'aaaaaaaa' is set on object 'Object Repository/katalon demo/Page_CURA Healthcare Service/input_password'

29-01-2024T23:47:42 - [MESSAGE][PASSED] - Text 'aaaaaaaa' is set on object 'Object Repository/katalon demo/Page_CURA Healthcare Service/input_password'

29-01-2024T23:47:42 - [TEST_STEP][PASSED] - click(findTestObject("katalon demo/Page_CURA Healthcare Service/button_Login")): Object: 'Object Repository/katalon demo/Page_CURA Healthcare Service/button_Login' is clicked on

29-01-2024T23:47:43 - [MESSAGE][PASSED] - Object: 'Object Repository/katalon demo/Page_CURA Healthcare Service/button_Login' is clicked on

29-01-2024T23:47:43 - [TEST_STEP][PASSED] - verifyTextPresent("Login failed!", false): Text 'Login failed!' is present on page 

29-01-2024T23:47:43 - [MESSAGE][PASSED] - Text 'Login failed!' is present on page 

29-01-2024T23:47:43 - [TEST_STEP][PASSED] - takeScreenshotAsCheckpoint("negatif 1 login katalon demo"): Taking screenshot successfully

29-01-2024T23:47:44 - [MESSAGE][INFO] - 0 hidden object(s)

29-01-2024T23:47:44 - [MESSAGE][PASSED] - Taking screenshot successfully
[[ATTACHMENT|keyes\keyes-negatif 1 login katalon demo.png]]

29-01-2024T23:47:44 - [TEST_STEP][PASSED] - click(findTestObject("Object Repository/katalon demo/Page_CURA Healthcare Service/button_Login")): Object: 'Object Repository/katalon demo/Page_CURA Healthcare Service/button_Login' is clicked on

29-01-2024T23:47:45 - [MESSAGE][PASSED] - Object: 'Object Repository/katalon demo/Page_CURA Healthcare Service/button_Login' is clicked on

29-01-2024T23:47:45 - [TEST_STEP][PASSED] - setText(findTestObject("katalon demo/Page_CURA Healthcare Service/input_username"), username2): Text 'bbbbb' is set on object 'Object Repository/katalon demo/Page_CURA Healthcare Service/input_username'

29-01-2024T23:47:46 - [MESSAGE][PASSED] - Text 'bbbbb' is set on object 'Object Repository/katalon demo/Page_CURA Healthcare Service/input_username'

29-01-2024T23:47:46 - [TEST_STEP][PASSED] - setText(findTestObject("katalon demo/Page_CURA Healthcare Service/input_password"), password2): Text 'bbbbbbbb' is set on object 'Object Repository/katalon demo/Page_CURA Healthcare Service/input_password'

29-01-2024T23:47:46 - [MESSAGE][PASSED] - Text 'bbbbbbbb' is set on object 'Object Repository/katalon demo/Page_CURA Healthcare Service/input_password'

29-01-2024T23:47:46 - [TEST_STEP][PASSED] - click(findTestObject("katalon demo/Page_CURA Healthcare Service/button_Login")): Object: 'Object Repository/katalon demo/Page_CURA Healthcare Service/button_Login' is clicked on

29-01-2024T23:47:47 - [MESSAGE][PASSED] - Object: 'Object Repository/katalon demo/Page_CURA Healthcare Service/button_Login' is clicked on

29-01-2024T23:47:47 - [TEST_STEP][PASSED] - verifyTextPresent("Login failed!", false): Text 'Login failed!' is present on page 

29-01-2024T23:47:48 - [MESSAGE][PASSED] - Text 'Login failed!' is present on page 

29-01-2024T23:47:48 - [TEST_STEP][PASSED] - takeScreenshotAsCheckpoint("negatif 2 login katalon demo"): Taking screenshot successfully

29-01-2024T23:47:48 - [MESSAGE][INFO] - 0 hidden object(s)

29-01-2024T23:47:48 - [MESSAGE][PASSED] - Taking screenshot successfully
[[ATTACHMENT|keyes\keyes-negatif 2 login katalon demo.png]]]]></system-out>
         <system-err><![CDATA[]]></system-err>
      </testcase>
      <system-out><![CDATA[29-01-2024T23:45:53 - [TEST_SUITE][PASSED] - katalon demo: Test Cases/Katalon Demo/negatif login katalon demo]]></system-out>
      <system-err><![CDATA[]]></system-err>
   </testsuite>
   <testsuite name="katalon demo" tests="8" failures="0" errors="0" time="119.357" skipped="0" timestamp="29-01-2024T23:47:55" hostname="0517 - Pierrot" id="Test Suites/katalon demo">
      <properties>
         <property name="deviceName" value=""/>
         <property name="devicePlatform" value=""/>
         <property name="logFolder" value="C:\\Users\\0517\\Katalon Studio\\poc bni\\Reports\\20240129_231002\\katalon demo\\20240129_231143"/>
         <property name="logFiles" value="C:\\Users\\0517\\Katalon Studio\\poc bni\\Reports\\20240129_231002\\katalon demo\\20240129_231143\\execution0.log"/>
         <property name="attachments" value="keyes\keyes-login katalon demo.png, keyes\keyes-appointment katalon demo.png, keyes\keyes-appointment 1 katalon demo.png, keyes\keyes-appointment 2 katalon demo.png, keyes\keyes-history katalon demo.png, keyes\keyes-profile katalon demo.png, keyes\keyes-logout katalon demo.png, keyes\keyes-negatif 1 login katalon demo.png, keyes\keyes-negatif 2 login katalon demo.png"/>
         <property name="hostName" value="0517 - Pierrot"/>
         <property name="os" value="Windows 10 64bit"/>
         <property name="katalonVersion" value="9.2.0.212"/>
         <property name="browser" value="Chrome 121.0.0.0"/>
         <property name="hostAddress" value="192.168.96.2"/>
         <property name="sessionId" value="57aa6346e89a6ae3c427dc7d8fefef66"/>
         <property name="seleniumVersion" value="3.141.59"/>
         <property name="proxyInformation" value="ProxyInformation { proxyOption=NO_PROXY, proxyServerType=HTTP, username=, password=********, proxyServerAddress=, proxyServerPort=0, executionList=&quot;&quot;, isApplyToDesiredCapabilities=true }"/>
         <property name="platform" value="Windows 10"/>
      </properties>
      <testcase name="Test Cases/Katalon Demo/login katalon demo" time="14.557" classname="Test Cases/Katalon Demo/login katalon demo" status="PASSED">
         <system-out><![CDATA[29-01-2024T23:47:56 - [TEST_CASE][PASSED] - Test Cases/Katalon Demo/login katalon demo: Test Cases/Katalon Demo/login katalon demo

29-01-2024T23:47:56 - [TEST_STEP][PASSED] - openBrowser(""): Browser is opened with url: ''

29-01-2024T23:47:57 - [MESSAGE][INFO] - Starting 'Chrome' driver

29-01-2024T23:47:57 - [MESSAGE][INFO] - Action delay is set to 0 milliseconds

29-01-2024T23:47:58 - [MESSAGE][PASSED] - Browser is opened with url: ''

29-01-2024T23:47:58 - [TEST_STEP][PASSED] - navigateToUrl("https://katalon-demo-cura.herokuapp.com/"): Navigate to 'https://katalon-demo-cura.herokuapp.com/' successfully

29-01-2024T23:48:06 - [MESSAGE][PASSED] - Navigate to 'https://katalon-demo-cura.herokuapp.com/' successfully

29-01-2024T23:48:06 - [TEST_STEP][PASSED] - click(findTestObject("Object Repository/katalon demo/Page_CURA Healthcare Service/amenu-toggle")): Object: 'Object Repository/katalon demo/Page_CURA Healthcare Service/amenu-toggle' is clicked on

29-01-2024T23:48:06 - [MESSAGE][PASSED] - Object: 'Object Repository/katalon demo/Page_CURA Healthcare Service/amenu-toggle' is clicked on

29-01-2024T23:48:06 - [TEST_STEP][PASSED] - click(findTestObject("Object Repository/katalon demo/Page_CURA Healthcare Service/a_Login")): Object: 'Object Repository/katalon demo/Page_CURA Healthcare Service/a_Login' is clicked on

29-01-2024T23:48:07 - [MESSAGE][PASSED] - Object: 'Object Repository/katalon demo/Page_CURA Healthcare Service/a_Login' is clicked on

29-01-2024T23:48:07 - [TEST_STEP][PASSED] - setText(findTestObject("Object Repository/katalon demo/Page_CURA Healthcare Service/input_username"), "John Doe"): Text 'John Doe' is set on object 'Object Repository/katalon demo/Page_CURA Healthcare Service/input_username'

29-01-2024T23:48:08 - [MESSAGE][PASSED] - Text 'John Doe' is set on object 'Object Repository/katalon demo/Page_CURA Healthcare Service/input_username'

29-01-2024T23:48:08 - [TEST_STEP][PASSED] - setEncryptedText(findTestObject("Object Repository/katalon demo/Page_CURA Healthcare Service/input_password"), "g3/DOGG74jC3Flrr3yH+3D/yKbOqqUNM"): Text ****** has been set on object 'Object Repository/katalon demo/Page_CURA Healthcare Service/input_password'

29-01-2024T23:48:09 - [MESSAGE][PASSED] - Text ****** has been set on object 'Object Repository/katalon demo/Page_CURA Healthcare Service/input_password'

29-01-2024T23:48:09 - [TEST_STEP][PASSED] - takeScreenshotAsCheckpoint("login katalon demo", STOP_ON_FAILURE): Taking screenshot successfully

29-01-2024T23:48:09 - [MESSAGE][INFO] - 0 hidden object(s)

29-01-2024T23:48:09 - [MESSAGE][PASSED] - Taking screenshot successfully
[[ATTACHMENT|keyes\keyes-login katalon demo.png]]

29-01-2024T23:48:09 - [TEST_STEP][PASSED] - click(findTestObject("Object Repository/katalon demo/Page_CURA Healthcare Service/button_Login")): Object: 'Object Repository/katalon demo/Page_CURA Healthcare Service/button_Login' is clicked on

29-01-2024T23:48:10 - [MESSAGE][PASSED] - Object: 'Object Repository/katalon demo/Page_CURA Healthcare Service/button_Login' is clicked on]]></system-out>
         <system-err><![CDATA[]]></system-err>
      </testcase>
      <testcase name="Test Cases/Katalon Demo/make appointment katalon demo" time="6.247" classname="Test Cases/Katalon Demo/make appointment katalon demo" status="PASSED">
         <system-out><![CDATA[29-01-2024T23:48:10 - [TEST_CASE][PASSED] - Test Cases/Katalon Demo/make appointment katalon demo: Test Cases/Katalon Demo/make appointment katalon demo

29-01-2024T23:48:10 - [TEST_STEP][PASSED] - selectOptionByValue(findTestObject("Object Repository/katalon demo/Page_CURA Healthcare Service/select_Tokyo"), "Hongkong CURA Healthcare Center", true): All options with value 'Hongkong CURA Healthcare Center' are selected in object 'Object Repository/katalon demo/Page_CURA Healthcare Service/select_Tokyo'  using regular expression

29-01-2024T23:48:12 - [MESSAGE][PASSED] - All options with value 'Hongkong CURA Healthcare Center' are selected in object 'Object Repository/katalon demo/Page_CURA Healthcare Service/select_Tokyo'  using regular expression

29-01-2024T23:48:12 - [TEST_STEP][PASSED] - click(findTestObject("Object Repository/katalon demo/Page_CURA Healthcare Service/label_Apply for hospital readmission")): Object: 'Object Repository/katalon demo/Page_CURA Healthcare Service/label_Apply for hospital readmission' is clicked on

29-01-2024T23:48:12 - [MESSAGE][PASSED] - Object: 'Object Repository/katalon demo/Page_CURA Healthcare Service/label_Apply for hospital readmission' is clicked on

29-01-2024T23:48:12 - [TEST_STEP][PASSED] - click(findTestObject("Object Repository/katalon demo/Page_CURA Healthcare Service/input_programs")): Object: 'Object Repository/katalon demo/Page_CURA Healthcare Service/input_programs' is clicked on

29-01-2024T23:48:12 - [MESSAGE][PASSED] - Object: 'Object Repository/katalon demo/Page_CURA Healthcare Service/input_programs' is clicked on

29-01-2024T23:48:12 - [TEST_STEP][PASSED] - click(findTestObject("Object Repository/katalon demo/Page_CURA Healthcare Service/span_glyphicon glyphicon-calendar")): Object: 'Object Repository/katalon demo/Page_CURA Healthcare Service/span_glyphicon glyphicon-calendar' is clicked on

29-01-2024T23:48:13 - [MESSAGE][PASSED] - Object: 'Object Repository/katalon demo/Page_CURA Healthcare Service/span_glyphicon glyphicon-calendar' is clicked on

29-01-2024T23:48:13 - [TEST_STEP][PASSED] - click(findTestObject("Object Repository/katalon demo/Page_CURA Healthcare Service/td_31")): Object: 'Object Repository/katalon demo/Page_CURA Healthcare Service/td_31' is clicked on

29-01-2024T23:48:13 - [MESSAGE][PASSED] - Object: 'Object Repository/katalon demo/Page_CURA Healthcare Service/td_31' is clicked on

29-01-2024T23:48:13 - [TEST_STEP][PASSED] - setText(findTestObject("Object Repository/katalon demo/Page_CURA Healthcare Service/textarea_comment"), "tes katalon demo"): Text 'tes katalon demo' is set on object 'Object Repository/katalon demo/Page_CURA Healthcare Service/textarea_comment'

29-01-2024T23:48:14 - [MESSAGE][PASSED] - Text 'tes katalon demo' is set on object 'Object Repository/katalon demo/Page_CURA Healthcare Service/textarea_comment'

29-01-2024T23:48:14 - [TEST_STEP][PASSED] - click(findTestObject("Object Repository/katalon demo/Page_CURA Healthcare Service/button_Book Appointment")): Object: 'Object Repository/katalon demo/Page_CURA Healthcare Service/button_Book Appointment' is clicked on

29-01-2024T23:48:15 - [MESSAGE][PASSED] - Object: 'Object Repository/katalon demo/Page_CURA Healthcare Service/button_Book Appointment' is clicked on

29-01-2024T23:48:15 - [TEST_STEP][PASSED] - verifyTextPresent("Appointment Confirmation", false): Text 'Appointment Confirmation' is present on page 

29-01-2024T23:48:15 - [MESSAGE][PASSED] - Text 'Appointment Confirmation' is present on page 

29-01-2024T23:48:15 - [TEST_STEP][PASSED] - takeScreenshotAsCheckpoint("appointment katalon demo"): Taking screenshot successfully

29-01-2024T23:48:16 - [MESSAGE][INFO] - 0 hidden object(s)

29-01-2024T23:48:16 - [MESSAGE][PASSED] - Taking screenshot successfully
[[ATTACHMENT|keyes\keyes-appointment katalon demo.png]]

29-01-2024T23:48:16 - [TEST_STEP][PASSED] - click(findTestObject("Object Repository/katalon demo/Page_CURA Healthcare Service/a_Go to Homepage")): Object: 'Object Repository/katalon demo/Page_CURA Healthcare Service/a_Go to Homepage' is clicked on

29-01-2024T23:48:16 - [MESSAGE][PASSED] - Object: 'Object Repository/katalon demo/Page_CURA Healthcare Service/a_Go to Homepage' is clicked on]]></system-out>
         <system-err><![CDATA[]]></system-err>
      </testcase>
      <testcase name="Test Cases/Katalon Demo/make appointment katalon demo 1" time="5.797" classname="Test Cases/Katalon Demo/make appointment katalon demo 1" status="PASSED">
         <system-out><![CDATA[29-01-2024T23:48:16 - [TEST_CASE][PASSED] - Test Cases/Katalon Demo/make appointment katalon demo 1: Test Cases/Katalon Demo/make appointment katalon demo 1

29-01-2024T23:48:17 - [TEST_STEP][PASSED] - selectOptionByValue(findTestObject("Object Repository/katalon demo/Page_CURA Healthcare Service/select_Tokyo"), "Seoul CURA Healthcare Center", true): All options with value 'Seoul CURA Healthcare Center' are selected in object 'Object Repository/katalon demo/Page_CURA Healthcare Service/select_Tokyo'  using regular expression

29-01-2024T23:48:18 - [MESSAGE][PASSED] - All options with value 'Seoul CURA Healthcare Center' are selected in object 'Object Repository/katalon demo/Page_CURA Healthcare Service/select_Tokyo'  using regular expression

29-01-2024T23:48:18 - [TEST_STEP][PASSED] - click(findTestObject("Object Repository/katalon demo/Page_CURA Healthcare Service/input_hospital_readmission")): Object: 'Object Repository/katalon demo/Page_CURA Healthcare Service/input_hospital_readmission' is clicked on

29-01-2024T23:48:18 - [MESSAGE][PASSED] - Object: 'Object Repository/katalon demo/Page_CURA Healthcare Service/input_hospital_readmission' is clicked on

29-01-2024T23:48:18 - [TEST_STEP][PASSED] - click(findTestObject("Object Repository/katalon demo/Page_CURA Healthcare Service/input_programs")): Object: 'Object Repository/katalon demo/Page_CURA Healthcare Service/input_programs' is clicked on

29-01-2024T23:48:18 - [MESSAGE][PASSED] - Object: 'Object Repository/katalon demo/Page_CURA Healthcare Service/input_programs' is clicked on

29-01-2024T23:48:18 - [TEST_STEP][PASSED] - click(findTestObject("Object Repository/katalon demo/Page_CURA Healthcare Service/span_glyphicon glyphicon-calendar")): Object: 'Object Repository/katalon demo/Page_CURA Healthcare Service/span_glyphicon glyphicon-calendar' is clicked on

29-01-2024T23:48:19 - [MESSAGE][PASSED] - Object: 'Object Repository/katalon demo/Page_CURA Healthcare Service/span_glyphicon glyphicon-calendar' is clicked on

29-01-2024T23:48:19 - [TEST_STEP][PASSED] - click(findTestObject("Object Repository/katalon demo/Page_CURA Healthcare Service/td_30")): Object: 'Object Repository/katalon demo/Page_CURA Healthcare Service/td_30' is clicked on

29-01-2024T23:48:19 - [MESSAGE][PASSED] - Object: 'Object Repository/katalon demo/Page_CURA Healthcare Service/td_30' is clicked on

29-01-2024T23:48:19 - [TEST_STEP][PASSED] - setText(findTestObject("Object Repository/katalon demo/Page_CURA Healthcare Service/textarea_comment"), "tes katalon"): Text 'tes katalon' is set on object 'Object Repository/katalon demo/Page_CURA Healthcare Service/textarea_comment'

29-01-2024T23:48:20 - [MESSAGE][PASSED] - Text 'tes katalon' is set on object 'Object Repository/katalon demo/Page_CURA Healthcare Service/textarea_comment'

29-01-2024T23:48:20 - [TEST_STEP][PASSED] - click(findTestObject("Object Repository/katalon demo/Page_CURA Healthcare Service/button_Book Appointment")): Object: 'Object Repository/katalon demo/Page_CURA Healthcare Service/button_Book Appointment' is clicked on

29-01-2024T23:48:21 - [MESSAGE][PASSED] - Object: 'Object Repository/katalon demo/Page_CURA Healthcare Service/button_Book Appointment' is clicked on

29-01-2024T23:48:21 - [TEST_STEP][PASSED] - verifyTextPresent("Appointment Confirmation", false): Text 'Appointment Confirmation' is present on page 

29-01-2024T23:48:21 - [MESSAGE][PASSED] - Text 'Appointment Confirmation' is present on page 

29-01-2024T23:48:21 - [TEST_STEP][PASSED] - takeScreenshotAsCheckpoint("appointment 1 katalon demo"): Taking screenshot successfully

29-01-2024T23:48:22 - [MESSAGE][INFO] - 0 hidden object(s)

29-01-2024T23:48:22 - [MESSAGE][PASSED] - Taking screenshot successfully
[[ATTACHMENT|keyes\keyes-appointment 1 katalon demo.png]]

29-01-2024T23:48:22 - [TEST_STEP][PASSED] - click(findTestObject("Object Repository/katalon demo/Page_CURA Healthcare Service/a_Go to Homepage")): Object: 'Object Repository/katalon demo/Page_CURA Healthcare Service/a_Go to Homepage' is clicked on

29-01-2024T23:48:22 - [MESSAGE][PASSED] - Object: 'Object Repository/katalon demo/Page_CURA Healthcare Service/a_Go to Homepage' is clicked on]]></system-out>
         <system-err><![CDATA[]]></system-err>
      </testcase>
      <testcase name="Test Cases/Katalon Demo/make appointment katalon demo 2" time="5.52" classname="Test Cases/Katalon Demo/make appointment katalon demo 2" status="PASSED">
         <system-out><![CDATA[29-01-2024T23:48:22 - [TEST_CASE][PASSED] - Test Cases/Katalon Demo/make appointment katalon demo 2: Test Cases/Katalon Demo/make appointment katalon demo 2

29-01-2024T23:48:22 - [TEST_STEP][PASSED] - click(findTestObject("Object Repository/katalon demo/Page_CURA Healthcare Service/label_Apply for hospital readmission")): Object: 'Object Repository/katalon demo/Page_CURA Healthcare Service/label_Apply for hospital readmission' is clicked on

29-01-2024T23:48:23 - [MESSAGE][PASSED] - Object: 'Object Repository/katalon demo/Page_CURA Healthcare Service/label_Apply for hospital readmission' is clicked on

29-01-2024T23:48:23 - [TEST_STEP][PASSED] - click(findTestObject("Object Repository/katalon demo/Page_CURA Healthcare Service/input_programs")): Object: 'Object Repository/katalon demo/Page_CURA Healthcare Service/input_programs' is clicked on

29-01-2024T23:48:23 - [MESSAGE][PASSED] - Object: 'Object Repository/katalon demo/Page_CURA Healthcare Service/input_programs' is clicked on

29-01-2024T23:48:23 - [TEST_STEP][PASSED] - click(findTestObject("Object Repository/katalon demo/Page_CURA Healthcare Service/input_visit_date")): Object: 'Object Repository/katalon demo/Page_CURA Healthcare Service/input_visit_date' is clicked on

29-01-2024T23:48:23 - [MESSAGE][PASSED] - Object: 'Object Repository/katalon demo/Page_CURA Healthcare Service/input_visit_date' is clicked on

29-01-2024T23:48:23 - [TEST_STEP][PASSED] - click(findTestObject("Object Repository/katalon demo/Page_CURA Healthcare Service/th_")): Object: 'Object Repository/katalon demo/Page_CURA Healthcare Service/th_' is clicked on

29-01-2024T23:48:24 - [MESSAGE][PASSED] - Object: 'Object Repository/katalon demo/Page_CURA Healthcare Service/th_' is clicked on

29-01-2024T23:48:24 - [TEST_STEP][PASSED] - click(findTestObject("Object Repository/katalon demo/Page_CURA Healthcare Service/td_28")): Object: 'Object Repository/katalon demo/Page_CURA Healthcare Service/td_28' is clicked on

29-01-2024T23:48:25 - [MESSAGE][PASSED] - Object: 'Object Repository/katalon demo/Page_CURA Healthcare Service/td_28' is clicked on

29-01-2024T23:48:25 - [TEST_STEP][PASSED] - setText(findTestObject("Object Repository/katalon demo/Page_CURA Healthcare Service/textarea_comment"), "tes katalon"): Text 'tes katalon' is set on object 'Object Repository/katalon demo/Page_CURA Healthcare Service/textarea_comment'

29-01-2024T23:48:25 - [MESSAGE][PASSED] - Text 'tes katalon' is set on object 'Object Repository/katalon demo/Page_CURA Healthcare Service/textarea_comment'

29-01-2024T23:48:25 - [TEST_STEP][PASSED] - click(findTestObject("Object Repository/katalon demo/Page_CURA Healthcare Service/button_Book Appointment")): Object: 'Object Repository/katalon demo/Page_CURA Healthcare Service/button_Book Appointment' is clicked on

29-01-2024T23:48:26 - [MESSAGE][PASSED] - Object: 'Object Repository/katalon demo/Page_CURA Healthcare Service/button_Book Appointment' is clicked on

29-01-2024T23:48:26 - [TEST_STEP][PASSED] - verifyTextPresent("Appointment Confirmation", false): Text 'Appointment Confirmation' is present on page 

29-01-2024T23:48:27 - [MESSAGE][PASSED] - Text 'Appointment Confirmation' is present on page 

29-01-2024T23:48:27 - [TEST_STEP][PASSED] - takeScreenshotAsCheckpoint("appointment 2 katalon demo"): Taking screenshot successfully

29-01-2024T23:48:27 - [MESSAGE][INFO] - 0 hidden object(s)

29-01-2024T23:48:27 - [MESSAGE][PASSED] - Taking screenshot successfully
[[ATTACHMENT|keyes\keyes-appointment 2 katalon demo.png]]

29-01-2024T23:48:27 - [TEST_STEP][PASSED] - click(findTestObject("Object Repository/katalon demo/Page_CURA Healthcare Service/a_Go to Homepage")): Object: 'Object Repository/katalon demo/Page_CURA Healthcare Service/a_Go to Homepage' is clicked on

29-01-2024T23:48:28 - [MESSAGE][PASSED] - Object: 'Object Repository/katalon demo/Page_CURA Healthcare Service/a_Go to Homepage' is clicked on]]></system-out>
         <system-err><![CDATA[]]></system-err>
      </testcase>
      <testcase name="Test Cases/Katalon Demo/history katalon demo" time="65.699" classname="Test Cases/Katalon Demo/history katalon demo" status="PASSED">
         <system-out><![CDATA[29-01-2024T23:48:28 - [TEST_CASE][PASSED] - Test Cases/Katalon Demo/history katalon demo: Test Cases/Katalon Demo/history katalon demo

29-01-2024T23:48:28 - [TEST_STEP][PASSED] - click(findTestObject("Object Repository/katalon demo/Page_CURA Healthcare Service/amenu-toggle")): Object: 'Object Repository/katalon demo/Page_CURA Healthcare Service/amenu-toggle' is clicked on

29-01-2024T23:48:28 - [MESSAGE][PASSED] - Object: 'Object Repository/katalon demo/Page_CURA Healthcare Service/amenu-toggle' is clicked on

29-01-2024T23:48:28 - [TEST_STEP][PASSED] - click(findTestObject("Object Repository/katalon demo/Page_CURA Healthcare Service/a_History")): Object: 'Object Repository/katalon demo/Page_CURA Healthcare Service/a_History' is clicked on

29-01-2024T23:48:29 - [MESSAGE][PASSED] - Object: 'Object Repository/katalon demo/Page_CURA Healthcare Service/a_History' is clicked on

29-01-2024T23:48:29 - [TEST_STEP][PASSED] - takeScreenshotAsCheckpoint("history katalon demo"): Taking screenshot successfully

29-01-2024T23:48:30 - [MESSAGE][INFO] - 0 hidden object(s)

29-01-2024T23:48:30 - [MESSAGE][PASSED] - Taking screenshot successfully
[[ATTACHMENT|keyes\keyes-history katalon demo.png]]

29-01-2024T23:48:30 - [TEST_STEP][PASSED] - scrollToElement(findTestObject("katalon demo/Page_CURA Healthcare Service/a_Go to Homepage"), 3): Scroll to object 'Object Repository/katalon demo/Page_CURA Healthcare Service/a_Go to Homepage' successfully

29-01-2024T23:49:01 - [MESSAGE][INFO] - Unable to find the element located by 'By.xpath: //section[@id='summary']/div/div/div[7]/p/a'. Please recheck the objects properties to make sure the desired element is located. 

29-01-2024T23:49:01 - [MESSAGE][WARNING] - [SELF-HEALING] Failed to find element with id 'Object Repository/katalon demo/Page_CURA Healthcare Service/a_Go to Homepage'. Try using Self-healing.

29-01-2024T23:49:01 - [MESSAGE][WARNING] - [SELF-HEALING] The current locator of test object 'Object Repository/katalon demo/Page_CURA Healthcare Service/a_Go to Homepage' was broken. Propose an alternative one: '//a[contains(text(),'Go to Homepage')]'.

29-01-2024T23:49:01 - [MESSAGE][PASSED] - Scroll to object 'Object Repository/katalon demo/Page_CURA Healthcare Service/a_Go to Homepage' successfully

29-01-2024T23:49:01 - [TEST_STEP][PASSED] - click(findTestObject("Object Repository/katalon demo/Page_CURA Healthcare Service/a_Go to Homepage")): Object: 'Object Repository/katalon demo/Page_CURA Healthcare Service/a_Go to Homepage' is clicked on

29-01-2024T23:49:32 - [MESSAGE][INFO] - Unable to find the element located by 'By.xpath: //section[@id='summary']/div/div/div[7]/p/a'. Please recheck the objects properties to make sure the desired element is located. 

29-01-2024T23:49:32 - [MESSAGE][WARNING] - [SELF-HEALING] Failed to find element with id 'Object Repository/katalon demo/Page_CURA Healthcare Service/a_Go to Homepage'. Try using Self-healing.

29-01-2024T23:49:33 - [MESSAGE][WARNING] - [SELF-HEALING] The current locator of test object 'Object Repository/katalon demo/Page_CURA Healthcare Service/a_Go to Homepage' was broken. Propose an alternative one: '//a[contains(text(),'Go to Homepage')]'.

29-01-2024T23:49:34 - [MESSAGE][PASSED] - Object: 'Object Repository/katalon demo/Page_CURA Healthcare Service/a_Go to Homepage' is clicked on]]></system-out>
         <system-err><![CDATA[]]></system-err>
      </testcase>
      <testcase name="Test Cases/Katalon Demo/profile katalon demo" time="3.203" classname="Test Cases/Katalon Demo/profile katalon demo" status="PASSED">
         <system-out><![CDATA[29-01-2024T23:49:34 - [TEST_CASE][PASSED] - Test Cases/Katalon Demo/profile katalon demo: Test Cases/Katalon Demo/profile katalon demo

29-01-2024T23:49:34 - [TEST_STEP][PASSED] - click(findTestObject("Object Repository/katalon demo/Page_CURA Healthcare Service/i_fa fa-bars")): Object: 'Object Repository/katalon demo/Page_CURA Healthcare Service/i_fa fa-bars' is clicked on

29-01-2024T23:49:34 - [MESSAGE][PASSED] - Object: 'Object Repository/katalon demo/Page_CURA Healthcare Service/i_fa fa-bars' is clicked on

29-01-2024T23:49:34 - [TEST_STEP][PASSED] - click(findTestObject("Object Repository/katalon demo/Page_CURA Healthcare Service/a_Profile")): Object: 'Object Repository/katalon demo/Page_CURA Healthcare Service/a_Profile' is clicked on

29-01-2024T23:49:35 - [MESSAGE][PASSED] - Object: 'Object Repository/katalon demo/Page_CURA Healthcare Service/a_Profile' is clicked on

29-01-2024T23:49:35 - [TEST_STEP][PASSED] - takeScreenshotAsCheckpoint("profile katalon demo"): Taking screenshot successfully

29-01-2024T23:49:35 - [MESSAGE][INFO] - 0 hidden object(s)

29-01-2024T23:49:36 - [MESSAGE][PASSED] - Taking screenshot successfully
[[ATTACHMENT|keyes\keyes-profile katalon demo.png]]

29-01-2024T23:49:36 - [TEST_STEP][PASSED] - click(findTestObject("Object Repository/katalon demo/Page_CURA Healthcare Service/i_fa fa-bars")): Object: 'Object Repository/katalon demo/Page_CURA Healthcare Service/i_fa fa-bars' is clicked on

29-01-2024T23:49:36 - [MESSAGE][PASSED] - Object: 'Object Repository/katalon demo/Page_CURA Healthcare Service/i_fa fa-bars' is clicked on

29-01-2024T23:49:36 - [TEST_STEP][PASSED] - click(findTestObject("Object Repository/katalon demo/Page_CURA Healthcare Service/a_Home")): Object: 'Object Repository/katalon demo/Page_CURA Healthcare Service/a_Home' is clicked on

29-01-2024T23:49:37 - [MESSAGE][PASSED] - Object: 'Object Repository/katalon demo/Page_CURA Healthcare Service/a_Home' is clicked on]]></system-out>
         <system-err><![CDATA[]]></system-err>
      </testcase>
      <testcase name="Test Cases/Katalon Demo/logout katalon demo" time="3.605" classname="Test Cases/Katalon Demo/logout katalon demo" status="PASSED">
         <system-out><![CDATA[29-01-2024T23:49:37 - [TEST_CASE][PASSED] - Test Cases/Katalon Demo/logout katalon demo: Test Cases/Katalon Demo/logout katalon demo

29-01-2024T23:49:37 - [TEST_STEP][PASSED] - click(findTestObject("Object Repository/katalon demo/Page_CURA Healthcare Service/i_fa fa-bars")): Object: 'Object Repository/katalon demo/Page_CURA Healthcare Service/i_fa fa-bars' is clicked on

29-01-2024T23:49:37 - [MESSAGE][PASSED] - Object: 'Object Repository/katalon demo/Page_CURA Healthcare Service/i_fa fa-bars' is clicked on

29-01-2024T23:49:37 - [TEST_STEP][PASSED] - takeScreenshotAsCheckpoint("logout katalon demo"): Taking screenshot successfully

29-01-2024T23:49:38 - [MESSAGE][INFO] - 0 hidden object(s)

29-01-2024T23:49:38 - [MESSAGE][PASSED] - Taking screenshot successfully
[[ATTACHMENT|keyes\keyes-logout katalon demo.png]]

29-01-2024T23:49:38 - [TEST_STEP][PASSED] - click(findTestObject("Object Repository/katalon demo/Page_CURA Healthcare Service/a_Logout")): Object: 'Object Repository/katalon demo/Page_CURA Healthcare Service/a_Logout' is clicked on

29-01-2024T23:49:40 - [MESSAGE][PASSED] - Object: 'Object Repository/katalon demo/Page_CURA Healthcare Service/a_Logout' is clicked on

29-01-2024T23:49:40 - [TEST_STEP][PASSED] - closeBrowser(): Browser is closed

29-01-2024T23:49:40 - [MESSAGE][PASSED] - Browser is closed]]></system-out>
         <system-err><![CDATA[]]></system-err>
      </testcase>
      <testcase name="Test Cases/Katalon Demo/negatif login katalon demo" time="14.439" classname="Test Cases/Katalon Demo/negatif login katalon demo" status="PASSED">
         <system-out><![CDATA[29-01-2024T23:49:40 - [TEST_CASE][PASSED] - Test Cases/Katalon Demo/negatif login katalon demo: Test Cases/Katalon Demo/negatif login katalon demo

29-01-2024T23:49:41 - [TEST_STEP][PASSED] - openBrowser(""): Browser is opened with url: ''

29-01-2024T23:49:41 - [MESSAGE][INFO] - Starting 'Chrome' driver

29-01-2024T23:49:41 - [MESSAGE][INFO] - Action delay is set to 0 milliseconds

29-01-2024T23:49:42 - [MESSAGE][PASSED] - Browser is opened with url: ''

29-01-2024T23:49:42 - [TEST_STEP][PASSED] - navigateToUrl("https://katalon-demo-cura.herokuapp.com/"): Navigate to 'https://katalon-demo-cura.herokuapp.com/' successfully

29-01-2024T23:49:45 - [MESSAGE][PASSED] - Navigate to 'https://katalon-demo-cura.herokuapp.com/' successfully

29-01-2024T23:49:45 - [TEST_STEP][PASSED] - click(findTestObject("Object Repository/katalon demo/Page_CURA Healthcare Service/amenu-toggle")): Object: 'Object Repository/katalon demo/Page_CURA Healthcare Service/amenu-toggle' is clicked on

29-01-2024T23:49:46 - [MESSAGE][PASSED] - Object: 'Object Repository/katalon demo/Page_CURA Healthcare Service/amenu-toggle' is clicked on

29-01-2024T23:49:46 - [TEST_STEP][PASSED] - click(findTestObject("Object Repository/katalon demo/Page_CURA Healthcare Service/a_Login")): Object: 'Object Repository/katalon demo/Page_CURA Healthcare Service/a_Login' is clicked on

29-01-2024T23:49:47 - [MESSAGE][PASSED] - Object: 'Object Repository/katalon demo/Page_CURA Healthcare Service/a_Login' is clicked on

29-01-2024T23:49:47 - [TEST_STEP][PASSED] - setText(findTestObject("Object Repository/katalon demo/Page_CURA Healthcare Service/input_username"), username1): Text 'aaaaa' is set on object 'Object Repository/katalon demo/Page_CURA Healthcare Service/input_username'

29-01-2024T23:49:47 - [MESSAGE][PASSED] - Text 'aaaaa' is set on object 'Object Repository/katalon demo/Page_CURA Healthcare Service/input_username'

29-01-2024T23:49:47 - [TEST_STEP][PASSED] - setText(findTestObject("Object Repository/katalon demo/Page_CURA Healthcare Service/input_password"), password1): Text 'aaaaaaaa' is set on object 'Object Repository/katalon demo/Page_CURA Healthcare Service/input_password'

29-01-2024T23:49:48 - [MESSAGE][PASSED] - Text 'aaaaaaaa' is set on object 'Object Repository/katalon demo/Page_CURA Healthcare Service/input_password'

29-01-2024T23:49:48 - [TEST_STEP][PASSED] - click(findTestObject("katalon demo/Page_CURA Healthcare Service/button_Login")): Object: 'Object Repository/katalon demo/Page_CURA Healthcare Service/button_Login' is clicked on

29-01-2024T23:49:49 - [MESSAGE][PASSED] - Object: 'Object Repository/katalon demo/Page_CURA Healthcare Service/button_Login' is clicked on

29-01-2024T23:49:49 - [TEST_STEP][PASSED] - verifyTextPresent("Login failed!", false): Text 'Login failed!' is present on page 

29-01-2024T23:49:50 - [MESSAGE][PASSED] - Text 'Login failed!' is present on page 

29-01-2024T23:49:50 - [TEST_STEP][PASSED] - takeScreenshotAsCheckpoint("negatif 1 login katalon demo"): Taking screenshot successfully

29-01-2024T23:49:50 - [MESSAGE][INFO] - 0 hidden object(s)

29-01-2024T23:49:50 - [MESSAGE][PASSED] - Taking screenshot successfully
[[ATTACHMENT|keyes\keyes-negatif 1 login katalon demo.png]]

29-01-2024T23:49:50 - [TEST_STEP][PASSED] - click(findTestObject("Object Repository/katalon demo/Page_CURA Healthcare Service/button_Login")): Object: 'Object Repository/katalon demo/Page_CURA Healthcare Service/button_Login' is clicked on

29-01-2024T23:49:51 - [MESSAGE][PASSED] - Object: 'Object Repository/katalon demo/Page_CURA Healthcare Service/button_Login' is clicked on

29-01-2024T23:49:51 - [TEST_STEP][PASSED] - setText(findTestObject("katalon demo/Page_CURA Healthcare Service/input_username"), username2): Text 'bbbbb' is set on object 'Object Repository/katalon demo/Page_CURA Healthcare Service/input_username'

29-01-2024T23:49:52 - [MESSAGE][PASSED] - Text 'bbbbb' is set on object 'Object Repository/katalon demo/Page_CURA Healthcare Service/input_username'

29-01-2024T23:49:52 - [TEST_STEP][PASSED] - setText(findTestObject("katalon demo/Page_CURA Healthcare Service/input_password"), password2): Text 'bbbbbbbb' is set on object 'Object Repository/katalon demo/Page_CURA Healthcare Service/input_password'

29-01-2024T23:49:53 - [MESSAGE][PASSED] - Text 'bbbbbbbb' is set on object 'Object Repository/katalon demo/Page_CURA Healthcare Service/input_password'

29-01-2024T23:49:53 - [TEST_STEP][PASSED] - click(findTestObject("katalon demo/Page_CURA Healthcare Service/button_Login")): Object: 'Object Repository/katalon demo/Page_CURA Healthcare Service/button_Login' is clicked on

29-01-2024T23:49:54 - [MESSAGE][PASSED] - Object: 'Object Repository/katalon demo/Page_CURA Healthcare Service/button_Login' is clicked on

29-01-2024T23:49:54 - [TEST_STEP][PASSED] - verifyTextPresent("Login failed!", false): Text 'Login failed!' is present on page 

29-01-2024T23:49:54 - [MESSAGE][PASSED] - Text 'Login failed!' is present on page 

29-01-2024T23:49:54 - [TEST_STEP][PASSED] - takeScreenshotAsCheckpoint("negatif 2 login katalon demo"): Taking screenshot successfully

29-01-2024T23:49:55 - [MESSAGE][INFO] - 0 hidden object(s)

29-01-2024T23:49:55 - [MESSAGE][PASSED] - Taking screenshot successfully
[[ATTACHMENT|keyes\keyes-negatif 2 login katalon demo.png]]]]></system-out>
         <system-err><![CDATA[]]></system-err>
      </testcase>
      <system-out><![CDATA[29-01-2024T23:47:55 - [TEST_SUITE][PASSED] - katalon demo: Test Cases/Katalon Demo/negatif login katalon demo]]></system-out>
      <system-err><![CDATA[]]></system-err>
   </testsuite>
   <testsuite name="katalon demo" tests="8" failures="0" errors="0" time="120.199" skipped="0" timestamp="29-01-2024T23:50:02" hostname="0517 - Pierrot" id="Test Suites/katalon demo">
      <properties>
         <property name="deviceName" value=""/>
         <property name="devicePlatform" value=""/>
         <property name="logFolder" value="C:\\Users\\0517\\Katalon Studio\\poc bni\\Reports\\20240129_231002\\katalon demo\\20240129_231148"/>
         <property name="logFiles" value="C:\\Users\\0517\\Katalon Studio\\poc bni\\Reports\\20240129_231002\\katalon demo\\20240129_231148\\execution0.log"/>
         <property name="attachments" value="keyes\keyes-login katalon demo.png, keyes\keyes-appointment katalon demo.png, keyes\keyes-appointment 1 katalon demo.png, keyes\keyes-appointment 2 katalon demo.png, keyes\keyes-history katalon demo.png, keyes\keyes-profile katalon demo.png, keyes\keyes-logout katalon demo.png, keyes\keyes-negatif 1 login katalon demo.png, keyes\keyes-negatif 2 login katalon demo.png"/>
         <property name="hostName" value="0517 - Pierrot"/>
         <property name="os" value="Windows 10 64bit"/>
         <property name="katalonVersion" value="9.2.0.212"/>
         <property name="browser" value="Chrome 121.0.0.0"/>
         <property name="hostAddress" value="192.168.96.2"/>
         <property name="sessionId" value="bbc517565c5eae1129b25f45f68afb3f"/>
         <property name="seleniumVersion" value="3.141.59"/>
         <property name="proxyInformation" value="ProxyInformation { proxyOption=NO_PROXY, proxyServerType=HTTP, username=, password=********, proxyServerAddress=, proxyServerPort=0, executionList=&quot;&quot;, isApplyToDesiredCapabilities=true }"/>
         <property name="platform" value="Windows 10"/>
      </properties>
      <testcase name="Test Cases/Katalon Demo/login katalon demo" time="13.062" classname="Test Cases/Katalon Demo/login katalon demo" status="PASSED">
         <system-out><![CDATA[29-01-2024T23:50:02 - [TEST_CASE][PASSED] - Test Cases/Katalon Demo/login katalon demo: Test Cases/Katalon Demo/login katalon demo

29-01-2024T23:50:03 - [TEST_STEP][PASSED] - openBrowser(""): Browser is opened with url: ''

29-01-2024T23:50:03 - [MESSAGE][INFO] - Starting 'Chrome' driver

29-01-2024T23:50:03 - [MESSAGE][INFO] - Action delay is set to 0 milliseconds

29-01-2024T23:50:05 - [MESSAGE][PASSED] - Browser is opened with url: ''

29-01-2024T23:50:05 - [TEST_STEP][PASSED] - navigateToUrl("https://katalon-demo-cura.herokuapp.com/"): Navigate to 'https://katalon-demo-cura.herokuapp.com/' successfully

29-01-2024T23:50:11 - [MESSAGE][PASSED] - Navigate to 'https://katalon-demo-cura.herokuapp.com/' successfully

29-01-2024T23:50:11 - [TEST_STEP][PASSED] - click(findTestObject("Object Repository/katalon demo/Page_CURA Healthcare Service/amenu-toggle")): Object: 'Object Repository/katalon demo/Page_CURA Healthcare Service/amenu-toggle' is clicked on

29-01-2024T23:50:12 - [MESSAGE][PASSED] - Object: 'Object Repository/katalon demo/Page_CURA Healthcare Service/amenu-toggle' is clicked on

29-01-2024T23:50:12 - [TEST_STEP][PASSED] - click(findTestObject("Object Repository/katalon demo/Page_CURA Healthcare Service/a_Login")): Object: 'Object Repository/katalon demo/Page_CURA Healthcare Service/a_Login' is clicked on

29-01-2024T23:50:12 - [MESSAGE][PASSED] - Object: 'Object Repository/katalon demo/Page_CURA Healthcare Service/a_Login' is clicked on

29-01-2024T23:50:12 - [TEST_STEP][PASSED] - setText(findTestObject("Object Repository/katalon demo/Page_CURA Healthcare Service/input_username"), "John Doe"): Text 'John Doe' is set on object 'Object Repository/katalon demo/Page_CURA Healthcare Service/input_username'

29-01-2024T23:50:13 - [MESSAGE][PASSED] - Text 'John Doe' is set on object 'Object Repository/katalon demo/Page_CURA Healthcare Service/input_username'

29-01-2024T23:50:13 - [TEST_STEP][PASSED] - setEncryptedText(findTestObject("Object Repository/katalon demo/Page_CURA Healthcare Service/input_password"), "g3/DOGG74jC3Flrr3yH+3D/yKbOqqUNM"): Text ****** has been set on object 'Object Repository/katalon demo/Page_CURA Healthcare Service/input_password'

29-01-2024T23:50:14 - [MESSAGE][PASSED] - Text ****** has been set on object 'Object Repository/katalon demo/Page_CURA Healthcare Service/input_password'

29-01-2024T23:50:14 - [TEST_STEP][PASSED] - takeScreenshotAsCheckpoint("login katalon demo", STOP_ON_FAILURE): Taking screenshot successfully

29-01-2024T23:50:14 - [MESSAGE][INFO] - 0 hidden object(s)

29-01-2024T23:50:14 - [MESSAGE][PASSED] - Taking screenshot successfully
[[ATTACHMENT|keyes\keyes-login katalon demo.png]]

29-01-2024T23:50:14 - [TEST_STEP][PASSED] - click(findTestObject("Object Repository/katalon demo/Page_CURA Healthcare Service/button_Login")): Object: 'Object Repository/katalon demo/Page_CURA Healthcare Service/button_Login' is clicked on

29-01-2024T23:50:15 - [MESSAGE][PASSED] - Object: 'Object Repository/katalon demo/Page_CURA Healthcare Service/button_Login' is clicked on]]></system-out>
         <system-err><![CDATA[]]></system-err>
      </testcase>
      <testcase name="Test Cases/Katalon Demo/make appointment katalon demo" time="6.604" classname="Test Cases/Katalon Demo/make appointment katalon demo" status="PASSED">
         <system-out><![CDATA[29-01-2024T23:50:15 - [TEST_CASE][PASSED] - Test Cases/Katalon Demo/make appointment katalon demo: Test Cases/Katalon Demo/make appointment katalon demo

29-01-2024T23:50:16 - [TEST_STEP][PASSED] - selectOptionByValue(findTestObject("Object Repository/katalon demo/Page_CURA Healthcare Service/select_Tokyo"), "Hongkong CURA Healthcare Center", true): All options with value 'Hongkong CURA Healthcare Center' are selected in object 'Object Repository/katalon demo/Page_CURA Healthcare Service/select_Tokyo'  using regular expression

29-01-2024T23:50:17 - [MESSAGE][PASSED] - All options with value 'Hongkong CURA Healthcare Center' are selected in object 'Object Repository/katalon demo/Page_CURA Healthcare Service/select_Tokyo'  using regular expression

29-01-2024T23:50:17 - [TEST_STEP][PASSED] - click(findTestObject("Object Repository/katalon demo/Page_CURA Healthcare Service/label_Apply for hospital readmission")): Object: 'Object Repository/katalon demo/Page_CURA Healthcare Service/label_Apply for hospital readmission' is clicked on

29-01-2024T23:50:17 - [MESSAGE][PASSED] - Object: 'Object Repository/katalon demo/Page_CURA Healthcare Service/label_Apply for hospital readmission' is clicked on

29-01-2024T23:50:17 - [TEST_STEP][PASSED] - click(findTestObject("Object Repository/katalon demo/Page_CURA Healthcare Service/input_programs")): Object: 'Object Repository/katalon demo/Page_CURA Healthcare Service/input_programs' is clicked on

29-01-2024T23:50:17 - [MESSAGE][PASSED] - Object: 'Object Repository/katalon demo/Page_CURA Healthcare Service/input_programs' is clicked on

29-01-2024T23:50:17 - [TEST_STEP][PASSED] - click(findTestObject("Object Repository/katalon demo/Page_CURA Healthcare Service/span_glyphicon glyphicon-calendar")): Object: 'Object Repository/katalon demo/Page_CURA Healthcare Service/span_glyphicon glyphicon-calendar' is clicked on

29-01-2024T23:50:18 - [MESSAGE][PASSED] - Object: 'Object Repository/katalon demo/Page_CURA Healthcare Service/span_glyphicon glyphicon-calendar' is clicked on

29-01-2024T23:50:18 - [TEST_STEP][PASSED] - click(findTestObject("Object Repository/katalon demo/Page_CURA Healthcare Service/td_31")): Object: 'Object Repository/katalon demo/Page_CURA Healthcare Service/td_31' is clicked on

29-01-2024T23:50:18 - [MESSAGE][PASSED] - Object: 'Object Repository/katalon demo/Page_CURA Healthcare Service/td_31' is clicked on

29-01-2024T23:50:18 - [TEST_STEP][PASSED] - setText(findTestObject("Object Repository/katalon demo/Page_CURA Healthcare Service/textarea_comment"), "tes katalon demo"): Text 'tes katalon demo' is set on object 'Object Repository/katalon demo/Page_CURA Healthcare Service/textarea_comment'

29-01-2024T23:50:19 - [MESSAGE][PASSED] - Text 'tes katalon demo' is set on object 'Object Repository/katalon demo/Page_CURA Healthcare Service/textarea_comment'

29-01-2024T23:50:19 - [TEST_STEP][PASSED] - click(findTestObject("Object Repository/katalon demo/Page_CURA Healthcare Service/button_Book Appointment")): Object: 'Object Repository/katalon demo/Page_CURA Healthcare Service/button_Book Appointment' is clicked on

29-01-2024T23:50:20 - [MESSAGE][PASSED] - Object: 'Object Repository/katalon demo/Page_CURA Healthcare Service/button_Book Appointment' is clicked on

29-01-2024T23:50:20 - [TEST_STEP][PASSED] - verifyTextPresent("Appointment Confirmation", false): Text 'Appointment Confirmation' is present on page 

29-01-2024T23:50:21 - [MESSAGE][PASSED] - Text 'Appointment Confirmation' is present on page 

29-01-2024T23:50:21 - [TEST_STEP][PASSED] - takeScreenshotAsCheckpoint("appointment katalon demo"): Taking screenshot successfully

29-01-2024T23:50:21 - [MESSAGE][INFO] - 0 hidden object(s)

29-01-2024T23:50:21 - [MESSAGE][PASSED] - Taking screenshot successfully
[[ATTACHMENT|keyes\keyes-appointment katalon demo.png]]

29-01-2024T23:50:21 - [TEST_STEP][PASSED] - click(findTestObject("Object Repository/katalon demo/Page_CURA Healthcare Service/a_Go to Homepage")): Object: 'Object Repository/katalon demo/Page_CURA Healthcare Service/a_Go to Homepage' is clicked on

29-01-2024T23:50:22 - [MESSAGE][PASSED] - Object: 'Object Repository/katalon demo/Page_CURA Healthcare Service/a_Go to Homepage' is clicked on]]></system-out>
         <system-err><![CDATA[]]></system-err>
      </testcase>
      <testcase name="Test Cases/Katalon Demo/make appointment katalon demo 1" time="8.599" classname="Test Cases/Katalon Demo/make appointment katalon demo 1" status="PASSED">
         <system-out><![CDATA[29-01-2024T23:50:22 - [TEST_CASE][PASSED] - Test Cases/Katalon Demo/make appointment katalon demo 1: Test Cases/Katalon Demo/make appointment katalon demo 1

29-01-2024T23:50:22 - [TEST_STEP][PASSED] - selectOptionByValue(findTestObject("Object Repository/katalon demo/Page_CURA Healthcare Service/select_Tokyo"), "Seoul CURA Healthcare Center", true): All options with value 'Seoul CURA Healthcare Center' are selected in object 'Object Repository/katalon demo/Page_CURA Healthcare Service/select_Tokyo'  using regular expression

29-01-2024T23:50:23 - [MESSAGE][PASSED] - All options with value 'Seoul CURA Healthcare Center' are selected in object 'Object Repository/katalon demo/Page_CURA Healthcare Service/select_Tokyo'  using regular expression

29-01-2024T23:50:23 - [TEST_STEP][PASSED] - click(findTestObject("Object Repository/katalon demo/Page_CURA Healthcare Service/input_hospital_readmission")): Object: 'Object Repository/katalon demo/Page_CURA Healthcare Service/input_hospital_readmission' is clicked on

29-01-2024T23:50:24 - [MESSAGE][PASSED] - Object: 'Object Repository/katalon demo/Page_CURA Healthcare Service/input_hospital_readmission' is clicked on

29-01-2024T23:50:24 - [TEST_STEP][PASSED] - click(findTestObject("Object Repository/katalon demo/Page_CURA Healthcare Service/input_programs")): Object: 'Object Repository/katalon demo/Page_CURA Healthcare Service/input_programs' is clicked on

29-01-2024T23:50:24 - [MESSAGE][PASSED] - Object: 'Object Repository/katalon demo/Page_CURA Healthcare Service/input_programs' is clicked on

29-01-2024T23:50:24 - [TEST_STEP][PASSED] - click(findTestObject("Object Repository/katalon demo/Page_CURA Healthcare Service/span_glyphicon glyphicon-calendar")): Object: 'Object Repository/katalon demo/Page_CURA Healthcare Service/span_glyphicon glyphicon-calendar' is clicked on

29-01-2024T23:50:25 - [MESSAGE][PASSED] - Object: 'Object Repository/katalon demo/Page_CURA Healthcare Service/span_glyphicon glyphicon-calendar' is clicked on

29-01-2024T23:50:25 - [TEST_STEP][PASSED] - click(findTestObject("Object Repository/katalon demo/Page_CURA Healthcare Service/td_30")): Object: 'Object Repository/katalon demo/Page_CURA Healthcare Service/td_30' is clicked on

29-01-2024T23:50:25 - [MESSAGE][PASSED] - Object: 'Object Repository/katalon demo/Page_CURA Healthcare Service/td_30' is clicked on

29-01-2024T23:50:25 - [TEST_STEP][PASSED] - setText(findTestObject("Object Repository/katalon demo/Page_CURA Healthcare Service/textarea_comment"), "tes katalon"): Text 'tes katalon' is set on object 'Object Repository/katalon demo/Page_CURA Healthcare Service/textarea_comment'

29-01-2024T23:50:26 - [MESSAGE][PASSED] - Text 'tes katalon' is set on object 'Object Repository/katalon demo/Page_CURA Healthcare Service/textarea_comment'

29-01-2024T23:50:26 - [TEST_STEP][PASSED] - click(findTestObject("Object Repository/katalon demo/Page_CURA Healthcare Service/button_Book Appointment")): Object: 'Object Repository/katalon demo/Page_CURA Healthcare Service/button_Book Appointment' is clicked on

29-01-2024T23:50:29 - [MESSAGE][PASSED] - Object: 'Object Repository/katalon demo/Page_CURA Healthcare Service/button_Book Appointment' is clicked on

29-01-2024T23:50:29 - [TEST_STEP][PASSED] - verifyTextPresent("Appointment Confirmation", false): Text 'Appointment Confirmation' is present on page 

29-01-2024T23:50:29 - [MESSAGE][PASSED] - Text 'Appointment Confirmation' is present on page 

29-01-2024T23:50:29 - [TEST_STEP][PASSED] - takeScreenshotAsCheckpoint("appointment 1 katalon demo"): Taking screenshot successfully

29-01-2024T23:50:30 - [MESSAGE][INFO] - 0 hidden object(s)

29-01-2024T23:50:30 - [MESSAGE][PASSED] - Taking screenshot successfully
[[ATTACHMENT|keyes\keyes-appointment 1 katalon demo.png]]

29-01-2024T23:50:30 - [TEST_STEP][PASSED] - click(findTestObject("Object Repository/katalon demo/Page_CURA Healthcare Service/a_Go to Homepage")): Object: 'Object Repository/katalon demo/Page_CURA Healthcare Service/a_Go to Homepage' is clicked on

29-01-2024T23:50:31 - [MESSAGE][PASSED] - Object: 'Object Repository/katalon demo/Page_CURA Healthcare Service/a_Go to Homepage' is clicked on]]></system-out>
         <system-err><![CDATA[]]></system-err>
      </testcase>
      <testcase name="Test Cases/Katalon Demo/make appointment katalon demo 2" time="5.583" classname="Test Cases/Katalon Demo/make appointment katalon demo 2" status="PASSED">
         <system-out><![CDATA[29-01-2024T23:50:31 - [TEST_CASE][PASSED] - Test Cases/Katalon Demo/make appointment katalon demo 2: Test Cases/Katalon Demo/make appointment katalon demo 2

29-01-2024T23:50:31 - [TEST_STEP][PASSED] - click(findTestObject("Object Repository/katalon demo/Page_CURA Healthcare Service/label_Apply for hospital readmission")): Object: 'Object Repository/katalon demo/Page_CURA Healthcare Service/label_Apply for hospital readmission' is clicked on

29-01-2024T23:50:31 - [MESSAGE][PASSED] - Object: 'Object Repository/katalon demo/Page_CURA Healthcare Service/label_Apply for hospital readmission' is clicked on

29-01-2024T23:50:31 - [TEST_STEP][PASSED] - click(findTestObject("Object Repository/katalon demo/Page_CURA Healthcare Service/input_programs")): Object: 'Object Repository/katalon demo/Page_CURA Healthcare Service/input_programs' is clicked on

29-01-2024T23:50:32 - [MESSAGE][PASSED] - Object: 'Object Repository/katalon demo/Page_CURA Healthcare Service/input_programs' is clicked on

29-01-2024T23:50:32 - [TEST_STEP][PASSED] - click(findTestObject("Object Repository/katalon demo/Page_CURA Healthcare Service/input_visit_date")): Object: 'Object Repository/katalon demo/Page_CURA Healthcare Service/input_visit_date' is clicked on

29-01-2024T23:50:32 - [MESSAGE][PASSED] - Object: 'Object Repository/katalon demo/Page_CURA Healthcare Service/input_visit_date' is clicked on

29-01-2024T23:50:32 - [TEST_STEP][PASSED] - click(findTestObject("Object Repository/katalon demo/Page_CURA Healthcare Service/th_")): Object: 'Object Repository/katalon demo/Page_CURA Healthcare Service/th_' is clicked on

29-01-2024T23:50:32 - [MESSAGE][PASSED] - Object: 'Object Repository/katalon demo/Page_CURA Healthcare Service/th_' is clicked on

29-01-2024T23:50:32 - [TEST_STEP][PASSED] - click(findTestObject("Object Repository/katalon demo/Page_CURA Healthcare Service/td_28")): Object: 'Object Repository/katalon demo/Page_CURA Healthcare Service/td_28' is clicked on

29-01-2024T23:50:33 - [MESSAGE][PASSED] - Object: 'Object Repository/katalon demo/Page_CURA Healthcare Service/td_28' is clicked on

29-01-2024T23:50:33 - [TEST_STEP][PASSED] - setText(findTestObject("Object Repository/katalon demo/Page_CURA Healthcare Service/textarea_comment"), "tes katalon"): Text 'tes katalon' is set on object 'Object Repository/katalon demo/Page_CURA Healthcare Service/textarea_comment'

29-01-2024T23:50:34 - [MESSAGE][PASSED] - Text 'tes katalon' is set on object 'Object Repository/katalon demo/Page_CURA Healthcare Service/textarea_comment'

29-01-2024T23:50:34 - [TEST_STEP][PASSED] - click(findTestObject("Object Repository/katalon demo/Page_CURA Healthcare Service/button_Book Appointment")): Object: 'Object Repository/katalon demo/Page_CURA Healthcare Service/button_Book Appointment' is clicked on

29-01-2024T23:50:35 - [MESSAGE][PASSED] - Object: 'Object Repository/katalon demo/Page_CURA Healthcare Service/button_Book Appointment' is clicked on

29-01-2024T23:50:35 - [TEST_STEP][PASSED] - verifyTextPresent("Appointment Confirmation", false): Text 'Appointment Confirmation' is present on page 

29-01-2024T23:50:35 - [MESSAGE][PASSED] - Text 'Appointment Confirmation' is present on page 

29-01-2024T23:50:35 - [TEST_STEP][PASSED] - takeScreenshotAsCheckpoint("appointment 2 katalon demo"): Taking screenshot successfully

29-01-2024T23:50:36 - [MESSAGE][INFO] - 0 hidden object(s)

29-01-2024T23:50:36 - [MESSAGE][PASSED] - Taking screenshot successfully
[[ATTACHMENT|keyes\keyes-appointment 2 katalon demo.png]]

29-01-2024T23:50:36 - [TEST_STEP][PASSED] - click(findTestObject("Object Repository/katalon demo/Page_CURA Healthcare Service/a_Go to Homepage")): Object: 'Object Repository/katalon demo/Page_CURA Healthcare Service/a_Go to Homepage' is clicked on

29-01-2024T23:50:36 - [MESSAGE][PASSED] - Object: 'Object Repository/katalon demo/Page_CURA Healthcare Service/a_Go to Homepage' is clicked on]]></system-out>
         <system-err><![CDATA[]]></system-err>
      </testcase>
      <testcase name="Test Cases/Katalon Demo/history katalon demo" time="65.682" classname="Test Cases/Katalon Demo/history katalon demo" status="PASSED">
         <system-out><![CDATA[29-01-2024T23:50:36 - [TEST_CASE][PASSED] - Test Cases/Katalon Demo/history katalon demo: Test Cases/Katalon Demo/history katalon demo

29-01-2024T23:50:36 - [TEST_STEP][PASSED] - click(findTestObject("Object Repository/katalon demo/Page_CURA Healthcare Service/amenu-toggle")): Object: 'Object Repository/katalon demo/Page_CURA Healthcare Service/amenu-toggle' is clicked on

29-01-2024T23:50:37 - [MESSAGE][PASSED] - Object: 'Object Repository/katalon demo/Page_CURA Healthcare Service/amenu-toggle' is clicked on

29-01-2024T23:50:37 - [TEST_STEP][PASSED] - click(findTestObject("Object Repository/katalon demo/Page_CURA Healthcare Service/a_History")): Object: 'Object Repository/katalon demo/Page_CURA Healthcare Service/a_History' is clicked on

29-01-2024T23:50:38 - [MESSAGE][PASSED] - Object: 'Object Repository/katalon demo/Page_CURA Healthcare Service/a_History' is clicked on

29-01-2024T23:50:38 - [TEST_STEP][PASSED] - takeScreenshotAsCheckpoint("history katalon demo"): Taking screenshot successfully

29-01-2024T23:50:38 - [MESSAGE][INFO] - 0 hidden object(s)

29-01-2024T23:50:38 - [MESSAGE][PASSED] - Taking screenshot successfully
[[ATTACHMENT|keyes\keyes-history katalon demo.png]]

29-01-2024T23:50:38 - [TEST_STEP][PASSED] - scrollToElement(findTestObject("katalon demo/Page_CURA Healthcare Service/a_Go to Homepage"), 3): Scroll to object 'Object Repository/katalon demo/Page_CURA Healthcare Service/a_Go to Homepage' successfully

29-01-2024T23:51:09 - [MESSAGE][INFO] - Unable to find the element located by 'By.xpath: //section[@id='summary']/div/div/div[7]/p/a'. Please recheck the objects properties to make sure the desired element is located. 

29-01-2024T23:51:09 - [MESSAGE][WARNING] - [SELF-HEALING] Failed to find element with id 'Object Repository/katalon demo/Page_CURA Healthcare Service/a_Go to Homepage'. Try using Self-healing.

29-01-2024T23:51:09 - [MESSAGE][WARNING] - [SELF-HEALING] The current locator of test object 'Object Repository/katalon demo/Page_CURA Healthcare Service/a_Go to Homepage' was broken. Propose an alternative one: '//a[contains(text(),'Go to Homepage')]'.

29-01-2024T23:51:09 - [MESSAGE][PASSED] - Scroll to object 'Object Repository/katalon demo/Page_CURA Healthcare Service/a_Go to Homepage' successfully

29-01-2024T23:51:09 - [TEST_STEP][PASSED] - click(findTestObject("Object Repository/katalon demo/Page_CURA Healthcare Service/a_Go to Homepage")): Object: 'Object Repository/katalon demo/Page_CURA Healthcare Service/a_Go to Homepage' is clicked on

29-01-2024T23:51:41 - [MESSAGE][INFO] - Unable to find the element located by 'By.xpath: //section[@id='summary']/div/div/div[7]/p/a'. Please recheck the objects properties to make sure the desired element is located. 

29-01-2024T23:51:41 - [MESSAGE][WARNING] - [SELF-HEALING] Failed to find element with id 'Object Repository/katalon demo/Page_CURA Healthcare Service/a_Go to Homepage'. Try using Self-healing.

29-01-2024T23:51:41 - [MESSAGE][WARNING] - [SELF-HEALING] The current locator of test object 'Object Repository/katalon demo/Page_CURA Healthcare Service/a_Go to Homepage' was broken. Propose an alternative one: '//a[contains(text(),'Go to Homepage')]'.

29-01-2024T23:51:42 - [MESSAGE][PASSED] - Object: 'Object Repository/katalon demo/Page_CURA Healthcare Service/a_Go to Homepage' is clicked on]]></system-out>
         <system-err><![CDATA[]]></system-err>
      </testcase>
      <testcase name="Test Cases/Katalon Demo/profile katalon demo" time="3.152" classname="Test Cases/Katalon Demo/profile katalon demo" status="PASSED">
         <system-out><![CDATA[29-01-2024T23:51:42 - [TEST_CASE][PASSED] - Test Cases/Katalon Demo/profile katalon demo: Test Cases/Katalon Demo/profile katalon demo

29-01-2024T23:51:42 - [TEST_STEP][PASSED] - click(findTestObject("Object Repository/katalon demo/Page_CURA Healthcare Service/i_fa fa-bars")): Object: 'Object Repository/katalon demo/Page_CURA Healthcare Service/i_fa fa-bars' is clicked on

29-01-2024T23:51:42 - [MESSAGE][PASSED] - Object: 'Object Repository/katalon demo/Page_CURA Healthcare Service/i_fa fa-bars' is clicked on

29-01-2024T23:51:42 - [TEST_STEP][PASSED] - click(findTestObject("Object Repository/katalon demo/Page_CURA Healthcare Service/a_Profile")): Object: 'Object Repository/katalon demo/Page_CURA Healthcare Service/a_Profile' is clicked on

29-01-2024T23:51:43 - [MESSAGE][PASSED] - Object: 'Object Repository/katalon demo/Page_CURA Healthcare Service/a_Profile' is clicked on

29-01-2024T23:51:43 - [TEST_STEP][PASSED] - takeScreenshotAsCheckpoint("profile katalon demo"): Taking screenshot successfully

29-01-2024T23:51:44 - [MESSAGE][INFO] - 0 hidden object(s)

29-01-2024T23:51:44 - [MESSAGE][PASSED] - Taking screenshot successfully
[[ATTACHMENT|keyes\keyes-profile katalon demo.png]]

29-01-2024T23:51:44 - [TEST_STEP][PASSED] - click(findTestObject("Object Repository/katalon demo/Page_CURA Healthcare Service/i_fa fa-bars")): Object: 'Object Repository/katalon demo/Page_CURA Healthcare Service/i_fa fa-bars' is clicked on

29-01-2024T23:51:44 - [MESSAGE][PASSED] - Object: 'Object Repository/katalon demo/Page_CURA Healthcare Service/i_fa fa-bars' is clicked on

29-01-2024T23:51:44 - [TEST_STEP][PASSED] - click(findTestObject("Object Repository/katalon demo/Page_CURA Healthcare Service/a_Home")): Object: 'Object Repository/katalon demo/Page_CURA Healthcare Service/a_Home' is clicked on

29-01-2024T23:51:45 - [MESSAGE][PASSED] - Object: 'Object Repository/katalon demo/Page_CURA Healthcare Service/a_Home' is clicked on]]></system-out>
         <system-err><![CDATA[]]></system-err>
      </testcase>
      <testcase name="Test Cases/Katalon Demo/logout katalon demo" time="2.696" classname="Test Cases/Katalon Demo/logout katalon demo" status="PASSED">
         <system-out><![CDATA[29-01-2024T23:51:45 - [TEST_CASE][PASSED] - Test Cases/Katalon Demo/logout katalon demo: Test Cases/Katalon Demo/logout katalon demo

29-01-2024T23:51:45 - [TEST_STEP][PASSED] - click(findTestObject("Object Repository/katalon demo/Page_CURA Healthcare Service/i_fa fa-bars")): Object: 'Object Repository/katalon demo/Page_CURA Healthcare Service/i_fa fa-bars' is clicked on

29-01-2024T23:51:46 - [MESSAGE][PASSED] - Object: 'Object Repository/katalon demo/Page_CURA Healthcare Service/i_fa fa-bars' is clicked on

29-01-2024T23:51:46 - [TEST_STEP][PASSED] - takeScreenshotAsCheckpoint("logout katalon demo"): Taking screenshot successfully

29-01-2024T23:51:47 - [MESSAGE][INFO] - 0 hidden object(s)

29-01-2024T23:51:47 - [MESSAGE][PASSED] - Taking screenshot successfully
[[ATTACHMENT|keyes\keyes-logout katalon demo.png]]

29-01-2024T23:51:47 - [TEST_STEP][PASSED] - click(findTestObject("Object Repository/katalon demo/Page_CURA Healthcare Service/a_Logout")): Object: 'Object Repository/katalon demo/Page_CURA Healthcare Service/a_Logout' is clicked on

29-01-2024T23:51:48 - [MESSAGE][PASSED] - Object: 'Object Repository/katalon demo/Page_CURA Healthcare Service/a_Logout' is clicked on

29-01-2024T23:51:48 - [TEST_STEP][PASSED] - closeBrowser(): Browser is closed

29-01-2024T23:51:48 - [MESSAGE][PASSED] - Browser is closed]]></system-out>
         <system-err><![CDATA[]]></system-err>
      </testcase>
      <testcase name="Test Cases/Katalon Demo/negatif login katalon demo" time="14.528" classname="Test Cases/Katalon Demo/negatif login katalon demo" status="PASSED">
         <system-out><![CDATA[29-01-2024T23:51:48 - [TEST_CASE][PASSED] - Test Cases/Katalon Demo/negatif login katalon demo: Test Cases/Katalon Demo/negatif login katalon demo

29-01-2024T23:51:48 - [TEST_STEP][PASSED] - openBrowser(""): Browser is opened with url: ''

29-01-2024T23:51:48 - [MESSAGE][INFO] - Starting 'Chrome' driver

29-01-2024T23:51:48 - [MESSAGE][INFO] - Action delay is set to 0 milliseconds

29-01-2024T23:51:49 - [MESSAGE][PASSED] - Browser is opened with url: ''

29-01-2024T23:51:49 - [TEST_STEP][PASSED] - navigateToUrl("https://katalon-demo-cura.herokuapp.com/"): Navigate to 'https://katalon-demo-cura.herokuapp.com/' successfully

29-01-2024T23:51:52 - [MESSAGE][PASSED] - Navigate to 'https://katalon-demo-cura.herokuapp.com/' successfully

29-01-2024T23:51:52 - [TEST_STEP][PASSED] - click(findTestObject("Object Repository/katalon demo/Page_CURA Healthcare Service/amenu-toggle")): Object: 'Object Repository/katalon demo/Page_CURA Healthcare Service/amenu-toggle' is clicked on

29-01-2024T23:51:53 - [MESSAGE][PASSED] - Object: 'Object Repository/katalon demo/Page_CURA Healthcare Service/amenu-toggle' is clicked on

29-01-2024T23:51:53 - [TEST_STEP][PASSED] - click(findTestObject("Object Repository/katalon demo/Page_CURA Healthcare Service/a_Login")): Object: 'Object Repository/katalon demo/Page_CURA Healthcare Service/a_Login' is clicked on

29-01-2024T23:51:54 - [MESSAGE][PASSED] - Object: 'Object Repository/katalon demo/Page_CURA Healthcare Service/a_Login' is clicked on

29-01-2024T23:51:54 - [TEST_STEP][PASSED] - setText(findTestObject("Object Repository/katalon demo/Page_CURA Healthcare Service/input_username"), username1): Text 'aaaaa' is set on object 'Object Repository/katalon demo/Page_CURA Healthcare Service/input_username'

29-01-2024T23:51:54 - [MESSAGE][PASSED] - Text 'aaaaa' is set on object 'Object Repository/katalon demo/Page_CURA Healthcare Service/input_username'

29-01-2024T23:51:54 - [TEST_STEP][PASSED] - setText(findTestObject("Object Repository/katalon demo/Page_CURA Healthcare Service/input_password"), password1): Text 'aaaaaaaa' is set on object 'Object Repository/katalon demo/Page_CURA Healthcare Service/input_password'

29-01-2024T23:51:55 - [MESSAGE][PASSED] - Text 'aaaaaaaa' is set on object 'Object Repository/katalon demo/Page_CURA Healthcare Service/input_password'

29-01-2024T23:51:55 - [TEST_STEP][PASSED] - click(findTestObject("katalon demo/Page_CURA Healthcare Service/button_Login")): Object: 'Object Repository/katalon demo/Page_CURA Healthcare Service/button_Login' is clicked on

29-01-2024T23:51:56 - [MESSAGE][PASSED] - Object: 'Object Repository/katalon demo/Page_CURA Healthcare Service/button_Login' is clicked on

29-01-2024T23:51:56 - [TEST_STEP][PASSED] - verifyTextPresent("Login failed!", false): Text 'Login failed!' is present on page 

29-01-2024T23:51:56 - [MESSAGE][PASSED] - Text 'Login failed!' is present on page 

29-01-2024T23:51:56 - [TEST_STEP][PASSED] - takeScreenshotAsCheckpoint("negatif 1 login katalon demo"): Taking screenshot successfully

29-01-2024T23:51:57 - [MESSAGE][INFO] - 0 hidden object(s)

29-01-2024T23:51:57 - [MESSAGE][PASSED] - Taking screenshot successfully
[[ATTACHMENT|keyes\keyes-negatif 1 login katalon demo.png]]

29-01-2024T23:51:57 - [TEST_STEP][PASSED] - click(findTestObject("Object Repository/katalon demo/Page_CURA Healthcare Service/button_Login")): Object: 'Object Repository/katalon demo/Page_CURA Healthcare Service/button_Login' is clicked on

29-01-2024T23:51:58 - [MESSAGE][PASSED] - Object: 'Object Repository/katalon demo/Page_CURA Healthcare Service/button_Login' is clicked on

29-01-2024T23:51:58 - [TEST_STEP][PASSED] - setText(findTestObject("katalon demo/Page_CURA Healthcare Service/input_username"), username2): Text 'bbbbb' is set on object 'Object Repository/katalon demo/Page_CURA Healthcare Service/input_username'

29-01-2024T23:51:59 - [MESSAGE][PASSED] - Text 'bbbbb' is set on object 'Object Repository/katalon demo/Page_CURA Healthcare Service/input_username'

29-01-2024T23:51:59 - [TEST_STEP][PASSED] - setText(findTestObject("katalon demo/Page_CURA Healthcare Service/input_password"), password2): Text 'bbbbbbbb' is set on object 'Object Repository/katalon demo/Page_CURA Healthcare Service/input_password'

29-01-2024T23:51:59 - [MESSAGE][PASSED] - Text 'bbbbbbbb' is set on object 'Object Repository/katalon demo/Page_CURA Healthcare Service/input_password'

29-01-2024T23:51:59 - [TEST_STEP][PASSED] - click(findTestObject("katalon demo/Page_CURA Healthcare Service/button_Login")): Object: 'Object Repository/katalon demo/Page_CURA Healthcare Service/button_Login' is clicked on

29-01-2024T23:52:02 - [MESSAGE][PASSED] - Object: 'Object Repository/katalon demo/Page_CURA Healthcare Service/button_Login' is clicked on

29-01-2024T23:52:02 - [TEST_STEP][PASSED] - verifyTextPresent("Login failed!", false): Text 'Login failed!' is present on page 

29-01-2024T23:52:02 - [MESSAGE][PASSED] - Text 'Login failed!' is present on page 

29-01-2024T23:52:02 - [TEST_STEP][PASSED] - takeScreenshotAsCheckpoint("negatif 2 login katalon demo"): Taking screenshot successfully

29-01-2024T23:52:02 - [MESSAGE][INFO] - 0 hidden object(s)

29-01-2024T23:52:02 - [MESSAGE][PASSED] - Taking screenshot successfully
[[ATTACHMENT|keyes\keyes-negatif 2 login katalon demo.png]]]]></system-out>
         <system-err><![CDATA[]]></system-err>
      </testcase>
      <system-out><![CDATA[29-01-2024T23:50:02 - [TEST_SUITE][PASSED] - katalon demo: Test Cases/Katalon Demo/negatif login katalon demo]]></system-out>
      <system-err><![CDATA[]]></system-err>
   </testsuite>
   <testsuite name="katalon demo" tests="8" failures="0" errors="0" time="131.066" skipped="0" timestamp="29-01-2024T23:52:10" hostname="0517 - Pierrot" id="Test Suites/katalon demo">
      <properties>
         <property name="deviceName" value=""/>
         <property name="devicePlatform" value=""/>
         <property name="logFolder" value="C:\\Users\\0517\\Katalon Studio\\poc bni\\Reports\\20240129_231002\\katalon demo\\20240129_231154"/>
         <property name="logFiles" value="C:\\Users\\0517\\Katalon Studio\\poc bni\\Reports\\20240129_231002\\katalon demo\\20240129_231154\\execution0.log"/>
         <property name="attachments" value="keyes\keyes-login katalon demo.png, keyes\keyes-appointment katalon demo.png, keyes\keyes-appointment 1 katalon demo.png, keyes\keyes-appointment 2 katalon demo.png, keyes\keyes-history katalon demo.png, keyes\keyes-profile katalon demo.png, keyes\keyes-logout katalon demo.png, keyes\keyes-negatif 1 login katalon demo.png, keyes\keyes-negatif 2 login katalon demo.png"/>
         <property name="hostName" value="0517 - Pierrot"/>
         <property name="os" value="Windows 10 64bit"/>
         <property name="katalonVersion" value="9.2.0.212"/>
         <property name="browser" value="Chrome 121.0.0.0"/>
         <property name="hostAddress" value="192.168.96.2"/>
         <property name="sessionId" value="8e66ab379f366f659e7850272b21241a"/>
         <property name="seleniumVersion" value="3.141.59"/>
         <property name="proxyInformation" value="ProxyInformation { proxyOption=NO_PROXY, proxyServerType=HTTP, username=, password=********, proxyServerAddress=, proxyServerPort=0, executionList=&quot;&quot;, isApplyToDesiredCapabilities=true }"/>
         <property name="platform" value="Windows 10"/>
      </properties>
      <testcase name="Test Cases/Katalon Demo/login katalon demo" time="13.674" classname="Test Cases/Katalon Demo/login katalon demo" status="PASSED">
         <system-out><![CDATA[29-01-2024T23:52:10 - [TEST_CASE][PASSED] - Test Cases/Katalon Demo/login katalon demo: Test Cases/Katalon Demo/login katalon demo

29-01-2024T23:52:10 - [TEST_STEP][PASSED] - openBrowser(""): Browser is opened with url: ''

29-01-2024T23:52:11 - [MESSAGE][INFO] - Starting 'Chrome' driver

29-01-2024T23:52:11 - [MESSAGE][INFO] - Action delay is set to 0 milliseconds

29-01-2024T23:52:13 - [MESSAGE][PASSED] - Browser is opened with url: ''

29-01-2024T23:52:13 - [TEST_STEP][PASSED] - navigateToUrl("https://katalon-demo-cura.herokuapp.com/"): Navigate to 'https://katalon-demo-cura.herokuapp.com/' successfully

29-01-2024T23:52:19 - [MESSAGE][PASSED] - Navigate to 'https://katalon-demo-cura.herokuapp.com/' successfully

29-01-2024T23:52:19 - [TEST_STEP][PASSED] - click(findTestObject("Object Repository/katalon demo/Page_CURA Healthcare Service/amenu-toggle")): Object: 'Object Repository/katalon demo/Page_CURA Healthcare Service/amenu-toggle' is clicked on

29-01-2024T23:52:20 - [MESSAGE][PASSED] - Object: 'Object Repository/katalon demo/Page_CURA Healthcare Service/amenu-toggle' is clicked on

29-01-2024T23:52:20 - [TEST_STEP][PASSED] - click(findTestObject("Object Repository/katalon demo/Page_CURA Healthcare Service/a_Login")): Object: 'Object Repository/katalon demo/Page_CURA Healthcare Service/a_Login' is clicked on

29-01-2024T23:52:20 - [MESSAGE][PASSED] - Object: 'Object Repository/katalon demo/Page_CURA Healthcare Service/a_Login' is clicked on

29-01-2024T23:52:20 - [TEST_STEP][PASSED] - setText(findTestObject("Object Repository/katalon demo/Page_CURA Healthcare Service/input_username"), "John Doe"): Text 'John Doe' is set on object 'Object Repository/katalon demo/Page_CURA Healthcare Service/input_username'

29-01-2024T23:52:21 - [MESSAGE][PASSED] - Text 'John Doe' is set on object 'Object Repository/katalon demo/Page_CURA Healthcare Service/input_username'

29-01-2024T23:52:21 - [TEST_STEP][PASSED] - setEncryptedText(findTestObject("Object Repository/katalon demo/Page_CURA Healthcare Service/input_password"), "g3/DOGG74jC3Flrr3yH+3D/yKbOqqUNM"): Text ****** has been set on object 'Object Repository/katalon demo/Page_CURA Healthcare Service/input_password'

29-01-2024T23:52:22 - [MESSAGE][PASSED] - Text ****** has been set on object 'Object Repository/katalon demo/Page_CURA Healthcare Service/input_password'

29-01-2024T23:52:22 - [TEST_STEP][PASSED] - takeScreenshotAsCheckpoint("login katalon demo", STOP_ON_FAILURE): Taking screenshot successfully

29-01-2024T23:52:22 - [MESSAGE][INFO] - 0 hidden object(s)

29-01-2024T23:52:23 - [MESSAGE][PASSED] - Taking screenshot successfully
[[ATTACHMENT|keyes\keyes-login katalon demo.png]]

29-01-2024T23:52:23 - [TEST_STEP][PASSED] - click(findTestObject("Object Repository/katalon demo/Page_CURA Healthcare Service/button_Login")): Object: 'Object Repository/katalon demo/Page_CURA Healthcare Service/button_Login' is clicked on

29-01-2024T23:52:24 - [MESSAGE][PASSED] - Object: 'Object Repository/katalon demo/Page_CURA Healthcare Service/button_Login' is clicked on]]></system-out>
         <system-err><![CDATA[]]></system-err>
      </testcase>
      <testcase name="Test Cases/Katalon Demo/make appointment katalon demo" time="15.903" classname="Test Cases/Katalon Demo/make appointment katalon demo" status="PASSED">
         <system-out><![CDATA[29-01-2024T23:52:24 - [TEST_CASE][PASSED] - Test Cases/Katalon Demo/make appointment katalon demo: Test Cases/Katalon Demo/make appointment katalon demo

29-01-2024T23:52:24 - [TEST_STEP][PASSED] - selectOptionByValue(findTestObject("Object Repository/katalon demo/Page_CURA Healthcare Service/select_Tokyo"), "Hongkong CURA Healthcare Center", true): All options with value 'Hongkong CURA Healthcare Center' are selected in object 'Object Repository/katalon demo/Page_CURA Healthcare Service/select_Tokyo'  using regular expression

29-01-2024T23:52:25 - [MESSAGE][PASSED] - All options with value 'Hongkong CURA Healthcare Center' are selected in object 'Object Repository/katalon demo/Page_CURA Healthcare Service/select_Tokyo'  using regular expression

29-01-2024T23:52:25 - [TEST_STEP][PASSED] - click(findTestObject("Object Repository/katalon demo/Page_CURA Healthcare Service/label_Apply for hospital readmission")): Object: 'Object Repository/katalon demo/Page_CURA Healthcare Service/label_Apply for hospital readmission' is clicked on

29-01-2024T23:52:26 - [MESSAGE][PASSED] - Object: 'Object Repository/katalon demo/Page_CURA Healthcare Service/label_Apply for hospital readmission' is clicked on

29-01-2024T23:52:26 - [TEST_STEP][PASSED] - click(findTestObject("Object Repository/katalon demo/Page_CURA Healthcare Service/input_programs")): Object: 'Object Repository/katalon demo/Page_CURA Healthcare Service/input_programs' is clicked on

29-01-2024T23:52:26 - [MESSAGE][PASSED] - Object: 'Object Repository/katalon demo/Page_CURA Healthcare Service/input_programs' is clicked on

29-01-2024T23:52:26 - [TEST_STEP][PASSED] - click(findTestObject("Object Repository/katalon demo/Page_CURA Healthcare Service/span_glyphicon glyphicon-calendar")): Object: 'Object Repository/katalon demo/Page_CURA Healthcare Service/span_glyphicon glyphicon-calendar' is clicked on

29-01-2024T23:52:27 - [MESSAGE][PASSED] - Object: 'Object Repository/katalon demo/Page_CURA Healthcare Service/span_glyphicon glyphicon-calendar' is clicked on

29-01-2024T23:52:27 - [TEST_STEP][PASSED] - click(findTestObject("Object Repository/katalon demo/Page_CURA Healthcare Service/td_31")): Object: 'Object Repository/katalon demo/Page_CURA Healthcare Service/td_31' is clicked on

29-01-2024T23:52:27 - [MESSAGE][PASSED] - Object: 'Object Repository/katalon demo/Page_CURA Healthcare Service/td_31' is clicked on

29-01-2024T23:52:27 - [TEST_STEP][PASSED] - setText(findTestObject("Object Repository/katalon demo/Page_CURA Healthcare Service/textarea_comment"), "tes katalon demo"): Text 'tes katalon demo' is set on object 'Object Repository/katalon demo/Page_CURA Healthcare Service/textarea_comment'

29-01-2024T23:52:28 - [MESSAGE][PASSED] - Text 'tes katalon demo' is set on object 'Object Repository/katalon demo/Page_CURA Healthcare Service/textarea_comment'

29-01-2024T23:52:28 - [TEST_STEP][PASSED] - click(findTestObject("Object Repository/katalon demo/Page_CURA Healthcare Service/button_Book Appointment")): Object: 'Object Repository/katalon demo/Page_CURA Healthcare Service/button_Book Appointment' is clicked on

29-01-2024T23:52:38 - [MESSAGE][PASSED] - Object: 'Object Repository/katalon demo/Page_CURA Healthcare Service/button_Book Appointment' is clicked on

29-01-2024T23:52:38 - [TEST_STEP][PASSED] - verifyTextPresent("Appointment Confirmation", false): Text 'Appointment Confirmation' is present on page 

29-01-2024T23:52:38 - [MESSAGE][PASSED] - Text 'Appointment Confirmation' is present on page 

29-01-2024T23:52:38 - [TEST_STEP][PASSED] - takeScreenshotAsCheckpoint("appointment katalon demo"): Taking screenshot successfully

29-01-2024T23:52:38 - [MESSAGE][INFO] - 0 hidden object(s)

29-01-2024T23:52:38 - [MESSAGE][PASSED] - Taking screenshot successfully
[[ATTACHMENT|keyes\keyes-appointment katalon demo.png]]

29-01-2024T23:52:38 - [TEST_STEP][PASSED] - click(findTestObject("Object Repository/katalon demo/Page_CURA Healthcare Service/a_Go to Homepage")): Object: 'Object Repository/katalon demo/Page_CURA Healthcare Service/a_Go to Homepage' is clicked on

29-01-2024T23:52:40 - [MESSAGE][PASSED] - Object: 'Object Repository/katalon demo/Page_CURA Healthcare Service/a_Go to Homepage' is clicked on]]></system-out>
         <system-err><![CDATA[]]></system-err>
      </testcase>
      <testcase name="Test Cases/Katalon Demo/make appointment katalon demo 1" time="6.568" classname="Test Cases/Katalon Demo/make appointment katalon demo 1" status="PASSED">
         <system-out><![CDATA[29-01-2024T23:52:40 - [TEST_CASE][PASSED] - Test Cases/Katalon Demo/make appointment katalon demo 1: Test Cases/Katalon Demo/make appointment katalon demo 1

29-01-2024T23:52:40 - [TEST_STEP][PASSED] - selectOptionByValue(findTestObject("Object Repository/katalon demo/Page_CURA Healthcare Service/select_Tokyo"), "Seoul CURA Healthcare Center", true): All options with value 'Seoul CURA Healthcare Center' are selected in object 'Object Repository/katalon demo/Page_CURA Healthcare Service/select_Tokyo'  using regular expression

29-01-2024T23:52:41 - [MESSAGE][PASSED] - All options with value 'Seoul CURA Healthcare Center' are selected in object 'Object Repository/katalon demo/Page_CURA Healthcare Service/select_Tokyo'  using regular expression

29-01-2024T23:52:41 - [TEST_STEP][PASSED] - click(findTestObject("Object Repository/katalon demo/Page_CURA Healthcare Service/input_hospital_readmission")): Object: 'Object Repository/katalon demo/Page_CURA Healthcare Service/input_hospital_readmission' is clicked on

29-01-2024T23:52:41 - [MESSAGE][PASSED] - Object: 'Object Repository/katalon demo/Page_CURA Healthcare Service/input_hospital_readmission' is clicked on

29-01-2024T23:52:41 - [TEST_STEP][PASSED] - click(findTestObject("Object Repository/katalon demo/Page_CURA Healthcare Service/input_programs")): Object: 'Object Repository/katalon demo/Page_CURA Healthcare Service/input_programs' is clicked on

29-01-2024T23:52:42 - [MESSAGE][PASSED] - Object: 'Object Repository/katalon demo/Page_CURA Healthcare Service/input_programs' is clicked on

29-01-2024T23:52:42 - [TEST_STEP][PASSED] - click(findTestObject("Object Repository/katalon demo/Page_CURA Healthcare Service/span_glyphicon glyphicon-calendar")): Object: 'Object Repository/katalon demo/Page_CURA Healthcare Service/span_glyphicon glyphicon-calendar' is clicked on

29-01-2024T23:52:42 - [MESSAGE][PASSED] - Object: 'Object Repository/katalon demo/Page_CURA Healthcare Service/span_glyphicon glyphicon-calendar' is clicked on

29-01-2024T23:52:42 - [TEST_STEP][PASSED] - click(findTestObject("Object Repository/katalon demo/Page_CURA Healthcare Service/td_30")): Object: 'Object Repository/katalon demo/Page_CURA Healthcare Service/td_30' is clicked on

29-01-2024T23:52:43 - [MESSAGE][PASSED] - Object: 'Object Repository/katalon demo/Page_CURA Healthcare Service/td_30' is clicked on

29-01-2024T23:52:43 - [TEST_STEP][PASSED] - setText(findTestObject("Object Repository/katalon demo/Page_CURA Healthcare Service/textarea_comment"), "tes katalon"): Text 'tes katalon' is set on object 'Object Repository/katalon demo/Page_CURA Healthcare Service/textarea_comment'

29-01-2024T23:52:43 - [MESSAGE][PASSED] - Text 'tes katalon' is set on object 'Object Repository/katalon demo/Page_CURA Healthcare Service/textarea_comment'

29-01-2024T23:52:43 - [TEST_STEP][PASSED] - click(findTestObject("Object Repository/katalon demo/Page_CURA Healthcare Service/button_Book Appointment")): Object: 'Object Repository/katalon demo/Page_CURA Healthcare Service/button_Book Appointment' is clicked on

29-01-2024T23:52:44 - [MESSAGE][PASSED] - Object: 'Object Repository/katalon demo/Page_CURA Healthcare Service/button_Book Appointment' is clicked on

29-01-2024T23:52:44 - [TEST_STEP][PASSED] - verifyTextPresent("Appointment Confirmation", false): Text 'Appointment Confirmation' is present on page 

29-01-2024T23:52:45 - [MESSAGE][PASSED] - Text 'Appointment Confirmation' is present on page 

29-01-2024T23:52:45 - [TEST_STEP][PASSED] - takeScreenshotAsCheckpoint("appointment 1 katalon demo"): Taking screenshot successfully

29-01-2024T23:52:45 - [MESSAGE][INFO] - 0 hidden object(s)

29-01-2024T23:52:45 - [MESSAGE][PASSED] - Taking screenshot successfully
[[ATTACHMENT|keyes\keyes-appointment 1 katalon demo.png]]

29-01-2024T23:52:45 - [TEST_STEP][PASSED] - click(findTestObject("Object Repository/katalon demo/Page_CURA Healthcare Service/a_Go to Homepage")): Object: 'Object Repository/katalon demo/Page_CURA Healthcare Service/a_Go to Homepage' is clicked on

29-01-2024T23:52:46 - [MESSAGE][PASSED] - Object: 'Object Repository/katalon demo/Page_CURA Healthcare Service/a_Go to Homepage' is clicked on]]></system-out>
         <system-err><![CDATA[]]></system-err>
      </testcase>
      <testcase name="Test Cases/Katalon Demo/make appointment katalon demo 2" time="5.823" classname="Test Cases/Katalon Demo/make appointment katalon demo 2" status="PASSED">
         <system-out><![CDATA[29-01-2024T23:52:46 - [TEST_CASE][PASSED] - Test Cases/Katalon Demo/make appointment katalon demo 2: Test Cases/Katalon Demo/make appointment katalon demo 2

29-01-2024T23:52:46 - [TEST_STEP][PASSED] - click(findTestObject("Object Repository/katalon demo/Page_CURA Healthcare Service/label_Apply for hospital readmission")): Object: 'Object Repository/katalon demo/Page_CURA Healthcare Service/label_Apply for hospital readmission' is clicked on

29-01-2024T23:52:47 - [MESSAGE][PASSED] - Object: 'Object Repository/katalon demo/Page_CURA Healthcare Service/label_Apply for hospital readmission' is clicked on

29-01-2024T23:52:47 - [TEST_STEP][PASSED] - click(findTestObject("Object Repository/katalon demo/Page_CURA Healthcare Service/input_programs")): Object: 'Object Repository/katalon demo/Page_CURA Healthcare Service/input_programs' is clicked on

29-01-2024T23:52:47 - [MESSAGE][PASSED] - Object: 'Object Repository/katalon demo/Page_CURA Healthcare Service/input_programs' is clicked on

29-01-2024T23:52:47 - [TEST_STEP][PASSED] - click(findTestObject("Object Repository/katalon demo/Page_CURA Healthcare Service/input_visit_date")): Object: 'Object Repository/katalon demo/Page_CURA Healthcare Service/input_visit_date' is clicked on

29-01-2024T23:52:47 - [MESSAGE][PASSED] - Object: 'Object Repository/katalon demo/Page_CURA Healthcare Service/input_visit_date' is clicked on

29-01-2024T23:52:47 - [TEST_STEP][PASSED] - click(findTestObject("Object Repository/katalon demo/Page_CURA Healthcare Service/th_")): Object: 'Object Repository/katalon demo/Page_CURA Healthcare Service/th_' is clicked on

29-01-2024T23:52:48 - [MESSAGE][PASSED] - Object: 'Object Repository/katalon demo/Page_CURA Healthcare Service/th_' is clicked on

29-01-2024T23:52:48 - [TEST_STEP][PASSED] - click(findTestObject("Object Repository/katalon demo/Page_CURA Healthcare Service/td_28")): Object: 'Object Repository/katalon demo/Page_CURA Healthcare Service/td_28' is clicked on

29-01-2024T23:52:48 - [MESSAGE][PASSED] - Object: 'Object Repository/katalon demo/Page_CURA Healthcare Service/td_28' is clicked on

29-01-2024T23:52:48 - [TEST_STEP][PASSED] - setText(findTestObject("Object Repository/katalon demo/Page_CURA Healthcare Service/textarea_comment"), "tes katalon"): Text 'tes katalon' is set on object 'Object Repository/katalon demo/Page_CURA Healthcare Service/textarea_comment'

29-01-2024T23:52:49 - [MESSAGE][PASSED] - Text 'tes katalon' is set on object 'Object Repository/katalon demo/Page_CURA Healthcare Service/textarea_comment'

29-01-2024T23:52:49 - [TEST_STEP][PASSED] - click(findTestObject("Object Repository/katalon demo/Page_CURA Healthcare Service/button_Book Appointment")): Object: 'Object Repository/katalon demo/Page_CURA Healthcare Service/button_Book Appointment' is clicked on

29-01-2024T23:52:50 - [MESSAGE][PASSED] - Object: 'Object Repository/katalon demo/Page_CURA Healthcare Service/button_Book Appointment' is clicked on

29-01-2024T23:52:50 - [TEST_STEP][PASSED] - verifyTextPresent("Appointment Confirmation", false): Text 'Appointment Confirmation' is present on page 

29-01-2024T23:52:51 - [MESSAGE][PASSED] - Text 'Appointment Confirmation' is present on page 

29-01-2024T23:52:51 - [TEST_STEP][PASSED] - takeScreenshotAsCheckpoint("appointment 2 katalon demo"): Taking screenshot successfully

29-01-2024T23:52:51 - [MESSAGE][INFO] - 0 hidden object(s)

29-01-2024T23:52:51 - [MESSAGE][PASSED] - Taking screenshot successfully
[[ATTACHMENT|keyes\keyes-appointment 2 katalon demo.png]]

29-01-2024T23:52:51 - [TEST_STEP][PASSED] - click(findTestObject("Object Repository/katalon demo/Page_CURA Healthcare Service/a_Go to Homepage")): Object: 'Object Repository/katalon demo/Page_CURA Healthcare Service/a_Go to Homepage' is clicked on

29-01-2024T23:52:52 - [MESSAGE][PASSED] - Object: 'Object Repository/katalon demo/Page_CURA Healthcare Service/a_Go to Homepage' is clicked on]]></system-out>
         <system-err><![CDATA[]]></system-err>
      </testcase>
      <testcase name="Test Cases/Katalon Demo/history katalon demo" time="66.108" classname="Test Cases/Katalon Demo/history katalon demo" status="PASSED">
         <system-out><![CDATA[29-01-2024T23:52:52 - [TEST_CASE][PASSED] - Test Cases/Katalon Demo/history katalon demo: Test Cases/Katalon Demo/history katalon demo

29-01-2024T23:52:52 - [TEST_STEP][PASSED] - click(findTestObject("Object Repository/katalon demo/Page_CURA Healthcare Service/amenu-toggle")): Object: 'Object Repository/katalon demo/Page_CURA Healthcare Service/amenu-toggle' is clicked on

29-01-2024T23:52:52 - [MESSAGE][PASSED] - Object: 'Object Repository/katalon demo/Page_CURA Healthcare Service/amenu-toggle' is clicked on

29-01-2024T23:52:52 - [TEST_STEP][PASSED] - click(findTestObject("Object Repository/katalon demo/Page_CURA Healthcare Service/a_History")): Object: 'Object Repository/katalon demo/Page_CURA Healthcare Service/a_History' is clicked on

29-01-2024T23:52:54 - [MESSAGE][PASSED] - Object: 'Object Repository/katalon demo/Page_CURA Healthcare Service/a_History' is clicked on

29-01-2024T23:52:54 - [TEST_STEP][PASSED] - takeScreenshotAsCheckpoint("history katalon demo"): Taking screenshot successfully

29-01-2024T23:52:54 - [MESSAGE][INFO] - 0 hidden object(s)

29-01-2024T23:52:54 - [MESSAGE][PASSED] - Taking screenshot successfully
[[ATTACHMENT|keyes\keyes-history katalon demo.png]]

29-01-2024T23:52:54 - [TEST_STEP][PASSED] - scrollToElement(findTestObject("katalon demo/Page_CURA Healthcare Service/a_Go to Homepage"), 3): Scroll to object 'Object Repository/katalon demo/Page_CURA Healthcare Service/a_Go to Homepage' successfully

29-01-2024T23:53:25 - [MESSAGE][INFO] - Unable to find the element located by 'By.xpath: //section[@id='summary']/div/div/div[7]/p/a'. Please recheck the objects properties to make sure the desired element is located. 

29-01-2024T23:53:25 - [MESSAGE][WARNING] - [SELF-HEALING] Failed to find element with id 'Object Repository/katalon demo/Page_CURA Healthcare Service/a_Go to Homepage'. Try using Self-healing.

29-01-2024T23:53:26 - [MESSAGE][WARNING] - [SELF-HEALING] The current locator of test object 'Object Repository/katalon demo/Page_CURA Healthcare Service/a_Go to Homepage' was broken. Propose an alternative one: '//a[contains(text(),'Go to Homepage')]'.

29-01-2024T23:53:26 - [MESSAGE][PASSED] - Scroll to object 'Object Repository/katalon demo/Page_CURA Healthcare Service/a_Go to Homepage' successfully

29-01-2024T23:53:26 - [TEST_STEP][PASSED] - click(findTestObject("Object Repository/katalon demo/Page_CURA Healthcare Service/a_Go to Homepage")): Object: 'Object Repository/katalon demo/Page_CURA Healthcare Service/a_Go to Homepage' is clicked on

29-01-2024T23:53:57 - [MESSAGE][INFO] - Unable to find the element located by 'By.xpath: //section[@id='summary']/div/div/div[7]/p/a'. Please recheck the objects properties to make sure the desired element is located. 

29-01-2024T23:53:57 - [MESSAGE][WARNING] - [SELF-HEALING] Failed to find element with id 'Object Repository/katalon demo/Page_CURA Healthcare Service/a_Go to Homepage'. Try using Self-healing.

29-01-2024T23:53:57 - [MESSAGE][WARNING] - [SELF-HEALING] The current locator of test object 'Object Repository/katalon demo/Page_CURA Healthcare Service/a_Go to Homepage' was broken. Propose an alternative one: '//a[contains(text(),'Go to Homepage')]'.

29-01-2024T23:53:58 - [MESSAGE][PASSED] - Object: 'Object Repository/katalon demo/Page_CURA Healthcare Service/a_Go to Homepage' is clicked on]]></system-out>
         <system-err><![CDATA[]]></system-err>
      </testcase>
      <testcase name="Test Cases/Katalon Demo/profile katalon demo" time="3.106" classname="Test Cases/Katalon Demo/profile katalon demo" status="PASSED">
         <system-out><![CDATA[29-01-2024T23:53:58 - [TEST_CASE][PASSED] - Test Cases/Katalon Demo/profile katalon demo: Test Cases/Katalon Demo/profile katalon demo

29-01-2024T23:53:58 - [TEST_STEP][PASSED] - click(findTestObject("Object Repository/katalon demo/Page_CURA Healthcare Service/i_fa fa-bars")): Object: 'Object Repository/katalon demo/Page_CURA Healthcare Service/i_fa fa-bars' is clicked on

29-01-2024T23:53:59 - [MESSAGE][PASSED] - Object: 'Object Repository/katalon demo/Page_CURA Healthcare Service/i_fa fa-bars' is clicked on

29-01-2024T23:53:59 - [TEST_STEP][PASSED] - click(findTestObject("Object Repository/katalon demo/Page_CURA Healthcare Service/a_Profile")): Object: 'Object Repository/katalon demo/Page_CURA Healthcare Service/a_Profile' is clicked on

29-01-2024T23:53:59 - [MESSAGE][PASSED] - Object: 'Object Repository/katalon demo/Page_CURA Healthcare Service/a_Profile' is clicked on

29-01-2024T23:53:59 - [TEST_STEP][PASSED] - takeScreenshotAsCheckpoint("profile katalon demo"): Taking screenshot successfully

29-01-2024T23:54:00 - [MESSAGE][INFO] - 0 hidden object(s)

29-01-2024T23:54:00 - [MESSAGE][PASSED] - Taking screenshot successfully
[[ATTACHMENT|keyes\keyes-profile katalon demo.png]]

29-01-2024T23:54:00 - [TEST_STEP][PASSED] - click(findTestObject("Object Repository/katalon demo/Page_CURA Healthcare Service/i_fa fa-bars")): Object: 'Object Repository/katalon demo/Page_CURA Healthcare Service/i_fa fa-bars' is clicked on

29-01-2024T23:54:00 - [MESSAGE][PASSED] - Object: 'Object Repository/katalon demo/Page_CURA Healthcare Service/i_fa fa-bars' is clicked on

29-01-2024T23:54:00 - [TEST_STEP][PASSED] - click(findTestObject("Object Repository/katalon demo/Page_CURA Healthcare Service/a_Home")): Object: 'Object Repository/katalon demo/Page_CURA Healthcare Service/a_Home' is clicked on

29-01-2024T23:54:01 - [MESSAGE][PASSED] - Object: 'Object Repository/katalon demo/Page_CURA Healthcare Service/a_Home' is clicked on]]></system-out>
         <system-err><![CDATA[]]></system-err>
      </testcase>
      <testcase name="Test Cases/Katalon Demo/logout katalon demo" time="2.66" classname="Test Cases/Katalon Demo/logout katalon demo" status="PASSED">
         <system-out><![CDATA[29-01-2024T23:54:01 - [TEST_CASE][PASSED] - Test Cases/Katalon Demo/logout katalon demo: Test Cases/Katalon Demo/logout katalon demo

29-01-2024T23:54:01 - [TEST_STEP][PASSED] - click(findTestObject("Object Repository/katalon demo/Page_CURA Healthcare Service/i_fa fa-bars")): Object: 'Object Repository/katalon demo/Page_CURA Healthcare Service/i_fa fa-bars' is clicked on

29-01-2024T23:54:02 - [MESSAGE][PASSED] - Object: 'Object Repository/katalon demo/Page_CURA Healthcare Service/i_fa fa-bars' is clicked on

29-01-2024T23:54:02 - [TEST_STEP][PASSED] - takeScreenshotAsCheckpoint("logout katalon demo"): Taking screenshot successfully

29-01-2024T23:54:03 - [MESSAGE][INFO] - 0 hidden object(s)

29-01-2024T23:54:03 - [MESSAGE][PASSED] - Taking screenshot successfully
[[ATTACHMENT|keyes\keyes-logout katalon demo.png]]

29-01-2024T23:54:03 - [TEST_STEP][PASSED] - click(findTestObject("Object Repository/katalon demo/Page_CURA Healthcare Service/a_Logout")): Object: 'Object Repository/katalon demo/Page_CURA Healthcare Service/a_Logout' is clicked on

29-01-2024T23:54:04 - [MESSAGE][PASSED] - Object: 'Object Repository/katalon demo/Page_CURA Healthcare Service/a_Logout' is clicked on

29-01-2024T23:54:04 - [TEST_STEP][PASSED] - closeBrowser(): Browser is closed

29-01-2024T23:54:04 - [MESSAGE][PASSED] - Browser is closed]]></system-out>
         <system-err><![CDATA[]]></system-err>
      </testcase>
      <testcase name="Test Cases/Katalon Demo/negatif login katalon demo" time="16.901" classname="Test Cases/Katalon Demo/negatif login katalon demo" status="PASSED">
         <system-out><![CDATA[29-01-2024T23:54:04 - [TEST_CASE][PASSED] - Test Cases/Katalon Demo/negatif login katalon demo: Test Cases/Katalon Demo/negatif login katalon demo

29-01-2024T23:54:04 - [TEST_STEP][PASSED] - openBrowser(""): Browser is opened with url: ''

29-01-2024T23:54:04 - [MESSAGE][INFO] - Starting 'Chrome' driver

29-01-2024T23:54:04 - [MESSAGE][INFO] - Action delay is set to 0 milliseconds

29-01-2024T23:54:05 - [MESSAGE][PASSED] - Browser is opened with url: ''

29-01-2024T23:54:05 - [TEST_STEP][PASSED] - navigateToUrl("https://katalon-demo-cura.herokuapp.com/"): Navigate to 'https://katalon-demo-cura.herokuapp.com/' successfully

29-01-2024T23:54:09 - [MESSAGE][PASSED] - Navigate to 'https://katalon-demo-cura.herokuapp.com/' successfully

29-01-2024T23:54:09 - [TEST_STEP][PASSED] - click(findTestObject("Object Repository/katalon demo/Page_CURA Healthcare Service/amenu-toggle")): Object: 'Object Repository/katalon demo/Page_CURA Healthcare Service/amenu-toggle' is clicked on

29-01-2024T23:54:10 - [MESSAGE][PASSED] - Object: 'Object Repository/katalon demo/Page_CURA Healthcare Service/amenu-toggle' is clicked on

29-01-2024T23:54:10 - [TEST_STEP][PASSED] - click(findTestObject("Object Repository/katalon demo/Page_CURA Healthcare Service/a_Login")): Object: 'Object Repository/katalon demo/Page_CURA Healthcare Service/a_Login' is clicked on

29-01-2024T23:54:10 - [MESSAGE][PASSED] - Object: 'Object Repository/katalon demo/Page_CURA Healthcare Service/a_Login' is clicked on

29-01-2024T23:54:10 - [TEST_STEP][PASSED] - setText(findTestObject("Object Repository/katalon demo/Page_CURA Healthcare Service/input_username"), username1): Text 'aaaaa' is set on object 'Object Repository/katalon demo/Page_CURA Healthcare Service/input_username'

29-01-2024T23:54:11 - [MESSAGE][PASSED] - Text 'aaaaa' is set on object 'Object Repository/katalon demo/Page_CURA Healthcare Service/input_username'

29-01-2024T23:54:11 - [TEST_STEP][PASSED] - setText(findTestObject("Object Repository/katalon demo/Page_CURA Healthcare Service/input_password"), password1): Text 'aaaaaaaa' is set on object 'Object Repository/katalon demo/Page_CURA Healthcare Service/input_password'

29-01-2024T23:54:12 - [MESSAGE][PASSED] - Text 'aaaaaaaa' is set on object 'Object Repository/katalon demo/Page_CURA Healthcare Service/input_password'

29-01-2024T23:54:12 - [TEST_STEP][PASSED] - click(findTestObject("katalon demo/Page_CURA Healthcare Service/button_Login")): Object: 'Object Repository/katalon demo/Page_CURA Healthcare Service/button_Login' is clicked on

29-01-2024T23:54:13 - [MESSAGE][PASSED] - Object: 'Object Repository/katalon demo/Page_CURA Healthcare Service/button_Login' is clicked on

29-01-2024T23:54:13 - [TEST_STEP][PASSED] - verifyTextPresent("Login failed!", false): Text 'Login failed!' is present on page 

29-01-2024T23:54:13 - [MESSAGE][PASSED] - Text 'Login failed!' is present on page 

29-01-2024T23:54:13 - [TEST_STEP][PASSED] - takeScreenshotAsCheckpoint("negatif 1 login katalon demo"): Taking screenshot successfully

29-01-2024T23:54:14 - [MESSAGE][INFO] - 0 hidden object(s)

29-01-2024T23:54:14 - [MESSAGE][PASSED] - Taking screenshot successfully
[[ATTACHMENT|keyes\keyes-negatif 1 login katalon demo.png]]

29-01-2024T23:54:14 - [TEST_STEP][PASSED] - click(findTestObject("Object Repository/katalon demo/Page_CURA Healthcare Service/button_Login")): Object: 'Object Repository/katalon demo/Page_CURA Healthcare Service/button_Login' is clicked on

29-01-2024T23:54:15 - [MESSAGE][PASSED] - Object: 'Object Repository/katalon demo/Page_CURA Healthcare Service/button_Login' is clicked on

29-01-2024T23:54:15 - [TEST_STEP][PASSED] - setText(findTestObject("katalon demo/Page_CURA Healthcare Service/input_username"), username2): Text 'bbbbb' is set on object 'Object Repository/katalon demo/Page_CURA Healthcare Service/input_username'

29-01-2024T23:54:15 - [MESSAGE][PASSED] - Text 'bbbbb' is set on object 'Object Repository/katalon demo/Page_CURA Healthcare Service/input_username'

29-01-2024T23:54:15 - [TEST_STEP][PASSED] - setText(findTestObject("katalon demo/Page_CURA Healthcare Service/input_password"), password2): Text 'bbbbbbbb' is set on object 'Object Repository/katalon demo/Page_CURA Healthcare Service/input_password'

29-01-2024T23:54:16 - [MESSAGE][PASSED] - Text 'bbbbbbbb' is set on object 'Object Repository/katalon demo/Page_CURA Healthcare Service/input_password'

29-01-2024T23:54:16 - [TEST_STEP][PASSED] - click(findTestObject("katalon demo/Page_CURA Healthcare Service/button_Login")): Object: 'Object Repository/katalon demo/Page_CURA Healthcare Service/button_Login' is clicked on

29-01-2024T23:54:20 - [MESSAGE][PASSED] - Object: 'Object Repository/katalon demo/Page_CURA Healthcare Service/button_Login' is clicked on

29-01-2024T23:54:20 - [TEST_STEP][PASSED] - verifyTextPresent("Login failed!", false): Text 'Login failed!' is present on page 

29-01-2024T23:54:20 - [MESSAGE][PASSED] - Text 'Login failed!' is present on page 

29-01-2024T23:54:20 - [TEST_STEP][PASSED] - takeScreenshotAsCheckpoint("negatif 2 login katalon demo"): Taking screenshot successfully

29-01-2024T23:54:21 - [MESSAGE][INFO] - 0 hidden object(s)

29-01-2024T23:54:21 - [MESSAGE][PASSED] - Taking screenshot successfully
[[ATTACHMENT|keyes\keyes-negatif 2 login katalon demo.png]]]]></system-out>
         <system-err><![CDATA[]]></system-err>
      </testcase>
      <system-out><![CDATA[29-01-2024T23:52:10 - [TEST_SUITE][PASSED] - katalon demo: Test Cases/Katalon Demo/negatif login katalon demo]]></system-out>
      <system-err><![CDATA[]]></system-err>
   </testsuite>
   <testsuite name="katalon demo" tests="8" failures="0" errors="0" time="123.642" skipped="0" timestamp="29-01-2024T23:54:28" hostname="0517 - Pierrot" id="Test Suites/katalon demo">
      <properties>
         <property name="deviceName" value=""/>
         <property name="devicePlatform" value=""/>
         <property name="logFolder" value="C:\\Users\\0517\\Katalon Studio\\poc bni\\Reports\\20240129_231002\\katalon demo\\20240129_231200"/>
         <property name="logFiles" value="C:\\Users\\0517\\Katalon Studio\\poc bni\\Reports\\20240129_231002\\katalon demo\\20240129_231200\\execution0.log"/>
         <property name="attachments" value="keyes\keyes-login katalon demo.png, keyes\keyes-appointment katalon demo.png, keyes\keyes-appointment 1 katalon demo.png, keyes\keyes-appointment 2 katalon demo.png, keyes\keyes-history katalon demo.png, keyes\keyes-profile katalon demo.png, keyes\keyes-logout katalon demo.png, keyes\keyes-negatif 1 login katalon demo.png, keyes\keyes-negatif 2 login katalon demo.png"/>
         <property name="hostName" value="0517 - Pierrot"/>
         <property name="os" value="Windows 10 64bit"/>
         <property name="katalonVersion" value="9.2.0.212"/>
         <property name="browser" value="Chrome 121.0.0.0"/>
         <property name="hostAddress" value="192.168.96.2"/>
         <property name="sessionId" value="8b15f0b6c15d79d1655b732c286c3688"/>
         <property name="seleniumVersion" value="3.141.59"/>
         <property name="proxyInformation" value="ProxyInformation { proxyOption=NO_PROXY, proxyServerType=HTTP, username=, password=********, proxyServerAddress=, proxyServerPort=0, executionList=&quot;&quot;, isApplyToDesiredCapabilities=true }"/>
         <property name="platform" value="Windows 10"/>
      </properties>
      <testcase name="Test Cases/Katalon Demo/login katalon demo" time="11.173" classname="Test Cases/Katalon Demo/login katalon demo" status="PASSED">
         <system-out><![CDATA[29-01-2024T23:54:28 - [TEST_CASE][PASSED] - Test Cases/Katalon Demo/login katalon demo: Test Cases/Katalon Demo/login katalon demo

29-01-2024T23:54:29 - [TEST_STEP][PASSED] - openBrowser(""): Browser is opened with url: ''

29-01-2024T23:54:29 - [MESSAGE][INFO] - Starting 'Chrome' driver

29-01-2024T23:54:29 - [MESSAGE][INFO] - Action delay is set to 0 milliseconds

29-01-2024T23:54:31 - [MESSAGE][PASSED] - Browser is opened with url: ''

29-01-2024T23:54:31 - [TEST_STEP][PASSED] - navigateToUrl("https://katalon-demo-cura.herokuapp.com/"): Navigate to 'https://katalon-demo-cura.herokuapp.com/' successfully

29-01-2024T23:54:35 - [MESSAGE][PASSED] - Navigate to 'https://katalon-demo-cura.herokuapp.com/' successfully

29-01-2024T23:54:35 - [TEST_STEP][PASSED] - click(findTestObject("Object Repository/katalon demo/Page_CURA Healthcare Service/amenu-toggle")): Object: 'Object Repository/katalon demo/Page_CURA Healthcare Service/amenu-toggle' is clicked on

29-01-2024T23:54:35 - [MESSAGE][PASSED] - Object: 'Object Repository/katalon demo/Page_CURA Healthcare Service/amenu-toggle' is clicked on

29-01-2024T23:54:35 - [TEST_STEP][PASSED] - click(findTestObject("Object Repository/katalon demo/Page_CURA Healthcare Service/a_Login")): Object: 'Object Repository/katalon demo/Page_CURA Healthcare Service/a_Login' is clicked on

29-01-2024T23:54:36 - [MESSAGE][PASSED] - Object: 'Object Repository/katalon demo/Page_CURA Healthcare Service/a_Login' is clicked on

29-01-2024T23:54:36 - [TEST_STEP][PASSED] - setText(findTestObject("Object Repository/katalon demo/Page_CURA Healthcare Service/input_username"), "John Doe"): Text 'John Doe' is set on object 'Object Repository/katalon demo/Page_CURA Healthcare Service/input_username'

29-01-2024T23:54:37 - [MESSAGE][PASSED] - Text 'John Doe' is set on object 'Object Repository/katalon demo/Page_CURA Healthcare Service/input_username'

29-01-2024T23:54:37 - [TEST_STEP][PASSED] - setEncryptedText(findTestObject("Object Repository/katalon demo/Page_CURA Healthcare Service/input_password"), "g3/DOGG74jC3Flrr3yH+3D/yKbOqqUNM"): Text ****** has been set on object 'Object Repository/katalon demo/Page_CURA Healthcare Service/input_password'

29-01-2024T23:54:38 - [MESSAGE][PASSED] - Text ****** has been set on object 'Object Repository/katalon demo/Page_CURA Healthcare Service/input_password'

29-01-2024T23:54:38 - [TEST_STEP][PASSED] - takeScreenshotAsCheckpoint("login katalon demo", STOP_ON_FAILURE): Taking screenshot successfully

29-01-2024T23:54:38 - [MESSAGE][INFO] - 0 hidden object(s)

29-01-2024T23:54:38 - [MESSAGE][PASSED] - Taking screenshot successfully
[[ATTACHMENT|keyes\keyes-login katalon demo.png]]

29-01-2024T23:54:38 - [TEST_STEP][PASSED] - click(findTestObject("Object Repository/katalon demo/Page_CURA Healthcare Service/button_Login")): Object: 'Object Repository/katalon demo/Page_CURA Healthcare Service/button_Login' is clicked on

29-01-2024T23:54:39 - [MESSAGE][PASSED] - Object: 'Object Repository/katalon demo/Page_CURA Healthcare Service/button_Login' is clicked on]]></system-out>
         <system-err><![CDATA[]]></system-err>
      </testcase>
      <testcase name="Test Cases/Katalon Demo/make appointment katalon demo" time="10.773" classname="Test Cases/Katalon Demo/make appointment katalon demo" status="PASSED">
         <system-out><![CDATA[29-01-2024T23:54:39 - [TEST_CASE][PASSED] - Test Cases/Katalon Demo/make appointment katalon demo: Test Cases/Katalon Demo/make appointment katalon demo

29-01-2024T23:54:40 - [TEST_STEP][PASSED] - selectOptionByValue(findTestObject("Object Repository/katalon demo/Page_CURA Healthcare Service/select_Tokyo"), "Hongkong CURA Healthcare Center", true): All options with value 'Hongkong CURA Healthcare Center' are selected in object 'Object Repository/katalon demo/Page_CURA Healthcare Service/select_Tokyo'  using regular expression

29-01-2024T23:54:41 - [MESSAGE][PASSED] - All options with value 'Hongkong CURA Healthcare Center' are selected in object 'Object Repository/katalon demo/Page_CURA Healthcare Service/select_Tokyo'  using regular expression

29-01-2024T23:54:41 - [TEST_STEP][PASSED] - click(findTestObject("Object Repository/katalon demo/Page_CURA Healthcare Service/label_Apply for hospital readmission")): Object: 'Object Repository/katalon demo/Page_CURA Healthcare Service/label_Apply for hospital readmission' is clicked on

29-01-2024T23:54:41 - [MESSAGE][PASSED] - Object: 'Object Repository/katalon demo/Page_CURA Healthcare Service/label_Apply for hospital readmission' is clicked on

29-01-2024T23:54:41 - [TEST_STEP][PASSED] - click(findTestObject("Object Repository/katalon demo/Page_CURA Healthcare Service/input_programs")): Object: 'Object Repository/katalon demo/Page_CURA Healthcare Service/input_programs' is clicked on

29-01-2024T23:54:41 - [MESSAGE][PASSED] - Object: 'Object Repository/katalon demo/Page_CURA Healthcare Service/input_programs' is clicked on

29-01-2024T23:54:41 - [TEST_STEP][PASSED] - click(findTestObject("Object Repository/katalon demo/Page_CURA Healthcare Service/span_glyphicon glyphicon-calendar")): Object: 'Object Repository/katalon demo/Page_CURA Healthcare Service/span_glyphicon glyphicon-calendar' is clicked on

29-01-2024T23:54:42 - [MESSAGE][PASSED] - Object: 'Object Repository/katalon demo/Page_CURA Healthcare Service/span_glyphicon glyphicon-calendar' is clicked on

29-01-2024T23:54:42 - [TEST_STEP][PASSED] - click(findTestObject("Object Repository/katalon demo/Page_CURA Healthcare Service/td_31")): Object: 'Object Repository/katalon demo/Page_CURA Healthcare Service/td_31' is clicked on

29-01-2024T23:54:42 - [MESSAGE][PASSED] - Object: 'Object Repository/katalon demo/Page_CURA Healthcare Service/td_31' is clicked on

29-01-2024T23:54:42 - [TEST_STEP][PASSED] - setText(findTestObject("Object Repository/katalon demo/Page_CURA Healthcare Service/textarea_comment"), "tes katalon demo"): Text 'tes katalon demo' is set on object 'Object Repository/katalon demo/Page_CURA Healthcare Service/textarea_comment'

29-01-2024T23:54:43 - [MESSAGE][PASSED] - Text 'tes katalon demo' is set on object 'Object Repository/katalon demo/Page_CURA Healthcare Service/textarea_comment'

29-01-2024T23:54:43 - [TEST_STEP][PASSED] - click(findTestObject("Object Repository/katalon demo/Page_CURA Healthcare Service/button_Book Appointment")): Object: 'Object Repository/katalon demo/Page_CURA Healthcare Service/button_Book Appointment' is clicked on

29-01-2024T23:54:48 - [MESSAGE][PASSED] - Object: 'Object Repository/katalon demo/Page_CURA Healthcare Service/button_Book Appointment' is clicked on

29-01-2024T23:54:48 - [TEST_STEP][PASSED] - verifyTextPresent("Appointment Confirmation", false): Text 'Appointment Confirmation' is present on page 

29-01-2024T23:54:48 - [MESSAGE][PASSED] - Text 'Appointment Confirmation' is present on page 

29-01-2024T23:54:48 - [TEST_STEP][PASSED] - takeScreenshotAsCheckpoint("appointment katalon demo"): Taking screenshot successfully

29-01-2024T23:54:49 - [MESSAGE][INFO] - 0 hidden object(s)

29-01-2024T23:54:49 - [MESSAGE][PASSED] - Taking screenshot successfully
[[ATTACHMENT|keyes\keyes-appointment katalon demo.png]]

29-01-2024T23:54:49 - [TEST_STEP][PASSED] - click(findTestObject("Object Repository/katalon demo/Page_CURA Healthcare Service/a_Go to Homepage")): Object: 'Object Repository/katalon demo/Page_CURA Healthcare Service/a_Go to Homepage' is clicked on

29-01-2024T23:54:50 - [MESSAGE][PASSED] - Object: 'Object Repository/katalon demo/Page_CURA Healthcare Service/a_Go to Homepage' is clicked on]]></system-out>
         <system-err><![CDATA[]]></system-err>
      </testcase>
      <testcase name="Test Cases/Katalon Demo/make appointment katalon demo 1" time="6.102" classname="Test Cases/Katalon Demo/make appointment katalon demo 1" status="PASSED">
         <system-out><![CDATA[29-01-2024T23:54:50 - [TEST_CASE][PASSED] - Test Cases/Katalon Demo/make appointment katalon demo 1: Test Cases/Katalon Demo/make appointment katalon demo 1

29-01-2024T23:54:50 - [TEST_STEP][PASSED] - selectOptionByValue(findTestObject("Object Repository/katalon demo/Page_CURA Healthcare Service/select_Tokyo"), "Seoul CURA Healthcare Center", true): All options with value 'Seoul CURA Healthcare Center' are selected in object 'Object Repository/katalon demo/Page_CURA Healthcare Service/select_Tokyo'  using regular expression

29-01-2024T23:54:51 - [MESSAGE][PASSED] - All options with value 'Seoul CURA Healthcare Center' are selected in object 'Object Repository/katalon demo/Page_CURA Healthcare Service/select_Tokyo'  using regular expression

29-01-2024T23:54:51 - [TEST_STEP][PASSED] - click(findTestObject("Object Repository/katalon demo/Page_CURA Healthcare Service/input_hospital_readmission")): Object: 'Object Repository/katalon demo/Page_CURA Healthcare Service/input_hospital_readmission' is clicked on

29-01-2024T23:54:52 - [MESSAGE][PASSED] - Object: 'Object Repository/katalon demo/Page_CURA Healthcare Service/input_hospital_readmission' is clicked on

29-01-2024T23:54:52 - [TEST_STEP][PASSED] - click(findTestObject("Object Repository/katalon demo/Page_CURA Healthcare Service/input_programs")): Object: 'Object Repository/katalon demo/Page_CURA Healthcare Service/input_programs' is clicked on

29-01-2024T23:54:52 - [MESSAGE][PASSED] - Object: 'Object Repository/katalon demo/Page_CURA Healthcare Service/input_programs' is clicked on

29-01-2024T23:54:52 - [TEST_STEP][PASSED] - click(findTestObject("Object Repository/katalon demo/Page_CURA Healthcare Service/span_glyphicon glyphicon-calendar")): Object: 'Object Repository/katalon demo/Page_CURA Healthcare Service/span_glyphicon glyphicon-calendar' is clicked on

29-01-2024T23:54:52 - [MESSAGE][PASSED] - Object: 'Object Repository/katalon demo/Page_CURA Healthcare Service/span_glyphicon glyphicon-calendar' is clicked on

29-01-2024T23:54:52 - [TEST_STEP][PASSED] - click(findTestObject("Object Repository/katalon demo/Page_CURA Healthcare Service/td_30")): Object: 'Object Repository/katalon demo/Page_CURA Healthcare Service/td_30' is clicked on

29-01-2024T23:54:53 - [MESSAGE][PASSED] - Object: 'Object Repository/katalon demo/Page_CURA Healthcare Service/td_30' is clicked on

29-01-2024T23:54:53 - [TEST_STEP][PASSED] - setText(findTestObject("Object Repository/katalon demo/Page_CURA Healthcare Service/textarea_comment"), "tes katalon"): Text 'tes katalon' is set on object 'Object Repository/katalon demo/Page_CURA Healthcare Service/textarea_comment'

29-01-2024T23:54:54 - [MESSAGE][PASSED] - Text 'tes katalon' is set on object 'Object Repository/katalon demo/Page_CURA Healthcare Service/textarea_comment'

29-01-2024T23:54:54 - [TEST_STEP][PASSED] - click(findTestObject("Object Repository/katalon demo/Page_CURA Healthcare Service/button_Book Appointment")): Object: 'Object Repository/katalon demo/Page_CURA Healthcare Service/button_Book Appointment' is clicked on

29-01-2024T23:54:55 - [MESSAGE][PASSED] - Object: 'Object Repository/katalon demo/Page_CURA Healthcare Service/button_Book Appointment' is clicked on

29-01-2024T23:54:55 - [TEST_STEP][PASSED] - verifyTextPresent("Appointment Confirmation", false): Text 'Appointment Confirmation' is present on page 

29-01-2024T23:54:55 - [MESSAGE][PASSED] - Text 'Appointment Confirmation' is present on page 

29-01-2024T23:54:55 - [TEST_STEP][PASSED] - takeScreenshotAsCheckpoint("appointment 1 katalon demo"): Taking screenshot successfully

29-01-2024T23:54:55 - [MESSAGE][INFO] - 0 hidden object(s)

29-01-2024T23:54:55 - [MESSAGE][PASSED] - Taking screenshot successfully
[[ATTACHMENT|keyes\keyes-appointment 1 katalon demo.png]]

29-01-2024T23:54:55 - [TEST_STEP][PASSED] - click(findTestObject("Object Repository/katalon demo/Page_CURA Healthcare Service/a_Go to Homepage")): Object: 'Object Repository/katalon demo/Page_CURA Healthcare Service/a_Go to Homepage' is clicked on

29-01-2024T23:54:56 - [MESSAGE][PASSED] - Object: 'Object Repository/katalon demo/Page_CURA Healthcare Service/a_Go to Homepage' is clicked on]]></system-out>
         <system-err><![CDATA[]]></system-err>
      </testcase>
      <testcase name="Test Cases/Katalon Demo/make appointment katalon demo 2" time="5.228" classname="Test Cases/Katalon Demo/make appointment katalon demo 2" status="PASSED">
         <system-out><![CDATA[29-01-2024T23:54:56 - [TEST_CASE][PASSED] - Test Cases/Katalon Demo/make appointment katalon demo 2: Test Cases/Katalon Demo/make appointment katalon demo 2

29-01-2024T23:54:56 - [TEST_STEP][PASSED] - click(findTestObject("Object Repository/katalon demo/Page_CURA Healthcare Service/label_Apply for hospital readmission")): Object: 'Object Repository/katalon demo/Page_CURA Healthcare Service/label_Apply for hospital readmission' is clicked on

29-01-2024T23:54:57 - [MESSAGE][PASSED] - Object: 'Object Repository/katalon demo/Page_CURA Healthcare Service/label_Apply for hospital readmission' is clicked on

29-01-2024T23:54:57 - [TEST_STEP][PASSED] - click(findTestObject("Object Repository/katalon demo/Page_CURA Healthcare Service/input_programs")): Object: 'Object Repository/katalon demo/Page_CURA Healthcare Service/input_programs' is clicked on

29-01-2024T23:54:57 - [MESSAGE][PASSED] - Object: 'Object Repository/katalon demo/Page_CURA Healthcare Service/input_programs' is clicked on

29-01-2024T23:54:57 - [TEST_STEP][PASSED] - click(findTestObject("Object Repository/katalon demo/Page_CURA Healthcare Service/input_visit_date")): Object: 'Object Repository/katalon demo/Page_CURA Healthcare Service/input_visit_date' is clicked on

29-01-2024T23:54:57 - [MESSAGE][PASSED] - Object: 'Object Repository/katalon demo/Page_CURA Healthcare Service/input_visit_date' is clicked on

29-01-2024T23:54:57 - [TEST_STEP][PASSED] - click(findTestObject("Object Repository/katalon demo/Page_CURA Healthcare Service/th_")): Object: 'Object Repository/katalon demo/Page_CURA Healthcare Service/th_' is clicked on

29-01-2024T23:54:58 - [MESSAGE][PASSED] - Object: 'Object Repository/katalon demo/Page_CURA Healthcare Service/th_' is clicked on

29-01-2024T23:54:58 - [TEST_STEP][PASSED] - click(findTestObject("Object Repository/katalon demo/Page_CURA Healthcare Service/td_28")): Object: 'Object Repository/katalon demo/Page_CURA Healthcare Service/td_28' is clicked on

29-01-2024T23:54:58 - [MESSAGE][PASSED] - Object: 'Object Repository/katalon demo/Page_CURA Healthcare Service/td_28' is clicked on

29-01-2024T23:54:58 - [TEST_STEP][PASSED] - setText(findTestObject("Object Repository/katalon demo/Page_CURA Healthcare Service/textarea_comment"), "tes katalon"): Text 'tes katalon' is set on object 'Object Repository/katalon demo/Page_CURA Healthcare Service/textarea_comment'

29-01-2024T23:54:59 - [MESSAGE][PASSED] - Text 'tes katalon' is set on object 'Object Repository/katalon demo/Page_CURA Healthcare Service/textarea_comment'

29-01-2024T23:54:59 - [TEST_STEP][PASSED] - click(findTestObject("Object Repository/katalon demo/Page_CURA Healthcare Service/button_Book Appointment")): Object: 'Object Repository/katalon demo/Page_CURA Healthcare Service/button_Book Appointment' is clicked on

29-01-2024T23:55:00 - [MESSAGE][PASSED] - Object: 'Object Repository/katalon demo/Page_CURA Healthcare Service/button_Book Appointment' is clicked on

29-01-2024T23:55:00 - [TEST_STEP][PASSED] - verifyTextPresent("Appointment Confirmation", false): Text 'Appointment Confirmation' is present on page 

29-01-2024T23:55:00 - [MESSAGE][PASSED] - Text 'Appointment Confirmation' is present on page 

29-01-2024T23:55:00 - [TEST_STEP][PASSED] - takeScreenshotAsCheckpoint("appointment 2 katalon demo"): Taking screenshot successfully

29-01-2024T23:55:01 - [MESSAGE][INFO] - 0 hidden object(s)

29-01-2024T23:55:01 - [MESSAGE][PASSED] - Taking screenshot successfully
[[ATTACHMENT|keyes\keyes-appointment 2 katalon demo.png]]

29-01-2024T23:55:01 - [TEST_STEP][PASSED] - click(findTestObject("Object Repository/katalon demo/Page_CURA Healthcare Service/a_Go to Homepage")): Object: 'Object Repository/katalon demo/Page_CURA Healthcare Service/a_Go to Homepage' is clicked on

29-01-2024T23:55:01 - [MESSAGE][PASSED] - Object: 'Object Repository/katalon demo/Page_CURA Healthcare Service/a_Go to Homepage' is clicked on]]></system-out>
         <system-err><![CDATA[]]></system-err>
      </testcase>
      <testcase name="Test Cases/Katalon Demo/history katalon demo" time="66.203" classname="Test Cases/Katalon Demo/history katalon demo" status="PASSED">
         <system-out><![CDATA[29-01-2024T23:55:01 - [TEST_CASE][PASSED] - Test Cases/Katalon Demo/history katalon demo: Test Cases/Katalon Demo/history katalon demo

29-01-2024T23:55:02 - [TEST_STEP][PASSED] - click(findTestObject("Object Repository/katalon demo/Page_CURA Healthcare Service/amenu-toggle")): Object: 'Object Repository/katalon demo/Page_CURA Healthcare Service/amenu-toggle' is clicked on

29-01-2024T23:55:02 - [MESSAGE][PASSED] - Object: 'Object Repository/katalon demo/Page_CURA Healthcare Service/amenu-toggle' is clicked on

29-01-2024T23:55:02 - [TEST_STEP][PASSED] - click(findTestObject("Object Repository/katalon demo/Page_CURA Healthcare Service/a_History")): Object: 'Object Repository/katalon demo/Page_CURA Healthcare Service/a_History' is clicked on

29-01-2024T23:55:03 - [MESSAGE][PASSED] - Object: 'Object Repository/katalon demo/Page_CURA Healthcare Service/a_History' is clicked on

29-01-2024T23:55:03 - [TEST_STEP][PASSED] - takeScreenshotAsCheckpoint("history katalon demo"): Taking screenshot successfully

29-01-2024T23:55:03 - [MESSAGE][INFO] - 0 hidden object(s)

29-01-2024T23:55:04 - [MESSAGE][PASSED] - Taking screenshot successfully
[[ATTACHMENT|keyes\keyes-history katalon demo.png]]

29-01-2024T23:55:04 - [TEST_STEP][PASSED] - scrollToElement(findTestObject("katalon demo/Page_CURA Healthcare Service/a_Go to Homepage"), 3): Scroll to object 'Object Repository/katalon demo/Page_CURA Healthcare Service/a_Go to Homepage' successfully

29-01-2024T23:55:35 - [MESSAGE][INFO] - Unable to find the element located by 'By.xpath: //section[@id='summary']/div/div/div[7]/p/a'. Please recheck the objects properties to make sure the desired element is located. 

29-01-2024T23:55:35 - [MESSAGE][WARNING] - [SELF-HEALING] Failed to find element with id 'Object Repository/katalon demo/Page_CURA Healthcare Service/a_Go to Homepage'. Try using Self-healing.

29-01-2024T23:55:35 - [MESSAGE][WARNING] - [SELF-HEALING] The current locator of test object 'Object Repository/katalon demo/Page_CURA Healthcare Service/a_Go to Homepage' was broken. Propose an alternative one: '//a[contains(text(),'Go to Homepage')]'.

29-01-2024T23:55:35 - [MESSAGE][PASSED] - Scroll to object 'Object Repository/katalon demo/Page_CURA Healthcare Service/a_Go to Homepage' successfully

29-01-2024T23:55:35 - [TEST_STEP][PASSED] - click(findTestObject("Object Repository/katalon demo/Page_CURA Healthcare Service/a_Go to Homepage")): Object: 'Object Repository/katalon demo/Page_CURA Healthcare Service/a_Go to Homepage' is clicked on

29-01-2024T23:56:06 - [MESSAGE][INFO] - Unable to find the element located by 'By.xpath: //section[@id='summary']/div/div/div[7]/p/a'. Please recheck the objects properties to make sure the desired element is located. 

29-01-2024T23:56:06 - [MESSAGE][WARNING] - [SELF-HEALING] Failed to find element with id 'Object Repository/katalon demo/Page_CURA Healthcare Service/a_Go to Homepage'. Try using Self-healing.

29-01-2024T23:56:07 - [MESSAGE][WARNING] - [SELF-HEALING] The current locator of test object 'Object Repository/katalon demo/Page_CURA Healthcare Service/a_Go to Homepage' was broken. Propose an alternative one: '//a[contains(text(),'Go to Homepage')]'.

29-01-2024T23:56:08 - [MESSAGE][PASSED] - Object: 'Object Repository/katalon demo/Page_CURA Healthcare Service/a_Go to Homepage' is clicked on]]></system-out>
         <system-err><![CDATA[]]></system-err>
      </testcase>
      <testcase name="Test Cases/Katalon Demo/profile katalon demo" time="3.15" classname="Test Cases/Katalon Demo/profile katalon demo" status="PASSED">
         <system-out><![CDATA[29-01-2024T23:56:08 - [TEST_CASE][PASSED] - Test Cases/Katalon Demo/profile katalon demo: Test Cases/Katalon Demo/profile katalon demo

29-01-2024T23:56:08 - [TEST_STEP][PASSED] - click(findTestObject("Object Repository/katalon demo/Page_CURA Healthcare Service/i_fa fa-bars")): Object: 'Object Repository/katalon demo/Page_CURA Healthcare Service/i_fa fa-bars' is clicked on

29-01-2024T23:56:08 - [MESSAGE][PASSED] - Object: 'Object Repository/katalon demo/Page_CURA Healthcare Service/i_fa fa-bars' is clicked on

29-01-2024T23:56:08 - [TEST_STEP][PASSED] - click(findTestObject("Object Repository/katalon demo/Page_CURA Healthcare Service/a_Profile")): Object: 'Object Repository/katalon demo/Page_CURA Healthcare Service/a_Profile' is clicked on

29-01-2024T23:56:09 - [MESSAGE][PASSED] - Object: 'Object Repository/katalon demo/Page_CURA Healthcare Service/a_Profile' is clicked on

29-01-2024T23:56:09 - [TEST_STEP][PASSED] - takeScreenshotAsCheckpoint("profile katalon demo"): Taking screenshot successfully

29-01-2024T23:56:10 - [MESSAGE][INFO] - 0 hidden object(s)

29-01-2024T23:56:10 - [MESSAGE][PASSED] - Taking screenshot successfully
[[ATTACHMENT|keyes\keyes-profile katalon demo.png]]

29-01-2024T23:56:10 - [TEST_STEP][PASSED] - click(findTestObject("Object Repository/katalon demo/Page_CURA Healthcare Service/i_fa fa-bars")): Object: 'Object Repository/katalon demo/Page_CURA Healthcare Service/i_fa fa-bars' is clicked on

29-01-2024T23:56:10 - [MESSAGE][PASSED] - Object: 'Object Repository/katalon demo/Page_CURA Healthcare Service/i_fa fa-bars' is clicked on

29-01-2024T23:56:10 - [TEST_STEP][PASSED] - click(findTestObject("Object Repository/katalon demo/Page_CURA Healthcare Service/a_Home")): Object: 'Object Repository/katalon demo/Page_CURA Healthcare Service/a_Home' is clicked on

29-01-2024T23:56:11 - [MESSAGE][PASSED] - Object: 'Object Repository/katalon demo/Page_CURA Healthcare Service/a_Home' is clicked on]]></system-out>
         <system-err><![CDATA[]]></system-err>
      </testcase>
      <testcase name="Test Cases/Katalon Demo/logout katalon demo" time="2.653" classname="Test Cases/Katalon Demo/logout katalon demo" status="PASSED">
         <system-out><![CDATA[29-01-2024T23:56:11 - [TEST_CASE][PASSED] - Test Cases/Katalon Demo/logout katalon demo: Test Cases/Katalon Demo/logout katalon demo

29-01-2024T23:56:11 - [TEST_STEP][PASSED] - click(findTestObject("Object Repository/katalon demo/Page_CURA Healthcare Service/i_fa fa-bars")): Object: 'Object Repository/katalon demo/Page_CURA Healthcare Service/i_fa fa-bars' is clicked on

29-01-2024T23:56:11 - [MESSAGE][PASSED] - Object: 'Object Repository/katalon demo/Page_CURA Healthcare Service/i_fa fa-bars' is clicked on

29-01-2024T23:56:11 - [TEST_STEP][PASSED] - takeScreenshotAsCheckpoint("logout katalon demo"): Taking screenshot successfully

29-01-2024T23:56:12 - [MESSAGE][INFO] - 0 hidden object(s)

29-01-2024T23:56:12 - [MESSAGE][PASSED] - Taking screenshot successfully
[[ATTACHMENT|keyes\keyes-logout katalon demo.png]]

29-01-2024T23:56:12 - [TEST_STEP][PASSED] - click(findTestObject("Object Repository/katalon demo/Page_CURA Healthcare Service/a_Logout")): Object: 'Object Repository/katalon demo/Page_CURA Healthcare Service/a_Logout' is clicked on

29-01-2024T23:56:13 - [MESSAGE][PASSED] - Object: 'Object Repository/katalon demo/Page_CURA Healthcare Service/a_Logout' is clicked on

29-01-2024T23:56:13 - [TEST_STEP][PASSED] - closeBrowser(): Browser is closed

29-01-2024T23:56:13 - [MESSAGE][PASSED] - Browser is closed]]></system-out>
         <system-err><![CDATA[]]></system-err>
      </testcase>
      <testcase name="Test Cases/Katalon Demo/negatif login katalon demo" time="18.037" classname="Test Cases/Katalon Demo/negatif login katalon demo" status="PASSED">
         <system-out><![CDATA[29-01-2024T23:56:13 - [TEST_CASE][PASSED] - Test Cases/Katalon Demo/negatif login katalon demo: Test Cases/Katalon Demo/negatif login katalon demo

29-01-2024T23:56:14 - [TEST_STEP][PASSED] - openBrowser(""): Browser is opened with url: ''

29-01-2024T23:56:14 - [MESSAGE][INFO] - Starting 'Chrome' driver

29-01-2024T23:56:14 - [MESSAGE][INFO] - Action delay is set to 0 milliseconds

29-01-2024T23:56:15 - [MESSAGE][PASSED] - Browser is opened with url: ''

29-01-2024T23:56:15 - [TEST_STEP][PASSED] - navigateToUrl("https://katalon-demo-cura.herokuapp.com/"): Navigate to 'https://katalon-demo-cura.herokuapp.com/' successfully

29-01-2024T23:56:21 - [MESSAGE][PASSED] - Navigate to 'https://katalon-demo-cura.herokuapp.com/' successfully

29-01-2024T23:56:21 - [TEST_STEP][PASSED] - click(findTestObject("Object Repository/katalon demo/Page_CURA Healthcare Service/amenu-toggle")): Object: 'Object Repository/katalon demo/Page_CURA Healthcare Service/amenu-toggle' is clicked on

29-01-2024T23:56:21 - [MESSAGE][PASSED] - Object: 'Object Repository/katalon demo/Page_CURA Healthcare Service/amenu-toggle' is clicked on

29-01-2024T23:56:21 - [TEST_STEP][PASSED] - click(findTestObject("Object Repository/katalon demo/Page_CURA Healthcare Service/a_Login")): Object: 'Object Repository/katalon demo/Page_CURA Healthcare Service/a_Login' is clicked on

29-01-2024T23:56:22 - [MESSAGE][PASSED] - Object: 'Object Repository/katalon demo/Page_CURA Healthcare Service/a_Login' is clicked on

29-01-2024T23:56:22 - [TEST_STEP][PASSED] - setText(findTestObject("Object Repository/katalon demo/Page_CURA Healthcare Service/input_username"), username1): Text 'aaaaa' is set on object 'Object Repository/katalon demo/Page_CURA Healthcare Service/input_username'

29-01-2024T23:56:23 - [MESSAGE][PASSED] - Text 'aaaaa' is set on object 'Object Repository/katalon demo/Page_CURA Healthcare Service/input_username'

29-01-2024T23:56:23 - [TEST_STEP][PASSED] - setText(findTestObject("Object Repository/katalon demo/Page_CURA Healthcare Service/input_password"), password1): Text 'aaaaaaaa' is set on object 'Object Repository/katalon demo/Page_CURA Healthcare Service/input_password'

29-01-2024T23:56:23 - [MESSAGE][PASSED] - Text 'aaaaaaaa' is set on object 'Object Repository/katalon demo/Page_CURA Healthcare Service/input_password'

29-01-2024T23:56:23 - [TEST_STEP][PASSED] - click(findTestObject("katalon demo/Page_CURA Healthcare Service/button_Login")): Object: 'Object Repository/katalon demo/Page_CURA Healthcare Service/button_Login' is clicked on

29-01-2024T23:56:24 - [MESSAGE][PASSED] - Object: 'Object Repository/katalon demo/Page_CURA Healthcare Service/button_Login' is clicked on

29-01-2024T23:56:24 - [TEST_STEP][PASSED] - verifyTextPresent("Login failed!", false): Text 'Login failed!' is present on page 

29-01-2024T23:56:25 - [MESSAGE][PASSED] - Text 'Login failed!' is present on page 

29-01-2024T23:56:25 - [TEST_STEP][PASSED] - takeScreenshotAsCheckpoint("negatif 1 login katalon demo"): Taking screenshot successfully

29-01-2024T23:56:25 - [MESSAGE][INFO] - 0 hidden object(s)

29-01-2024T23:56:25 - [MESSAGE][PASSED] - Taking screenshot successfully
[[ATTACHMENT|keyes\keyes-negatif 1 login katalon demo.png]]

29-01-2024T23:56:25 - [TEST_STEP][PASSED] - click(findTestObject("Object Repository/katalon demo/Page_CURA Healthcare Service/button_Login")): Object: 'Object Repository/katalon demo/Page_CURA Healthcare Service/button_Login' is clicked on

29-01-2024T23:56:26 - [MESSAGE][PASSED] - Object: 'Object Repository/katalon demo/Page_CURA Healthcare Service/button_Login' is clicked on

29-01-2024T23:56:26 - [TEST_STEP][PASSED] - setText(findTestObject("katalon demo/Page_CURA Healthcare Service/input_username"), username2): Text 'bbbbb' is set on object 'Object Repository/katalon demo/Page_CURA Healthcare Service/input_username'

29-01-2024T23:56:27 - [MESSAGE][PASSED] - Text 'bbbbb' is set on object 'Object Repository/katalon demo/Page_CURA Healthcare Service/input_username'

29-01-2024T23:56:27 - [TEST_STEP][PASSED] - setText(findTestObject("katalon demo/Page_CURA Healthcare Service/input_password"), password2): Text 'bbbbbbbb' is set on object 'Object Repository/katalon demo/Page_CURA Healthcare Service/input_password'

29-01-2024T23:56:28 - [MESSAGE][PASSED] - Text 'bbbbbbbb' is set on object 'Object Repository/katalon demo/Page_CURA Healthcare Service/input_password'

29-01-2024T23:56:28 - [TEST_STEP][PASSED] - click(findTestObject("katalon demo/Page_CURA Healthcare Service/button_Login")): Object: 'Object Repository/katalon demo/Page_CURA Healthcare Service/button_Login' is clicked on

29-01-2024T23:56:31 - [MESSAGE][PASSED] - Object: 'Object Repository/katalon demo/Page_CURA Healthcare Service/button_Login' is clicked on

29-01-2024T23:56:31 - [TEST_STEP][PASSED] - verifyTextPresent("Login failed!", false): Text 'Login failed!' is present on page 

29-01-2024T23:56:31 - [MESSAGE][PASSED] - Text 'Login failed!' is present on page 

29-01-2024T23:56:31 - [TEST_STEP][PASSED] - takeScreenshotAsCheckpoint("negatif 2 login katalon demo"): Taking screenshot successfully

29-01-2024T23:56:31 - [MESSAGE][INFO] - 0 hidden object(s)

29-01-2024T23:56:31 - [MESSAGE][PASSED] - Taking screenshot successfully
[[ATTACHMENT|keyes\keyes-negatif 2 login katalon demo.png]]]]></system-out>
         <system-err><![CDATA[]]></system-err>
      </testcase>
      <system-out><![CDATA[29-01-2024T23:54:28 - [TEST_SUITE][PASSED] - katalon demo: Test Cases/Katalon Demo/negatif login katalon demo]]></system-out>
      <system-err><![CDATA[]]></system-err>
   </testsuite>
</testsuites>
